0.0008721351623535156,3897898
0.004374027252197266,3851370
0.02897810935974121,3824544
0.029862165451049805,3670655
0.03337216377258301,3663376
0.03388214111328125,3001807
0.036479949951171875,2933243
0.04782509803771973,2919419
0.04892611503601074,2902068
0.051081180572509766,2789757
0.0532991886138916,2685450
0.0549471378326416,2633818
0.05777311325073242,2496074
0.06021285057067871,2351645
0.07085299491882324,2227109
0.07931303977966309,2189506
0.08682417869567871,2176863
0.08763408660888672,2104560
0.09365320205688477,2083250
0.1267690658569336,2081115
0.17664599418640137,2042058
1.1224539279937744,2040747
1.140714168548584,2020002
1.1832640171051025,2003763
