0.0010259151458740234,3897898
0.007483720779418945,3851370
0.03920578956604004,3824544
0.04003787040710449,3670655
0.043283939361572266,3663376
0.04369091987609863,3001807
0.046312808990478516,2933243
0.05975174903869629,2919419
0.06134176254272461,2902068
0.0635218620300293,2789757
0.06562495231628418,2685450
0.06731390953063965,2633818
0.07111692428588867,2496074
0.07564377784729004,2351645
0.08644771575927734,2227109
0.0954287052154541,2189506
0.10143685340881348,2176863
0.10241389274597168,2104560
0.11046886444091797,2083250
0.14395475387573242,2081115
0.19453001022338867,2042058
2.607808828353882,2003763
