0.001148223876953125,3897898
0.006317138671875,3851370
0.027395009994506836,3824544
0.02831101417541504,3670655
0.03136706352233887,3663376
0.0317690372467041,3001807
0.033529043197631836,2933243
0.04497504234313965,2919419
0.045803070068359375,2902068
0.04739809036254883,2789757
0.04942512512207031,2685450
0.05107712745666504,2633818
0.05378007888793945,2496074
0.05650925636291504,2351645
0.06563806533813477,2227109
0.07304024696350098,2189506
0.07825517654418945,2176863
0.07906198501586914,2104560
0.08384299278259277,2083250
0.11093497276306152,2081115
0.15341424942016602,2042058
3.4754550457000732,2034414
4.256361246109009,2023779
9.370337963104248,2016322
13.641545057296753,2003763
