0.001154184341430664,3897898
0.0067462921142578125,3851370
0.025620222091674805,3824544
0.026465177536010742,3670655
0.02966928482055664,3663376
0.030100345611572266,3001807
0.031815290451049805,2933243
0.044660329818725586,2919419
0.04555630683898926,2902068
0.047883033752441406,2789757
0.05024218559265137,2685450
0.05195212364196777,2633818
0.054586172103881836,2496074
0.05712413787841797,2351645
0.0670771598815918,2227109
0.07588624954223633,2189506
0.08399510383605957,2176863
0.08484506607055664,2104560
0.09003210067749023,2083250
0.11905407905578613,2081115
0.16307830810546875,2042058
2.853849172592163,2040965
2.9376742839813232,2034414
5.226186990737915,2003763
