0.011000871658325195,4925583
0.013000965118408203,4745360
0.03400230407714844,4702087
0.03400230407714844,4524236
0.03800225257873535,4521864
0.03800225257873535,4344013
0.05700349807739258,4337956
0.05700349807739258,4335497
0.05700349807739258,4323080
0.05700349807739258,4145229
0.13600802421569824,4040581
0.35802125930786133,3968250
0.40702390670776367,3903954
0.43802571296691895,3869176
0.4410262107849121,3769466
0.783045768737793,3713352
1.1600697040557861,3691549
1.9194684028625488,3673550
2.387420654296875,3615097
2.8938589096069336,3560385
5.544959306716919,3531119
9.570801734924316,3512070
26.55345320701599,3444796
144.9192168712616,3415787
171.91634225845337,3370418
182.2326376438141,3303070
182.73056983947754,3262820
231.1281042098999,3212346
280.62196683883667,3173699
440.0240888595581,3152696
474.0920042991638,3129167
580.3215386867523,3106652
