0.2520146369934082,2508361
0.2740159034729004,2424992
0.2740159034729004,2377273
0.2740159034729004,2368216
0.2740159034729004,2367005
0.3970482349395752,2343973
0.4110386371612549,2318607
0.4110386371612549,2252586
0.4110386371612549,2245598
0.4120218753814697,2184739
0.5390565395355225,2161398
0.5390565395355225,2161176
0.5940597057342529,2099862
0.609060525894165,2099258
0.659064531326294,2094941
0.6600644588470459,2077848
0.6640653610229492,2058468
0.7290692329406738,2040747
0.7300693988800049,2024508
0.9460790157318115,2003763
