0.0011730194091796875,3897898
0.00675201416015625,3851370
0.03836488723754883,3824544
0.03924202919006348,3670655
0.04452681541442871,3663376
0.04545307159423828,3001807
0.049601078033447266,2933243
0.07154488563537598,2919419
0.07382988929748535,2902068
0.07769393920898438,2789757
0.0823061466217041,2685450
0.08647775650024414,2633818
0.08964085578918457,2496074
0.09586191177368164,2351645
0.11300992965698242,2227109
0.12627315521240234,2189506
0.1371479034423828,2176863
0.13880705833435059,2104560
0.14998984336853027,2083250
0.2151927947998047,2081115
0.287672758102417,2042058
0.82499098777771,2003763
