0.0006289482116699219,3897898
0.0037550926208496094,3851370
0.021584272384643555,3824544
0.022564172744750977,3670655
0.025837182998657227,3663376
0.02626514434814453,3001807
0.02882099151611328,2933243
0.04123115539550781,2919419
0.04235219955444336,2902068
0.044396162033081055,2789757
0.04666399955749512,2685450
0.04834723472595215,2633818
0.050948143005371094,2496074
0.0538630485534668,2351645
0.0635378360748291,2227109
0.07104992866516113,2189506
0.07700204849243164,2176863
0.07785701751708984,2104560
0.08302903175354004,2083250
0.11187505722045898,2081115
0.1554110050201416,2042058
2.8600521087646484,2003763
