0.0010378360748291016,3897898
0.007324934005737305,3851370
0.027251005172729492,3824544
0.028779029846191406,3670655
0.03181910514831543,3663376
0.032251834869384766,3001807
0.03410005569458008,2933243
0.04642987251281738,2919419
0.047319889068603516,2902068
0.04932999610900879,2789757
0.05152273178100586,2685450
0.053312063217163086,2633818
0.05605888366699219,2496074
0.058814048767089844,2351645
0.06832003593444824,2227109
0.07594799995422363,2189506
0.08196091651916504,2176863
0.08282089233398438,2104560
0.08851194381713867,2083250
0.11930489540100098,2081115
0.1686840057373047,2042058
2.072183132171631,2039906
2.113097906112671,2030676
6.5309460163116455,2003763
