0.0006799697875976562,3897898
0.005201816558837891,3851370
0.03034806251525879,3824544
0.031241893768310547,3670655
0.0351560115814209,3663376
0.035907745361328125,3001807
0.03888583183288574,2933243
0.0526127815246582,2919419
0.05405688285827637,2902068
0.055780887603759766,2789757
0.0587620735168457,2685450
0.06110692024230957,2633818
0.06365585327148438,2496074
0.06715607643127441,2351645
0.0775308609008789,2227109
0.08591890335083008,2189506
0.09302186965942383,2176863
0.09387969970703125,2104560
0.09986090660095215,2083250
0.13298678398132324,2081115
0.18273687362670898,2042058
2.036702871322632,2003763
