0.0015578269958496094,3897898
0.0076351165771484375,3851370
0.04179191589355469,3824544
0.043801069259643555,3670655
0.0502161979675293,3663376
0.05135917663574219,3001807
0.05537700653076172,2933243
0.08149003982543945,2919419
0.08241915702819824,2902068
0.08494305610656738,2789757
0.08954620361328125,2685450
0.09357714653015137,2633818
0.09965300559997559,2496074
0.1055910587310791,2351645
0.12003111839294434,2227109
0.13688898086547852,2189506
0.14861106872558594,2176863
0.14949488639831543,2104560
0.15517902374267578,2083250
0.213637113571167,2081115
0.28002023696899414,2042058
8.564920902252197,2034195
8.742968082427979,2023779
28.964092016220093,2003763
