0.0005488395690917969,3897898
0.004322052001953125,3851370
0.022928953170776367,3824544
0.024246931076049805,3670655
0.02880382537841797,3663376
0.0291750431060791,3001807
0.030852794647216797,2933243
0.04384207725524902,2919419
0.04459691047668457,2902068
0.0462498664855957,2789757
0.048390865325927734,2685450
0.04992985725402832,2633818
0.05310392379760742,2496074
0.05573678016662598,2351645
0.06416988372802734,2227109
0.07161092758178711,2189506
0.07708287239074707,2176863
0.07783198356628418,2104560
0.08252072334289551,2083250
0.11029505729675293,2081115
0.1515028476715088,2042058
2.322680711746216,2039669
2.3992676734924316,2016322
34.54558491706848,2003763
