0.0029489994049072266,25924
0.01053309440612793,25546
0.03505516052246094,25314
0.03660893440246582,25241
0.0517430305480957,25148
0.0535120964050293,25077
0.05604910850524902,25042
0.06210207939147949,25026
0.06470298767089844,24794
0.07166099548339844,24176
0.10848212242126465,23715
0.3230772018432617,23656
0.3253190517425537,23173
0.4409031867980957,22958
0.44826698303222656,22476
0.5065901279449463,22053
0.5098140239715576,21266
0.5120859146118164,21122
0.5133049488067627,20961
0.5213801860809326,20755
0.5238492488861084,20663
0.5485081672668457,20454
0.5496611595153809,19983
0.5587692260742188,19931
0.611591100692749,19905
0.6127400398254395,19841
0.6162221431732178,19679
0.6174390316009521,18465
0.6533191204071045,18328
0.6586029529571533,18273
0.8770489692687988,17988
1.2434039115905762,17939
1.2445900440216064,17873
1.280961036682129,17843
1.2834100723266602,17512
1.3839201927185059,17422
1.3863871097564697,17408
1.390768051147461,17366
1.3931210041046143,16738
1.5330841541290283,16726
1.5348179340362549,16409
1.539419174194336,16380
1.553596019744873,16339
1.5770668983459473,16319
1.59419584274292,16291
1.596616268157959,16237
1.6119341850280762,16012
1.626223087310791,15970
1.6801750659942627,15920
1.6870801448822021,15709
1.6976561546325684,15417
1.7126121520996094,15293
1.7176129817962646,15212
1.7596690654754639,15140
1.7670419216156006,15107
1.7709412574768066,15090
1.7844841480255127,15058
1.8367631435394287,14992
1.8506240844726562,14445
1.8631939888000488,14376
1.869452953338623,14314
1.8706040382385254,14257
1.8791861534118652,14234
1.8964688777923584,14132
1.9022860527038574,14011
1.9194300174713135,13910
1.986558198928833,13682
2.0209929943084717,13521
2.0234029293060303,13325
2.0265588760375977,13255
2.0316240787506104,12200
2.0865390300750732,12045
2.093653917312622,11827
2.0985960960388184,11571
2.1090481281280518,11340
2.1341731548309326,10986
2.181929111480713,10809
2.2001309394836426,10630
2.22337007522583,10452
2.2286791801452637,10386
2.231154203414917,10246
2.445089101791382,10109
2.8109328746795654,10030
2.8924269676208496,10022
2.893578052520752,9802
3.2999520301818848,9788
3.4646079540252686,9645
3.5369720458984375,9315
3.675189971923828,9154
4.210204124450684,9149
4.401201009750366,9136
4.478825092315674,9131
4.482363224029541,9120
4.484714031219482,9034
4.48947811126709,8946
4.497648000717163,8780
4.62221097946167,8776
4.713248014450073,8759
6.895630121231079,8751
19.77135705947876,8743
19.774895191192627,8685
19.78386616706848,8682
19.790289163589478,8385
