1.494091510772705,9241
1.5080907344818115,9239
1.5080907344818115,9127
1.5190913677215576,9119
1.5250921249389648,9057
1.5260920524597168,8962
1.5280921459197998,8944
1.5300929546356201,8848
1.552093267440796,8678
1.558093547821045,8628
1.6641170978546143,8590
1.6651017665863037,8490
1.6671173572540283,8377
1.6681170463562012,8312
1.8711388111114502,8300
1.8781394958496094,8278
1.9171411991119385,8276
1.9261395931243896,8248
1.9301400184631348,8232
1.947141408920288,8186
1.9891440868377686,8157
1.9931464195251465,8152
2.0761513710021973,8070
2.0801494121551514,8024
2.2831616401672363,7997
2.3111636638641357,7908
2.3231639862060547,7893
2.3231639862060547,7870
2.36616587638855,7863
2.3921642303466797,7835
2.393167734146118,7826
2.4331722259521484,7811
3.0961835384368896,7800
4.279252529144287,7782
4.282252788543701,7772
4.515266180038452,7763
4.546269416809082,7762
4.5502684116363525,7752
5.498323917388916,7746
5.850342273712158,7745
