1.3500959873199463,9075
1.4411022663116455,9006
1.4411022663116455,9002
1.4911127090454102,8921
1.6211228370666504,8919
1.623121738433838,8716
1.6341221332550049,8626
1.6341221332550049,8584
1.637122392654419,8550
1.638122797012329,8500
1.7261276245117188,8436
1.727128028869629,8377
1.7451293468475342,8346
1.7661304473876953,8333
1.7671313285827637,8314
1.7711293697357178,8278
1.7731013298034668,8168
2.090149164199829,8144
2.096149206161499,8112
2.102149486541748,8084
2.1111502647399902,8033
2.1231515407562256,7988
2.1341519355773926,7946
2.1351516246795654,7909
2.2221570014953613,7907
2.289159059524536,7905
2.3191609382629395,7896
2.520174503326416,7885
2.5211737155914307,7868
2.5321738719940186,7832
2.5691754817962646,7831
2.5961766242980957,7823
3.6292386054992676,7815
3.7252447605133057,7808
3.7712459564208984,7797
