0.002000093460083008,9744
1.9968671798706055,9743
2.0012388229370117,9720
2.0012388229370117,9706
2.0012388229370117,9684
2.0012388229370117,9074
2.2746784687042236,9044
2.2746784687042236,8981
2.2746784687042236,8979
2.2746784687042236,8887
2.2746784687042236,8885
2.2903215885162354,8866
2.2903215885162354,8838
2.2903215885162354,8835
2.2903215885162354,8831
2.2903215885162354,8802
2.361344814300537,8779
2.5551352500915527,8632
2.5681514739990234,8628
2.5681514739990234,8615
2.5711541175842285,8612
2.5801541805267334,8604
2.588582992553711,8587
2.588582992553711,8477
2.588582992553711,8412
2.588582992553711,8392
2.588582992553711,8347
2.588582992553711,8330
2.588582992553711,8279
3.154811143875122,8272
3.170436143875122,8253
3.170436143875122,8249
3.5972821712493896,8226
3.5972821712493896,8173
3.600282669067383,8153
3.6042826175689697,8081
3.6042826175689697,8010
3.69181227684021,7993
3.957411766052246,7960
3.9730372428894043,7934
3.988662004470825,7741
4.162101745605469,7722
4.461880207061768,7719
4.464266300201416,7671
4.464266300201416,7670
4.584742307662964,7664
4.66347599029541,7654
4.679129123687744,7619
4.679129123687744,7616
4.679129123687744,7615
4.702906131744385,7613
4.745407819747925,7610
5.213716506958008,7590
5.250147819519043,7578
5.265790224075317,7577
5.8510706424713135,7576
6.003743648529053,7553
6.397985458374023,7543
6.6576597690582275,7542
10.932402610778809,7542
