0.01500082015991211,9151
0.01500082015991211,9091
1.382080316543579,9059
1.3900811672210693,9044
1.3910810947418213,9004
1.3910810947418213,8867
1.3930814266204834,8864
1.3940811157226562,8821
1.3950810432434082,8768
1.60809326171875,8766
1.6090939044952393,8703
1.6780977249145508,8687
1.6910984516143799,8645
1.6920983791351318,8606
1.693098783493042,8540
1.7841041088104248,8536
1.7851037979125977,8480
1.798105001449585,8387
1.799104928970337,8376
1.809105634689331,8357
1.81510591506958,8356
1.8301067352294922,8327
1.8361072540283203,8254
1.8491079807281494,8246
1.8551082611083984,8240
1.8611083030700684,8231
1.8671088218688965,8218
1.8711092472076416,8192
1.9631145000457764,8155
1.9831154346466064,8129
1.9851155281066895,8113
1.9851155281066895,8091
1.9991164207458496,8055
2.012117385864258,8032
2.046119451522827,7978
2.052119731903076,7976
2.1061227321624756,7967
2.1261239051818848,7938
2.1881275177001953,7933
2.1931281089782715,7902
2.1971280574798584,7885
2.2041285037994385,7866
2.2241294384002686,7860
2.5721495151519775,7846
2.706157922744751,7833
2.8001632690429688,7832
2.826164960861206,7799
2.843165874481201,7785
3.926229238510132,7778
3.956230878829956,7777
