0.0017728805541992188,31552
0.004021883010864258,31520
0.009705066680908203,30188
0.014405965805053711,29994
0.03214287757873535,29667
0.033164024353027344,28630
0.03547096252441406,28300
0.03648185729980469,27085
0.048937082290649414,27048
0.05037188529968262,25599
0.06594181060791016,25527
0.09786295890808105,25497
0.09886884689331055,24777
0.1865079402923584,24644
0.18854999542236328,24555
0.19176483154296875,24428
0.19530415534973145,24355
0.19988179206848145,24178
0.20093989372253418,23904
0.2169649600982666,23471
0.22196602821350098,23419
0.2311420440673828,23166
0.23758411407470703,23112
0.23889589309692383,22327
0.26886582374572754,22219
0.26991891860961914,21965
0.4372899532318115,21828
0.44214391708374023,21564
0.7877380847930908,21557
0.7900099754333496,20821
0.7935988903045654,20809
0.7946839332580566,20748
0.7969040870666504,20653
0.8116588592529297,20537
0.8137052059173584,20268
0.8180708885192871,20157
0.8193480968475342,19597
0.8540499210357666,19487
0.9230759143829346,19484
0.9252269268035889,19380
0.9336159229278564,19355
0.9383420944213867,19326
0.9405648708343506,19165
0.9579339027404785,19159
0.968681812286377,18859
1.0170998573303223,18795
1.0572760105133057,18700
1.066951036453247,18590
1.0691869258880615,18202
1.0752959251403809,18139
1.0871357917785645,18116
1.1036388874053955,17917
1.1077117919921875,17747
1.1105329990386963,17302
1.117398977279663,17055
1.1215689182281494,16753
1.1361520290374756,16740
1.1422240734100342,16328
1.1446030139923096,16317
1.1591389179229736,16013
1.1612131595611572,15997
1.1632568836212158,15874
1.1665229797363281,15617
1.1847388744354248,15466
1.2320990562438965,14742
1.2366077899932861,14661
1.2568941116333008,14304
1.2593607902526855,14174
1.2614989280700684,14080
1.3193230628967285,14015
1.3369519710540771,13762
1.338059902191162,13528
1.339331865310669,12801
1.340350866317749,12578
1.3493549823760986,12326
1.4520258903503418,12229
1.5288689136505127,12099
1.5774891376495361,11993
1.5821609497070312,11989
1.86639404296875,11980
1.868528127670288,11944
1.8736050128936768,11889
2.057792901992798,11858
2.0601999759674072,11850
2.0887820720672607,11806
2.2221338748931885,11695
2.253075122833252,11692
2.269974946975708,11382
2.2809150218963623,11370
2.312932014465332,11190
2.340200185775757,11114
2.3517401218414307,10964
2.3577377796173096,10913
2.360865831375122,10835
2.419213056564331,10778
3.006410837173462,10775
3.010833978652954,10662
3.3215410709381104,10529
3.384492874145508,10452
3.5449628829956055,10444
3.5521399974823,10184
3.6242170333862305,10010
3.6302618980407715,9958
4.067353963851929,9950
4.069546937942505,9823
4.230870962142944,9800
4.232947111129761,9766
4.234812021255493,9746
4.248504877090454,9723
4.557826042175293,9702
4.638669013977051,9677
4.64336085319519,9670
4.693336009979248,9665
4.775496006011963,9610
4.890585899353027,9600
4.8983378410339355,9509
6.0137269496917725,9378
6.068312883377075,9223
6.704365015029907,9214
6.988425970077515,9209
7.021661043167114,9173
7.050992965698242,9152
7.080323934555054,9141
16.616836071014404,8966
16.65812397003174,8965
17.034419059753418,8941
17.0396409034729,8931
17.44956398010254,8910
17.452306032180786,8879
17.576025009155273,8804
27.411848068237305,8778
27.44953680038452,8625
27.565409898757935,8622
27.568470001220703,8619
27.571047067642212,8569
27.576972007751465,8549
27.578969955444336,8525
27.581743955612183,8497
27.606770038604736,8488
27.665804862976074,8478
27.66817283630371,8451
27.672735929489136,8411
27.688822984695435,8371
27.694030046463013,8361
28.238602876663208,8307
28.422811031341553,8284
29.27636194229126,8219
29.358060836791992,8199
30.442891836166382,8190
82.09779810905457,8152
83.44214105606079,8146
83.51166296005249,8117
83.64020800590515,8098
83.69676089286804,8093
86.0607841014862,8091
86.06323075294495,8069
86.1190459728241,8046
169.88836812973022,8042
172.4348509311676,7999
