1.1910593509674072,9456
1.1930592060089111,9370
1.2160615921020508,9299
1.2210612297058105,9286
1.2230615615844727,9242
1.2270612716674805,9239
1.2350618839263916,9210
1.2360618114471436,9122
1.2360618114471436,9074
1.3280680179595947,8997
1.3300676345825195,8963
1.339066982269287,8918
1.363069772720337,8867
1.375070571899414,8805
1.3870699405670166,8768
1.6460967063903809,8687
1.6530964374542236,8683
1.657094955444336,8668
1.658095359802246,8603
1.722099781036377,8589
1.7301018238067627,8588
1.739102840423584,8505
1.7881042957305908,8489
1.8141062259674072,8479
1.8451077938079834,8450
1.8501081466674805,8431
1.8671073913574219,8385
1.868107557296753,8305
1.8751075267791748,8301
1.9111096858978271,8300
1.9311134815216064,8259
1.949113368988037,8181
1.9591150283813477,8150
2.436140537261963,8071
2.4441428184509277,8068
2.59615159034729,8055
2.597151517868042,8044
2.605152130126953,8043
2.6321537494659424,8003
2.8231656551361084,7999
2.8671669960021973,7985
2.8681671619415283,7977
3.3581960201263428,7976
3.962231397628784,7971
4.824252367019653,7964
4.8322532176971436,7959
