1.6120927333831787,9067
1.6180932521820068,8959
1.6340935230255127,8906
1.647094964981079,8903
1.647094964981079,8886
1.6690962314605713,8847
1.6910974979400635,8843
1.6960978507995605,8791
1.6960978507995605,8743
1.69710373878479,8713
1.6980972290039062,8594
1.7110986709594727,8576
1.7130987644195557,8553
1.7160990238189697,8552
1.7210986614227295,8534
1.7280995845794678,8514
1.736100435256958,8466
1.7521007061004639,8409
1.759101152420044,8382
1.7631018161773682,8362
1.7631018161773682,8340
1.7661020755767822,8192
1.767101764678955,8165
1.8131043910980225,8109
2.0431180000305176,8029
2.0481183528900146,7968
2.05911922454834,7967
2.068119525909424,7955
2.068119525909424,7879
2.078120231628418,7878
2.087120532989502,7746
2.115122079849243,7739
2.1441237926483154,7718
2.1521241664886475,7696
2.3471357822418213,7691
2.3511359691619873,7671
2.411139488220215,7631
2.445141315460205,7630
2.773160934448242,7626
2.866166353225708,7622
2.872166633605957,7621
2.9231696128845215,7582
3.3931970596313477,7553
3.638211250305176,7547
3.646211624145508,7542
