1.4421019554138184,9029
1.4431025981903076,9018
1.444103717803955,8986
1.444103717803955,8975
1.614124059677124,8886
1.6561260223388672,8827
1.6591248512268066,8750
1.6601245403289795,8620
1.6771254539489746,8575
1.706129550933838,8566
1.707127571105957,8557
1.7141273021697998,8556
1.7211275100708008,8456
1.72713041305542,8413
1.7951328754425049,8408
1.9421417713165283,8384
1.9641423225402832,8372
1.9831445217132568,8356
1.9911444187164307,8323
2.0011448860168457,8322
2.0201454162597656,8285
2.0201454162597656,8209
2.0241456031799316,8152
2.0371484756469727,8104
2.0371484756469727,8093
2.047146797180176,8079
2.048147439956665,8062
2.17315673828125,8056
2.3291640281677246,8005
2.3981704711914062,7967
2.4291698932647705,7958
2.4571714401245117,7933
2.8071911334991455,7886
2.8221940994262695,7863
3.3351948261260986,7859
3.369197130203247,7855
3.817223310470581,7828
3.818223476409912,7823
3.842224597930908,7775
