1.9611072540283203,9016
1.9621071815490723,8927
2.136117458343506,8893
2.1411218643188477,8860
2.1411218643188477,8857
2.1501190662384033,8678
2.200119733810425,8615
2.201122283935547,8556
2.664149045944214,8461
2.7911598682403564,8398
2.794156074523926,8383
2.7951602935791016,8375
2.7951602935791016,8367
2.7971560955047607,8207
2.7971560955047607,8202
2.799138307571411,8136
2.810157299041748,8070
2.812157154083252,8047
2.812157154083252,7982
2.816157341003418,7942
3.3251872062683105,7921
3.3341915607452393,7900
3.3521928787231445,7844
3.367189407348633,7824
3.368191719055176,7785
4.09323263168335,7782
4.09323263168335,7651
4.211238622665405,7642
4.2772438526153564,7641
4.28124213218689,7636
4.29322361946106,7606
4.29322361946106,7596
4.758270978927612,7574
5.123291969299316,7570
5.127275705337524,7547
5.196280002593994,7542
11.11464262008667,7542
