1.314051866531372,9199
1.314051866531372,9170
1.3150522708892822,9169
1.316051959991455,9157
1.3170521259307861,9104
1.320051908493042,8989
1.464059829711914,8834
1.4650599956512451,8817
1.4660601615905762,8806
1.4680602550506592,8801
1.4680602550506592,8782
1.4700615406036377,8774
1.471060037612915,8683
1.4720606803894043,8629
1.5090627670288086,8583
1.5090627670288086,8541
1.5830671787261963,8481
1.5830671787261963,8426
1.6680729389190674,8358
1.6750719547271729,8270
1.6780731678009033,8159
1.7190752029418945,8093
1.7260751724243164,8068
1.7320759296417236,8041
2.227104902267456,8035
2.2411048412323,8028
2.246105909347534,8017
2.2501060962677,8006
2.2551064491271973,7986
2.2801077365875244,7980
2.2841079235076904,7959
2.2921082973480225,7943
2.3141098022460938,7887
2.337111234664917,7874
2.346112012863159,7829
2.5551235675811768,7801
2.6131272315979004,7779
2.657130479812622,7760
2.695132255554199,7708
3.0961549282073975,7690
3.0961549282073975,7542
