1.3690614700317383,9248
1.3700616359710693,9203
1.3720626831054688,9183
1.4630866050720215,9111
1.4630866050720215,9047
1.4690940380096436,9014
1.4720962047576904,9009
1.4720962047576904,8999
1.4760968685150146,8943
1.4790947437286377,8941
1.4790947437286377,8921
1.4920966625213623,8821
1.512096881866455,8738
1.5150964260101318,8720
1.6601073741912842,8664
1.6631078720092773,8610
1.665107011795044,8607
1.6661078929901123,8515
1.685079574584961,8499
1.687079668045044,8346
1.710099458694458,8309
1.7110991477966309,8237
1.7241039276123047,8157
1.7271087169647217,8067
1.72810959815979,8052
1.7381117343902588,8017
1.7511122226715088,7991
1.752112865447998,7990
1.767113447189331,7954
1.7691137790679932,7897
1.77211332321167,7851
2.1611361503601074,7789
2.1751370429992676,7770
2.2941441535949707,7759
2.298144578933716,7733
2.319145441055298,7694
2.3401453495025635,7688
2.3461387157440186,7661
2.3571481704711914,7660
2.3731484413146973,7652
2.37814998626709,7621
3.6252224445343018,7612
3.779230833053589,7579
3.7982308864593506,7574
3.8082330226898193,7553
3.814232587814331,7542
