0.0012769699096679688,32691
0.005095958709716797,32463
0.007321834564208984,32399
0.009361743927001953,31693
0.010683774948120117,31501
0.012731790542602539,31464
0.015407800674438477,31298
0.017590761184692383,31077
0.020702838897705078,30815
0.023004770278930664,30354
0.027354717254638672,30274
0.02838301658630371,30004
0.03176569938659668,29713
0.03285360336303711,29381
0.03809690475463867,29247
0.04013180732727051,28877
0.04215884208679199,28424
0.043228864669799805,27343
0.0444338321685791,27226
0.04651498794555664,27214
0.047679901123046875,27062
0.05714678764343262,27023
0.06355476379394531,26170
0.06482791900634766,25728
0.0667729377746582,23600
0.1056828498840332,23245
0.10681486129760742,22433
0.11202001571655273,22325
0.11306190490722656,21676
0.11591196060180664,21622
0.12031388282775879,21440
0.12183189392089844,21104
0.12287163734436035,20559
0.12421989440917969,20079
0.1284317970275879,19800
0.13039278984069824,19005
0.16318082809448242,18697
0.18340778350830078,18621
0.19019770622253418,18331
0.20676779747009277,18228
0.2358708381652832,18199
0.23675775527954102,17641
0.25305986404418945,17437
0.3023219108581543,17335
0.4303569793701172,17292
0.43227291107177734,17075
0.4373297691345215,16853
0.4514896869659424,16849
0.45243287086486816,16550
0.4560227394104004,16406
0.4635028839111328,16367
0.4653968811035156,15885
0.5067946910858154,15726
0.5264337062835693,15484
0.5273187160491943,15466
0.5302667617797852,15381
0.5320358276367188,14902
0.541266918182373,14146
0.5460176467895508,14061
0.5589547157287598,13955
0.5730257034301758,13888
0.5960619449615479,13813
0.5970067977905273,13747
0.5979368686676025,13716
0.6065008640289307,13646
0.6204507350921631,13602
0.623964786529541,13250
0.64314866065979,13217
0.6734218597412109,12981
0.6757047176361084,12968
0.6767468452453613,12956
0.6785669326782227,12951
0.7057349681854248,12830
0.714282751083374,12721
0.7735397815704346,12652
0.7744357585906982,12614
0.804309606552124,12424
0.8299367427825928,12349
0.8550338745117188,12240
0.8817846775054932,12102
0.9232478141784668,12067
0.925562858581543,11974
0.945685625076294,11509
0.9478647708892822,11354
0.9736907482147217,11337
1.1100788116455078,11162
1.1291840076446533,11134
1.1796329021453857,10988
1.2405378818511963,10971
1.2424509525299072,10935
1.322516918182373,10859
1.3591067790985107,10579
1.3627357482910156,10566
1.3672027587890625,10442
1.3750169277191162,10346
1.3759889602661133,10252
1.429825782775879,10250
1.586629867553711,10152
1.890791893005371,10129
1.8980789184570312,10126
1.8991878032684326,9983
2.171308755874634,9922
2.479428768157959,9827
2.551226854324341,9779
2.645415782928467,9635
2.646840810775757,9371
2.7196249961853027,9370
2.735964775085449,9365
2.7448718547821045,9216
2.88478684425354,9206
2.951835870742798,9128
3.0664656162261963,9058
3.165390729904175,8773
3.5517666339874268,8704
3.878459930419922,8666
3.928715705871582,8576
5.010572671890259,8569
14.987543821334839,8518
16.38806676864624,8365
183.65898275375366,8359
186.07626676559448,8348
194.78990483283997,8336
194.83289194107056,8312
195.18012189865112,8272
195.7397975921631,8270
195.74364280700684,8248
195.81507992744446,8225
196.13890171051025,8194
