1.6970839500427246,9147
1.6980841159820557,9129
1.701082706451416,9113
1.803088903427124,9094
1.8050892353057861,9089
1.8050892353057861,9008
1.806088924407959,8995
1.8100886344909668,8974
1.8110918998718262,8924
1.8110918998718262,8916
1.8200900554656982,8891
1.8200900554656982,8743
2.22206711769104,8691
2.22206711769104,8664
2.28714656829834,8613
2.28714656829834,8587
2.28714656829834,8564
2.28714656829834,8463
2.28714656829834,8424
2.7293195724487305,8406
2.7313380241394043,8366
2.7333381175994873,8314
2.7343192100524902,8298
2.768342971801758,8155
2.773340940475464,8146
2.8093340396881104,8136
2.842658758163452,8128
2.845937728881836,8057
2.8615920543670654,8005
2.8615920543670654,8000
2.8615920543670654,7969
3.235517740249634,7949
3.237517833709717,7903
3.27754282951355,7874
3.27754282951355,7826
3.3629813194274902,7808
3.378575563430786,7791
3.378575563430786,7776
3.6070568561553955,7746
3.676131248474121,7718
3.7001333236694336,7715
3.7011330127716064,7643
4.634373188018799,7593
4.6856889724731445,7574
5.103974103927612,7571
5.119683504104614,7570
5.119683504104614,7547
5.120694637298584,7542
10.822511911392212,7542
