1.239072561264038,9228
1.2620742321014404,9019
1.2640743255615234,8973
1.2650742530822754,8953
1.2980766296386719,8936
1.4890873432159424,8848
1.5000882148742676,8806
1.5020880699157715,8735
1.5040886402130127,8713
1.540090560913086,8653
1.554091215133667,8639
1.55609130859375,8614
1.55609130859375,8600
1.561091661453247,8579
1.56309175491333,8571
1.5730924606323242,8551
1.5800929069519043,8493
1.5800929069519043,8425
1.5820927619934082,8421
1.6080946922302246,8325
1.6100945472717285,8198
1.6140949726104736,8195
1.6150946617126465,8185
1.6200947761535645,8180
1.6260955333709717,8175
1.6440963745117188,8173
1.649097204208374,8161
1.653097152709961,8159
1.658097267150879,8135
1.6750984191894531,8109
1.6750984191894531,8083
1.6831002235412598,7947
1.8211069107055664,7938
1.8301074504852295,7909
1.8351080417633057,7897
1.9941344261169434,7874
2.370166540145874,7814
2.3741652965545654,7751
2.5431759357452393,7745
2.5601773262023926,7656
2.6941850185394287,7616
2.714186429977417,7593
2.876166343688965,7574
2.8801658153533936,7558
3.0642075538635254,7542
