1.1510670185089111,10184
1.1750686168670654,10084
1.1770687103271484,9954
1.1790690422058105,9878
1.1790690422058105,9875
1.1810684204101562,9872
1.1810684204101562,9866
1.1930689811706543,9750
1.1940691471099854,9706
1.1940691471099854,9615
1.275075912475586,9599
1.2790746688842773,9446
1.2790746688842773,9395
1.2880752086639404,9337
1.2890751361846924,9305
1.2920751571655273,9227
1.342078447341919,9189
1.3440780639648438,9182
1.3450782299041748,9156
1.355079174041748,9121
1.3740804195404053,9089
1.4440829753875732,8864
1.523090124130249,8852
1.5250883102416992,8841
1.5330877304077148,8698
1.5550904273986816,8684
1.5580906867980957,8674
1.6290948390960693,8647
1.6320950984954834,8633
1.633094310760498,8594
1.633094310760498,8536
1.6350951194763184,8533
1.6360957622528076,8521
1.6420953273773193,8434
1.6450955867767334,8416
1.6470952033996582,8385
1.6590964794158936,8338
1.6910984516143799,8315
1.7491004467010498,8233
1.7541022300720215,8154
1.7561023235321045,8130
1.805105447769165,8076
1.8521080017089844,8051
1.8681087493896484,8049
1.8711094856262207,8012
2.0811212062835693,8005
2.2191293239593506,7983
2.2251296043395996,7977
2.2281301021575928,7959
2.253129243850708,7958
2.3041346073150635,7955
2.3071343898773193,7945
2.325136184692383,7898
2.345137119293213,7862
2.498145580291748,7823
2.499145984649658,7774
2.534147262573242,7734
2.5361483097076416,7712
2.7351579666137695,7682
3.3761956691741943,7655
3.4312007427215576,7569
3.786221504211426,7542
