0.10700440406799316,22205
0.10900425910949707,22145
0.11400437355041504,22138
0.12700533866882324,22129
0.1280052661895752,22128
0.1300053596496582,22121
0.1320054531097412,21963
0.13300561904907227,21893
0.13600587844848633,21237
0.13600587844848633,21177
0.13700604438781738,21170
0.1410059928894043,20962
0.1410059928894043,20892
0.14200615882873535,20884
0.14700698852539062,20829
0.1540074348449707,20769
0.1850295066833496,20733
0.2020092010498047,20679
4.728276968002319,20481
4.72927713394165,20218
6.5363993644714355,20100
23.409366130828857,20095
23.409366130828857,19832
24.25641632080078,19831
25.241493463516235,19722
75.6890914440155,19721
