1.52443265914917,9534
2.09462833404541,9491
2.0993452072143555,9412
2.0993452072143555,9363
2.1083614826202393,9246
2.109365940093994,9147
2.2833425998687744,9117
2.3614633083343506,9080
2.3614633083343506,9015
2.3614633083343506,8928
2.3614633083343506,8924
2.3614633083343506,8895
2.3614633083343506,8870
2.4593617916107178,8817
2.4893720149993896,8681
2.4953718185424805,8640
2.496516227722168,8631
2.5916621685028076,8559
2.5916621685028076,8547
2.5916621685028076,8494
2.5916621685028076,8465
2.5916621685028076,8451
2.6072866916656494,8448
2.6072866916656494,8340
2.6072866916656494,8331
2.6072866916656494,8325
2.739326238632202,8251
2.740325689315796,8242
2.745345115661621,8241
2.747345447540283,8228
2.747345447540283,8198
2.750345230102539,8119
2.7703475952148438,8052
2.7713282108306885,8017
4.499246120452881,7954
4.500246286392212,7949
4.517219543457031,7924
4.899946689605713,7918
4.899946689605713,7914
4.996764898300171,7910
5.087773084640503,7904
5.130755186080933,7903
5.156774997711182,7896
5.156774997711182,7885
11.890598058700562,7885
