1.3430812358856201,8628
1.3470816612243652,8608
1.4820890426635742,8557
1.4940898418426514,8540
1.4950900077819824,8308
1.5030906200408936,8170
1.7101023197174072,8060
1.8541107177734375,8059
1.8901124000549316,8029
1.8961124420166016,8028
1.9001133441925049,7939
1.917114019393921,7875
1.921114206314087,7853
1.937114953994751,7845
1.9561164379119873,7830
1.9681172370910645,7829
1.9921183586120605,7828
1.999119520187378,7809
2.005120277404785,7767
2.104125738143921,7752
2.7361624240875244,7716
2.7801663875579834,7713
2.797165870666504,7638
2.919173002243042,7593
2.951176404953003,7578
2.9541754722595215,7577
3.018178939819336,7570
3.111184597015381,7569
3.1681876182556152,7542
