1.9301142692565918,9278
1.9321179389953613,9267
1.9331183433532715,9238
1.9531257152557373,9229
1.9711003303527832,9166
2.219132900238037,9136
2.2261128425598145,9119
2.3111379146575928,9065
2.3121368885040283,9040
2.3211171627044678,8952
2.3261377811431885,8892
2.3401386737823486,8875
2.3411197662353516,8852
2.34313702583313,8788
2.3451201915740967,8710
2.3451201915740967,8681
2.3451201915740967,8637
2.34914231300354,8602
2.34914231300354,8587
2.34914231300354,8514
2.3841443061828613,8439
2.458127498626709,8353
2.8681514263153076,8350
2.8891525268554688,8227
3.009160280227661,8225
3.018159866333008,8163
3.022160530090332,8112
3.023160457611084,8081
3.247173309326172,8048
3.2611753940582275,8039
3.2621748447418213,7996
3.832226037979126,7941
3.832226037979126,7933
4.097241640090942,7902
4.102245092391968,7899
4.16523814201355,7886
4.17124342918396,7811
4.173246145248413,7810
4.189246416091919,7804
4.28425145149231,7768
4.296252489089966,7718
4.307257413864136,7705
4.30925726890564,7691
4.326258182525635,7685
4.462274074554443,7680
4.788280010223389,7654
4.976292610168457,7628
5.120283126831055,7623
5.242308616638184,7612
5.246308088302612,7593
5.337294340133667,7586
5.357295036315918,7543
6.150340795516968,7542
11.10265064239502,7542
