2.300121784210205,9189
2.3321218490600586,9158
2.4181265830993652,9111
2.419111490249634,8976
2.420109987258911,8806
2.422109842300415,8756
2.423110246658325,8661
2.423110246658325,8560
2.427138328552246,8537
2.4281387329101562,8521
2.4291393756866455,8471
2.6981444358825684,8422
2.6981444358825684,8421
2.7021450996398926,8380
2.7041409015655518,8309
2.706146717071533,8267
2.706146717071533,8218
2.7091281414031982,8179
2.7101457118988037,8157
2.7101457118988037,8151
3.7142038345336914,8032
3.7142038345336914,8022
3.741206407546997,7995
3.743198871612549,7947
3.7441866397857666,7927
3.747206211090088,7898
3.74820613861084,7873
3.756218433380127,7872
3.8892228603363037,7865
3.8951973915100098,7842
3.9262001514434814,7841
3.9322168827056885,7839
3.9812204837799072,7837
3.986220359802246,7829
4.100227117538452,7824
4.10722804069519,7767
4.113211154937744,7762
4.121228218078613,7748
4.489250421524048,7732
4.8362696170806885,7681
4.86427116394043,7632
4.907274007797241,7570
4.910286903381348,7543
6.408362150192261,7542
11.324631690979004,7542
