1.2080695629119873,9203
1.2540721893310547,9119
1.261073112487793,9027
1.26607346534729,8957
1.4580836296081543,8946
1.4600839614868164,8855
1.4620840549468994,8799
1.4640841484069824,8748
1.4750850200653076,8743
1.4890856742858887,8675
1.4900856018066406,8654
1.5790905952453613,8579
1.5840914249420166,8576
1.5860915184020996,8565
1.5880916118621826,8554
1.6940979957580566,8542
1.6940979957580566,8502
1.726099967956543,8467
1.727100133895874,8464
1.7291004657745361,8372
1.737100601196289,8351
1.738100528717041,8346
1.8191051483154297,8320
1.8241069316864014,8254
1.8261058330535889,8145
2.1621253490448,8112
2.181126832962036,8107
2.184126853942871,8100
2.197127342224121,8039
2.280132293701172,7969
2.2821335792541504,7897
2.3261349201202393,7838
2.419140577316284,7779
2.420140504837036,7757
2.8191637992858887,7738
2.82116436958313,7701
2.853165626525879,7688
2.958172082901001,7656
2.967172384262085,7596
3.0711801052093506,7577
3.08117938041687,7566
3.0981814861297607,7543
3.5162041187286377,7542
