1.4300837516784668,9059
1.4300837516784668,9004
1.4310836791992188,8986
1.4320838451385498,8920
1.6060941219329834,8906
1.6190950870513916,8853
1.6200947761535645,8831
1.6260950565338135,8807
1.6270952224731445,8650
1.6330959796905518,8591
1.6480965614318848,8473
1.6500964164733887,8399
1.6530969142913818,8394
1.6820979118347168,8355
1.683098554611206,8340
1.687098741531372,8200
1.6910991668701172,8110
1.695099115371704,8098
1.713099718093872,8082
1.7551026344299316,8075
2.106123208999634,8050
2.109123468399048,8000
2.1731274127960205,7949
2.1771271228790283,7946
2.1811275482177734,7929
2.1821277141571045,7919
2.2081291675567627,7839
2.364137649536133,7836
2.377138614654541,7796
2.398139476776123,7734
2.4201409816741943,7716
2.4401419162750244,7699
2.4421422481536865,7688
2.9811744689941406,7649
2.9951751232147217,7635
3.5162253379821777,7624
3.8052258491516113,7616
3.830225944519043,7615
3.8712284564971924,7596
4.886285066604614,7589
4.8872857093811035,7566
4.936288118362427,7554
5.02129340171814,7548
5.028294086456299,7543
5.157301187515259,7542
