0.003088712692260742,30642
0.00467371940612793,30540
0.010141849517822266,30343
0.011907815933227539,30083
0.01571178436279297,29917
0.016934871673583984,29885
0.01795196533203125,29296
0.020088672637939453,29293
0.021582841873168945,29195
0.022632837295532227,29131
0.02369976043701172,29039
0.024771690368652344,28976
0.03195071220397949,28570
0.03350663185119629,28171
0.040744781494140625,27857
0.04287886619567871,27359
0.04664778709411621,27282
0.04924368858337402,26814
0.05109977722167969,26775
0.052667856216430664,26682
0.05582785606384277,26615
0.06325387954711914,26599
0.06429266929626465,26487
0.0703287124633789,26363
0.07264995574951172,26303
0.0824286937713623,26271
0.08645391464233398,25978
0.0943915843963623,25841
0.0954587459564209,25579
0.09837579727172852,24633
0.09984683990478516,24273
0.10915279388427734,23605
0.11141276359558105,22387
0.11263179779052734,22302
0.11733174324035645,21098
0.13646364212036133,21029
0.13777565956115723,20855
0.1517188549041748,20640
0.15274858474731445,20569
0.1538558006286621,20229
0.15948486328125,20086
0.4285926818847656,20059
0.4378237724304199,19986
0.49749183654785156,19932
0.5076208114624023,19789
0.5123567581176758,19706
0.5170996189117432,19659
0.5196118354797363,18986
0.532538652420044,18966
0.5736157894134521,18885
0.5784099102020264,18876
0.5855658054351807,18797
0.5877618789672852,18656
0.5899546146392822,18349
0.5935118198394775,18047
0.6005408763885498,17986
0.601597785949707,17736
0.6083657741546631,17678
0.6094026565551758,17572
0.6970360279083252,17502
0.7060208320617676,17283
0.8559377193450928,17193
0.8954007625579834,17182
0.8975129127502441,17173
0.8986859321594238,17035
0.9395456314086914,16859
0.9862818717956543,16672
1.181227684020996,16668
1.201375961303711,16327
1.2084579467773438,16243
1.2164978981018066,16114
1.2175407409667969,15826
1.228590726852417,15787
1.2393548488616943,15153
1.2437338829040527,15138
1.2457897663116455,14398
1.2481589317321777,14286
1.249551773071289,13728
1.251950740814209,13501
1.2642066478729248,12983
1.2688958644866943,12868
1.2752046585083008,12399
1.3190698623657227,12345
1.3276216983795166,12318
1.329683780670166,12311
1.3307209014892578,12010
1.3456697463989258,12000
1.3678479194641113,11970
1.3962488174438477,11966
1.3989639282226562,11668
1.4364259243011475,11662
1.4661388397216797,11627
1.4696319103240967,11577
1.493345022201538,11501
1.4977138042449951,11364
1.5168917179107666,11125
1.518629789352417,11077
1.5449378490447998,11011
1.609412670135498,10897
1.6330127716064453,10420
1.6804349422454834,10098
1.7025039196014404,9775
2.204157829284668,9652
2.2493770122528076,9420
2.473888874053955,9300
2.702817678451538,9279
2.706303834915161,9253
2.707347869873047,9169
2.9460537433624268,9148
2.967174768447876,9141
3.0543317794799805,9116
3.267974853515625,9105
3.84214186668396,9086
3.8893566131591797,9051
4.175444841384888,9024
4.45502781867981,9016
4.458097696304321,8985
4.599183797836304,8927
4.707430839538574,8920
4.7334818840026855,8907
12.947195768356323,8888
13.771297693252563,8883
43.88249492645264,8829
74.93639397621155,8740
75.85741066932678,8612
75.89554357528687,8297
117.02110886573792,8291
117.0591778755188,8265
117.1004889011383,8246
119.89654970169067,8241
148.32081580162048,8208
