0.0013730525970458984,29545
0.0030388832092285156,29439
0.006093025207519531,29411
0.007233142852783203,29068
0.010313034057617188,29064
0.012417078018188477,29062
0.014921903610229492,28921
0.016110897064208984,27888
0.021812915802001953,27770
0.02568197250366211,27002
0.029267072677612305,26967
0.030424118041992188,26965
0.03290081024169922,26878
0.034140825271606445,26048
0.03886294364929199,25959
0.04367995262145996,25360
0.046449899673461914,25287
0.047636985778808594,25025
0.04878687858581543,24894
0.05161404609680176,24447
0.0555720329284668,24316
0.056729793548583984,23675
0.06081700325012207,23577
0.06202387809753418,23317
0.06436896324157715,23043
0.06918716430664062,23035
0.07043886184692383,22964
0.07419180870056152,22904
0.07948017120361328,22832
0.0818030834197998,22757
0.08346700668334961,22519
0.08483409881591797,22411
0.08711814880371094,22402
0.11292910575866699,22246
0.11640596389770508,22097
0.11756706237792969,21830
0.11870789527893066,21299
0.14983081817626953,20940
0.15966105461120605,20808
0.1610429286956787,19939
0.27434492111206055,19739
0.27935314178466797,19610
0.31197214126586914,19585
0.35331106185913086,19554
0.3580207824707031,19308
0.361375093460083,19251
0.36272311210632324,19066
0.3681299686431885,19056
0.4073348045349121,18800
0.427232027053833,18356
0.7334330081939697,18335
0.7647271156311035,18228
0.7809028625488281,18058
0.8242759704589844,18048
0.842764139175415,18035
0.8844108581542969,18029
0.9056148529052734,18012
0.9093070030212402,17618
0.9105100631713867,17601
0.972714900970459,17599
1.0139667987823486,17513
1.0163331031799316,17393
1.2014739513397217,17313
1.3019440174102783,16838
1.30308198928833,16779
1.3042068481445312,16098
1.3166100978851318,16058
1.3177590370178223,16056
1.318892002105713,15992
1.327111005783081,15944
1.329751968383789,15831
1.3343398571014404,15800
1.355875015258789,15763
1.3891887664794922,15090
1.3903369903564453,14980
1.394002914428711,14026
1.5145299434661865,14023
1.5167920589447021,13914
1.5236518383026123,13889
1.5247728824615479,13864
1.5261199474334717,13247
1.5272738933563232,13077
1.5284209251403809,12806
1.5312981605529785,12724
1.53472900390625,12694
1.5358729362487793,12645
1.554136037826538,12578
1.5715651512145996,12475
1.5843310356140137,12446
1.5892307758331299,12412
1.59039306640625,12358
1.5916359424591064,12048
1.5945401191711426,11754
1.5957319736480713,11408
1.645354986190796,11371
1.648561954498291,11339
1.6582951545715332,10906
1.6693940162658691,10788
1.7050819396972656,10697
1.7070448398590088,10392
1.7287099361419678,10145
1.751028060913086,10142
1.754546880722046,10087
1.9015800952911377,10034
1.9661519527435303,10024
1.9673328399658203,9878
2.023422956466675,9742
2.124668836593628,9727
2.1271932125091553,9720
2.2254910469055176,9714
2.295896053314209,9660
3.188537836074829,9655
3.256934881210327,9342
3.623342752456665,9322
4.20046591758728,9303
4.979961156845093,9287
4.982242107391357,9242
5.071530103683472,8901
5.073517084121704,8892
5.0747058391571045,8860
5.097437858581543,8603
5.451914072036743,8520
5.464453935623169,8486
6.2451231479644775,8474
7.244408130645752,8466
8.778076887130737,8447
8.799107789993286,8379
10.423332929611206,8374
83.9169328212738,8306
84.07229685783386,8287
84.1559579372406,8253
84.92353987693787,8241
93.65724015235901,8207
93.94406294822693,8174
109.66605496406555,8166
109.81090307235718,8140
110.90984916687012,8117
135.2068009376526,8106
135.33940505981445,8080
135.4245638847351,8052
136.9399118423462,8030
