2.1625773906707764,8964
2.1625773906707764,8890
2.1655774116516113,8841
2.1655774116516113,8766
2.172577142715454,8656
2.3898580074310303,8562
2.3898580074310303,8520
2.5413496494293213,8469
2.730012893676758,8451
2.730012893676758,8436
2.767094612121582,8419
2.924941301345825,8416
2.9389734268188477,8408
2.970221757888794,8396
2.9858481884002686,8264
2.9858481884002686,8253
3.001471757888794,8176
3.017096996307373,8164
3.048346996307373,8161
3.048346996307373,8130
3.048346996307373,8110
3.2034311294555664,8076
3.256312370300293,8061
3.4813852310180664,8032
3.4813852310180664,7996
3.5073869228363037,7979
3.5073869228363037,7962
3.52538800239563,7947
3.728379726409912,7942
3.728379726409912,7908
3.8443799018859863,7894
3.854379892349243,7839
3.8653993606567383,7807
3.998774290084839,7794
4.000774383544922,7790
4.833341360092163,7776
4.853341817855835,7757
4.882339239120483,7751
5.178358316421509,7741
5.582475900650024,7732
11.428418397903442,7732
