2.1512157917022705,9571
2.1602094173431396,9568
2.1622183322906494,9537
2.1622183322906494,9498
2.163217306137085,9472
2.1782193183898926,9469
2.1792194843292236,9458
2.1802194118499756,9454
2.1822195053100586,9390
2.183260679244995,9289
2.193455696105957,9272
2.2114593982696533,9227
2.2124595642089844,9166
2.2164595127105713,9113
2.2164595127105713,9033
2.2174594402313232,8991
2.2174594402313232,8952
2.2184669971466064,8907
2.292158603668213,8860
2.3042526245117188,8859
2.3042526245117188,8824
2.3211333751678467,8805
2.3211333751678467,8770
2.4273386001586914,8675
2.809575080871582,8606
2.811575174331665,8570
2.8125555515289307,8531
2.843576431274414,8488
2.845578908920288,8350
3.0135979652404785,8341
3.020597457885742,8327
3.050600051879883,8316
3.289713144302368,8279
3.293694257736206,8241
3.3905704021453857,8233
3.3905704021453857,8225
3.7489335536956787,8151
3.751932144165039,8120
3.7529327869415283,8056
3.7579329013824463,7953
3.8059375286102295,7937
3.935943603515625,7861
3.937943935394287,7855
4.231961011886597,7768
4.232960939407349,7766
4.2389609813690186,7729
4.242963075637817,7728
4.244962215423584,7723
4.3738837242126465,7707
4.3738837242126465,7691
4.3738837242126465,7688
4.3738837242126465,7674
4.452008962631226,7665
4.452008962631226,7628
4.4676353931427,7605
4.483259201049805,7604
4.483259201049805,7570
4.6664745807647705,7567
4.699476718902588,7566
4.740461587905884,7547
5.319526195526123,7542
11.337395906448364,7542
