1.4641125202178955,9287
1.4681124687194824,9240
1.4711124897003174,9107
1.4731125831604004,8958
1.4731125831604004,8942
1.6071202754974365,8841
1.6121208667755127,8800
1.6131207942962646,8754
1.6301214694976807,8727
1.635122299194336,8669
1.6361215114593506,8539
1.6461224555969238,8391
1.6481223106384277,8388
1.6531224250793457,8357
1.656123399734497,8326
1.734126091003418,8259
1.7361276149749756,8219
1.7421283721923828,8165
1.745126485824585,8155
1.745126485824585,8154
1.8551335334777832,8084
1.8551335334777832,7892
1.8721363544464111,7882
1.8871369361877441,7881
1.912137746810913,7802
2.1621530055999756,7673
2.766187906265259,7665
2.7811875343322754,7571
2.8291914463043213,7567
3.350222587585449,7547
3.3512229919433594,7542
