1.3360786437988281,9244
1.3380789756774902,9130
1.3560800552368164,9104
1.3640804290771484,9094
1.3660800457000732,8996
1.3660800457000732,8961
1.3680806159973145,8938
1.3940820693969727,8896
1.3980824947357178,8816
1.4670863151550293,8769
1.4680862426757812,8687
1.4690868854522705,8582
1.4690868854522705,8554
1.4690868854522705,8499
1.4750869274139404,8485
1.4760868549346924,8396
1.4810872077941895,8359
1.541090965270996,8314
1.5570917129516602,8277
1.5640919208526611,8197
1.639096736907959,8187
1.64609694480896,8168
1.647096872329712,8110
1.6480967998504639,8095
1.6750986576080322,8067
2.0761220455169678,8022
2.1521294116973877,8008
2.1561295986175537,7994
2.203129529953003,7982
2.3161637783050537,7965
2.335167169570923,7941
2.335167169570923,7920
2.335167169570923,7889
2.345167636871338,7772
2.345167636871338,7741
2.3551669120788574,7666
2.4311716556549072,7649
2.434170961380005,7633
2.460172176361084,7630
2.465172529220581,7600
2.4971671104431152,7591
2.5281760692596436,7580
2.569178819656372,7566
2.574178695678711,7547
3.9602322578430176,7542
