1.3870713710784912,9262
1.5020976066589355,9223
1.5030953884124756,9209
1.5030953884124756,9195
1.511096477508545,9130
1.5160963535308838,9095
1.5160963535308838,9094
1.5270969867706299,9067
1.5490989685058594,9052
1.5500984191894531,9030
1.5520985126495361,8979
1.745086431503296,8841
1.7500829696655273,8683
1.7620835304260254,8597
1.7860848903656006,8594
1.7860848903656006,8583
1.8040854930877686,8555
1.8080861568450928,8498
1.837087869644165,8485
1.956094741821289,8441
1.960094928741455,8377
1.969095230102539,8336
1.9780960083007812,8235
1.9850962162017822,8234
2.0120980739593506,8207
2.0130982398986816,8188
2.0140981674194336,8185
2.0170984268188477,8159
2.0200986862182617,8096
2.421121835708618,7967
2.4321227073669434,7894
2.4431231021881104,7883
2.4621243476867676,7882
2.4641244411468506,7864
2.4681248664855957,7735
2.4871256351470947,7732
2.646134614944458,7711
2.82316517829895,7709
2.9161782264709473,7692
2.9701812267303467,7672
3.014162302017212,7603
3.575218439102173,7597
4.167251110076904,7593
4.572276830673218,7575
4.57327675819397,7574
4.627279758453369,7547
4.650280714035034,7542
