1.8476061820983887,9053
1.8632311820983887,9043
1.8944814205169678,9040
1.8944814205169678,9037
1.8944814205169678,8991
1.8944814205169678,8893
1.9101061820983887,8853
2.5398802757263184,8845
2.5398802757263184,8832
2.5867555141448975,8790
2.5867555141448975,8628
2.6291117668151855,8563
2.6301114559173584,8547
2.6301114559173584,8525
2.6461124420166016,8512
2.917344093322754,8472
2.917344093322754,8301
2.917344093322754,8266
2.917344093322754,8264
2.932969331741333,8252
2.932969331741333,8244
2.932969331741333,8222
2.979844570159912,8218
3.1829700469970703,8188
3.1829700469970703,8169
3.4954705238342285,8153
3.4954705238342285,8152
3.511096954345703,8139
3.511096954345703,8082
3.653775930404663,8053
3.653775930404663,8024
3.653775930404663,8022
3.669400930404663,7973
3.7930715084075928,7960
3.81384015083313,7949
3.81384015083313,7901
3.81384015083313,7900
3.829464912414551,7867
3.84509015083313,7846
3.86071515083313,7845
3.86071515083313,7793
3.87634015083313,7758
4.210481882095337,7753
4.219480752944946,7739
5.324015378952026,7738
5.413693428039551,7716
5.413693428039551,7715
10.9514741897583,7715
