2.1151275634765625,9234
2.1151275634765625,9217
2.11912202835083,9098
2.425142288208008,9092
2.425142288208008,8952
2.4281411170959473,8917
2.516148805618286,8916
2.5181500911712646,8893
2.5201473236083984,8864
2.671135663986206,8849
2.735154151916504,8839
2.736147880554199,8680
2.736147880554199,8646
2.751159191131592,8632
2.8881499767303467,8619
2.8901684284210205,8602
2.892169713973999,8595
2.9261701107025146,8573
2.927171230316162,8564
2.9381520748138428,8509
2.9431521892547607,8494
2.944152355194092,8439
2.998155117034912,8355
2.998155117034912,8347
3.000155210494995,8345
3.189166784286499,8291
3.1921865940093994,8201
3.202190399169922,8058
3.2041921615600586,8035
3.205167531967163,8025
3.2081875801086426,7997
4.011234998703003,7982
4.137221336364746,7977
4.138221979141235,7975
4.1412224769592285,7900
4.152222633361816,7862
4.216226577758789,7825
4.7012550830841064,7824
5.118296146392822,7789
5.265288591384888,7773
5.647310495376587,7769
5.648330926895142,7758
5.649313449859619,7757
5.679335594177246,7748
5.68533182144165,7736
5.842340707778931,7717
7.3924291133880615,7696
7.398413181304932,7695
7.409413814544678,7599
7.411433219909668,7547
7.4154369831085205,7542
11.172632932662964,7542
