1.8911151885986328,9060
1.8911151885986328,8962
1.8921301364898682,8922
2.139125347137451,8829
2.601135492324829,8816
2.6621556282043457,8800
2.8171682357788086,8756
2.8181657791137695,8751
2.864179849624634,8689
2.8661768436431885,8577
2.9601733684539795,8554
2.972179651260376,8543
2.977172374725342,8511
3.4731836318969727,8503
3.477203607559204,8496
3.478203296661377,8488
3.48020339012146,8432
3.481203556060791,8322
3.6641950607299805,8318
3.6701953411102295,8312
3.6711957454681396,8289
3.6731948852539062,8281
3.6761953830718994,8232
3.6861965656280518,8229
3.84120774269104,8199
3.8482248783111572,8196
3.8482248783111572,8189
4.0752198696136475,8173
4.248229742050171,8168
4.250247478485107,8167
4.26123046875,8166
4.3132524490356445,8146
4.336254358291626,8124
4.500263929367065,8113
4.502267360687256,8105
4.508263826370239,8101
4.51226282119751,8046
4.514264345169067,8023
4.522263050079346,8011
4.531265497207642,7991
4.832263231277466,7963
4.841282367706299,7960
4.854284048080444,7934
4.858288049697876,7924
4.86626672744751,7879
4.8702661991119385,7854
4.915268421173096,7849
4.926268815994263,7848
4.939291715621948,7838
4.9922919273376465,7800
4.998273849487305,7799
5.000282287597656,7772
5.010290622711182,7764
5.047276496887207,7760
5.102298974990845,7740
5.117297410964966,7735
5.117297410964966,7734
5.121298789978027,7724
5.140284299850464,7697
5.204303503036499,7669
5.206303358078003,7668
5.232288837432861,7646
5.234288692474365,7638
5.244288921356201,7571
5.24829626083374,7566
5.414312362670898,7543
5.972330808639526,7542
11.597678184509277,7542
