2.3979203701019287,9267
2.3979203701019287,9204
2.3979203701019287,9184
2.4760448932647705,9133
2.4916698932647705,9099
2.4916698932647705,9074
2.5072946548461914,9063
2.5229201316833496,8929
2.5229201316833496,8907
2.5229201316833496,8881
2.5229201316833496,8845
2.5229201316833496,8840
2.538545846939087,8731
2.6010453701019287,8659
2.6010453701019287,8649
2.7252399921417236,8638
3.06327486038208,8527
3.06327486038208,8498
3.06327486038208,8463
3.06327486038208,8443
3.06327486038208,8397
3.078925371170044,8301
3.082094430923462,8281
3.082094430923462,8196
3.10512113571167,8144
3.1297945976257324,8118
3.1297945976257324,8116
3.1297945976257324,8105
3.1297945976257324,8087
3.1606249809265137,8046
3.17667293548584,8035
3.17667293548584,7992
3.4270076751708984,7991
3.4270076751708984,7972
3.4691038131713867,7942
3.4881041049957275,7930
3.6625311374664307,7784
4.644647121429443,7782
4.74886679649353,7757
4.7698681354522705,7722
4.7858686447143555,7686
5.436269760131836,7681
7.029330730438232,7657
7.2345263957977295,7565
7.341259717941284,7547
7.423177480697632,7543
7.499281883239746,7542
11.240776062011719,7542
