1.3961076736450195,9557
1.3961076736450195,9462
1.3971083164215088,9408
1.3981080055236816,9342
1.400083303451538,9323
1.4041008949279785,9283
1.4051008224487305,9281
1.4051008224487305,9197
1.4081010818481445,9178
1.4091005325317383,9065
1.4091005325317383,8963
1.4121007919311523,8896
1.4150819778442383,8819
1.4461030960083008,8732
1.5121150016784668,8675
1.5941200256347656,8619
1.5951213836669922,8555
1.6291217803955078,8479
1.6351237297058105,8465
1.6421229839324951,8444
1.6421229839324951,8443
1.6421229839324951,8406
1.6991281509399414,8385
1.7011277675628662,8324
1.7041261196136475,8264
1.7071282863616943,8251
1.7131290435791016,8144
1.7741317749023438,8138
2.1331515312194824,8085
2.1441538333892822,8069
2.1451539993286133,8017
2.1681549549102783,7968
2.1751534938812256,7964
2.3401362895965576,7961
2.3491363525390625,7946
2.530174732208252,7941
2.5351767539978027,7929
2.662184238433838,7923
2.9802024364471436,7906
2.9882030487060547,7890
2.9902026653289795,7889
2.9952023029327393,7815
3.011204242706299,7791
3.0822083950042725,7784
3.112210750579834,7716
3.133211135864258,7706
3.1542129516601562,7701
3.157212972640991,7679
3.175213575363159,7628
3.1762139797210693,7609
3.1972134113311768,7566
3.382197380065918,7561
3.3992254734039307,7542
