0.0031371116638183594,29700
0.013285160064697266,29436
0.015588998794555664,29182
0.020743131637573242,29073
0.03229117393493652,28281
0.034390926361083984,27959
0.038488149642944336,27811
0.042875051498413086,27642
0.048703908920288086,26729
0.05133509635925293,26662
0.05942511558532715,26575
0.06299424171447754,26303
0.07887005805969238,26236
0.08148598670959473,26208
0.09313607215881348,25998
0.09768795967102051,25846
0.10263919830322266,25782
0.10519909858703613,25655
0.1105201244354248,25336
0.1143331527709961,25154
0.1161048412322998,25083
0.11857414245605469,24334
0.1294078826904297,24309
0.14134502410888672,24103
0.15126800537109375,23983
0.1537158489227295,23618
0.1813199520111084,23046
0.18276095390319824,22524
0.19304609298706055,21878
0.19607806205749512,21454
0.5206608772277832,21331
0.5401909351348877,21013
0.5464601516723633,20343
0.612083911895752,20331
0.636207103729248,20307
0.6374850273132324,20047
0.6436090469360352,19890
0.6488461494445801,19638
0.7005429267883301,19500
0.7701430320739746,19221
1.0193541049957275,19066
1.0826520919799805,19063
1.0877199172973633,18690
1.0916342735290527,18406
1.1034202575683594,18378
1.1067039966583252,18140
1.1091609001159668,18107
1.1131088733673096,17900
1.1207530498504639,17876
1.1232399940490723,17729
1.166834831237793,17609
1.187162160873413,17552
1.226402997970581,17189
1.2609000205993652,16938
1.267529010772705,16836
1.2702300548553467,16523
1.2752492427825928,16056
1.277237892150879,15616
1.2796359062194824,14897
1.2831642627716064,14445
1.2946460247039795,14418
1.295861005783081,14351
1.3392491340637207,14123
1.3417110443115234,13799
1.469897985458374,13786
1.4735968112945557,13548
1.8076450824737549,13215
1.8800671100616455,13053
1.885612964630127,13015
1.8881089687347412,12967
1.890444040298462,12835
1.8916590213775635,12746
1.8968439102172852,12538
1.9155361652374268,12504
1.9187190532684326,12340
1.9284131526947021,12274
1.9296729564666748,12201
1.9503049850463867,12121
1.9789738655090332,12093
1.9802639484405518,12054
1.9814980030059814,12026
1.9830691814422607,11878
2.003589153289795,11876
2.039698839187622,11853
2.1998960971832275,11737
2.22163987159729,11601
2.246127128601074,11460
2.252742052078247,11382
2.5040409564971924,11351
2.558328151702881,11313
2.5941290855407715,10895
2.59854793548584,10892
2.600849151611328,10863
2.613511085510254,10738
2.6439640522003174,10715
2.6451430320739746,10698
2.7465319633483887,10603
2.7482070922851562,10442
2.986135959625244,10427
3.839008092880249,10216
3.8998830318450928,10011
3.978523015975952,9955
4.108291149139404,9645
4.230327129364014,9608
4.284265995025635,9580
4.287851095199585,9569
4.331911087036133,9563
4.427847146987915,9556
4.450268030166626,9454
4.684319972991943,9407
4.910965919494629,9379
4.913357973098755,9354
4.932018995285034,9294
4.947378873825073,9286
4.952613115310669,9212
5.186860084533691,9178
5.608598947525024,9167
5.688023090362549,9141
5.689686059951782,9093
5.700793981552124,9088
5.901831865310669,9071
8.353261947631836,8811
8.425958156585693,8742
8.527289152145386,8717
8.654834270477295,8710
10.57947301864624,8700
38.23329520225525,8633
38.356173038482666,8629
38.87588906288147,8612
38.88334608078003,8558
39.07157492637634,8535
39.82404923439026,8440
40.74220108985901,8439
40.74453902244568,8433
41.26340293884277,8428
41.28127884864807,8347
43.742457151412964,8310
43.791911125183105,8293
167.0534770488739,8289
168.7559850215912,8259
168.87736010551453,8183
196.05202722549438,8172
