1.3840878009796143,9392
1.3870863914489746,9265
1.3880879878997803,9261
1.3900880813598633,9258
1.3910868167877197,9227
1.3910868167877197,9213
1.4050874710083008,9173
1.4080889225006104,8928
1.4090893268585205,8899
1.5210943222045898,8897
1.542097568511963,8888
1.546093225479126,8831
1.5560965538024902,8788
1.5580966472625732,8750
1.5590972900390625,8685
1.5670995712280273,8682
1.5771000385284424,8679
1.7181060314178467,8624
1.7221064567565918,8582
1.7361071109771729,8566
1.7361071109771729,8481
1.738107442855835,8461
1.7661089897155762,8385
1.8321123123168945,8351
1.8491153717041016,8279
1.8521137237548828,8205
1.8561139106750488,8195
1.858114242553711,8153
1.8591153621673584,8150
1.891108751296997,8142
1.8961083889007568,8106
1.8981082439422607,8103
1.9031093120574951,8094
1.9041094779968262,8088
1.9061088562011719,8070
1.909114122390747,8041
1.9111106395721436,8018
1.916109561920166,7999
1.9181101322174072,7994
1.923109769821167,7968
2.6661629676818848,7940
2.667163372039795,7845
2.6741621494293213,7796
2.6801624298095703,7789
2.7821452617645264,7783
2.7921414375305176,7772
2.8031423091888428,7771
2.968165397644043,7765
2.9891724586486816,7648
2.994173049926758,7601
3.0131545066833496,7582
3.053157091140747,7578
3.058180570602417,7577
3.2761690616607666,7542
