1.0690834522247314,10282
1.0720829963684082,10133
1.159087896347046,10131
1.160088062286377,9990
1.2050707340240479,9949
1.2100880146026611,9890
1.2100880146026611,9776
1.2110905647277832,9648
1.2140910625457764,9640
1.2190916538238525,9500
1.2220911979675293,9419
1.2260923385620117,9317
1.382101058959961,9184
1.40810227394104,9109
1.411107063293457,9098
1.4381041526794434,9087
1.4391040802001953,9079
1.4401042461395264,9035
1.4421045780181885,8998
1.4431042671203613,8960
1.4471051692962646,8930
1.4631104469299316,8786
1.5601186752319336,8778
1.5611188411712646,8759
1.5621192455291748,8737
1.617124319076538,8720
1.6181244850158691,8692
1.6191251277923584,8652
1.722127914428711,8636
1.7231285572052002,8601
1.7391314506530762,8596
1.7451317310333252,8571
1.7531325817108154,8534
1.800133466720581,8521
1.919140338897705,8508
1.921140432357788,8458
1.9221410751342773,8424
1.923140525817871,8421
1.923140525817871,8413
2.2061572074890137,8382
2.365165948867798,8304
2.578178644180298,8275
2.600181818008423,8258
2.6421821117401123,8245
3.508232831954956,8233
3.6302130222320557,8229
3.7422471046447754,8228
