2.213430166244507,8854
2.213430166244507,8842
2.5071144104003906,8750
2.5071144104003906,8714
2.5071144104003906,8660
2.8209962844848633,8641
2.8209962844848633,8463
2.8209962844848633,8452
2.8209962844848633,8417
2.8991215229034424,8388
2.8991215229034424,8350
2.8991215229034424,8349
2.8991215229034424,8334
2.8991215229034424,8259
2.8991215229034424,8198
2.8991215229034424,8169
2.9147467613220215,8103
2.992847204208374,8049
2.992847204208374,7939
3.353604555130005,7875
3.353604555130005,7861
3.353604555130005,7855
3.369229793548584,7796
3.416128158569336,7766
3.7911336421966553,7757
3.869258403778076,7735
4.369260549545288,7711
4.369260549545288,7705
4.431760311126709,7695
4.478635549545288,7625
4.697387218475342,7624
4.697387218475342,7597
5.931770086288452,7596
7.046861171722412,7548
7.078111171722412,7547
7.3780317306518555,7543
7.412503480911255,7542
10.602235555648804,7542
