0.0029468536376953125,27203
0.00902700424194336,27128
0.011221170425415039,26683
0.01374506950378418,26547
0.016289949417114258,26226
0.14198994636535645,26212
0.14541101455688477,25292
0.19696807861328125,25020
0.29445409774780273,24991
0.502255916595459,24971
0.5033948421478271,24968
0.5065350532531738,24910
0.5252559185028076,24776
0.5276529788970947,24490
0.5749552249908447,24443
0.5772240161895752,24245
0.6039581298828125,24182
0.609961986541748,23288
0.634713888168335,23154
0.6360390186309814,21873
0.7436819076538086,21698
1.1947500705718994,21676
1.208801031112671,21515
1.2345750331878662,21489
1.238218069076538,20970
1.2597777843475342,20839
1.2642168998718262,20728
1.2772719860076904,20669
1.3043150901794434,20244
1.3138699531555176,20003
1.322052001953125,19990
1.3441529273986816,19975
1.3515028953552246,19881
1.3567440509796143,19812
1.3642010688781738,19637
1.365358829498291,19571
1.366940975189209,19207
1.3763859272003174,19078
1.3794620037078857,19076
1.3842699527740479,19009
1.4067449569702148,19007
1.4134230613708496,18128
1.4169979095458984,17954
1.4256751537322998,17888
1.4330031871795654,17781
1.435359001159668,17770
1.4377858638763428,17156
1.444822072982788,16837
1.4459869861602783,16572
1.4482200145721436,16313
1.4504530429840088,16032
1.4526841640472412,15795
1.467566967010498,15506
1.482032060623169,15488
1.4842782020568848,14481
1.5005710124969482,14061
1.5521049499511719,14050
1.5532817840576172,13998
1.554443120956421,13420
1.5568480491638184,13103
1.5620388984680176,13096
1.6109740734100342,12546
1.6336560249328613,12356
1.6793019771575928,12134
1.694220781326294,11878
1.7004189491271973,11781
2.101613998413086,11754
2.136230945587158,11748
2.1385838985443115,11693
2.1851511001586914,11650
2.258070230484009,11635
2.269059896469116,11612
2.3116707801818848,11587
2.3152878284454346,11574
2.440645933151245,11564
2.443946123123169,11479
2.4828598499298096,11443
2.514141082763672,11435
2.541378974914551,11297
2.546544075012207,11096
2.558210849761963,10976
2.579179048538208,10882
2.6136221885681152,10797
2.639171838760376,10721
2.6586508750915527,10604
2.674147844314575,10599
2.678924798965454,10587
2.8082520961761475,10573
3.1607439517974854,10571
3.1636288166046143,10442
3.166025161743164,10432
3.16841721534729,10373
3.2507829666137695,10234
3.3217461109161377,10217
3.6257340908050537,10135
3.821000099182129,10044
3.8373639583587646,10018
3.895673990249634,10016
3.9997079372406006,10011
4.0683770179748535,9982
4.099205017089844,9296
4.111824035644531,9227
4.280747175216675,8970
4.378126859664917,8842
4.428870916366577,8615
4.9659318923950195,8594
4.978262186050415,8497
6.326681852340698,8467
6.5288238525390625,8465
6.611289024353027,8393
207.55642104148865,8391
207.56196117401123,8267
208.2521629333496,8266
