2.0988173484802246,9120
2.0988173484802246,8990
2.0988173484802246,8984
2.22381591796875,8949
2.2818801403045654,8948
2.3600142002105713,8931
2.3756392002105713,8918
2.6097211837768555,8800
2.6117208003997803,8774
2.6327223777770996,8755
2.7787022590637207,8717
2.9765524864196777,8710
2.992177724838257,8678
2.992177724838257,8617
3.039052724838257,8548
3.039052724838257,8520
3.039052724838257,8512
3.039052724838257,8393
3.1171786785125732,8375
3.1328036785125732,8336
3.2871620655059814,8329
3.2871620655059814,8323
3.2871620655059814,8318
3.2871620655059814,8283
3.301652669906616,8215
3.3026607036590576,8179
3.5303728580474854,8176
3.5459976196289062,8124
3.7178735733032227,8094
3.838038682937622,8082
3.838038682937622,8077
4.3891448974609375,8042
4.404770135879517,8029
4.777298212051392,8001
5.299607038497925,7998
6.079553604125977,7997
6.126430988311768,7991
6.378796577453613,7987
6.394421577453613,7979
8.357187271118164,7959
9.087926864624023,7954
10.835510492324829,7954
