1.4340839385986328,9149
1.4580845832824707,9029
1.459085464477539,8891
1.462085485458374,8867
1.4740862846374512,8823
1.5300898551940918,8792
1.5300898551940918,8642
1.5420901775360107,8614
1.5430901050567627,8608
1.5620908737182617,8577
1.5660910606384277,8573
1.571092128753662,8558
1.5800926685333252,8553
1.6590971946716309,8524
1.667097568511963,8497
1.680098295211792,8475
1.7771039009094238,8469
1.779104232788086,8416
1.8591089248657227,8414
1.8771097660064697,8382
1.8771097660064697,8345
1.8811099529266357,8339
1.8831102848052979,8256
1.9371132850646973,8239
1.9381132125854492,8135
2.9141979217529297,8124
2.963200330734253,8119
2.9982025623321533,8109
2.9992029666900635,8087
3.3102214336395264,8082
4.297250509262085,8077
4.325281143188477,8044
4.580294609069824,8034
4.619297504425049,8023
4.620296955108643,8015
4.684301137924194,8008
4.717304706573486,7999
4.720303297042847,7988
4.728304147720337,7971
10.584646463394165,7970
10.619648456573486,7965
10.942667245864868,7963
11.110679149627686,7958
