1.3760509490966797,9047
1.3790509700775146,9042
1.3870513439178467,8877
1.3910517692565918,8836
1.3930516242980957,8816
1.408052682876587,8765
1.419053316116333,8719
1.4210529327392578,8638
1.4260540008544922,8609
1.4290540218353271,8596
1.4300537109375,8516
1.431053876876831,8515
1.4340541362762451,8443
1.435054063796997,8415
1.6120645999908447,8394
1.62306547164917,8331
1.628065586090088,8330
1.63606595993042,8302
1.75307297706604,8259
2.107093334197998,8239
2.10909366607666,8204
2.110093832015991,8195
2.119094133377075,8194
2.119094133377075,8193
2.1240944862365723,8171
2.1240944862365723,8158
2.1340951919555664,8123
2.1410953998565674,8070
2.1460959911346436,7984
2.214099645614624,7958
2.2511019706726074,7942
2.253101348876953,7776
2.2721028327941895,7745
2.2781035900115967,7738
2.305105209350586,7685
2.327106237411499,7671
2.5081167221069336,7648
2.536118268966675,7634
2.701127767562866,7614
2.7201290130615234,7591
2.7261290550231934,7542
