2.1761879920959473,8967
2.1771888732910156,8929
2.2161896228790283,8885
2.2171919345855713,8818
2.3211967945098877,8806
2.5202085971832275,8792
2.5341999530792236,8599
3.0001494884490967,8589
3.0211338996887207,8574
3.0241332054138184,8540
3.096137046813965,8511
3.0971367359161377,8502
3.116157293319702,8362
3.3237359523773193,8358
3.3257360458374023,8357
3.3287360668182373,8346
3.3840529918670654,8324
3.5038211345672607,8268
3.592545509338379,8236
3.6217715740203857,8186
3.6776998043060303,8181
3.686680793762207,8113
3.698699951171875,8100
3.6997005939483643,8038
3.7007009983062744,8037
3.7067086696624756,8023
3.7107112407684326,7994
3.714709758758545,7958
4.119455814361572,7914
4.121883392333984,7879
4.1375367641448975,7868
4.1375367641448975,7847
4.153149127960205,7815
4.153149127960205,7806
4.184411287307739,7798
4.184411287307739,7663
4.200035333633423,7629
4.262536287307739,7613
4.474213361740112,7595
4.505491256713867,7594
4.505491256713867,7592
4.505491256713867,7582
4.521116495132446,7565
4.745781183242798,7548
5.2982611656188965,7542
10.753268241882324,7542
