2.0030996799468994,8929
2.185292959213257,8817
2.4721148014068604,8696
2.4721148014068604,8618
2.4877395629882812,8599
2.5800979137420654,8550
2.6717545986175537,8486
2.755581855773926,8476
2.771207571029663,8466
2.771207571029663,8441
2.771207571029663,8421
2.9989242553710938,8389
3.011254072189331,8356
3.011254072189331,8309
3.011254072189331,8286
3.0269052982330322,8227
3.0269052982330322,8218
3.0269052982330322,7993
3.0269052982330322,7971
3.0269052982330322,7867
3.042529821395874,7866
3.621044635772705,7860
3.896907091140747,7832
3.89812970161438,7751
3.9137816429138184,7724
3.9137816429138184,7713
3.9137816429138184,7712
4.1339805126190186,7687
4.149235963821411,7665
4.164879083633423,7634
4.309771776199341,7597
4.345684766769409,7586
4.70020604133606,7581
4.883753299713135,7547
5.235631704330444,7542
10.931977033615112,7542
