1.4681148529052734,9325
1.4691154956817627,9297
1.4691154956817627,9087
1.4701151847839355,9044
1.4701151847839355,8918
1.4871160984039307,8804
1.4951167106628418,8695
1.4971168041229248,8660
1.4991168975830078,8524
1.5841217041015625,8428
1.7841238975524902,8355
1.7991249561309814,8260
1.8401260375976562,8239
1.9081311225891113,8207
2.0151638984680176,8099
2.021141767501831,7995
2.0731406211853027,7990
2.078141212463379,7936
2.1561403274536133,7915
2.1571266651153564,7861
2.1941475868225098,7813
2.1941475868225098,7755
2.404139518737793,7737
2.415140390396118,7603
2.7031776905059814,7592
2.8311662673950195,7588
2.8611674308776855,7565
4.053256511688232,7548
4.1282618045806885,7543
4.683274030685425,7542
