0.0037717819213867188,31183
0.015121936798095703,30283
0.018990755081176758,30143
0.021773815155029297,29952
0.02920675277709961,29644
0.03172874450683594,29224
0.034491777420043945,28462
0.03943490982055664,27433
0.046930789947509766,27013
0.04953598976135254,26923
0.05406904220581055,26785
0.05762672424316406,26652
0.05942487716674805,26096
0.06417274475097656,25509
0.09044194221496582,24701
0.09295892715454102,24572
0.09540462493896484,24452
0.0984499454498291,24334
0.1084597110748291,24315
0.1109466552734375,23971
0.1134028434753418,23742
0.1154487133026123,23094
0.11893892288208008,22805
0.12164878845214844,22429
0.1329958438873291,22357
0.1767597198486328,22194
0.19469594955444336,22075
0.20573973655700684,21533
0.21277189254760742,21156
0.2503528594970703,21154
0.2550687789916992,21056
0.27166175842285156,20929
0.3409149646759033,20727
0.3725247383117676,20371
0.374605655670166,20077
0.40330076217651367,19980
0.41315793991088867,19967
0.41527295112609863,19683
0.6040709018707275,19681
0.6065206527709961,19560
0.6089708805084229,19519
0.6114077568054199,19485
0.6257307529449463,19419
0.6306197643280029,18889
0.6331179141998291,18744
0.6377279758453369,18693
0.6397428512573242,18489
0.7074239253997803,18429
0.711864709854126,18417
0.7206027507781982,18311
0.7404947280883789,18293
0.7939929962158203,18238
0.7958128452301025,18146
0.7977337837219238,18036
0.7998766899108887,17629
0.8150718212127686,17557
0.849247932434082,17423
0.8518767356872559,17384
0.8549678325653076,17319
0.9063906669616699,16566
0.9088437557220459,16094
0.9113297462463379,16035
0.9421257972717285,15839
0.9448337554931641,15796
0.9477818012237549,15505
0.9828639030456543,15483
0.9852957725524902,15432
0.9881799221038818,15424
0.9956717491149902,15314
1.035691738128662,15124
1.0462589263916016,14982
1.0906848907470703,14773
1.1400079727172852,14195
1.1684648990631104,13820
1.3585736751556396,13805
1.3625767230987549,13372
1.5559978485107422,13321
1.5581088066101074,13254
1.7083327770233154,13114
1.7138988971710205,13098
1.7428739070892334,13078
1.765535831451416,13024
1.875229835510254,13006
1.9382977485656738,12862
1.9459857940673828,12830
1.948577642440796,12374
2.0707437992095947,12238
2.1118500232696533,12232
2.1143128871917725,12196
2.170203924179077,12058
2.2501659393310547,11982
2.277944803237915,11733
2.282524824142456,11728
2.328951835632324,11579
2.7187299728393555,11505
2.827645778656006,11389
2.8309178352355957,11371
2.935231924057007,11145
2.9363298416137695,10984
2.9394168853759766,10878
3.0028488636016846,10804
3.028108835220337,10693
3.054123640060425,10569
3.069722890853882,10560
3.123828887939453,10554
3.126635789871216,10087
3.3144237995147705,10009
3.9550747871398926,9989
3.9561820030212402,9856
4.090446710586548,9845
4.0986487865448,9813
4.367816925048828,9612
4.483134984970093,9584
5.2931437492370605,9537
5.341371774673462,9491
5.562158823013306,9066
6.378686904907227,9013
6.730163812637329,8887
6.9740989208221436,8862
7.029927968978882,8846
7.735944986343384,8659
8.859608888626099,8645
8.92735481262207,8554
8.997179746627808,8521
88.10981297492981,8315
88.28282189369202,8277
88.29539203643799,8272
89.14893174171448,8078
89.17823481559753,8063
89.17937994003296,8055
89.22018194198608,8047
89.22145581245422,8003
89.93791270256042,8000
90.79344272613525,7988
91.7413318157196,7959
91.74401998519897,7946
91.94058084487915,7935
93.4257447719574,7930
