1.220073938369751,10206
1.220073938369751,10133
1.2210736274719238,9844
1.228074550628662,9642
1.2300748825073242,9629
1.2980785369873047,9592
1.3010790348052979,9519
1.3010790348052979,9448
1.4220857620239258,9384
1.4220857620239258,9289
1.4220857620239258,9201
1.4230868816375732,9190
1.4230868816375732,9056
1.4300861358642578,8988
1.434086561203003,8951
1.4360864162445068,8831
1.4360864162445068,8796
1.4370863437652588,8783
1.438086748123169,8781
1.4420866966247559,8709
1.4420866966247559,8675
1.4440865516662598,8658
1.454087495803833,8629
1.5590934753417969,8465
1.569094181060791,8401
1.570094108581543,8395
1.5710937976837158,8354
1.6090962886810303,8342
1.6100964546203613,8323
1.6130967140197754,8279
1.727104902267456,8253
1.727104902267456,8122
1.7281031608581543,8070
1.7291030883789062,7852
1.7521042823791504,7830
2.009145736694336,7798
2.010117769241333,7784
2.0241448879241943,7782
2.0601203441619873,7775
2.0631208419799805,7729
2.3341662883758545,7692
2.3391659259796143,7691
