0.0013186931610107422,30573
0.0026810169219970703,29948
0.012018918991088867,29897
0.014041900634765625,29079
0.024640798568725586,28899
0.02575993537902832,28704
0.032716989517211914,28410
0.03394794464111328,28252
0.04619097709655762,27988
0.0488739013671875,27935
0.12369775772094727,27881
0.12480998039245605,27429
0.12591886520385742,27144
0.12813210487365723,26793
0.12994694709777832,26791
0.13149404525756836,26607
0.13629579544067383,26582
0.13910174369812012,26547
0.1402149200439453,26383
0.1424398422241211,26234
0.15091800689697266,26044
0.19059181213378906,26003
0.1917591094970703,25127
0.20399785041809082,25122
0.20592689514160156,24383
0.23456096649169922,24141
0.3684849739074707,24137
0.3827848434448242,23844
0.4383409023284912,23775
0.46183109283447266,23523
0.46837687492370605,23521
0.47406578063964844,23510
0.4751930236816406,22278
0.47629404067993164,22271
0.4796640872955322,21910
0.4935269355773926,21700
0.506605863571167,21666
0.5257070064544678,21362
0.5290060043334961,21230
0.6161010265350342,21207
0.9824070930480957,21189
0.9936039447784424,21185
0.9963669776916504,20547
1.0166387557983398,20447
1.022447109222412,20010
1.074509859085083,18845
1.0970900058746338,18839
1.0993027687072754,18504
1.1608939170837402,18449
1.162769079208374,18164
1.177128791809082,17539
1.1804687976837158,17333
1.1820099353790283,17167
1.190269947052002,16752
1.1966829299926758,16517
1.2019388675689697,16302
1.2036209106445312,15461
1.2468430995941162,15128
1.2600579261779785,15001
1.2661149501800537,14773
1.269117832183838,14599
1.2714409828186035,14573
1.276627779006958,14474
1.2789480686187744,14465
1.289484977722168,14271
1.3258168697357178,14201
1.3273298740386963,14007
1.3569560050964355,13988
1.359684944152832,13942
1.3797218799591064,13906
1.3808848857879639,13905
1.381998062133789,13831
1.3967678546905518,13769
1.4036409854888916,13764
1.406491994857788,13679
1.40922212600708,13655
1.4610097408294678,13636
1.4622130393981934,13612
1.5065240859985352,13590
1.508795976638794,13575
1.5562810897827148,13544
1.591526746749878,13538
1.5926470756530762,13487
1.593761920928955,13443
1.6310539245605469,13314
1.9602069854736328,13313
1.961319923400879,13240
2.0070130825042725,12848
2.0156619548797607,12614
2.1134047508239746,11446
2.148359775543213,11439
2.1511027812957764,11308
2.187608003616333,11207
2.189164876937866,10510
2.208940029144287,10382
2.2969958782196045,10255
2.337751865386963,10030
2.407243013381958,9994
2.4084200859069824,9836
2.565534830093384,9761
3.2811238765716553,9755
3.630513906478882,9726
3.660290002822876,9711
3.697114944458008,9705
3.6985247135162354,9657
3.7666637897491455,9652
3.769777774810791,9571
3.8448870182037354,9566
3.9556210041046143,9547
4.038078784942627,9522
4.054119825363159,9315
4.08303689956665,9308
4.213404893875122,9249
5.058514833450317,9234
5.060267925262451,9140
5.710551023483276,9117
6.050174951553345,9062
25.694836854934692,9031
25.79033899307251,8952
26.32273769378662,8946
26.42713689804077,8933
27.521583080291748,8930
27.8612220287323,8916
29.23400378227234,8894
30.82750391960144,8866
30.99403190612793,8776
50.91378402709961,8612
50.989449977874756,8605
52.10134696960449,8594
54.61813187599182,8585
54.621315002441406,8570
72.94471788406372,8511
73.29556488990784,8488
74.45424771308899,8463
75.40508985519409,8450
75.49376702308655,8421
75.9896068572998,8305
77.91239500045776,8288
163.46134090423584,8258
163.69882988929749,8180
165.58836913108826,8175
