1.9911372661590576,9091
1.9921371936798096,9004
2.27315354347229,8828
2.277134895324707,8790
2.27813458442688,8748
2.2791523933410645,8744
2.2791523933410645,8634
2.4611659049987793,8525
2.4961466789245605,8504
2.514148235321045,8488
2.734161376953125,8486
2.734161376953125,8482
2.735161066055298,8476
2.735161066055298,8474
2.735161066055298,8171
3.0311789512634277,8141
3.033195972442627,8118
3.0351979732513428,7921
3.0351979732513428,7920
3.295212507247925,7906
3.295212507247925,7855
4.045261383056641,7811
4.048255205154419,7810
4.705294370651245,7773
4.712299108505249,7769
4.818305969238281,7738
4.8232831954956055,7703
4.82528281211853,7689
4.827300786972046,7685
4.8353071212768555,7665
4.871305227279663,7644
4.881306171417236,7643
4.891305208206177,7616
4.9053075313568115,7605
4.912309646606445,7576
4.927309036254883,7565
5.008293628692627,7542
11.197675228118896,7542
