2.295726776123047,9308
2.4747650623321533,9217
2.5156257152557373,9159
2.5156257152557373,9142
2.520627737045288,9125
2.5867300033569336,8980
2.587797164916992,8916
2.9496653079986572,8896
2.9496653079986572,8853
2.9496653079986572,8806
2.9710230827331543,8759
2.9710230827331543,8753
2.986675500869751,8615
3.0022993087768555,8549
3.0679852962493896,8522
3.068984270095825,8311
3.4149227142333984,8275
3.418149948120117,8267
3.418149948120117,8253
3.4494011402130127,8208
3.4494011402130127,8206
3.4650235176086426,8153
3.4650235176086426,8123
3.719731569290161,8088
3.719731569290161,8023
4.268124103546143,8002
4.291254281997681,7995
4.3069069385528564,7994
4.395704746246338,7966
4.433743238449097,7965
5.734105825424194,7954
5.904805421829224,7946
5.937804937362671,7945
6.071191310882568,7939
6.2001988887786865,7938
7.687938690185547,7934
11.639519453048706,7934
