0.0014069080352783203,29407
0.004608869552612305,29204
0.005627870559692383,29135
0.006705760955810547,28825
0.007752895355224609,28585
0.008775949478149414,27985
0.01005697250366211,27912
0.011105775833129883,27675
0.01314687728881836,27648
0.014165878295898438,27615
0.015194892883300781,27536
0.018460988998413086,27440
0.019490718841552734,26446
0.02051568031311035,26282
0.021558046340942383,25942
0.023621797561645508,25928
0.024647951126098633,25828
0.026998043060302734,25660
0.0280609130859375,25030
0.029733896255493164,24592
0.030978679656982422,24179
0.03886699676513672,23863
0.04070687294006348,23433
0.043045759201049805,23254
0.04897284507751465,22898
0.05118680000305176,22837
0.05446577072143555,22546
0.055493831634521484,22392
0.05652976036071777,21562
0.06252908706665039,21508
0.06355977058410645,21468
0.06836986541748047,21344
0.07094669342041016,20779
0.0719759464263916,20701
0.08342981338500977,20349
0.09315896034240723,20120
0.09442782402038574,19599
0.09860873222351074,19539
0.10080170631408691,19515
0.10280394554138184,19274
0.15595483779907227,19077
0.15900087356567383,19000
0.17422986030578613,18325
0.2324967384338379,18026
0.23741698265075684,17268
0.23843669891357422,17018
0.2404496669769287,16993
0.24147987365722656,16915
0.2427377700805664,16144
0.27284669876098633,15919
0.2878589630126953,15694
0.289949893951416,15367
0.4398338794708252,15247
0.44185876846313477,15087
0.44930386543273926,14889
0.4556288719177246,14801
0.5501048564910889,14389
0.5511338710784912,14347
0.5535507202148438,14237
0.5801029205322266,14211
0.583148717880249,14085
0.5852386951446533,14072
0.5862548351287842,14039
0.5914688110351562,13793
0.6219336986541748,13776
0.6249887943267822,13771
0.6687889099121094,13768
0.7975587844848633,13655
0.8125507831573486,13240
0.8324968814849854,12835
0.8567008972167969,12768
0.8718407154083252,12756
0.911625862121582,12713
0.9142658710479736,12575
0.9153039455413818,12557
0.9173357486724854,12518
0.9183518886566162,12484
0.9416718482971191,12464
0.9426989555358887,12429
0.9877047538757324,12234
1.0881390571594238,11844
1.1154108047485352,11821
1.1417160034179688,11715
1.1671926975250244,11340
1.1922156810760498,11055
1.1993467807769775,10909
1.2015717029571533,10818
1.2956607341766357,10565
1.356940746307373,10481
1.3600788116455078,10275
1.3843398094177246,10246
1.3863317966461182,10242
1.4271519184112549,10201
1.4611079692840576,10195
1.4841349124908447,10161
1.4888498783111572,9947
1.6627037525177002,9881
1.9604449272155762,9688
2.0529370307922363,9547
2.0599818229675293,9511
2.2459847927093506,9433
2.6361610889434814,9139
2.8471617698669434,9102
2.872469902038574,9095
2.873504638671875,9059
2.9223806858062744,9031
2.950068950653076,9001
3.5085418224334717,8988
3.5520057678222656,8954
3.593094825744629,8844
4.4495790004730225,8833
4.544939041137695,8832
5.1297447681427,8767
6.091701984405518,8762
6.094145774841309,8733
14.6076078414917,8685
14.700087785720825,8682
14.773189783096313,8659
33.505053997039795,8647
33.938583850860596,8641
33.998769760131836,8559
34.03774285316467,8556
35.29245972633362,8553
35.44467878341675,8534
36.276381969451904,8435
36.63050079345703,8400
36.63162875175476,8300
36.97325897216797,8299
37.012603759765625,8276
37.43580174446106,8249
37.51249980926514,8209
39.09887075424194,8161
40.27563285827637,8088
40.288779735565186,8040
40.836368799209595,7937
