1.1930427551269531,9759
1.2080435752868652,9724
1.2080435752868652,9685
1.2090437412261963,9656
1.3650527000427246,9647
1.3650527000427246,9616
1.379054069519043,9409
1.3830547332763672,9407
1.388054609298706,9383
1.388054609298706,9363
1.3960552215576172,9359
1.3960552215576172,9349
1.4270570278167725,9283
1.4390575885772705,9230
1.4400577545166016,9181
1.4410579204559326,9180
1.4430580139160156,9158
1.4540586471557617,9139
1.4560587406158447,8996
1.4590587615966797,8857
1.4600589275360107,8783
1.4610590934753418,8756
1.4700596332550049,8638
1.474059820175171,8629
1.5550644397735596,8568
1.5600645542144775,8522
1.5640652179718018,8384
1.5720653533935547,8348
1.5860662460327148,8334
1.587066411972046,8298
1.6920723915100098,8284
1.7240746021270752,8275
1.726074457168579,8202
2.4341158866882324,8191
2.4441165924072266,8161
2.513120412826538,8121
2.5601232051849365,8070
2.5751240253448486,8060
2.5941250324249268,8052
2.838139057159424,8017
2.9141440391540527,8002
2.971147298812866,7954
3.0371510982513428,7943
3.525179624557495,7926
