1.3530490398406982,9800
1.3530490398406982,9737
1.354048728942871,9728
1.356048822402954,9704
1.3580491542816162,9699
1.3660497665405273,9679
1.3730502128601074,9641
1.3750503063201904,9628
1.3810505867004395,9437
1.516059160232544,9267
1.5170588493347168,9236
1.519059181213379,9211
1.5200591087341309,9155
1.524059534072876,9122
1.550060749053955,9064
1.550060749053955,9006
1.550060749053955,8958
1.5700621604919434,8841
1.5800623893737793,8830
1.5860629081726074,8816
1.5880632400512695,8801
1.5910632610321045,8748
1.6030640602111816,8744
1.637066125869751,8596
1.6630675792694092,8560
1.664067268371582,8485
1.665067195892334,8420
1.6840686798095703,8409
1.6850688457489014,8394
1.6980690956115723,8315
1.7180705070495605,8298
1.762073040008545,8287
1.764073133468628,8265
1.765073537826538,8246
1.7950754165649414,8209
1.7950754165649414,8189
1.7970752716064453,8154
1.8990812301635742,8146
1.9340832233428955,8124
1.9450838565826416,7960
1.9490842819213867,7955
1.9550845623016357,7904
2.017087936401367,7837
2.065091133117676,7831
2.185098171234131,7806
2.2761032581329346,7786
3.9462010860443115,7782
3.9552063941955566,7777
4.017205238342285,7750
4.331223487854004,7749
4.448230504989624,7737
4.459230661392212,7736
4.496233224868774,7731
5.81133770942688,7726
