1.5850656032562256,9286
1.6020841598510742,9215
1.6220850944519043,9131
1.6820716857910156,9023
1.6820716857910156,8971
1.6840722560882568,8968
1.7520992755889893,8782
1.7920951843261719,8712
1.7940950393676758,8690
1.7950952053070068,8650
1.7960960865020752,8611
1.7960960865020752,8402
1.8140976428985596,8325
1.8270783424377441,8272
1.8371036052703857,8268
1.8400976657867432,8232
2.1641247272491455,8223
2.1651244163513184,8169
2.1661269664764404,8164
2.1881282329559326,8132
2.191126585006714,8130
2.2161200046539307,8103
2.236119270324707,7952
2.236119270324707,7951
2.236119270324707,7947
2.662156105041504,7933
2.743159532546997,7857
2.761162281036377,7826
2.7671597003936768,7824
2.8211629390716553,7785
2.8271563053131104,7765
2.8341550827026367,7762
2.8471667766571045,7725
2.8561651706695557,7702
3.128180980682373,7691
3.2951908111572266,7672
3.3541958332061768,7596
12.188713073730469,7543
12.316718578338623,7542
