2.383039712905884,8948
2.383039712905884,8919
2.3955447673797607,8740
2.3965461254119873,8687
2.400571584701538,8555
2.401545524597168,8502
2.4175736904144287,8499
3.0349249839782715,8418
3.0349249839782715,8366
3.0349249839782715,8275
3.3798370361328125,8237
3.3868374824523926,8235
3.3888392448425293,8169
3.452552318572998,8008
3.4816887378692627,7997
3.4816887378692627,7994
3.4816887378692627,7889
3.4816887378692627,7864
3.5910613536834717,7853
3.5910613536834717,7781
3.5910613536834717,7751
3.898770332336426,7737
3.913700580596924,7710
4.148162126541138,7696
4.148162126541138,7640
4.179412126541138,7635
4.226287603378296,7591
4.55562162399292,7543
4.816519021987915,7542
10.659119367599487,7542
