1.9408435821533203,9270
1.964752435684204,9140
1.9667551517486572,9043
1.9707529544830322,9030
1.9717557430267334,9024
1.9727554321289062,8965
1.973757028579712,8918
1.9807348251342773,8917
1.9807348251342773,8865
1.9817354679107666,8812
1.9857349395751953,8697
1.9867620468139648,8668
1.9867620468139648,8653
1.9867620468139648,8650
1.9897377490997314,8633
1.9907617568969727,8627
2.1923530101776123,8606
2.208324909210205,8527
2.208324909210205,8524
2.210350513458252,8498
2.211350679397583,8449
2.214332342147827,8432
2.2173242568969727,8389
2.9429104328155518,8364
2.9429104328155518,8349
2.9429104328155518,8326
2.9429104328155518,8241
2.9585354328155518,8227
2.9585354328155518,8139
2.9585354328155518,8121
3.5324742794036865,8055
3.5793490409851074,8038
3.5949740409851074,7981
3.8745317459106445,7967
3.9600636959075928,7944
3.9828379154205322,7935
4.000376462936401,7921
4.03470778465271,7894
4.035706996917725,7855
4.036707878112793,7790
4.252801895141602,7745
4.252801895141602,7729
4.268454074859619,7724
4.4345080852508545,7711
4.4345080852508545,7704
4.450132846832275,7701
4.4657580852508545,7692
4.4657580852508545,7691
4.564130783081055,7680
4.564130783081055,7677
4.564130783081055,7676
4.564130783081055,7653
4.579755783081055,7642
4.637317657470703,7615
4.922403335571289,7604
4.953653812408447,7592
4.953653812408447,7569
4.96928071975708,7558
5.1883299350738525,7554
5.303425073623657,7553
5.329073429107666,7542
11.09030556678772,7542
