1.306077003479004,9018
1.368053913116455,9001
1.3720805644989014,8973
1.3870832920074463,8961
1.3870832920074463,8743
1.6480965614318848,8716
1.7341039180755615,8714
1.7481024265289307,8694
1.7531049251556396,8687
1.7571032047271729,8621
1.7591049671173096,8564
1.7631034851074219,8546
1.764103889465332,8415
1.7711067199707031,8352
1.8511083126068115,8180
1.8511083126068115,8134
1.8681116104125977,8124
1.882110357284546,8118
1.941115140914917,8111
1.9451134204864502,8080
1.9511139392852783,8057
1.9621148109436035,8041
1.9661152362823486,8017
1.9790878295898438,7882
1.997096300125122,7868
2.2141025066375732,7808
2.219102382659912,7807
2.2471044063568115,7746
2.282106399536133,7725
2.318108320236206,7718
2.3311092853546143,7704
2.4621169567108154,7653
2.4991190433502197,7641
2.5071189403533936,7600
3.0381510257720947,7548
3.0531513690948486,7547
3.062152147293091,7542
