0.7150328159332275,1162302
0.7150328159332275,1151163
0.7770364284515381,1123325
0.7890372276306152,1110726
0.7910401821136475,1099359
0.7920372486114502,1089090
0.7960371971130371,1074663
0.7960371971130371,1052579
0.7980399131774902,1045323
0.7990398406982422,1008844
0.9850502014160156,990696
1.1900620460510254,988979
1.1920604705810547,984641
1.202061414718628,974052
1.2040627002716064,963985
1.231062889099121,959590
1.231062889099121,956463
1.231062889099121,956177
1.2340636253356934,951266
1.236063003540039,946402
1.2400639057159424,944980
1.248063564300537,938863
1.2790658473968506,927604
1.2950668334960938,926624
1.3060624599456787,921422
1.3480689525604248,915939
1.3490736484527588,904934
1.9740896224975586,898164
1.9770886898040771,895964
2.006088972091675,895754
2.082123041152954,895142
2.6811554431915283,894159
2.753159523010254,893536
