0.002979278564453125,1107429
0.00398707389831543,1099006
0.0049893856048583984,1096526
0.006987571716308594,1052170
0.012968063354492188,1039576
0.01396799087524414,1034767
0.014968156814575195,1032791
0.021970510482788086,1032754
0.022969961166381836,1012183
0.023970365524291992,1005550
0.029287099838256836,957896
0.029287099838256836,957470
0.029287099838256836,956329
0.029287099838256836,951855
0.044939279556274414,951645
0.044939279556274414,935420
0.044939279556274414,925810
0.060564279556274414,922443
0.07619833946228027,922372
0.07619833946228027,919226
0.07619833946228027,919016
0.09181451797485352,918469
0.09181451797485352,918423
0.09181451797485352,917872
0.10743904113769531,917592
0.13868975639343262,914999
0.16994023323059082,914953
0.18556427955627441,914672
0.3476576805114746,913219
0.6015722751617432,913009
1.1171989440917969,907459
1.1171989440917969,906937
1.179699182510376,906858
1.179699182510376,905604
1.179699182510376,905558
1.179699182510376,905036
1.1953237056732178,904610
1.210949420928955,901462
1.210949420928955,901354
1.210949420928955,901144
1.3203251361846924,900980
1.6022086143493652,898261
1.6647090911865234,897325
1.6803340911865234,896803
1.695957899093628,896593
9.860412359237671,896593
