0.0013051033020019531,2902840
0.002140045166015625,2890224
0.005182981491088867,2859581
0.0062830448150634766,2855992
0.013489961624145508,2834348
0.015598058700561523,2815911
0.017829179763793945,2801857
0.019752979278564453,2794760
0.02057194709777832,2726582
0.022696971893310547,2635539
0.024547100067138672,2621271
0.027580976486206055,2602956
0.028533935546875,2555521
0.035295963287353516,2510268
0.03600788116455078,2499322
0.03915691375732422,2485614
0.04257011413574219,2387265
0.04413485527038574,2368465
0.050753116607666016,2366429
0.07178401947021484,2325387
0.0755300521850586,2317818
0.07645797729492188,2256001
0.08274102210998535,2246817
0.1000509262084961,2219197
0.10164213180541992,2213732
0.10245513916015625,2165439
0.11305403709411621,2137314
0.12966394424438477,2093961
0.1705331802368164,2081307
0.18381118774414062,2047564
0.18844914436340332,2001604
0.2089700698852539,1969263
0.2599151134490967,1945154
0.2614879608154297,1924753
0.26464319229125977,1919729
0.26566195487976074,1906873
0.2664608955383301,1866169
0.27860403060913086,1853205
0.2816739082336426,1831916
0.282379150390625,1824765
0.2840461730957031,1794326
0.28477001190185547,1774487
0.2855339050292969,1763880
0.2864220142364502,1756784
0.2871530055999756,1750340
0.28786301612854004,1740675
0.321897029876709,1739499
0.3310980796813965,1736063
0.3318929672241211,1735824
0.35208821296691895,1711022
0.36652398109436035,1690266
0.3677480220794678,1658532
0.40709400177001953,1641578
0.42652106285095215,1638554
0.4283590316772461,1635129
0.46318793296813965,1623730
0.5405290126800537,1620690
0.5420858860015869,1620216
0.5541398525238037,1581552
0.565403938293457,1568007
0.5871419906616211,1558336
0.5896041393280029,1514866
0.5918710231781006,1476496
0.5928299427032471,1357229
0.5938081741333008,1340634
0.5946009159088135,1222119
0.6110761165618896,1219156
0.6233458518981934,1184387
0.6314890384674072,1144170
0.635033130645752,1138126
0.6541938781738281,1129754
0.6572730541229248,1111891
0.6580438613891602,1108042
0.683690071105957,1100233
0.6852140426635742,1092253
0.764801025390625,1089978
0.8567349910736084,1073200
0.8837010860443115,1052720
0.9073119163513184,1051342
0.9597339630126953,1034573
0.9605491161346436,1026475
0.9822280406951904,1026113
1.0715429782867432,1017590
1.109799861907959,1016880
1.166245937347412,1011993
1.19728684425354,1006369
1.2120881080627441,1005140
1.3526520729064941,1003524
1.3833160400390625,1003482
1.417637825012207,993482
1.4456791877746582,983692
1.5246479511260986,960708
9.705899000167847,959761
9.728841066360474,959051
17.567642211914062,956934
37.794503927230835,951072
72.01499795913696,944698
72.01590204238892,943432
72.0918071269989,934660
72.70574998855591,934450
72.70974802970886,929922
72.74962306022644,928306
73.47720909118652,928020
84.18064212799072,927819
89.4573290348053,926877
101.41777515411377,925534
101.44032692909241,923248
116.8574390411377,914886
129.71216702461243,912719
129.74841713905334,907967
257.33251094818115,907813
456.5353012084961,907288
456.80676794052124,907007
462.46663188934326,906303
463.2279989719391,906122
469.4593012332916,903569
470.30792713165283,902469
