0.9490771293640137,1090617
0.9510583877563477,1087090
0.9520754814147949,1085445
0.9520754814147949,1074675
0.9520754814147949,1047401
1.0760831832885742,1038242
1.0770845413208008,1032895
1.0780847072601318,985012
1.0800838470458984,977848
1.092083215713501,974067
1.2880942821502686,971658
1.2900969982147217,966902
1.2940952777862549,961336
1.383100986480713,943053
1.39510178565979,941656
1.3961012363433838,933095
1.3981013298034668,932621
1.400101661682129,932440
1.4011013507843018,925213
1.512117862701416,921914
1.6971001625061035,920235
1.6991000175476074,920204
1.7051005363464355,909749
1.7161006927490234,906515
1.7581031322479248,903042
1.771103858947754,902861
2.1441256999969482,902373
2.210129499435425,902020
2.22113037109375,901469
2.4031403064727783,899610
2.803164482116699,896404
3.7472195625305176,896070
3.8492252826690674,895700
4.555266857147217,895519
