0.002840757369995117,2902840
0.004972934722900391,2890224
0.01474905014038086,2859581
0.016256093978881836,2855992
0.027414798736572266,2834348
0.0304567813873291,2815911
0.03460097312927246,2801857
0.038140058517456055,2794760
0.03962874412536621,2726582
0.04227781295776367,2635539
0.047083139419555664,2621271
0.053468942642211914,2602956
0.05434703826904297,2555521
0.06051993370056152,2510268
0.061424970626831055,2499322
0.0685129165649414,2485614
0.07480287551879883,2387265
0.07657098770141602,2368465
0.083251953125,2366429
0.11337780952453613,2325387
0.12256479263305664,2317818
0.1242377758026123,2256001
0.13727903366088867,2246817
0.1654670238494873,2219197
0.16927480697631836,2213732
0.17098188400268555,2165439
0.1852099895477295,2137314
0.20954608917236328,2093961
0.27771806716918945,2081307
0.2978959083557129,2047564
0.3047189712524414,2001604
0.33748483657836914,1969263
0.42354273796081543,1945154
0.42693471908569336,1924753
0.43003201484680176,1919729
0.43081092834472656,1906873
0.4315798282623291,1866169
0.4501209259033203,1853205
0.45364904403686523,1831916
0.4544668197631836,1824765
0.4561638832092285,1794326
0.4571537971496582,1774487
0.4579300880432129,1763880
0.4587080478668213,1756784
0.45947694778442383,1750340
0.46028590202331543,1740675
0.5091769695281982,1739499
0.5203080177307129,1736063
0.52115797996521,1735824
0.5498628616333008,1711022
0.5648219585418701,1690266
0.5655970573425293,1658532
0.6150879859924316,1641578
0.6380748748779297,1638554
0.6403260231018066,1635129
0.6834068298339844,1623730
0.7691988945007324,1620690
0.7719907760620117,1620216
0.7851138114929199,1581552
0.7994167804718018,1568007
0.8215818405151367,1558336
0.8275930881500244,1514866
0.8311779499053955,1476496
0.833061933517456,1357229
0.8346009254455566,1340634
0.8359477519989014,1222119
0.859137773513794,1219156
0.8737468719482422,1184387
0.886807918548584,1144170
0.8897678852081299,1138126
0.910081148147583,1129754
0.9124000072479248,1111891
0.9131720066070557,1108042
0.9438958168029785,1100233
0.9451279640197754,1092253
1.032832145690918,1089978
1.1578798294067383,1073200
1.1985340118408203,1052720
1.235597848892212,1051342
1.3173589706420898,1034573
1.3191487789154053,1026475
1.358731746673584,1026113
1.5023188591003418,1017590
1.5495538711547852,1016880
1.623025894165039,1011993
1.6686720848083496,1006369
1.688230037689209,1005140
1.9091191291809082,1003524
1.9517788887023926,1003482
2.0078649520874023,993482
2.0512001514434814,983692
2.1667258739471436,960708
13.959949970245361,958379
14.064013957977295,945305
14.90211009979248,945024
14.975999116897583,944891
14.977715015411377,943696
15.017882823944092,938871
30.259522914886475,919253
91.81653594970703,918498
113.12282705307007,916952
325.7928867340088,913973
325.8380239009857,912357
325.84252095222473,906631
421.57145595550537,906114
505.5695140361786,901829
