0.9300498962402344,1107891
0.9360582828521729,1104465
0.9400713443756104,1090106
0.9420523643493652,1081501
0.9450531005859375,1071980
0.9920554161071777,1069308
1.0000553131103516,1062964
1.0010559558868408,1034224
1.0030560493469238,1031576
1.0050561428070068,1030650
1.0710728168487549,1029567
1.0710728168487549,1024079
1.082059621810913,1021365
1.102062463760376,1007234
1.1860687732696533,1000399
1.1920676231384277,994134
1.1940674781799316,980408
1.1970655918121338,974990
1.1990694999694824,970261
1.1990694999694824,965897
1.2000696659088135,963160
1.245070219039917,938469
1.2460687160491943,938259
1.2480688095092773,924814
1.2500715255737305,919692
1.2500715255737305,919141
1.2520709037780762,916036
1.2530722618103027,914959
1.2570531368255615,914749
1.2580511569976807,911685
1.2590758800506592,910757
1.4340829849243164,910166
1.4360830783843994,905605
1.438084363937378,905576
1.7001049518585205,898311
2.0761287212371826,897958
2.0821263790130615,897025
2.250138521194458,896283
2.305140495300293,895942
2.437148094177246,895691
3.21319580078125,895519
