0.8060448169708252,1075357
0.8060448169708252,1063789
1.0390584468841553,1054696
1.0410606861114502,1030820
1.0410606861114502,1030652
1.0430591106414795,1030348
1.0480613708496094,1022538
1.0490615367889404,1021935
1.0520610809326172,1019634
1.0540592670440674,1018800
1.0610597133636475,1015751
1.0680599212646484,1000395
1.0690603256225586,980805
1.0700609683990479,973424
1.0700609683990479,968599
1.0700609683990479,953894
1.0720622539520264,940329
1.0750608444213867,932833
1.4440841674804688,924140
1.5050859451293945,912829
1.5070881843566895,912278
1.5320870876312256,908979
1.539088249206543,907909
1.569091558456421,907314
1.573091983795166,900150
1.7050995826721191,895792
2.3991379737854004,895281
