0.0009996891021728516,1087584
0.0019998550415039062,1080245
0.010001182556152344,1078245
0.012002229690551758,1057713
0.013001680374145508,1056330
0.016001224517822266,1028855
0.016001224517822266,1023173
0.02000117301940918,1018776
0.02000117301940918,1011973
0.028003454208374023,999394
0.03200411796569824,998783
0.035003662109375,998351
0.05000448226928711,967162
0.0590052604675293,946648
0.08302521705627441,944910
0.08502650260925293,944200
0.08502650260925293,943919
0.08902382850646973,938389
0.12900757789611816,938244
0.13000726699829102,937815
0.13300728797912598,917915
0.13500761985778809,917634
0.14300847053527832,915812
0.15500807762145996,912193
0.15500807762145996,911483
0.17701220512390137,909508
0.19401073455810547,909298
0.20401215553283691,908834
0.22319602966308594,899695
0.22531342506408691,899144
0.6057853698730469,898784
0.6678078174591064,898565
0.7238106727600098,898355
0.7417929172515869,898074
0.8308165073394775,895082
3.605844497680664,894197
10.355853080749512,894197
