0.002000093460083008,2902840
0.003960132598876953,2890224
0.009908199310302734,2859581
0.012180328369140625,2855992
0.02414226531982422,2834348
0.027678251266479492,2815911
0.031179189682006836,2801857
0.035253047943115234,2794760
0.03605031967163086,2726582
0.03875136375427246,2635539
0.04300808906555176,2621271
0.04737710952758789,2602956
0.04983115196228027,2555521
0.06255626678466797,2510268
0.06335115432739258,2499322
0.06785726547241211,2485614
0.07106208801269531,2387265
0.07369709014892578,2368465
0.08102607727050781,2366429
0.10591816902160645,2325387
0.1111910343170166,2317818
0.11225605010986328,2256001
0.11977219581604004,2246817
0.14263510704040527,2219197
0.14426016807556152,2213732
0.1459672451019287,2165439
0.15909028053283691,2137314
0.18207120895385742,2093961
0.2327899932861328,2081307
0.24967503547668457,2047564
0.25450706481933594,2001604
0.28179097175598145,1969263
0.34931206703186035,1945154
0.3509202003479004,1924753
0.35524606704711914,1919729
0.35619139671325684,1906873
0.35718607902526855,1866169
0.37548208236694336,1853205
0.3801131248474121,1831916
0.38091015815734863,1824765
0.38252902030944824,1794326
0.3834202289581299,1774487
0.38422513008117676,1763880
0.38507533073425293,1756784
0.3863251209259033,1750340
0.38716912269592285,1740675
0.42821407318115234,1739499
0.43840527534484863,1736063
0.43918633460998535,1735824
0.47136926651000977,1711022
0.5116891860961914,1690266
0.51249098777771,1658532
0.5659739971160889,1641578
0.5874001979827881,1638554
0.5889761447906494,1635129
0.6338002681732178,1623730
0.7233982086181641,1620690
0.726973295211792,1620216
0.7380433082580566,1581552
0.7517900466918945,1568007
0.7788701057434082,1558336
0.7815291881561279,1514866
0.7832372188568115,1476496
0.7842791080474854,1357229
0.7858333587646484,1340634
0.7868871688842773,1222119
0.8061990737915039,1219156
0.8208870887756348,1184387
0.8314721584320068,1144170
0.8343710899353027,1138126
0.8563752174377441,1129754
0.8619880676269531,1111891
0.8631851673126221,1108042
0.8879070281982422,1100233
0.8891022205352783,1092253
0.9666852951049805,1089978
1.0539612770080566,1073200
1.0818171501159668,1052720
1.1057472229003906,1051342
1.1621801853179932,1034573
1.1629753112792969,1026475
1.1861681938171387,1026113
1.2802660465240479,1017590
1.3476901054382324,1016880
1.4907240867614746,1011993
1.5869860649108887,1006369
1.6065101623535156,1005140
1.7570571899414062,1003524
1.787532091140747,1003482
1.8232722282409668,993482
1.8523881435394287,983692
1.93507719039917,960708
24.45150327682495,952196
24.454021215438843,945395
24.92121720314026,937186
24.976360321044922,934900
25.61488628387451,933478
35.67918825149536,932726
36.01650309562683,928666
36.390308141708374,918666
36.69992017745972,917050
72.46914100646973,910382
72.85045218467712,908960
154.89306616783142,908951
400.08170318603516,906928
543.1733331680298,906806
551.1835231781006,904524
551.1990010738373,903814
