0.8990323543548584,1109559
0.8990323543548584,1088661
0.9000325202941895,1063776
0.961035966873169,1056249
0.961035966873169,1032120
1.1060450077056885,1028832
1.1070454120635986,1021668
1.110065221786499,1014508
1.110065221786499,1012741
1.1120648384094238,1004112
1.1130647659301758,1001602
1.1410491466522217,997284
1.1430470943450928,982701
1.286055564880371,979912
1.287055492401123,976867
1.3330578804016113,971057
1.3480587005615234,969066
1.3490593433380127,962213
1.3520584106445312,948969
1.3530592918395996,937277
1.3540594577789307,936991
1.360060214996338,929128
1.3620600700378418,928495
1.6370761394500732,927182
1.657076358795166,925949
1.6600761413574219,922904
1.6710772514343262,908376
1.679077386856079,907233
1.7010788917541504,906773
1.7020790576934814,906251
2.0951294898986816,905779
2.1601054668426514,904966
2.1791064739227295,902883
2.1801068782806396,902673
2.3811187744140625,902654
2.3881192207336426,901584
2.4111201763153076,899887
2.448122978210449,899677
2.915177822113037,898721
4.049246072769165,898692
4.063244104385376,898511
