0.0009999275207519531,1084283
0.005000114440917969,1079600
0.007000923156738281,1073086
0.009000062942504883,1066853
0.010000467300415039,1066138
0.01200103759765625,1065834
0.01200103759765625,1061794
0.02200007438659668,1059432
0.022999048233032227,1054864
0.023999452590942383,1054665
0.024999141693115234,1047075
0.027001619338989258,1047040
0.027001619338989258,1045343
0.03200101852416992,1039959
0.03499126434326172,1039408
0.03499126434326172,1036489
0.04700183868408203,1035198
0.04700183868408203,1034109
0.04800224304199219,1031722
0.05100727081298828,1016188
0.053002357482910156,1008094
0.053002357482910156,1005366
0.053002357482910156,1004381
0.06100296974182129,988786
0.07798504829406738,979725
0.08998560905456543,977963
0.11200642585754395,975807
0.1429886817932129,959582
0.19599246978759766,959401
0.25799560546875,959255
1.1170654296875,955602
1.1320464611053467,949743
1.1540474891662598,949562
1.2120521068572998,949416
1.3170764446258545,944552
10.09967041015625,944552
