0.783074140548706,1166842
0.783074140548706,1123758
0.784074068069458,1117374
0.8710806369781494,1098527
0.8720791339874268,1096270
0.8730800151824951,1090340
0.9820859432220459,1064817
0.9820859432220459,1053514
1.0290889739990234,1053397
1.0310895442962646,1044619
1.03206205368042,1026685
1.1480956077575684,1015489
1.1590964794158936,1006741
1.160097599029541,997696
1.160097599029541,988655
1.1660895347595215,972617
1.167088508605957,969471
1.167088508605957,950448
1.1840970516204834,948065
1.2840759754180908,947267
1.2880761623382568,941353
1.4000828266143799,939931
1.402082920074463,933796
1.404083251953125,926377
1.413083791732788,925041
1.4800872802734375,924026
1.4820878505706787,921239
1.4850878715515137,919181
1.4910881519317627,915330
1.4960877895355225,910755
1.5650925636291504,909862
1.5670926570892334,908540
2.212130308151245,908164
2.2421324253082275,904687
2.2421324253082275,904477
2.2651333808898926,904296
2.767162799835205,904015
3.1551854610443115,903852
3.1741867065429688,903142
