0.8240482807159424,1109705
0.8240482807159424,1095089
0.8560500144958496,1092904
0.8570501804351807,1089859
0.8720521926879883,1066538
0.9010524749755859,1060195
0.9430551528930664,1050659
1.0670623779296875,1048114
1.0870635509490967,1047607
1.0890636444091797,1044435
1.0920634269714355,1030752
1.1050643920898438,1019097
1.108064889907837,1018386
1.1100647449493408,983201
1.1110649108886719,976646
1.1110649108886719,972961
1.1110649108886719,965726
1.1110649108886719,964162
1.112065076828003,963571
1.119065761566162,960264
1.121065378189087,952464
1.129065752029419,945791
1.129065752029419,942927
1.1320679187774658,942721
1.1360666751861572,939289
1.1450669765472412,932013
1.3840808868408203,931339
1.4770839214324951,927698
1.5110883712768555,923753
1.5600924491882324,920794
1.6090941429138184,908680
1.6270949840545654,908643
1.6290953159332275,901850
1.8611090183258057,899896
2.1751270294189453,899545
2.1981282234191895,898994
2.222130060195923,898784
2.3271355628967285,896556
2.4431424140930176,895706
2.5041465759277344,895292
2.5071468353271484,895082
3.0821800231933594,893959
