0.0030291080474853516,1124416
0.0030291080474853516,1055989
0.005002260208129883,1033098
0.008002042770385742,1031336
0.008002042770385742,1023064
0.009002208709716797,1004796
0.015002012252807617,997158
0.01600193977355957,990378
0.029002666473388672,990097
0.041019439697265625,976576
0.049021005630493164,972312
0.05502176284790039,965014
0.1994929313659668,943991
0.20449304580688477,943781
0.21949481964111328,940849
0.23549413681030273,938848
0.2395005226135254,937086
0.32735323905944824,934203
0.3343539237976074,933922
0.34035444259643555,928104
0.3483545780181885,927894
0.8561766147613525,916657
10.127233982086182,916657
