1.0000596046447754,1029010
1.1040658950805664,1023392
1.107067346572876,1022594
1.108064889907837,1011558
1.121070384979248,1000095
1.123070240020752,994764
1.1280622482299805,987491
1.1330666542053223,986330
1.1340663433074951,968377
1.1340663433074951,941937
1.1800689697265625,938064
1.1880693435668945,930100
1.190061092376709,929625
1.1910643577575684,929415
1.1960506439208984,927799
1.4030821323394775,927341
1.6051034927368164,920683
1.6191043853759766,918412
1.623105764389038,912992
1.742110013961792,912283
1.7461116313934326,910961
1.891120433807373,906018
1.9091217517852783,904635
1.985123634338379,904634
1.987126350402832,900520
