0.8070380687713623,1141612
0.8090381622314453,1132087
0.8100380897521973,1118591
0.8110382556915283,1116690
0.8110382556915283,1113741
0.8770420551300049,1112342
0.8780419826507568,1084063
0.8790421485900879,1083943
0.9050438404083252,1066006
0.906057596206665,1058427
0.909045934677124,1057118
0.909045934677124,1052185
0.9790472984313965,1052078
0.9940335750579834,1051605
0.9990336894989014,1049821
1.005049228668213,1049344
1.005049228668213,1047179
1.0610337257385254,1044481
1.0610337257385254,1040058
1.0640335083007812,1036803
1.065035343170166,1032656
1.0660347938537598,1030664
1.0660347938537598,1027470
1.0870351791381836,1020099
1.141038179397583,1000975
1.2280426025390625,993022
1.2280426025390625,975120
1.2290427684783936,973599
1.2300426959991455,962922
1.2330431938171387,960840
1.2340431213378906,955179
1.3050665855407715,951164
1.3200492858886719,947287
1.3230674266815186,939770
1.4350762367248535,932692
1.4360754489898682,931469
1.4360754489898682,926717
1.5890920162200928,918211
1.6610958576202393,913781
1.8061048984527588,911280
1.8211069107055664,906460
1.8341059684753418,903922
1.9061100482940674,903585
1.9061100482940674,903375
1.9111106395721436,897726
2.2111294269561768,896183
2.3681368827819824,895619
2.6711575984954834,895409
3.9942238330841064,895281
4.295249700546265,894858
