1.0530610084533691,1028382
1.0630621910095215,1025510
1.0630621910095215,1025084
1.0640623569488525,1020478
1.0640623569488525,1017953
1.1690573692321777,1008339
1.1700491905212402,1000991
1.171067476272583,998077
1.2200703620910645,993522
1.223069429397583,989403
1.2260713577270508,983068
1.2280738353729248,968273
1.240072250366211,963476
1.24605393409729,958418
1.24605393409729,948600
1.2500531673431396,945591
1.252072811126709,945040
1.334075689315796,944264
1.334075689315796,943834
1.334075689315796,941070
1.583099603652954,936465
1.583099603652954,924815
1.5901014804840088,923493
1.5941002368927002,914272
1.598100185394287,911327
1.6031005382537842,908364
1.8521161079406738,905483
2.8281733989715576,904932
2.8511741161346436,904719
2.9191784858703613,904538
3.673222064971924,904090
3.8462347984313965,903877
