0.8960440158843994,1111371
0.8960440158843994,1092154
0.9000449180603027,1078006
0.9520626068115234,1076574
0.9630484580993652,1073402
0.9740493297576904,1060974
0.9790496826171875,1059160
0.9800493717193604,1040761
0.9810521602630615,1020339
0.9850497245788574,1015729
0.9890322685241699,1014650
0.9890322685241699,1011106
1.0320520401000977,1006195
1.0330517292022705,999129
1.1130576133728027,985860
1.1130576133728027,985634
1.1130576133728027,978243
1.1160571575164795,977459
1.1160571575164795,975403
1.1190574169158936,956470
1.1210389137268066,937594
1.3930737972259521,935426
1.4710853099822998,934894
1.480085849761963,926804
1.684098720550537,924440
1.7711052894592285,917871
1.7721035480499268,909202
1.78910493850708,907936
1.7941052913665771,899349
1.812108039855957,899139
2.024118423461914,896521
