0.7700724601745605,1142709
0.7710721492767334,1122966
0.8870799541473389,1110798
0.8880794048309326,1109997
0.8900792598724365,1104049
0.8920793533325195,1098259
0.8970794677734375,1085173
0.8980798721313477,1083949
0.8980798721313477,1079879
0.8990797996520996,1079151
0.9000799655914307,1056313
0.9010798931121826,1056012
1.025087594985962,1021331
1.025087594985962,1005824
1.027087688446045,996211
1.0280876159667969,986970
1.0310876369476318,986280
1.0400879383087158,984932
1.041088581085205,983586
1.042088270187378,975488
1.064089298248291,973363
1.3521063327789307,968130
1.3541061878204346,964458
1.431110143661499,948712
1.4341106414794922,945996
1.4411113262176514,942377
1.4441115856170654,930728
1.490114450454712,930651
1.5451173782348633,926222
1.5581178665161133,920573
1.740128993988037,913224
1.7521297931671143,912673
1.7811319828033447,911624
1.8211336135864258,911354
1.8261339664459229,910498
1.8261339664459229,908015
1.8291349411010742,904548
1.8681366443634033,901550
1.8721365928649902,900999
2.391141653060913,898792
3.9002299308776855,898721
3.9942355155944824,898692
4.3272528648376465,898511
