0.002398967742919922,2902840
0.0041120052337646484,2890224
0.008540868759155273,2859581
0.010632991790771484,2855992
0.017180919647216797,2834348
0.019526958465576172,2815911
0.021483898162841797,2801857
0.023187875747680664,2794760
0.024245023727416992,2726582
0.027660131454467773,2635539
0.02994513511657715,2621271
0.03396296501159668,2602956
0.035153865814208984,2555521
0.044831037521362305,2510268
0.04563188552856445,2499322
0.04932594299316406,2485614
0.05327200889587402,2387265
0.05489087104797363,2368465
0.06192898750305176,2366429
0.087982177734375,2325387
0.09266400337219238,2317818
0.09367918968200684,2256001
0.10188698768615723,2246817
0.12686896324157715,2219197
0.13035011291503906,2213732
0.13159394264221191,2165439
0.1475379467010498,2137314
0.17049121856689453,2093961
0.21837687492370605,2081307
0.23361682891845703,2047564
0.2382798194885254,2001604
0.26218700408935547,1969263
0.31989598274230957,1945154
0.3216269016265869,1924753
0.32451510429382324,1919729
0.3252580165863037,1906873
0.32627391815185547,1866169
0.34023499488830566,1853205
0.3446359634399414,1831916
0.34581708908081055,1824765
0.3473348617553711,1794326
0.3481290340423584,1774487
0.3490281105041504,1763880
0.349776029586792,1756784
0.35061001777648926,1750340
0.35135316848754883,1740675
0.3867487907409668,1739499
0.3974149227142334,1736063
0.39812397956848145,1735824
0.423875093460083,1711022
0.4438049793243408,1690266
0.4455559253692627,1658532
0.486968994140625,1641578
0.5059700012207031,1638554
0.5076448917388916,1635129
0.5425870418548584,1623730
0.6225028038024902,1620690
0.6241347789764404,1620216
0.6357088088989258,1581552
0.6469340324401855,1568007
0.6680960655212402,1558336
0.6704771518707275,1514866
0.6720550060272217,1476496
0.6728911399841309,1357229
0.6737589836120605,1340634
0.6745867729187012,1222119
0.6912569999694824,1219156
0.7027809619903564,1184387
0.710237979888916,1144170
0.7132720947265625,1138126
0.7342360019683838,1129754
0.7366321086883545,1111891
0.7378838062286377,1108042
0.7623438835144043,1100233
0.763267993927002,1092253
0.8394958972930908,1089978
0.9270479679107666,1073200
0.954556941986084,1052720
0.9770369529724121,1051342
1.0300140380859375,1034573
1.031186819076538,1026475
1.054969072341919,1026113
1.139984130859375,1017590
1.1724159717559814,1016880
1.22707200050354,1011993
1.2568039894104004,1006369
1.27081298828125,1005140
1.4093329906463623,1003524
1.4385888576507568,1003482
1.4719951152801514,993482
1.4998090267181396,983692
1.5789299011230469,960708
20.07875895500183,934232
25.390455961227417,933484
53.3976571559906,920007
58.49646306037903,918718
59.25774598121643,918505
145.7598488330841,918059
146.47713685035706,916959
159.2491729259491,915469
169.74079418182373,912963
169.88073587417603,912412
169.93569684028625,911411
169.9378480911255,908198
169.99208402633667,907534
170.10620498657227,897467
170.86345505714417,897257
196.9102120399475,895958
196.97810006141663,894858
333.19969415664673,893536
