0.007980823516845703,1089653
0.011998891830444336,1087017
0.01299738883972168,1076075
0.01299738883972168,1074776
0.01299738883972168,1072800
0.014999628067016602,1053518
0.020002365112304688,1042324
0.02198624610900879,1035414
0.03300070762634277,1032575
0.03300070762634277,1027845
0.034000396728515625,1005816
0.03700089454650879,998954
0.04300117492675781,997854
0.046984195709228516,978878
0.04999876022338867,963622
0.057006120681762695,961139
0.0640103816986084,960617
0.0670015811920166,960484
0.07398700714111328,960349
0.08300471305847168,957015
0.15143156051635742,955910
0.15143156051635742,955388
0.15143156051635742,955107
0.4030883312225342,951239
0.44366884231567383,946476
0.44766902923583984,944529
0.4646720886230469,944211
0.48757433891296387,944202
0.5507383346557617,943930
1.2246627807617188,939824
1.2402911186218262,939543
1.3184127807617188,937642
6.730353355407715,929842
9.96941351890564,929842
