0.0020036697387695312,1059019
0.003001689910888672,1056373
0.003001689910888672,1040322
0.005002498626708984,1032521
0.009002208709716797,1024886
0.01112508773803711,998566
0.01112508773803711,991402
0.01112508773803711,988583
0.01112508773803711,987873
0.01112508773803711,985770
0.01112508773803711,977466
0.01112508773803711,972891
0.026779651641845703,960779
0.026779651641845703,958725
0.042400360107421875,947582
0.042400360107421875,946804
0.042400360107421875,939723
0.042400360107421875,938422
0.06116366386413574,935634
0.06116366386413574,919409
0.06716299057006836,917709
0.07316303253173828,915933
0.07616472244262695,915044
0.10215616226196289,914722
0.10615682601928711,907668
0.11815714836120605,907117
0.1891615390777588,906783
0.21516203880310059,906232
0.391681432723999,905531
3.047856092453003,904524
3.064866065979004,903258
3.065865993499756,903048
3.0778656005859375,898511
3.747889757156372,895519
10.057482957839966,895519
