0.0010001659393310547,1130418
0.0010001659393310547,1130103
0.0019998550415039062,1126767
0.0019998550415039062,1112155
0.005999565124511719,1107526
0.005999565124511719,1101491
0.00899958610534668,1100781
0.009999752044677734,1098389
0.014019489288330078,1094449
0.014019489288330078,1078330
0.016018390655517578,1070999
0.0200197696685791,1062011
0.026003360748291016,1057769
0.026003360748291016,1050711
0.02700328826904297,1038202
0.031001567840576172,1026901
0.03402209281921387,1020098
0.0350186824798584,1019986
0.04002118110656738,1014481
0.042021989822387695,1013383
0.04702138900756836,1011918
0.052001953125,1010820
0.05300188064575195,1006284
0.06302165985107422,1003344
0.06302165985107422,993315
0.09200596809387207,974339
0.10003209114074707,970872
0.11403274536132812,968401
0.1210334300994873,967790
0.15042495727539062,964492
0.16042399406433105,962292
0.16542577743530273,960836
0.1704256534576416,960126
0.17542624473571777,951539
0.17742633819580078,950928
0.18258285522460938,950464
0.22945737838745117,949752
0.31075263023376465,932630
0.3117525577545166,932166
0.31290435791015625,931615
0.31290435791015625,930905
0.3285551071166992,930052
0.3285551071166992,927939
0.3441801071166992,921877
0.4066798686981201,921080
0.4223053455352783,920616
2.341874837875366,918131
2.341874837875366,915845
2.341874837875366,915135
2.4288620948791504,912090
2.453864097595215,906609
2.4739298820495605,902951
9.820705652236938,902951
