0.001997709274291992,1140219
0.0030007362365722656,1094216
0.004999637603759766,1084886
0.005999565124511719,1081117
0.006999969482421875,1068745
0.007999658584594727,1031302
0.009999990463256836,1030838
0.011999845504760742,1021699
0.017000198364257812,1007043
0.02599930763244629,997216
0.03199911117553711,996716
0.040999650955200195,996321
0.040999650955200195,996111
0.04499983787536621,989030
0.04499983787536621,977874
0.05500078201293945,977832
0.06300067901611328,962223
0.06300067901611328,960994
0.07200145721435547,928160
0.07200145721435547,926006
0.0890202522277832,919463
0.10402226448059082,917476
0.15048933029174805,917305
0.18173837661743164,916205
0.19738316535949707,916163
0.29082202911376953,912155
0.2918205261230469,911942
0.2978062629699707,909708
0.3148219585418701,908608
0.3834049701690674,908057
0.5351779460906982,906945
0.6302001476287842,894858
9.938961505889893,894858
