0.8400497436523438,1109817
0.8530502319335938,1104046
0.8530502319335938,1103181
0.8650507926940918,1089840
0.868051290512085,1084631
0.8690512180328369,1077691
0.872051477432251,1060592
0.873051643371582,1050890
0.873051643371582,1040683
0.874051570892334,1039592
0.8750514984130859,1034154
0.880070686340332,1032706
0.886070728302002,1029953
1.0740904808044434,1024295
1.0740904808044434,1009264
1.0760917663574219,1003908
1.0790908336639404,996744
1.0800909996032715,996193
1.0980918407440186,994884
1.0990920066833496,987409
1.1030924320220947,985830
1.1050920486450195,970948
1.1070928573608398,964994
1.1110925674438477,963521
1.144094467163086,958463
1.144094467163086,957034
1.148094654083252,952039
1.3451061248779297,946188
1.350106954574585,939394
1.4351115226745605,931534
1.4351115226745605,929369
1.4501128196716309,927160
1.5051162242889404,925422
1.5121164321899414,924181
1.6131224632263184,919098
1.6141221523284912,918547
1.6251227855682373,907590
1.6481244564056396,905949
1.6551241874694824,904300
1.6641249656677246,902307
1.6851263046264648,901802
1.686126708984375,899625
1.6891264915466309,899415
1.6941275596618652,899097
