0.8200678825378418,1134932
0.8200678825378418,1132975
0.8400750160217285,1130573
0.8400750160217285,1085482
0.8420698642730713,1076365
0.9280738830566406,1071011
0.9290812015533447,1053203
0.9510760307312012,1027986
0.953075647354126,1023540
0.9900782108306885,1021125
0.993096113204956,1014144
0.9940783977508545,1010586
1.0530815124511719,1006597
1.0540812015533447,1006215
1.0550837516784668,989831
1.0600824356079102,989307
1.0620825290679932,988940
1.0880837440490723,973950
1.0890836715698242,966129
1.0900835990905762,957542
1.1260671615600586,951262
1.1450870037078857,945089
1.2320923805236816,944944
1.2350921630859375,941912
1.2440929412841797,939332
1.461115837097168,929033
1.468116044998169,925009
1.468116044998169,919766
1.469115972518921,918004
1.4791162014007568,916825
1.8541383743286133,915287
1.8711373805999756,914420
1.879140853881836,910800
1.885141134262085,909394
1.9071393013000488,908083
1.9081413745880127,899976
2.4901463985443115,897005
2.629157304763794,896586
