0.000942230224609375,2902840
0.0024690628051757812,2890224
0.008376121520996094,2859581
0.009874343872070312,2855992
0.01761627197265625,2834348
0.019756078720092773,2815911
0.021589040756225586,2801857
0.023283004760742188,2794760
0.024135112762451172,2726582
0.027202129364013672,2635539
0.02919292449951172,2621271
0.03175711631774902,2602956
0.033132076263427734,2555521
0.0395970344543457,2510268
0.04136514663696289,2499322
0.04612612724304199,2485614
0.04961824417114258,2387265
0.05112123489379883,2368465
0.05738496780395508,2366429
0.08054399490356445,2325387
0.08463311195373535,2317818
0.08583402633666992,2256001
0.0930471420288086,2246817
0.11155915260314941,2219197
0.1134941577911377,2213732
0.1143801212310791,2165439
0.12526798248291016,2137314
0.1430950164794922,2093961
0.1876201629638672,2081307
0.20265698432922363,2047564
0.2078261375427246,2001604
0.22930097579956055,1969263
0.2870452404022217,1945154
0.2894411087036133,1924753
0.2947051525115967,1919729
0.29555416107177734,1906873
0.29669809341430664,1866169
0.31098127365112305,1853205
0.31438112258911133,1831916
0.315183162689209,1824765
0.3166210651397705,1794326
0.3173041343688965,1774487
0.318115234375,1763880
0.31886911392211914,1756784
0.3195681571960449,1750340
0.32049012184143066,1740675
0.35720229148864746,1739499
0.36692094802856445,1736063
0.3676290512084961,1735824
0.39148807525634766,1711022
0.40717601776123047,1690266
0.40868210792541504,1658532
0.4481542110443115,1641578
0.46675825119018555,1638554
0.46811699867248535,1635129
0.5044701099395752,1623730
0.5805320739746094,1620690
0.5820250511169434,1620216
0.5927841663360596,1581552
0.6058402061462402,1568007
0.6281590461730957,1558336
0.6302990913391113,1514866
0.6318261623382568,1476496
0.6327569484710693,1357229
0.6340041160583496,1340634
0.6346912384033203,1222119
0.6507751941680908,1219156
0.6623170375823975,1184387
0.6701061725616455,1144170
0.6730611324310303,1138126
0.693885087966919,1129754
0.6975550651550293,1111891
0.6983580589294434,1108042
0.7220962047576904,1100233
0.7227792739868164,1092253
0.796943187713623,1089978
0.8895900249481201,1073200
0.9196691513061523,1052720
0.947641134262085,1051342
1.005876064300537,1034573
1.0065710544586182,1026475
1.0295963287353516,1026113
1.1296541690826416,1017590
1.1639301776885986,1016880
1.2157261371612549,1011993
1.2430601119995117,1006369
1.2543480396270752,1005140
1.3833401203155518,1003524
1.4134931564331055,1003482
1.4696331024169922,993482
1.5343010425567627,983692
1.7243499755859375,960708
26.469036102294922,958784
26.505596160888672,953657
26.50876021385193,953444
66.9462480545044,953406
85.53193306922913,933365
85.58411312103271,928168
95.25894212722778,924527
95.63939809799194,923158
95.64109516143799,914990
95.75150632858276,914439
95.80437302589417,913438
95.80617499351501,910225
95.84876918792725,909561
117.04910898208618,908374
117.12200713157654,907823
119.89800810813904,907037
119.92868995666504,902285
159.992928981781,902131
171.46827602386475,901829
172.03058409690857,901278
175.18496799468994,898985
176.7595410346985,898192
177.3917109966278,897979
177.48324918746948,897798
177.54557609558105,897247
248.79412412643433,896586
510.312625169754,894606
