0.0,1108980
0.0,1099042
0.0,1083615
0.0,1078372
0.0,1065067
0.0,1036772
0.0,1028345
0.0234222412109375,1027630
0.027421951293945312,1020742
0.029404163360595703,985010
0.06342411041259766,969191
0.0794057846069336,968091
0.09542560577392578,967190
0.10442471504211426,966997
0.11840987205505371,965897
0.15743136405944824,963533
0.15842747688293457,963062
0.16842913627624512,960863
0.17143034934997559,955139
0.20043158531188965,954946
0.23343396186828613,935614
1.1787397861480713,919130
1.180739402770996,916902
1.182720422744751,916689
1.1887409687042236,896521
1.2347233295440674,896180
1.297727346420288,895970
10.260133028030396,895970
