0.0020003318786621094,1133915
0.003000497817993164,1113948
0.004000425338745117,1110605
0.005000591278076172,1103774
0.005000591278076172,1076397
0.0060007572174072266,1067409
0.0060007572174072266,1058270
0.0060007572174072266,1035370
0.007000446319580078,1023203
0.007000446319580078,1016145
0.008000373840332031,1004625
0.014020681381225586,1001601
0.015019893646240234,984421
0.017020225524902344,955752
0.020020723342895508,955042
0.055022239685058594,944931
0.08800482749938965,944853
0.09200477600097656,941887
0.10300564765930176,937779
0.10300564765930176,937498
0.11500787734985352,930284
0.11500787734985352,906614
0.15300941467285156,896827
0.15300941467285156,896614
0.28505539894104004,896404
1.9456427097320557,895519
9.806562900543213,895519
