0.0,1020929
0.0,998953
0.0,998743
0.0,998192
0.016730785369873047,975292
0.0167996883392334,974631
0.0167996883392334,970752
0.0167996883392334,961764
0.0167996883392334,960666
0.0167996883392334,947760
0.0167996883392334,946461
0.03238081932067871,943416
0.040381431579589844,935600
0.07938075065612793,933697
0.08138227462768555,933487
0.08646440505981445,926485
0.08646440505981445,926443
0.08646440505981445,926162
0.08646440505981445,924863
0.08646440505981445,924739
0.11774301528930664,922844
0.11774301528930664,922634
0.11774301528930664,919058
0.11774301528930664,915439
0.19490361213684082,912293
0.22615337371826172,911976
0.22615337371826172,911512
0.24177837371826172,902373
0.41924595832824707,901925
0.43024301528930664,900438
0.4402437210083008,899887
0.5352509021759033,899396
0.8572697639465332,898792
0.9072721004486084,898721
0.9112727642059326,898511
4.621482849121094,895519
10.271682739257812,895519
