0.0014729499816894531,2902840
0.002437114715576172,2890224
0.005013942718505859,2859581
0.0058209896087646484,2855992
0.011950969696044922,2834348
0.01372385025024414,2815911
0.015362024307250977,2801857
0.017427921295166016,2794760
0.018438100814819336,2726582
0.020287036895751953,2635539
0.02226090431213379,2621271
0.024956941604614258,2602956
0.02611398696899414,2555521
0.032247066497802734,2510268
0.03312087059020996,2499322
0.03663897514343262,2485614
0.04047679901123047,2387265
0.04306197166442871,2368465
0.0495150089263916,2366429
0.07160496711730957,2325387
0.07995486259460449,2317818
0.08082294464111328,2256001
0.08781194686889648,2246817
0.10478782653808594,2219197
0.1062629222869873,2213732
0.10705900192260742,2165439
0.1170039176940918,2137314
0.13299202919006348,2093961
0.17321014404296875,2081307
0.18700003623962402,2047564
0.19148802757263184,2001604
0.21338582038879395,1969263
0.2650120258331299,1945154
0.2666480541229248,1924753
0.2694661617279053,1919729
0.27021193504333496,1906873
0.2715010643005371,1866169
0.283613920211792,1853205
0.28676509857177734,1831916
0.2876138687133789,1824765
0.28923583030700684,1794326
0.29006099700927734,1774487
0.29079484939575195,1763880
0.29154515266418457,1756784
0.29233598709106445,1750340
0.29313087463378906,1740675
0.32921695709228516,1739499
0.337615966796875,1736063
0.3384709358215332,1735824
0.357943058013916,1711022
0.37171292304992676,1690266
0.37241482734680176,1658532
0.40625500679016113,1641578
0.4219949245452881,1638554
0.42356300354003906,1635129
0.45790791511535645,1623730
0.525331974029541,1620690
0.5268409252166748,1620216
0.5360779762268066,1581552
0.5468368530273438,1568007
0.5662891864776611,1558336
0.568580150604248,1514866
0.5700390338897705,1476496
0.5708379745483398,1357229
0.5716359615325928,1340634
0.5724420547485352,1222119
0.5869700908660889,1219156
0.5974199771881104,1184387
0.6046898365020752,1144170
0.607090950012207,1138126
0.6241779327392578,1129754
0.6264879703521729,1111891
0.6272439956665039,1108042
0.6484558582305908,1100233
0.6492431163787842,1092253
0.712522029876709,1089978
0.7916679382324219,1073200
0.819037914276123,1052720
0.8410239219665527,1051342
0.8907308578491211,1034573
0.8915581703186035,1026475
0.9115250110626221,1026113
0.9904530048370361,1017590
1.0196290016174316,1016880
1.0693581104278564,1011993
1.0959007740020752,1006369
1.10817289352417,1005140
1.2494189739227295,1003524
1.2824859619140625,1003482
1.317620038986206,993482
1.3450109958648682,983692
1.4232709407806396,960708
16.05302906036377,949808
18.303762912750244,945816
18.46084976196289,935816
28.979562997817993,930635
28.998064041137695,928125
29.297121047973633,928017
29.335236072540283,927853
37.371809005737305,919119
37.383605003356934,909119
87.30759596824646,908835
93.37567090988159,905403
93.84343194961548,903101
93.94136118888855,902888
112.33794498443604,901124
117.93747401237488,898842
117.97205185890198,898132
203.66172313690186,896366
550.3331828117371,896003
550.3984889984131,895481
555.4501569271088,894159
