0.8280384540557861,1144438
0.8420405387878418,1144144
0.8500401973724365,1135406
0.8510408401489258,1120773
0.8510408401489258,1099326
0.8520736694335938,1093702
0.8590409755706787,1089727
0.868023157119751,1089469
0.868023157119751,1076607
0.8720419406890869,1074023
0.8790414333343506,1067961
0.8800415992736816,1067205
0.8810420036315918,1064005
0.8830418586730957,1057118
0.8830418586730957,1044719
1.03005051612854,1042794
1.1160557270050049,1002984
1.119063377380371,1000904
1.121056079864502,998850
1.1230559349060059,992890
1.1250569820404053,991568
1.1270575523376465,990890
1.1270575523376465,974872
1.128056287765503,973444
1.128056287765503,972627
1.129063606262207,970167
1.136059045791626,959485
1.1440575122833252,950469
1.307068109512329,933087
1.3150672912597656,921472
1.3980531692504883,918597
1.5740907192230225,916367
1.5950915813446045,915724
1.5970935821533203,912066
1.8191065788269043,911591
2.018117904663086,905233
2.027118682861328,902841
