0.8260502815246582,1105182
0.8260502815246582,1093928
0.9150552749633789,1084692
0.9150552749633789,1084123
0.9160556793212891,1078980
0.9170565605163574,1074459
0.9180562496185303,1068164
0.938056468963623,1064545
0.939056396484375,1061444
0.939056396484375,1057100
0.9400575160980225,1053102
0.941056489944458,1052883
0.941056489944458,1042689
0.941056489944458,1036245
0.9940609931945801,1031660
1.0640642642974854,1030514
1.0690643787384033,1025952
1.0690643787384033,1020538
1.0750646591186523,1019094
1.0790646076202393,1016641
1.0990657806396484,1013611
1.121067762374878,1007804
1.1230685710906982,982393
1.126075029373169,977417
1.1400692462921143,976496
1.1440694332122803,972959
1.1490695476531982,971326
1.1500697135925293,968476
1.1510696411132812,967230
1.1620702743530273,964407
1.1910696029663086,958564
1.1910696029663086,958533
1.1910696029663086,953324
1.1950700283050537,951156
1.1960701942443848,950682
1.1970696449279785,948064
1.1980700492858887,943276
1.239072561264038,934276
1.3060779571533203,929038
1.3080949783325195,919886
1.739130973815918,919552
1.7531318664550781,907507
1.9041404724121094,899316
1.9181404113769531,897531
1.9391424655914307,897339
1.9791450500488281,897091
1.9801452159881592,896569
2.222158432006836,896066
2.233158826828003,894920
2.247159957885742,894710
2.2591612339019775,894159
