0.8210470676422119,1107935
0.8340497016906738,1107520
0.8350486755371094,1088507
0.8380484580993652,1081706
0.8380484580993652,1079304
0.8400483131408691,1077050
0.8450489044189453,1070609
0.9010524749755859,1061027
0.9040524959564209,1056765
0.913053035736084,1052131
0.9140529632568359,1049643
0.916053056716919,1045103
1.0410621166229248,1040651
1.043060541152954,1034431
1.0470607280731201,1024937
1.0510611534118652,1003498
1.0530610084533691,980899
1.0550615787506104,974061
1.0570614337921143,958687
1.0570614337921143,956531
1.0610616207122803,949233
1.1920692920684814,946253
1.1920692920684814,934376
1.2480735778808594,933086
1.249072551727295,929553
1.3070757389068604,927483
1.3090760707855225,913828
1.8841078281402588,908995
1.8861079216003418,902348
3.04117488861084,900438
3.053175210952759,900228
3.060176134109497,899677
3.1241800785064697,899606
3.389195442199707,899396
4.627267599105835,897114
4.67227029800415,896617
4.725273609161377,896614
4.8022778034210205,896404
