0.0018627643585205078,2902840
0.0038487911224365234,2890224
0.010528802871704102,2859581
0.012089729309082031,2855992
0.02317976951599121,2834348
0.026744842529296875,2815911
0.03292369842529297,2801857
0.03630781173706055,2794760
0.038510799407958984,2726582
0.04202771186828613,2635539
0.046724796295166016,2621271
0.04942679405212402,2602956
0.05081486701965332,2555521
0.06010699272155762,2510268
0.06090188026428223,2499322
0.0676276683807373,2485614
0.07497286796569824,2387265
0.07817769050598145,2368465
0.08408975601196289,2366429
0.11183476448059082,2325387
0.11610698699951172,2317818
0.1168668270111084,2256001
0.12611770629882812,2246817
0.14753365516662598,2219197
0.14933300018310547,2213732
0.15073275566101074,2165439
0.16397571563720703,2137314
0.18474578857421875,2093961
0.2353057861328125,2081307
0.25483179092407227,2047564
0.2603137493133545,2001604
0.28615665435791016,1969263
0.34339094161987305,1945154
0.3452746868133545,1924753
0.3483107089996338,1919729
0.3491387367248535,1906873
0.3500206470489502,1866169
0.3627645969390869,1853205
0.3660397529602051,1831916
0.36689257621765137,1824765
0.3687558174133301,1794326
0.3695647716522217,1774487
0.37041568756103516,1763880
0.3715236186981201,1756784
0.3723127841949463,1750340
0.37312889099121094,1740675
0.4075767993927002,1739499
0.4170267581939697,1736063
0.417874813079834,1735824
0.4396507740020752,1711022
0.454866886138916,1690266
0.4558236598968506,1658532
0.49594974517822266,1641578
0.5142407417297363,1638554
0.5158817768096924,1635129
0.5535027980804443,1623730
0.6364767551422119,1620690
0.6391408443450928,1620216
0.6512668132781982,1581552
0.6669466495513916,1568007
0.6895568370819092,1558336
0.692354679107666,1514866
0.6944456100463867,1476496
0.6952557563781738,1357229
0.6961076259613037,1340634
0.6969668865203857,1222119
0.7144126892089844,1219156
0.725604772567749,1184387
0.7332689762115479,1144170
0.7357087135314941,1138126
0.7538988590240479,1129754
0.7564306259155273,1111891
0.7571976184844971,1108042
0.778742790222168,1100233
0.7795078754425049,1092253
0.848388671875,1089978
0.9445388317108154,1073200
0.9744827747344971,1052720
1.0057148933410645,1051342
1.072326898574829,1034573
1.073279857635498,1026475
1.1002228260040283,1026113
1.2166938781738281,1017590
1.271878719329834,1016880
1.3396658897399902,1011993
1.3753538131713867,1006369
1.3918147087097168,1005140
1.5428118705749512,1003524
1.5757548809051514,1003482
1.6162567138671875,993482
1.6462197303771973,983692
1.8587756156921387,960708
6.258240699768066,943095
6.895807981491089,940941
47.31015086174011,933463
47.904045820236206,925389
59.063241958618164,922002
78.42746591567993,915159
78.47891664505005,915113
79.11034488677979,914649
92.70463180541992,903951
92.9138298034668,903670
103.04156589508057,899298
139.57824778556824,896031
139.61230278015137,895480
140.17583990097046,895267
230.6864218711853,894606
