0.0027420520782470703,2902840
0.004747867584228516,2890224
0.009781837463378906,2859581
0.012986898422241211,2855992
0.026061058044433594,2834348
0.028905868530273438,2815911
0.03223991394042969,2801857
0.035849809646606445,2794760
0.036659955978393555,2726582
0.038780927658081055,2635539
0.04259085655212402,2621271
0.0452117919921875,2602956
0.04608488082885742,2555521
0.05512189865112305,2510268
0.0568239688873291,2499322
0.06500101089477539,2485614
0.0719599723815918,2387265
0.07410883903503418,2368465
0.08034205436706543,2366429
0.11239790916442871,2325387
0.11804890632629395,2317818
0.12001299858093262,2256001
0.13111495971679688,2246817
0.1567389965057373,2219197
0.15839886665344238,2213732
0.15915799140930176,2165439
0.17382287979125977,2137314
0.19236087799072266,2093961
0.2447218894958496,2081307
0.2647249698638916,2047564
0.2734639644622803,2001604
0.30894994735717773,1969263
0.3906538486480713,1945154
0.39239978790283203,1924753
0.3963000774383545,1919729
0.3970608711242676,1906873
0.3978118896484375,1866169
0.41527390480041504,1853205
0.4215717315673828,1831916
0.4224100112915039,1824765
0.4250659942626953,1794326
0.42661285400390625,1774487
0.4282560348510742,1763880
0.42987799644470215,1756784
0.43146800994873047,1750340
0.43466901779174805,1740675
0.5155630111694336,1739499
0.544677734375,1736063
0.5464019775390625,1735824
0.5956718921661377,1711022
0.6282937526702881,1690266
0.629807710647583,1658532
0.7101678848266602,1641578
0.7379200458526611,1638554
0.7403247356414795,1635129
0.7944660186767578,1623730
0.9092967510223389,1620690
0.9110209941864014,1620216
0.9277958869934082,1581552
0.9452190399169922,1568007
0.9776208400726318,1558336
0.9823269844055176,1514866
0.9844768047332764,1476496
0.9855878353118896,1357229
0.9873778820037842,1340634
0.9882268905639648,1222119
1.0139129161834717,1219156
1.0311789512634277,1184387
1.0447537899017334,1144170
1.0499608516693115,1138126
1.0814127922058105,1129754
1.0839588642120361,1111891
1.0847339630126953,1108042
1.109372854232788,1100233
1.110182762145996,1092253
1.197173833847046,1089978
1.3120918273925781,1073200
1.345073938369751,1052720
1.3726320266723633,1051342
1.4344139099121094,1034573
1.4355597496032715,1026475
1.461134672164917,1026113
1.5553209781646729,1017590
1.5890369415283203,1016880
1.6370737552642822,1011993
1.6657829284667969,1006369
1.6789369583129883,1005140
1.8287749290466309,1003524
1.859123945236206,1003482
1.8946397304534912,993482
1.9234199523925781,983692
2.009838819503784,960708
6.3588409423828125,956524
19.86112093925476,953734
31.72954797744751,950139
31.87448501586914,949897
31.876134872436523,946684
31.92147397994995,946354
31.924860954284668,944844
32.577587842941284,943422
32.83372783660889,938402
32.88513469696045,933650
118.7453408241272,933496
211.9832239151001,929933
212.04782271385193,929927
212.05087304115295,921587
212.0559778213501,916061
212.1308810710907,915539
212.18885588645935,915329
212.19065499305725,910723
241.18529891967773,906703
307.3905668258667,902695
