0.903073787689209,1068570
0.9090728759765625,1058152
0.9120750427246094,1053938
0.9380745887756348,1042722
0.9390742778778076,1039219
0.9400794506072998,1037836
0.9480752944946289,1028060
0.9950778484344482,1021352
0.9960601329803467,1010587
0.9970779418945312,1009139
0.9990777969360352,1004641
1.0000813007354736,1002441
1.01808500289917,1002415
1.0600812435150146,996318
1.0610816478729248,995558
1.0640814304351807,993729
1.1900887489318848,991509
1.1930701732635498,985827
1.198089599609375,980931
1.198089599609375,978313
1.3351020812988281,977676
1.3351020812988281,975476
1.3351020812988281,975246
1.3360977172851562,961710
1.3360977172851562,959807
1.3430790901184082,935597
1.3440790176391602,933694
1.3830811977386475,932736
1.5691192150115967,930331
1.5781207084655762,923839
1.5821197032928467,921475
1.6041131019592285,920856
1.701127052307129,918185
1.7721328735351562,914785
1.827136516571045,911157
1.8311359882354736,903766
