1.0180768966674805,1036118
1.0270771980285645,1018964
1.0290782451629639,1017837
1.0290782451629639,1012973
1.1050825119018555,1010508
1.1050825119018555,1008080
1.1060833930969238,996242
1.137073040008545,989499
1.137073040008545,976303
1.1380836963653564,973386
1.2010767459869385,964033
1.3430960178375244,962573
1.3460955619812012,939593
1.348097801208496,939206
1.3900799751281738,924350
1.3960964679718018,924318
1.7611281871795654,924205
1.7621302604675293,923992
1.9611401557922363,923564
2.1171488761901855,923527
2.1551527976989746,919091
2.169151782989502,918810
2.1901559829711914,918146
2.349165201187134,915015
2.366163730621338,914337
2.3711657524108887,913392
2.3841676712036133,913139
2.3991682529449463,912665
2.4041662216186523,909678
2.419168710708618,907847
2.617178440093994,907551
2.737185001373291,907505
2.742185354232788,907224
2.7971887588500977,906618
2.8031911849975586,906154
