0.89105224609375,1061483
1.093064308166504,1060371
1.093064308166504,1051848
1.0940639972686768,1043058
1.0940639972686768,1039274
1.0940639972686768,1038868
1.095064401626587,1032564
1.0980639457702637,1032355
1.0980639457702637,1031592
1.0980639457702637,1015773
1.1170649528503418,1005853
1.1180665493011475,988500
1.1380667686462402,978560
1.1590678691864014,977552
1.1610403060913086,972512
1.163069486618042,966830
1.163069486618042,963562
1.1790721416473389,956743
1.2700748443603516,955572
1.2710773944854736,947118
1.2810750007629395,943439
1.314077615737915,943391
1.3150768280029297,923744
1.3180773258209229,914592
1.7691059112548828,914428
1.7721037864685059,913718
1.804105520248413,910783
1.8081080913543701,910073
1.8231072425842285,909858
1.877110242843628,908346
1.889113187789917,906815
2.4531455039978027,906779
3.0721795558929443,899537
3.0891809463500977,897360
3.104182004928589,896696
3.109182119369507,896358
3.174177885055542,896145
4.147242546081543,895059
4.194244861602783,894846
4.211246728897095,894636
4.224247694015503,893536
