0.0010540485382080078,2902840
0.002351999282836914,2890224
0.0065460205078125,2859581
0.007838964462280273,2855992
0.017868757247924805,2834348
0.021414995193481445,2815911
0.02363300323486328,2801857
0.025871992111206055,2794760
0.02695298194885254,2726582
0.03016185760498047,2635539
0.033457040786743164,2621271
0.03871011734008789,2602956
0.04002213478088379,2555521
0.048438072204589844,2510268
0.049285888671875,2499322
0.053663015365600586,2485614
0.05813002586364746,2387265
0.06061697006225586,2368465
0.06634402275085449,2366429
0.09220314025878906,2325387
0.09629297256469727,2317818
0.0970909595489502,2256001
0.10484480857849121,2246817
0.13461995124816895,2219197
0.13672399520874023,2213732
0.1374819278717041,2165439
0.1498408317565918,2137314
0.17523598670959473,2093961
0.23278594017028809,2081307
0.25060582160949707,2047564
0.2581169605255127,2001604
0.2845299243927002,1969263
0.3537318706512451,1945154
0.35630178451538086,1924753
0.3598179817199707,1919729
0.36065173149108887,1906873
0.36147379875183105,1866169
0.37799572944641113,1853205
0.38176584243774414,1831916
0.3825647830963135,1824765
0.38445281982421875,1794326
0.3853299617767334,1774487
0.38611888885498047,1763880
0.3876228332519531,1756784
0.38904500007629395,1750340
0.3899209499359131,1740675
0.42880702018737793,1739499
0.4391629695892334,1736063
0.43996691703796387,1735824
0.46540188789367676,1711022
0.48258209228515625,1690266
0.4835810661315918,1658532
0.543414831161499,1641578
0.5671050548553467,1638554
0.5693440437316895,1635129
0.6241700649261475,1623730
0.7483987808227539,1620690
0.750175952911377,1620216
0.7646119594573975,1581552
0.7781388759613037,1568007
0.804084062576294,1558336
0.8086080551147461,1514866
0.8104310035705566,1476496
0.8112649917602539,1357229
0.8126790523529053,1340634
0.8135690689086914,1222119
0.8336319923400879,1219156
0.8478920459747314,1184387
0.8574621677398682,1144170
0.8607769012451172,1138126
0.8818979263305664,1129754
0.8850510120391846,1111891
0.8859319686889648,1108042
0.911268949508667,1100233
0.9122650623321533,1092253
0.989271879196167,1089978
1.0810880661010742,1073200
1.109631061553955,1052720
1.1436927318572998,1051342
1.2077038288116455,1034573
1.2085700035095215,1026475
1.2336199283599854,1026113
1.3265180587768555,1017590
1.3577618598937988,1016880
1.4074530601501465,1011993
1.4362099170684814,1006369
1.4490330219268799,1005140
1.593479871749878,1003524
1.6242167949676514,1003482
1.6607880592346191,993482
1.689145803451538,983692
1.7796130180358887,960708
19.94309687614441,955129
19.94395399093628,928642
31.068371057510376,913534
40.37214803695679,910901
40.506295919418335,910350
71.01580905914307,907345
81.68040609359741,906937
81.8126130104065,905837
121.73317408561707,904651
318.013671875,901377
318.7621099948883,898985
327.54290199279785,897257
417.3123788833618,896955
418.01183891296387,896404
576.171571969986,896366
