0.8140480518341064,1118996
0.8210506439208984,1115804
0.8220505714416504,1100961
0.8230533599853516,1086460
0.8270490169525146,1082144
0.8310506343841553,1053588
0.8310506343841553,1039582
0.8340492248535156,1038550
1.0570626258850098,1035147
1.0590629577636719,1032435
1.0670650005340576,1016930
1.0670650005340576,1013250
1.0820646286010742,1009383
1.0830638408660889,1002904
1.1280663013458252,996163
1.1300663948059082,983767
1.1500670909881592,979876
1.1520700454711914,972140
1.1530699729919434,970368
1.193070650100708,962739
1.1980721950531006,962259
1.1990723609924316,959723
1.2000727653503418,953927
1.3010764122009277,944502
1.3030765056610107,940668
1.3050789833068848,930818
1.3060789108276367,915493
1.333078145980835,911756
1.3660805225372314,906932
2.236133098602295,906808
2.2531321048736572,899804
2.662156343460083,899729
2.673156499862671,899683
2.748136043548584,897070
3.009176731109619,896242
3.0471789836883545,896123
3.0531790256500244,895913
3.1051831245422363,895732
3.4772040843963623,895622
3.557208776473999,895281
3.671215057373047,895068
3.8542261123657227,894858
