0.7880632877349854,1111523
0.7880632877349854,1092867
0.7880632877349854,1076949
0.7880632877349854,1067876
0.7890632152557373,1060316
0.7890632152557373,1039730
0.7890632152557373,1004195
0.7910637855529785,1003727
0.7920632362365723,987461
1.0410776138305664,980087
1.044076919555664,978287
1.0450787544250488,969656
1.0460765361785889,964688
1.0480782985687256,956354
1.0590794086456299,953950
1.091081142425537,946648
1.101081371307373,943960
1.1020798683166504,933893
1.103081464767456,931716
1.1080801486968994,928718
1.392096996307373,916219
1.622122049331665,915159
1.623122215270996,914608
1.6261200904846191,914544
1.6281232833862305,914334
1.716125249862671,914095
1.726125955581665,913738
1.7571284770965576,909876
1.7841320037841797,908255
1.7871291637420654,904597
1.951138973236084,903618
1.9701428413391113,903296
3.7292439937591553,902951
3.9702322483062744,902798
3.9782323837280273,902247
3.9812331199645996,902066
