0.0492098331451416,2405366
0.0804598331451416,2376656
0.34605908393859863,2357877
1.1285803318023682,2345846
2.4859023094177246,2339643
5.025259017944336,2336339
32.103047370910645,2335436
68.64524269104004,2331970
68.84349083900452,2330587
93.54398727416992,2325548
95.02484726905823,2322164
96.5382764339447,2307671
160.13367366790771,2304358
190.28486680984497,2303469
190.28586769104004,2303028
190.28586769104004,2296487
214.19661617279053,2295667
214.24661707878113,2288523
214.24661707878113,2283588
214.46763849258423,2277385
214.82975792884827,2258685
231.30304074287415,2246473
234.20901727676392,2224864
243.13560342788696,2201193
