0.0030007362365722656,1070962
0.007000446319580078,1062757
0.008000612258911133,1059544
0.009000301361083984,1056037
0.01000070571899414,1051308
0.012001276016235352,1050228
0.016001224517822266,1049564
0.030002117156982422,1021579
0.031002283096313477,986125
0.03300213813781738,963225
0.03602004051208496,957072
0.04701995849609375,940687
0.05402064323425293,939378
0.057021141052246094,938232
0.06000161170959473,938169
0.06900620460510254,933038
0.07400631904602051,931217
0.08000469207763672,927792
0.08600568771362305,925534
0.08800530433654785,922314
0.0980064868927002,909776
0.0980064868927002,909302
0.10400652885437012,908751
0.186964750289917,908431
0.186964750289917,907967
0.20260906219482422,907686
9.959250688552856,907686
