0.0019998550415039062,1091089
0.003999471664428711,1088611
0.00800013542175293,1087439
0.00800013542175293,1078775
0.01000070571899414,1073460
0.01000070571899414,1072719
0.012000322341918945,1057961
0.013000011444091797,1051441
0.01798272132873535,1050655
0.01798272132873535,990417
0.018981456756591797,987472
0.018981456756591797,985150
0.021998882293701172,984914
0.021998882293701172,983239
0.023999452590942383,981680
0.03100132942199707,980973
0.03100132942199707,978336
0.03400111198425293,965031
0.03600192070007324,962007
0.05414581298828125,957541
0.05414581298828125,957255
0.05414581298828125,955586
0.059354305267333984,949125
0.06838345527648926,945916
0.08837532997131348,944154
0.09337496757507324,942090
0.19536185264587402,939686
0.2023622989654541,936969
0.2023622989654541,935529
0.2243645191192627,926484
0.45839619636535645,922718
0.74556565284729,921648
10.358911991119385,921648
