0.7560644149780273,1101884
0.7590625286102295,1101333
0.7600641250610352,1081329
0.7630517482757568,1080126
0.7640643119812012,1069916
0.7970666885375977,1064857
0.7980668544769287,1060555
0.8650705814361572,1046889
0.871070146560669,1032123
0.871070146560669,1014271
0.8720705509185791,1005304
0.8750708103179932,994515
1.15608549118042,987187
1.15708589553833,982186
1.1580872535705566,977922
1.1620876789093018,967642
1.1640844345092773,960104
1.165088415145874,947161
1.165088415145874,943694
1.2981007099151611,939647
1.2990927696228027,933029
1.300095558166504,932711
1.303095817565918,927909
1.3040764331817627,927628
1.312096118927002,916602
1.447106122970581,916562
1.4501056671142578,914526
1.4611053466796875,903934
1.4791138172149658,903139
2.775191068649292,899396
