0.0030012130737304688,1125536
0.004011631011962891,1100355
0.0059854984283447266,1100284
0.010000228881835938,1086455
0.017000675201416016,1046351
0.018002748489379883,1044589
0.023001432418823242,1041444
0.03500247001647949,1036886
0.03800225257873535,1035440
0.0390019416809082,1035430
0.0390019416809082,1033620
0.04600238800048828,1026539
0.05301094055175781,1008720
0.05601310729980469,1006500
0.057013511657714844,1004996
0.0580134391784668,988771
0.06201171875,970329
0.06311917304992676,967472
0.06311917304992676,964799
0.09248518943786621,959246
0.09348535537719727,956410
0.09348535537719727,950520
0.09848356246948242,944635
0.10049295425415039,938174
0.11942839622497559,936412
0.14661788940429688,934577
0.1636185646057129,932171
0.16562128067016602,931990
0.17072081565856934,928026
0.17072081565856934,927880
0.17072081565856934,926183
0.2034924030303955,924421
0.5480997562408447,924340
0.6887247562408447,923386
0.6887247562408447,922391
0.7043502330780029,922181
0.7043502330780029,922000
0.7199747562408447,912544
0.7824749946594238,912541
0.8022110462188721,910362
0.8122115135192871,910149
0.8482139110565186,910003
9.915202140808105,910003
