0.0010378360748291016,2902840
0.0018649101257324219,2890224
0.005023002624511719,2859581
0.006829023361206055,2855992
0.01807117462158203,2834348
0.0220491886138916,2815911
0.02498006820678711,2801857
0.026619911193847656,2794760
0.027430057525634766,2726582
0.0300600528717041,2635539
0.0328981876373291,2621271
0.03831887245178223,2602956
0.039997100830078125,2555521
0.04811811447143555,2510268
0.049896955490112305,2499322
0.055123090744018555,2485614
0.060584068298339844,2387265
0.06383490562438965,2368465
0.07168388366699219,2366429
0.09557008743286133,2325387
0.0999608039855957,2317818
0.10081696510314941,2256001
0.10773801803588867,2246817
0.126054048538208,2219197
0.12767386436462402,2213732
0.12851595878601074,2165439
0.14020586013793945,2137314
0.15799188613891602,2093961
0.20231413841247559,2081307
0.2168729305267334,2047564
0.22195887565612793,2001604
0.2438359260559082,1969263
0.29778313636779785,1945154
0.29939699172973633,1924753
0.30278897285461426,1919729
0.30359411239624023,1906873
0.3046119213104248,1866169
0.31703996658325195,1853205
0.32047605514526367,1831916
0.32143592834472656,1824765
0.32305908203125,1794326
0.32386302947998047,1774487
0.3246631622314453,1763880
0.3254868984222412,1756784
0.32629990577697754,1750340
0.3271050453186035,1740675
0.3615241050720215,1739499
0.3708958625793457,1736063
0.3717350959777832,1735824
0.3942139148712158,1711022
0.40963101387023926,1690266
0.4105041027069092,1658532
0.44767212867736816,1641578
0.4650309085845947,1638554
0.4672560691833496,1635129
0.5023078918457031,1623730
0.576988935470581,1620690
0.5786058902740479,1620216
0.5890870094299316,1581552
0.6007921695709229,1568007
0.6201090812683105,1558336
0.6229121685028076,1514866
0.6245219707489014,1476496
0.6255970001220703,1357229
0.6264240741729736,1340634
0.627284049987793,1222119
0.6435861587524414,1219156
0.6548209190368652,1184387
0.6625499725341797,1144170
0.6651978492736816,1138126
0.684096097946167,1129754
0.6865780353546143,1111891
0.687391996383667,1108042
0.7104668617248535,1100233
0.7112798690795898,1092253
0.7843978404998779,1089978
0.8729281425476074,1073200
0.9003548622131348,1052720
0.9256651401519775,1051342
0.982496976852417,1034573
0.9833059310913086,1026475
1.0078449249267578,1026113
1.0994000434875488,1017590
1.1344819068908691,1016880
1.1871271133422852,1011993
1.2175519466400146,1006369
1.2311701774597168,1005140
1.3792037963867188,1003524
1.4115769863128662,1003482
1.4483411312103271,993482
1.47884202003479,983692
1.567552089691162,960708
9.051842212677002,957949
16.780954837799072,944465
17.26263999938965,942849
44.41216802597046,939997
44.45005917549133,932927
64.15024900436401,929643
64.17551708221436,927357
73.12217712402344,927224
73.15330195426941,927014
73.15420293807983,916947
73.8411500453949,915331
73.8458571434021,909605
175.40478014945984,908720
287.6611280441284,906285
287.7034261226654,905575
288.02398014068604,903375
435.494756937027,903337
558.9120819568634,901829
