0.7370610237121582,1137369
0.8870677947998047,1128821
0.8870677947998047,1120508
0.8880698680877686,1120502
0.9350736141204834,1114743
0.93707275390625,1110250
0.938072681427002,1108955
0.939072847366333,1098357
0.9410727024078369,1070257
0.9770748615264893,1065676
0.9810750484466553,1047899
0.9830563068389893,1044131
1.0540797710418701,1043977
1.1090822219848633,1034734
1.1130831241607666,1026578
1.1250841617584229,1022863
1.1250841617584229,1004369
1.1400847434997559,996774
1.1410844326019287,990057
1.1440846920013428,974383
1.1690876483917236,972878
1.3631072044372559,964992
1.3651058673858643,958600
1.3860807418823242,956626
1.3870995044708252,949252
1.3891000747680664,944565
1.5191147327423096,939498
1.5251152515411377,937298
1.5291171073913574,918635
1.5331158638000488,918084
1.5531187057495117,917886
1.5541188716888428,914118
1.7121267318725586,913986
1.7141265869140625,912757
1.7271277904510498,904853
1.7371273040771484,904583
1.8771355152130127,904127
2.166154384613037,903285
2.16815447807312,903075
2.2771589756011963,903067
2.2991600036621094,902357
2.703184127807617,900718
2.714186429977417,900508
3.6702158451080322,900438
3.6802141666412354,900228
3.7032344341278076,899887
3.7792468070983887,899677
3.8952550888061523,899396
