0.0010001659393310547,1052556
0.002000570297241211,1018620
0.0030002593994140625,1009677
0.0030002593994140625,1002596
0.006981372833251953,1000783
0.010001659393310547,987384
0.016982078552246094,976618
0.02600240707397461,974418
0.03200221061706543,970185
0.03200221061706543,969975
0.04400491714477539,965223
0.06300473213195801,964672
0.09300613403320312,955654
0.10300827026367188,941257
0.14500880241394043,939835
0.17301011085510254,939494
0.2020118236541748,939284
1.7106373310089111,916499
1.7262623310089111,916289
2.6553733348846436,914288
9.101167917251587,913999
10.025981187820435,913999
