0.0,1145974
0.0,1139603
0.0,1107700
0.0,1087385
0.0,1085623
0.0,1079064
0.0,1073361
0.015625476837158203,1067687
0.015625476837158203,1066799
0.015625476837158203,1058101
0.015625476837158203,1057427
0.015625476837158203,1046408
0.015625476837158203,1031308
0.04639840126037598,1015489
0.05739760398864746,997720
0.05980849266052246,996298
0.07582831382751465,993390
0.08209800720214844,986925
0.08209800720214844,982776
0.08209800720214844,979722
0.08209800720214844,978917
0.10085320472717285,974513
0.10985398292541504,972751
0.12085628509521484,968080
0.12285709381103516,966980
0.13384652137756348,959816
0.13584613800048828,956910
0.13684940338134766,955213
0.13883090019226074,953013
0.36203980445861816,952497
0.43435072898864746,951397
0.9055511951446533,946634
0.9524261951446533,944369
0.9993016719818115,935752
1.0149261951446533,935370
1.0305509567260742,935137
1.0305509567260742,929075
1.0461769104003906,929029
1.0461769104003906,923050
1.0461769104003906,922499
1.0618014335632324,921789
1.0618014335632324,920873
1.0774261951446533,919607
1.0774261951446533,913748
1.0986628532409668,909691
1.1016628742218018,909583
1.107663869857788,909437
1.111663818359375,900592
1.1317386627197266,900041
1.1473636627197266,899760
1.1473636627197266,899550
9.721383333206177,899550
