0.0030012130737304688,1088225
0.00400090217590332,1067259
0.007000446319580078,1060575
0.021001338958740234,1057096
0.022001266479492188,1053355
0.02300119400024414,1044072
0.024001121520996094,1043294
0.024001121520996094,1042620
0.0260012149810791,1038560
0.0370020866394043,1030779
0.03800201416015625,1008020
0.04700279235839844,985120
0.05500292778015137,967503
0.05800342559814453,966632
0.0630033016204834,966081
0.08300447463989258,937412
0.09600567817687988,935553
0.11000609397888184,929179
0.11400699615478516,927959
0.12500691413879395,927258
0.1670079231262207,920736
1.0531985759735107,919851
10.17265510559082,919851
