0.0020165443420410156,1124226
0.0020165443420410156,1069533
0.008024454116821289,1047428
0.015025138854980469,1047086
0.016025066375732422,1032569
0.018016338348388672,1030807
0.021014928817749023,1029574
0.022014617919921875,1020545
0.02702784538269043,1017399
0.028028249740600586,991742
0.04302644729614258,991696
0.047026872634887695,989267
0.05801987648010254,987845
0.059018850326538086,984338
0.06001877784729004,982154
0.06402015686035156,980409
0.07002806663513184,973396
0.07501816749572754,957964
0.0850210189819336,956267
0.09202098846435547,928981
0.1130228042602539,926351
0.12703156471252441,911192
0.16100621223449707,908844
0.16800689697265625,907744
0.30599427223205566,907534
0.8782329559326172,901463
0.8912346363067627,901253
0.9472546577453613,900779
0.9822659492492676,900311
0.9872665405273438,899760
1.034269094467163,899550
9.558826208114624,899550
