0.9040811061859131,1056637
0.9040811061859131,1053674
0.9180817604064941,1052051
0.9180817604064941,1045661
0.9200820922851562,1038509
0.9290821552276611,1029753
1.040088415145874,1027414
1.041088581085205,1019073
1.042088508605957,1015441
1.0450892448425293,1011103
1.0450892448425293,1001964
1.0510919094085693,1001855
1.145087480545044,1000679
1.1460957527160645,991620
1.155097484588623,975911
1.1560978889465332,971211
1.1580979824066162,970660
1.1610984802246094,967725
1.1640965938568115,951906
1.1640965938568115,950836
1.1670973300933838,947346
1.1670973300933838,947315
1.1740963459014893,940606
1.175097942352295,937513
1.1770987510681152,934785
1.270104169845581,930205
1.2751045227050781,929388
1.2801029682159424,926281
1.3201045989990234,917265
1.3251068592071533,912921
1.4361116886138916,905534
2.1131505966186523,901608
2.1661550998687744,900077
2.1981563568115234,899966
2.2001562118530273,899756
2.274162530899048,898545
2.2881617546081543,898131
2.939201593399048,896862
2.940201997756958,896152
2.9902031421661377,896056
2.9962034225463867,895846
3.156214475631714,895843
3.156214475631714,895633
3.2252185344696045,895295
3.2342166900634766,894197
