0.759063720703125,1141673
0.759063720703125,1140119
0.866070032119751,1131342
0.866070032119751,1129589
0.866070032119751,1128733
0.8680703639984131,1118915
0.869070291519165,1100009
0.869070291519165,1099939
0.869070291519165,1096009
0.8700709342956543,1087891
0.9390759468078613,1077105
0.9780771732330322,1064059
0.9790771007537842,1060669
0.9790771007537842,1058892
0.9790771007537842,1049769
0.9820635318756104,1043663
0.9830770492553711,1040898
0.9840764999389648,1008886
0.9880785942077637,1001359
0.9880785942077637,997189
0.9890768527984619,996638
0.9940779209136963,991957
0.9940779209136963,983008
0.9950776100158691,972941
0.9990777969360352,970586
1.0000765323638916,968222
1.2010722160339355,966031
1.2010722160339355,959323
1.211073637008667,956344
1.2120726108551025,954145
1.2320733070373535,949295
1.2350738048553467,949078
1.2420740127563477,940944
1.2430739402770996,934242
1.2490746974945068,933118
1.2500746250152588,923994
1.2520744800567627,919273
1.2920780181884766,918180
1.293076992034912,912498
1.3200786113739014,903769
1.706101655960083,903249
1.714101791381836,900036
1.726102352142334,899372
1.8241081237792969,895928
1.8281090259552002,894606
1.8281090259552002,893536
