0.8034570217132568,71597
0.8044567108154297,70172
0.8064572811126709,70157
1.1004838943481445,69482
1.1034841537475586,69301
1.108483076095581,68657
1.120483160018921,68004
1.2534832954406738,67824
1.2534832954406738,67562
1.2664835453033447,66895
1.283484697341919,66835
1.283484697341919,66330
1.2844867706298828,66124
1.301485538482666,65630
1.4455034732818604,65595
1.5623464584350586,65523
1.5623464584350586,64252
1.656069278717041,63724
1.656069278717041,63235
1.656069278717041,62027
1.656069278717041,61547
1.6716945171356201,61496
1.7029445171356201,61471
1.7029445171356201,61377
1.7185695171356201,61272
1.7185695171356201,61155
1.843569040298462,60879
1.9456603527069092,60689
2.450523853302002,60222
2.451523542404175,59748
2.458523750305176,59688
2.460524559020996,59306
2.499864339828491,58918
2.499864339828491,58492
2.499864339828491,58240
2.499864339828491,57927
2.5166118144989014,57530
2.5166118144989014,56944
2.547879457473755,56321
2.547879457473755,55582
2.563504457473755,55386
2.6040573120117188,55304
2.6040573120117188,55242
2.6353330612182617,55055
2.9322092533111572,55050
2.955035448074341,54593
2.957035779953003,54191
2.970036268234253,54094
2.971036434173584,53987
3.752366781234741,53847
4.081219911575317,53746
4.096844434738159,53301
4.440646171569824,53297
4.440646171569824,52915
4.440646171569824,52880
5.381335973739624,52879
15.42516303062439,52879
