1.3890998363494873,68690
1.3890998363494873,67455
1.3890998363494873,66406
1.4471120834350586,66201
1.4481120109558105,65806
1.4801123142242432,65755
1.481112003326416,64470
1.481112003326416,64397
1.4981138706207275,64298
1.4991133213043213,63727
1.5001132488250732,63610
1.5061166286468506,63217
1.5441174507141113,62816
1.5461175441741943,62173
1.5571186542510986,61235
1.5581159591674805,60197
1.5601167678833008,59882
1.565117359161377,59447
1.5681190490722656,59140
1.5681190490722656,58677
1.5711174011230469,58111
1.6421234607696533,58095
1.6441214084625244,58093
1.6541218757629395,57867
1.6981251239776611,57027
2.16815185546875,56530
2.275158643722534,56464
2.278167963027954,56403
2.281158924102783,55659
2.2831614017486572,55302
2.292161226272583,55184
2.346163034439087,54994
2.586179733276367,54937
2.601179838180542,54751
2.6061794757843018,54705
2.6801836490631104,54569
2.6961848735809326,54452
2.7031853199005127,54446
2.705185890197754,54060
2.7121870517730713,54026
2.716187000274658,53925
2.727185010910034,53764
2.7611868381500244,53743
2.8481929302215576,53429
3.1292076110839844,53282
3.1932125091552734,53071
3.2112152576446533,53036
3.272217035293579,52929
3.3012192249298096,52865
