0.003184080123901367,194459
0.018604040145874023,194261
0.03823113441467285,193038
0.040891170501708984,192594
0.043662071228027344,191132
0.04671907424926758,191053
0.049372196197509766,182961
0.16043305397033691,182818
0.28629302978515625,182665
0.298537015914917,182507
0.3199422359466553,182366
0.3224930763244629,181332
0.32499003410339355,180152
0.32638001441955566,177401
0.3840932846069336,177377
0.4011828899383545,176866
0.4038100242614746,174144
0.7119300365447998,173563
0.7797889709472656,173228
0.789025068283081,172797
0.7917740345001221,172579
0.7940669059753418,169779
0.7966241836547852,169614
0.8096051216125488,169255
0.8292579650878906,169211
0.8635709285736084,168189
0.8670520782470703,166126
0.868351936340332,165474
0.8708348274230957,165429
0.8720669746398926,165409
0.873384952545166,163585
0.9126682281494141,163311
0.9157860279083252,163035
1.0864949226379395,162620
1.0948669910430908,162437
1.097682237625122,159807
1.1028668880462646,158799
1.1055500507354736,152455
1.120845079421997,149628
1.185330867767334,149439
1.1875498294830322,145105
1.1888072490692139,145049
1.191061019897461,137087
1.2048900127410889,137081
1.2286310195922852,136010
1.2790980339050293,135376
1.3024821281433105,134764
1.3053569793701172,130829
1.3174610137939453,129993
1.3385980129241943,129963
1.3526599407196045,129599
1.3554439544677734,129575
1.3637218475341797,129079
1.3679699897766113,128994
1.3716249465942383,128941
1.388411045074463,128149
1.3904659748077393,127767
1.4186742305755615,127611
1.419917106628418,124337
1.5048251152038574,124223
1.7649562358856201,122916
1.7777960300445557,122378
1.7803912162780762,120683
1.8590660095214844,120601
1.8616409301757812,111850
1.9705278873443604,111578
1.9742279052734375,105138
1.9879250526428223,104726
1.9907171726226807,102710
2.0712711811065674,102183
2.076775074005127,100699
2.0956790447235107,100135
2.1026978492736816,99066
2.1182451248168945,95242
2.1259398460388184,94524
2.133681058883667,88541
2.1412479877471924,87201
2.1437911987304688,87109
2.1862759590148926,86697
2.1887550354003906,86126
2.311671018600464,85034
2.3510310649871826,84844
2.5299298763275146,83197
2.591874122619629,82670
2.5960309505462646,81812
2.6027371883392334,79111
2.61529803276062,78743
2.6165480613708496,77861
2.629119873046875,76416
2.762356996536255,76260
2.7649519443511963,71248
2.8097851276397705,70832
2.815345048904419,70218
2.828178882598877,70189
2.829444169998169,67866
2.93167781829834,67374
2.9602229595184326,66814
2.981191873550415,66682
2.983229160308838,66545
2.984464168548584,65767
3.0513999462127686,65682
3.089772939682007,64879
3.116811990737915,64796
3.118079900741577,64016
3.1346821784973145,63397
3.979275941848755,62737
4.073240041732788,62731
4.075916051864624,62710
5.204660892486572,62701
5.20624303817749,62178
5.312647104263306,61926
5.425969123840332,61739
6.410189151763916,61704
7.527672052383423,61436
9.298083066940308,61330
22.649327039718628,60495
23.00495719909668,59941
23.387753009796143,59806
23.481218099594116,59788
23.48478889465332,59368
23.63381600379944,59214
23.718343257904053,59101
23.764096975326538,59085
24.29888606071472,58918
24.334813117980957,58553
24.524946928024292,58380
24.526203155517578,58105
24.683050870895386,56823
24.77939200401306,56511
25.503384113311768,56361
25.51305317878723,56152
25.51487898826599,55791
25.569689989089966,54924
26.005236864089966,54891
26.006516933441162,54872
26.0484459400177,54671
26.375030994415283,54464
162.05364084243774,54402
162.1584849357605,54172
162.2606120109558,54139
229.903076171875,54070
229.94876408576965,53441
230.08644700050354,53379
