1.8513360023498535,61274
1.8669605255126953,60789
1.8669605255126953,60619
1.8669605255126953,60502
1.9294602870941162,60488
1.9294602870941162,59894
2.0857112407684326,59294
2.0857112407684326,59111
2.0857112407684326,58964
2.3669612407684326,58805
2.38258695602417,58409
2.38258695602417,57982
2.3982114791870117,57925
2.3982114791870117,57577
2.3982114791870117,57080
2.3982114791870117,56451
2.429461717605591,55528
2.983642339706421,55504
2.983642339706421,55400
2.999267339706421,55299
3.061767339706421,54787
3.061767339706421,54423
3.296143054962158,54283
3.296143054962158,54200
3.3129591941833496,54133
3.6014585494995117,54049
3.6170835494995117,53942
3.663958787918091,53657
4.007737636566162,53585
4.007737636566162,53478
4.023362636566162,53185
4.474759340286255,53139
4.537232398986816,53119
4.568482398986816,53057
4.6614062786102295,52950
6.39815354347229,52936
15.057096719741821,52936
