1.80613374710083,63274
1.8531105518341064,63090
1.8531105518341064,61699
2.0041370391845703,61522
2.0061373710632324,61201
2.00812029838562,60768
2.009126663208008,60298
2.0111379623413086,59845
2.0131373405456543,59369
2.1051506996154785,58705
2.210132360458374,58620
2.2941370010375977,57666
2.332139492034912,57574
2.336139678955078,57308
2.8021669387817383,57209
2.8361856937408447,57075
2.8531675338745117,56974
2.875171422958374,56434
2.896170139312744,56218
2.899170398712158,55831
2.9311928749084473,55805
2.9441921710968018,55674
2.950191020965576,55100
2.952192783355713,54776
2.9721930027008057,54605
2.976191997528076,54315
2.991201400756836,54290
2.991201400756836,54211
3.0041959285736084,53991
3.0092151165008545,53987
3.104201078414917,53869
3.9532320499420166,53818
3.954231023788452,53703
4.00923490524292,53657
4.203247308731079,53584
4.248248815536499,53544
5.1323018074035645,53374
5.486323118209839,53223
5.518323659896851,53161
5.671335458755493,53040
6.0823564529418945,52943
6.150363445281982,52922
6.188365459442139,52874
7.007427453994751,52860
16.419983386993408,52860
