1.1960701942443848,68188
1.1990704536437988,67676
1.2000703811645508,67126
1.2000703811645508,66877
1.3360798358917236,66343
1.339078664779663,65464
1.4810867309570312,64801
1.4840869903564453,64334
1.4850871562957764,64088
1.4850871562957764,63635
1.4880874156951904,63429
1.5010881423950195,63314
1.5050883293151855,62953
1.550091028213501,62891
1.551090955734253,62344
1.553091049194336,61837
1.5550918579101562,61796
1.5610957145690918,61704
1.5610957145690918,61476
1.56309175491333,61433
1.5660922527313232,61312
1.6190950870513916,61291
1.6200952529907227,60933
1.6280956268310547,60573
1.6280956268310547,59565
1.6340961456298828,59208
1.6920993328094482,58949
1.6951007843017578,58191
1.8411083221435547,57379
1.8431081771850586,57194
1.8631091117858887,56926
1.9811177253723145,56743
1.9841163158416748,56335
1.9871160984039307,56283
1.98811674118042,56212
1.9991183280944824,56156
2.052119731903076,55973
2.120123863220215,55593
2.127124309539795,55506
2.146125555038452,55451
2.1841273307800293,55060
2.1981301307678223,54847
2.7961909770965576,54691
2.7971909046173096,54401
2.940199136734009,54238
2.9852001667022705,54030
2.9952008724212646,53844
3.251208543777466,53478
3.3412208557128906,53416
4.434284925460815,53394
4.473286867141724,53339
4.496288776397705,53304
5.344310760498047,53234
5.5113205909729,53161
5.603325605392456,52924
6.226362228393555,52838
6.4153733253479,52789
