0.0029993057250976562,71700
0.7999978065490723,71282
0.8490018844604492,71262
0.8490018844604492,70841
0.8620035648345947,70702
0.8630044460296631,69950
0.8630044460296631,68710
0.8639843463897705,68624
0.865001916885376,68599
0.865001916885376,68385
1.0990159511566162,68217
1.1120173931121826,67981
1.1129989624023438,67965
1.1129989624023438,67910
1.1160011291503906,67756
1.1190156936645508,67689
1.1190156936645508,67681
1.1200010776519775,66983
1.1220014095306396,66974
1.1770045757293701,66112
1.1770045757293701,65869
1.1770045757293701,65587
1.199005126953125,64652
1.6430675983428955,63699
1.7368085384368896,63534
1.7368085384368896,62968
1.7680602073669434,62391
1.7680602073669434,62160
1.7680602073669434,62079
1.7680602073669434,61449
1.814915418624878,61417
1.8305602073669434,60983
1.8618106842041016,60831
1.8618106842041016,60394
1.8618106842041016,60281
1.8618106842041016,60178
1.8618106842041016,59742
1.877443552017212,59552
1.877443552017212,58772
1.9879603385925293,58485
2.5305254459381104,58357
2.5305254459381104,57993
2.5305254459381104,57950
2.5461511611938477,57691
2.5617754459381104,57662
2.5617754459381104,57534
2.5617754459381104,57527
2.5617754459381104,57013
2.7693445682525635,56261
2.8234424591064453,55637
3.4328458309173584,55188
3.4328458309173584,55147
3.4640960693359375,54830
3.495338201522827,54665
3.526597261428833,54497
3.526597261428833,54307
3.627077341079712,54148
3.6427018642425537,54041
3.6427018642425537,53993
3.658329963684082,53554
3.673953056335449,53153
4.620612859725952,53128
4.776843309402466,52938
5.401844263076782,52809
5.4330949783325195,52774
16.042541027069092,52774
