1.612093448638916,61509
1.613123893737793,61504
1.6631247997283936,61358
1.6651246547698975,61014
1.6661269664764404,60144
1.6971266269683838,60122
1.7231287956237793,60003
1.7381315231323242,59625
1.740131139755249,59543
1.7551307678222656,59099
1.7561306953430176,58272
1.7571306228637695,57815
1.7571306228637695,57751
1.7621307373046875,56587
1.7631311416625977,56511
1.7701294422149658,56408
1.794135570526123,56393
1.8041329383850098,56322
1.8961386680603027,56051
2.0681488513946533,55961
2.0751500129699707,55606
2.080151319503784,55324
2.08315110206604,55236
2.1751551628112793,55170
2.227159023284912,54973
2.3461647033691406,54962
2.7621896266937256,54522
2.7791924476623535,54403
2.804192066192627,54178
2.804192066192627,53261
3.5632357597351074,53165
3.5732386112213135,53132
5.52235221862793,53100
5.52235221862793,52936
6.084383487701416,52909
6.12138819694519,52895
6.177389144897461,52860
