0.00400090217590332,68232
0.0060007572174072266,68117
0.9090540409088135,66702
0.9110541343688965,66585
0.9120543003082275,66298
0.9210553169250488,65845
0.9220552444458008,64928
0.9220552444458008,64810
0.9240550994873047,63803
1.7191035747528076,63636
1.8151092529296875,63284
1.8221096992492676,62870
1.8221096992492676,62425
2.02812123298645,61966
2.0291213989257812,61772
2.0291213989257812,61754
2.0381219387054443,61215
2.039121627807617,60831
2.0411219596862793,60825
2.0471222400665283,60476
2.0471222400665283,59753
2.0481224060058594,59331
2.4661476612091064,59189
2.471147060394287,59107
2.4781482219696045,59102
2.5091495513916016,58926
2.5881540775299072,58801
2.5881540775299072,58709
2.5981552600860596,58389
2.8201661109924316,58239
2.8271851539611816,58019
2.8281667232513428,58013
2.866168975830078,57995
2.8751883506774902,57663
2.993196964263916,57507
3.0001935958862305,57003
3.0011954307556152,56254
3.16320538520813,56067
3.1661863327026367,55968
3.1702158451080322,55887
3.1782143115997314,55847
3.2662107944488525,55740
3.2722113132476807,55450
3.2771928310394287,55331
3.300213098526001,55121
3.306212902069092,54904
3.313214063644409,54580
3.327214479446411,54518
3.327214479446411,54272
3.3452157974243164,53834
3.9192843437194824,53776
3.9192843437194824,53555
3.9192843437194824,53436
4.028659820556641,53332
4.044285535812378,53303
6.524615049362183,53203
10.15570068359375,53115
10.704733610153198,52951
16.124228477478027,52951
