1.6091115474700928,61953
1.612112045288086,61800
1.6131131649017334,59905
1.618112325668335,59049
1.6221225261688232,58855
1.6221225261688232,58753
1.6221225261688232,58170
1.6261205673217773,58158
1.6281232833862305,57543
1.6921255588531494,57433
1.6951267719268799,57403
1.7031257152557373,57236
1.7621307373046875,57220
1.763131856918335,56889
1.763131856918335,56363
1.7811305522918701,56263
1.787130355834961,56238
1.7891314029693604,55969
1.9781415462493896,55963
1.9791414737701416,55524
2.792191505432129,55380
2.813190221786499,55356
2.8621957302093506,55187
2.8871965408325195,54851
2.9131977558135986,54541
2.942200183868408,54505
3.2042148113250732,54359
3.3462228775024414,54220
3.366225004196167,54214
3.397226333618164,53977
3.5402345657348633,53606
3.5502355098724365,53301
4.086266994476318,53113
4.186273813247681,52955
4.2172746658325195,52848
4.914285659790039,52816
5.033292531967163,52754
5.128298282623291,52725
5.159299373626709,52643
