1.1660687923431396,71379
1.1680688858032227,70797
1.1690688133239746,70473
1.1690688133239746,70394
1.1710689067840576,70074
1.1720688343048096,69856
1.1720688343048096,69126
1.1730690002441406,68287
1.214071273803711,68146
1.215071201324463,67890
1.216071605682373,67392
1.220071792602539,65861
1.2980763912200928,65834
1.3150770664215088,65790
1.3150770664215088,64625
1.3160772323608398,64148
1.3170771598815918,63825
1.3630800247192383,63822
1.3650801181793213,63679
1.3670802116394043,63169
1.3680803775787354,63122
1.3780810832977295,62572
1.3790810108184814,62201
1.3800811767578125,61870
1.3800811767578125,61707
1.3820812702178955,61560
1.3840813636779785,61116
1.6030941009521484,60028
1.6080949306488037,60001
1.6090946197509766,59242
1.6110944747924805,58883
1.6280953884124756,58697
1.6290957927703857,58543
1.7161009311676025,58493
1.7191009521484375,58301
1.7191009521484375,58215
1.7211010456085205,57927
1.7211010456085205,57921
1.7251012325286865,57843
1.7291014194488525,57183
1.7311017513275146,56407
1.7441024780273438,55470
1.7461023330688477,55192
1.7481024265289307,54903
1.7521026134490967,54789
2.293161630630493,54750
2.2951619625091553,54688
2.4261696338653564,54482
2.4311716556549072,54257
2.7451887130737305,53664
2.868194818496704,53658
2.868194818496704,53636
2.8781960010528564,53277
3.146212339401245,53208
3.439229726791382,53099
3.8142526149749756,52910
4.08125901222229,52824
4.2542760372161865,52789
5.232333660125732,52774
