0.01600050926208496,62791
1.5190880298614502,62539
1.5720913410186768,62148
1.6130952835083008,61683
1.6130952835083008,61429
1.6150944232940674,61372
1.6180942058563232,61044
1.6460957527160645,60825
1.6460957527160645,60690
1.6480965614318848,60479
1.6490955352783203,60359
1.8381073474884033,60264
1.8391072750091553,60028
1.8401076793670654,59079
1.8421077728271484,58748
1.845108985900879,57766
2.04811954498291,57537
2.0531198978424072,57471
2.1991281509399414,57427
2.248131275177002,57256
2.248131275177002,56319
2.2681331634521484,55651
2.3301355838775635,55561
2.372138738632202,55101
2.4211411476135254,54784
2.4501430988311768,54692
2.4641454219818115,54681
2.6171538829803467,54485
2.716158390045166,54480
2.7241594791412354,54368
2.7281594276428223,54311
2.7341597080230713,54136
2.9041669368743896,53952
2.999173164367676,53875
3.059176445007324,53782
3.835221767425537,53765
3.8742241859436035,53607
4.044234037399292,53466
4.069235563278198,53398
5.785363435745239,53173
6.009376287460327,53098
6.038379907608032,52922
6.991433620452881,52740
9.096557378768921,52658
