0.003069162368774414,194459
0.01837301254272461,194261
0.03850889205932617,193038
0.041517019271850586,192594
0.0447540283203125,191132
0.0473940372467041,191053
0.05159306526184082,182961
0.1608438491821289,182818
0.2735919952392578,182665
0.28640198707580566,182507
0.3029799461364746,182366
0.30757904052734375,181332
0.31302905082702637,180152
0.31564784049987793,177401
0.359860897064209,177377
0.37189221382141113,176866
0.3731510639190674,174144
0.6738600730895996,173563
0.7456600666046143,173228
0.7621910572052002,172797
0.7664430141448975,172579
0.769197940826416,169779
0.7734072208404541,169614
0.7843139171600342,169255
0.8159000873565674,169211
0.8469099998474121,168189
0.8520998954772949,166126
0.8533971309661865,165474
0.8559200763702393,165429
0.8571648597717285,165409
0.8585891723632812,163585
0.8967671394348145,163311
0.8996541500091553,163035
1.0590031147003174,162620
1.065446138381958,162437
1.0681109428405762,159807
1.0733668804168701,158799
1.0757641792297363,152455
1.0873429775238037,149628
1.1428840160369873,149439
1.145495891571045,145105
1.1473288536071777,145049
1.148622989654541,137087
1.166910171508789,137081
1.1984710693359375,136010
1.245354175567627,135376
1.2723820209503174,134764
1.2779109477996826,130829
1.2904720306396484,129993
1.3194730281829834,129963
1.3313801288604736,129599
1.3331139087677002,129575
1.3405301570892334,129079
1.3449010848999023,128994
1.351227045059204,128941
1.364880084991455,128149
1.367509126663208,127767
1.4020309448242188,127611
1.40333890914917,124337
1.4927551746368408,124223
1.7552030086517334,122916
1.775359869003296,122378
1.7778708934783936,120683
1.885667085647583,120601
1.8891191482543945,111850
2.047031879425049,111578
2.056504964828491,105138
2.0712831020355225,104726
2.0745840072631836,102710
2.173513174057007,102183
2.1793429851531982,100699
2.203995943069458,100135
2.213172197341919,99066
2.2276198863983154,95242
2.23779296875,94524
2.244223117828369,88541
2.2511799335479736,87201
2.2566230297088623,87109
2.2981250286102295,86697
2.3038320541381836,86126
2.4280128479003906,85034
2.4674341678619385,84844
2.6226248741149902,83197
2.6876630783081055,82670
2.692606210708618,81812
2.697314977645874,79111
2.706698179244995,78743
2.7089409828186035,77861
2.718683958053589,76416
2.830735921859741,76260
2.833714008331299,71248
2.8858790397644043,70832
2.8912858963012695,70218
2.9064481258392334,70189
2.909130811691284,67866
3.010816812515259,67374
3.0333778858184814,66814
3.0556299686431885,66682
3.058333158493042,66545
3.0609230995178223,65767
3.1308090686798096,65682
3.1631410121917725,64879
3.191288948059082,64796
3.1939239501953125,64016
3.2055211067199707,63397
4.110035181045532,62737
4.208570957183838,62731
4.213881969451904,62710
5.48753809928894,62701
5.490803003311157,62178
5.605479001998901,61926
5.734218120574951,61739
6.546751976013184,61704
7.697734117507935,61436
9.02689003944397,61330
65.18947696685791,61233
65.24873208999634,61026
67.30491209030151,61014
67.64595699310303,61005
70.50491786003113,60860
80.36486387252808,60564
80.61567497253418,60302
80.62946701049805,60201
80.65520000457764,60194
80.6630711555481,60143
80.66431403160095,60139
80.69496011734009,60111
80.8069851398468,59727
80.8396110534668,59542
80.87103915214539,59525
80.87616801261902,59443
80.88909006118774,59189
81.9681088924408,59168
82.30510306358337,59127
82.46285891532898,58434
83.72627186775208,58418
83.75768423080444,57973
83.84965705871582,57780
85.04529404640198,57512
137.55027103424072,57048
145.85999703407288,56960
145.88967323303223,56925
