0.9970583915710449,71349
0.9980583190917969,70716
0.9990584850311279,70636
1.000058889389038,70033
1.003058671951294,69400
1.003058671951294,69045
1.004058599472046,67772
1.1430668830871582,67740
1.1460673809051514,67391
1.1470673084259033,67168
1.1490674018859863,67077
1.1490674018859863,67034
1.1500675678253174,66930
1.1840693950653076,66615
1.1850693225860596,66466
1.1880698204040527,65509
1.1940701007843018,65056
1.1970698833465576,64941
1.1970698833465576,64755
1.1990702152252197,63043
1.228071928024292,62573
1.231072187423706,62094
1.562091588973999,61293
1.563091516494751,61220
1.563091516494751,60332
1.5730922222137451,59503
1.5730922222137451,59247
1.5780925750732422,58944
1.5830929279327393,58767
1.5830929279327393,58731
1.5830929279327393,58261
1.5860929489135742,58218
1.9221127033233643,57739
1.9631149768829346,56947
1.9661147594451904,56190
1.9711155891418457,55961
1.9741153717041016,55637
1.9811160564422607,55369
2.4441425800323486,55344
2.4521431922912598,55134
2.499145746231079,54989
2.5351481437683105,54898
2.5361480712890625,54749
2.5651495456695557,54390
3.1711857318878174,54376
3.491204023361206,53871
3.4962046146392822,53655
3.5032050609588623,53247
4.305251836776733,53227
4.335253953933716,53194
4.966292381286621,52658
