1.1170835494995117,68069
1.1200847625732422,67116
1.1210849285125732,66220
1.122086524963379,65746
1.1280851364135742,65319
1.1290853023529053,64846
1.1320831775665283,63886
1.6671173572540283,63727
1.6791188716888428,63706
1.6791188716888428,63702
1.8991303443908691,63371
1.9001288414001465,63046
1.9021284580230713,62622
1.9021284580230713,62447
1.9041311740875244,62342
1.906130075454712,61916
1.926131248474121,61369
1.926131248474121,61172
1.9381318092346191,60411
1.9381318092346191,59809
1.9401259422302246,59538
1.9421329498291016,59188
2.472165822982788,59175
2.4991655349731445,59104
2.5051674842834473,58948
2.5051674842834473,58771
2.5071675777435303,58680
2.5091686248779297,58370
2.5101675987243652,58320
2.5111663341522217,56711
2.5141658782958984,56614
2.515166759490967,56449
2.5161659717559814,56129
2.5351669788360596,56092
2.8251843452453613,55810
2.84718656539917,54904
2.881195545196533,54832
3.567229986190796,54529
3.601229667663574,54095
3.6062300205230713,53782
3.6062300205230713,53720
3.794240951538086,53605
3.8042423725128174,53316
3.806241035461426,53268
5.672351598739624,53127
15.932950735092163,53127
