1.1550655364990234,72090
1.1570687294006348,71159
1.1660668849945068,71017
1.2420709133148193,70754
1.2450737953186035,70532
1.2460720539093018,70338
1.2480714321136475,69856
1.2840757369995117,68122
1.2860736846923828,67914
1.2950763702392578,67742
1.3050768375396729,67682
1.3120756149291992,67515
1.3160755634307861,67178
1.319077491760254,67165
1.319077491760254,67057
1.325078010559082,66875
1.3800792694091797,66610
1.382080078125,65860
1.382080078125,65539
1.382080078125,65185
1.3830816745758057,64284
1.3830816745758057,63944
1.3840785026550293,63584
1.386080026626587,63374
1.3940799236297607,63161
1.3960814476013184,63126
1.3960814476013184,63048
1.400080680847168,62310
1.40108060836792,61789
1.4440853595733643,61612
1.4470856189727783,61257
1.4520838260650635,60896
1.4560840129852295,60200
1.4570832252502441,59815
1.4640862941741943,59741
1.5000884532928467,59699
1.5070862770080566,58728
1.5150864124298096,58473
1.5520894527435303,58007
1.725099802017212,57919
1.8570802211761475,57602
1.9670929908752441,56849
1.9730870723724365,56689
1.9730870723724365,55837
1.9780869483947754,55550
1.9941060543060303,55455
2.004106044769287,55165
2.3841402530670166,54876
2.393138885498047,53738
2.404141426086426,53631
2.417140007019043,53485
2.7281572818756104,53387
2.751160144805908,53331
2.7891628742218018,53173
4.6392693519592285,53155
4.6492698192596436,53072
4.889286518096924,53038
5.223307132720947,52950
7.106388807296753,52936
8.668480157852173,52860
