1.3090767860412598,68076
1.3320777416229248,68038
1.3370780944824219,67402
1.4230830669403076,65666
1.4290835857391357,65303
1.4300837516784668,65153
1.4300837516784668,64677
1.4300837516784668,64557
1.4360840320587158,64245
1.4520847797393799,64150
1.454084873199463,63143
1.465085506439209,62518
1.46608567237854,62490
1.7461020946502686,62193
1.7481019496917725,61767
1.7481019496917725,61381
1.7481019496917725,60612
1.7551028728485107,60313
1.7561028003692627,60285
1.7581026554107666,59839
1.7611029148101807,59682
1.7821040153503418,59526
1.783104419708252,59381
1.7941045761108398,59088
1.796104907989502,58592
1.796104907989502,58528
1.799105167388916,58498
1.804105281829834,58210
1.8211064338684082,58009
1.8231067657470703,57848
1.8251066207885742,57658
1.8261065483093262,57563
1.8281068801879883,57500
1.8301067352294922,57485
1.934112787246704,57092
1.9391133785247803,56531
1.9391133785247803,56389
1.9491140842437744,56146
1.9531142711639404,55681
1.9751152992248535,55641
2.279132604598999,55471
2.2861335277557373,55262
2.3121349811553955,54994
2.3161351680755615,54981
2.3331360816955566,54874
2.352137327194214,54531
2.367138385772705,54119
2.6151528358459473,53799
2.6411538124084473,53506
3.133183002471924,53292
3.39119815826416,53246
3.5182061195373535,52986
3.5382070541381836,52879
3.738245964050293,52865
