0.0,68068
1.171527624130249,68023
1.187183141708374,68022
1.187183141708374,67413
1.187183141708374,65764
1.187183141708374,65337
1.2024602890014648,64566
1.370138168334961,64125
1.372138261795044,61454
1.373131275177002,61211
1.384139060974121,60933
1.387136697769165,60829
1.387136697769165,60747
1.9076848030090332,60676
1.9076848030090332,60637
1.9076848030090332,60304
1.9076848030090332,60242
1.9076848030090332,59841
1.9076848030090332,59243
2.0452685356140137,58677
2.0452685356140137,58483
2.0452685356140137,58030
2.58787202835083,57803
2.5888712406158447,57645
2.589850425720215,57096
2.5958709716796875,56643
2.6008737087249756,56160
3.0291385650634766,56014
3.0291385650634766,55663
3.6039958000183105,55546
3.6196208000183105,55467
3.6508708000183105,55186
3.6508708000183105,54949
3.6821212768554688,54773
3.6821212768554688,54566
3.6821212768554688,54182
3.9747865200042725,53827
3.983898639678955,53712
3.9995510578155518,53637
4.199615001678467,53583
4.218589544296265,53437
4.251182794570923,53234
4.27218770980835,53127
4.749373197555542,52972
5.43291163444519,52900
5.475914239883423,52865
5.642832279205322,52803
7.73449182510376,52789
15.408787250518799,52789
