0.0031011104583740234,194459
0.019112110137939453,194261
0.04030108451843262,193038
0.043099164962768555,192594
0.047013044357299805,191132
0.049935102462768555,191053
0.05266904830932617,182961
0.16925311088562012,182818
0.30040502548217773,182665
0.3104860782623291,182507
0.3277750015258789,182366
0.33040308952331543,181332
0.33492612838745117,180152
0.3376429080963135,177401
0.38697099685668945,177377
0.40090107917785645,176866
0.4021921157836914,174144
0.724992036819458,173563
0.7988121509552002,173228
0.8123440742492676,172797
0.8171801567077637,172579
0.8185698986053467,169779
0.8214881420135498,169614
0.8327040672302246,169255
0.8576071262359619,169211
0.8943970203399658,168189
0.897075891494751,166126
0.8984382152557373,165474
0.9031469821929932,165429
0.9044380187988281,165409
0.9072480201721191,163585
0.950537919998169,163311
0.953275203704834,163035
1.1145930290222168,162620
1.121901035308838,162437
1.1231839656829834,159807
1.1292409896850586,158799
1.1305620670318604,152455
1.1390330791473389,149628
1.1956419944763184,149439
1.1983580589294434,145105
1.201153039932251,145049
1.2039449214935303,137087
1.225733995437622,137081
1.259490966796875,136010
1.3135669231414795,135376
1.3436388969421387,134764
1.349320888519287,130829
1.3638560771942139,129993
1.3888959884643555,129963
1.402127981185913,129599
1.404831886291504,129575
1.4104208946228027,129079
1.4146201610565186,128994
1.419727087020874,128941
1.433669090270996,128149
1.43503999710083,127767
1.4727890491485596,127611
1.4757449626922607,124337
1.565011978149414,124223
1.8072049617767334,122916
1.8233120441436768,122378
1.8265531063079834,120683
1.9166710376739502,120601
1.9197630882263184,111850
2.050240993499756,111578
2.057313919067383,105138
2.0730559825897217,104726
2.0772311687469482,102710
2.161417007446289,102183
2.1668031215667725,100699
2.194005012512207,100135
2.1987061500549316,99066
2.2118141651153564,95242
2.217651844024658,94524
2.2221591472625732,88541
2.2253501415252686,87201
2.231779098510742,87109
2.275657892227173,86697
2.281891107559204,86126
2.404021978378296,85034
2.450571060180664,84844
2.5992040634155273,83197
2.658161163330078,82670
2.663317918777466,81812
2.6681571006774902,79111
2.6854441165924072,78743
2.6881930828094482,77861
2.695880174636841,76416
2.8153140544891357,76260
2.8180840015411377,71248
2.8600270748138428,70832
2.864147901535034,70218
2.876236915588379,70189
2.877606153488159,67866
2.9530348777770996,67374
2.9707581996917725,66814
2.992727041244507,66682
2.9959700107574463,66545
2.9974591732025146,65767
3.0703048706054688,65682
3.09885311126709,64879
3.1228201389312744,64796
3.1240999698638916,64016
3.1408801078796387,63397
4.058957099914551,62737
4.144160032272339,62731
4.147133827209473,62710
5.401092052459717,62701
5.405313014984131,62178
5.549422025680542,61926
5.695588111877441,61739
6.435600996017456,61704
7.522815942764282,61436
8.65157699584961,61330
84.57462406158447,57367
85.09780502319336,57288
85.93809199333191,57001
88.2656638622284,56548
88.4703950881958,56258
88.75405097007751,56015
90.2433180809021,55718
91.66710805892944,55528
91.82883405685425,54854
123.44830799102783,54350
125.1211450099945,53995
189.50754594802856,53925
301.9029140472412,53518
305.1246180534363,53461
