1.4781064987182617,62303
1.47910475730896,61946
1.4941127300262451,61333
1.7921297550201416,61240
1.8081333637237549,60589
1.8131320476531982,60532
1.8171334266662598,60521
1.8191330432891846,59938
1.8291325569152832,58794
1.8311347961425781,58463
1.8721368312835693,58113
1.8991382122039795,58060
1.9031386375427246,57767
1.9141371250152588,57565
2.2141571044921875,57321
2.2481586933135986,56727
2.2481586933135986,56299
2.2611582279205322,56105
2.2681596279144287,55818
2.279160499572754,55431
2.285158634185791,55427
2.3311610221862793,55357
2.3441619873046875,55025
2.62117862701416,54800
2.6371800899505615,54505
2.6391794681549072,54124
2.851191997528076,53999
2.854194164276123,53796
2.8861942291259766,53689
2.966200828552246,53310
3.4182252883911133,53172
3.4312257766723633,53090
3.5492348670959473,53061
4.203271389007568,53051
4.246273517608643,52833
4.327279806137085,52725
4.633296728134155,52643
