1.6205720901489258,62561
1.6205720901489258,62492
1.6205720901489258,61897
1.8237242698669434,61823
2.0580997467041016,60726
2.073723793029785,60687
2.073723793029785,60614
2.073723793029785,60343
2.0893492698669434,60309
2.2143495082855225,59756
2.2143495082855225,59482
2.4487252235412598,59300
2.4487252235412598,58818
2.464350461959839,58467
2.495600938796997,58348
2.495600938796997,58109
2.495600938796997,57747
2.511225461959839,57262
3.0030744075775146,56914
3.0030744075775146,56880
3.01869797706604,56405
3.01869797706604,56181
3.03432297706604,55971
3.2295515537261963,55943
3.2608020305633545,55825
3.2608020305633545,55804
3.2608020305633545,54829
3.3076770305633545,53544
4.01202392578125,53343
4.01202392578125,53295
4.027649641036987,53188
4.043274641036987,53184
4.459079027175903,53059
4.604581594467163,53026
5.9596850872039795,52809
5.9596850872039795,52774
15.722752571105957,52774
