1.1930887699127197,72807
1.1940701007843018,72774
1.1950709819793701,72140
1.197072982788086,70503
1.2030901908874512,70330
1.2030901908874512,69918
1.4401113986968994,69595
1.4401113986968994,69419
1.4431121349334717,69149
1.4441139698028564,68653
1.4461147785186768,68456
1.4491150379180908,68235
1.4491150379180908,67529
1.4501125812530518,67490
1.4671142101287842,66564
1.4761154651641846,66227
1.4761154651641846,64973
1.5151166915893555,64713
1.5161173343658447,64173
1.5171175003051758,63860
1.5191171169281006,63825
1.5201165676116943,63033
1.5211167335510254,61882
1.5301177501678467,61329
1.5331180095672607,61196
1.5341196060180664,60873
1.5401179790496826,60492
1.5401179790496826,59937
1.5521204471588135,59870
1.5531208515167236,59618
1.5561189651489258,59461
1.5631189346313477,58353
1.5631189346313477,58309
1.5841221809387207,57997
1.5901210308074951,57307
2.133152723312378,56993
2.1371538639068604,56972
2.2261581420898438,56584
2.228158473968506,56222
2.252162218093872,55697
2.258161783218384,55591
2.4411704540252686,55489
2.4441726207733154,54875
2.4441726207733154,54653
2.809191942214966,54630
2.844193935394287,54535
2.8491945266723633,54421
3.0192060470581055,54326
3.077209949493408,53998
3.1102099418640137,53893
3.117210626602173,53802
3.305220365524292,53419
3.850252866744995,53355
4.460290431976318,53185
18.527104377746582,53152
18.814127683639526,53018
18.83012890815735,53009
