0.00400090217590332,65593
0.004981279373168945,65477
0.004981279373168945,65396
1.6250951290130615,65387
1.6250951290130615,65309
1.6250951290130615,63357
1.6270952224731445,63274
1.6420965194702148,63208
1.6430962085723877,63033
1.6460785865783691,62547
1.8282904624938965,62350
1.8282904624938965,61761
2.1541671752929688,61399
2.1551666259765625,61100
2.1551666259765625,60621
2.1561670303344727,60584
2.1741702556610107,60512
2.175168752670288,60367
2.1781699657440186,59907
2.3111796379089355,59694
2.3121793270111084,59112
2.3131790161132812,58862
2.739201307296753,58745
2.745201587677002,58653
2.757201910018921,58341
2.759202480316162,57300
3.092224359512329,56836
3.1692276000976562,56709
3.1852288246154785,56465
3.1912291049957275,55676
3.1932287216186523,55298
3.194228172302246,55216
3.495267868041992,54838
3.5032737255096436,54479
3.519479990005493,54336
3.552910804748535,54259
3.8426289558410645,53973
4.333895206451416,53914
4.338895559310913,53736
4.361897230148315,53701
4.5214972496032715,53590
4.725955009460449,53570
5.172832012176514,53535
5.210073471069336,53485
5.298829078674316,53127
5.350831985473633,53065
5.992872476577759,53011
6.200839519500732,52965
6.334849119186401,52883
6.46891450881958,52719
6.514779329299927,52657
12.7037992477417,52643
15.735796928405762,52643
