0.0020008087158203125,71859
0.9684803485870361,71858
0.9684803485870361,71565
1.0169188976287842,71552
1.0325713157653809,71302
1.04819655418396,70844
1.04819655418396,70321
1.04819655418396,70276
1.04819655418396,69014
1.04819655418396,68948
1.06382155418396,68726
1.06382155418396,68419
1.06382155418396,68281
1.06382155418396,66162
1.06382155418396,65904
1.362865686416626,64681
1.362865686416626,64531
1.362865686416626,64240
1.362865686416626,63857
1.3941433429718018,62639
1.4097683429718018,62244
1.4097683429718018,61757
1.4097683429718018,61460
1.4097683429718018,61023
1.425394058227539,60502
1.425394058227539,60434
2.080143451690674,60382
2.080143451690674,60086
2.080143451690674,60075
2.080143451690674,59692
2.080143451690674,59586
2.080143451690674,58966
2.111393690109253,58908
2.111393690109253,57894
2.111393690109253,57853
2.127026319503784,57807
2.4981019496917725,57623
2.4981019496917725,57459
2.513727903366089,57416
2.5762271881103516,56916
2.5762271881103516,56849
2.7241852283477783,56301
2.7241852283477783,55907
2.858200788497925,55769
3.017282724380493,55684
3.017282724380493,55669
3.0329349040985107,55641
3.0329349040985107,55330
3.0329349040985107,55241
3.0641849040985107,54809
3.465695858001709,54748
3.468695878982544,54701
3.7247109413146973,54565
3.7297110557556152,54428
3.8567190170288086,54305
3.925722360610962,54220
3.948733329772949,54136
3.9507339000701904,53868
3.9527335166931152,53835
3.9816577434539795,53735
4.0936572551727295,53633
4.317980051040649,53443
5.617374420166016,53442
5.64137601852417,53174
5.976395130157471,52943
6.086401700973511,52910
6.952604532241821,52822
15.745152473449707,52822
