0.0030171871185302734,62764
0.007019519805908203,61177
0.007019519805908203,60153
2.50750994682312,59869
2.508509635925293,59555
2.510509490966797,59544
2.522510290145874,59031
2.523655891418457,58892
2.523655891418457,58285
2.523655891418457,58053
2.5538578033447266,57753
2.5698585510253906,57589
2.5718586444854736,57003
2.684722900390625,56963
2.762723207473755,56478
2.762723207473755,56181
2.8525986671447754,56173
2.8525986671447754,56144
2.8682515621185303,56090
2.8682515621185303,56062
2.8682515621185303,55919
3.064124345779419,55884
3.085110902786255,55678
3.12496280670166,55226
3.12496280670166,55225
3.12496280670166,55143
3.12496280670166,54558
3.14058780670166,54412
3.2655887603759766,54382
3.3280882835388184,54174
3.3280882835388184,53906
3.359339714050293,53561
3.359339714050293,53348
4.422431230545044,53029
4.470431804656982,52967
4.50243616104126,52672
10.881061553955078,52658
15.737685680389404,52658
