0.0034339427947998047,194459
0.018617868423461914,194261
0.03885698318481445,193038
0.041647911071777344,192594
0.0449070930480957,191132
0.04809713363647461,191053
0.051224708557128906,182961
0.16071510314941406,182818
0.24916982650756836,182665
0.2567899227142334,182507
0.27054786682128906,182366
0.273129940032959,181332
0.27562403678894043,180152
0.27698779106140137,177401
0.3302757740020752,177377
0.3403968811035156,176866
0.3416619300842285,174144
0.642132043838501,173563
0.7090151309967041,173228
0.7204790115356445,172797
0.7262217998504639,172579
0.7291829586029053,169779
0.7348108291625977,169614
0.7451357841491699,169255
0.7698807716369629,169211
0.8045477867126465,168189
0.8090476989746094,166126
0.8118679523468018,165474
0.817162036895752,165429
0.8185527324676514,165409
0.8198421001434326,163585
0.8533990383148193,163311
0.856252908706665,163035
1.0018150806427002,162620
1.0062017440795898,162437
1.009070873260498,159807
1.012483835220337,158799
1.0145537853240967,152455
1.0242688655853271,149628
1.0833408832550049,149439
1.0857129096984863,145105
1.0885648727416992,145049
1.0915000438690186,137087
1.1137800216674805,137081
1.1419520378112793,136010
1.1918830871582031,135376
1.2181408405303955,134764
1.2228188514709473,130829
1.2342429161071777,129993
1.2639968395233154,129963
1.2778398990631104,129599
1.2806589603424072,129575
1.2899188995361328,129079
1.2932250499725342,128994
1.3008739948272705,128941
1.3173940181732178,128149
1.3202519416809082,127767
1.3511788845062256,127611
1.3524909019470215,124337
1.4458167552947998,124223
1.6975009441375732,122916
1.712763786315918,122378
1.7140579223632812,120683
1.8106999397277832,120601
1.8119890689849854,111850
1.9268391132354736,111578
1.935931921005249,105138
1.9451189041137695,104726
1.9479880332946777,102710
2.0362699031829834,102183
2.041944742202759,100699
2.064945936203003,100135
2.073809862136841,99066
2.091733932495117,95242
2.1004889011383057,94524
2.1107430458068848,88541
2.1133840084075928,87201
2.115971803665161,87109
2.1562328338623047,86697
2.1604909896850586,86126
2.278002977371216,85034
2.3292107582092285,84844
2.4949088096618652,83197
2.5536038875579834,82670
2.5620718002319336,81812
2.568161725997925,79111
2.578082799911499,78743
2.580920934677124,77861
2.594841957092285,76416
2.7097978591918945,76260
2.711095094680786,71248
2.7494757175445557,70832
2.7527029514312744,70218
2.7683799266815186,70189
2.771256923675537,67866
2.877588987350464,67374
2.9030818939208984,66814
2.9267749786376953,66682
2.9293429851531982,66545
2.930651903152466,65767
3.010640859603882,65682
3.0415549278259277,64879
3.0661869049072266,64796
3.0674798488616943,64016
3.0822038650512695,63397
4.299139738082886,62737
4.455950736999512,62731
4.460270881652832,62710
5.822652816772461,62701
5.823904991149902,62178
5.946441888809204,61926
6.071667909622192,61739
6.773456811904907,61704
7.839423894882202,61436
9.012259721755981,61330
79.27997279167175,61188
79.2916169166565,60736
79.35347986221313,60594
79.40515089035034,60487
79.41726088523865,60152
79.42545700073242,59692
79.43005585670471,58809
80.14391779899597,58387
82.59241390228271,57674
188.09469175338745,57519
