1.2600958347320557,71579
1.2610929012298584,71528
1.2620904445648193,71262
1.2640910148620605,69741
1.267092227935791,69005
1.2690916061401367,68774
1.2690916061401367,68730
1.2700915336608887,67617
1.2740929126739502,67172
1.2870924472808838,66810
1.302093267440796,66271
1.302093267440796,66099
1.304093360900879,65532
1.304093360900879,65300
1.30509352684021,64407
1.30509352684021,64149
1.3100931644439697,63883
1.3170762062072754,63836
1.319082498550415,63612
1.6421213150024414,63044
1.6431212425231934,62278
1.6451215744018555,61899
1.6461217403411865,61537
1.6481218338012695,60872
1.6561229228973389,60603
1.6701247692108154,59106
1.6731228828430176,58481
1.6921241283416748,57975
1.7101247310638428,57855
1.7171258926391602,57680
1.718125820159912,57516
1.7421290874481201,57200
1.7461280822753906,56833
1.7501277923583984,56271
1.7551276683807373,56016
1.7581279277801514,55608
1.76112961769104,55527
2.2111544609069824,54918
2.2291574478149414,54625
2.2301578521728516,54438
2.934197187423706,54302
2.937199115753174,53910
2.953198194503784,53857
2.99519944190979,53511
3.120209217071533,53145
3.168210506439209,52967
7.14244270324707,52930
7.146442890167236,52740
7.153444051742554,52658
9.132559537887573,52657
