1.1270725727081299,71428
1.2140724658966064,71085
1.2140724658966064,70091
1.2960774898529053,69914
1.2970788478851318,69006
1.3670814037322998,68848
1.3730816841125488,68069
1.38108229637146,67948
1.3870823383331299,67708
1.3870823383331299,67083
1.389082670211792,66861
1.391082525253296,66635
1.393082618713379,66100
1.4080839157104492,65819
1.409083604812622,65413
1.409083604812622,65378
1.4110839366912842,65154
1.4490933418273926,64473
1.4690873622894287,64153
1.512089729309082,63842
1.51708984375,63081
1.641097068786621,61813
1.6470975875854492,61090
1.6660985946655273,61069
1.6680984497070312,60947
1.6870992183685303,60860
1.6900994777679443,60851
1.7081005573272705,60575
1.7101008892059326,60441
1.7151007652282715,60284
1.7281017303466797,60149
1.7311017513275146,60105
1.7331020832061768,60076
1.7531030178070068,60051
1.758103370666504,58794
1.96311616897583,58763
2.0001180171966553,58644
2.0161194801330566,57641
2.0281200408935547,57351
2.0311200618743896,57072
2.04512095451355,56164
2.053121328353882,55900
2.059121608734131,55559
2.0611212253570557,55554
2.097123622894287,55284
2.1121249198913574,55205
2.1151249408721924,54585
2.1241254806518555,54292
2.635155439376831,54095
2.878169536590576,53961
2.880169630050659,53846
3.2241897583007812,53742
3.2801930904388428,53369
3.303194522857666,53287
3.3251960277557373,52841
3.3571977615356445,52816
5.7113611698150635,52672
