0.0029823780059814453,67720
1.140190601348877,67505
1.140190601348877,67124
1.140190601348877,65871
1.4332075119018555,64564
1.4992120265960693,64465
1.4992120265960693,64450
1.5022132396697998,64343
1.5042121410369873,62854
1.5052120685577393,61351
1.5072121620178223,60351
1.508211612701416,60249
1.7382252216339111,59936
1.9842422008514404,58993
2.2302353382110596,58956
2.2322540283203125,58452
2.2332539558410645,58342
2.2352652549743652,58069
2.309239625930786,58031
2.318239688873291,57989
2.318239688873291,57943
2.3432416915893555,57719
2.3502414226531982,57362
2.526271343231201,56187
2.5332717895507812,56004
2.5412533283233643,55888
2.5442726612091064,55744
2.548274278640747,55384
2.555267333984375,55154
2.559274196624756,54885
2.5722742080688477,54852
2.5782742500305176,54733
2.5792958736419678,54440
3.8050317764282227,54398
3.813032388687134,54206
4.3963541984558105,54059
4.449434518814087,53881
4.549253463745117,53318
4.549253463745117,53272
4.564998149871826,52979
4.623027563095093,52944
15.312499284744263,52944
