0.004996299743652344,194459
0.01580214500427246,194261
0.0352940559387207,193038
0.03818392753601074,192594
0.041045188903808594,191132
0.043966054916381836,191053
0.04692411422729492,182961
0.14507699012756348,182818
0.25147128105163574,182665
0.26128315925598145,182507
0.2815229892730713,182366
0.2872450351715088,181332
0.29152417182922363,180152
0.29308199882507324,177401
0.3560042381286621,177377
0.3729431629180908,176866
0.37556910514831543,174144
0.7343471050262451,173563
0.8094022274017334,173228
0.8203270435333252,172797
0.8269500732421875,172579
0.8290419578552246,169779
0.8346741199493408,169614
0.8519840240478516,169255
0.8800671100616455,169211
0.9171469211578369,168189
0.9208168983459473,166126
0.9229278564453125,165474
0.9307410717010498,165429
0.933372974395752,165409
0.9363000392913818,163585
0.978611946105957,163311
0.9798719882965088,163035
1.1675479412078857,162620
1.1727941036224365,162437
1.1748590469360352,159807
1.1806979179382324,158799
1.1819939613342285,152455
1.1882030963897705,149628
1.235124111175537,149439
1.2363662719726562,145105
1.2378602027893066,145049
1.239828109741211,137087
1.2528810501098633,137081
1.2759191989898682,136010
1.3374431133270264,135376
1.3645830154418945,134764
1.3693890571594238,130829
1.3818120956420898,129993
1.418828010559082,129963
1.4324061870574951,129599
1.4339690208435059,129575
1.442944049835205,129079
1.4483070373535156,128994
1.4560542106628418,128941
1.4723830223083496,128149
1.4748680591583252,127767
1.514841079711914,127611
1.516160011291504,124337
1.6236419677734375,124223
1.8940269947052002,122916
1.9128079414367676,122378
1.9148812294006348,120683
2.0009241104125977,120601
2.003535270690918,111850
2.122624158859253,111578
2.1281001567840576,105138
2.1411609649658203,104726
2.1423821449279785,102710
2.2219860553741455,102183
2.2270872592926025,100699
2.2507779598236084,100135
2.258308172225952,99066
2.278761148452759,95242
2.2878191471099854,94524
2.295919895172119,88541
2.300731897354126,87201
2.30698823928833,87109
2.3559560775756836,86697
2.3616342544555664,86126
2.538033962249756,85034
2.5966100692749023,84844
2.766896963119507,83197
2.8299930095672607,82670
2.8377389907836914,81812
2.8432462215423584,79111
2.85982608795166,78743
2.861638069152832,77861
2.8741371631622314,76416
2.988953113555908,76260
2.99100399017334,71248
3.034377098083496,70832
3.040032148361206,70218
3.0553500652313232,70189
3.0571470260620117,67866
3.162238121032715,67374
3.201378107070923,66814
3.222633123397827,66682
3.225466251373291,66545
3.227509021759033,65767
3.3118770122528076,65682
3.341165065765381,64879
3.3644440174102783,64796
3.366853952407837,64016
3.3821041584014893,63397
4.266170978546143,62737
4.3569440841674805,62731
4.359472990036011,62710
5.499311923980713,62701
5.502346992492676,62178
5.632812023162842,61926
5.771996974945068,61739
6.547666072845459,61704
7.792886018753052,61436
9.26394009590149,61330
36.28679418563843,61046
60.759769916534424,58976
60.76611518859863,58702
60.880452156066895,58590
61.148099184036255,58371
61.15018820762634,57164
62.62050104141235,56780
62.84383702278137,56734
64.10286903381348,56730
64.10880899429321,56709
64.14161014556885,56441
77.21381902694702,55845
77.63459992408752,55424
78.05799317359924,53773
79.38609600067139,53744
79.6433641910553,53049
79.73760104179382,53006
79.81746697425842,52943
