1.4520931243896484,64356
1.4550931453704834,64347
1.4610936641693115,64340
1.4610936641693115,63974
1.553098440170288,61652
1.553098440170288,61306
1.5600996017456055,61076
1.5680994987487793,60991
1.6081020832061768,60702
1.7071096897125244,59820
1.7851123809814453,59704
1.7851123809814453,59411
1.7891123294830322,58569
1.7991135120391846,58305
1.8011155128479004,57439
1.8051130771636963,57347
1.8111143112182617,57304
1.8211159706115723,56819
1.8521180152893066,56682
1.8591163158416748,56560
1.9121196269989014,56220
1.9151201248168945,56118
1.9321210384368896,55895
1.9391214847564697,55684
1.9491217136383057,55427
1.9511220455169678,55134
1.9521234035491943,54322
1.9751226902008057,54170
2.517155170440674,54149
2.519155263900757,53966
3.8002305030822754,53616
4.100247621536255,53353
4.16325306892395,53055
4.241257667541504,53009
4.634280681610107,52982
4.75328516960144,52875
