0.0040018558502197266,194459
0.0175020694732666,194261
0.03830385208129883,193038
0.04229903221130371,192594
0.04509282112121582,191132
0.04869985580444336,191053
0.05135393142700195,182961
0.16352176666259766,182818
0.31748008728027344,182665
0.334183931350708,182507
0.3537750244140625,182366
0.35884809494018555,181332
0.3631460666656494,180152
0.36528491973876953,177401
0.4368000030517578,177377
0.45171093940734863,176866
0.4543190002441406,174144
0.7685940265655518,173563
0.846411943435669,173228
0.856896162033081,172797
0.8602368831634521,172579
0.8619930744171143,169779
0.8652279376983643,169614
0.8779199123382568,169255
0.9111120700836182,169211
0.9482159614562988,168189
0.9541687965393066,166126
0.9578487873077393,165474
0.9632558822631836,165429
0.9669070243835449,165409
0.9697937965393066,163585
1.0112359523773193,163311
1.014143943786621,163035
1.2166779041290283,162620
1.224005937576294,162437
1.2287907600402832,159807
1.2337250709533691,158799
1.2369658946990967,152455
1.2482500076293945,149628
1.3151588439941406,149439
1.3189499378204346,145105
1.3204197883605957,145049
1.323004961013794,137087
1.3416600227355957,137081
1.363797903060913,136010
1.4135451316833496,135376
1.4427459239959717,134764
1.4496328830718994,130829
1.462942123413086,129993
1.4879717826843262,129963
1.4997060298919678,129599
1.5028808116912842,129575
1.506821870803833,129079
1.5116519927978516,128994
1.5187299251556396,128941
1.5301547050476074,128149
1.5322320461273193,127767
1.5738048553466797,127611
1.5755159854888916,124337
1.6695289611816406,124223
1.9056200981140137,122916
1.9205808639526367,122378
1.9232380390167236,120683
1.9950098991394043,120601
1.9982459545135498,111850
2.0928118228912354,111578
2.099609851837158,105138
2.115863800048828,104726
2.1188597679138184,102710
2.2106778621673584,102183
2.217576026916504,100699
2.2388617992401123,100135
2.247668981552124,99066
2.259251117706299,95242
2.265920877456665,94524
2.2725720405578613,88541
2.2787370681762695,87201
2.2834959030151367,87109
2.3298540115356445,86697
2.335502862930298,86126
2.4531350135803223,85034
2.5020599365234375,84844
2.6779279708862305,83197
2.7697629928588867,82670
2.7755191326141357,81812
2.7784080505371094,79111
2.7926270961761475,78743
2.793968915939331,77861
2.8046460151672363,76416
2.9341368675231934,76260
2.937145948410034,71248
2.9815049171447754,70832
2.9881198406219482,70218
3.0046439170837402,70189
3.006114959716797,67866
3.1159451007843018,67374
3.14070987701416,66814
3.159688949584961,66682
3.162364959716797,66545
3.1690430641174316,65767
3.2393689155578613,65682
3.275941848754883,64879
3.3074638843536377,64796
3.3090760707855225,64016
3.3192427158355713,63397
4.178600072860718,62737
4.292979001998901,62731
4.298727035522461,62710
5.467244863510132,62701
5.469897031784058,62178
5.582666873931885,61926
5.711042881011963,61739
6.4195239543914795,61704
7.3493359088897705,61436
8.511632919311523,61330
32.15463304519653,56270
35.356138706207275,56244
106.56598377227783,55102
183.81651782989502,55016
183.82841205596924,54638
184.4135549068451,54574
184.46733283996582,54392
187.3784589767456,54383
187.50579476356506,53732
