1.6350245475769043,63868
1.6350245475769043,63277
1.6350245475769043,63231
1.6350245475769043,62657
2.1175858974456787,62064
2.1175858974456787,61752
2.1175858974456787,60809
2.1332108974456787,60678
2.1332108974456787,60399
2.1332108974456787,60214
2.1488358974456787,59826
2.1488358974456787,59782
2.1644606590270996,59296
2.1800858974456787,59209
2.1957106590270996,58928
2.1957106590270996,58886
2.1957106590270996,58179
2.5238277912139893,58066
2.7582132816314697,58022
2.7582132816314697,57976
2.7894632816314697,57897
2.7894632816314697,57720
2.7894632816314697,57068
2.805088520050049,56827
2.820714235305786,56728
2.820714235305786,56141
2.820714235305786,55715
3.195186138153076,54757
3.507660150527954,54585
3.6478607654571533,54351
3.650860071182251,54027
3.7514874935150146,53988
3.892112970352173,53940
3.892112970352173,53803
3.9077374935150146,53735
4.48583722114563,53694
4.799502611160278,53649
4.940128326416016,53509
5.143253564834595,53452
6.3434059619903564,53318
7.883428335189819,53297
7.883428335189819,53249
15.261309623718262,53249
