0.003000020980834961,72780
0.003000020980834961,71701
1.1000633239746094,71457
1.1000633239746094,70249
1.1000633239746094,70222
1.105062484741211,69641
1.105062484741211,69495
1.1090819835662842,69220
1.1100826263427734,69162
1.4320824146270752,68861
1.4350824356079102,68438
1.4350824356079102,68211
1.436081886291504,67943
1.7200984954833984,66910
1.7220988273620605,66533
1.7260992527008057,66314
1.7861037254333496,66235
1.7871034145355225,66230
1.788102626800537,65793
1.7891032695770264,65392
1.7901034355163574,65103
1.8171048164367676,64430
1.8531076908111572,64012
1.8551087379455566,63228
2.529146194458008,62937
2.5361454486846924,62837
2.5371460914611816,62681
2.598149538040161,62633
2.598149538040161,62545
2.607149839401245,62514
2.6111502647399902,62379
2.6111502647399902,61812
2.6211512088775635,61403
2.6301515102386475,61398
2.6301515102386475,61130
2.6521530151367188,60638
2.665153741836548,60624
2.784161329269409,60368
2.7901611328125,60339
2.79116153717041,60262
2.7921621799468994,59967
2.794161796569824,59749
2.8061623573303223,59372
2.911168098449707,59109
2.914168357849121,58592
3.345194101333618,58362
3.349195957183838,58204
3.3541958332061768,58169
3.3861968517303467,57786
3.3871960639953613,57686
3.3871960639953613,56678
3.3941972255706787,56223
3.3951973915100098,55836
4.4192564487457275,55835
4.427257776260376,55601
4.429257392883301,55108
4.446258544921875,55041
4.447258710861206,54993
4.492259502410889,54815
4.500260829925537,54522
4.509262800216675,54012
4.542263984680176,53841
4.555265665054321,53519
4.5592663288116455,53490
4.827279567718506,53248
5.48032021522522,53213
5.622337818145752,53147
5.623345613479614,52788
16.806492805480957,52788
