1.5080900192260742,63126
1.510087251663208,63057
1.6470959186553955,62847
1.6470959186553955,62278
1.650097131729126,62020
1.7471051216125488,61676
1.758103609085083,61651
1.7591030597686768,61111
1.7631049156188965,60916
1.771104097366333,59842
1.7971067428588867,59679
1.8041071891784668,58774
1.8081071376800537,58666
1.823108196258545,58431
1.8351075649261475,58351
1.8411095142364502,57297
1.8661096096038818,57035
1.8731117248535156,56938
1.8961107730865479,56255
2.0021190643310547,56208
2.0031182765960693,56079
2.012117862701416,55982
2.021117925643921,55956
2.035118818283081,55696
2.070122718811035,55647
2.0801212787628174,55632
2.086124897003174,55410
2.0881218910217285,55050
2.1981289386749268,54780
2.542147636413574,54752
2.5781500339508057,54263
2.6011533737182617,54262
2.610154151916504,54241
2.998175859451294,54224
3.00117564201355,54187
3.0671794414520264,54034
3.1001834869384766,53509
3.152186632156372,53015
3.194188356399536,52933
3.7622222900390625,52885
3.866199016571045,52823
3.957204580307007,52788
7.466436862945557,52658
11.57867693901062,52643
