1.3310797214508057,63961
1.3310797214508057,63560
1.546090841293335,63483
1.6370971202850342,63235
1.6370971202850342,62785
1.6440958976745605,62654
1.6460962295532227,62245
1.6570971012115479,61772
1.6570971012115479,61408
1.6650981903076172,60646
1.669097661972046,59905
1.670097827911377,58907
1.671097755432129,58498
1.682098150253296,58438
1.6860988140106201,58285
1.700101613998413,57936
1.702101707458496,57660
1.706101655960083,57631
1.706101655960083,57374
1.7261009216308594,57252
1.7411017417907715,57155
1.7411017417907715,57004
2.217129707336426,56956
2.2241311073303223,56154
2.2271316051483154,55947
2.4191410541534424,55666
2.481145143508911,55321
2.5331482887268066,55224
2.5511507987976074,54856
2.554152011871338,54566
2.554152011871338,54231
2.6661558151245117,54182
2.80116605758667,53828
2.803163528442383,53752
2.804163932800293,53637
3.683215618133545,53615
3.722219467163086,53347
3.7722225189208984,53264
3.7782201766967773,53224
3.7922239303588867,53117
5.066298007965088,52972
6.611387014389038,52900
7.085416078567505,52865
