0.016001462936401367,69567
1.2940952777862549,69429
1.296095609664917,68525
1.3751001358032227,67884
1.4490854740142822,67772
1.4830870628356934,67111
1.5280897617340088,65950
1.5400903224945068,65910
1.5400903224945068,65386
1.543091058731079,64552
1.544090747833252,62707
1.5750923156738281,62560
1.5750923156738281,61793
1.5820927619934082,61126
1.5850930213928223,60981
1.5870933532714844,60908
1.5880932807922363,60897
1.669097900390625,60625
1.7811040878295898,60498
1.783104419708252,59599
1.78910493850708,59272
1.78910493850708,58982
1.791105031967163,58848
1.798105239868164,58161
1.8031058311462402,58042
2.15112566947937,57560
2.1851282119750977,57524
2.213129758834839,57412
2.250131607055664,57161
2.2631325721740723,57147
2.2651329040527344,56942
2.2851338386535645,56933
2.2881340980529785,56816
2.2891342639923096,56433
2.2961347103118896,55791
2.552149534225464,55657
2.560149908065796,55580
2.6551549434661865,55135
2.690157651901245,54641
2.699157953262329,54550
2.7261595726013184,54549
2.7371604442596436,54362
2.7491612434387207,54216
2.7551608085632324,54183
2.761162042617798,53889
2.764162063598633,53806
3.5272066593170166,53703
3.9912338256835938,53626
4.018235445022583,53462
4.043236970901489,53400
5.181303024291992,53279
5.731335639953613,53103
14.10985541343689,52809
14.128854036331177,52774
