1.2690820693969727,62582
1.5611014366149902,61697
1.5620999336242676,61559
1.5620999336242676,60585
1.5671002864837646,60486
1.5690994262695312,60221
1.629103183746338,60107
1.629103183746338,60000
1.6391057968139648,59944
1.642103672027588,59725
1.654104232788086,59620
1.7871127128601074,59506
1.7891149520874023,59220
1.7901148796081543,58824
1.7911152839660645,58800
1.8001136779785156,58219
1.801114559173584,57745
1.8031132221221924,57666
1.8131158351898193,57560
1.8161144256591797,56721
1.8951189517974854,56295
2.359147787094116,56004
2.3641467094421387,55985
2.3781466484069824,55874
2.3831493854522705,55707
2.388148069381714,55612
2.413148880004883,55498
2.4771533012390137,55239
2.4841532707214355,55179
2.4971258640289307,55150
2.535158157348633,54630
2.6131608486175537,54513
2.864176034927368,54504
2.873178005218506,54101
3.3892059326171875,53986
3.570218801498413,53881
3.573216676712036,53819
3.9212393760681152,53718
3.922236680984497,53656
4.124224424362183,53319
4.138242721557617,53212
6.074363946914673,53154
6.521389007568359,53141
7.780463218688965,52965
