0.003000020980834961,68511
0.003000020980834961,68015
1.0258729457855225,67952
1.026872158050537,66909
1.0278716087341309,66278
1.0288722515106201,65805
1.0298731327056885,65630
1.031872034072876,65379
1.0338733196258545,65034
1.0368716716766357,64744
1.6706058979034424,64314
1.6706058979034424,64147
1.6706058979034424,63258
1.6706058979034424,62554
1.6706058979034424,62177
1.6706058979034424,60970
1.6706058979034424,60657
1.6706058979034424,60478
1.7243468761444092,60254
1.7243468761444092,59746
1.726346731185913,59665
1.728346824645996,59212
1.7293472290039062,59085
2.5589189529418945,58568
2.5589189529418945,58450
2.5745434761047363,57870
2.5745434761047363,57737
2.5745434761047363,57441
2.7382898330688477,57359
2.937926769256592,57268
2.9399263858795166,56639
2.9449265003204346,56150
3.1167967319488525,55958
3.1167967319488525,55341
3.1167967319488525,55259
3.1167967319488525,54806
3.1324219703674316,54743
3.1324219703674316,54727
3.148047924041748,53937
3.148047924041748,53902
3.163672924041748,53852
3.5623795986175537,53186
4.197027683258057,53014
4.498169660568237,52779
4.529419898986816,52672
7.31956672668457,52658
15.638556241989136,52658
