1.5300893783569336,62535
1.535090684890747,62341
1.5681004524230957,61623
1.574099063873291,61541
1.579101324081421,61500
1.580101728439331,61213
1.5811009407043457,60615
1.583101749420166,60296
1.6241035461425781,59611
1.6431052684783936,58437
1.6461060047149658,58370
1.6481029987335205,58149
2.1841349601745605,57598
2.1861367225646973,57438
2.1891345977783203,57407
2.2181389331817627,56889
2.363144636154175,56715
2.369144916534424,56290
2.3701446056365967,55586
2.372145175933838,55133
2.3761463165283203,54773
2.386146068572998,54463
2.410147190093994,54293
2.41214919090271,54103
2.5851306915283203,53946
4.0252439975738525,53897
4.089246034622192,53793
4.114249229431152,53721
4.570274353027344,53469
4.77228856086731,53437
4.843290090560913,53276
4.922295093536377,53086
5.179311275482178,53051
6.313375473022461,52915
6.325378179550171,52880
