1.0740633010864258,72370
1.0750629901885986,70868
1.0760629177093506,70446
1.0960643291473389,69530
1.461085319519043,68868
1.500089406967163,68647
1.5040903091430664,67169
1.5050864219665527,67019
1.5060861110687256,66945
1.5140881538391113,65489
1.5140881538391113,65343
1.5150861740112305,65330
1.549088716506958,64710
1.5540885925292969,64523
1.5600919723510742,63696
1.5600919723510742,63409
1.5680911540985107,63010
1.5720903873443604,62909
1.5741181373596191,62766
1.5820908546447754,62676
1.592111587524414,62645
1.5931153297424316,62528
1.5941133499145508,62351
1.5961110591888428,62076
1.6041114330291748,62037
1.6071116924285889,61801
1.609112024307251,61734
1.610121488571167,61673
1.706127405166626,61545
1.71012544631958,61362
1.7121257781982422,60952
1.7161259651184082,60431
1.8821356296539307,60277
1.8851375579833984,59799
1.8901360034942627,59758
1.8921360969543457,59476
1.8931362628936768,59376
1.8951387405395508,58897
1.8981363773345947,58329
2.0891475677490234,58289
2.0931472778320312,57947
2.0951476097106934,57426
2.1111483573913574,56976
2.1141488552093506,56623
2.261160373687744,56532
2.262159824371338,56187
2.385164499282837,56125
2.385164499282837,55563
2.398165702819824,55384
2.4001669883728027,55197
2.4081664085388184,54956
2.4241697788238525,54395
2.4481706619262695,54160
2.454169273376465,53868
2.470170497894287,53855
2.484173059463501,53748
2.487171173095703,53686
2.8651952743530273,53615
2.876194715499878,53347
3.826251268386841,53014
4.275277376174927,52992
4.295278549194336,52910
4.593294143676758,52848
