1.3150768280029297,66875
1.3150768280029297,66794
1.4150831699371338,66776
1.4160852432250977,65689
1.5030877590179443,65644
1.5060901641845703,65053
1.5310897827148438,64858
1.5360925197601318,64118
1.5370919704437256,63981
1.5380921363830566,63855
1.5400927066802979,63373
1.5430901050567627,63049
1.551091194152832,62360
1.5530915260314941,62283
1.6420979499816895,62202
1.6430985927581787,61094
1.658097505569458,61015
1.7221009731292725,60925
1.7231025695800781,60723
1.8541104793548584,60643
1.9031131267547607,60551
1.9071133136749268,60227
1.912111759185791,60034
1.9161126613616943,59199
1.92311429977417,59033
1.951115369796753,58758
1.9551167488098145,58648
1.9561164379119873,58195
1.9581162929534912,58178
1.9621148109436035,58066
1.9631149768829346,57243
1.9691176414489746,57222
1.9941189289093018,57202
2.2081305980682373,57193
2.2931344509124756,57137
2.2981364727020264,56998
2.3021352291107178,56576
2.304136037826538,56567
2.3081376552581787,56146
2.315136194229126,55310
2.4051363468170166,55285
2.4061434268951416,54759
2.4291419982910156,54516
2.434142827987671,54473
2.7011592388153076,53789
2.712160110473633,53306
2.7311620712280273,53191
2.7411606311798096,52988
3.1071836948394775,52930
3.1751880645751953,52895
4.111240386962891,52862
4.113240480422974,52672
9.320545673370361,52643
