1.3760814666748047,63317
1.5380878448486328,63186
1.549088954925537,62858
1.5730910301208496,62717
1.5760903358459473,62141
1.6270947456359863,61556
1.6590955257415771,61165
1.661095142364502,60094
1.6630957126617432,60050
1.669097661972046,59897
1.6710951328277588,59888
1.6720960140228271,59208
1.6790962219238281,58995
1.6820971965789795,58388
1.6930971145629883,57986
1.6940968036651611,57708
1.6960992813110352,57578
1.791104793548584,56551
1.8551080226898193,56219
1.8591065406799316,55634
1.865083932876587,55605
1.8670988082885742,55331
2.431140422821045,55135
2.5141470432281494,54593
2.561150074005127,54492
2.9551713466644287,54481
2.99017333984375,53825
3.1781845092773438,53757
3.1901867389678955,53619
3.5391809940338135,53559
3.9552018642425537,53534
5.444316864013672,53530
5.4773008823394775,53458
6.090327024459839,53394
6.101327657699585,53389
6.593384027481079,53374
6.916394948959351,53348
7.3394293785095215,53088
