1.3230767250061035,66433
1.3230767250061035,65688
1.3250765800476074,65381
1.3370795249938965,65011
1.3390777111053467,64927
1.3460805416107178,64069
1.3470799922943115,63793
1.3510782718658447,63500
1.3520784378051758,63163
1.3520784378051758,62667
1.353078842163086,61784
1.365079641342163,61584
1.3680799007415771,61266
1.371079921722412,60862
1.3880810737609863,60536
1.3950810432434082,60229
1.3960819244384766,60080
1.3960819244384766,59539
1.3960819244384766,59303
1.3990817070007324,59287
1.6420960426330566,59146
1.6450963020324707,58765
1.6470978260040283,58640
1.6930994987487793,58554
1.714101791381836,57944
1.728102684020996,57226
1.7311010360717773,56448
1.8071074485778809,56301
1.8091058731079102,56176
1.8111076354980469,55837
1.8121073246002197,55639
1.8381071090698242,55331
1.848107099533081,55255
1.8491098880767822,54626
2.6511569023132324,54554
2.670156240463257,54538
2.701158285140991,54449
2.8381659984588623,54407
2.8631694316864014,54125
2.868168354034424,54121
2.8811686038970947,54039
2.8831698894500732,53924
3.181187152862549,53680
3.185185432434082,53576
4.141214370727539,53565
4.158215522766113,53389
4.368227958679199,53355
4.424231290817261,53312
4.439231872558594,53205
4.926260471343994,53204
7.027382850646973,53190
