1.0963420867919922,67154
1.0963420867919922,66860
1.1119937896728516,66822
1.1119937896728516,66597
1.1119937896728516,65812
1.1119937896728516,65193
1.1119937896728516,65027
1.1276190280914307,64691
1.3125064373016357,64498
1.3125064373016357,63808
1.3125064373016357,63516
1.3125064373016357,62817
1.6700968742370605,62797
1.6720681190490723,62007
1.777841329574585,61716
1.7934660911560059,61307
1.7934660911560059,60902
1.8090896606445312,60503
1.8090896606445312,59024
1.824716329574585,58972
1.824716329574585,58921
1.824716329574585,58800
1.824716329574585,58651
1.824716329574585,57614
2.2299752235412598,57114
2.6841235160827637,56816
2.6851232051849365,56463
2.721125364303589,56073
2.7231249809265137,55776
2.749126672744751,55654
2.7661280632019043,55275
2.8795926570892334,54942
2.8805928230285645,54821
2.986598014831543,54547
2.988597869873047,54381
3.3911359310150146,54004
3.4151368141174316,53900
3.4361376762390137,53874
3.447138786315918,53720
3.6801602840423584,53671
3.6821608543395996,53564
3.7754147052764893,53556
4.177959203720093,53527
4.1979756355285645,53445
4.273961544036865,53300
4.273961544036865,53279
4.277982234954834,53197
4.284982442855835,53127
4.385968208312988,53065
4.437972545623779,52719
5.444979667663574,52657
10.774858236312866,52643
15.860469102859497,52643
