0.015000343322753906,64703
1.4730842113494873,63565
1.5650920867919922,63537
1.5720901489257812,63233
1.574089765548706,62748
1.5790901184082031,62578
1.581092357635498,62092
1.5850906372070312,62082
1.5870931148529053,61526
1.6530945301055908,61434
1.657094955444336,61345
1.661095142364502,61300
1.6660957336425781,60896
1.6690962314605713,60868
1.674095630645752,60666
1.674095630645752,60463
1.674095630645752,59802
1.8521089553833008,59554
1.8561077117919922,58987
1.884108066558838,58537
1.9421119689941406,58181
1.9441118240356445,56729
1.9471118450164795,56612
1.9561121463775635,56561
1.9591143131256104,56481
1.9701130390167236,56121
2.3121349811553955,55919
2.437142848968506,55886
2.6001498699188232,55692
2.6481528282165527,54991
2.7321598529815674,54730
3.0781779289245605,54620
3.1021790504455566,54461
3.109180212020874,53828
3.1271822452545166,53564
3.254187822341919,53436
3.78421950340271,53290
3.791219711303711,53100
5.36531138420105,52972
5.4453160762786865,52937
5.475320339202881,52803
5.733333110809326,52789
8.761509656906128,52788
8.947521209716797,52774
