0.01244807243347168,194459
0.025178909301757812,194261
0.04987907409667969,193038
0.05289793014526367,192594
0.05595088005065918,191132
0.0585169792175293,191053
0.06548690795898438,182961
0.19603681564331055,182818
0.3397040367126465,182665
0.35004496574401855,182507
0.3655688762664795,182366
0.370697021484375,181332
0.37674498558044434,180152
0.3783760070800781,177401
0.43642497062683105,177377
0.45342278480529785,176866
0.45621776580810547,174144
0.8167259693145752,173563
0.888822078704834,173228
0.9006431102752686,172797
0.903188943862915,172579
0.9044427871704102,169779
0.9093639850616455,169614
0.9251918792724609,169255
0.9505939483642578,169211
0.9779829978942871,168189
0.9805340766906738,166126
0.9819457530975342,165474
0.9858608245849609,165429
0.988537073135376,165409
0.9907269477844238,163585
1.0231919288635254,163311
1.0257420539855957,163035
1.211582899093628,162620
1.2179498672485352,162437
1.219191074371338,159807
1.2229819297790527,158799
1.225013017654419,152455
1.2384040355682373,149628
1.2942619323730469,149439
1.2969739437103271,145105
1.2997629642486572,145049
1.3023428916931152,137087
1.323380947113037,137081
1.345379114151001,136010
1.3960120677947998,135376
1.425732135772705,134764
1.4296669960021973,130829
1.4405648708343506,129993
1.4628198146820068,129963
1.475337028503418,129599
1.4779987335205078,129575
1.4836280345916748,129079
1.487576961517334,128994
1.4919159412384033,128941
1.504638910293579,128149
1.5058801174163818,127767
1.538543939590454,127611
1.5397770404815674,124337
1.625586986541748,124223
1.8533430099487305,122916
1.8678529262542725,122378
1.8690717220306396,120683
1.9371628761291504,120601
1.9395630359649658,111850
2.0393118858337402,111578
2.0465810298919678,105138
2.059844732284546,104726
2.062790870666504,102710
2.1770589351654053,102183
2.181644916534424,100699
2.207507848739624,100135
2.2148709297180176,99066
2.2341928482055664,95242
2.2432048320770264,94524
2.2496728897094727,88541
2.256635904312134,87201
2.259783983230591,87109
2.2987489700317383,86697
2.304595947265625,86126
2.431579828262329,85034
2.4871408939361572,84844
2.6464200019836426,83197
2.7069051265716553,82670
2.710690975189209,81812
2.714071035385132,79111
2.727163791656494,78743
2.7295408248901367,77861
2.740354061126709,76416
2.840092897415161,76260
2.842756748199463,71248
2.881089925765991,70832
2.886538028717041,70218
2.9074440002441406,70189
2.9100239276885986,67866
3.000596046447754,67374
3.02278995513916,66814
3.0461008548736572,66682
3.0486867427825928,66545
3.051363706588745,65767
3.126178026199341,65682
3.1558430194854736,64879
3.185349941253662,64796
3.1884689331054688,64016
3.200547695159912,63397
4.0502729415893555,62737
4.1599390506744385,62731
4.165881156921387,62710
5.403264045715332,62701
5.404757976531982,62178
5.5327489376068115,61926
5.67031192779541,61739
6.512478828430176,61704
7.506266832351685,61436
8.73677110671997,61330
83.22585701942444,59425
83.4787929058075,58726
83.49731206893921,58706
83.4985659122467,58647
83.50910592079163,57979
83.94463992118835,57873
84.7707130908966,56791
84.91237187385559,56745
85.70414280891418,56686
85.70714497566223,56534
85.9529218673706,56466
86.21728682518005,56385
86.23098587989807,56095
86.80713701248169,56086
86.80838179588318,55715
89.19182896614075,55681
89.48063111305237,55295
92.42648077011108,55236
95.46838784217834,54924
108.15409469604492,54191
197.8134789466858,53789
