1.4196336269378662,65592
1.4196336269378662,65371
1.4196336269378662,64823
1.4196336269378662,64678
1.4196336269378662,64487
1.4352586269378662,63997
1.4352586269378662,63658
1.4352586269378662,63343
1.4352586269378662,63111
1.4508838653564453,62855
1.4508838653564453,62822
1.466507911682129,62471
1.9386248588562012,62205
1.9386248588562012,61881
1.9386248588562012,61755
1.9386248588562012,60994
1.9386248588562012,59428
1.9542491436004639,59424
1.9542491436004639,59274
2.3605003356933594,57330
2.4451191425323486,57297
2.797210693359375,57249
2.797210693359375,57154
2.797210693359375,56451
2.969085693359375,56324
2.969085693359375,56166
3.000336170196533,55920
3.0159616470336914,55409
3.0159616470336914,55331
3.0159616470336914,55159
3.1253366470336914,54808
3.2034621238708496,54102
3.2190868854522705,53842
3.469087600708008,53838
3.6522839069366455,53591
3.949160099029541,53375
3.949160099029541,53261
4.089784383773804,53196
4.577014446258545,52979
4.58101487159729,52944
5.529111862182617,52860
15.626971960067749,52860
