0.005487680435180664,194459
0.017039775848388672,194261
0.0357208251953125,193038
0.03855776786804199,192594
0.04168891906738281,191132
0.044801950454711914,191053
0.04813885688781738,182961
0.140427827835083,182818
0.2571868896484375,182665
0.27134084701538086,182507
0.29114699363708496,182366
0.2950887680053711,181332
0.29901981353759766,180152
0.3012118339538574,177401
0.35382986068725586,177377
0.3701670169830322,176866
0.3722958564758301,174144
0.683464765548706,173563
0.7398397922515869,173228
0.7527608871459961,172797
0.7556908130645752,172579
0.7583270072937012,169779
0.7636017799377441,169614
0.7724847793579102,169255
0.7912309169769287,169211
0.8170309066772461,168189
0.8205370903015137,166126
0.8221328258514404,165474
0.8249878883361816,165429
0.8263139724731445,165409
0.8277339935302734,163585
0.856306791305542,163311
0.8576278686523438,163035
1.0075459480285645,162620
1.0134577751159668,162437
1.0155010223388672,159807
1.0193326473236084,158799
1.0220158100128174,152455
1.0333328247070312,149628
1.0963120460510254,149439
1.0991559028625488,145105
1.1021637916564941,145049
1.1045570373535156,137087
1.1269350051879883,137081
1.1589407920837402,136010
1.2191407680511475,135376
1.2465579509735107,134764
1.2492198944091797,130829
1.2609269618988037,129993
1.2913408279418945,129963
1.3071768283843994,129599
1.3099298477172852,129575
1.3182740211486816,129079
1.3229269981384277,128994
1.3312129974365234,128941
1.344904899597168,128149
1.347773790359497,127767
1.3878047466278076,127611
1.3904829025268555,124337
1.4884977340698242,124223
1.7842657566070557,122916
1.8026957511901855,122378
1.8055598735809326,120683
1.8895578384399414,120601
1.8922028541564941,111850
1.9985127449035645,111578
2.0063118934631348,105138
2.019753932952881,104726
2.021073818206787,102710
2.100681781768799,102183
2.104304790496826,100699
2.122790813446045,100135
2.1285560131073,99066
2.1456398963928223,95242
2.152076005935669,94524
2.1594059467315674,88541
2.1625819206237793,87201
2.1679039001464844,87109
2.212275743484497,86697
2.215890884399414,86126
2.3690218925476074,85034
2.431215763092041,84844
2.619119644165039,83197
2.6847288608551025,82670
2.6920268535614014,81812
2.6948647499084473,79111
2.704636812210083,78743
2.7059178352355957,77861
2.713620901107788,76416
2.8281428813934326,76260
2.8307278156280518,71248
2.871452808380127,70832
2.876685857772827,70218
2.8962910175323486,70189
2.898167848587036,67866
2.989280939102173,67374
3.0167479515075684,66814
3.033254861831665,66682
3.0360770225524902,66545
3.0386669635772705,65767
3.1121556758880615,65682
3.141252040863037,64879
3.1666998863220215,64796
3.169510841369629,64016
3.180863857269287,63397
4.052016735076904,62737
4.151044845581055,62731
4.154428720474243,62710
5.356221914291382,62701
5.3587939739227295,62178
5.498084783554077,61926
5.631692886352539,61739
6.412959814071655,61704
7.924959897994995,61436
9.112462043762207,61330
23.306031703948975,59272
23.48311495780945,59019
23.718406915664673,58608
24.550963878631592,58158
25.88909387588501,58044
25.894892930984497,57528
26.038304805755615,57203
26.174561023712158,57048
26.18108582496643,56977
28.417199850082397,56885
63.77984690666199,56379
63.853924036026,56358
63.864789962768555,56090
64.22753095626831,55950
64.57684707641602,55804
64.70156288146973,54665
84.48241782188416,54436
97.6670389175415,54366
100.02240204811096,54262
100.08616185188293,54104
100.65273690223694,53962
210.16398096084595,53284
213.2138478755951,52994
