0.004027366638183594,68156
0.004980564117431641,68108
0.004980564117431641,67966
1.1600620746612549,67872
1.2880561351776123,67797
1.444065809249878,66800
1.444065809249878,66304
1.5050690174102783,65561
1.5050690174102783,65254
1.514068603515625,65096
1.5320703983306885,64251
1.5370702743530273,62808
1.5380699634552002,62132
1.5380699634552002,62031
1.5410706996917725,61829
1.5450701713562012,61398
1.5570714473724365,61356
1.5580711364746094,61315
1.567072868347168,61188
2.3671209812164307,60515
2.374138593673706,60335
2.378138780593872,59992
2.841165542602539,59538
2.871148109436035,58902
2.873147964477539,58425
2.8751752376556396,57926
2.899153709411621,57010
2.9001505374908447,56859
2.913179874420166,56360
3.2531702518463135,55780
3.2531702518463135,55732
3.2531702518463135,55722
3.261193037033081,55583
3.263190269470215,55111
3.8242037296295166,54914
3.9042108058929443,54707
3.932227611541748,54250
3.934227466583252,54223
4.113251209259033,53867
4.175227403640747,53799
4.177227020263672,53737
4.533264398574829,53526
4.645269870758057,53275
4.648271083831787,53240
4.7172746658325195,52972
4.903266668319702,52865
16.46796178817749,52865
