1.536118745803833,62982
1.536118745803833,62772
1.540112018585205,62406
1.5561180114746094,61722
1.6041228771209717,60695
1.606123447418213,60582
1.606123447418213,59273
1.607121467590332,58770
1.6841251850128174,58657
1.6851253509521484,58585
1.6941258907318115,58220
1.6961262226104736,58113
1.699127435684204,57742
1.7091290950775146,57570
1.7111268043518066,57225
1.7111268043518066,57203
1.7941324710845947,56746
1.9021382331848145,55945
1.9401326179504395,54810
2.0851504802703857,54605
2.4971659183502197,54345
2.641181468963623,54101
2.648181438446045,54018
2.6961846351623535,53863
2.7721896171569824,53591
2.780191659927368,53577
2.803194046020508,53561
2.8561935424804688,53446
3.0202057361602783,53425
3.041205406188965,53411
3.0422050952911377,53304
4.968319416046143,53054
6.439404249191284,52898
7.203441381454468,52841
7.20544171333313,52734
7.43546199798584,52672
19.03111505508423,52658
31.883892059326172,52643
