0.002225160598754883,194459
0.012014150619506836,194261
0.022739887237548828,193038
0.025521039962768555,192594
0.027888059616088867,191132
0.030192136764526367,191053
0.03266501426696777,182961
0.10036301612854004,182818
0.18346405029296875,182665
0.19186806678771973,182507
0.20369720458984375,182366
0.2070009708404541,181332
0.20923995971679688,180152
0.2107229232788086,177401
0.2483959197998047,177377
0.2592611312866211,176866
0.260545015335083,174144
0.48302602767944336,173563
0.5367138385772705,173228
0.5445160865783691,172797
0.5468158721923828,172579
0.5479521751403809,169779
0.55206298828125,169614
0.5597190856933594,169255
0.5764050483703613,169211
0.5996699333190918,168189
0.6024601459503174,166126
0.6035990715026855,165474
0.6066610813140869,165429
0.6077899932861328,165409
0.608910083770752,163585
0.6309208869934082,163311
0.6320459842681885,163035
0.736220121383667,162620
0.739739179611206,162437
0.7408900260925293,159807
0.7438449859619141,158799
0.7450799942016602,152455
0.7525219917297363,149628
0.7952830791473389,149439
0.7964739799499512,145105
0.7981760501861572,145049
0.7995929718017578,137087
0.8129360675811768,137081
0.832211971282959,136010
0.8712821006774902,135376
0.8919970989227295,134764
0.8953671455383301,130829
0.9024240970611572,129993
0.9240570068359375,129963
0.9345531463623047,129599
0.9374210834503174,129575
0.9436330795288086,129079
0.9460761547088623,128994
0.9506189823150635,128941
0.9618291854858398,128149
0.9630551338195801,127767
0.991710901260376,127611
0.9929080009460449,124337
1.0713720321655273,124223
1.2538869380950928,122916
1.2625761032104492,122378
1.2637779712677002,120683
1.314777135848999,120601
1.315986156463623,111850
1.4145829677581787,111578
1.4339072704315186,105138
1.4629271030426025,104726
1.4642269611358643,102710
1.5541291236877441,102183
1.5630791187286377,100699
1.600862979888916,100135
1.6278460025787354,99066
1.669260025024414,95242
1.6803820133209229,94524
1.6884870529174805,88541
1.693702220916748,87201
1.6964421272277832,87109
1.7280418872833252,86697
1.7311768531799316,86126
1.81746506690979,85034
1.8531198501586914,84844
1.9647510051727295,83197
2.00479793548584,82670
2.0088601112365723,81812
2.0114591121673584,79111
2.0189831256866455,78743
2.0202229022979736,77861
2.0269229412078857,76416
2.098572015762329,76260
2.100243091583252,71248
2.1269800662994385,70832
2.1294498443603516,70218
2.1409010887145996,70189
2.143209934234619,67866
2.2028920650482178,67374
2.219154119491577,66814
2.2309319972991943,66682
2.2321791648864746,66545
2.2334251403808594,65767
2.277975082397461,65682
2.2980170249938965,64879
2.313735246658325,64796
2.31496000289917,64016
2.3239569664001465,63397
3.0180909633636475,62737
3.078853130340576,62731
3.0817489624023438,62710
3.828226089477539,62701
3.8295300006866455,62178
3.9080140590667725,61926
4.015153169631958,61739
4.548580169677734,61704
5.888782024383545,61436
7.110795021057129,61330
30.136964082717896,61221
33.18595814704895,60877
36.24384617805481,60572
49.045571088790894,60148
49.047852993011475,59741
49.05974507331848,58826
49.06222987174988,58415
49.07840394973755,58164
49.09581208229065,58033
49.10302209854126,57537
49.32142210006714,57176
49.42629814147949,57143
49.46134805679321,57037
50.281774044036865,56906
50.33330988883972,56018
51.769690990448,55965
51.81395602226257,55900
51.81533098220825,55548
51.8377640247345,55438
52.46393585205078,55041
124.07640218734741,54779
124.40429782867432,54658
208.99999499320984,54577
211.62650799751282,54553
211.65740704536438,54539
211.67451214790344,53979
211.71193599700928,53958
211.72343707084656,53690
214.79415488243103,53618
217.76209092140198,53550
