0.00333404541015625,194459
0.01918792724609375,194261
0.044610023498535156,193038
0.04909515380859375,192594
0.0517580509185791,191132
0.056826114654541016,191053
0.05965995788574219,182961
0.1984260082244873,182818
0.3727140426635742,182665
0.38823699951171875,182507
0.40874505043029785,182366
0.41609907150268555,181332
0.43972301483154297,180152
0.44245195388793945,177401
0.5040271282196045,177377
0.5247511863708496,176866
0.527519941329956,174144
0.9194550514221191,173563
1.0048398971557617,173228
1.0191988945007324,172797
1.0217478275299072,172579
1.0239338874816895,169779
1.029304027557373,169614
1.045018196105957,169255
1.0760910511016846,169211
1.1109790802001953,168189
1.1198298931121826,166126
1.122912883758545,165474
1.1263179779052734,165429
1.12919282913208,165409
1.1304800510406494,163585
1.1688098907470703,163311
1.171217918395996,163035
1.3893518447875977,162620
1.394780158996582,162437
1.3970139026641846,159807
1.4060442447662354,158799
1.4073569774627686,152455
1.420727014541626,149628
1.4849278926849365,149439
1.4881510734558105,145105
1.4909660816192627,145049
1.4939229488372803,137087
1.5163040161132812,137081
1.5474209785461426,136010
1.6119210720062256,135376
1.6511900424957275,134764
1.6570680141448975,130829
1.6722979545593262,129993
1.7238049507141113,129963
1.7433290481567383,129599
1.7459220886230469,129575
1.7539279460906982,129079
1.7588982582092285,128994
1.7649400234222412,128941
1.7885191440582275,128149
1.7917821407318115,127767
1.8388800621032715,127611
1.843242883682251,124337
1.9603078365325928,124223
2.2343270778656006,122916
2.2514071464538574,122378
2.2546610832214355,120683
2.3371670246124268,120601
2.3390750885009766,111850
2.4518420696258545,111578
2.4565210342407227,105138
2.466715097427368,104726
2.4699671268463135,102710
2.545872211456299,102183
2.551367998123169,100699
2.569045066833496,100135
2.5765528678894043,99066
2.5911619663238525,95242
2.5999860763549805,94524
2.6069960594177246,88541
2.6124110221862793,87201
2.616607904434204,87109
2.674168109893799,86697
2.679469108581543,86126
2.9762520790100098,85034
3.040199041366577,84844
3.1885712146759033,83197
3.2398929595947266,82670
3.247704029083252,81812
3.251791000366211,79111
3.2630720138549805,78743
3.265850067138672,77861
3.2755210399627686,76416
3.3812201023101807,76260
3.384021043777466,71248
3.441819190979004,70832
3.446729898452759,70218
3.4712491035461426,70189
3.474799156188965,67866
3.582568883895874,67374
3.614269971847534,66814
3.6361560821533203,66682
3.6389319896698,66545
3.642803907394409,65767
3.734311819076538,65682
3.771313190460205,64879
3.8101518154144287,64796
3.8128089904785156,64016
3.829430103302002,63397
4.8065268993377686,62737
4.8901591300964355,62731
4.892658233642578,62710
6.177820920944214,62701
6.179566144943237,62178
6.29980206489563,61926
6.469440937042236,61739
7.228529214859009,61704
8.581403017044067,61436
9.996292114257812,61330
46.50159311294556,61325
46.5164430141449,60767
46.53906607627869,60315
46.865753173828125,60037
46.86733317375183,59895
47.437906980514526,59722
47.49016213417053,59416
47.773319244384766,58931
48.12576413154602,58922
48.28182601928711,58827
49.17109489440918,58660
49.175100803375244,57655
49.41567516326904,57317
49.46606421470642,56980
49.48068189620972,56921
49.519197940826416,56491
49.541460037231445,56328
50.47523808479309,56240
50.584189891815186,56143
51.25459003448486,56068
52.72985601425171,56033
65.26936793327332,55517
