0.942692756652832,66501
1.3840968608856201,66313
1.3840968608856201,65999
1.387099266052246,65751
1.3890798091888428,65643
1.3890798091888428,64978
1.4560837745666504,64564
1.4570834636688232,64156
1.461111068725586,64135
1.467111349105835,63086
1.4711010456085205,62583
1.4711010456085205,61978
1.9646687507629395,60605
2.1142420768737793,60216
2.115241050720215,59787
2.124241828918457,59609
2.1352453231811523,59454
2.144244909286499,59204
2.145345687866211,59191
2.145345687866211,59103
2.145345687866211,58996
2.331047534942627,58648
2.335047960281372,58129
2.3360297679901123,57684
2.3370320796966553,57607
2.3540501594543457,56223
2.744055986404419,55792
2.8270764350891113,55716
3.2035768032073975,55668
3.2125771045684814,55416
3.2700560092926025,55238
3.2710564136505127,55232
3.2980551719665527,55118
3.3688879013061523,54193
3.3688879013061523,54189
3.3845126628875732,53682
3.4122133255004883,53318
3.5152101516723633,53205
4.762756109237671,52983
4.875123023986816,52764
4.927269697189331,52719
4.979398727416992,52657
15.728445053100586,52657
