2.145125389099121,135058
2.15112566947937,134161
2.153125762939453,133543
2.1641266345977783,133132
2.1731269359588623,131963
2.1761271953582764,131734
2.249131441116333,130861
2.263132333755493,130356
2.3371360301971436,128701
2.3391377925872803,126351
2.3461368083953857,125798
2.376138210296631,124909
2.6341538429260254,121506
2.6341538429260254,121182
2.6451547145843506,120304
2.6551554203033447,119565
2.6731560230255127,118447
2.7251594066619873,118172
2.7251594066619873,117393
2.7331597805023193,117379
2.734161138534546,116603
2.947172164916992,116537
2.9501726627349854,116350
2.9511728286743164,115829
2.9721736907958984,115558
2.9741737842559814,115113
2.9751739501953125,114783
2.9911751747131348,114730
3.038177490234375,114635
3.3811988830566406,114398
3.3901984691619873,113250
3.4282007217407227,112210
3.4502017498016357,112048
3.456202507019043,111918
3.4652023315429688,110887
3.485203742980957,110624
3.4882049560546875,109987
3.4882049560546875,109660
3.5482075214385986,109491
4.778306484222412,108607
4.7863054275512695,108289
4.807307481765747,108276
4.861310005187988,107715
4.877312421798706,107010
5.328338861465454,106624
5.336339235305786,106058
5.401342153549194,106050
5.693358898162842,105944
6.743419647216797,105665
7.649472713470459,105661
7.846484661102295,104957
7.999495029449463,103503
8.418519973754883,103495
9.151532888412476,103485
9.167534112930298,103093
9.780569791793823,102910
10.951638460159302,102595
