0.0020818710327148438,563211
0.01299285888671875,561974
0.01693892478942871,554340
0.0502469539642334,551941
0.05296683311462402,547267
0.05786585807800293,543873
0.062255859375,537810
0.08641481399536133,532194
0.09210491180419922,521272
0.12597179412841797,518976
0.1296520233154297,503836
0.1552257537841797,503141
0.22623896598815918,501705
0.23523998260498047,489061
0.2455449104309082,488956
0.24922895431518555,485526
0.25425267219543457,484015
0.2826559543609619,481028
0.2920718193054199,478286
0.2948908805847168,472908
0.3459436893463135,464948
0.3630259037017822,463633
0.5026419162750244,458812
0.5282707214355469,448247
0.537268877029419,447673
0.5414369106292725,436917
0.545933723449707,436414
0.5525307655334473,436017
0.5543539524078369,426030
0.5813467502593994,420876
0.6173508167266846,420782
0.6212418079376221,409534
0.6257598400115967,409524
0.6279988288879395,405646
0.6355788707733154,402794
0.6627199649810791,398097
0.7011678218841553,395290
0.7123026847839355,393694
0.7294619083404541,389022
0.7340569496154785,386306
0.745668888092041,383110
0.7581419944763184,375286
0.7638108730316162,374223
0.7693309783935547,368358
0.7723886966705322,360449
0.7775158882141113,357030
0.7813358306884766,343860
0.7831969261169434,340771
0.7850077152252197,339058
0.8109140396118164,338255
0.9164018630981445,333845
0.9605927467346191,332347
1.0653188228607178,331406
1.0671789646148682,331310
1.0728368759155273,327924
1.0840837955474854,324233
1.1131079196929932,323793
1.1278667449951172,322173
1.1455659866333008,317870
1.3241307735443115,316901
1.3287627696990967,314340
1.3329498767852783,313142
1.337052822113037,303943
1.3418638706207275,302903
1.3516888618469238,300929
1.3623278141021729,295221
1.3651907444000244,289637
1.3669860363006592,286390
1.377699851989746,284743
1.380826711654663,284229
1.398437738418579,283902
1.4022116661071777,278092
1.4481158256530762,277310
1.4523868560791016,271171
1.6403589248657227,271011
1.8977789878845215,270347
2.255173921585083,270041
2.2589218616485596,268575
2.7709970474243164,267354
2.81831693649292,267193
3.004612922668457,266891
3.1992247104644775,263838
3.400969982147217,262406
3.430884838104248,261998
3.6293418407440186,261689
3.637356758117676,261301
3.657855987548828,261016
3.659700870513916,260652
4.24151873588562,260369
4.63826584815979,256001
5.72635293006897,254916
6.785028696060181,254598
6.793989896774292,249350
6.867327928543091,248721
6.953240871429443,246376
6.962435722351074,245752
6.96511173248291,241699
6.980048894882202,241588
7.013823986053467,239851
7.032667875289917,239809
7.035172700881958,232057
7.235446929931641,231545
7.433103799819946,229726
7.456615924835205,227586
7.466875791549683,226302
7.4878740310668945,224790
7.5116448402404785,223128
7.549730062484741,222825
7.753220796585083,222756
7.770012855529785,222207
7.774062871932983,221746
7.795892000198364,218190
7.846136808395386,216209
8.181062936782837,215626
8.460741758346558,214402
8.506409883499146,211847
8.57851791381836,206882
9.925381898880005,206224
10.205184936523438,204893
10.215100765228271,204115
10.31497597694397,202798
10.908922910690308,201170
10.917919874191284,200999
11.7373628616333,200511
11.86910891532898,200440
12.000489950180054,199366
12.355917692184448,197707
12.516970872879028,195444
12.644842863082886,193767
12.718448877334595,192132
12.806172847747803,191506
13.222948789596558,190654
13.592406034469604,189659
13.68644094467163,189518
13.705453872680664,187572
13.75256085395813,185516
13.76497483253479,182555
13.811959028244019,181821
13.838695764541626,180164
13.935850858688354,180136
13.937718868255615,179859
13.940601825714111,179796
14.104382991790771,178565
14.149142026901245,176374
14.192285776138306,175985
14.20692777633667,175541
14.438629865646362,173145
14.481803894042969,172679
14.532156944274902,171821
14.536210775375366,169668
14.541050910949707,169217
14.550623893737793,167733
14.648895978927612,166909
14.66314697265625,166498
14.671132802963257,166318
14.679877758026123,164245
14.699767827987671,164089
14.703547954559326,160442
14.726700067520142,160100
14.748684883117676,157472
14.75211477279663,155080
15.107853651046753,154949
15.836174726486206,154631
15.84308671951294,153398
15.876057863235474,152778
15.88205885887146,152092
16.023342847824097,151615
16.04218292236328,151418
16.220472812652588,148127
16.287240982055664,147022
16.379597663879395,146730
16.385543823242188,145221
17.119592905044556,145113
18.81906795501709,144916
18.826228857040405,144547
19.27454900741577,144031
19.280157804489136,143469
20.196879863739014,143040
21.57409691810608,142719
22.232537746429443,140474
23.103120803833008,138969
23.146979808807373,137402
23.34870982170105,137027
24.789742708206177,136963
24.794813871383667,135930
25.44242000579834,135101
25.95863389968872,134978
26.254312992095947,133716
26.489596843719482,133025
26.51822280883789,131878
28.26643204689026,131832
28.27447772026062,131219
28.547630786895752,130998
30.56186580657959,130295
32.02826380729675,130268
32.26613783836365,130248
32.275447845458984,130230
34.493793964385986,128836
34.89103674888611,128794
35.00397801399231,128297
36.14253783226013,127846
36.58275890350342,126735
36.58663296699524,124919
39.48792290687561,124906
39.495428800582886,123902
40.32473802566528,123043
41.62781286239624,122910
41.63179278373718,119647
41.85489106178284,117835
42.29319381713867,117627
42.46043682098389,117141
44.74546575546265,117028
46.95619988441467,117024
47.095906019210815,116975
48.93351483345032,116617
49.52272987365723,116578
50.48426699638367,116340
55.07769966125488,115024
55.286884784698486,114837
55.47541666030884,114451
58.72756576538086,114422
58.729352951049805,114279
60.80037975311279,113672
61.382630825042725,113555
61.3895480632782,113422
69.44030165672302,113000
