2.8601763248443604,120900
2.8621745109558105,120344
2.8651764392852783,119783
2.8691747188568115,119250
2.9651825428009033,119125
3.0901880264282227,118937
3.1041884422302246,118896
3.1151912212371826,118496
3.1161911487579346,117889
3.133192777633667,116965
3.2811989784240723,116435
3.2951996326446533,116371
3.3072030544281006,116236
3.331202745437622,115945
3.331202745437622,115631
3.370206356048584,115525
3.3732051849365234,115489
3.4362075328826904,115059
3.4472086429595947,115011
3.453209161758423,114334
3.460209846496582,113324
3.468209981918335,112345
3.494213342666626,111259
3.4952139854431152,110757
3.49721360206604,110724
3.5112130641937256,110644
3.5162127017974854,109852
3.5192134380340576,109054
3.5272135734558105,108833
3.5272135734558105,108797
3.5362155437469482,108256
3.5362155437469482,107172
3.575216770172119,106279
3.578216075897217,106175
4.236254692077637,105856
4.247257232666016,105776
4.536274433135986,105467
4.544273376464844,105419
4.560274124145508,104917
4.578277111053467,104908
4.596270799636841,104577
4.598277807235718,104557
4.6372785568237305,103771
4.64927864074707,103434
4.652281045913696,103417
5.958357572555542,102962
5.972356557846069,102803
9.023534774780273,102777
9.02553653717041,102602
9.037535905838013,102470
9.087538480758667,102395
9.112541675567627,102315
9.213546514511108,102018
9.225547552108765,101926
9.230546951293945,101792
9.259549140930176,101739
9.269549131393433,101703
11.677690029144287,101635
16.280958890914917,101551
16.822965621948242,101521
