2.3301644325256348,131356
2.4001684188842773,131228
2.4021708965301514,129576
2.4051685333251953,128607
2.5601794719696045,127997
2.5611791610717773,127788
2.5801804065704346,126411
2.5821785926818848,126297
2.584179162979126,125666
2.607180118560791,125505
2.6241815090179443,124392
2.6251816749572754,124065
2.634183883666992,123999
2.954202175140381,123241
2.9632010459899902,123082
2.965200901031494,123003
2.9942030906677246,122845
3.022204637527466,122374
3.0282046794891357,122170
3.029205083847046,121662
3.034205436706543,121470
3.0392050743103027,121307
3.0392050743103027,120523
3.1042094230651855,120180
3.1132099628448486,119681
3.3132219314575195,119652
3.3162219524383545,117298
3.3312227725982666,117130
3.3372230529785156,116785
3.647243022918701,116518
3.6542422771453857,115682
3.737247943878174,115218
4.031263589859009,115151
4.055266857147217,115020
4.056265830993652,114936
4.071265697479248,114726
4.132272005081177,114477
4.1432716846466064,113794
4.190272569656372,113506
4.270277261734009,113133
4.276280164718628,113113
4.382283926010132,112791
4.415278434753418,111972
4.422279119491577,111724
4.424286365509033,111618
4.45128059387207,111485
4.458288669586182,110753
4.462288856506348,110668
4.502291202545166,109999
4.50529146194458,109923
4.509292364120483,109772
4.550293922424316,108489
4.648299932479858,108483
4.706303596496582,108231
4.747305154800415,108068
4.785309314727783,107514
4.833312511444092,107287
4.8923139572143555,107279
4.930318593978882,106858
5.446347951889038,106384
5.456348657608032,105561
5.528359413146973,105195
5.61935567855835,105043
7.8224852085113525,105028
8.136504411697388,104735
8.145504474639893,104629
8.3275146484375,104460
8.369517087936401,104362
12.646767616271973,104351
12.708772897720337,104308
19.525171279907227,104247
19.659178256988525,104134
