2.581150770187378,121924
2.584151029586792,121835
2.587151527404785,121726
2.6021523475646973,120789
2.6031525135040283,120172
2.612152099609375,119885
2.6581552028656006,119751
2.680156707763672,119335
2.920171022415161,119229
3.0601792335510254,118712
3.0901806354522705,118690
3.108181953430176,118568
3.112182140350342,118131
3.116182327270508,117382
3.12518310546875,116446
3.136183738708496,116109
3.1611850261688232,115901
3.1631853580474854,115724
3.1641852855682373,114894
3.1691856384277344,114837
3.174185276031494,114424
3.1811861991882324,113077
3.1921868324279785,113058
3.2261884212493896,113018
3.2261884212493896,112705
3.388197660446167,111913
3.399198532104492,111327
3.401198625564575,110931
3.485203742980957,110889
3.5412070751190186,110797
3.697216033935547,108900
3.704216718673706,108515
4.411285877227783,107494
4.509281873703003,107381
4.545295238494873,107083
4.596298694610596,106991
4.645300626754761,106962
4.687301874160767,106588
4.802300453186035,106304
4.827309608459473,106303
4.913317680358887,106239
5.50335168838501,106108
5.538353681564331,106022
5.6303534507751465,104943
5.634357452392578,104361
5.661359548568726,103708
7.332458257675171,102846
7.353457689285278,102687
7.523467540740967,102260
7.592473745346069,102259
7.777482748031616,102238
7.782482624053955,102146
7.837486982345581,101668
10.136619806289673,101641
11.469698667526245,101527
11.488699197769165,101491
22.762331008911133,101467
22.929341316223145,101378
