0.006020307540893555,121846
3.0851969718933105,121691
3.0861971378326416,121266
3.0861971378326416,119554
3.0881989002227783,119522
3.0921976566314697,119341
3.0981972217559814,119160
3.1092100143432617,118612
3.339221954345703,118160
3.7262439727783203,117058
3.727243661880493,117017
3.7282440662384033,116298
3.7282440662384033,116212
3.7292444705963135,116062
3.732248067855835,116037
3.7332170009613037,115662
3.7332170009613037,115441
3.9422292709350586,115316
3.951242685317993,114944
3.9652304649353027,114872
3.975231647491455,114795
5.486339092254639,114419
5.502347469329834,114302
5.503347396850586,112391
5.509353160858154,112361
5.514338493347168,111306
5.520339488983154,110306
5.520339488983154,110118
5.610325813293457,110093
5.614325523376465,110057
5.8183605670928955,109935
5.82335901260376,109873
5.885360956192017,109633
5.9263482093811035,109618
5.9343650341033936,109397
5.961364507675171,109240
5.964365720748901,109193
5.971369743347168,108882
5.978349208831787,108588
5.980346441268921,108027
5.988370656967163,107586
6.005371570587158,107545
6.0173726081848145,107407
6.080353498458862,106928
6.08335280418396,106811
6.0873894691467285,106720
6.3813910484313965,106051
6.395371198654175,105935
6.426396608352661,105807
6.832416296005249,105210
6.834415674209595,104660
6.839416265487671,104439
8.742528676986694,104269
8.76452898979187,104129
8.829514026641846,104038
9.462569952011108,104004
9.496552467346191,103941
10.718643426895142,103882
10.725643873214722,103347
10.770646572113037,103330
10.809648513793945,103322
10.839650869369507,103147
10.870633602142334,103128
10.976659297943115,103035
12.000718116760254,102935
12.570751428604126,102842
26.462451457977295,102762
26.800469875335693,102715
26.801470279693604,102707
33.67387390136719,102707
