2.615161657333374,123617
2.7791707515716553,123511
2.7791707515716553,123355
2.8041739463806152,121071
2.8181750774383545,120927
2.841174364089966,120490
2.84417462348938,120066
2.870177984237671,119723
2.874176263809204,119180
2.9061784744262695,119150
3.002183437347412,118599
3.069187879562378,118130
3.089188575744629,116460
3.218188762664795,116073
3.2401716709136963,114896
3.2551722526550293,114824
3.286191701889038,114474
3.2881901264190674,114045
3.3071930408477783,112899
3.3141939640045166,112807
3.363208293914795,112545
3.364208221435547,112210
3.4512100219726562,111981
3.461212158203125,111484
3.4852118492126465,111483
3.4902122020721436,110976
3.4952123165130615,110673
3.5002145767211914,110618
3.5072150230407715,110255
3.527214765548706,110210
4.285259008407593,110204
4.349262714385986,110187
4.366236925125122,109659
4.369265079498291,109619
4.4162681102752686,109452
4.421268701553345,108093
4.476271629333496,107800
4.490272521972656,107123
4.560277223587036,107061
4.600279092788696,105664
4.616278409957886,105489
4.657280445098877,104611
4.8252904415130615,104543
4.830292224884033,104517
4.879296064376831,104466
4.9112958908081055,104337
7.477447271347046,104197
7.525449991226196,104038
7.526449918746948,104030
7.540449142456055,102836
7.737460374832153,102522
7.848467826843262,102421
7.942472457885742,102229
8.103482961654663,102218
8.202481031417847,102017
9.582568407058716,101803
9.644573211669922,101771
12.099715948104858,101754
12.421734094619751,101736
18.05406665802002,101732
18.08306574821472,101697
18.100069522857666,101679
