2.530590057373047,123535
2.561840295791626,122914
2.561840295791626,122737
2.608715534210205,122112
2.639965057373047,122075
2.655590534210205,121795
2.655590534210205,121382
2.686840295791626,121012
2.718090295791626,120502
2.718090295791626,120443
2.733715534210205,119738
2.733715534210205,118790
2.733715534210205,118564
2.749340534210205,117246
2.749340534210205,117159
2.8430910110473633,116264
2.8587160110473633,115878
2.8587160110473633,115663
2.8899662494659424,114608
2.9055910110473633,114292
2.9055910110473633,113473
2.9055910110473633,113298
2.9055910110473633,113213
2.9212162494659424,112707
2.9212162494659424,112326
2.9368414878845215,112000
2.9680914878845215,111981
2.9837162494659424,111403
3.5004804134368896,111024
3.5473556518554688,109923
3.5786054134368896,109601
3.609855890274048,109197
3.8112800121307373,109188
3.8425300121307373,108880
3.8894052505493164,108661
3.9831552505493164,108542
4.019085884094238,108520
4.487726449966431,108064
4.503350734710693,107724
4.659601926803589,107234
4.690851926803589,107189
5.347103834152222,106537
5.50335431098938,106409
5.50335431098938,106296
5.550229549407959,106182
5.565854549407959,106026
5.597104549407959,105979
5.797987461090088,105225
6.063614130020142,104963
6.094864368438721,104930
6.1104896068573,104545
6.360490322113037,104544
6.735492467880249,104526
7.722299098968506,104290
13.39335584640503,104191
16.093112468719482,104051
17.159533977508545,104015
