0.004209756851196289,592841
0.006250858306884766,582836
0.018892765045166016,580555
0.026326656341552734,576972
0.03297686576843262,575534
0.03719186782836914,574420
0.04053783416748047,563443
0.05431771278381348,561068
0.057793617248535156,558703
0.0612187385559082,558264
0.06296181678771973,554554
0.08484077453613281,553676
0.09681272506713867,546401
0.10978078842163086,542858
0.11240386962890625,540532
0.12466788291931152,537535
0.12987685203552246,533796
0.14020872116088867,531567
0.14506173133850098,528103
0.15795373916625977,526415
0.16260361671447754,526050
0.16729974746704102,519009
0.17888379096984863,514400
0.2190709114074707,513473
0.2321617603302002,510890
0.23643279075622559,508234
0.24440598487854004,507941
0.24962258338928223,504237
0.2543337345123291,496642
0.2606947422027588,491044
0.26555490493774414,488162
0.2677419185638428,478427
0.2701728343963623,473055
0.27443790435791016,469966
0.28172898292541504,463491
0.29535794258117676,455183
0.30597782135009766,447654
0.30945277214050293,432202
0.3124847412109375,424055
0.32493066787719727,422102
0.3451106548309326,421361
0.34847569465637207,420010
0.3515918254852295,404508
0.6153218746185303,404313
0.6175286769866943,403535
0.6202108860015869,400654
0.6413187980651855,399343
0.8590407371520996,395021
0.8758726119995117,385781
0.9524219036102295,384492
0.9555137157440186,383914
0.9575638771057129,383861
0.9606337547302246,371023
1.1326768398284912,369294
1.4751229286193848,368424
1.4777958393096924,367688
1.6345038414001465,366729
1.6382427215576172,365288
1.6457247734069824,363963
1.649190902709961,353087
1.814591884613037,352840
2.1287918090820312,352347
2.133408784866333,351879
2.312135934829712,348299
2.6332638263702393,348234
2.636197805404663,334851
3.103113889694214,331112
3.1260128021240234,325584
3.1836647987365723,323905
3.188086748123169,314197
3.213815689086914,313251
3.527758836746216,312156
3.5691888332366943,311930
3.57867169380188,306129
3.592021942138672,302147
3.596047878265381,297226
3.6006197929382324,295916
3.6035499572753906,295155
3.7923619747161865,294564
3.878248929977417,294536
3.8820207118988037,293278
4.0208656787872314,292366
4.718214750289917,292348
4.733375787734985,291402
4.786121845245361,291216
4.795537710189819,286355
5.531590700149536,286247
5.533242702484131,285908
5.566851854324341,285203
5.618467807769775,282550
5.620976686477661,279893
5.63306188583374,277159
5.636781692504883,270304
5.645059823989868,269885
5.647028923034668,265353
5.871104955673218,264003
5.875600814819336,263606
5.879464864730835,260176
5.955058813095093,258578
5.976598024368286,258010
6.07852578163147,257750
6.108020782470703,255819
6.136611700057983,253915
6.147120714187622,248750
6.166136741638184,247745
6.169605731964111,240813
6.18742299079895,240051
6.189158916473389,238226
6.355477809906006,237537
6.425227642059326,237139
6.428680896759033,229853
6.598261833190918,229852
6.965868711471558,228435
6.974515914916992,227187
6.980551719665527,224886
6.988395690917969,223981
6.99220085144043,223572
7.047034740447998,223425
7.051086664199829,223132
7.05783486366272,219563
7.1145339012146,218907
7.121880769729614,217411
7.295595645904541,216546
8.172594785690308,216077
8.234095811843872,215857
8.259831666946411,213472
8.263645887374878,212604
8.346818685531616,211449
8.955116748809814,211407
8.975774765014648,209827
9.78262186050415,209526
9.899313926696777,209387
9.906547784805298,209077
9.916932821273804,208743
9.921091794967651,206940
9.929711818695068,206304
9.934637784957886,205771
9.938376903533936,201353
10.356108665466309,200605
10.358912944793701,198806
10.541074752807617,197697
10.598004817962646,196033
10.602702856063843,191571
10.607700824737549,191044
10.652753829956055,189325
10.658657789230347,188502
10.662902593612671,188251
10.673224925994873,188212
10.737687826156616,187857
10.762176990509033,186172
10.764944791793823,185204
10.768937826156616,184373
10.775746822357178,184029
10.810720682144165,183454
10.964107751846313,182712
10.976812601089478,181551
11.06506872177124,181037
11.221163749694824,180882
11.309378623962402,178600
11.716311693191528,177989
11.74002981185913,177027
11.781816720962524,174941
11.793148756027222,174769
11.794921875,172329
11.871616840362549,172309
11.911983728408813,170789
11.949492931365967,170422
11.990294694900513,170251
12.691737651824951,167703
12.709743738174438,167255
12.756915807723999,165761
12.83180284500122,165660
12.841348648071289,165439
12.884953737258911,165376
12.89640498161316,152570
12.901442766189575,152107
12.932614803314209,151597
13.766613960266113,150832
14.16720986366272,149151
15.218719959259033,149038
15.283609867095947,148411
15.823773860931396,148202
17.294405698776245,145131
19.32581663131714,144526
19.348938941955566,143730
20.645375967025757,143539
20.674553871154785,143477
20.961569786071777,143450
21.160422801971436,142800
21.16674780845642,142603
21.176950693130493,141594
21.196724891662598,141535
21.205782651901245,141533
21.34886884689331,140769
21.51241970062256,140578
21.6714928150177,140029
22.9382107257843,139304
22.99577283859253,137428
23.26270079612732,136867
23.5359468460083,136503
23.668709754943848,136303
25.230379581451416,136130
25.349570751190186,135122
25.433807849884033,134691
25.622333765029907,134682
25.629812955856323,133149
25.69066071510315,132974
25.849384784698486,132726
25.852616786956787,132484
29.003296613693237,132201
29.21444582939148,131846
29.217609882354736,130699
29.802835941314697,130474
33.41055774688721,129891
33.53685474395752,129232
35.26877784729004,129140
36.43991565704346,128800
37.44085383415222,128610
37.447265625,128064
37.49804186820984,127989
37.774677991867065,126920
38.15469479560852,126379
41.79570484161377,125896
45.877776861190796,125632
46.006367921829224,125498
46.18961787223816,125471
46.43385696411133,125332
48.303114891052246,125283
48.33777570724487,125177
48.42315697669983,125013
50.32807493209839,124769
50.33613586425781,124628
50.35323166847229,124120
58.506523847579956,123598
126.7200996875763,123465
126.97973299026489,123342
127.20507979393005,123297
128.15117168426514,123274
129.8047707080841,123011
130.67130589485168,122084
130.81383085250854,121081
130.82422280311584,117428
135.16779375076294,117057
135.23462295532227,116220
135.99271297454834,116217
136.01399970054626,116208
136.23451375961304,115805
136.2372167110443,115426
136.9841070175171,115329
140.4741177558899,115160
140.88068890571594,115134
140.88867688179016,114621
140.90635871887207,114263
141.1098427772522,113819
141.11526775360107,113645
141.21276783943176,113446
141.314110994339,113347
141.32660675048828,112478
142.02288675308228,112293
142.44774293899536,111949
143.49215364456177,111914
143.70256161689758,111150
149.62675380706787,110966
150.4471559524536,110512
150.73232173919678,110410
151.06558895111084,110238
151.4317877292633,109688
152.07346272468567,108951
156.58437180519104,108834
156.5890018939972,108590
156.59362888336182,108449
156.78958368301392,107941
163.29694080352783,107008
163.95434379577637,106885
365.444623708725,106385
