2.312133312225342,133562
2.3811392784118652,132797
2.3861374855041504,132428
2.3891379833221436,132213
2.3931376934051514,131861
2.4001379013061523,131686
2.4281418323516846,130861
2.434140205383301,128501
2.434140205383301,128078
2.442140579223633,127813
2.629153251647949,127312
2.630155086517334,126429
2.6311519145965576,125952
2.728159189224243,125787
2.7331576347351074,125233
2.7441582679748535,124988
2.7531607151031494,124875
2.7541611194610596,124505
2.7721621990203857,124422
2.7721621990203857,123934
2.773159980773926,123525
2.774160146713257,123350
2.777160167694092,122795
2.790161609649658,122273
2.791161060333252,121627
2.793161392211914,121318
2.7971627712249756,120878
3.0891788005828857,120340
3.117180347442627,119471
3.124181032180786,119051
3.135181188583374,118312
3.15918231010437,117722
3.1731858253479004,116755
3.1731858253479004,116340
3.1791839599609375,115621
3.1941864490509033,114700
3.275191068649292,114603
3.275191068649292,114207
3.3001909255981445,113988
3.3081910610198975,113955
3.3101916313171387,113892
3.3371944427490234,113541
3.3401925563812256,113349
3.351193904876709,112965
3.368194580078125,112543
3.5002024173736572,112331
3.5002024173736572,111497
3.5112035274505615,110741
3.518204927444458,110482
3.6432104110717773,109521
3.669212579727173,109510
3.70821475982666,108493
3.811222553253174,108105
3.8292219638824463,107644
3.8402230739593506,107009
3.913226842880249,106612
3.920227527618408,106577
3.92522931098938,105740
3.9392287731170654,105445
3.9802303314208984,105312
4.840283393859863,104032
5.038292646408081,103847
5.77133584022522,103670
5.806337594985962,103555
5.820338010787964,103451
5.833339691162109,103409
5.876341819763184,103357
5.9083428382873535,103234
6.680388689041138,102737
6.700389862060547,102624
8.073469638824463,102256
10.149591207504272,102165
10.25059986114502,102122
10.411579132080078,102095
10.414579153060913,101952
11.71768307685852,101918
12.02870225906372,101910
12.693740129470825,101883
12.70874285697937,101770
