2.58215069770813,123969
2.586150646209717,122249
2.5901503562927246,121766
2.6331558227539062,120932
2.638153553009033,120316
2.6841578483581543,120289
2.6961591243743896,120068
2.916170120239258,118258
3.040180206298828,118237
3.042179584503174,118052
3.079181671142578,116690
3.0921802520751953,116386
3.0971806049346924,116333
3.1311826705932617,116260
3.4712018966674805,115222
3.4902045726776123,114800
3.617210626602173,114641
3.6482126712799072,114198
3.8922266960144043,113920
3.893230676651001,113858
3.933230400085449,113450
3.9362294673919678,113012
3.9422290325164795,112774
3.9542322158813477,112598
3.9562325477600098,112475
3.962232828140259,111558
3.973233938217163,111531
4.0792131423950195,110977
4.084214448928833,110134
4.100214958190918,109928
4.121214151382446,109062
4.140214204788208,108370
4.55326771736145,107826
4.556267499923706,107544
4.624270439147949,107038
4.7022740840911865,106409
4.7612810134887695,106210
5.678333520889282,105728
5.69733452796936,105323
5.735335111618042,104688
7.85845947265625,104519
7.9244630336761475,104344
8.394492864608765,104045
8.415493488311768,103503
8.434492826461792,103445
8.477495908737183,103302
9.403551578521729,103294
14.072796106338501,103222
21.342249870300293,102944
21.49125576019287,102936
