2.0102274417877197,141152
2.0258519649505615,141033
2.0414772033691406,139643
2.0414772033691406,139604
2.0571022033691406,139527
2.0727269649505615,138962
2.0727269649505615,137355
2.0727269649505615,137024
2.0727269649505615,136448
2.1352274417877197,136297
2.1352274417877197,135926
2.1977272033691406,135710
2.1977272033691406,135707
2.1977272033691406,134696
2.213352680206299,133774
2.228977918624878,133041
2.228977918624878,132794
2.275852680206299,132482
2.275852680206299,132129
2.2914786338806152,131392
2.3852286338806152,131113
2.3852286338806152,130109
2.447728395462036,129508
2.447728395462036,129386
2.5102288722991943,128238
2.5102288722991943,127535
2.525853395462036,126663
2.525853395462036,124827
2.5414769649505615,123902
2.5727293491363525,123419
2.5883536338806152,122867
2.5883536338806152,122711
2.6039788722991943,119965
2.6039788722991943,117617
2.6196041107177734,117616
2.6821043491363525,116982
2.6821043491363525,116610
2.6977295875549316,116115
3.3539812564849854,115985
3.3696067333221436,115610
3.3696067333221436,115260
3.4789819717407227,115012
3.4789819717407227,114146
3.6352319717407227,113517
3.6352319717407227,113423
3.713357448577881,112723
3.713357448577881,112223
3.76023268699646,111940
3.775857448577881,111922
3.775857448577881,111727
3.791483163833618,111719
3.791483163833618,111692
3.822733163833618,111492
3.822733163833618,110898
3.83835768699646,110820
3.83835768699646,110408
3.8852343559265137,110228
3.900857925415039,110079
3.900857925415039,109076
3.900857925415039,108927
3.9633584022521973,108239
3.9946091175079346,108220
4.010233163833618,107466
4.025859594345093,107245
4.041483402252197,106991
4.041483402252197,106648
4.072733402252197,106236
4.088358640670776,106133
4.088358640670776,105192
4.1352338790893555,105055
4.432109594345093,104949
4.463360071182251,104646
4.49461030960083,104619
4.51023530960083,104256
5.59120774269104,104205
5.638113021850586,103931
5.653738260269165,103753
6.014368772506714,103665
6.311244249343872,103639
6.40921950340271,103576
7.407135725021362,103418
8.016512870788574,103339
9.8143470287323,103255
14.71510100364685,103023
14.867045879364014,103012
14.913940191268921,102994
15.085824251174927,102962
15.179574251174927,102935
15.883946180343628,102931
16.24332308769226,102887
16.27457284927368,102851
16.39957308769226,102822
23.801172733306885,102769
23.848047971725464,102716
24.1761736869812,102698
24.394925117492676,102680
27.259817838668823,102669
27.259817838668823,102651
