3.5385658740997314,122285
3.540569305419922,122111
3.540569305419922,121808
3.543566942214966,121430
3.548570156097412,121334
3.748560667037964,121120
3.7555606365203857,120943
3.7685625553131104,120250
3.8035635948181152,119854
3.8055636882781982,119000
3.806563377380371,117993
3.844564914703369,117855
3.8505654335021973,116834
3.8535656929016113,116557
3.8585658073425293,115783
3.8635663986206055,115200
3.9275705814361572,114929
3.9315707683563232,114401
3.9355709552764893,114007
3.9375710487365723,113783
3.9395711421966553,112749
3.9525721073150635,112398
3.982574224472046,111772
4.054597854614258,111442
4.056596994400024,111301
4.057596921920776,111191
4.062585353851318,110740
5.903582572937012,110485
5.903582572937012,110341
5.903582572937012,110047
5.935603380203247,109408
5.952584743499756,109053
5.9546051025390625,108853
6.008607864379883,108543
6.016607761383057,108352
6.083611965179443,107660
6.089592933654785,107439
6.108611822128296,107421
6.139615297317505,107294
6.156613826751709,107232
6.43226432800293,107076
6.43226432800293,106681
6.43226432800293,106615
6.447889089584351,105391
8.187839269638062,105194
8.2191162109375,105108
8.2191162109375,105055
8.52246642112732,104991
8.57643985748291,104876
8.578439474105835,104736
8.593440294265747,104228
8.613441944122314,104217
8.621442556381226,104023
8.622442483901978,104022
8.749198198318481,103585
9.005515813827515,103538
9.715442180633545,103176
9.728187799453735,103063
9.762116193771362,102821
9.820895433425903,102813
10.604249954223633,102810
10.72498369216919,102783
12.633461713790894,102678
12.872494459152222,102670
28.897637128829956,102602
29.148019790649414,101904
33.600255250930786,101904
