0.002340078353881836,542945
0.024589061737060547,541654
0.030915021896362305,538183
0.03742694854736328,535346
0.05181288719177246,532727
0.10572218894958496,532080
0.11010003089904785,529100
0.1158139705657959,526625
0.11971187591552734,524702
0.127410888671875,522574
0.13552093505859375,521492
0.14021086692810059,518899
0.15237998962402344,515342
0.15731501579284668,510690
0.16660094261169434,506214
0.17332887649536133,504365
0.1752488613128662,497608
0.18662810325622559,497068
0.1909170150756836,492218
0.19547009468078613,489957
0.1992340087890625,488451
0.20300006866455078,486621
0.2243049144744873,486462
0.22923898696899414,485918
0.2341749668121338,485121
0.23613500595092773,472257
0.23807215690612793,471517
0.24103713035583496,465061
0.2680530548095703,464864
0.29616785049438477,460669
0.37495899200439453,460243
0.3775019645690918,460123
0.40320897102355957,456583
0.405458927154541,455249
0.4090700149536133,452468
0.43840885162353516,449087
0.45624494552612305,447808
0.45984792709350586,430126
0.46382904052734375,428799
0.467479944229126,412137
0.537653923034668,406865
0.5606210231781006,406794
0.5635359287261963,404783
0.824193000793457,403978
0.9067020416259766,403262
0.9089741706848145,402881
0.9281227588653564,399031
1.0999670028686523,397661
1.102949857711792,395531
1.106809139251709,391972
1.110442876815796,390016
1.1157469749450684,388485
1.1181719303131104,385075
1.1827208995819092,380378
1.1888189315795898,380072
1.1909360885620117,379097
1.1945841312408447,379074
1.222470998764038,379025
1.2248649597167969,378870
1.3463428020477295,378715
1.410876989364624,378686
1.442451000213623,375346
1.4830970764160156,374934
1.4877738952636719,374886
1.4913699626922607,374075
1.5136229991912842,374037
1.5180158615112305,372774
1.5220208168029785,371505
1.7880020141601562,371164
1.7919049263000488,369007
2.166339159011841,368889
2.1722218990325928,366609
2.886014938354492,365600
2.9494221210479736,365006
2.952199935913086,364763
3.0525481700897217,364403
3.068686008453369,364141
3.0719549655914307,363147
3.084300994873047,363028
3.0896260738372803,362454
3.1073789596557617,359028
3.1136698722839355,358933
3.1215879917144775,352653
3.279099941253662,351456
3.5169520378112793,350598
3.5211780071258545,349032
4.017503976821899,348561
5.1193459033966064,347905
5.323061943054199,346648
5.336591005325317,345015
5.557509899139404,344922
5.663332939147949,344543
5.750772953033447,344229
6.033192873001099,343807
6.037093877792358,327753
6.080029010772705,327568
6.262979984283447,327557
6.3004539012908936,327017
6.312840938568115,326809
6.322803020477295,314450
6.349360942840576,312017
6.351287126541138,306438
6.375859975814819,306176
6.387831926345825,295539
6.391718864440918,293985
6.394516944885254,293007
6.405541896820068,292588
6.411180019378662,291513
6.452893018722534,289795
6.46036696434021,288995
6.482509136199951,288328
6.5085461139678955,284948
6.567333936691284,278859
6.579885005950928,276400
6.625308990478516,274574
6.637678146362305,274409
6.674499034881592,272787
6.67809796333313,270141
6.708877086639404,269228
6.710801839828491,256429
6.859066963195801,253878
6.919856786727905,253870
7.959258079528809,253676
7.9717488288879395,253359
7.975741863250732,252072
8.13316297531128,251860
8.171447038650513,251266
8.175814867019653,248164
8.337967872619629,247934
8.340106964111328,240199
8.606979131698608,232588
8.61545181274414,228813
8.633007049560547,225213
8.661795139312744,225189
8.689589977264404,224024
8.693445205688477,223742
8.698543787002563,223539
8.765988111495972,211515
8.913989067077637,211209
8.919012784957886,209500
9.168256044387817,208535
9.17273998260498,204211
9.33052110671997,200815
9.333823919296265,200560
9.395706176757812,195215
9.478882074356079,193099
9.496109008789062,192395
9.591923952102661,191957
9.601188898086548,190763
9.605345010757446,190702
9.632776975631714,190509
9.634735107421875,189982
9.638633966445923,188330
9.8852059841156,184395
9.907067775726318,184025
9.912163972854614,182059
10.035284996032715,180718
10.12647294998169,180509
10.133299827575684,179830
10.13733983039856,179633
10.641037940979004,178977
10.709090948104858,178427
10.967533111572266,176966
10.982110023498535,176268
11.048611164093018,175185
11.09659481048584,175128
11.100759983062744,173344
11.113332033157349,173024
11.141828060150146,172930
11.148539781570435,172765
11.243439197540283,172636
11.348349809646606,172488
11.372896909713745,172475
11.379386901855469,171704
11.389121055603027,171497
11.46304202079773,171138
11.464909076690674,170080
11.479955911636353,170015
11.488926887512207,170010
11.556073904037476,164329
11.639275074005127,159972
12.132513046264648,159220
12.362277746200562,159091
12.364981889724731,158595
12.901722192764282,157807
13.144176959991455,157355
13.36703109741211,155871
13.421640872955322,155143
14.16107702255249,155090
19.17157506942749,153461
19.39277195930481,152716
20.23167586326599,152535
20.244925022125244,150666
20.318382024765015,148248
20.377007007598877,147165
20.38448190689087,146689
20.396159887313843,146669
20.52368688583374,146534
20.950520992279053,146499
21.777448892593384,145275
22.212440967559814,144283
22.620422840118408,143962
23.725996017456055,142847
23.733455896377563,142616
23.738157987594604,141170
24.39215588569641,140433
27.70139789581299,140155
27.732547998428345,139816
27.757673978805542,139633
28.040403842926025,139412
29.72842502593994,138583
29.94791603088379,136643
30.082416772842407,135226
30.478399991989136,135005
32.10148596763611,134888
34.07622194290161,133878
35.421581983566284,132307
37.24111890792847,132122
37.660698890686035,130931
49.51729416847229,130693
51.80810904502869,130641
51.81727695465088,130464
52.2244348526001,130069
54.730509996414185,130033
62.58332109451294,129591
66.86856698989868,128551
74.50959587097168,127959
77.25177812576294,127909
77.28774285316467,127545
79.72407984733582,126537
118.93195295333862,125192
119.31442499160767,124943
128.24434685707092,124849
128.40740203857422,124674
136.45579385757446,124582
256.95673394203186,123468
294.6518449783325,123451
295.3199110031128,122837
304.7236399650574,122287
304.8276379108429,122252
305.91872096061707,122220
