0.0047609806060791016,543223
0.014366865158081055,542433
0.022261857986450195,529060
0.02552008628845215,523792
0.02936387062072754,506400
0.036767005920410156,502037
0.04057908058166504,487377
0.07057785987854004,482781
0.07441997528076172,476496
0.08170104026794434,472831
0.08784604072570801,465365
0.09598588943481445,460326
0.10037398338317871,451631
0.10445189476013184,446574
0.10846090316772461,436693
0.14823079109191895,431963
0.16295385360717773,420345
0.1992480754852295,415766
0.20111298561096191,407590
0.2048020362854004,404598
0.20901989936828613,394887
0.26425695419311523,394552
0.26726388931274414,390758
0.28871798515319824,384213
0.2929198741912842,374869
0.30005383491516113,374432
0.3047449588775635,370463
0.3092529773712158,368370
0.3125491142272949,367839
0.3231809139251709,364865
0.33467888832092285,357934
0.34053707122802734,357738
0.3424859046936035,357448
0.34439897537231445,349285
0.3573307991027832,346686
0.3592350482940674,345800
0.3643031120300293,341775
0.37486791610717773,340779
0.4636399745941162,340009
0.4768717288970947,338211
0.4814000129699707,333633
0.48724794387817383,332221
0.4914669990539551,331620
0.5221450328826904,331188
0.6949198246002197,330592
0.7103421688079834,329478
0.7276668548583984,326957
0.7320690155029297,322845
0.7434449195861816,320377
0.8396809101104736,319807
0.8416810035705566,317377
0.8613638877868652,316652
0.8734860420227051,315615
1.0565500259399414,315295
1.0660548210144043,313617
1.4943857192993164,312700
1.496572732925415,311690
1.512817144393921,311475
2.1158788204193115,311047
2.1399500370025635,310491
2.1516928672790527,308172
2.638808012008667,308022
2.644871950149536,307301
2.6546528339385986,307136
2.6574840545654297,301779
3.560920000076294,301352
3.6684839725494385,301326
3.6710410118103027,300537
3.6728999614715576,299393
3.6896069049835205,298351
3.697269916534424,295954
3.8689630031585693,294973
3.908233880996704,294838
3.930961847305298,294178
3.984212875366211,294045
3.9895060062408447,292961
3.9965169429779053,292383
4.007544040679932,290388
4.108620882034302,288030
4.119290113449097,286325
4.143590927124023,286259
4.145379066467285,284581
4.192020893096924,283487
4.238086938858032,282805
4.2420148849487305,282294
4.6893439292907715,282160
4.802443027496338,281136
4.814236164093018,278481
4.816100120544434,276973
4.824074983596802,276050
4.855388164520264,275992
4.9883599281311035,272472
4.996219873428345,269146
4.999636888504028,268386
5.001489877700806,268014
5.0032799243927,267532
5.213680028915405,264125
5.401457786560059,263930
5.410617113113403,261307
5.437058925628662,259119
5.456860065460205,255230
5.60713791847229,254516
5.6182849407196045,252890
5.6636128425598145,252852
5.667601108551025,252402
5.672823905944824,251731
5.678225040435791,249404
5.692677974700928,248537
5.694613933563232,244869
5.7103118896484375,241100
5.803441047668457,239501
5.811766862869263,238422
5.821540117263794,238219
5.915521860122681,235059
5.923325777053833,232321
6.705590009689331,231333
7.055142879486084,230766
7.075990915298462,229471
7.102829933166504,224793
7.342131853103638,224679
7.353456974029541,221224
7.357306957244873,220591
7.360935926437378,219782
7.364975929260254,214402
7.421457052230835,210116
7.4307639598846436,207911
7.559309005737305,207673
8.222357988357544,205600
8.237980127334595,203350
8.243919134140015,200823
8.270289182662964,198237
8.409212827682495,197839
8.575878858566284,197649
8.583540916442871,196462
8.586386919021606,195234
8.590396881103516,194442
8.597742080688477,192354
8.746202945709229,191617
9.37697982788086,190249
9.968539953231812,188545
9.97873592376709,188317
10.153554916381836,185012
10.158323764801025,181631
10.31352686882019,181024
10.677361011505127,179210
10.683273792266846,178041
10.705514907836914,177635
10.74207878112793,177314
10.744296789169312,175384
10.748944997787476,171778
10.761487007141113,171444
10.76712703704834,170029
10.799426078796387,169419
10.801178932189941,167669
10.98088002204895,166831
11.008130073547363,165540
11.089777946472168,164770
11.163247108459473,164292
11.239921808242798,163392
11.260077953338623,163243
11.261916160583496,162581
11.355851888656616,162579
11.39170503616333,162260
11.400319814682007,160724
11.40450406074524,160705
11.40825891494751,159330
11.475151062011719,158829
11.520753860473633,158002
11.57925796508789,157958
11.583430767059326,157728
11.603780031204224,157318
11.6125648021698,156016
11.862505912780762,156008
11.87313985824585,154452
11.87970495223999,154163
11.890191078186035,154021
11.892246007919312,153716
11.985538959503174,151707
11.99313497543335,150499
12.07985782623291,149827
12.382220029830933,149771
12.403768062591553,149291
12.45021104812622,145864
12.541342973709106,144608
12.592187881469727,144314
12.600531816482544,143887
12.760509967803955,142775
12.773133993148804,142250
12.810173749923706,140667
12.881801843643188,140632
13.027842998504639,139956
13.543458938598633,139937
14.045691728591919,139397
19.124727964401245,139005
20.83220386505127,138934
20.845351934432983,138892
21.118239879608154,136776
23.850642919540405,136713
24.19728398323059,136640
24.204087018966675,136171
24.35064697265625,134260
25.064548015594482,134012
25.262465000152588,133871
25.2672598361969,133491
25.456625938415527,133314
25.484758853912354,133277
25.48926305770874,132845
25.502259969711304,131809
25.80176091194153,131242
26.97575283050537,130904
27.082101821899414,130296
27.764486074447632,129959
28.116652011871338,129923
29.140336990356445,128421
31.11252188682556,128411
31.117410898208618,127993
34.39818215370178,127266
40.45259094238281,127041
40.61688590049744,126064
260.60831570625305,125443
260.6454350948334,124448
261.6804869174957,123787
264.07659888267517,123465
267.4826250076294,122968
273.83627796173096,122641
274.3671610355377,122535
275.15294003486633,120491
276.419949054718,120378
389.0217819213867,120232
389.2627999782562,120169
390.583291053772,120161
391.41125893592834,119458
394.1359260082245,119346
394.3083198070526,118997
394.7070770263672,118619
394.9607148170471,118111
395.6463510990143,117787
396.2648239135742,117080
396.4302897453308,116385
