0.005999565124511719,123436
0.0069997310638427734,122357
2.849147081375122,122354
2.856166362762451,122052
2.8651676177978516,120466
2.873167037963867,120453
2.8801681995391846,119236
2.8801681995391846,117927
2.8801681995391846,117825
2.8841676712036133,117740
2.8851683139801025,117293
2.8851683139801025,117201
2.938173532485962,116249
2.9391751289367676,116118
2.948171854019165,115852
3.95221209526062,115600
3.955211877822876,114757
3.966214418411255,114455
3.9682302474975586,113846
4.5752668380737305,113584
4.597268104553223,113279
4.7492780685424805,113082
4.751278400421143,112541
4.812284469604492,112421
4.818284749984741,112026
4.955289363861084,111848
5.553323984146118,111772
5.559305429458618,111239
5.733335256576538,110893
5.734334707260132,110800
5.78233790397644,110574
5.7893383502960205,110219
5.790318489074707,110174
5.860342264175415,109894
5.861340761184692,109683
5.86534309387207,109471
5.870342016220093,109358
5.909343004226685,108905
6.200342416763306,108813
6.206365585327148,108779
6.222371339797974,108614
6.291367530822754,108606
6.474385738372803,108492
6.474385738372803,108228
6.485378742218018,108121
6.510363578796387,107575
6.581384658813477,107443
6.591388702392578,106992
6.989389181137085,106464
6.993389368057251,105727
7.028390645980835,105674
7.095402002334595,104808
7.199401617050171,104607
7.271423101425171,104365
7.2764246463775635,104144
7.59042501449585,104115
7.603424072265625,104088
7.6224448680877686,103900
7.721451282501221,103706
8.539175510406494,103430
8.650070905685425,103422
9.220646619796753,103309
9.222647190093994,103182
9.419639110565186,103122
9.610652208328247,102944
9.641655445098877,102725
9.676656484603882,102717
9.714658260345459,102574
9.862664699554443,102480
11.038753509521484,102478
11.10676121711731,102093
11.146762371063232,101901
12.155802249908447,101872
12.256825685501099,101864
13.132879734039307,101689
33.496065855026245,101689
