0.0059816837310791016,141967
0.9120419025421143,139887
0.928056001663208,139739
0.9310653209686279,139682
2.1721088886260986,139058
2.1791088581085205,138173
2.358119010925293,137113
2.3761205673217773,136982
2.3771207332611084,135862
2.3771207332611084,135833
2.3831212520599365,135545
2.669137954711914,135512
2.7261409759521484,135275
2.7271409034729004,134210
2.7311410903930664,133775
2.7351417541503906,133200
2.7371416091918945,131904
2.7371416091918945,130822
2.7381417751312256,130580
2.7381417751312256,130430
2.7431416511535645,130390
2.771143913269043,130046
2.771143913269043,129735
2.772143840789795,128344
2.773143768310547,128226
2.814146041870117,128187
2.8201467990875244,127106
2.8211469650268555,126896
2.8231470584869385,126532
2.993156671524048,125673
2.9941565990448,124979
3.003157377243042,122450
3.090162754058838,122402
3.1791670322418213,118902
3.1801669597625732,118213
3.1921677589416504,118211
3.1921677589416504,118198
3.1981680393218994,118152
3.7342212200164795,117858
3.8452072143554688,117149
3.848238468170166,116680
3.860226631164551,116431
3.8662283420562744,116019
3.8732101917266846,115404
3.8732101917266846,114699
5.324292898178101,114695
5.325293064117432,114603
5.339293718338013,112457
5.343294143676758,112059
5.4222986698150635,111926
5.455300569534302,110927
5.46230149269104,109399
5.624310493469238,109385
5.626310586929321,108933
5.684314012527466,107782
5.704315185546875,107490
5.726316452026367,107445
5.773319482803345,107177
5.801321268081665,106692
5.844323396682739,106619
7.063413619995117,106418
7.081414461135864,106243
7.242405652999878,106106
7.262425899505615,106100
7.267426252365112,105941
7.277436256408691,105792
7.282426595687866,105601
7.652460813522339,105205
7.6724326610565186,105173
7.695450782775879,105039
7.708452224731445,104302
7.797437906265259,104214
8.22746467590332,103664
8.27948546409607,102937
8.397491455078125,102744
9.265529155731201,102580
9.520557880401611,102459
10.877617597579956,102372
11.011626958847046,102345
11.352668762207031,102311
11.435668230056763,102219
30.839787244796753,102001
33.449146032333374,102001
