2.7671868801116943,122099
2.900186777114868,122096
3.041205644607544,121378
3.04520320892334,120550
3.0852067470550537,120175
3.086207628250122,120081
3.087207317352295,118324
3.087207317352295,117967
3.089205026626587,116912
3.239215850830078,116480
3.407224655151367,115013
3.418225049972534,114310
3.424224615097046,112680
3.4872307777404785,112349
3.517232656478882,112323
3.535231590270996,111517
3.54323410987854,111128
3.5902345180511475,110598
3.5902345180511475,110346
3.772247552871704,110052
3.870250940322876,109388
3.874253273010254,108952
3.885254144668579,108741
4.020262241363525,108724
4.0392608642578125,108426
4.060262203216553,107973
4.099263906478882,107785
4.108266592025757,107609
4.196272611618042,107507
4.205272674560547,107006
4.254273414611816,106841
4.2692766189575195,106805
4.293275833129883,106722
4.327278137207031,106289
4.4772889614105225,106284
4.478287220001221,106135
4.516289234161377,105805
4.519288778305054,105725
4.982316255569458,105293
5.086293935775757,105285
5.091322422027588,105117
5.104325294494629,105052
5.538349151611328,105049
5.550349712371826,104936
5.610354423522949,104487
5.693359851837158,104452
5.934344291687012,104304
5.972373723983765,103774
6.808395862579346,103412
6.851416826248169,102955
6.864428281784058,102518
6.889429569244385,102510
7.10044002532959,102509
7.218447208404541,102354
8.235481023788452,102221
8.646505117416382,102092
9.141534090042114,102020
9.273542165756226,101988
9.314544439315796,101813
9.78957200050354,101781
9.805573225021362,101763
10.978641748428345,101734
11.109649419784546,101629
11.198654413223267,101516
11.21065640449524,101498
26.4335720539093,101477
