0.009992361068725586,127450
0.011992216110229492,126223
2.9931464195251465,125990
2.9941463470458984,125580
3.0111474990844727,125240
3.022148847579956,125124
3.023148775100708,123803
3.026148796081543,123668
3.047150135040283,123660
3.0481503009796143,123067
3.0501503944396973,122928
3.0561509132385254,122049
3.0561509132385254,121757
3.516197681427002,121734
3.5201971530914307,120725
3.5201971530914307,119760
3.543199300765991,118758
3.544198513031006,118593
3.5602004528045654,118318
3.562199592590332,117680
3.6462037563323975,116298
3.650204658508301,115521
3.667208671569824,113860
3.6702089309692383,113451
3.751210927963257,112648
3.764214038848877,112041
4.601261615753174,111194
4.617265224456787,110771
4.622265577316284,110670
4.630244016647339,110520
5.446314334869385,110078
5.489312648773193,109402
5.493312358856201,109254
6.3003599643707275,108833
7.123406171798706,108022
7.784446477890015,107716
7.848450422286987,107519
7.885456323623657,107301
7.896434307098389,107256
7.9334564208984375,106132
7.9824583530426025,105776
7.986459493637085,105670
8.014441013336182,105033
8.021470308303833,104920
8.054445028305054,104790
8.077462434768677,104344
8.317477226257324,104336
8.336478471755981,104241
8.384510517120361,104128
9.342520713806152,103821
10.924610614776611,103781
11.08164381980896,103630
33.464948892593384,103630
