0.005000591278076172,130154
0.008980989456176758,126041
3.322295904159546,125843
3.353302240371704,125370
3.354299306869507,125332
3.619295835494995,123717
3.626296281814575,123713
3.646296501159668,123227
3.6583218574523926,122690
3.659318447113037,122111
3.6603219509124756,121729
3.6633222103118896,121706
3.9010276794433594,120980
3.9300498962402344,120315
3.9350476264953613,120126
3.958050489425659,119740
4.015053749084473,119477
4.016053199768066,118917
4.0200536251068115,118230
4.02105450630188,118115
4.026054859161377,117692
4.030055522918701,117206
4.03505539894104,116503
4.044055461883545,116477
4.045055150985718,115553
4.527169227600098,115250
4.53016996383667,114788
4.6111741065979,114279
4.6111741065979,111817
4.616174221038818,111482
4.824267148971558,111305
4.880087852478027,111202
4.884085655212402,109663
5.2361063957214355,109410
5.238105535507202,109068
5.280109167098999,108568
5.287109851837158,108558
5.289109945297241,108448
5.291090726852417,108243
5.318110704421997,107970
5.331111669540405,107094
5.343111991882324,107002
5.569106101989746,106944
5.575124025344849,106811
5.683140754699707,106803
5.68414044380188,106767
5.928146600723267,106168
5.954148292541504,105443
7.218222141265869,105108
7.2862067222595215,104839
7.691230535507202,104835
7.692230939865112,104634
7.709232330322266,104381
8.851298570632935,104316
9.007308006286621,104215
9.015331029891968,104214
9.205338478088379,103941
9.974376440048218,103880
9.985387802124023,103256
9.989383935928345,103220
10.181395769119263,103058
10.195395469665527,103022
10.389410972595215,102942
12.747546195983887,102906
13.064563989639282,102387
13.411584854125977,102285
13.418596982955933,102179
21.11203408241272,102030
26.502588748931885,101975
33.22520303726196,101776
33.99524736404419,101776
