2.363135814666748,141428
2.379136800765991,140864
2.3881373405456543,140389
2.3951377868652344,140365
2.3971376419067383,140232
2.3971376419067383,139388
2.4231388568878174,138399
2.4261395931243896,136836
2.4321396350860596,136562
2.4371397495269775,136057
2.4471404552459717,135794
2.4551405906677246,135360
2.4591410160064697,134625
2.46614146232605,134271
2.491142749786377,133048
2.491142749786377,131792
2.6191506385803223,131105
2.6191506385803223,130772
2.622150421142578,130361
2.6581530570983887,130264
2.672153949737549,130069
2.688155174255371,129090
2.690155029296875,128338
2.697155475616455,128088
2.704155683517456,127950
2.718156576156616,126841
2.7261571884155273,126453
2.7611591815948486,126411
2.7641594409942627,125213
2.7681596279144287,124270
2.773159980773926,124198
2.774160146713257,124002
2.7761597633361816,123276
2.786160469055176,122726
2.787160634994507,120970
2.788160562515259,120378
2.797161340713501,119938
2.8201630115509033,119870
2.822162628173828,119142
2.8421638011932373,118321
3.0701773166656494,118292
3.1011791229248047,117990
3.1061794757843018,117337
3.1061794757843018,116253
3.1081795692443848,116176
3.137181282043457,115159
3.1431808471679688,114245
3.462200403213501,113706
3.488201856613159,113292
3.5402050018310547,113093
3.5432050228118896,112231
3.5462052822113037,111429
3.5462052822113037,111202
3.569206714630127,111105
3.678212881088257,110703
3.678212881088257,110612
3.689213275909424,108531
5.172300338745117,108073
5.175300359725952,107879
5.178300857543945,107568
5.23430323600769,107528
5.27030611038208,107472
5.540321588516235,107085
5.9273436069488525,106897
5.945345640182495,106619
5.961346387863159,106427
6.883419513702393,106330
6.910429239273071,106295
6.918431997299194,106203
6.963434219360352,106112
7.016435861587524,105444
7.496464014053345,105220
7.717477321624756,105194
7.735479354858398,104672
7.778480291366577,104667
7.804481267929077,104648
7.853486776351929,104618
7.893488645553589,104610
9.071555614471436,104373
9.485582113265991,104315
9.564584255218506,104237
10.910662651062012,104215
11.530699729919434,104092
11.581704378128052,103903
11.639705419540405,103811
11.688710689544678,103790
14.949872016906738,103657
14.960872650146484,103621
21.63026261329651,103594
21.925281286239624,103204
24.31742215156555,103185
24.34342336654663,103093
24.87745475769043,103057
38.99027705192566,103019
