0.003064870834350586,513815
0.00718379020690918,506421
0.021832942962646484,505486
0.03216099739074707,503835
0.03907585144042969,498933
0.04321694374084473,495651
0.05508780479431152,490874
0.058188676834106445,490450
0.06105184555053711,489905
0.06616973876953125,488559
0.24762392044067383,488408
0.2524096965789795,484295
0.2665836811065674,482543
0.2707648277282715,478227
0.2892649173736572,474567
0.2937657833099365,473121
0.29677271842956543,468820
0.3150489330291748,467642
0.31833982467651367,463797
0.33595967292785645,462578
0.33835792541503906,461650
0.35283684730529785,460005
0.369006872177124,454797
0.37241673469543457,447788
0.3908538818359375,445915
0.39653563499450684,440853
0.40468287467956543,428878
0.407977819442749,424004
0.4175739288330078,413615
0.42176365852355957,411508
0.42367982864379883,408066
0.5094277858734131,406578
0.5118746757507324,402671
0.5355527400970459,399809
0.5727348327636719,398540
0.5745689868927002,397442
0.5762739181518555,393637
0.5843017101287842,384484
0.6761798858642578,381899
0.6785168647766113,378849
0.6892938613891602,372329
0.7097437381744385,371613
0.7174718379974365,368620
0.7249298095703125,366102
0.7372827529907227,361939
0.7400009632110596,353015
0.7567338943481445,342055
0.7601227760314941,336922
0.7702059745788574,328606
0.7838277816772461,324430
0.795508861541748,323449
0.8071329593658447,323206
0.8088357448577881,319405
0.8728859424591064,318962
0.8762388229370117,318413
0.888084888458252,313602
0.9748437404632568,310210
0.9953627586364746,308329
1.0030517578125,306958
1.0207250118255615,305856
1.0227437019348145,303915
1.6708338260650635,303908
1.6773979663848877,302651
1.6914398670196533,298277
1.7216320037841797,295918
1.7370808124542236,293903
1.7409439086914062,287725
1.7697908878326416,287621
1.7932438850402832,287544
1.805034875869751,287523
1.8084118366241455,287348
1.8255548477172852,286663
2.0378189086914062,282991
2.0690908432006836,282768
2.106433629989624,280069
2.1135969161987305,276095
2.126614809036255,275165
2.415747880935669,275097
2.4227678775787354,274537
2.4245026111602783,268399
2.763077735900879,265638
3.050205945968628,265400
3.8969128131866455,265375
4.350428819656372,265348
4.368389844894409,264410
5.2684009075164795,263883
6.54422402381897,262315
6.5508458614349365,258023
6.592103958129883,257862
6.617676734924316,255513
6.710680723190308,252908
6.716671943664551,252429
6.948940753936768,251939
6.976787805557251,251383
6.982517957687378,246225
7.010634899139404,242287
7.033146858215332,240344
7.083050966262817,240284
7.087433815002441,239573
7.089709758758545,237441
7.126981735229492,237384
7.140617847442627,236883
7.149686813354492,235854
7.151813745498657,232253
7.177173852920532,230759
7.178892612457275,230670
7.1819188594818115,229574
7.296706676483154,228847
7.320255994796753,227784
7.32368278503418,227543
7.352353811264038,222078
7.358188629150391,221526
7.4743568897247314,220478
7.481297731399536,219215
7.492113828659058,217443
7.524674654006958,217322
7.6506898403167725,215798
7.675638675689697,214836
7.698429822921753,213536
7.783339738845825,213369
7.79578971862793,212354
7.811103820800781,212348
7.819252967834473,211143
7.870311975479126,210949
7.890195846557617,210818
7.891919851303101,207733
7.895597696304321,207064
8.012449026107788,203211
8.048696756362915,202804
8.102891683578491,202411
8.158521890640259,201865
8.27827787399292,201809
8.433342933654785,201512
8.436794757843018,199921
8.458296775817871,198561
8.524051904678345,197821
8.539228916168213,197538
8.542495012283325,196925
8.698776721954346,195509
8.849536657333374,194992
8.930288791656494,194442
8.933596849441528,193859
8.940802812576294,193633
8.991159677505493,193247
9.032280683517456,192428
9.034051656723022,189959
9.048750877380371,189626
9.282318830490112,188953
9.340712785720825,187373
9.422202825546265,186816
9.86890697479248,186366
10.008406639099121,186110
10.012106895446777,185963
10.386774063110352,185930
10.418351888656616,185357
10.525012969970703,185271
10.531969785690308,184035
10.53856372833252,182585
10.886327743530273,179432
10.889379739761353,178153
11.00359559059143,177362
11.038504838943481,177255
11.065252780914307,175615
11.084359884262085,174816
11.100546836853027,171042
11.113594770431519,169749
11.3744478225708,169244
11.681129932403564,167187
11.686002969741821,166846
11.691747665405273,166265
11.877586841583252,165934
11.927507877349854,165671
11.948148965835571,165314
11.976523637771606,163998
12.434499740600586,163479
12.623558759689331,163068
13.041340827941895,162200
13.062029838562012,162086
13.068243980407715,161489
13.308107614517212,161133
13.553342819213867,160632
14.381117820739746,159730
14.666975021362305,158918
14.710466861724854,158233
14.956814765930176,158137
14.958853721618652,157312
15.459490776062012,156538
16.348209857940674,156435
16.353091716766357,155898
16.60187864303589,155031
19.10168480873108,154910
19.105721712112427,154735
19.378070831298828,154462
20.057865858078003,153810
20.47762894630432,153809
20.502630949020386,152871
21.03741478919983,152583
21.04932188987732,152368
21.17273497581482,151769
21.401574850082397,151547
21.557649850845337,147284
22.85413885116577,147040
22.865574836730957,147012
22.869395971298218,146293
23.02587866783142,145713
23.444637775421143,145310
23.632969856262207,143832
23.637808799743652,143395
23.64799475669861,142307
24.260522842407227,140971
25.428371906280518,140334
25.534240007400513,139650
25.794588804244995,139315
25.852421760559082,137785
25.854556798934937,133839
26.08186984062195,133519
26.60388469696045,133058
26.814648866653442,130543
27.725471019744873,130143
27.76393985748291,129984
36.043184757232666,129298
39.0095329284668,128664
39.364545822143555,128463
39.45489573478699,127863
39.90091276168823,127496
52.24180293083191,127429
52.246190786361694,126754
52.31581783294678,125018
101.63771390914917,124881
101.98661303520203,124301
102.22541284561157,124275
102.75245785713196,124088
102.88444972038269,123971
103.05612182617188,122915
103.11650466918945,122339
103.56105780601501,121848
104.28754568099976,121660
107.37593674659729,121598
107.6976227760315,121423
108.0940489768982,121202
109.28119564056396,121164
110.62314701080322,121085
110.62991571426392,120528
110.69041681289673,119665
110.80953764915466,119111
112.46435785293579,118735
112.52202773094177,117161
113.0608959197998,115864
113.23039889335632,115117
114.09867787361145,114193
114.19389271736145,114039
114.19716668128967,113575
114.19924879074097,113265
114.20126485824585,113106
114.20326685905457,112968
114.20701694488525,112628
114.43477082252502,110826
115.05186581611633,110421
115.92384576797485,109505
116.19845581054688,109452
116.38304686546326,109433
117.43852972984314,109153
121.64722681045532,108767
122.97350668907166,107784
125.01965284347534,107744
128.70941972732544,107714
128.7114508152008,107308
137.979101896286,107282
137.996337890625,106355
138.33336973190308,106320
366.65653562545776,106277
366.7198557853699,106056
369.1654818058014,105079
