0.015621662139892578,123645
3.8324921131134033,123295
4.146484613418579,122913
4.255859375,121577
4.271482706069946,120560
4.271482706069946,120488
4.271482706069946,120308
4.2871081829071045,120039
4.599637269973755,119293
4.755879878997803,119008
4.7714903354644775,118942
4.7714903354644775,118940
4.8027567863464355,118754
4.8027567863464355,118579
4.8027567863464355,118382
4.866388559341431,118129
4.8820412158966064,117545
4.89766526222229,117454
5.070738792419434,116010
5.070738792419434,115386
5.117588043212891,115262
5.117588043212891,114581
5.148839235305786,113812
5.273871660232544,113428
5.273871660232544,113358
5.273871660232544,112778
5.273871660232544,112629
5.289465665817261,112123
5.398858070373535,112058
5.414462566375732,111889
5.5394628047943115,111706
5.555088520050049,111531
5.555088520050049,111291
5.570713520050049,110744
5.570713520050049,110715
5.586345434188843,110174
6.066727161407471,109709
6.069730520248413,109595
6.1112189292907715,109503
6.126844644546509,109502
6.142450571060181,109356
6.142450571060181,109332
6.158101558685303,109224
6.158101558685303,108818
6.158101558685303,108794
6.894794225692749,108177
6.905792236328125,108021
6.929793834686279,107417
7.780824422836304,106867
7.79682469367981,106839
7.851828575134277,106216
7.867830038070679,105951
7.919834852218628,105484
8.116772174835205,104920
8.309696912765503,104780
8.340947389602661,104630
8.340947389602661,104610
8.381981372833252,104275
8.382985591888428,103988
8.523252725601196,103865
8.535224676132202,103573
8.725184202194214,103568
8.756434202194214,103561
8.756434202194214,103374
8.818934440612793,103336
9.4049711227417,102994
9.416972398757935,102938
9.420974731445312,102900
9.846997499465942,102842
9.858018159866333,102786
9.865018606185913,102750
9.925003051757812,102313
10.218018770217896,102274
10.228018522262573,102162
13.950770378112793,102126
14.247644901275635,102013
25.03057098388672,101958
28.54956293106079,101891
34.56205606460571,101891
