3.4762206077575684,122495
3.4792232513427734,122045
3.549225330352783,121943
3.5502068996429443,120724
3.5792088508605957,120296
4.3212504386901855,120242
4.322250843048096,119633
4.755279541015625,119320
4.776280879974365,118667
4.777280807495117,118059
5.176320552825928,116759
5.179318189620972,116723
5.1873228549957275,116096
5.198324680328369,115533
5.199325084686279,115289
5.215321779251099,115018
5.229322910308838,114931
5.267324924468994,114878
5.268325090408325,114545
5.298334360122681,114379
5.298334360122681,113928
5.3113274574279785,112903
5.3173301219940186,112798
5.3173301219940186,112741
5.70933723449707,112393
5.884365558624268,112313
5.9883716106414795,111912
5.993380308151245,111670
6.005369186401367,111536
6.007366418838501,111107
6.018373250961304,111012
6.020372629165649,110534
6.045351028442383,110025
6.132356882095337,109793
6.194363355636597,109216
6.197361707687378,108693
6.248382806777954,108525
6.257366180419922,108343
6.659405708312988,107693
6.749412536621094,107559
6.763411521911621,106603
7.052429676055908,106602
7.053430557250977,106547
7.056429862976074,106481
7.513440370559692,105866
7.7024500370025635,104836
7.706448793411255,104414
7.801454782485962,103834
8.067469835281372,103566
8.070469856262207,103239
8.122475147247314,103230
8.52149748802185,103049
9.125558614730835,103013
9.181557655334473,102850
9.190537929534912,102736
9.192554712295532,102623
9.28756070137024,102320
9.621579885482788,102084
9.687583684921265,101872
10.00360631942749,101780
12.397722482681274,101767
15.558910369873047,101297
15.686918020248413,101283
30.531805753707886,101216
32.11989784240723,101189
33.74299073219299,101189
