2.595151424407959,120798
2.6221530437469482,120255
2.6221530437469482,119565
2.688156843185425,119399
2.7651619911193848,118870
2.7751619815826416,117946
2.7801625728607178,117569
2.7881627082824707,116919
2.793163537979126,116302
2.83516526222229,115384
2.8541665077209473,112912
3.075153350830078,111670
3.0871798992156982,111115
3.361196517944336,111070
3.361196517944336,110350
3.408198833465576,110048
3.416198968887329,108602
3.4221994876861572,108411
3.9762320518493652,108057
4.103241682052612,108049
4.235247611999512,107190
4.300251245498657,106626
4.345255374908447,106346
4.345255374908447,105964
4.346255540847778,105768
4.585266828536987,105386
4.605268955230713,105168
4.6802732944488525,105136
5.305311918258667,104664
5.332313537597656,104656
5.339311838150024,104564
5.34931206703186,103929
5.3693153858184814,103248
5.427316665649414,103194
5.486322402954102,103160
5.558324813842773,102985
5.5793256759643555,102673
5.619328022003174,102138
5.62933087348938,102130
5.639329433441162,101987
5.675331354141235,101819
5.767338991165161,101668
6.053355932235718,101455
6.987409830093384,101285
7.219421863555908,101033
9.824575901031494,101030
9.914581298828125,100822
