2.8135972023010254,119868
2.8292222023010254,119581
2.8292222023010254,119217
2.8292222023010254,118136
2.844846725463867,118091
2.8604722023010254,117421
2.8604722023010254,117361
2.8917222023010254,117323
2.8917222023010254,117096
2.9542222023010254,117055
2.9542222023010254,116689
2.9542222023010254,116570
3.4231371879577637,116526
3.470038890838623,115552
3.470038890838623,115384
3.470038890838623,115357
3.516916513442993,115172
3.5325405597686768,114934
3.6575398445129395,114169
3.6731653213500977,113799
3.7200400829315186,112715
3.8137903213500977,112425
3.8137903213500977,111764
3.8294155597686768,111375
3.8294155597686768,111242
3.8762905597686768,111039
3.8762905597686768,109350
3.8762905597686768,109070
3.923165798187256,109061
3.938790798187256,108718
3.970040798187256,108372
4.032540798187256,108266
4.110666751861572,108246
4.251291751861572,107951
4.516917705535889,107644
4.548167705535889,106401
4.57941746711731,106354
4.57941746711731,105651
4.610667943954468,105052
4.673168420791626,104960
4.688793182373047,104732
4.70441746711731,104687
4.735668420791626,104601
5.454421281814575,104585
5.470045804977417,104549
5.516920566558838,103681
5.532546520233154,103618
6.3631579875946045,103135
6.410033702850342,103090
6.425658941268921,102947
6.535034418106079,102652
6.535034418106079,101735
6.5662841796875,101432
6.5662841796875,101413
6.613159418106079,101351
6.660034418106079,101326
6.7225341796875,101234
8.2357919216156,101119
9.396822214126587,100990
10.178074359893799,100939
11.821629047393799,100846
11.821629047393799,100703
12.072864294052124,100611
20.144742965698242,100525
21.30340552330017,100506
22.35222840309143,100498
