2.5341763496398926,122752
2.6301803588867188,122156
2.788191080093384,121834
2.792189598083496,121613
2.846193552017212,121239
2.8481929302215576,120256
2.8561930656433105,118734
2.8681938648223877,118397
2.870194673538208,117604
2.8851959705352783,117600
2.9161970615386963,116869
3.102207660675049,116195
3.13020920753479,116092
3.13020920753479,115736
3.132208824157715,115364
3.1671841144561768,114502
3.1732122898101807,113831
3.1772117614746094,113598
3.214214324951172,112919
3.6482412815093994,112902
3.6502413749694824,112774
3.6592419147491455,111770
3.819249153137207,111631
3.83525013923645,110410
3.8622522354125977,110363
4.108266115188599,110109
4.124269723892212,109606
4.134267807006836,109598
4.149269104003906,109562
4.15527081489563,109240
4.162269592285156,108255
4.1722705364227295,108173
4.221274137496948,107678
4.238275766372681,107504
4.270276308059692,107442
4.340280294418335,107347
4.372282981872559,106473
4.419285297393799,106011
4.4332873821258545,105389
4.771306991577148,105018
4.9362876415252686,104898
4.962289333343506,104877
4.962289333343506,104869
4.967289209365845,104806
5.00629186630249,104793
5.032293796539307,104175
6.0633556842803955,103778
6.08635687828064,103025
6.125359058380127,102979
6.651389837265015,102569
6.794398307800293,102433
6.8434014320373535,102258
9.561561107635498,102134
9.629563570022583,102019
9.753571510314941,101984
10.038605451583862,101861
19.484166145324707,101853
