2.4796860218048096,127533
2.4796860218048096,127175
2.4953110218048096,126861
2.4953110218048096,126413
2.69657826423645,125690
2.6995785236358643,124993
2.7045786380767822,124875
2.7055792808532715,124055
2.7095789909362793,124018
2.7135791778564453,123302
2.7155795097351074,121317
2.7175796031951904,120323
2.7225794792175293,120057
2.7782113552093506,119099
2.7802109718322754,117926
2.7802109718322754,117003
3.431009531021118,116442
3.436008930206299,116034
3.4560117721557617,115978
3.4590117931365967,115555
3.46401047706604,114703
4.10582423210144,112733
4.12144923210144,111517
4.262074708938599,111471
4.27769923210144,110420
4.27769923210144,109793
4.749328136444092,109673
5.031148433685303,107607
5.041149377822876,107386
5.044148683547974,107263
5.403209686279297,107245
5.435258388519287,106695
5.435258388519287,105946
5.440258264541626,105113
5.547367811203003,104207
5.551367998123169,103582
7.607494592666626,103579
7.624258756637573,103463
7.624258756637573,103427
7.639901876449585,103308
7.687131643295288,103273
7.736515760421753,103269
7.736515760421753,103200
7.783390998840332,102847
7.83026385307312,102771
7.8615148067474365,102522
8.481309175491333,102433
8.488309144973755,102406
9.922751188278198,102262
9.985251665115356,102102
10.089784383773804,102088
10.72225570678711,101909
12.21297025680542,101896
12.809967279434204,101895
13.032536029815674,101825
13.222328901290894,101808
13.255128860473633,101770
15.475327253341675,101756
15.495871782302856,101738
16.35262393951416,101703
17.128843545913696,101612
32.44291377067566,101612
