2.6551504135131836,121148
2.6707749366760254,121062
2.6707749366760254,121047
2.6707749366760254,120741
2.6707749366760254,120375
2.9051506519317627,120318
2.920776605606079,120190
2.936400890350342,120155
2.936400890350342,119588
2.936400890350342,119504
2.952026605606079,119466
2.952026605606079,118974
2.9676513671875,117565
3.030151128768921,116794
3.045776605606079,116741
3.045776605606079,116515
3.045776605606079,115851
3.077026605606079,115723
3.092651844024658,115033
3.1082770824432373,115013
3.1082770824432373,114647
3.1082770824432373,114630
3.123901844024658,114092
3.1626529693603516,114025
3.1656532287597656,113491
3.1666531562805176,113368
3.1686532497406006,113047
3.1736268997192383,112123
3.19441819190979,111131
3.19441819190979,110613
3.210042953491211,110371
3.210042953491211,109657
3.210042953491211,107742
3.241293430328369,106999
3.2569174766540527,106793
3.715583562850952,106733
3.7322287559509277,106110
3.7518136501312256,105574
3.83853816986084,105494
3.854163408279419,105161
5.10292649269104,105072
5.118551015853882,104939
5.149801731109619,104418
5.18105149269104,104389
5.212301731109619,104193
5.243551731109619,104115
5.368551731109619,104053
5.5404276847839355,103870
5.5404276847839355,103695
5.5560526847839355,103602
7.215708494186401,103418
7.246959209442139,103201
7.246959209442139,102895
7.356334686279297,102894
7.450085163116455,102827
7.450085163116455,102735
11.535399198532104,102644
11.566649436950684,102624
11.863525152206421,102615
12.491004705429077,102371
12.522254943847656,102197
12.553505182266235,102170
12.616005420684814,102153
12.787880659103394,101943
18.58549189567566,101848
19.113603591918945,101831
19.144881010055542,101793
33.42886662483215,101731
33.68350028991699,101712
34.974467277526855,101704
