2.7014224529266357,118264
2.717047929763794,118180
2.732673168182373,117356
2.732673168182373,117127
2.763922691345215,116925
3.203822135925293,116924
3.21944522857666,115723
3.21944522857666,115557
3.21944522857666,115208
3.3645975589752197,114105
3.3910796642303467,113615
3.3962905406951904,113613
3.3962905406951904,113331
3.4188737869262695,113218
3.421874761581421,113210
3.428893566131592,113071
3.430894136428833,113004
3.4530460834503174,112126
3.4530460834503174,111799
3.4530460834503174,111390
3.5468242168426514,111171
3.5624489784240723,111078
3.6249489784240723,110914
3.6405744552612305,110449
3.6561994552612305,110404
4.249952077865601,110059
4.265576362609863,109883
4.281202077865601,109848
4.281202077865601,109685
4.281202077865601,108793
4.328076362609863,108425
4.343701124191284,108207
4.453077077865601,108155
4.453077077865601,107871
4.4843268394470215,107681
5.0780792236328125,107617
5.0780792236328125,107404
5.1249542236328125,107331
5.1405792236328125,107201
5.171829462051392,106290
5.203078985214233,105932
5.218704462051392,105668
5.2343292236328125,105212
5.2499542236328125,105138
5.2499542236328125,105123
5.26557993888855,104958
5.328080415725708,104628
5.390579700469971,104303
5.799284934997559,104101
5.861785173416138,104065
5.939910411834717,104005
6.064911603927612,103778
6.189911842346191,103760
6.549287796020508,103675
6.658662796020508,103648
7.003638744354248,103628
7.222390174865723,103517
7.622957468032837,103372
8.029208898544312,103191
10.317602634429932,103173
10.380102634429932,103051
10.475060224533081,102757
10.490712642669678,102749
23.233155488967896,102731
