2.416123390197754,118727
2.416123390197754,118102
3.4479238986968994,117602
3.4549338817596436,116678
3.465934991836548,116137
3.497936964035034,115471
3.499936819076538,115240
3.504936456680298,115127
3.505936861038208,114567
3.518937587738037,114564
3.5239381790161133,114537
3.5289392471313477,114486
3.5309383869171143,114405
3.5800232887268066,113877
3.583014726638794,113370
3.5880138874053955,113316
4.500595331192017,113041
4.563094854354858,112998
5.226816654205322,112939
5.246819019317627,112903
5.344825744628906,112811
5.344825744628906,112330
5.3808276653289795,111881
5.533836841583252,111648
6.182855129241943,110976
6.186855792999268,109848
6.200860500335693,109299
6.2028563022613525,108908
6.205856561660767,108410
6.212857007980347,107972
6.212857007980347,107592
7.109666109085083,107066
7.23067307472229,105830
7.483668088912964,105339
7.765705108642578,105165
8.104708433151245,104479
8.11893630027771,104313
8.134588718414307,102854
8.311789751052856,102770
8.342805624008179,102599
8.370052099227905,102400
8.370052099227905,102204
8.370052099227905,102196
8.46474575996399,102146
8.517747640609741,102138
8.531748533248901,101963
9.867752313613892,101368
10.44178581237793,101341
10.52279019355774,101322
11.34373950958252,101279
19.81824231147766,101207
19.932607889175415,101199
32.09918189048767,101199
