0.004832029342651367,556834
0.007824182510375977,556786
0.019199132919311523,547236
0.02964615821838379,541212
0.03312826156616211,531045
0.03857612609863281,525587
0.07458305358886719,525456
0.09041094779968262,523388
0.09461212158203125,507000
0.11544418334960938,504723
0.12269306182861328,501127
0.13495492935180664,497439
0.14017105102539062,492724
0.14937710762023926,490530
0.15465021133422852,474946
0.17942023277282715,474582
0.18294501304626465,469172
0.21593308448791504,464983
0.2503468990325928,464198
0.2560412883758545,459764
0.2597670555114746,457619
0.2793099880218506,453010
0.28811120986938477,437646
0.3164379596710205,435655
0.3208010196685791,420775
0.3482952117919922,417027
0.35616302490234375,416385
0.38729310035705566,416233
0.3906443119049072,414018
0.4063069820404053,412410
0.6028752326965332,408027
0.6092710494995117,406801
0.6246020793914795,403083
0.6416831016540527,399697
0.891334056854248,398852
0.9093821048736572,396353
1.153743028640747,394401
1.1594343185424805,393810
1.8415353298187256,392449
1.8822290897369385,392257
1.8854429721832275,387930
1.8913471698760986,387654
1.897564172744751,381899
2.003243923187256,377072
2.0149030685424805,373461
2.0516891479492188,364976
2.081418991088867,361489
2.100102186203003,353557
2.102497100830078,353388
2.104609966278076,351001
2.112746238708496,350735
2.1164300441741943,346491
2.120331048965454,345261
2.147386074066162,343242
2.164011001586914,340163
2.181732177734375,339508
2.19201922416687,337114
2.1959481239318848,331532
2.21266508102417,329371
2.2146201133728027,326460
2.2169530391693115,325783
2.220189094543457,325439
2.239657163619995,324559
2.242398262023926,311902
2.2656960487365723,310651
2.269109010696411,309563
2.331752300262451,304061
2.865457057952881,303751
3.0448760986328125,301091
3.069354295730591,300621
3.075099229812622,300541
3.4952280521392822,298976
3.4990062713623047,289667
3.5702450275421143,288013
3.585407257080078,284645
3.588787078857422,282343
3.6173481941223145,281538
3.625868082046509,279970
3.661067008972168,278967
3.669912099838257,276619
4.265822172164917,275261
4.6569859981536865,272530
4.665472030639648,272205
4.741180181503296,271755
4.748079061508179,266848
5.009521245956421,266312
5.017107248306274,265676
5.0200700759887695,264704
5.023877143859863,259919
5.085636138916016,258653
5.2767510414123535,258179
5.291913270950317,257975
5.299669981002808,257913
5.370420217514038,256729
5.429228067398071,256505
5.442728281021118,253891
5.4726951122283936,253196
5.4752280712127686,252272
5.48291802406311,251790
5.490354061126709,250057
5.550094127655029,249277
5.688374996185303,248746
5.692092180252075,246283
5.696051120758057,245679
5.697824954986572,242590
5.8692052364349365,242281
6.071247100830078,241422
6.074308156967163,238317
6.672055006027222,237781
8.13982605934143,233844
8.410441160202026,231930
8.723329067230225,231645
8.78388500213623,231594
8.788782119750977,227593
9.014153242111206,227065
9.017993211746216,225948
9.194152116775513,225541
9.26952600479126,224407
9.276930093765259,224309
9.281264066696167,223918
9.289710998535156,223548
9.332472085952759,223442
9.428929090499878,221512
9.4412682056427,221470
9.44452714920044,221185
9.448333978652954,217585
9.538690090179443,213662
9.549347162246704,212970
9.551156282424927,211783
9.564423084259033,209857
9.591524124145508,207619
9.61353588104248,207604
9.617913007736206,202983
9.811257123947144,200034
9.828394889831543,197843
9.95432710647583,197199
9.973594188690186,196537
9.98961615562439,196421
10.001949071884155,195672
10.00644302368164,194129
10.046655178070068,193248
10.049351215362549,190862
10.0641450881958,190842
10.160177230834961,190140
10.191399097442627,189614
10.197323083877563,186951
10.218286991119385,185952
10.222799062728882,182158
10.275938034057617,182028
10.292428970336914,181967
10.300503015518188,180112
10.379946231842041,179129
10.686950206756592,179010
10.878951072692871,177777
11.224746942520142,177624
11.232074975967407,177399
11.23994517326355,176622
11.297999143600464,175799
11.316939115524292,174490
11.321216106414795,174229
11.366591215133667,174222
11.368608951568604,172099
11.37960433959961,172054
11.392370223999023,171849
11.413018226623535,169907
11.418751239776611,169242
11.45191216468811,168850
11.490931272506714,166955
11.519046068191528,166702
11.670067310333252,164882
11.683372974395752,164856
11.687656164169312,164421
11.75572919845581,163323
11.759052991867065,160399
11.835727214813232,160384
11.89528489112854,159819
11.926820039749146,157764
11.966465950012207,157577
11.978431940078735,157231
11.988078117370605,156707
12.082353115081787,156326
12.201800107955933,155994
12.295345067977905,155373
12.38323712348938,154135
12.404688119888306,152878
12.467400074005127,151713
13.189733028411865,151113
14.2379150390625,150903
14.53976321220398,150366
14.610132217407227,150079
14.651368141174316,149879
14.740838050842285,148471
15.300506114959717,148359
15.308399200439453,147676
18.66719627380371,147306
18.66964292526245,142459
18.823442220687866,142283
18.99368906021118,141074
19.239615201950073,140668
19.53117823600769,140323
19.534642219543457,140173
19.53709626197815,140001
19.73216724395752,139848
19.737842082977295,139014
20.307948112487793,138330
22.066928148269653,138215
22.069135189056396,138144
22.33457922935486,137996
22.33650016784668,137539
23.39883017539978,137347
24.63728928565979,137339
25.072100162506104,137262
25.098085165023804,137133
25.120485067367554,137037
25.222654104232788,136230
25.475866079330444,135609
25.4827880859375,135508
27.656318187713623,131421
30.2231342792511,131290
30.238513231277466,130602
30.254964113235474,130436
30.257758140563965,129667
30.4409761428833,129346
30.45392608642578,127411
31.7762291431427,126936
32.07203197479248,126824
32.28287100791931,125446
32.67757821083069,124318
33.411988258361816,123858
33.41555118560791,123671
33.56530022621155,122324
34.85466814041138,121951
35.33883213996887,121018
36.296162128448486,120835
36.447508335113525,120466
37.88122224807739,117217
38.2332489490509,116977
38.239930152893066,116846
38.26664710044861,116625
38.94446611404419,116394
44.65453815460205,116271
49.30389595031738,116168
49.48048400878906,116093
57.200112104415894,115918
