2.647326707839966,122107
2.6629514694213867,119985
2.6785762310028076,119658
2.6942014694213867,119434
2.7098262310028076,119341
2.725451707839966,119117
2.725451707839966,118936
2.725451707839966,118909
2.741076946258545,118098
2.741076946258545,117000
2.741076946258545,116837
3.0756185054779053,116182
3.0756185054779053,116149
3.0912435054779053,115714
3.0912435054779053,115123
3.278744697570801,114967
3.2943689823150635,113642
3.2943689823150635,113250
3.2943689823150635,112611
3.2943689823150635,112602
3.3099944591522217,112090
3.325620174407959,111592
3.34124493598938,111526
3.3881194591522217,110664
3.7332990169525146,110563
3.764549493789673,110377
3.795799493789673,110300
3.8426780700683594,110159
3.8583061695098877,110141
3.9877889156341553,110127
3.9877889156341553,110030
4.003438711166382,110017
4.242506980895996,109664
4.242506980895996,108246
4.258131504058838,108208
4.430010080337524,107787
4.555004358291626,107509
4.883130311965942,107254
4.9143805503845215,106951
4.9300055503845215,106751
4.9300055503845215,106176
5.070630311965942,106091
5.695633172988892,105895
5.898759126663208,105854
5.96125864982605,105196
6.055008888244629,104329
6.745725393295288,104248
6.825012445449829,103823
7.668791770935059,103748
7.966844320297241,103656
8.0762197971344,103344
8.16994333267212,103284
8.16994333267212,103092
8.419941902160645,103083
8.435566902160645,102891
9.575320482254028,102562
11.278173685073853,102523
11.905574083328247,102505
12.077449083328247,102418
14.502712726593018,102337
17.14560317993164,102335
19.1801815032959,102317
20.617685556411743,102290
21.57081437110901,102174
22.79703664779663,102139
28.49181604385376,102072
32.10162281990051,102054
