0.009643077850341797,565492
0.015290975570678711,563031
0.02729511260986328,561886
0.03096795082092285,561463
0.03281712532043457,554134
0.034664154052734375,551000
0.03648090362548828,540298
0.04046297073364258,534525
0.04225015640258789,532093
0.04777407646179199,529811
0.04969501495361328,528807
0.053273916244506836,525198
0.05715012550354004,524393
0.06261205673217773,522572
0.06621980667114258,522054
0.06802201271057129,520553
0.07516002655029297,519629
0.07925009727478027,517874
0.08105206489562988,514226
0.10420894622802734,513428
0.10608696937561035,509766
0.10972309112548828,507898
0.1134500503540039,504481
0.115264892578125,504050
0.11710095405578613,492310
0.14635705947875977,491584
0.15004920959472656,489709
0.1519179344177246,487802
0.15384697914123535,486586
0.15767407417297363,481673
0.1596848964691162,479230
0.16149210929870605,478319
0.16328001022338867,461318
0.17086291313171387,461208
0.17612290382385254,461092
0.1797778606414795,459042
0.1983489990234375,457774
0.2673828601837158,457584
0.2710120677947998,454937
0.30302906036376953,454054
0.305117130279541,452491
0.3179490566253662,451137
0.32172608375549316,451048
0.35953593254089355,450205
0.37126994132995605,450173
0.37518906593322754,444999
0.7986259460449219,444363
0.8020718097686768,440999
0.8287019729614258,440325
0.8427660465240479,440320
0.8486909866333008,439454
1.7756900787353516,438241
1.7791178226470947,437711
1.7898609638214111,435826
2.5258572101593018,435101
2.5868260860443115,434417
2.5906310081481934,428379
2.6186130046844482,424651
2.621166944503784,423065
2.675873041152954,416560
2.6816978454589844,414832
2.7766170501708984,410679
2.8080899715423584,410646
2.946636915206909,409700
2.949793815612793,406327
2.958806037902832,405136
2.976357936859131,401906
2.982689142227173,396605
3.181429147720337,396201
3.1859500408172607,385879
3.697638988494873,379748
3.703119993209839,374302
3.7069740295410156,369672
3.7102251052856445,368681
3.7137041091918945,364945
3.7584941387176514,364378
3.7626490592956543,363042
3.8193371295928955,361675
3.8492250442504883,360773
4.609416961669922,359969
4.667672872543335,359761
4.720064878463745,358937
4.737529039382935,356020
4.746358156204224,355411
5.022680997848511,354742
5.081928014755249,352579
5.0898871421813965,349575
5.3035290241241455,348888
5.305552959442139,347232
5.314043045043945,346508
5.315905809402466,344457
5.3405070304870605,343204
5.548979043960571,343122
6.729866027832031,343086
6.737217903137207,338832
6.957834005355835,338446
6.961652040481567,337529
7.057783842086792,336956
7.062191009521484,335711
7.064007997512817,335151
7.195499897003174,330053
7.202956914901733,329407
7.205574035644531,319162
7.2163379192352295,315635
7.227173089981079,308746
7.233370065689087,306763
7.239851236343384,297698
7.254228115081787,296571
7.261921167373657,295718
7.270403861999512,293267
7.279498100280762,293073
7.282001972198486,292105
7.287110090255737,291292
7.309654951095581,283535
7.326781988143921,281214
7.333091974258423,280299
7.335932970046997,278780
7.346169948577881,277282
7.350689888000488,276240
7.358689069747925,268577
7.431046962738037,268150
7.438514947891235,267245
7.539136171340942,267006
7.5445380210876465,266562
7.550347805023193,265454
7.554254055023193,265335
7.573035001754761,264035
7.578628063201904,257375
7.618473052978516,256589
7.633615970611572,256526
7.85152006149292,256072
8.043608903884888,254054
8.480425119400024,253585
8.67379903793335,253336
8.959630012512207,253014
9.057952165603638,249956
9.060324907302856,245460
9.107765197753906,239414
9.138767004013062,236631
9.168741941452026,231093
9.200022220611572,229749
9.227805137634277,223241
9.240674018859863,215896
9.25612998008728,214014
9.277084112167358,210415
9.430540800094604,208781
9.448741912841797,207468
9.455440044403076,207341
9.459714889526367,205687
9.47839903831482,204579
9.48288607597351,204510
9.497277021408081,203178
9.503638982772827,200383
9.522557973861694,199155
9.700090885162354,198541
9.705931186676025,196135
9.71728801727295,195749
9.7448410987854,195441
9.761059999465942,193833
9.910247087478638,193507
10.045944929122925,193318
10.425947904586792,193143
10.631228923797607,192515
10.8747239112854,192508
10.887648105621338,192072
10.99012303352356,191443
11.113906145095825,190406
11.270838022232056,190140
11.280213117599487,189880
11.425471067428589,189543
11.87782597541809,189508
12.178123950958252,188386
12.207702159881592,187407
12.212358951568604,184278
12.39850902557373,183207
12.518667936325073,182999
12.530347108840942,179898
12.790955781936646,174014
12.797270059585571,173120
12.814085006713867,171435
12.815983057022095,166394
12.829818964004517,165361
12.835493087768555,164661
12.851585865020752,163609
12.855605125427246,162036
12.863759994506836,161077
12.86761212348938,159366
12.882006168365479,158846
12.887086868286133,154497
12.943047046661377,154335
12.998390913009644,153795
13.227046012878418,153683
13.265483856201172,153419
13.290307998657227,152751
13.394848108291626,152719
13.803853988647461,152548
14.184983968734741,151569
14.356029033660889,150929
14.358572959899902,150672
14.392935037612915,150603
14.40178894996643,149852
14.9807870388031,148920
15.125311136245728,148130
15.145699977874756,147464
15.149441957473755,147399
15.317622900009155,146809
15.456427097320557,146702
15.471989154815674,145908
15.581560850143433,145563
15.604238986968994,145377
15.621450185775757,145252
15.75204586982727,144806
15.756635904312134,143657
15.761052131652832,143485
16.167515993118286,142893
16.73787498474121,142606
17.031675100326538,141009
17.203320026397705,140714
17.206732988357544,139255
17.825818061828613,138034
20.22313904762268,137612
22.084075212478638,137330
22.10023593902588,136067
22.533124923706055,135767
22.818981885910034,135160
23.07938289642334,134939
24.31998085975647,134223
25.057103872299194,134185
25.2574679851532,133774
26.048585176467896,133120
26.10499119758606,132807
26.112794876098633,132110
26.174346208572388,132083
26.18549108505249,131932
27.26683497428894,131168
27.34322690963745,130702
27.512069940567017,130691
27.518959999084473,129629
27.58873987197876,128876
27.70627498626709,128462
27.80961298942566,127341
27.820719003677368,126392
29.61065101623535,126323
29.779174089431763,125892
30.15737795829773,125553
30.482917070388794,124729
43.28141808509827,123804
43.41870093345642,123737
43.496569871902466,123508
45.186230182647705,123414
45.32779407501221,123269
53.70295310020447,122848
59.361851930618286,122789
59.97289800643921,122712
59.98105788230896,122432
60.98435688018799,121075
61.75308895111084,120299
61.83758306503296,119883
62.09208297729492,119418
73.63307094573975,118392
73.88984680175781,118339
74.48733615875244,118303
76.75841999053955,117918
87.37635898590088,117718
161.7572250366211,116805
167.26502799987793,116468
168.34184789657593,116389
168.3464798927307,116319
168.3489170074463,114653
168.40099906921387,114613
168.5194799900055,113625
168.7052800655365,110946
176.32293009757996,110895
176.33681106567383,110281
176.76583790779114,109810
177.4822199344635,108882
177.80226588249207,108714
190.08967113494873,108539
192.2073860168457,108476
208.31258416175842,108285
327.9988420009613,108098
337.69445300102234,107960
337.7154698371887,107584
