2.8081624507904053,127686
2.815162420272827,126221
2.8201630115509033,125791
2.8221631050109863,124760
2.827165365219116,124374
2.8301634788513184,124072
2.8411662578582764,123364
2.866166114807129,123291
2.8861687183380127,123102
2.8881688117980957,123084
2.893167018890381,121874
2.8951683044433594,121597
2.8951683044433594,121160
2.923171043395996,120342
2.93217134475708,119827
2.9391722679138184,119496
2.9661707878112793,119217
2.9741718769073486,119065
3.0011730194091797,118968
3.0061731338500977,118684
3.026176691055298,118465
3.026176691055298,118425
3.0711772441864014,117362
3.0771777629852295,117309
3.0891804695129395,117003
3.0901784896850586,115757
3.118180513381958,115118
3.1521825790405273,114707
3.1891841888427734,114592
3.200187921524048,114310
3.254188299179077,113566
3.2611911296844482,113393
3.3041913509368896,112440
3.3151919841766357,112233
3.3201918601989746,112136
3.3221936225891113,111569
3.328192710876465,111214
3.334193229675293,110684
3.3911964893341064,110663
3.5432071685791016,110077
3.558206081390381,109573
3.565206527709961,109540
3.567206859588623,109365
3.7632198333740234,109194
3.767218589782715,108602
3.7742209434509277,108052
3.8722243309020996,107602
4.572265148162842,107321
4.637269496917725,107317
4.65227198600769,106934
4.683273792266846,106759
5.2123048305511475,106564
5.227305889129639,106221
5.22930383682251,105814
5.277279376983643,105723
5.284306526184082,105687
5.3193089962005615,105624
5.332310199737549,105466
5.403314113616943,105310
5.500321626663208,104943
6.192360162734985,104908
6.328340530395508,104701
6.329340934753418,104481
6.3893444538116455,104471
6.58435583114624,104320
6.678361177444458,104302
6.815369367599487,104089
7.491408824920654,104079
7.627415895462036,103965
7.872431039810181,103865
7.899432897567749,103625
7.923433780670166,103512
8.382461071014404,103458
8.462465763092041,103444
8.519468784332275,103183
8.542470216751099,103014
8.561471700668335,103011
8.607474088668823,102948
8.824486017227173,102904
8.958493947982788,102772
8.989495754241943,102618
9.128504514694214,101926
9.374518632888794,101912
9.450523614883423,101708
12.200684309005737,101664
13.839780330657959,101589
13.88078236579895,101554
13.897783517837524,101441
13.900783061981201,101411
14.516819477081299,101339
14.569822549819946,101304
14.837838172912598,101174
