0.010422945022583008,537807
0.014979839324951172,536102
0.022565841674804688,532837
0.02752995491027832,526850
0.03499484062194824,519082
0.03661489486694336,504848
0.042073726654052734,500273
0.044064998626708984,496889
0.06887388229370117,491843
0.0702829360961914,482871
0.07748889923095703,482009
0.07994270324707031,474818
0.09502983093261719,470398
0.09725189208984375,463328
0.10050296783447266,453135
0.10340404510498047,443153
0.11917281150817871,436525
0.1210317611694336,428844
0.13849902153015137,422951
0.14279484748840332,414192
0.16161680221557617,408115
0.16754579544067383,407646
0.16988587379455566,406580
0.17183780670166016,404850
0.21798491477966309,404652
0.22079682350158691,399861
0.22217488288879395,398517
0.2277228832244873,397068
0.2364058494567871,396592
0.24071288108825684,394442
0.24264907836914062,391523
0.24563384056091309,388914
0.24706292152404785,386733
0.2522287368774414,385219
0.253734827041626,381532
0.26665496826171875,379526
0.26805686950683594,378670
0.27202391624450684,375099
0.2805788516998291,373202
0.32385993003845215,372234
0.3322947025299072,371270
0.3363487720489502,369666
0.3547840118408203,368465
0.3562600612640381,359629
0.3909928798675537,357635
0.39452385902404785,357071
0.46936583518981934,356213
0.4739048480987549,355412
0.4771609306335449,355233
0.4788939952850342,354790
0.4821350574493408,354129
0.6381738185882568,353656
0.6843059062957764,353305
0.7554306983947754,351712
0.7606198787689209,348959
0.7841598987579346,348548
0.7855989933013916,344868
0.804431676864624,342295
1.0227937698364258,342253
1.159207820892334,341756
1.6273479461669922,338620
1.7362768650054932,337677
1.760632038116455,337167
1.8409557342529297,336933
1.848855972290039,336796
1.8502798080444336,334711
1.8587729930877686,334442
1.8634307384490967,333228
1.8738188743591309,332409
1.8752129077911377,329618
1.8766777515411377,328664
1.879903793334961,328325
1.8813056945800781,324381
1.887568712234497,320627
1.8891026973724365,319752
1.8919527530670166,318828
1.897101879119873,316759
1.9028468132019043,314956
1.9414830207824707,313780
1.9458699226379395,312545
1.9591500759124756,312515
1.9812037944793701,311468
1.9827628135681152,311393
2.136305809020996,311114
2.1392219066619873,310076
2.2310707569122314,309960
2.234038829803467,307783
2.35721492767334,307665
2.358680009841919,300945
2.3857247829437256,299777
2.3900668621063232,295770
2.4256787300109863,292271
2.4299798011779785,291520
2.435624837875366,287684
2.437008857727051,287093
2.442673921585083,284641
2.4440577030181885,283097
2.4472708702087402,281104
2.4559600353240967,277419
2.457335948944092,276402
2.460209846496582,274477
2.4615848064422607,273027
2.462960720062256,271713
2.467620849609375,268889
2.4851598739624023,268507
2.509241819381714,268424
2.5121068954467773,266271
2.5154197216033936,261468
2.5239498615264893,260549
2.533054828643799,259835
2.5344438552856445,244238
2.5387020111083984,243272
2.5401477813720703,238932
2.6180427074432373,237702
2.619433879852295,236352
2.804558038711548,234243
2.825018882751465,234122
2.827793836593628,232384
2.8293328285217285,231751
2.8929708003997803,230655
2.897235870361328,227627
2.973270893096924,225563
3.07545804977417,223639
3.105893850326538,223027
3.11647367477417,221333
3.122609853744507,217826
3.1254167556762695,216077
3.129696846008301,215033
3.29355788230896,214486
3.3420889377593994,213402
3.3472697734832764,209124
3.3486719131469727,208713
3.3582358360290527,200884
3.391603946685791,200315
3.3945648670196533,199025
3.3959689140319824,198799
3.7091660499572754,198660
3.711164712905884,198388
3.713235855102539,198363
3.7149999141693115,197770
3.804475784301758,197551
3.8760199546813965,197381
3.9493417739868164,195734
3.9596519470214844,195040
4.016077995300293,194707
4.023513078689575,193566
4.027057886123657,193162
4.033196926116943,193029
4.034928798675537,192414
4.0822367668151855,192226
4.1063148975372314,191965
4.312879800796509,189777
4.3172767162323,188948
4.320793867111206,187510
4.520667791366577,186605
4.525024890899658,186240
4.526968002319336,186204
4.589181900024414,185649
4.5946478843688965,184661
4.803992033004761,184309
4.807643890380859,183285
4.901689767837524,182595
5.0345518589019775,182308
5.081604719161987,181934
5.083004713058472,180934
5.159834861755371,177091
5.262974977493286,176300
5.2643468379974365,174156
5.2658398151397705,173801
5.273650884628296,171172
5.304864883422852,169779
5.32267165184021,169772
5.38136887550354,169645
5.384467840194702,166667
5.412302732467651,165449
5.416507720947266,164778
5.418035984039307,164662
5.424145936965942,157062
5.43567681312561,156297
5.451856851577759,154914
5.466712951660156,154157
5.4681689739227295,152935
5.488833904266357,152471
5.493191719055176,150863
5.516877889633179,150515
5.5498809814453125,149688
5.5611677169799805,144759
5.6116039752960205,144521
5.616220712661743,143942
5.6832287311553955,141492
5.698056936264038,141478
5.710010766983032,140663
5.778141736984253,140550
5.779649019241333,139420
6.082910776138306,138669
6.432309865951538,138556
6.544417858123779,138134
6.667377710342407,137984
6.776189804077148,137056
6.777704954147339,135943
6.8175270557403564,135537
6.827800035476685,135353
6.832732915878296,135323
6.889163017272949,135172
6.91338586807251,134695
6.950142860412598,134427
7.0588059425354,134411
7.105544805526733,134340
7.109161853790283,133719
7.802335977554321,133576
7.939698934555054,133540
8.500862836837769,133497
8.591878890991211,133094
8.676076889038086,133067
8.936809778213501,132899
9.177023887634277,132358
9.479089736938477,130897
9.621866941452026,130844
9.626542806625366,130836
9.689666032791138,130677
9.697451829910278,130212
9.935191869735718,130040
10.113265752792358,129636
10.314403057098389,129409
10.317510843276978,127219
10.524118900299072,127184
11.071569919586182,126460
11.111958980560303,125185
11.143166780471802,125167
11.178278923034668,123453
11.750274896621704,123423
11.753099918365479,123301
12.685209035873413,122254
14.070734024047852,122249
14.084115982055664,119787
14.41062879562378,119353
14.992866039276123,119005
15.000529766082764,118658
15.007590770721436,118476
15.103246688842773,118093
15.167518854141235,116791
16.11223292350769,116476
17.703896045684814,115834
17.709645986557007,115340
17.897582054138184,115119
20.740344047546387,115023
21.550540924072266,114994
131.44759702682495,114546
253.30074381828308,114450
