0.007000446319580078,126127
0.007000446319580078,126014
0.007000446319580078,125994
0.00999903678894043,123888
3.68721342086792,123533
3.776219606399536,122839
3.7842190265655518,122534
3.78521990776062,122002
3.7962207794189453,121709
3.8002209663391113,120796
4.062236070632935,118639
4.219244956970215,118416
4.224245309829712,117808
4.270247936248779,117074
4.3042497634887695,116601
4.369254112243652,116156
4.7362751960754395,115825
4.7402753829956055,115790
4.749276399612427,115570
4.765277147293091,114653
4.766277074813843,114362
4.771277189254761,113727
4.774277687072754,113134
4.843281507492065,112438
4.849282264709473,112104
5.04131555557251,111306
5.042315483093262,111079
5.0433149337768555,110442
5.046315670013428,110051
5.0593132972717285,109674
5.060317754745483,108965
5.252325057983398,108599
5.252325057983398,108372
5.2553253173828125,108115
5.295331716537476,107962
5.3083319664001465,107658
5.3083319664001465,107581
5.3113319873809814,107127
5.324328660964966,106973
5.618327856063843,106929
5.6323277950286865,105645
6.861400365829468,105629
6.869419574737549,105461
6.913421869277954,104793
6.927423000335693,104625
7.0734148025512695,104519
7.0894341468811035,104347
7.120437860488892,104284
7.1224365234375,103999
7.145436525344849,103813
7.172439336776733,103768
7.19843864440918,103625
7.214439630508423,103617
7.219444036483765,103388
7.242422580718994,103278
7.26444411277771,102781
7.892482042312622,102616
8.059489011764526,102412
8.065489530563354,102350
10.188612461090088,102013
10.233616352081299,101975
10.243616580963135,101940
10.395625591278076,101815
10.467629671096802,101783
12.971757888793945,101698
33.973008155822754,101698
