0.007971763610839844,134145
2.163116931915283,132533
2.165100574493408,131299
2.175121307373047,131238
2.1761186122894287,130392
2.1821014881134033,129468
2.1841189861297607,129268
3.005147933959961,128963
3.009164571762085,128080
3.0151665210723877,128077
3.0211479663848877,127574
3.0211479663848877,125510
3.027167320251465,125058
3.027167320251465,124910
3.1211538314819336,123452
3.128174066543579,123231
3.131176710128784,122932
3.502175807952881,122395
3.50819730758667,122389
3.525177001953125,122097
3.5441784858703613,121987
3.5521786212921143,121963
3.566178798675537,121871
3.5691819190979004,121540
3.5781805515289307,120972
3.5791804790496826,120776
3.5801804065704346,119407
3.5801804065704346,119380
3.584181070327759,119056
3.7751922607421875,118114
3.7781920433044434,118027
3.7792232036590576,116744
3.7812235355377197,116543
3.988233804702759,116482
4.00720739364624,116301
4.012225151062012,116133
4.03022575378418,116116
4.119243144989014,115703
4.119243144989014,113761
4.376229763031006,113367
4.389246702194214,113178
4.393228054046631,112461
4.480252742767334,112096
4.481253147125244,112058
4.4872541427612305,111843
4.504237651824951,111595
4.507237195968628,111576
4.507237195968628,111550
4.507237195968628,110423
4.8022706508636475,110179
4.820271015167236,110054
4.8432722091674805,107314
5.165276288986206,107083
5.238296270370483,106703
5.241300106048584,106689
5.2462897300720215,106470
5.260297775268555,106358
5.391305685043335,106217
5.398302793502808,105928
5.399304389953613,105898
6.036343812942505,105271
6.0533447265625,104757
6.060346603393555,104436
6.063344955444336,104409
6.066328287124634,104206
6.087327241897583,103537
9.380545139312744,103522
9.382519245147705,103505
9.395519971847534,103324
9.429543495178223,102674
10.517606735229492,102459
10.560608386993408,102296
10.729617357254028,102277
10.769620418548584,102247
10.82660460472107,102060
10.835633277893066,102033
10.858624935150146,101841
11.131649732589722,101676
33.49893045425415,101676
