3.475705146789551,120053
3.475705146789551,118381
3.4767067432403564,117362
3.4787068367004395,116163
3.4817068576812744,115998
3.483705520629883,115377
3.493705987930298,115194
3.496708393096924,114874
3.794707775115967,114602
3.8897392749786377,113866
3.8917393684387207,113840
3.8917393684387207,113618
3.896711587905884,113373
3.9117321968078613,113171
3.9217312335968018,112872
3.9267330169677734,112742
3.950735330581665,112413
3.962735891342163,110956
3.964735746383667,108840
5.472824335098267,108705
5.519826650619507,108666
5.528826713562012,108179
5.53880763053894,107681
5.5548083782196045,107624
5.572810173034668,106700
5.79584264755249,106594
5.799842596054077,106327
5.814848184585571,105978
5.946833848953247,105898
6.186847925186157,105814
6.502884149551392,105501
6.504884719848633,104907
6.520885944366455,104711
7.287927865982056,103961
7.2969300746917725,103658
7.338912487030029,103422
7.648951053619385,103370
7.747956991195679,103181
7.758957147598267,102771
7.802968263626099,102517
8.760015726089478,102368
8.777016401290894,102276
8.803999185562134,102240
8.810016870498657,102193
9.41405200958252,101753
9.4320547580719,101383
9.4590585231781,101291
11.792982578277588,101284
11.880988121032715,101250
11.881988048553467,101042
12.120001792907715,101034
16.4647433757782,100973
16.779736757278442,100960
16.842740774154663,100952
17.01175022125244,100860
32.541871309280396,100860
