2.4818687438964844,128702
2.4818687438964844,126331
2.548125982284546,125430
2.548125982284546,125329
2.5531256198883057,125113
2.570000648498535,125064
2.570000648498535,124870
2.8628947734832764,124208
2.8628947734832764,123626
2.8628947734832764,122901
2.8785195350646973,122753
2.8941447734832764,121861
3.206149101257324,119970
3.384974241256714,119604
3.3909740447998047,118209
3.393974542617798,117835
3.393974542617798,117002
3.4080727100372314,116835
3.4080727100372314,116473
3.4236981868743896,115931
3.4549481868743896,114909
3.4705731868743896,113934
3.4705731868743896,112766
3.710094451904297,112503
3.7849245071411133,111973
3.7849245071411133,111866
5.094641447067261,111106
5.110063076019287,110012
5.113063097000122,109977
5.390074968338013,109968
5.399245023727417,109954
5.399245023727417,108501
5.399245023727417,107863
5.399245023727417,107569
5.414896011352539,107340
5.414896011352539,107096
5.477396488189697,106933
5.477396488189697,106562
5.493021249771118,106393
5.5867719650268555,106354
6.576504945755005,106319
6.888681650161743,105542
6.998057126998901,105484
7.030725955963135,105309
7.184028387069702,105204
7.199653387069702,104120
7.215278387069702,103621
7.27357029914856,103439
7.27357029914856,102702
7.27357029914856,102122
9.029622077941895,101686
9.060872077941895,101678
9.092122554779053,101529
9.138997077941895,101348
9.26458215713501,101200
9.617713212966919,101171
9.697901725769043,101144
9.976255655288696,101089
10.193625926971436,101041
10.90687608718872,100890
10.90687608718872,100863
33.13544416427612,100863
