3.0411784648895264,123377
3.0471787452697754,122591
3.0511789321899414,122211
3.0661799907684326,121926
3.115182638168335,120958
3.1581852436065674,120552
3.1611852645874023,120449
3.2361929416656494,119731
3.2541940212249756,119708
3.2611939907073975,119539
3.2661943435668945,119192
3.2671947479248047,118565
3.2681941986083984,118260
3.286194324493408,118069
3.4372293949127197,118053
3.535234212875366,117336
3.5602381229400635,117214
3.5692384243011475,116510
3.593238115310669,116099
3.600238800048828,115549
3.6012392044067383,115264
3.604240655899048,114060
3.616238832473755,113792
3.625239849090576,113150
3.729245901107788,112823
3.747246265411377,112576
3.7492470741271973,112330
3.7892496585845947,112287
3.83225417137146,112192
3.8962557315826416,111746
3.903256893157959,111571
3.950261116027832,111275
3.9972615242004395,111245
4.246278524398804,111020
4.248278379440308,110693
4.293281078338623,109597
4.314281940460205,109435
4.317280530929565,109399
4.354282855987549,109170
4.354282855987549,109127
4.378286361694336,108604
4.857311964035034,108464
4.890316009521484,107508
4.891315698623657,107126
5.317339181900024,107120
5.868372917175293,107054
5.874370813369751,106854
6.031382322311401,106836
6.047383069992065,106800
6.054384231567383,106774
6.11139440536499,106437
6.1933913230896,106263
6.196390628814697,105897
6.315399646759033,105611
6.612416744232178,105578
6.974437713623047,105519
8.929550170898438,105338
9.059557914733887,105019
9.949611902236938,104992
10.891664981842041,104813
11.797719240188599,104641
12.21274209022522,104628
12.278748273849487,104374
12.306748151779175,103420
12.38375186920166,102615
12.467759132385254,102523
12.48875880241394,102351
12.521762371063232,102271
12.749773502349854,102009
12.833778619766235,101828
12.930785894393921,101699
12.968788862228394,101602
13.090795278549194,101353
13.160797357559204,101273
13.263776779174805,101160
