2.338136911392212,133157
2.347136974334717,130330
2.4411423206329346,130200
2.4441399574279785,129793
2.4461426734924316,129718
2.4471428394317627,129694
2.450143337249756,129533
2.450143337249756,129503
2.4641432762145996,128684
2.465144395828247,128304
2.4681437015533447,128084
2.471144676208496,127025
2.4721436500549316,126869
2.479145050048828,126507
2.5751497745513916,125569
2.5791499614715576,125290
2.5911507606506348,125064
2.5911507606506348,124658
2.599151134490967,123782
2.8571667671203613,122707
2.8611671924591064,122194
3.052178144454956,122180
3.1071813106536865,121424
3.129182815551758,120626
3.146183729171753,119404
3.164184808731079,118943
3.165184259414673,116960
3.2241883277893066,116849
3.234189033508301,116371
3.235189199447632,115924
3.2401890754699707,114814
3.259190797805786,114058
3.286191940307617,113393
3.290192127227783,113243
3.379197359085083,113109
3.385197877883911,113053
3.504204034805298,112134
3.505204677581787,111518
3.6452133655548096,111508
3.6622154712677,111400
3.6662142276763916,111088
3.6742148399353027,110947
3.806222438812256,110598
3.8122222423553467,110049
3.8632261753082275,109689
3.931229591369629,109663
3.937229871749878,109302
3.939229726791382,109249
3.939229726791382,108937
3.954231023788452,108689
3.9902334213256836,108640
3.9922337532043457,107748
4.034235954284668,107332
4.101239442825317,107250
4.489263296127319,106157
4.5832672119140625,106047
4.591267824172974,105856
4.881312847137451,105309
4.884312152862549,104768
5.07332181930542,104621
5.667356491088867,104342
5.713359117507935,104199
6.243390321731567,103984
6.252390623092651,103757
6.275393962860107,103557
6.285401344299316,103442
12.649764776229858,103273
12.733769655227661,103165
12.80177617073059,102353
14.021846771240234,102145
