4.67728328704834,117494
4.679282903671265,117470
4.681287050247192,117428
4.686286211013794,117358
4.688268184661865,116017
4.707285165786743,115633
4.713284730911255,115185
4.740269184112549,114995
4.7472991943359375,114473
4.7482993602752686,114277
4.755286931991577,113374
4.780292749404907,113346
4.785288333892822,112957
4.789269685745239,112387
4.817291021347046,111996
4.8222737312316895,111280
5.019305467605591,110639
5.276298999786377,110448
5.294299840927124,110056
5.30031943321228,109646
5.523334503173828,109311
5.5293309688568115,108621
5.542320013046265,108481
5.545316457748413,108130
5.549333572387695,108081
5.571335554122925,108053
5.584335803985596,107512
5.589336395263672,107470
5.597337007522583,107403
5.658341407775879,106647
5.708343982696533,106480
6.442385911941528,105950
6.453402519226074,105396
6.4753899574279785,105266
6.5393946170806885,104709
8.227470874786377,104492
8.342478513717651,103938
8.34850001335144,103815
9.85858702659607,103695
9.866586685180664,103657
9.875588417053223,103630
9.892587661743164,103603
10.020595788955688,103466
10.159603595733643,103367
10.320613145828247,103322
10.39061689376831,103235
10.489622592926025,103122
10.550607681274414,103011
10.706644058227539,102876
12.164701700210571,102745
33.647976875305176,102745
