2.070204496383667,141380
2.070204496383667,140323
2.085829257965088,139004
2.101454496383667,137126
2.101454496383667,137035
2.148329496383667,135335
2.148329496383667,135109
2.148329496383667,134926
2.163954734802246,134283
2.288954734802246,134095
2.288954734802246,132809
2.288954734802246,130721
2.3514556884765625,129299
2.3670802116394043,129204
2.3670802116394043,129025
2.3670802116394043,128747
2.3670802116394043,128068
2.4139559268951416,127683
2.4764556884765625,126812
2.4764556884765625,125922
2.523329973220825,125899
2.5389561653137207,124827
2.5389561653137207,124523
2.5545814037323,124202
2.5545814037323,123163
2.7108314037323,122668
2.7108314037323,122059
2.7264564037323,121895
2.7264564037323,121788
2.7264564037323,121759
2.7577064037323,120903
2.7577064037323,120547
2.7577064037323,120263
2.7577064037323,119863
2.9932827949523926,119472
3.0089077949523926,119323
3.0089077949523926,117250
3.0401573181152344,117105
3.0401573181152344,116791
3.0401573181152344,116261
3.0557825565338135,116245
3.0557825565338135,115784
3.0870349407196045,115734
3.0870349407196045,114940
3.2757554054260254,114763
3.2913808822631836,114544
3.2913808822631836,114517
3.2913808822631836,114299
3.4163804054260254,114106
3.4476308822631836,114089
3.4476308822631836,113828
3.4476308822631836,113403
3.4788806438446045,113230
3.557006597518921,113128
3.619506359100342,112801
3.619506359100342,112035
3.635131597518921,112023
3.635131597518921,111351
3.7601318359375,111212
3.853882074356079,110554
3.853882074356079,110106
3.885132312774658,109950
3.885132312774658,109846
3.9007575511932373,109693
3.932007312774658,109556
3.9476325511932373,109408
4.683220148086548,109070
4.698845148086548,109032
4.7300941944122314,108571
4.761345148086548,108404
4.776969909667969,107854
4.823845386505127,107503
4.844601154327393,107241
4.878602981567383,106299
4.96482253074646,106112
4.96482253074646,105881
5.402324676513672,105639
6.112084865570068,105616
6.346461057662964,105560
6.40896201133728,105533
6.549586772918701,105369
6.721462249755859,104903
6.7995874881744385,104827
6.7995874881744385,104610
6.8152124881744385,104565
6.8308374881744385,104243
6.862087965011597,104214
6.924588203430176,103865
6.940210819244385,103773
7.5808398723602295,103658
7.705840587615967,103564
8.05116868019104,103260
8.098043441772461,102818
8.113667488098145,102626
24.510440587997437,102616
24.526065587997437,102608
