2.8901493549346924,122238
2.8981502056121826,122202
2.9031503200531006,120844
2.9071691036224365,120277
2.9081673622131348,120247
2.9191691875457764,119591
2.935171127319336,118990
2.9521737098693848,118511
2.9671735763549805,117207
2.9731740951538086,116534
2.981175422668457,116327
3.139191150665283,114634
3.1911957263946533,113607
3.1941938400268555,113527
3.200194835662842,113288
3.2191977500915527,113051
3.2701992988586426,113047
3.2842016220092773,112538
3.2902002334594727,112335
3.3102028369903564,111811
3.3441803455352783,111179
3.5112130641937256,111139
3.548214912414551,110886
3.560218095779419,110602
3.606220245361328,110264
3.6082186698913574,109787
3.6682238578796387,109457
3.6942241191864014,109443
3.7062265872955322,108691
3.9462385177612305,108574
3.9772326946258545,108021
3.9812324047088623,107782
4.408265113830566,107587
4.477268695831299,107541
4.659281015396118,107263
4.663280010223389,107236
4.9542975425720215,106905
4.966297388076782,106355
4.9942991733551025,106324
5.007301330566406,106093
5.015302658081055,106058
5.043302774429321,105630
5.094305515289307,105225
5.394325494766235,105017
5.409323453903198,104843
5.427325010299683,104740
5.4293248653411865,104710
5.480328321456909,104696
5.533330917358398,104339
5.551332235336304,104323
6.450384616851807,104305
6.625397205352783,104022
6.647396087646484,103605
6.682398796081543,103597
6.7404022216796875,103377
6.749402046203613,102658
6.753401756286621,102034
6.809405326843262,101912
11.020626544952393,101787
11.033627033233643,101752
11.038627862930298,101744
12.214696407318115,101662
12.306701898574829,101539
14.361846923828125,101477
