0.00473475456237793,575026
0.00792384147644043,573098
0.015666723251342773,572985
0.030569791793823242,569732
0.07440495491027832,567932
0.07659578323364258,567464
0.09677577018737793,565850
0.09932899475097656,564489
0.13698983192443848,564019
0.1392669677734375,563089
0.14625096321105957,563041
0.14897608757019043,561182
0.16015887260437012,559801
0.1676640510559082,558474
0.17260479927062988,546046
0.1803569793701172,545442
0.18262386322021484,545084
0.18483495712280273,532559
0.19583988189697266,531309
0.19814801216125488,529038
0.20465493202209473,526173
0.20692992210388184,522032
0.21184396743774414,516983
0.23703479766845703,514407
0.2517077922821045,513097
0.2562408447265625,503475
0.3335757255554199,502656
0.36956000328063965,502474
0.3735218048095703,502466
0.49018096923828125,502053
0.4933969974517822,498509
0.4962778091430664,496467
0.5050139427185059,494916
0.5177757740020752,490477
0.5327987670898438,488594
0.5463368892669678,485929
0.5760927200317383,485051
0.5866689682006836,479300
0.8776450157165527,478483
0.8821990489959717,477813
0.8902640342712402,473019
1.6059660911560059,471864
1.6181128025054932,463621
1.6298089027404785,461658
1.6343958377838135,459753
1.6388189792633057,458396
1.6424639225006104,456112
1.6467440128326416,454638
1.6607658863067627,451806
1.6791868209838867,447714
1.6896848678588867,432242
1.7022278308868408,430712
1.7066338062286377,426045
1.732832908630371,425390
1.76590895652771,425249
1.81858491897583,424333
1.8702960014343262,422841
1.8728129863739014,421588
1.8751399517059326,420498
2.131868839263916,417986
2.2098400592803955,417874
2.2182159423828125,405560
2.2225279808044434,400512
2.2253921031951904,398020
2.227597951889038,394630
2.231282949447632,387168
2.2347378730773926,383011
2.23701810836792,378489
2.2517707347869873,376797
2.255422830581665,373708
2.314957857131958,372093
2.3299858570098877,368742
2.334591865539551,365049
2.41878604888916,363367
2.4977409839630127,363321
2.5334649085998535,362944
2.5414788722991943,361384
2.5910909175872803,360313
2.798111915588379,360006
2.859186887741089,348273
2.903024673461914,347294
2.9369657039642334,347241
3.0272939205169678,345860
3.040890693664551,345307
3.07712984085083,339644
3.1669769287109375,331979
3.181464910507202,328056
3.1872198581695557,326629
3.1939609050750732,316476
3.2306668758392334,315527
3.233982801437378,314372
3.2444536685943604,313501
3.2474710941314697,312609
3.2500998973846436,312038
3.254650115966797,308349
3.4049839973449707,307438
3.8678619861602783,307409
3.956545829772949,304584
3.9711499214172363,303958
3.973496913909912,299159
4.194413900375366,298885
4.201961994171143,297487
5.497407913208008,297100
5.5092809200286865,293575
5.537383794784546,290522
5.773066997528076,280435
5.933650732040405,280259
5.963361024856567,279365
5.975850820541382,277430
5.986027956008911,275090
5.988208770751953,272618
6.002088785171509,271480
6.004997730255127,270991
6.0117506980896,268845
6.028080701828003,267589
6.030598878860474,266623
6.035075902938843,266330
6.038331747055054,265446
6.075938940048218,264945
6.153515815734863,252828
6.193274736404419,252553
6.204972982406616,252163
6.207229852676392,248110
6.238458871841431,247659
6.2415337562561035,247012
6.772547006607056,246519
6.779536724090576,242804
6.787092924118042,242301
6.789287805557251,242137
6.793598890304565,240422
6.799997806549072,239258
6.9501259326934814,238961
7.135316848754883,238246
7.302312850952148,238213
7.711911916732788,238177
7.714767694473267,236922
8.083367824554443,234074
8.094347953796387,234057
8.097056865692139,231661
8.461945056915283,231139
9.086200952529907,230673
9.259386777877808,228931
10.5348961353302,226397
10.58653473854065,223821
10.68229866027832,221800
10.694536924362183,220456
10.824432849884033,214669
10.945151805877686,213463
11.005615949630737,211003
11.028517007827759,205331
11.031794786453247,200463
11.035766839981079,198472
11.038303852081299,192857
11.063581943511963,192004
11.067579746246338,188572
11.509679079055786,188242
11.57870101928711,187269
11.590682029724121,186411
11.680768013000488,185881
11.684578895568848,181565
11.857910871505737,181555
11.88424277305603,181052
11.899189949035645,180225
11.904398918151855,175742
11.917340755462646,172905
11.922692060470581,172078
12.067394971847534,171594
12.07012391090393,168420
12.134662866592407,166094
12.181818008422852,165863
12.213191747665405,165236
12.217024803161621,162530
12.258203744888306,161927
12.270985841751099,159064
12.296136856079102,157584
12.312942028045654,155742
12.319799900054932,155316
12.324054956436157,152051
12.33429503440857,151994
12.45441198348999,151769
12.606728792190552,151542
12.6283118724823,150280
12.690136909484863,149726
12.723826885223389,149462
15.070021867752075,147631
15.381457805633545,147410
15.620246887207031,147243
15.855941772460938,146858
16.798576831817627,145907
20.302987813949585,145732
21.665398836135864,145243
22.00985288619995,145113
22.187816858291626,145019
22.350518941879272,144143
23.380170822143555,143881
23.512671947479248,143354
23.620584964752197,142628
23.72775387763977,142291
23.735856771469116,141617
23.95614790916443,141413
24.351502895355225,140991
24.41195583343506,139484
24.686893939971924,138777
25.027413845062256,138635
25.044790983200073,136669
25.05745792388916,135567
25.12506890296936,134924
25.58208203315735,134024
25.636077880859375,133160
25.758042812347412,133125
25.76925301551819,132518
26.282503843307495,132384
26.642277002334595,132357
29.134848833084106,131874
36.01069474220276,131699
37.31842589378357,131457
37.34594488143921,130656
89.05777978897095,129347
89.61778283119202,129101
89.63864398002625,127627
89.74646091461182,127497
91.0740180015564,126345
91.15913891792297,125333
91.20342707633972,124706
91.38271570205688,123468
91.69777083396912,122645
91.90694499015808,121580
91.98248791694641,121026
92.5175108909607,120989
103.41117787361145,120893
103.8939299583435,120707
105.05919671058655,119877
105.6686749458313,118656
107.05589699745178,118519
107.38125777244568,118473
107.38680791854858,117829
107.52841186523438,117791
111.57781600952148,117435
113.8358850479126,117300
113.84116077423096,116644
114.09517574310303,116232
114.96478390693665,115902
119.46106886863708,115894
120.85852789878845,115856
121.09279775619507,115327
124.24312806129456,114898
124.47523975372314,114862
126.60825490951538,114827
137.48078298568726,114797
154.04913878440857,114783
