2.3601303100585938,141687
2.3601303100585938,140702
2.3601303100585938,138633
2.3601303100585938,137485
2.375755786895752,137435
2.375755786895752,136198
2.3913803100585938,136074
2.3913803100585938,135655
2.516381025314331,134843
2.532005786895752,134596
2.532005786895752,134413
2.532005786895752,132921
2.532005786895752,131677
2.532005786895752,131614
2.563255786895752,130476
2.563255786895752,130359
2.578880786895752,129290
2.578880786895752,126241
2.578880786895752,125480
2.578880786895752,125412
2.594506025314331,125272
2.594506025314331,124840
2.594506025314331,124376
2.610131025314331,123482
2.610131025314331,123091
2.64138126373291,121549
2.65700626373291,120954
2.65700626373291,120603
2.65700626373291,120540
2.750755786895752,120046
2.7820065021514893,118885
2.8132567405700684,118629
2.8288817405700684,118079
2.8913819789886475,117816
3.0163824558258057,114796
3.125758171081543,114471
3.141383409500122,114285
3.298837661743164,114180
3.298837661743164,113582
3.345712184906006,113081
3.361337184906006,113034
3.361337184906006,111634
3.361337184906006,109980
3.408212661743164,109213
3.548837661743164,108925
3.564462423324585,108460
3.580087900161743,107677
4.563369035720825,107576
4.57899022102356,107115
4.6102399826049805,107096
4.802196025848389,106796
5.020976305007935,106381
5.0522260665893555,106190
5.114726781845093,105912
5.255351781845093,105283
5.286601781845093,104963
5.8178534507751465,104888
5.864729166030884,104852
7.38278603553772,104725
7.664036512374878,104524
8.446553230285645,104351
8.493427753448486,104341
8.493427753448486,104314
8.555928230285645,104258
8.665302991867065,104033
8.980207443237305,103796
10.264349222183228,103785
10.279973983764648,103642
11.264352083206177,103550
11.342477321624756,103471
11.404948711395264,103296
11.451853036880493,102852
11.467478036880493,102817
11.717479944229126,102746
11.748729467391968,102727
11.764352083206177,102396
11.811229467391968,102273
11.82685399055481,102130
11.968707084655762,101969
12.046832084655762,101950
12.156208276748657,101912
12.219949960708618,101904
