2.2389795780181885,135795
2.2449793815612793,135487
2.2459816932678223,135106
2.2519822120666504,134767
2.2589807510375977,133696
2.2589807510375977,133171
2.2629711627960205,133033
2.2979648113250732,132759
2.3159825801849365,132142
2.323967218399048,131503
2.3269667625427246,131122
2.770908832550049,131022
2.780912399291992,130895
2.782911777496338,129756
2.784911632537842,129381
2.793911933898926,128844
2.801912546157837,128369
2.8109116554260254,128307
2.8829169273376465,127189
3.211919069290161,126781
3.215919256210327,126074
3.2209198474884033,125853
3.347569227218628,125529
3.347569227218628,125479
3.349569797515869,124184
3.3545689582824707,123732
3.418729305267334,121544
3.418729305267334,120865
3.434354782104492,120539
3.434354782104492,119354
3.434354782104492,118951
3.4499804973602295,118619
4.476993560791016,116647
4.501996040344238,115376
4.501996040344238,115026
4.505975961685181,114385
4.552999019622803,114287
4.553998708724976,114058
4.559978723526001,114046
4.56797981262207,113497
4.577979326248169,113467
4.5889997482299805,113326
4.6340110301971436,113177
4.636010646820068,112514
4.641152858734131,111988
4.7408447265625,111479
4.744826078414917,111213
4.74582576751709,111047
4.748844623565674,110975
4.751826047897339,110452
4.756845474243164,110018
4.767826080322266,109632
4.786846876144409,109266
4.803848028182983,109197
4.82783055305481,108626
4.828850030899048,108434
4.842833518981934,108346
4.871851682662964,107444
5.21985936164856,107064
5.36886191368103,106557
5.406863689422607,106405
5.4118640422821045,105875
5.4118640422821045,105839
5.516870498657227,105802
5.518870115280151,105499
5.519869804382324,105242
6.519166469573975,105074
6.581688165664673,104868
6.605663061141968,104672
7.022705078125,103918
7.42401123046875,103549
7.42401123046875,103051
8.264090061187744,102768
9.325937509536743,102667
9.431941747665405,102629
9.49533200263977,102300
9.72108507156372,102109
11.416332483291626,102091
11.460974216461182,102013
11.636981964111328,101978
16.66201615333557,101952
17.92543911933899,101760
33.6308434009552,101760
