2.758449077606201,122775
2.774074077606201,122350
2.8678250312805176,122300
2.8834497928619385,121746
2.9001832008361816,120024
2.915827751159668,118728
2.915827751159668,118650
2.947077512741089,117019
2.947077512741089,116623
3.0095772743225098,116401
3.4627041816711426,116006
3.4627041816711426,115535
3.4627041816711426,115531
3.4627041816711426,114961
3.4939544200897217,114011
3.5095772743225098,113471
3.557574987411499,112593
3.570575714111328,112396
3.5745749473571777,112369
3.5835764408111572,112150
3.60066819190979,112133
3.6163206100463867,110765
3.6163206100463867,110588
3.6163206100463867,110494
3.678820848464966,109791
3.678820848464966,109776
3.710070848464966,109599
3.7256956100463867,109481
3.7256956100463867,109436
3.7413222789764404,108733
3.772571325302124,108198
4.5691375732421875,107936
4.803513288497925,107625
5.881641864776611,107520
6.209778547286987,107459
6.241018056869507,107351
6.475394010543823,106944
6.475394010543823,106936
6.553519010543823,106646
6.600393772125244,106175
6.616019248962402,106148
6.7892022132873535,106075
6.8048272132873535,105582
6.884166479110718,105208
6.915417194366455,104737
6.931041955947876,104251
6.946667194366455,103957
7.259168386459351,103795
9.997713804244995,103786
10.044588327407837,103618
10.263339519500732,103556
10.294589519500732,103520
10.450839519500732,103282
10.466465711593628,103219
10.466465711593628,103139
10.607089757919312,103090
10.638312101364136,103010
10.841465950012207,102965
11.216467142105103,102773
