2.608149528503418,127231
2.6201508045196533,127224
2.631152868270874,127094
2.6331539154052734,125292
2.6431519985198975,123584
2.6471526622772217,122914
2.671154499053955,122557
2.679154634475708,122307
2.6811535358428955,122292
2.818162441253662,121629
2.822162628173828,121580
2.8291635513305664,120808
2.830162763595581,120083
2.836163282394409,119380
2.8561644554138184,118065
2.8821661472320557,117601
2.8971688747406006,117519
2.9001669883728027,117356
2.919168710708618,116473
2.9401705265045166,116208
2.9551706314086914,115931
2.9921717643737793,115921
3.0321743488311768,114900
3.05417537689209,114586
3.497202157974243,113736
3.500201940536499,113433
3.7742178440093994,112891
3.8482227325439453,112619
4.351255655288696,112005
4.367252588272095,111965
4.597265958786011,111564
4.607266902923584,111546
4.608267307281494,110779
4.698271989822388,110601
4.754275798797607,110361
4.76827597618103,109781
4.851255416870117,109432
4.958287000656128,109195
5.033291339874268,109161
5.148298501968384,108703
5.2323033809661865,108258
5.251307010650635,108200
5.293308973312378,108113
5.299307584762573,107909
5.439317226409912,107784
5.466318130493164,107431
5.488320827484131,107395
5.82934045791626,107374
5.92134690284729,106766
5.939344882965088,106601
6.055351495742798,106514
6.084353685379028,106349
6.09935450553894,106170
6.130360126495361,105916
6.145358562469482,105712
6.199360132217407,105680
6.37237024307251,105611
6.433374404907227,105107
6.607383489608765,105025
6.872399568557739,104745
6.911401271820068,104616
8.539498090744019,104421
8.540497541427612,104246
8.639503240585327,104038
8.684505224227905,103948
10.107588291168213,103915
10.663609504699707,103730
10.704623222351074,103694
21.407248973846436,103652
21.439253330230713,103625
21.639262676239014,103574
22.044286489486694,103510
22.07628846168518,103397
22.090288639068604,103361
22.123284578323364,103334
22.285303115844727,103298
22.291301012039185,103271
22.52731680870056,103058
22.88833785057068,103028
23.053348541259766,102915
