3.4314160346984863,119390
3.4314160346984863,118965
3.4314160346984863,117861
3.4314160346984863,117632
3.5133633613586426,117453
3.525383472442627,116698
3.5273635387420654,116665
3.650527000427246,116631
3.650527000427246,115793
3.650527000427246,115782
3.681509494781494,115486
3.6985299587249756,114994
3.7005300521850586,114719
3.7285327911376953,114582
3.735532522201538,112863
3.738513469696045,112263
3.7425310611724854,112228
3.803534746170044,110789
3.804534912109375,110609
3.8245463371276855,110310
3.8545615673065186,109758
3.8595528602600098,109537
5.081588268280029,109103
5.162528038024902,108852
5.172556400299072,108540
5.448049783706665,108509
5.515072822570801,108132
5.516072511672974,107691
5.523073434829712,107336
5.964107513427734,107274
6.0290868282318115,107202
6.264618158340454,107043
6.374495983123779,106161
6.375472068786621,106126
6.392487049102783,105531
6.409040927886963,104687
6.530365228652954,104631
6.530365228652954,104538
6.561640977859497,104288
6.577266454696655,103896
7.524581432342529,103870
7.611587285995483,103822
7.624587535858154,103528
7.660589933395386,102984
7.665590763092041,102891
8.674566745758057,102474
8.677568197250366,102445
8.686569690704346,102080
8.755459785461426,101968
8.864834785461426,101781
8.939006090164185,101754
8.941208362579346,101716
9.296247243881226,101554
9.311872482299805,101411
11.684351921081543,101342
12.023432493209839,101256
12.822011947631836,101229
14.196390151977539,101144
33.721529722213745,101144
