0.007000923156738281,122501
0.007000923156738281,122213
0.009001731872558594,122141
3.5977797508239746,122127
3.5977797508239746,121643
3.6159257888793945,121508
3.6189422607421875,121279
3.6439239978790283,120873
3.646181106567383,120392
3.6774303913116455,120132
3.6774303913116455,119669
3.6774303913116455,119281
3.70868182182312,119040
3.70868182182312,118181
3.7243075370788574,117135
3.7243075370788574,116989
3.7243075370788574,115961
3.7243075370788574,115873
3.7243075370788574,115743
3.7555549144744873,115482
3.771199941635132,115390
3.771199941635132,115139
3.771199941635132,115121
3.786823034286499,115074
3.786823034286499,114894
4.633214235305786,114814
4.769725322723389,114616
4.769725322723389,114536
4.800974369049072,114108
4.800974369049072,113789
4.800974369049072,113747
4.894745349884033,112713
5.00527548789978,112132
5.371985912322998,111835
5.403236627578735,111791
5.60633659362793,111410
5.60633659362793,111371
5.60633659362793,110614
5.60633659362793,110521
5.60633659362793,109877
5.627288103103638,109782
5.628288269042969,109700
5.628288269042969,109535
5.638288259506226,109152
5.6555335521698,108553
6.730729341506958,108324
6.741730451583862,108157
7.020764112472534,108147
7.447778224945068,108002
7.6635801792144775,107700
7.694855213165283,107393
7.694855213165283,107375
7.826771974563599,107315
7.889271259307861,107230
7.941519498825073,107100
7.961538314819336,106401
7.982966661453247,106137
8.045475959777832,106092
8.665977954864502,106002
9.343909740447998,105856
10.460968255996704,105606
10.523467540740967,105490
11.370652914047241,105348
12.188850402832031,105316
34.23956847190857,105316
