0.3415389060974121,600924
0.3415389060974121,601059
0.3415389060974121,599218
0.3415389060974121,599023
0.3415389060974121,599639
0.3571643829345703,596281
0.3571643829345703,593517
0.3571643829345703,592195
0.3884158134460449,591444
0.404038667678833,589324
0.49620962142944336,588899
0.4972093105316162,589043
0.5132102966308594,589025
0.6322188377380371,588086
0.6362192630767822,588068
0.854259729385376,587707
0.9202537536621094,587634
0.9872574806213379,585526
1.2082700729370117,584775
1.2482731342315674,582728
16.656123876571655,582176
18.444973468780518,581943
18.44797396659851,578782
18.458974361419678,576513
18.45997452735901,574696
18.536295890808105,573945
18.551913499832153,571825
18.699949026107788,571544
18.73119854927063,571526
18.945621728897095,570587
18.953641891479492,570569
19.35744619369507,570208
19.470556259155273,570135
19.617954969406128,568027
19.972084999084473,567276
20.038949728012085,565229
31.131772994995117,563964
105.20303440093994,563413
204.76638984680176,561306
206.6637840270996,560041
218.49375009536743,559378
236.82079005241394,559317
275.34394693374634,558338
288.2338924407959,557111
290.389089345932,556922
291.2374060153961,556726
325.1756179332733,555846
339.5135130882263,555657
344.4348044395447,555461
593.9641654491425,553599
596.1848258972168,553410
597.0705137252808,553214
