0.0043468475341796875,575259
0.028078794479370117,563431
0.03256082534790039,561613
0.03719973564147949,552454
0.04875493049621582,552427
0.056401729583740234,544663
0.059819936752319336,540313
0.07187581062316895,537250
0.08115673065185547,531486
0.09345364570617676,529049
0.10458183288574219,520482
0.10923981666564941,518096
0.11306381225585938,512374
0.11868166923522949,510320
0.12301063537597656,509570
0.14934182167053223,509451
0.15670084953308105,508699
0.15995478630065918,506744
0.16739463806152344,495519
0.17084288597106934,485577
0.1728980541229248,476960
0.17790889739990234,471716
0.18791770935058594,464439
0.19113588333129883,456365
0.19791889190673828,454927
0.19955778121948242,451709
0.20124387741088867,451120
0.20413780212402344,449958
0.2064208984375,436301
0.20828676223754883,432772
0.23355698585510254,412449
0.23695683479309082,412261
0.2485508918762207,398795
0.25903892517089844,394555
0.26689982414245605,391380
0.2715456485748291,390021
0.28986477851867676,388823
0.29353976249694824,386002
0.2957487106323242,380333
0.3023998737335205,378722
0.3065767288208008,378015
0.3106868267059326,376199
0.3189089298248291,374827
0.3345179557800293,374342
0.33616089820861816,372344
0.3463287353515625,371759
0.373720645904541,368619
0.3842427730560303,368326
0.3980526924133301,368312
0.4202249050140381,363013
0.4291419982910156,362000
0.4323539733886719,356528
0.47097277641296387,356282
0.4799349308013916,351852
0.49289965629577637,350507
0.7243609428405762,350025
0.7313508987426758,348564
0.7787168025970459,348175
0.7811257839202881,343023
0.8062427043914795,342993
0.8393049240112305,341378
0.8422667980194092,341068
0.9019508361816406,340482
1.2370460033416748,339669
1.2406537532806396,338454
1.244264841079712,338078
1.2530276775360107,336573
1.28190279006958,336018
1.303971767425537,332952
1.3188889026641846,331517
1.355165958404541,331215
1.4036076068878174,327923
1.515439748764038,327215
1.5462188720703125,325325
1.5505897998809814,320390
1.563661813735962,316161
1.5735187530517578,315154
1.6161987781524658,314567
1.623058795928955,313432
1.6268737316131592,313088
1.638138771057129,312428
1.653918981552124,308554
1.6595430374145508,305550
1.6906259059906006,303403
1.8291528224945068,298703
2.041951894760132,297929
2.36523175239563,297773
2.5308616161346436,285218
2.6277198791503906,284962
2.731865644454956,284543
2.7409398555755615,283227
2.762563705444336,282236
2.766192674636841,280288
2.789254903793335,280281
2.7918126583099365,275276
2.8358967304229736,274861
2.8409829139709473,274121
2.845608949661255,272426
3.0030620098114014,272104
3.11310076713562,271587
3.181891679763794,270086
3.1999988555908203,269948
3.2159788608551025,268035
3.285571813583374,266770
3.376788854598999,252520
3.755971670150757,250896
3.75938081741333,250736
3.7626376152038574,247039
3.7658936977386475,246840
3.770073652267456,246672
4.474930763244629,246042
4.47832179069519,245466
4.485289812088013,243802
4.549996852874756,242414
4.553213834762573,238169
4.570006847381592,237908
4.572675704956055,233449
4.5766167640686035,233244
4.578868865966797,231744
5.285327672958374,231320
5.461302995681763,229757
5.717926740646362,229582
5.914578914642334,229543
5.91843581199646,225951
6.363631725311279,225924
6.367563009262085,224245
6.8718037605285645,224110
7.126405715942383,222914
7.133495807647705,222380
7.796663761138916,222176
8.311577796936035,221834
8.322723627090454,218863
9.155412912368774,218426
9.309122800827026,217987
9.317115783691406,217274
9.319885730743408,216856
9.506976842880249,215583
9.710252046585083,215109
9.849129915237427,213874
10.00484561920166,213267
10.107720851898193,212459
10.123299837112427,209425
10.132491827011108,206559
10.164477825164795,206092
10.169062852859497,205098
10.180315732955933,199217
10.191331624984741,198243
10.199411869049072,196751
10.220187902450562,195052
10.282163858413696,194115
10.349602699279785,192895
10.422724723815918,187715
10.450181722640991,186483
10.567306995391846,186017
10.747902870178223,185935
10.756293773651123,184115
10.769536972045898,181410
11.019432783126831,181189
11.139940738677979,180152
12.135514736175537,176908
12.179558753967285,176464
12.254616737365723,172847
12.333986043930054,170818
12.378920793533325,170641
12.39228081703186,168991
12.410229921340942,168887
12.413819789886475,168100
12.450975894927979,168042
12.477579832077026,166872
12.480984687805176,166798
12.56461787223816,164192
12.569763660430908,163801
12.57259488105774,161251
12.633076906204224,160487
13.005176782608032,159945
13.115400791168213,153976
13.194888830184937,153534
13.202579975128174,152151
13.325941801071167,151242
13.365551710128784,149272
13.462094783782959,148410
13.916903734207153,147292
14.237234830856323,145371
14.265435695648193,145248
14.34018087387085,144784
14.39250373840332,142226
14.927347898483276,141866
15.560886859893799,141762
16.642923831939697,140919
16.680810928344727,140719
16.69048285484314,140372
17.01766586303711,139747
17.521336793899536,139539
17.619022846221924,137221
17.807255744934082,136752
18.43196678161621,136735
20.4806547164917,136705
20.944289922714233,136583
20.94907784461975,135941
22.64405083656311,135933
23.116561889648438,134713
23.251433849334717,133890
23.987027883529663,132805
24.839513778686523,131210
25.229381799697876,131135
25.231433868408203,130660
25.44416093826294,130474
25.44941782951355,130046
25.561487674713135,129940
26.886886835098267,129698
27.210598707199097,128332
27.2171688079834,128314
27.916390895843506,127532
30.67992877960205,127525
30.78605079650879,127026
31.918267726898193,126345
32.19377684593201,125641
33.76521682739258,125594
33.77340078353882,125584
35.93206286430359,124241
36.453500747680664,124020
39.40945887565613,123496
40.18378186225891,123154
40.96456480026245,122769
47.68882203102112,122584
47.843944787979126,120465
47.95106887817383,120073
62.105443716049194,119906
62.702555894851685,119623
202.25135159492493,119274
204.904376745224,119041
209.07420897483826,118476
210.2970449924469,118345
211.64969873428345,117892
221.39292573928833,117707
