0.0,127521
1.6441137790679932,127205
2.64003324508667,126949
2.6520369052886963,126237
2.6550512313842773,126171
2.702260732650757,126048
2.7179055213928223,125797
2.8074586391448975,125360
2.8231096267700195,125173
2.8231096267700195,124308
2.8231096267700195,124077
2.8387348651885986,122990
2.9805946350097656,122169
4.0970189571380615,120957
4.1518871784210205,120622
4.1618874073028564,119930
4.1628875732421875,119706
4.265150308609009,118952
4.303152322769165,118667
4.306152820587158,116939
4.3281543254852295,116230
4.329669237136841,115604
4.345322370529175,115568
4.345322370529175,115231
4.3609466552734375,114349
4.376571893692017,113837
4.376571893692017,113012
4.392196893692017,112785
4.407820224761963,112244
4.423445224761963,112095
4.439070463180542,111991
4.533931732177734,111597
4.789839506149292,111532
4.795820713043213,111150
4.8457043170928955,110946
4.917854309082031,110859
4.944857597351074,110298
4.944857597351074,109079
5.028863430023193,108899
6.221994161605835,108872
6.2229931354522705,108389
6.284998893737793,107999
6.483009099960327,107781
6.489010572433472,107719
6.529994249343872,106858
6.537994384765625,105947
6.755810976028442,105551
6.787058353424072,104815
6.802683591842651,104779
6.837488412857056,104409
7.2110512256622314,104338
7.3048624992370605,104302
7.340687274932861,104236
7.502084255218506,104135
7.502084255218506,104117
7.502084255218506,104079
7.7443437576293945,104075
7.7463438510894775,103900
8.0926513671875,103630
8.124653577804565,103311
8.129650831222534,103119
8.23065972328186,102984
8.25766134262085,102861
8.721686363220215,102677
8.73168659210205,102456
8.81062364578247,102421
9.716597080230713,102313
9.742598533630371,102295
9.859864711761475,102287
10.180882692337036,102237
10.299917697906494,102220
10.971564054489136,102046
11.358319997787476,102015
11.373945236206055,101970
11.373945236206055,101935
11.727095365524292,101839
11.756097316741943,101831
11.944108009338379,101633
12.35799527168274,101514
12.603009700775146,101494
12.664013147354126,101462
12.865044116973877,101382
13.625089883804321,101374
13.89408564567566,101342
32.836079359054565,101342
