3.2522196769714355,120001
3.327223539352417,119813
3.3302221298217773,119777
3.333224058151245,118511
3.3362233638763428,117976
3.343224048614502,116740
3.3602256774902344,116361
3.3612263202667236,116283
3.54323673248291,115771
3.544236421585083,115606
3.5562376976013184,114661
3.5712361335754395,113901
3.7262449264526367,113790
3.7472469806671143,113563
3.754246950149536,113053
3.754246950149536,112423
3.758249044418335,112192
3.7872488498687744,112003
3.8052492141723633,111976
3.8202528953552246,111368
3.864255428314209,109974
3.870253801345825,109496
3.9182581901550293,108350
3.9432599544525146,107149
3.949258327484131,106757
4.823309421539307,106103
4.9253151416778564,105849
5.028323173522949,105296
5.277336359024048,104859
5.554351806640625,104344
5.563352584838867,104267
5.763366222381592,104228
5.87936544418335,103937
5.929376125335693,103465
5.940377473831177,103380
5.96137809753418,103372
5.998380661010742,103199
6.029382228851318,102957
6.089383125305176,102894
6.220393180847168,102310
7.3844592571258545,101810
7.660475254058838,101635
7.670478105545044,101529
