2.7611536979675293,120193
2.7631537914276123,120031
2.7641537189483643,119850
2.878160238265991,118403
2.893160820007324,118273
2.893160820007324,117762
2.8941614627838135,115810
2.8961613178253174,115693
2.9291634559631348,114867
2.940164089202881,114108
2.9451637268066406,112550
2.948164463043213,111976
2.9581656455993652,111771
2.9631752967834473,111568
2.967175006866455,108637
2.9871764183044434,107863
3.6582140922546387,107445
3.695215940475464,107348
3.697216033935547,106870
3.720217227935791,106529
4.726269960403442,106141
5.2403082847595215,105912
5.285310506820679,105829
5.290311336517334,105788
5.313310623168945,105203
5.340312480926514,105117
5.367313623428345,104978
5.368313550949097,104648
5.399315595626831,104612
5.4143171310424805,104177
5.420319080352783,103896
5.430317640304565,103396
7.1524176597595215,103151
7.188422441482544,102461
7.198420286178589,102432
7.2054221630096436,102352
7.256425857543945,102299
7.351430416107178,102107
7.978466510772705,101789
8.031469583511353,101593
8.580501556396484,101567
8.75551176071167,101563
8.95252513885498,101488
10.349606990814209,101415
10.395599603652954,101323
10.417609214782715,101243
13.977817296981812,101233
16.992993354797363,101197
