3.4021999835968018,118932
3.421199321746826,117311
3.440201997756958,117132
3.4512009620666504,115651
3.507206678390503,115476
3.550198554992676,115073
3.563199520111084,114499
3.570199966430664,114052
3.575202465057373,113741
3.6072120666503906,112624
3.626213550567627,112074
3.6852145195007324,111812
3.6882152557373047,111653
3.6952171325683594,111562
3.6972155570983887,111501
3.7192180156707764,111467
3.7232167720794678,111375
3.725219488143921,110924
3.726217269897461,110151
3.734217643737793,109168
3.749220132827759,109004
4.083238124847412,108455
4.0842413902282715,108423
4.10823917388916,108183
4.123241662979126,107912
4.138242959976196,107170
4.1462414264678955,106589
4.151241779327393,106485
4.166244745254517,105761
4.244249582290649,105329
4.263249635696411,105100
4.275249481201172,104788
4.496262073516846,104667
4.513263702392578,103713
4.563266277313232,103215
4.614269018173218,102939
5.154300689697266,102848
5.253308296203613,102526
5.274307489395142,102479
5.794338226318359,102347
5.884344577789307,102243
5.905344724655151,102033
6.032354354858398,101906
6.0513529777526855,101892
23.783390283584595,101509
