1.468085765838623,2136459
1.470085859298706,2128066
1.5170886516571045,2113776
1.5190887451171875,2109606
1.5210888385772705,2108907
1.5210888385772705,2105693
1.5220887660980225,2103404
1.5290894508361816,2094812
1.6250951290130615,2092258
1.6280949115753174,2086809
1.6290953159332275,2039909
1.632096529006958,2036353
1.6330955028533936,2034597
1.6360957622528076,2031813
1.6430959701538086,2003443
1.6430959701538086,2002839
1.650097370147705,2000125
1.6510965824127197,1987198
1.6530969142913818,1983410
1.6570966243743896,1953194
1.6570966243743896,1938286
1.6600966453552246,1934078
1.6630966663360596,1921173
1.6700971126556396,1915586
1.6770987510681152,1913676
1.6870980262756348,1900868
1.6870980262756348,1900444
1.6870980262756348,1883205
1.7221016883850098,1876771
1.7361011505126953,1855296
1.7871038913726807,1851692
1.7871038913726807,1851356
2.00711727142334,1850728
2.021118402481079,1846902
2.021118402481079,1846557
2.1101233959198,1841151
2.1101233959198,1833780
2.123124122619629,1823673
2.147124767303467,1813709
2.148125648498535,1810169
2.149125814437866,1805601
2.1551260948181152,1800227
2.1551260948181152,1788249
2.156126022338867,1778769
2.15812611579895,1778709
2.1771273612976074,1778096
2.1831276416778564,1766032
2.244131326675415,1752476
2.245131492614746,1750941
2.3031346797943115,1738745
2.3061349391937256,1725775
2.3401381969451904,1725454
2.342136859893799,1719290
2.342136859893799,1712472
2.3491384983062744,1709273
2.3491384983062744,1708410
2.6071524620056152,1705782
2.615152597427368,1704783
2.6211533546447754,1700832
2.8711678981781006,1699331
2.8961691856384277,1692045
2.908170223236084,1688331
2.91117000579834,1686962
2.948171854019165,1681437
2.9611730575561523,1669618
2.9621729850769043,1666313
3.2961926460266113,1662169
3.2961926460266113,1659973
3.319195032119751,1654614
3.3311948776245117,1651440
3.3311948776245117,1651244
3.3321948051452637,1645722
3.3421952724456787,1637626
3.3541958332061768,1637537
3.4822211265563965,1634325
3.491222620010376,1632785
3.499222993850708,1632768
3.5142228603363037,1632281
4.156268119812012,1630677
4.161268472671509,1623362
4.181271553039551,1622865
4.3232786655426025,1622452
4.34027886390686,1620640
4.401284456253052,1620559
4.402283430099487,1618177
4.581293344497681,1614182
4.5852885246276855,1611131
5.157326698303223,1610857
5.171329021453857,1608882
5.189327955245972,1608241
5.394340753555298,1605642
5.418342351913452,1605307
7.369456052780151,1602927
7.531465291976929,1602285
8.215507745742798,1602127
9.610586881637573,1601201
9.618589878082275,1598644
10.139618158340454,1598002
12.402750968933105,1597256
13.01278829574585,1596024
