1.4052245616912842,2130556
1.4122228622436523,2128872
1.4122228622436523,2124815
1.4132232666015625,2122726
1.4192230701446533,2121888
1.4212236404418945,2117827
1.422224998474121,2117437
1.4252240657806396,2038866
1.4272246360778809,2030218
1.4292259216308594,2020940
1.4312241077423096,2019502
1.4322237968444824,2008012
1.4332249164581299,2005803
1.4342262744903564,1995941
1.4342262744903564,1977138
1.4352262020111084,1976629
1.500229835510254,1972158
1.5282325744628906,1971246
1.5322320461273193,1970843
1.5342304706573486,1943847
1.5342304706573486,1927432
1.5392308235168457,1903174
1.5392308235168457,1903114
1.632646083831787,1897244
1.632646083831787,1880823
1.7420268058776855,1879559
1.7420268058776855,1857929
1.7420268058776855,1845145
1.7576522827148438,1815520
1.9451520442962646,1808463
1.9451520442962646,1805531
1.9607772827148438,1782276
1.9607772827148438,1776175
2.0076518058776855,1775991
2.101402759552002,1775013
2.27447772026062,1774521
2.29010272026062,1760002
2.305727958679199,1756406
2.305727958679199,1743544
2.305727958679199,1739078
2.305727958679199,1737964
2.3838512897491455,1724664
2.3838512897491455,1719244
2.3838512897491455,1712265
2.3994762897491455,1710898
2.4307262897491455,1703075
2.4307262897491455,1702994
2.4463515281677246,1701750
2.4463515281677246,1685418
2.4463515281677246,1681772
2.4630820751190186,1681578
2.4630820751190186,1671743
2.4787075519561768,1667294
2.5255825519561768,1666950
2.5412075519561768,1661424
2.5568325519561768,1659689
2.5568325519561768,1656862
2.5724573135375977,1642395
2.603707790374756,1642394
2.6193325519561768,1638606
2.6193325519561768,1629248
2.634958028793335,1627328
2.650583267211914,1624946
2.666208028793335,1624869
3.0880842208862305,1623778
3.0880842208862305,1621247
3.1037092208862305,1616694
3.1193342208862305,1611464
3.1193342208862305,1609039
3.1349592208862305,1606552
3.1505844593048096,1603658
3.1662094593048096,1601070
4.289672374725342,1597175
4.289672374725342,1597094
4.367796897888184,1595544
4.4146728515625,1589258
4.4302978515625,1587523
4.4459228515625,1586378
4.4459228515625,1585146
4.461547613143921,1581650
5.039674758911133,1581518
5.055299997329712,1570881
5.117800235748291,1569498
6.213927507400513,1567839
6.417053699493408,1566664
6.46392822265625,1565432
6.573303699493408,1564790
