0.0019328594207763672,6958454
0.011505126953125,6954276
0.04191994667053223,6953432
0.05074501037597656,6950378
0.059107065200805664,6946023
0.07110905647277832,6944386
0.07903289794921875,6786161
0.0826559066772461,6583691
0.1022939682006836,6576568
0.10558509826660156,6556972
0.10937380790710449,6550327
0.11277103424072266,6545417
0.11605286598205566,6522045
0.1304159164428711,6521092
0.1320178508758545,6482149
0.13869404792785645,6318333
0.1462240219116211,6315110
0.14968109130859375,6227437
0.15639996528625488,6224309
0.16324281692504883,6163556
0.16738390922546387,6144339
0.23942804336547852,6098188
0.24206304550170898,6013625
0.27216601371765137,5979005
0.2738008499145508,5864822
0.3089420795440674,5836040
0.3123929500579834,5790880
0.3262639045715332,5777138
0.3394029140472412,5770957
0.35393404960632324,5744628
0.36693596839904785,5709084
0.47332286834716797,5680048
0.5489099025726318,5620343
0.5514941215515137,5503372
0.5530478954315186,5443388
0.556189775466919,5433546
0.5578019618988037,5422395
0.564917802810669,5421112
0.5678560733795166,5234228
0.5766639709472656,5225589
0.578312873840332,5149578
0.5839788913726807,5117737
0.5887479782104492,4889940
0.6023290157318115,4802386
0.6325418949127197,4590279
0.6347630023956299,4522109
0.6388459205627441,4330639
0.648535966873169,4241344
0.6716079711914062,4240703
0.7124667167663574,4173842
0.7190239429473877,3934037
0.8425369262695312,3898069
1.001969814300537,3850581
1.4841508865356445,3794390
1.601228952407837,3702233
1.608928918838501,3525748
1.6400837898254395,3475122
1.7346270084381104,3464887
1.7460110187530518,3397401
1.756216049194336,3307826
1.7729058265686035,3302463
1.7751479148864746,3176501
1.9119348526000977,3169484
2.040648937225342,3149006
2.0439579486846924,3142698
2.512204885482788,3129669
2.6431667804718018,3112621
2.8941617012023926,3106867
2.895676851272583,3068694
2.904567003250122,3024368
2.9081668853759766,2979884
2.9261839389801025,2966462
2.9363980293273926,2957872
3.004765748977661,2945209
3.015328884124756,2941409
3.018758773803711,2932252
3.0486669540405273,2931732
3.0519211292266846,2855484
3.229965925216675,2852659
3.23886775970459,2814251
3.2488229274749756,2797413
3.328958749771118,2787449
3.3562207221984863,2760441
3.3856050968170166,2745335
3.3885819911956787,2744956
3.3922150135040283,2695370
3.39683198928833,2694470
3.398319959640503,2666787
3.416929006576538,2651692
3.43353271484375,2643201
3.6612179279327393,2630166
3.7246787548065186,2628251
3.736600875854492,2625535
3.7416739463806152,2597665
3.744534969329834,2578045
3.755492925643921,2575269
3.758368968963623,2575028
3.945004940032959,2567838
4.148298978805542,2508683
4.155956983566284,2485197
4.252920866012573,2459838
4.297343969345093,2417192
4.304482936859131,2403402
4.308027982711792,2382936
4.310234069824219,2324664
4.313898801803589,2306165
4.3173418045043945,2276630
4.322190046310425,2274476
4.3252668380737305,2269297
4.416116952896118,2262715
4.4855358600616455,2260593
4.489754915237427,2260107
4.7114527225494385,2254622
4.9013800621032715,2254019
4.9048171043396,2217120
5.05156397819519,2201285
5.054153919219971,2184826
5.089763879776001,2177282
5.091330051422119,2172874
5.105856895446777,2160067
5.107412815093994,2151729
5.108987092971802,2149230
5.11216402053833,2140267
5.114516973495483,2125953
5.144081115722656,2110556
5.15966796875,2108631
5.1630120277404785,2100975
5.177788734436035,2069660
5.18444299697876,2068737
5.187938928604126,2024552
5.235239744186401,1965721
5.3399200439453125,1935583
5.607301950454712,1931536
5.626724004745483,1929946
5.63701605796814,1925079
5.67513108253479,1923468
5.696249961853027,1915637
5.7087647914886475,1915172
5.721791982650757,1914371
5.724899053573608,1904894
5.755914926528931,1899347
5.765455961227417,1898402
5.950330018997192,1887084
5.990517854690552,1880342
6.04271674156189,1878398
6.539726972579956,1870545
6.548902988433838,1837236
6.703594923019409,1826858
6.963561773300171,1825349
9.553575038909912,1822624
9.651166915893555,1809371
10.44414496421814,1806968
10.669533729553223,1803152
10.688913106918335,1792476
10.739231824874878,1787384
10.763118982315063,1784336
10.868773937225342,1781232
11.199044942855835,1776982
11.30941891670227,1768136
11.494179964065552,1767089
11.50124192237854,1762734
11.502925872802734,1761856
11.508697986602783,1757337
11.60814094543457,1749697
11.650550842285156,1746169
11.890451908111572,1741848
13.010973930358887,1738161
13.76777195930481,1716754
16.091141939163208,1714372
18.19216299057007,1713571
25.024595737457275,1713478
55.034019947052,1712026
55.6272349357605,1709168
60.30908679962158,1708887
60.58059000968933,1704363
60.8217089176178,1700326
60.82776188850403,1699274
239.42695498466492,1692462
241.82916903495789,1684460
244.81626892089844,1677305
