1.5816998481750488,1981369
1.5973248481750488,1966203
1.5973248481750488,1961133
1.5973248481750488,1959214
1.612950325012207,1957404
1.612950325012207,1954619
1.612950325012207,1946884
1.612950325012207,1939430
1.628575325012207,1923377
1.6442008018493652,1908419
1.6442008018493652,1908346
1.6442008018493652,1907203
1.6442008018493652,1906819
1.6442008018493652,1890581
1.675450086593628,1884984
1.7223258018493652,1881245
1.7223258018493652,1851672
1.7692005634307861,1851327
1.8160755634307861,1841199
1.8160755634307861,1835266
1.847325086593628,1828196
1.8942005634307861,1826214
1.8942005634307861,1813608
1.8942005634307861,1813128
1.8942005634307861,1808206
1.8942005634307861,1799370
1.9098265171051025,1784334
1.9098265171051025,1781474
1.9098265171051025,1779092
1.9098265171051025,1777808
1.9254508018493652,1766510
1.9410762786865234,1766348
2.0348267555236816,1766008
2.0504515171051025,1749053
2.0504515171051025,1742594
2.0660762786865234,1740590
2.0660762786865234,1733932
2.1285769939422607,1728542
2.1285769939422607,1719727
2.1285769939422607,1701127
2.3058907985687256,1694525
2.652994394302368,1688272
2.652994394302368,1686663
2.7936201095581055,1682112
2.7936201095581055,1676937
2.7936201095581055,1675078
2.8092451095581055,1674811
2.9029955863952637,1669957
2.9029955863952637,1669318
2.9186205863952637,1662909
2.949871063232422,1660447
3.1217458248138428,1654464
3.1217458248138428,1643827
3.27799654006958,1635975
3.27799654006958,1633593
3.29362154006958,1632654
3.4342474937438965,1632371
3.934248685836792,1632293
4.060459852218628,1624971
4.091709852218628,1615041
5.516040086746216,1614434
5.641040086746216,1614361
