1.8452682495117188,1843813
1.8452682495117188,1833944
1.8452682495117188,1821825
1.8452682495117188,1815954
1.8608932495117188,1797512
1.8608932495117188,1789428
1.8608932495117188,1780676
1.8765184879302979,1777419
2.1137685775756836,1776698
2.2528281211853027,1776663
2.2528281211853027,1768896
2.2684531211853027,1768850
2.2684531211853027,1752387
2.284078359603882,1745938
2.440328359603882,1727280
2.455953598022461,1721498
2.534079074859619,1712159
2.54970383644104,1705887
2.565329074859619,1703866
2.580954074859619,1700774
2.580954074859619,1700665
2.5965793132781982,1699737
2.5965793132781982,1667071
2.6590793132781982,1660160
2.7059543132781982,1653129
2.7215793132781982,1650000
2.7372045516967773,1637119
2.9559555053710938,1626990
2.9559555053710938,1616893
2.9715805053710938,1607762
2.9872055053710938,1603319
3.002830743789673,1595540
3.002830743789673,1588385
3.0184552669525146,1584562
4.522646188735962,1580013
4.538271188735962,1579150
5.809302806854248,1578177
5.871803045272827,1577241
6.028054237365723,1575850
6.028054237365723,1573468
7.144021511077881,1572805
7.847148180007935,1572616
7.862773180007935,1572462
9.029668807983398,1571599
