0.011000394821166992,2141451
0.014000654220581055,2110235
0.018001556396484375,2026105
0.02000260353088379,2006642
0.021001577377319336,1966426
0.022002220153808594,1964418
0.026002168655395508,1962801
0.030002593994140625,1948872
0.032003164291381836,1943347
0.09200692176818848,1865922
0.12900781631469727,1857462
0.1500089168548584,1851305
0.1610097885131836,1833215
0.17901039123535156,1783018
0.18601059913635254,1771671
0.19301128387451172,1770439
0.21901369094848633,1767940
0.21901369094848633,1766205
0.22501373291015625,1756662
0.22901272773742676,1752858
0.2610142230987549,1720853
0.30101776123046875,1707404
0.31201815605163574,1707354
0.31601858139038086,1702905
0.34402012825012207,1692182
0.41503047943115234,1676606
0.4190244674682617,1673097
0.42002439498901367,1639278
1.356081485748291,1638997
1.5881121158599854,1626996
1.8261067867279053,1623955
1.9341158866882324,1614400
1.9921190738677979,1614025
13.067336559295654,1611314
13.188344955444336,1610675
13.251940250396729,1610394
13.473681211471558,1608665
24.699378728866577,1608665
