1.7152342796325684,1985718
1.7152342796325684,1985371
1.7308597564697266,1947722
1.7308597564697266,1897364
1.7308597564697266,1893650
1.7308597564697266,1882204
1.7308597564697266,1882123
1.7308597564697266,1881767
1.7308597564697266,1881696
1.7933595180511475,1870178
1.9339849948883057,1869649
1.9339849948883057,1847712
1.9339849948883057,1845176
1.9496099948883057,1828436
1.9496099948883057,1802684
1.9652349948883057,1789547
1.9652349948883057,1780137
1.9652349948883057,1769228
2.2621116638183594,1762302
2.2777364253997803,1750574
2.2777364253997803,1743767
2.2777364253997803,1726329
2.2777364253997803,1724475
2.2933616638183594,1723338
2.308986186981201,1712410
2.324611186981201,1703570
2.324611186981201,1693724
2.324611186981201,1679313
2.324611186981201,1677159
2.3871116638183594,1674605
2.3871116638183594,1672596
2.4183616638183594,1670572
2.4339869022369385,1665896
2.4339869022369385,1661049
2.4652366638183594,1649377
2.4652366638183594,1635514
2.5121121406555176,1630187
2.5445563793182373,1629001
2.560208320617676,1626619
2.560208320617676,1625613
2.575834274291992,1625483
2.575834274291992,1613410
2.591458559036255,1611494
2.607083320617676,1611270
2.622708559036255,1601058
2.700834274291992,1600500
3.22232985496521,1597701
3.2364227771759033,1597059
3.6739513874053955,1596075
3.6895766258239746,1591795
3.7052018642425537,1584969
3.736452102661133,1583268
3.736452102661133,1577438
3.752077579498291,1575035
4.01770281791687,1572431
4.220828294754028,1570491
5.704639196395874,1566168
5.95074462890625,1565757
5.966369390487671,1564525
6.407308101654053,1563883
6.6117024421691895,1563662
6.7679524421691895,1563020
