0.005019187927246094,2146489
0.008018732070922852,2139189
0.009018659591674805,2123376
0.01202082633972168,2107696
0.014019012451171875,2034107
0.016000032424926758,2013282
0.017999649047851562,2000011
0.024019956588745117,1942859
0.02601933479309082,1821611
0.02601933479309082,1796571
0.03300070762634277,1753860
0.040001869201660156,1749617
0.054021358489990234,1749042
0.07100248336791992,1747752
0.100006103515625,1747408
0.10401415824890137,1747289
0.11602497100830078,1745868
0.12300610542297363,1741255
0.12500596046447754,1741210
0.13200640678405762,1739448
0.13300585746765137,1726735
0.16100716590881348,1725037
0.1630265712738037,1707850
0.1670081615447998,1698575
0.1720285415649414,1696255
0.17702841758728027,1661207
0.19302940368652344,1653717
0.24803566932678223,1652580
0.2590141296386719,1652017
0.311016321182251,1651375
0.3410379886627197,1649648
0.3440384864807129,1641033
0.3540196418762207,1640752
0.384021520614624,1640104
0.39604902267456055,1636010
0.44202446937561035,1635729
0.4510538578033447,1625006
0.869072437286377,1624424
1.5871107578277588,1624141
1.5901134014129639,1622208
1.6430976390838623,1620393
1.7831432819366455,1620112
2.3791372776031494,1619057
21.901280641555786,1618269
21.902280807495117,1617822
21.985286951065063,1617541
22.33630609512329,1616839
22.346324682235718,1615652
22.381330013275146,1615392
22.455315589904785,1614697
22.456314086914062,1608012
22.471317768096924,1599435
24.667460918426514,1599435
