0.004999876022338867,1910729
0.020000934600830078,1909750
0.020000934600830078,1904338
0.03600192070007324,1902721
0.03600192070007324,1812595
0.03699803352355957,1806763
0.04199934005737305,1802361
0.04499983787536621,1802154
0.055025577545166016,1798717
0.0650022029876709,1795397
0.08900284767150879,1787036
0.1390228271484375,1782374
0.1390228271484375,1777206
0.1580057144165039,1762684
0.17302560806274414,1761821
0.22304224967956543,1755585
0.2410297393798828,1746579
0.3000333309173584,1745874
0.31003642082214355,1745720
0.315016508102417,1726751
0.3170161247253418,1726544
0.321047306060791,1677648
0.4790365695953369,1671920
0.4890470504760742,1663559
0.7080574035644531,1661705
0.7090578079223633,1660292
1.0110752582550049,1654390
1.013075590133667,1642362
1.041081190109253,1638112
1.041081190109253,1612599
1.0780808925628662,1598863
1.521087884902954,1598588
1.527087926864624,1598434
3.8842437267303467,1597710
5.299307107925415,1597280
5.850358486175537,1596102
7.074410438537598,1591647
11.892691850662231,1589103
12.221714496612549,1582876
16.422977447509766,1570875
24.765464544296265,1570875
