1.479036808013916,2149559
1.4800374507904053,2132590
1.4840576648712158,2130664
1.4840576648712158,2124824
1.4860572814941406,2119741
1.4870572090148926,2105833
1.6396815776824951,2094588
1.6396815776824951,2086399
1.6396815776824951,2078099
1.6396815776824951,2028688
1.6553056240081787,2026606
1.670931100845337,2011423
1.670931100845337,2007783
1.670931100845337,2000031
1.670931100845337,1995804
1.8740565776824951,1991346
1.8740565776824951,1974971
1.8740565776824951,1974708
1.8740565776824951,1963954
1.8896820545196533,1951057
1.8896820545196533,1934403
1.9053072929382324,1919416
1.9053072929382324,1913200
1.9053072929382324,1907800
1.9893274307250977,1889102
2.035693883895874,1879927
2.035693883895874,1858452
2.035693883895874,1836583
2.051319122314453,1835748
2.051319122314453,1832137
2.051319122314453,1830833
2.066944122314453,1819743
2.066944122314453,1807364
2.0825693607330322,1791835
2.0825693607330322,1777439
2.0825693607330322,1727163
2.0981943607330322,1718158
2.1294443607330322,1714496
2.1294443607330322,1712890
2.1450700759887695,1712010
2.1450700759887695,1710470
2.1450700759887695,1693960
2.2544445991516113,1683551
2.2856945991516113,1676586
2.3013198375701904,1673841
2.629446029663086,1669468
2.645071029663086,1659824
2.645071029663086,1659812
2.660695791244507,1643025
2.660695791244507,1637315
2.660695791244507,1633570
2.9630229473114014,1626339
2.9630229473114014,1616500
3.603501558303833,1615366
3.619126558303833,1610658
3.8222527503967285,1606135
3.8691272735595703,1604640
3.8847525119781494,1604179
3.8847525119781494,1601776
3.9472527503967285,1594781
3.9628782272338867,1593393
3.9941277503967285,1590369
4.760902643203735,1589874
4.839028358459473,1580021
5.106871128082275,1578946
5.279965877532959,1578050
5.342493057250977,1577854
5.389368295669556,1577792
5.420618295669556,1571962
12.738588333129883,1571201
