0.0,2059196
0.0,2056092
0.015623807907104492,1984277
0.015623807907104492,1979861
0.031248807907104492,1972734
0.031248807907104492,1969825
0.031248807907104492,1953864
0.031248807907104492,1949590
0.031248807907104492,1949117
0.04687333106994629,1938213
0.0516507625579834,1924086
0.05265021324157715,1923871
0.06265044212341309,1923830
0.07365179061889648,1916864
0.07365179061889648,1899313
0.08065366744995117,1896239
0.09365487098693848,1888663
0.10065364837646484,1871315
0.10867071151733398,1847807
0.11367201805114746,1812220
0.13365554809570312,1809290
0.14165616035461426,1808360
0.1516571044921875,1804054
0.16165804862976074,1786870
0.17065668106079102,1786335
0.21766066551208496,1763969
0.21966028213500977,1757631
0.23666119575500488,1747303
0.29597973823547363,1724008
0.3393230438232422,1708693
0.3393230438232422,1706685
0.3393230438232422,1705994
0.3549487590789795,1705210
0.3705930709838867,1671164
0.4439246654510498,1669932
0.5377013683319092,1638581
0.6423764228820801,1631426
0.6823689937591553,1590725
0.7223739624023438,1590644
0.9043922424316406,1590178
0.9073927402496338,1588262
2.1034488677978516,1583792
11.859374284744263,1575021
23.961261749267578,1575021
