0.2757730484008789,7753368
0.2757730484008789,7714400
0.2757730484008789,7700849
0.2757730484008789,7696938
0.33829259872436523,7691895
0.33829259872436523,7687984
0.4008026123046875,7671108
0.4164273738861084,7665922
0.4164273738861084,7653805
0.4164273738861084,7636372
0.4633021354675293,7624057
0.4633021354675293,7610240
0.8226783275604248,7608923
0.8695456981658936,7596769
0.8695456981658936,7582952
11.934635400772095,7573720
11.934635400772095,7562008
11.934635400772095,7544575
11.934635400772095,7544543
11.934635400772095,7532260
11.934635400772095,7518443
11.997135639190674,7517126
11.997135639190674,7504972
11.997135639190674,7491155
40.38151812553406,7487403
112.2640950679779,7482063
144.9404900074005,7472376
144.94149017333984,7458559
195.0599844455719,7447501
207.55238723754883,7444261
270.5339448451996,7439017
