1.4070823192596436,2108211
1.4080841541290283,2103842
1.4090847969055176,2102066
1.4790866374969482,2095628
1.480086326599121,2086366
1.480086326599121,2081060
1.480086326599121,2062756
1.5210912227630615,2054913
1.5220885276794434,2025122
1.5250890254974365,2011303
1.5260896682739258,2011110
1.5280919075012207,2000709
1.5290918350219727,1998588
1.5300915241241455,1996655
1.5300915241241455,1974959
1.5340895652770996,1968273
1.536090612411499,1965004
1.539092779159546,1960883
1.539092779159546,1929656
1.5400917530059814,1922046
1.5410914421081543,1903466
1.6821002960205078,1894684
1.6830999851226807,1885446
1.717102289199829,1882786
1.718102216720581,1882668
1.9451167583465576,1867845
1.9481158256530762,1860959
1.9531159400939941,1859948
1.9551141262054443,1850021
1.9561145305633545,1844164
1.9611167907714844,1843172
1.9611167907714844,1837657
1.9651153087615967,1816560
1.994117021560669,1811589
1.9961166381835938,1806641
1.9981169700622559,1798841
2.0011191368103027,1789464
2.1761269569396973,1784506
2.1781301498413086,1775313
2.292135715484619,1774084
2.2991340160369873,1770704
2.300135850906372,1768304
2.3181350231170654,1763251
2.3421361446380615,1761107
2.3431360721588135,1756552
2.3441362380981445,1743885
2.3501391410827637,1739943
2.3681304454803467,1733934
2.3691303730010986,1717878
2.5371487140655518,1711790
2.543148994445801,1699677
2.5531492233276367,1684043
2.5531492233276367,1683815
2.5571515560150146,1674772
2.8231754302978516,1672878
2.8411686420440674,1669702
2.8441665172576904,1667694
2.8541665077209473,1667052
2.8641679286956787,1664670
2.8831684589385986,1661515
3.495204448699951,1658583
3.498206615447998,1657511
3.499207019805908,1655418
3.514207363128662,1654739
3.5222110748291016,1651003
3.5362071990966797,1648445
3.5402092933654785,1647582
3.5402092933654785,1637254
3.828226089477539,1635967
3.837224245071411,1634792
3.8532328605651855,1633740
3.8582253456115723,1632747
3.963231086730957,1621783
4.018237113952637,1612385
4.023237705230713,1608147
4.025235414505005,1606155
4.027237176895142,1603747
4.073237895965576,1597200
4.078240633010864,1595968
4.553268671035767,1595667
4.666272401809692,1594844
5.152276277542114,1593911
5.185278654098511,1592483
5.1962785720825195,1591997
5.583301544189453,1591091
5.611302375793457,1589175
5.7553112506866455,1585436
5.942322254180908,1581013
10.536616325378418,1579978
