0.003359079360961914,7265095
0.004907846450805664,7259674
0.01177978515625,7048566
0.014900922775268555,7037154
0.019768714904785156,6933921
0.0260927677154541,6833793
0.02811598777770996,6637390
0.03434395790100098,6536029
0.037529945373535156,6350733
0.07845306396484375,6315956
0.0800178050994873,6201468
0.08159065246582031,6198636
0.08312678337097168,6063569
0.10197305679321289,6047354
0.10624289512634277,6045982
0.11302566528320312,5991944
0.11582803726196289,5939724
0.13585996627807617,5926925
0.14777779579162598,5873065
0.1493518352508545,5798482
0.19960975646972656,5794019
0.20281195640563965,5674618
0.272305965423584,5657641
0.28361988067626953,5638128
0.3257308006286621,5627051
0.5084288120269775,5625759
1.140955924987793,5490735
1.1614208221435547,5483900
1.1642560958862305,5452380
1.1866137981414795,5435838
1.192483901977539,5369121
1.2504017353057861,5316571
1.2534427642822266,5054764
1.2602157592773438,5027860
1.2932138442993164,4900441
1.296766996383667,4751364
1.3023157119750977,4734857
1.395190715789795,4677694
1.3981027603149414,4569306
1.6201417446136475,4536980
2.0105788707733154,4491320
2.013709783554077,4308981
2.016551971435547,4301660
2.018090009689331,4245628
2.0340168476104736,4202275
2.037221908569336,4154852
2.0494279861450195,4152747
2.1795127391815186,4142629
2.183736801147461,4020645
2.344024896621704,3980291
2.3472390174865723,3934857
2.3545737266540527,3882253
2.3622727394104004,3850821
2.3803436756134033,3763820
2.4179179668426514,3749064
2.4210476875305176,3604372
2.5984678268432617,3598955
2.618182897567749,3564993
2.636443853378296,3554709
2.6453888416290283,3519689
2.6507070064544678,3490644
2.7083630561828613,3469237
2.72005295753479,3461189
2.768303871154785,3453383
2.8301267623901367,3445232
2.837411880493164,3418996
2.8931169509887695,3416110
2.9081528186798096,3326722
2.922123670578003,3302223
2.957340955734253,3294863
2.9606738090515137,3279883
2.9681007862091064,3255739
3.033594846725464,3248596
3.1288950443267822,3220408
3.163411855697632,3168426
3.181039810180664,3137933
3.1825690269470215,3071153
3.1840767860412598,3055129
3.186992883682251,2998729
3.2174370288848877,2997082
3.239696979522705,2996867
3.243001937866211,2975754
3.2464098930358887,2953355
3.4323298931121826,2929121
3.748806953430176,2917183
3.8487470149993896,2913984
4.233137845993042,2911582
4.32109808921814,2900906
4.417051792144775,2900128
4.423466920852661,2897251
4.426656007766724,2861186
4.5062689781188965,2852668
4.668494939804077,2844872
4.815168857574463,2814659
4.820479869842529,2791349
4.834611892700195,2789687
4.837699890136719,2771928
4.842861890792847,2770074
4.878481864929199,2761935
4.888706684112549,2741524
4.89187479019165,2740412
4.915280818939209,2730430
4.916918754577637,2704765
5.008913993835449,2703642
5.010803937911987,2671913
5.118147850036621,2671191
5.176951885223389,2665037
5.1975908279418945,2657282
5.212056875228882,2645636
5.226180791854858,2522664
5.251501798629761,2510510
5.257683038711548,2510393
5.262017726898193,2507968
5.270632982254028,2451676
5.273943901062012,2438998
5.296259880065918,2422977
5.3213818073272705,2413772
5.32473087310791,2400836
5.328982830047607,2355841
5.369212865829468,2355800
5.372258901596069,2351284
5.37765097618103,2347058
5.4137489795684814,2326269
5.422127962112427,2291807
5.423661708831787,2244421
5.51869797706604,2244031
5.5203118324279785,2218514
5.600165843963623,2173381
5.7208569049835205,2165504
5.746304035186768,2165109
5.74993371963501,2162571
5.97062873840332,2150606
6.004925966262817,2148017
6.014326810836792,2092655
6.017943859100342,2052124
6.0275819301605225,2020975
6.03079891204834,2017819
6.1438469886779785,2013111
6.313975811004639,1965741
6.520787000656128,1943405
6.668853759765625,1887436
7.84727668762207,1885054
7.988016843795776,1869346
8.102491855621338,1860808
8.109920024871826,1842455
8.747644901275635,1839845
8.767461776733398,1833912
8.894683837890625,1832066
9.410743713378906,1829810
9.691044807434082,1828410
9.784555673599243,1820997
9.9773268699646,1813350
10.593482971191406,1810182
10.616458892822266,1807966
10.655447721481323,1781850
10.67488694190979,1779670
10.73632287979126,1770352
10.751730918884277,1769177
11.492657899856567,1768338
11.747593879699707,1767963
12.211302995681763,1767100
13.054624080657959,1703386
15.248273849487305,1700468
17.144076824188232,1689661
17.309289932250977,1681300
17.38568091392517,1679292
106.15250086784363,1676843
