1.623093843460083,2137342
1.6240935325622559,2085940
1.6280934810638428,2066944
1.6290948390960693,2063299
1.6300950050354004,2033200
1.6310946941375732,2029396
1.6350939273834229,2010816
1.6350939273834229,2003739
1.6440963745117188,2002235
1.6450986862182617,1980094
1.6460976600646973,1972599
1.654094934463501,1962388
1.658095121383667,1955922
1.6590955257415771,1951657
1.6590955257415771,1944567
1.6630957126617432,1937141
1.8151040077209473,1934733
1.8161044120788574,1925699
1.8251049518585205,1924983
1.89211106300354,1903766
1.896111011505127,1883462
1.896111011505127,1882497
1.897109031677246,1869361
1.901111125946045,1868220
1.9041109085083008,1867668
1.9061098098754883,1861917
1.908109188079834,1856494
1.908109188079834,1847080
1.908109188079834,1843570
1.909111738204956,1832418
1.910111904144287,1817082
1.9901068210601807,1804032
2.00111722946167,1790992
2.0081160068511963,1790555
2.0091092586517334,1776291
2.1961286067962646,1767643
2.199129104614258,1765737
2.203126907348633,1724153
2.5771522521972656,1721017
2.665153980255127,1707414
2.6661572456359863,1697317
2.744161605834961,1682546
3.0121774673461914,1681479
3.0141775608062744,1679862
3.0261764526367188,1674008
3.0321760177612305,1672000
3.0431785583496094,1671620
3.0551788806915283,1670070
3.056180000305176,1667152
3.0601770877838135,1665667
3.0701801776885986,1663079
3.074178457260132,1661274
3.4021973609924316,1660673
3.4192004203796387,1648470
3.422201156616211,1646985
3.458200454711914,1644880
3.464200973510742,1638635
3.4702045917510986,1636232
3.4742014408111572,1636000
3.4932024478912354,1632909
3.5102059841156006,1628939
3.6292107105255127,1628379
3.6292107105255127,1623200
3.647211790084839,1616757
3.6802139282226562,1616436
3.686213970184326,1615300
3.697216510772705,1613395
3.7282161712646484,1609341
3.756218194961548,1604347
3.9342308044433594,1593906
3.961230516433716,1593699
4.287249326705933,1587935
4.444260120391846,1587156
4.55326509475708,1585790
4.642271518707275,1585148
5.017293691635132,1584986
6.787395715713501,1584717
7.6934497356414795,1580324
7.824457883834839,1579838
