1.6537725925445557,1911045
1.6693980693817139,1907532
1.6693980693817139,1906675
1.6693980693817139,1903062
1.856898307800293,1898703
1.856898307800293,1886381
1.856898307800293,1878899
1.856898307800293,1862979
1.856898307800293,1862198
1.8881487846374512,1862077
1.919398546218872,1851160
1.919398546218872,1838036
2.0019607543945312,1831557
2.146778106689453,1831497
2.1471731662750244,1827036
2.1628260612487793,1822607
2.1628260612487793,1811788
2.1628260612487793,1800488
2.1628260612487793,1796972
2.1628260612487793,1791777
2.1628260612487793,1790914
2.178450584411621,1790061
2.178450584411621,1781278
2.1940758228302,1749705
2.209700584411621,1746097
2.209700584411621,1745824
2.225325584411621,1736456
2.225325584411621,1724353
2.225325584411621,1717322
2.2409508228302,1706612
2.2409508228302,1698665
2.2409508228302,1685246
2.2409508228302,1685027
2.4597015380859375,1678969
2.4597015380859375,1672407
2.5690770149230957,1670027
2.600327491760254,1660886
2.662827730178833,1659020
2.787828207015991,1658044
2.9440786838531494,1654371
2.9597043991088867,1652684
2.9597043991088867,1647772
2.9753284454345703,1647383
2.9909534454345703,1645607
3.0222036838531494,1641686
3.0378291606903076,1641001
3.0378291606903076,1629292
3.053454637527466,1623147
3.2565793991088867,1621550
3.3034543991088867,1618057
3.6472055912017822,1612837
3.6472055912017822,1612351
3.6940810680389404,1612104
3.7097060680389404,1602268
3.929689407348633,1598456
3.976564407348633,1594575
3.992189407348633,1584640
4.07031512260437,1582016
4.8371663093566895,1581715
5.572788715362549,1580955
5.588413953781128,1579355
6.1073808670043945,1576171
6.326131343841553,1575529
7.183628797531128,1575430
7.293003082275391,1574255
10.410068035125732,1573613
