0.008000373840332031,1794738
0.01000070571899414,1792646
0.013983011245727539,1790686
0.015983104705810547,1781461
0.02498340606689453,1767378
0.03398394584655762,1765415
0.03698420524597168,1748708
0.04498410224914551,1747593
0.05800366401672363,1738037
0.07099604606628418,1701517
0.08100724220275879,1700104
0.08100724220275879,1698467
0.0850062370300293,1696459
0.10399055480957031,1689943
0.10799145698547363,1685076
0.10999083518981934,1681802
0.14599323272705078,1678893
0.1539921760559082,1678446
0.19199490547180176,1676829
0.20099639892578125,1654463
0.22999906539916992,1647308
0.23799562454223633,1641783
0.2599973678588867,1639219
0.2669975757598877,1636393
0.47773075103759766,1607750
0.651993989944458,1596801
0.8330042362213135,1596612
0.8940079212188721,1595749
6.267885684967041,1595609
6.299126863479614,1594738
6.314750909805298,1591182
6.330377101898193,1589195
6.377252578735352,1588143
6.471003293991089,1583516
6.950835227966309,1577525
10.584495782852173,1576396
10.584495782852173,1574269
10.66833758354187,1573988
17.851102828979492,1569533
23.76259160041809,1569533
