1.9151413440704346,1851774
1.9241418838500977,1842456
1.9251422882080078,1825722
1.929140567779541,1825264
1.9491417407989502,1813805
1.9521417617797852,1806288
1.9641423225402832,1801694
1.9991447925567627,1780745
2.0001449584960938,1761190
2.0101449489593506,1759560
2.1011502742767334,1751642
2.1301517486572266,1742905
2.1331520080566406,1732975
2.1341540813446045,1721373
2.1431543827056885,1702911
2.149155378341675,1701975
2.15315318107605,1687960
2.172154188156128,1687585
2.178154468536377,1683074
2.1821553707122803,1648508
4.104242324829102,1648316
4.1132426261901855,1648150
4.1342453956604,1648105
4.163245916366577,1648028
5.3913187980651855,1646020
6.673392057418823,1637859
6.675391912460327,1637605
6.924407243728638,1637049
7.538443326950073,1636186
7.543443202972412,1635932
10.240626811981201,1635263
10.46463942527771,1634775
10.868663311004639,1634400
10.913665533065796,1632392
11.352693319320679,1631487
11.648708820343018,1627393
12.157740354537964,1626736
12.36875295639038,1623565
12.39675259590149,1623284
