0.006982326507568359,2077177
0.009000778198242188,2075420
0.011003732681274414,2072780
0.011003732681274414,2066929
0.012000322341918945,2064393
0.015003442764282227,2058422
0.01600337028503418,2029666
0.019005537033081055,2024321
0.021982669830322266,1981610
0.02700185775756836,1979076
0.030002117156982422,1921303
0.032004356384277344,1910481
0.03998446464538574,1883159
0.04500269889831543,1876729
0.05900382995605469,1871050
0.06400394439697266,1869512
0.08798909187316895,1860576
0.09198880195617676,1835697
0.12500715255737305,1822875
0.16098999977111816,1795882
0.20499491691589355,1778620
0.2099926471710205,1776644
0.2130124568939209,1754505
0.21801495552062988,1735818
0.261016845703125,1721448
0.26401543617248535,1711986
0.2749974727630615,1711726
0.28099870681762695,1700127
0.2820000648498535,1693657
0.2950272560119629,1690864
0.3190183639526367,1644356
0.3440208435058594,1642393
0.345020055770874,1637085
0.348020076751709,1634703
0.4610271453857422,1631920
0.46202778816223145,1621197
0.48403048515319824,1618186
0.4850287437438965,1616646
0.6000356674194336,1616061
0.6440386772155762,1616023
1.0480449199676514,1611662
1.1620495319366455,1606104
25.37148427963257,1601649
25.488500595092773,1601649
