1.9181127548217773,1875562
1.9211132526397705,1871271
1.9271128177642822,1869551
1.9291133880615234,1868498
1.9311132431030273,1868126
1.9561145305633545,1862413
1.9621150493621826,1855311
1.9651148319244385,1845079
1.9681150913238525,1837226
1.9741160869598389,1831337
1.9761161804199219,1826991
2.0381195545196533,1808582
2.0501227378845215,1802577
2.0501227378845215,1789615
2.0591228008270264,1768711
2.060124158859253,1767612
2.060124158859253,1764815
2.0621235370635986,1757660
2.063124179840088,1755912
2.068122386932373,1753838
2.075122117996216,1750924
2.0771214962005615,1750078
2.0781216621398926,1748128
2.0821235179901123,1744897
2.0891244411468506,1736468
2.0930957794189453,1735918
2.094095468521118,1732648
2.328136444091797,1721348
2.332136631011963,1708815
2.333136796951294,1704149
2.5441489219665527,1695981
2.5481491088867188,1693379
2.5481491088867188,1684999
2.6321542263031006,1673816
2.6461546421051025,1673771
2.6551551818847656,1659194
2.7251596450805664,1659173
2.729159355163574,1648502
2.7401621341705322,1640108
2.7421605587005615,1636087
2.7471606731414795,1635794
4.292253494262695,1633184
4.30025315284729,1629957
4.3332555294036865,1620432
4.384258508682251,1619107
4.665272951126099,1619050
4.831284761428833,1617684
4.91228723526001,1613708
4.931290864944458,1613066
4.934288501739502,1612785
5.0042946338653564,1612234
5.022294044494629,1606733
5.045295715332031,1597976
5.187303304672241,1596826
6.4333765506744385,1594603
6.4693803787231445,1594228
6.50938081741333,1593947
6.775398254394531,1593084
6.921405076980591,1592817
6.961408853530884,1591585
7.1353936195373535,1591210
