1.4871068000793457,2166564
1.5471179485321045,2164564
1.5481178760528564,2161488
1.5481178760528564,2149781
1.5481178760528564,2118214
1.5491201877593994,2107245
1.5501184463500977,2094186
1.5501184463500977,2090603
1.5611209869384766,2090046
1.562119483947754,2060897
1.6441237926483154,2060686
1.6511244773864746,2055964
1.6521241664886475,2045817
1.6561248302459717,2033416
1.6671268939971924,2027096
1.7031290531158447,2025621
1.7401299476623535,2012160
1.7421298027038574,2006042
1.7431292533874512,2004437
1.945143222808838,2001644
1.9581434726715088,1984216
1.9581434726715088,1981869
1.9581434726715088,1965749
1.9651422500610352,1960506
1.9721429347991943,1957406
1.9841458797454834,1949686
1.9841458797454834,1946162
1.9881460666656494,1944562
1.9881460666656494,1939740
1.9901461601257324,1937513
1.9921457767486572,1932770
2.004145383834839,1919052
2.0061466693878174,1918931
2.012148380279541,1909754
2.017145872116089,1891458
2.035146474838257,1890916
2.035146474838257,1890843
2.039146661758423,1888330
2.14715313911438,1886974
2.167156219482422,1864500
2.172156572341919,1853064
2.1761550903320312,1851615
2.1801557540893555,1843936
2.1841557025909424,1840189
2.1841557025909424,1835140
2.1901557445526123,1833234
2.2301583290100098,1828688
2.2311580181121826,1828679
2.237159013748169,1827308
2.2401585578918457,1803790
2.2401585578918457,1802615
2.2401585578918457,1795911
2.27116322517395,1794675
2.272162914276123,1793161
2.275160551071167,1792769
2.2771613597869873,1775270
2.2781615257263184,1775139
2.280160903930664,1768083
2.282160997390747,1741477
2.283160924911499,1737608
2.2841615676879883,1735548
2.286161184310913,1729800
2.294161558151245,1722045
2.307164430618286,1720373
2.3181631565093994,1710611
2.3261637687683105,1706168
2.3361635208129883,1700582
2.3371665477752686,1700442
2.3401665687561035,1694437
2.3411669731140137,1694104
2.522177219390869,1685423
2.5261752605438232,1682118
2.5291779041290283,1681931
2.5331764221191406,1680494
2.5331764221191406,1675926
2.5371904373168945,1667204
2.5391762256622314,1666029
2.5411763191223145,1661122
2.707186460494995,1654071
2.7291908264160156,1649523
2.8061940670013428,1644680
3.84025502204895,1643035
3.86625599861145,1640912
3.86625599861145,1639565
3.86625599861145,1639434
3.8782553672790527,1639138
3.8862571716308594,1638984
4.382284164428711,1625652
4.484281778335571,1622974
4.680307149887085,1619159
4.694304466247559,1617417
4.696302652359009,1614881
4.756305932998657,1611576
4.75930643081665,1609976
4.960317373275757,1609865
5.141330718994141,1608236
5.192331314086914,1607212
5.20133113861084,1606570
5.271337509155273,1605676
5.307337522506714,1604533
5.755366086959839,1603459
6.561413288116455,1600299
7.390459299087524,1600207
9.58058762550354,1599272
10.320631504058838,1598476
10.42363977432251,1596715
10.5616455078125,1596073
