0.005949497222900391,2120738
0.007949590682983398,2113462
0.01097726821899414,2090212
0.012977123260498047,2087956
0.02495884895324707,2037929
0.0259702205657959,2035484
0.029970169067382812,2028015
0.03497028350830078,1977763
0.03695273399353027,1961104
0.04197072982788086,1926580
0.05095219612121582,1921055
0.05095219612121582,1921029
0.06295299530029297,1916405
0.06295299530029297,1892059
0.07595443725585938,1891629
0.08198165893554688,1887506
0.10495829582214355,1884572
0.10495829582214355,1850802
0.10997843742370605,1840079
0.11197519302368164,1835908
0.17497873306274414,1824088
0.17697882652282715,1792896
0.1889803409576416,1791967
0.1929793357849121,1789053
0.20998215675354004,1785807
0.22298192977905273,1706100
0.2729659080505371,1659433
0.28696537017822266,1631627
0.2909846305847168,1628419
0.34198784828186035,1616744
0.38399410247802734,1615825
0.41797327995300293,1615186
0.7619936466217041,1606597
1.6160435676574707,1605955
24.57040500640869,1605955
