0.021674633026123047,2151119
0.025675296783447266,2143650
0.035676002502441406,1834078
0.03767681121826172,1828409
0.041677236557006836,1793885
0.04965782165527344,1783946
0.04965782165527344,1779385
0.058658599853515625,1764059
0.06466054916381836,1762442
0.06967735290527344,1760707
0.07968425750732422,1758732
0.0876615047454834,1744265
0.10466313362121582,1741377
0.15366387367248535,1737101
0.16266512870788574,1706571
0.19566631317138672,1702975
0.23043203353881836,1701458
0.30216336250305176,1681935
0.52091383934021,1657446
0.52091383934021,1656463
0.543715238571167,1653350
0.6237215995788574,1653154
0.6427223682403564,1651460
0.6787223815917969,1640737
0.693723201751709,1640342
0.7187247276306152,1637428
0.8027300834655762,1637272
1.435786485671997,1635814
1.5128297805786133,1635356
2.0041487216949463,1633857
2.0041487216949463,1633133
2.109415292739868,1630155
2.5204222202301025,1628811
2.5394234657287598,1628584
2.59279727935791,1625193
2.59279727935791,1619575
2.608422040939331,1613345
2.638573408126831,1610733
2.7165772914886475,1609681
5.889418363571167,1595179
7.2361180782318115,1583045
7.464467763900757,1581037
8.500643253326416,1580313
9.70448088645935,1575330
16.988175868988037,1570875
23.448174238204956,1570875
