1.9491121768951416,1779611
2.24112868309021,1777105
2.261129856109619,1776908
2.2671310901641846,1763756
2.2781314849853516,1763226
2.2801315784454346,1757334
2.282133102416992,1748029
2.2891316413879395,1732855
2.2931313514709473,1727737
2.3011319637298584,1720650
2.3961377143859863,1715638
2.4101388454437256,1703826
2.4211392402648926,1689336
2.4241397380828857,1683222
2.4281399250030518,1679406
2.4301395416259766,1678543
2.4381401538848877,1660654
2.4491429328918457,1654330
2.462141513824463,1649824
2.464142084121704,1644127
2.8851659297943115,1640984
2.9481706619262695,1629552
2.954172372817993,1626414
3.0741775035858154,1613136
3.087179660797119,1612748
3.08817982673645,1611516
3.121180534362793,1606599
3.1901845932006836,1595540
3.1901845932006836,1593805
3.408198833465576,1591652
3.4362003803253174,1591559
3.4611997604370117,1589789
3.486203670501709,1586502
4.08423638343811,1586194
4.14523983001709,1585767
4.155241012573242,1585074
4.157243013381958,1583842
4.169240713119507,1583203
4.209244251251221,1582028
4.2102437019348145,1574733
4.216245174407959,1574452
9.772570848464966,1571585
9.862576484680176,1569891
9.868575096130371,1567975
10.175595045089722,1566519
10.507604122161865,1565653
11.90269684791565,1564790
