0.004110813140869141,7182519
0.008495807647705078,7170953
0.018208026885986328,7110815
0.024161815643310547,7051944
0.031416893005371094,7039043
0.051451921463012695,7036170
0.06024599075317383,7022899
0.06351804733276367,7015668
0.15191888809204102,7013693
0.16303682327270508,6890552
0.18793392181396484,6826501
0.19148993492126465,6660277
0.2065439224243164,6637294
0.6287968158721924,6603672
1.0505249500274658,6578109
1.0541248321533203,6549615
1.056839942932129,6535531
1.0796680450439453,6449622
1.0811419486999512,6444765
1.083298921585083,6308627
1.090223789215088,6295465
1.094247817993164,6265615
1.1002187728881836,6129496
1.10611891746521,6127771
1.1104159355163574,6118044
1.1222338676452637,5701829
1.1246249675750732,5696670
1.127708911895752,5579341
1.1327030658721924,5577314
1.1357269287109375,5362944
1.189241886138916,5350167
1.218653917312622,5286132
1.2323689460754395,5270159
1.2463939189910889,5253596
1.2589478492736816,5239692
1.2604238986968994,5234158
1.2618730068206787,5233143
1.263366937637329,5210769
1.277965784072876,5208551
1.2803919315338135,5168006
1.324739933013916,5167198
1.3272678852081299,5153678
1.343186855316162,5140739
1.3859059810638428,5138075
1.4323348999023438,5118527
1.4843599796295166,5117393
1.486029863357544,5112255
1.493562936782837,5102037
1.9257469177246094,5091092
1.9334568977355957,5085639
2.1055679321289062,5073044
2.1803078651428223,5065367
2.3454411029815674,5061751
2.346924066543579,5036673
2.4909420013427734,4986901
2.5983879566192627,4888884
2.6029698848724365,4740544
2.6204700469970703,4725814
2.6463828086853027,4714973
2.6536078453063965,4697623
2.664409875869751,4637743
2.7316248416900635,4537744
2.740719795227051,4506534
2.7471539974212646,4411007
2.9117519855499268,4374729
2.9343528747558594,4352023
2.9485387802124023,4339448
2.9518189430236816,4335761
2.955673933029175,4332197
2.973750114440918,4321763
2.9806418418884277,4265188
3.008774995803833,4264387
3.010282039642334,4254910
3.1382968425750732,4249528
3.380558967590332,4229795
3.6027657985687256,4225910
3.917794704437256,4211530
3.939985990524292,4210854
3.944704055786133,4176192
4.091994762420654,4162105
4.096256971359253,4159060
4.103531122207642,4155536
4.155509948730469,4131626
4.162096977233887,4127016
4.163864850997925,4111660
4.172175884246826,4098366
4.179144859313965,4046587
4.196561813354492,4045059
4.264653921127319,4039216
4.2671167850494385,4024135
4.2794129848480225,4017103
4.285784721374512,3997027
4.300962924957275,3993402
4.319544792175293,3981694
4.4193878173828125,3972398
4.683896780014038,3939151
4.689568042755127,3938238
4.691687822341919,3909163
4.821738004684448,3871925
4.829441070556641,3870041
4.830904722213745,3867222
4.881402969360352,3865015
4.8828558921813965,3864781
4.887408971786499,3837267
5.001204967498779,3807561
5.011052131652832,3807400
5.017293930053711,3791898
5.023547887802124,3775435
5.035862922668457,3771659
5.0683019161224365,3726700
5.104608058929443,3714274
5.112328052520752,3711498
5.115534782409668,3685174
5.236226797103882,3602101
5.237704038619995,3477705
5.240997791290283,3463403
5.244687795639038,3406470
5.2809669971466064,3403370
5.2872138023376465,3398636
5.29466986656189,3346875
5.315002918243408,3314478
5.318148851394653,3183320
5.329509973526001,3174774
5.353243827819824,3076199
5.356467008590698,3064582
5.359879970550537,3049107
5.364872932434082,3035224
5.367779731750488,2950615
5.383612871170044,2679407
5.402920961380005,2632157
5.407188892364502,2628958
5.619980096817017,2600572
5.622935056686401,2496612
5.648746013641357,2479207
5.670220851898193,2457442
5.70390772819519,2447750
5.763856887817383,2423061
5.799691915512085,2366109
5.956012725830078,2330100
5.964787006378174,2326465
5.968174934387207,2256706
5.98298192024231,2246063
5.986199855804443,2244224
6.020908832550049,2218477
6.0228869915008545,2205650
6.153585910797119,2199119
6.297592878341675,2158898
6.29910683631897,2118233
6.890568971633911,2083185
7.3856000900268555,2081532
7.394280910491943,2081344
7.406239986419678,2080971
7.86220908164978,2078546
8.034444808959961,2077403
8.441228151321411,2074115
8.729796886444092,2065914
8.853134870529175,2065458
8.859845876693726,2064082
8.869484901428223,2051553
9.007957935333252,2051003
9.014245986938477,2043849
9.142802000045776,2041594
9.253673076629639,2040794
9.751581907272339,2033015
10.041871786117554,2028127
10.290499925613403,2019628
10.498496055603027,2006324
10.510089874267578,1991922
10.814711809158325,1991746
10.887610912322998,1985736
11.450171947479248,1965407
11.646050930023193,1963885
11.649669885635376,1961909
11.6872718334198,1960650
11.73177695274353,1955298
11.736161708831787,1952865
11.852206945419312,1939062
11.995815992355347,1871110
12.00049090385437,1845297
12.007660150527954,1843782
12.100990056991577,1831044
12.396397829055786,1823307
12.433138847351074,1822444
12.917747974395752,1811721
13.714118003845215,1808115
15.434741973876953,1806056
15.566151857376099,1800155
15.711713790893555,1798461
16.884007930755615,1796814
17.802102088928223,1794902
17.805327892303467,1793953
17.80684185028076,1785062
17.927413940429688,1777449
46.50448179244995,1767127
46.58104705810547,1722132
46.59589982032776,1718949
46.646132946014404,1688627
46.64906883239746,1666465
46.69688606262207,1659310
47.300429821014404,1651214
51.77830791473389,1633909
187.53267312049866,1632797
