1.3860795497894287,1976226
1.3890800476074219,1961966
1.397080421447754,1957652
1.4970860481262207,1953661
1.49808669090271,1949733
1.5000858306884766,1946939
1.5510892868041992,1937120
1.5510892868041992,1932015
1.6310935020446777,1911829
1.634093999862671,1900542
1.634093999862671,1899031
1.6390957832336426,1888328
1.6800987720489502,1887446
1.682098627090454,1875096
1.6870973110198975,1859506
1.7090983390808105,1858630
1.7090983390808105,1842575
1.7110984325408936,1838253
1.7110984325408936,1830356
1.7120983600616455,1827954
1.7200989723205566,1821956
1.7230989933013916,1810192
1.753100872039795,1804892
1.774104118347168,1799928
1.8981091976165771,1785343
1.9031105041503906,1770022
1.9071097373962402,1764354
2.1401238441467285,1751543
2.1401238441467285,1748616
2.142123222351074,1741007
2.1831278800964355,1738871
2.1831278800964355,1719562
2.1921262741088867,1711236
2.194126605987549,1708274
2.216128349304199,1705129
2.22212815284729,1701127
2.224128484725952,1693249
2.238131284713745,1676673
2.6161277294158936,1672234
2.897167444229126,1660293
2.901167869567871,1651532
2.9281694889068604,1644059
2.929169178009033,1643383
2.9561731815338135,1636548
2.986172914505005,1635344
2.9921727180480957,1634278
2.999175548553467,1631875
3.016174793243408,1627167
3.1101796627044678,1625699
3.125183343887329,1618590
3.1731841564178467,1617951
3.1771841049194336,1615991
3.429199695587158,1611823
3.5252041816711426,1611066
3.5492076873779297,1608677
3.5871996879577637,1606449
3.5962016582489014,1600439
3.6852142810821533,1597388
3.690213918685913,1591091
3.7132155895233154,1590874
3.7262184619903564,1588618
3.7542102336883545,1582079
3.7542102336883545,1575659
3.8342232704162598,1574796
3.912229299545288,1574364
3.950230836868286,1571697
3.9512314796447754,1571351
4.247248411178589,1570254
4.290259122848511,1567851
4.5202624797821045,1567121
4.662272691726685,1561673
7.480438232421875,1559483
7.529430627822876,1558620
7.5774431228637695,1557978
7.882460832595825,1557797
7.9834654331207275,1557155
8.002460479736328,1556292
8.826514959335327,1555702
8.855516195297241,1555060
