1.4860873222351074,2126100
1.4870870113372803,2113811
1.4870870113372803,2107341
1.5960936546325684,2089989
1.5970938205718994,2082333
1.6000938415527344,2073872
1.6000938415527344,2065763
1.6010940074920654,2056087
1.6080942153930664,2033112
1.6120946407318115,2021597
1.6430964469909668,2002198
1.6430964469909668,2000247
1.6660981178283691,1998252
1.670097827911377,1985866
1.7111003398895264,1985623
1.7211008071899414,1983509
1.7471022605895996,1981915
1.7661035060882568,1969919
1.770103931427002,1955577
1.771103858947754,1928992
1.8151063919067383,1894345
1.8201065063476562,1843237
1.8201065063476562,1830098
1.8221070766448975,1800117
1.8261072635650635,1797066
1.8291070461273193,1788552
1.8321070671081543,1785182
1.9481141567230225,1784976
1.9501144886016846,1780519
1.9631152153015137,1778235
1.9661152362823486,1777860
2.0401196479797363,1772562
2.045119285583496,1768998
2.0611205101013184,1758252
2.0661213397979736,1742618
2.1811277866363525,1738712
2.3121352195739746,1732145
2.320136070251465,1722664
2.320136070251465,1722357
2.327136278152466,1718513
2.340136766433716,1713389
2.35013747215271,1707999
2.351137399673462,1697119
2.357137680053711,1684094
2.7611618041992188,1683397
2.8271656036376953,1682060
3.3542234897613525,1678837
3.355225086212158,1672475
3.3622238636016846,1670093
3.5572357177734375,1669252
3.5582361221313477,1662269
3.599240303039551,1658909
3.600238800048828,1656934
3.6012380123138428,1655215
3.6262402534484863,1651178
3.633239984512329,1647315
3.6512415409088135,1646452
3.733248472213745,1645952
3.734247922897339,1643034
3.742248296737671,1630768
3.7662477493286133,1628197
3.8122506141662598,1626653
4.204275608062744,1621996
4.2392778396606445,1621294
4.2392778396606445,1621153
4.3562846183776855,1618407
4.385287046432495,1611227
4.481291770935059,1609533
4.624300241470337,1609312
4.6833014488220215,1608905
4.986319541931152,1602838
4.990319490432739,1601663
5.161329984664917,1600807
5.17033052444458,1599632
5.499348878860474,1596916
5.518352746963501,1596835
5.640357732772827,1595316
5.747365474700928,1594944
