1.8181061744689941,1918227
1.827108383178711,1901565
1.83310866355896,1876222
1.8731110095977783,1874189
1.8741090297698975,1873930
1.8751096725463867,1871955
1.8761093616485596,1866656
1.8771092891693115,1857399
1.8811097145080566,1842566
1.8851110935211182,1838745
1.930112600326538,1831221
1.9871156215667725,1804203
2.234130382537842,1803254
2.2371323108673096,1791943
2.2371323108673096,1786189
2.2531330585479736,1778651
2.257131576538086,1771305
2.258131742477417,1763114
2.258131742477417,1762742
2.273132085800171,1750705
2.277132987976074,1747739
2.3151369094848633,1718031
2.3221359252929688,1716537
2.3321359157562256,1703888
2.3671376705169678,1703357
2.372138261795044,1701303
2.375138759613037,1687805
2.377139091491699,1685829
2.383138418197632,1671579
2.389138698577881,1667026
2.4241411685943604,1665260
2.4261415004730225,1657466
2.427143096923828,1655866
2.4281418323516846,1655202
2.4331419467926025,1653970
2.4361424446105957,1633659
2.4581453800201416,1630347
2.4591450691223145,1628546
2.4651436805725098,1625520
2.4651436805725098,1615423
2.4681458473205566,1605889
2.475144147872925,1604476
2.48514461517334,1602829
2.840165853500366,1599834
2.866168260574341,1591328
3.128182888031006,1578209
4.4722630977630615,1576819
4.481261253356934,1575676
4.6312620639801025,1573326
4.733249664306641,1569850
4.788282155990601,1568664
4.89628791809082,1565010
6.08635687828064,1560020
6.3293702602386475,1557618
6.611385822296143,1556976
7.966466426849365,1556934
