0.007001638412475586,1870730
0.016001224517822266,1843408
0.04100298881530762,1833545
0.04400300979614258,1808659
0.07800412178039551,1807484
0.07800412178039551,1803958
0.09100556373596191,1803565
0.10300683975219727,1802690
0.10400557518005371,1796562
0.16746211051940918,1795219
0.16746211051940918,1789694
0.25716161727905273,1782824
0.3071446418762207,1781082
0.3071446418762207,1780626
0.3071446418762207,1778325
0.31014490127563477,1778065
0.3231525421142578,1777802
0.3231525421142578,1773683
0.350147008895874,1772843
0.5022299289703369,1756760
0.5092301368713379,1746037
0.623244047164917,1730422
0.6352474689483643,1730291
0.6542487144470215,1719150
0.6802506446838379,1718575
0.8112292289733887,1717493
0.8462309837341309,1717286
0.8802323341369629,1716656
0.8882327079772949,1714020
1.5988774299621582,1693403
1.6058769226074219,1677675
1.7248647212982178,1668025
1.7298650741577148,1667818
1.731865406036377,1652492
1.813871145248413,1652195
1.8243658542633057,1651737
1.85774564743042,1651541
2.080881118774414,1651095
2.2496654987335205,1648459
2.6346867084503174,1647587
2.7266905307769775,1633120
2.7956950664520264,1632715
2.8316965103149414,1632330
2.923705577850342,1631467
2.9647278785705566,1631009
7.078611135482788,1630948
14.09801697731018,1629094
18.280366897583008,1628306
18.67238998413086,1628099
24.838294982910156,1627049
24.960835695266724,1625906
25.261507749557495,1625906
