0.0038199424743652344,7484398
0.012703895568847656,7335824
0.021554946899414062,7281817
0.025087833404541016,7209205
0.0505828857421875,7189439
0.0603487491607666,7184263
0.06414508819580078,7138863
0.08043384552001953,7111309
0.08382892608642578,6782456
0.08724188804626465,6739270
0.09004998207092285,6600424
0.10633397102355957,6502627
0.1078498363494873,6490447
0.11135101318359375,6382154
0.12456703186035156,6245939
0.1271347999572754,6025235
0.16614484786987305,5936501
0.17334794998168945,5924235
0.1793529987335205,5909857
0.18085503578186035,5856008
0.19718599319458008,5837030
0.19877076148986816,5795855
0.2046818733215332,5679364
0.23516583442687988,5650792
0.23743200302124023,5550910
0.25386595726013184,5529819
0.2612278461456299,5529153
0.26282310485839844,5514738
0.27998900413513184,5502490
0.28713011741638184,5483736
0.29505491256713867,5480020
0.2965059280395508,5466045
0.31611204147338867,5459645
0.31896185874938965,5388393
0.32183003425598145,5370251
0.33513498306274414,5286404
0.3453638553619385,5282100
0.35385799407958984,5269720
0.356766939163208,5159928
0.3735988140106201,5142772
0.37614989280700684,5040095
0.5727348327636719,5030439
0.5741770267486572,4911815
0.7838797569274902,4910704
0.7852299213409424,4861788
1.0748629570007324,4831703
1.083099126815796,4553739
1.0887579917907715,4513602
1.0928947925567627,4251861
1.1072490215301514,4187825
1.1138248443603516,4140539
1.2067267894744873,4140513
1.211979866027832,4135101
1.2172300815582275,4126043
1.2200238704681396,4123343
1.2219200134277344,4108294
1.223236083984375,4085136
1.2460579872131348,4082223
1.247649908065796,4062641
1.2489540576934814,3934800
1.2732510566711426,3799527
1.274540901184082,3717494
1.2977550029754639,3516875
1.3014719486236572,3421055
1.319601058959961,3362729
1.3343689441680908,3343256
1.337249994277954,3291460
1.3668708801269531,3273435
1.368177890777588,3204719
1.389685869216919,3199768
1.4383001327514648,3195021
1.4540939331054688,3145429
1.468261957168579,3096716
1.5581028461456299,3001111
1.5653419494628906,2981968
1.7062640190124512,2960788
1.8667759895324707,2944281
1.8711609840393066,2942546
2.5622267723083496,2890239
2.6531879901885986,2883152
2.7819361686706543,2868077
2.7880518436431885,2853112
2.982300043106079,2817520
3.1656999588012695,2815117
3.525812864303589,2803064
3.578300952911377,2799998
3.5809388160705566,2784280
3.583582878112793,2709741
3.592945098876953,2707714
3.614919900894165,2707293
3.620229959487915,2706412
3.631875991821289,2699451
3.634895086288452,2661888
3.6394569873809814,2639218
3.666701078414917,2609921
3.680008888244629,2599543
3.802621841430664,2583017
4.080243825912476,2546099
4.134695768356323,2545959
4.322311878204346,2542376
4.3243088722229,2535113
4.327157020568848,2534601
4.330077886581421,2504584
4.344131946563721,2497249
4.492422103881836,2480164
4.6284499168396,2476977
4.674353122711182,2472685
4.682147979736328,2467510
4.683526039123535,2467196
4.741281032562256,2462464
4.7818920612335205,2456563
4.844489812850952,2438838
5.0329909324646,2431001
5.0704240798950195,2413435
5.113596200942993,2399053
5.137587785720825,2391706
5.143835067749023,2383219
5.207084894180298,2382847
5.324613094329834,2335334
5.337062120437622,2293596
5.338395118713379,2288058
5.343111753463745,2273376
5.354647874832153,2233240
5.379777908325195,2226085
5.39627480506897,2096256
5.4150121212005615,2092296
5.416367053985596,2091074
5.417859077453613,2052211
5.465923070907593,2035845
5.60904598236084,2032153
6.56300687789917,2014467
6.822687864303589,2000000
7.603811979293823,1987978
7.606174945831299,1922525
7.709543943405151,1873634
7.827391862869263,1835795
9.604185104370117,1834547
10.380767822265625,1831364
10.431548118591309,1818609
10.468317985534668,1800142
10.744539022445679,1799006
11.221642017364502,1797163
11.320472002029419,1793442
14.452259063720703,1777902
14.524472951889038,1765965
16.532498836517334,1747048
16.69914484024048,1744323
22.164376974105835,1743978
22.172204971313477,1731151
22.44777488708496,1731070
22.740917921066284,1728688
48.82298803329468,1719014
49.28030586242676,1718556
49.28175616264343,1714193
49.30255889892578,1713746
49.30586385726929,1708290
50.061213970184326,1704702
50.8114709854126,1682336
51.89737296104431,1680899
53.20118284225464,1651242
56.227805852890015,1644087
58.76625895500183,1637644
64.31581783294678,1636044
64.49540901184082,1635181
152.50273776054382,1632650
157.0495719909668,1627032
157.21081495285034,1624420
251.58439183235168,1622946
251.94190001487732,1616078
252.09181690216064,1613425
252.68073105812073,1606270
