0.005980491638183594,2135387
0.007983684539794922,2133131
0.009983062744140625,2048743
0.013982772827148438,2037465
0.024984121322631836,2035921
0.048002004623413086,2027421
0.06600356101989746,1998177
0.08598661422729492,1997549
0.09398603439331055,1995577
0.09598588943481445,1975436
0.09898614883422852,1962332
0.1079859733581543,1962269
0.11498808860778809,1951140
0.11598753929138184,1935289
0.11698794364929199,1935105
0.11798787117004395,1929693
0.12198853492736816,1908817
0.12798857688903809,1908427
0.16498970985412598,1838197
0.19099187850952148,1748622
0.1929936408996582,1748415
0.21599268913269043,1731005
0.22399306297302246,1728164
0.23899388313293457,1710611
0.24599432945251465,1704120
0.2489943504333496,1703911
0.2709965705871582,1703881
0.2729966640472412,1703002
0.27773284912109375,1702278
0.30173325538635254,1687893
0.3027334213256836,1683367
0.31473493576049805,1683213
0.32402515411376953,1671261
0.3396573066711426,1670791
0.37821078300476074,1646979
0.3792111873626709,1641454
0.3852112293243408,1641227
0.438248872756958,1641219
0.4416656494140625,1637101
0.5500514507293701,1636808
0.5730524063110352,1636735
0.6580567359924316,1636152
0.6600580215454102,1625819
0.6630580425262451,1625612
0.6780593395233154,1625458
0.6950602531433105,1625178
0.6960606575012207,1624308
1.0340814590454102,1623455
1.035081386566162,1622312
1.22709059715271,1621865
1.326115369796753,1621584
24.417470693588257,1621584
