0.006000518798828125,1869267
0.015000581741333008,1863724
0.027001142501831055,1856421
0.036002397537231445,1806169
0.05500292778015137,1804552
0.09300613403320312,1767706
0.09300613403320312,1762799
0.13800907135009766,1756957
0.1480097770690918,1756585
0.16701006889343262,1752875
0.18001079559326172,1752300
0.18001079559326172,1751997
0.18101096153259277,1749233
0.1890115737915039,1737464
0.2130126953125,1713986
0.2590157985687256,1705707
0.3630218505859375,1704748
0.37502264976501465,1704081
0.3760237693786621,1698981
0.44904613494873047,1683652
0.456026554107666,1680352
0.4680488109588623,1677495
0.47902822494506836,1662444
0.5510523319244385,1662168
0.5680549144744873,1657062
0.6000657081604004,1655649
0.7100613117218018,1654639
0.7120623588562012,1653407
0.8390729427337646,1642638
0.8750729560852051,1641406
0.8920722007751465,1640543
2.0011179447174072,1639719
2.1221437454223633,1638487
3.6032321453094482,1638450
4.603302478790283,1638226
4.619293928146362,1627503
23.97843027114868,1627503
