1.6521258354187012,1938290
1.6541259288787842,1931421
1.6581261157989502,1909461
1.6811261177062988,1889098
1.6831254959106445,1888565
1.861137866973877,1882560
1.861137866973877,1882005
1.864137887954712,1874918
1.8711366653442383,1870514
1.8721363544464111,1863286
1.9521434307098389,1861297
1.9651424884796143,1847488
1.9661424160003662,1841348
1.9661424160003662,1840702
1.9671423435211182,1834249
1.9681432247161865,1831500
2.0151472091674805,1826181
2.0181453227996826,1810371
2.0191452503204346,1808813
2.0301461219787598,1793808
2.0351462364196777,1783360
2.205158233642578,1779832
2.2981622219085693,1770705
2.398167848587036,1759920
2.401169538497925,1759880
2.4401698112487793,1747323
2.4431703090667725,1732403
2.4451704025268555,1731636
2.4571726322174072,1724534
2.4611711502075195,1712417
2.4641711711883545,1709406
2.4651710987091064,1693351
2.4681711196899414,1692608
2.4721734523773193,1691689
2.4751718044281006,1682018
2.490173101425171,1677943
2.497173547744751,1670137
2.507174015045166,1668282
2.5281753540039062,1666153
2.5381758213043213,1660165
2.552175760269165,1647205
2.569179058074951,1645832
2.6851837635040283,1636369
2.690171480178833,1629952
2.6981863975524902,1623267
2.699186325073242,1622969
2.721186399459839,1621792
2.721186399459839,1621511
3.0892083644866943,1603452
3.10921049118042,1597155
3.118211507797241,1593509
3.1192116737365723,1587984
4.703302621841431,1585397
4.762305736541748,1583564
4.921316862106323,1579701
5.098325252532959,1569706
6.460397005081177,1568474
6.552402019500732,1567061
