0.0050013065338134766,2085357
0.008001565933227539,2084068
0.0110015869140625,2043980
0.012000799179077148,1977994
0.015001058578491211,1950561
0.016000747680664062,1911512
0.02100205421447754,1861736
0.02700209617614746,1861416
0.02700209617614746,1861070
0.031002283096313477,1831655
0.03900265693664551,1805738
0.04900312423706055,1787578
0.051003217697143555,1786939
0.05800437927246094,1773786
0.06000471115112305,1772553
0.06200385093688965,1753134
0.06600356101989746,1749065
0.0980062484741211,1723665
0.1110069751739502,1687145
0.1130068302154541,1678508
0.1130068302154541,1663771
0.13600850105285645,1641304
0.14300823211669922,1635430
0.14700889587402344,1635223
0.15700793266296387,1634252
0.1630079746246338,1631658
0.19301176071166992,1625422
0.21901392936706543,1620911
0.23401188850402832,1616220
0.2910151481628418,1605682
0.45004844665527344,1583316
0.4510495662689209,1576161
0.4970276355743408,1573758
0.6720607280731201,1573267
0.8700687885284424,1572205
0.9780561923980713,1568672
1.2860932350158691,1567497
23.939417600631714,1567497
