1.5790963172912598,2107401
1.5790963172912598,2100683
1.581094741821289,2082947
1.5830941200256348,2041395
1.5840961933135986,2031087
1.5840961933135986,2018164
1.5920953750610352,2000065
1.5920953750610352,1989600
1.5960960388183594,1977357
1.6660990715026855,1974538
1.6681013107299805,1974306
1.7641050815582275,1956516
1.7671067714691162,1934567
1.7721059322357178,1929711
1.7741055488586426,1923754
1.7761075496673584,1893155
1.8471102714538574,1873138
1.8571105003356934,1857642
1.8671114444732666,1851144
1.8681116104125977,1849880
1.900113582611084,1833715
1.9201159477233887,1830602
2.0571227073669434,1830418
2.0871245861053467,1823615
2.0881242752075195,1821437
2.0951249599456787,1816841
2.0981249809265137,1815219
2.1031248569488525,1803383
2.1261274814605713,1799283
2.1261274814605713,1796154
2.129126787185669,1779598
2.131124973297119,1771080
2.139127492904663,1763404
2.2901363372802734,1760334
2.351140022277832,1755885
2.352139949798584,1751210
2.368142604827881,1738552
2.382141590118408,1730922
2.382141590118408,1728776
2.3901424407958984,1728160
2.4191436767578125,1727382
2.4221441745758057,1713614
2.4231441020965576,1703517
2.451145887374878,1690456
2.4661483764648438,1681969
2.471147298812866,1681106
2.478147268295288,1674415
2.744163990020752,1652266
2.7571637630462646,1640216
2.7661638259887695,1637786
2.825167179107666,1637733
2.8371682167053223,1630623
3.0201973915100098,1625560
3.021177053451538,1622642
3.055178642272949,1612625
3.3512234687805176,1605403
3.3672263622283936,1601309
3.3742246627807617,1599301
3.3782248497009277,1598342
3.381225109100342,1594666
3.397226333618164,1592972
3.45123028755188,1591304
3.4522297382354736,1590161
3.5712366104125977,1590116
3.5742392539978027,1588108
3.5762364864349365,1587620
3.674241781234741,1583335
4.4382874965667725,1576610
5.319339036941528,1574667
5.649357080459595,1566850
5.649357080459595,1560757
8.196508884429932,1560046
