1.6450963020324707,1984700
1.648097276687622,1980229
1.649097204208374,1927315
1.7451021671295166,1924867
1.7491025924682617,1922186
1.7501027584075928,1908191
1.7511029243469238,1898683
1.7521023750305176,1895391
1.7521023750305176,1893978
1.7541024684906006,1881977
1.7701051235198975,1876356
1.9381134510040283,1867209
1.9401137828826904,1855714
1.9431138038635254,1834682
1.9431138038635254,1825376
1.9511144161224365,1819594
1.9661126136779785,1802181
1.9691154956817627,1792732
1.9711155891418457,1788716
1.9861185550689697,1781473
1.9901165962219238,1770879
1.9961163997650146,1770136
1.999117136001587,1739914
2.3861396312713623,1738380
2.3861396312713623,1736455
2.38914155960083,1735280
2.422139883041382,1723972
2.6421802043914795,1708426
2.652172803878784,1691554
2.653172731399536,1689659
2.7371857166290283,1688792
2.7371857166290283,1688362
2.7391855716705322,1687915
2.740187644958496,1687340
2.740187644958496,1684353
2.7531864643096924,1682768
2.975200891494751,1678091
3.0612049102783203,1666784
3.0902059078216553,1660954
3.14121150970459,1659049
3.1922125816345215,1657568
3.20221209526062,1652842
3.2132136821746826,1652027
3.2152135372161865,1648727
3.5542349815368652,1648070
3.6462390422821045,1642160
3.6662397384643555,1637007
3.676241159439087,1635775
3.749244451522827,1635411
3.7512447834014893,1635330
3.8272511959075928,1634019
4.120258092880249,1627594
4.173241376876831,1624660
4.4132561683654785,1623694
4.450258016586304,1620633
4.487260580062866,1618076
4.592266082763672,1617715
4.6092681884765625,1615821
5.172300100326538,1615812
5.220303535461426,1614605
5.229303598403931,1614372
5.234304189682007,1610507
5.366311311721802,1609373
5.366311311721802,1608362
5.453316926956177,1606213
6.161357879638672,1604732
6.204360008239746,1603989
6.237362384796143,1602814
6.2423624992370605,1601214
6.253363847732544,1601094
6.287365674972534,1596651
8.257508039474487,1596009
