0.0034322738647460938,6863871
0.016814231872558594,6688987
0.18120813369750977,6685241
0.25028419494628906,6647966
0.25461506843566895,6532888
0.3184661865234375,6518448
0.3234550952911377,6339814
0.8325152397155762,6339811
0.8340160846710205,6117002
0.8823671340942383,6116456
0.8850891590118408,5999895
1.0832300186157227,5983003
1.2233741283416748,5934057
1.2522642612457275,5922218
1.2899272441864014,5879394
1.4065442085266113,5862572
1.4233462810516357,5820520
1.4520671367645264,5810119
1.4718022346496582,5807659
1.5350210666656494,5804472
1.5699362754821777,5784097
1.5860669612884521,5758418
1.5895559787750244,5740483
1.5916740894317627,5711846
1.5939390659332275,5524653
1.6020560264587402,5520154
1.6044621467590332,5281013
1.6748359203338623,5230829
1.6818201541900635,5105528
1.7039012908935547,5072962
1.7071521282196045,4736324
1.7281150817871094,4733846
1.7309131622314453,4498212
1.9167449474334717,4497374
1.923185110092163,4421369
2.5311601161956787,4371598
2.545527219772339,4365777
2.549471139907837,4351284
2.5773229598999023,4250701
2.674420118331909,4189051
2.698244094848633,4136650
2.7173171043395996,4011241
2.913396120071411,3997055
2.916015148162842,3912773
2.9233150482177734,3908883
2.926975965499878,3796783
2.943448066711426,3771480
2.9499351978302,3738718
2.9600770473480225,3591277
2.963869333267212,3538107
2.9799742698669434,3515648
2.98258113861084,3513586
2.9854981899261475,3480632
2.9908480644226074,3472262
2.9961540699005127,3374206
2.997645139694214,3356367
3.046189069747925,3281665
3.050586223602295,3247430
3.0575201511383057,3190459
3.0598132610321045,3104114
3.066174030303955,3094987
3.0690691471099854,3083479
3.100980043411255,3081098
3.1347262859344482,3054565
3.1483283042907715,3053725
3.1542153358459473,3044440
3.1576662063598633,3034875
3.1729133129119873,3030814
3.2809081077575684,3023793
3.28316330909729,3021094
3.287929058074951,3017965
3.439986228942871,3001520
3.626526117324829,2978145
3.6389009952545166,2977481
3.6422910690307617,2875109
3.6454081535339355,2868211
3.6640090942382812,2845258
3.6658623218536377,2830839
3.6743781566619873,2803514
3.752986192703247,2799703
3.7621681690216064,2775090
3.7759721279144287,2768139
3.779876232147217,2745306
3.7991652488708496,2734936
3.83725905418396,2719699
3.8799281120300293,2708837
3.9829750061035156,2621507
4.461319208145142,2603702
4.567367315292358,2576862
4.894272089004517,2569185
5.299548149108887,2566977
5.306602954864502,2552187
5.484270095825195,2546132
5.8920183181762695,2544489
5.938536167144775,2488225
5.9472739696502686,2477563
5.950806140899658,2413312
5.959373235702515,2410438
5.962744235992432,2363172
5.984232187271118,2341796
6.021326065063477,2333927
6.024523019790649,2295179
6.110435247421265,2279902
6.116302251815796,2272722
6.119790077209473,2267726
6.122805118560791,2264832
6.126312255859375,2263217
6.128133296966553,2256759
6.137342929840088,2253482
6.13883900642395,2225336
6.14568305015564,2222377
6.152320146560669,2212122
6.154268264770508,2202719
6.244562149047852,2199906
6.267327070236206,2162286
6.28384804725647,2155496
6.3104681968688965,2132552
6.318948268890381,2121914
6.3421549797058105,2119276
6.419076204299927,2110034
6.427560329437256,2108269
6.432084083557129,2086627
6.778094053268433,2077085
6.786868095397949,2069863
6.8770623207092285,2067548
6.993711233139038,2058273
6.996992111206055,2054340
7.171329021453857,2041513
8.261046171188354,1979744
8.389525175094604,1942667
8.40659213066101,1939450
8.409963130950928,1938483
8.455456018447876,1938329
8.462757110595703,1938196
8.466022253036499,1935053
8.620373010635376,1933448
8.74980616569519,1927616
9.138113021850586,1918285
9.425350189208984,1911142
10.564758062362671,1886583
10.783967971801758,1855613
10.818467140197754,1851407
10.892318964004517,1850232
11.29086422920227,1843077
11.815366268157959,1842046
11.998244047164917,1841969
12.073934078216553,1826247
12.153278112411499,1823759
12.156479120254517,1811723
12.282859086990356,1806617
12.4758141040802,1802965
12.51365613937378,1802737
12.649907112121582,1794024
12.757863283157349,1777326
13.04034423828125,1769713
13.114192247390747,1768305
13.118507146835327,1763781
13.415847301483154,1763700
14.337067127227783,1757437
14.46402621269226,1750418
18.29707431793213,1729200
20.633836030960083,1722315
22.172126054763794,1720307
26.293168306350708,1718762
60.431108236312866,1718217
60.68108916282654,1700607
60.84920024871826,1680812
61.0482439994812,1679949
63.74781513214111,1678701
106.55549120903015,1676705
106.75310707092285,1676624
106.92644619941711,1674242
139.16253328323364,1660395
232.6810622215271,1656572
