0.002488851547241211,7518171
0.010874032974243164,7494334
0.01719212532043457,7361082
0.02575206756591797,7350009
0.027278900146484375,7304031
0.04260993003845215,7292900
0.05519390106201172,7290289
0.06416797637939453,7244047
0.07238006591796875,7238823
0.08205294609069824,7121042
0.08542180061340332,7083763
0.08858513832092285,7024586
0.09762120246887207,6924902
0.10063910484313965,6897663
0.103607177734375,6835951
0.10508203506469727,6773124
0.10848593711853027,6638702
0.11394309997558594,6625667
0.12403321266174316,6618877
0.12721014022827148,6345796
0.13061213493347168,6342658
0.13373804092407227,6136744
0.14702796936035156,6136663
0.15024900436401367,6097993
0.1775071620941162,6096023
0.1812760829925537,6069372
0.20139098167419434,6065924
0.20288586616516113,5875145
0.38561487197875977,5871155
0.3896369934082031,5766540
0.41216015815734863,5761615
0.42560911178588867,5687268
0.42900800704956055,5680610
0.5227200984954834,5651163
0.5352201461791992,5634754
0.5434608459472656,5607598
0.5518338680267334,5404272
0.5615019798278809,5363674
0.581230878829956,5353040
0.5866189002990723,5275550
0.6495139598846436,5270197
0.6522572040557861,5263190
0.8289029598236084,5258816
0.8408310413360596,5247966
0.9447979927062988,5241897
1.0717189311981201,5240280
1.0748748779296875,5225768
1.262943983078003,5225130
1.3036119937896729,5215684
1.3172340393066406,5143445
1.3288469314575195,5124172
1.4051342010498047,5101579
1.4095540046691895,5055195
1.427807092666626,5041241
1.4334371089935303,4845744
1.4817380905151367,4839861
1.5149321556091309,4798625
1.5272998809814453,4781202
1.651947021484375,4779131
1.6534438133239746,4693777
1.6609570980072021,4693510
1.6628129482269287,4648668
1.673591136932373,4628766
1.6896469593048096,4627721
1.6928420066833496,4506048
1.8732340335845947,4501504
1.886253833770752,4413417
2.0069541931152344,4410304
2.010174036026001,4226606
2.172481060028076,4212204
2.4062180519104004,4210051
2.4077420234680176,4148543
2.5358669757843018,4127332
2.548923969268799,4107168
2.557324171066284,4106784
2.5588040351867676,4105947
2.560271978378296,4099644
2.6627960205078125,4095405
2.676577091217041,4028539
2.848686933517456,4003277
2.8692879676818848,3996357
2.87339186668396,3979464
2.8986001014709473,3953551
2.9963860511779785,3950589
3.0041749477386475,3933631
3.007233142852783,3913629
3.155240058898926,3904135
3.2634530067443848,3832427
3.2739510536193848,3785496
3.2772300243377686,3771679
3.279672861099243,3619257
3.406564950942993,3618426
3.4800291061401367,3588675
3.483253002166748,3557064
3.4866111278533936,3554555
3.494094133377075,3539972
3.4990360736846924,3536570
3.507580041885376,3460192
3.5284502506256104,3457658
3.6564300060272217,3447477
3.8777501583099365,3437530
4.133320093154907,3411927
4.280534029006958,3410533
4.3078742027282715,3408856
4.344611167907715,3355172
4.34962010383606,3340949
4.428373098373413,3291523
4.434489965438843,3171551
4.447391986846924,3158558
4.535881042480469,3149103
4.915303945541382,3107168
4.925519943237305,3087826
4.932871103286743,2867795
4.936840057373047,2854546
4.97706413269043,2797222
4.985089063644409,2781313
4.989277124404907,2764798
5.004848957061768,2763680
5.010280132293701,2763001
5.018810987472534,2716710
5.023899078369141,2571097
5.057070016860962,2551399
5.074954032897949,2549087
5.078463077545166,2506451
5.288722038269043,2472483
5.356637954711914,2441168
5.3604021072387695,2397788
5.3871681690216064,2396613
5.715915203094482,2392430
5.78832221031189,2382527
5.791283130645752,2251141
5.830097913742065,2171245
5.858147859573364,2119929
5.874491930007935,2105462
5.97634220123291,2097900
6.4438159465789795,2094384
6.446080207824707,2093809
6.605301141738892,2090213
6.608752012252808,2082720
6.774229049682617,2074843
6.915235996246338,2074814
8.689266920089722,2070697
8.916136980056763,2069388
8.921555042266846,2067569
9.266605854034424,2061342
9.390531063079834,2059458
9.428528070449829,2048558
9.456014156341553,2012363
9.499057054519653,2004002
9.605815172195435,2001994
9.608942031860352,1990647
9.734031915664673,1971687
9.817783117294312,1942651
9.915763139724731,1917134
10.094115257263184,1872001
10.52919602394104,1854160
11.139473915100098,1851132
11.331895112991333,1839167
11.56563687324524,1837630
12.315874099731445,1837182
12.454632997512817,1830885
12.993542909622192,1830159
14.52613115310669,1817487
15.301496267318726,1813377
15.304986000061035,1793612
16.82600212097168,1793016
16.836015939712524,1781313
16.839484930038452,1772253
16.84273099899292,1769528
16.979772090911865,1769447
17.0586199760437,1758874
17.991343021392822,1758165
18.14769220352173,1754758
18.173764944076538,1747780
18.187922954559326,1741899
19.607447147369385,1741302
23.435385942459106,1739185
23.456863164901733,1738315
23.650296211242676,1733504
29.35787296295166,1732809
92.63033413887024,1726083
92.63184118270874,1714575
92.65748405456543,1704435
92.68085217475891,1699640
92.6975200176239,1695191
92.83513188362122,1690085
93.2448079586029,1687626
93.3888771533966,1686218
94.00623917579651,1678424
94.14553809165955,1676021
95.96534299850464,1604319
97.56418323516846,1601293
97.6146399974823,1594197
97.71463704109192,1592712
97.76329612731934,1581447
98.45771098136902,1579022
98.49117803573608,1577879
99.1624231338501,1575963
107.5801191329956,1573841
107.5902030467987,1573355
