0.003999948501586914,2049560
0.009000301361083984,2047596
0.010000467300415039,2044245
0.020000696182250977,2030687
0.0260012149810791,2004029
0.03202247619628906,1989663
0.04002046585083008,1988606
0.04102039337158203,1969140
0.04102039337158203,1961837
0.060005903244018555,1958549
0.0760040283203125,1949392
0.08200478553771973,1945086
0.09300494194030762,1944054
0.09517383575439453,1941164
0.16595172882080078,1931021
0.18095064163208008,1930184
0.18195295333862305,1928176
0.20195245742797852,1918484
0.20395302772521973,1914860
0.20495223999023438,1899353
0.20595335960388184,1890163
0.21695470809936523,1887392
0.22295236587524414,1879715
0.24095678329467773,1870993
0.24895596504211426,1797142
0.26595616340637207,1752579
0.33596062660217285,1747407
0.34096264839172363,1725041
0.43347787857055664,1704854
0.44347667694091797,1694521
0.5094823837280273,1689560
0.5294828414916992,1689415
0.5584850311279297,1687721
0.5614852905273438,1683126
0.5634856224060059,1644990
0.596487283706665,1640714
0.6204888820648193,1639539
0.6384899616241455,1637922
0.770496129989624,1637363
0.8104982376098633,1635950
3.911067008972168,1632397
23.93194055557251,1621183
24.622103929519653,1621183
