0.001870870590209961,7637849
0.0035288333892822266,7633127
0.008021831512451172,7317415
0.014010906219482422,7314099
0.01724696159362793,7177560
0.018815040588378906,7013682
0.024161815643310547,7002987
0.027631759643554688,6956479
0.034723758697509766,6893847
0.05028891563415527,6856537
0.052272796630859375,6478462
0.05907273292541504,6440673
0.06105685234069824,6227851
0.09718465805053711,6190075
0.10020589828491211,6099303
0.1300339698791504,6085150
0.13232684135437012,6060389
0.14109587669372559,6026460
0.1435096263885498,5946498
0.15783095359802246,5918648
0.1611039638519287,5678916
0.1737978458404541,5659924
0.18615508079528809,5659626
0.3469257354736328,5638411
0.3520216941833496,5637076
0.8606998920440674,5510379
1.0337498188018799,5377161
1.0478568077087402,5342895
1.0820558071136475,5213657
1.084047794342041,5204880
1.0950567722320557,5192878
1.1349289417266846,5188133
1.1381876468658447,5179268
1.1731207370758057,5132828
1.210359811782837,5123402
1.2482528686523438,5105728
1.2712347507476807,5100875
1.2727999687194824,5076572
1.2834868431091309,4928770
1.2919838428497314,4910254
1.3206069469451904,4906577
1.3236486911773682,4862434
1.4563169479370117,4844087
1.4611647129058838,4811005
1.4916808605194092,4804375
1.5043787956237793,4803689
1.5396087169647217,4798241
1.5454399585723877,4686048
1.5860140323638916,4654760
1.6131527423858643,4640958
1.614736795425415,4631861
1.616304874420166,4604662
1.6192967891693115,4584674
1.6227178573608398,4437437
1.637624740600586,4381392
1.6410870552062988,4304032
1.6469509601593018,4248512
1.660383939743042,4124391
1.6652307510375977,4027670
1.7376749515533447,3929046
1.7451069355010986,3925477
1.7519099712371826,3864472
1.7610108852386475,3858613
1.7644758224487305,3838261
1.7679028511047363,3834518
1.8152966499328613,3786427
1.8666739463806152,3784152
1.86991286277771,3780810
1.9055969715118408,3775190
1.9071648120880127,3770824
1.923306941986084,3760434
1.9801208972930908,3742806
1.9897239208221436,3741527
1.9949347972869873,3617139
2.0066587924957275,3614728
2.0616776943206787,3613496
2.1984100341796875,3609415
2.2089927196502686,3606704
2.2555038928985596,3587259
2.323864698410034,3562348
2.347334861755371,3555772
2.355642795562744,3536499
2.3589587211608887,3487541
2.4156737327575684,3454154
2.4172019958496094,3361530
2.4187519550323486,3260398
2.524326801300049,3248318
2.5364348888397217,3172016
2.638284683227539,3149587
2.822277784347534,3145298
2.8237898349761963,3136498
2.840850830078125,3103627
2.844648838043213,3100164
2.849186897277832,3088792
2.8509469032287598,3061428
2.879196882247925,3054841
2.8886468410491943,3051923
3.0048749446868896,3045877
3.0133960247039795,3039307
3.1298439502716064,3037565
3.133476734161377,3011423
3.5368378162384033,3002318
3.5668139457702637,2953837
3.676574945449829,2948866
3.678597927093506,2943687
3.7353627681732178,2924378
3.738614082336426,2922187
3.741536855697632,2881142
3.8157639503479004,2870050
3.817335844039917,2847592
4.0187718868255615,2816752
4.028266906738281,2799240
4.0330047607421875,2798591
4.037484884262085,2781863
4.245612859725952,2775459
4.252948045730591,2759483
4.309820890426636,2756460
4.318544864654541,2731387
4.340719938278198,2724308
4.34785270690918,2718761
4.426539659500122,2716785
4.481704950332642,2715715
4.488391876220703,2704754
4.491617679595947,2702879
4.5656960010528564,2702376
4.9787938594818115,2700671
4.980392932891846,2680131
5.107097864151001,2669600
5.2264487743377686,2657840
5.3852698802948,2635913
5.412309646606445,2588185
5.421458959579468,2550609
5.6048479080200195,2530837
5.691288709640503,2438655
5.72486686706543,2416444
5.7305779457092285,2398330
5.761835813522339,2370606
5.863300800323486,2360454
6.179787635803223,2349377
6.185594797134399,2318823
6.848399877548218,2290303
7.228904962539673,2237529
7.365131855010986,2222550
7.523051738739014,2216719
7.609078645706177,2214289
7.612070798873901,2214131
7.6141157150268555,2213994
7.615638732910156,2206865
7.7490949630737305,2202509
7.864256858825684,2198417
8.188716888427734,2184935
8.557348728179932,2182532
9.409592866897583,2182172
9.686093807220459,2182125
9.709573745727539,2178955
9.71242880821228,2166209
9.813585996627808,2156192
10.401202917098999,2151743
10.743531703948975,2145913
11.0412917137146,2126952
11.04436993598938,2111424
11.167073726654053,2101091
11.480073928833008,2043105
11.95669674873352,2042242
12.970133066177368,2028740
13.071501731872559,2018635
13.102091789245605,1992554
14.280523777008057,1989545
14.532317876815796,1987073
14.773210763931274,1973283
14.783720970153809,1971868
14.785233974456787,1954631
14.973196744918823,1938116
14.974716901779175,1921559
34.964566707611084,1914662
35.262584924697876,1903536
37.19771695137024,1903238
37.43667793273926,1902375
37.93158793449402,1901839
37.93536686897278,1837361
38.05724787712097,1818287
38.25975584983826,1815369
39.23357582092285,1814630
39.45354080200195,1814183
40.576555013656616,1807028
40.6904399394989,1805853
40.696959018707275,1784790
42.407670736312866,1783800
43.31755590438843,1780124
43.59405970573425,1745960
45.44635772705078,1738121
45.584415912628174,1735318
45.69042372703552,1730143
46.63032078742981,1707427
46.834311962127686,1704219
49.4335150718689,1662952
49.457090854644775,1630744
50.499510049819946,1626036
