1.650801420211792,2076902
1.650801420211792,2076433
1.650801420211792,2040956
1.666426181793213,2034712
1.682051658630371,2018148
1.682051658630371,2011233
1.682051658630371,2001884
1.682051658630371,1989301
1.682051658630371,1974610
1.682051658630371,1951070
1.682051658630371,1944348
1.713301658630371,1938489
1.713301658630371,1921985
1.728926658630371,1919615
1.728926658630371,1903562
1.728926658630371,1901056
1.728926658630371,1895483
1.728926658630371,1890973
1.728926658630371,1887567
1.728926658630371,1869962
1.728926658630371,1865269
1.728926658630371,1849279
1.728926658630371,1839269
1.728926658630371,1830949
1.728926658630371,1786976
2.0258023738861084,1786750
2.0258023738861084,1783194
2.0258023738861084,1779591
2.0258023738861084,1767462
2.0258023738861084,1767332
2.2289280891418457,1766631
2.2601778507232666,1746479
2.2758030891418457,1741114
2.2758030891418457,1735051
2.291428327560425,1734231
2.291428327560425,1722884
2.603928804397583,1715749
2.603928804397583,1707324
2.713304281234741,1706449
2.713304281234741,1700774
2.74894380569458,1697899
2.8550684452056885,1697735
2.8706963062286377,1696580
2.8706963062286377,1695901
2.919782876968384,1685974
2.9667046070098877,1685899
2.9857571125030518,1684928
3.18888258934021,1683201
3.20450758934021,1677511
3.25138258934021,1672943
3.29825758934021,1663528
3.3138833045959473,1640720
3.4232587814331055,1639713
3.4388833045959473,1631194
3.793794870376587,1628374
4.090670824050903,1625829
4.106295585632324,1619241
4.5125463008880615,1613630
4.65442419052124,1613169
4.68567419052124,1599621
5.218087196350098,1598815
6.993936061859131,1598446
7.165811538696289,1597583
