0.0023398399353027344,7144994
0.00458979606628418,7076199
0.007870912551879883,7058120
0.009038925170898438,6887548
0.011373758316040039,6867399
0.014154911041259766,6707327
0.02863907814025879,6697309
0.030588865280151367,6694009
0.03746390342712402,6589620
0.04177999496459961,6583057
0.04298090934753418,6562098
0.04538393020629883,6523671
0.04722881317138672,6486308
0.05575680732727051,6478957
0.05709385871887207,6474360
0.059599876403808594,6471261
0.06088995933532715,6399492
0.06602883338928223,6379832
0.06726193428039551,6352522
0.06841182708740234,6275892
0.07143688201904297,6275012
0.07384777069091797,6233437
0.07496976852416992,6043829
0.07944297790527344,6029981
0.10156583786010742,5969434
0.11916184425354004,5966864
0.12261390686035156,5942594
0.12502193450927734,5939971
0.12676477432250977,5849902
0.1518847942352295,5841344
0.15317487716674805,5799364
0.16062188148498535,5797215
0.16895389556884766,5796253
0.17014288902282715,5790637
0.184783935546875,5767602
0.18707799911499023,5764070
0.1884160041809082,5717816
0.19069385528564453,5676741
0.22470498085021973,5674019
0.22583889961242676,5534554
0.22966289520263672,5526502
0.23601484298706055,5491634
0.23715782165527344,5403359
0.26247191429138184,5370969
0.2649118900299072,5335358
0.2676558494567871,5326878
0.2689170837402344,5226147
0.28583288192749023,5202213
0.28738903999328613,5190201
0.3078117370605469,5177533
0.3089408874511719,5090906
0.3102748394012451,5023560
0.31485891342163086,4894448
0.3178699016571045,4855703
0.33011794090270996,4842566
0.3326139450073242,4831574
0.33553099632263184,4813975
0.336669921875,4755694
0.3478050231933594,4748740
0.5310478210449219,4741155
0.5322098731994629,4681148
0.6797788143157959,4626353
0.6894779205322266,4625265
0.6906020641326904,4532603
0.7540397644042969,4523940
0.7718238830566406,4465511
0.7841668128967285,4442661
0.7888708114624023,4434325
0.7926409244537354,4421198
0.7949678897857666,4384679
0.8040719032287598,4354223
0.8356549739837646,4342983
0.8476898670196533,4340968
0.880814790725708,4323358
0.883979082107544,4288712
0.9016668796539307,4260920
0.9051856994628906,4257462
0.9098141193389893,4253973
0.9447708129882812,4242123
0.9869599342346191,4227452
1.0611958503723145,4221861
1.0716817378997803,4210449
1.1297729015350342,4194083
1.2978148460388184,4192910
1.2989487648010254,4189848
1.30010986328125,4183351
1.3748948574066162,4181598
1.3773188591003418,4175319
1.4964838027954102,4172790
1.49879789352417,4134669
1.5550258159637451,4133464
1.5656578540802002,4129728
1.5967597961425781,4123031
1.5979647636413574,4113595
1.6106669902801514,4085592
1.6152849197387695,3885915
1.6411919593811035,3877324
1.6424720287322998,3849609
1.6516659259796143,3841250
1.8167378902435303,3840691
1.8180129528045654,3836256
1.891629934310913,3834604
1.8999550342559814,3830028
1.9528567790985107,3828704
1.9552488327026367,3825041
2.0808467864990234,3819329
2.0823209285736084,3814784
2.085973024368286,3810640
2.1356890201568604,3795941
2.1470389366149902,3794677
2.21207594871521,3775535
2.430860757827759,3725573
2.519246816635132,3702701
2.60257887840271,3570514
2.604857921600342,3505139
2.6077587604522705,3499895
2.611940860748291,3459101
2.634251832962036,3411485
2.6394078731536865,3245415
2.6485776901245117,3125338
2.6510300636291504,3092880
2.6533026695251465,3075286
2.654526948928833,3052299
2.66972279548645,2993439
2.6749699115753174,2894589
2.739982843399048,2884455
2.7425308227539062,2637846
2.7563588619232178,2633293
2.8539199829101562,2566510
3.016047954559326,2521160
3.027505874633789,2330465
3.0469248294830322,2321780
3.048063039779663,2310207
3.049470901489258,2306888
3.0710721015930176,2301083
3.0931427478790283,2293533
3.197232961654663,2209829
3.1995849609375,2201262
3.2692580223083496,2179662
3.2728850841522217,2177765
3.2758729457855225,2177596
3.2784650325775146,2159243
3.28072190284729,2152813
3.2900607585906982,2151774
3.2985260486602783,2134123
3.300520896911621,2121515
3.3198437690734863,2104138
3.3651537895202637,2088683
3.4589319229125977,2088429
4.073863983154297,2076068
4.2229650020599365,2026040
4.478281021118164,2014088
4.626231908798218,2013162
4.656928062438965,2011680
4.662633895874023,1996972
4.694814920425415,1987976
4.903278827667236,1980821
5.48551082611084,1975508
5.490907907485962,1952950
5.605036020278931,1943888
5.687551975250244,1937380
5.754278898239136,1935820
5.786976099014282,1931371
5.882091999053955,1922903
5.894841909408569,1919155
5.897360801696777,1883586
5.990713834762573,1864486
6.040256023406982,1862602
6.0974180698394775,1854292
6.16540789604187,1852376
6.252719879150391,1849205
6.287077903747559,1845944
6.443119764328003,1839765
6.444430828094482,1798767
7.796076774597168,1783780
8.090006113052368,1778999
8.805832862854004,1778816
9.022534847259521,1778747
9.03394103050232,1775459
9.126430988311768,1773909
9.515130758285522,1769036
9.580911874771118,1765931
9.709189891815186,1755835
12.99174189567566,1755540
12.997008800506592,1753115
13.088815927505493,1751972
14.1751549243927,1751357
132.8952510356903,1747062
132.8999309539795,1742044
132.91884088516235,1740128
138.08609008789062,1724184
159.07965278625488,1720622
160.4749698638916,1718614
161.61348676681519,1681899
165.8754367828369,1676069
202.325936794281,1668243
205.8626787662506,1660178
206.46933484077454,1658309
206.90860390663147,1657963
207.22931385040283,1655156
207.33668088912964,1653981
207.47200179100037,1647030
207.60451292991638,1644984
212.83116173744202,1644261
213.33302998542786,1637897
218.64055609703064,1627605
224.2792489528656,1623663
229.7328178882599,1621834
