1.5697829723358154,2075887
1.5697829723358154,2065448
1.5697829723358154,2042066
1.5854079723358154,2040891
1.5854079723358154,2034033
1.5854079723358154,2022051
1.664672613143921,2013464
1.664672613143921,2001785
1.664672613143921,1994116
1.664672613143921,1975146
1.664672613143921,1958856
1.711548089981079,1933515
1.711548089981079,1928195
1.711548089981079,1928114
1.711548089981079,1892886
1.8052983283996582,1888638
1.8052983283996582,1887425
1.8052983283996582,1886890
1.8209238052368164,1876982
1.8209238052368164,1819158
1.8365483283996582,1817742
2.024076461791992,1811821
2.024076461791992,1810908
2.024076461791992,1807148
2.024076461791992,1804696
2.024076461791992,1776054
2.039701223373413,1744576
2.039701223373413,1742616
2.055326461791992,1736676
2.055326461791992,1736061
2.055326461791992,1730932
2.055326461791992,1729524
2.055326461791992,1728284
2.1647017002105713,1723517
2.306623697280884,1706172
2.3379015922546387,1705503
2.3535261154174805,1702436
2.3535261154174805,1696565
2.5097768306732178,1693837
2.525402069091797,1679370
2.525402069091797,1674667
2.5566518306732178,1664809
2.5879018306732178,1660197
2.6035282611846924,1656982
2.650402307510376,1656763
2.650402307510376,1651165
2.666027545928955,1640367
2.697277545928955,1640076
3.0410282611846924,1634149
3.0410282611846924,1625432
3.0566539764404297,1623424
3.0566539764404297,1621689
3.0722787380218506,1620178
3.0879034996032715,1619734
3.103529214859009,1618871
3.103529214859009,1611886
3.103529214859009,1611247
3.103529214859009,1608808
3.1347784996032715,1600686
3.197279214859009,1599448
3.306654691696167,1597447
3.3379039764404297,1595220
3.3379039764404297,1581049
3.353529453277588,1580354
3.353529453277588,1575269
4.063420534133911,1575190
4.063420534133911,1574551
4.09467077255249,1570790
4.219671010971069,1565615
