1.4400856494903564,2145182
1.4540846347808838,2112426
1.500087022781372,2103897
1.502089500427246,2074997
1.5050880908966064,2050651
1.5070877075195312,2015166
1.5070877075195312,2005350
1.5080907344818115,1982166
1.5090880393981934,1973478
1.5650913715362549,1954288
1.568091630935669,1948188
1.5720939636230469,1944491
1.6610968112945557,1934333
1.71109938621521,1931242
1.71109938621521,1924606
1.7381012439727783,1920805
1.7441017627716064,1916092
1.7491018772125244,1904841
1.7491018772125244,1901829
1.7531044483184814,1891899
1.754103660583496,1876512
1.8361108303070068,1875911
1.8381080627441406,1873486
1.8391075134277344,1857950
1.8601086139678955,1849743
1.8651106357574463,1831874
2.0881221294403076,1821221
2.0921244621276855,1797210
2.0931236743927,1794694
2.0951240062713623,1789925
2.2411324977874756,1787679
2.252131700515747,1784443
2.3401379585266113,1776876
2.392141342163086,1772993
2.405139684677124,1764193
2.416140556335449,1764038
2.419140338897705,1758863
2.471144676208496,1755560
2.4741458892822266,1750924
2.4771454334259033,1747873
2.4791457653045654,1741173
2.482144355773926,1738921
2.59015154838562,1734284
2.599151849746704,1732697
2.632153272628784,1731084
2.6341543197631836,1726883
2.7031304836273193,1723532
2.7051308155059814,1723157
2.7901642322540283,1722727
2.829165458679199,1720477
2.842167854309082,1714136
2.845168113708496,1710848
2.845168113708496,1705943
2.8461663722991943,1696668
2.849167823791504,1696133
2.8601675033569336,1693067
2.8611671924591064,1670601
2.8891685009002686,1669952
3.1981863975524902,1665654
3.2041890621185303,1658866
3.2281904220581055,1647777
3.2371888160705566,1646914
3.294184446334839,1641226
3.294184446334839,1640363
3.313185691833496,1631663
4.763280153274536,1631053
4.770280599594116,1630411
4.84428334236145,1629552
4.862283706665039,1627875
4.956289291381836,1626083
6.040352821350098,1625984
6.066354274749756,1625068
6.1413586139678955,1622686
6.728393316268921,1622170
7.43943452835083,1621795
8.877519130706787,1620615
8.907522678375244,1620240
11.430668354034424,1620160
11.457669973373413,1619879
13.67579960823059,1619598
