0.002562999725341797,7516085
0.005035877227783203,7454358
0.022903919219970703,7381553
0.026263952255249023,7374968
0.02968287467956543,7306821
0.04216909408569336,7289390
0.04559683799743652,7067016
0.19459199905395508,7059387
0.19811701774597168,6846998
0.21944499015808105,6841782
0.3445010185241699,6831194
0.3484790325164795,6703784
0.37026405334472656,6638734
0.37285590171813965,6406798
0.375410795211792,6389236
0.378201961517334,6369802
0.4010770320892334,6341707
0.4075329303741455,6282310
0.4704408645629883,6267160
0.471998929977417,6166401
0.49825406074523926,6121693
0.5237958431243896,6043305
0.534555196762085,6019932
0.5443577766418457,6015821
0.5485069751739502,5817835
0.5576388835906982,5735764
0.5807349681854248,5491979
0.5974531173706055,5486260
0.6006629467010498,5285175
0.6646819114685059,5268957
0.6919028759002686,5137477
0.6934399604797363,4995517
0.7267649173736572,4976335
0.7783520221710205,4954458
0.7808330059051514,4942812
1.0479919910430908,4854975
1.0538699626922607,4781685
1.059581995010376,4710295
1.1074450016021729,4686895
1.109616756439209,4644821
1.1947791576385498,4621526
1.5202198028564453,4585011
1.5741307735443115,4563801
1.654416799545288,4530776
1.6590180397033691,4519998
1.6662230491638184,4487322
1.669299840927124,4408124
1.6863219738006592,4362798
1.7035880088806152,4280323
1.8038828372955322,4260765
1.817141056060791,4253442
1.8264780044555664,4253424
1.8540129661560059,4192578
1.8571319580078125,4170865
1.8588159084320068,4118954
1.869642972946167,4026716
1.8942198753356934,4011725
1.8985929489135742,3977213
1.9017760753631592,3924450
1.9033288955688477,3836926
1.9395508766174316,3815760
1.9414398670196533,3721168
1.9471747875213623,3616217
1.961050033569336,3609811
1.9693150520324707,3602852
1.973487138748169,3577403
1.9749770164489746,3565750
1.9791688919067383,3494967
2.0897269248962402,3371598
2.095952033996582,3359056
2.099069833755493,3287736
2.3533308506011963,3285563
2.357870101928711,3280632
2.363718032836914,3222409
2.486146926879883,3217032
2.487649917602539,3178315
2.7221639156341553,3169040
3.186034917831421,3072817
3.3094940185546875,3069600
3.3424599170684814,3061916
3.3439579010009766,3039149
3.5121028423309326,2988817
3.6392288208007812,2985257
3.642362117767334,2890905
3.643913984298706,2886948
3.6454110145568848,2790878
3.6483728885650635,2789270
3.7105650901794434,2763551
3.7281699180603027,2733532
3.732614040374756,2732102
3.746022939682007,2685592
3.9683289527893066,2685416
4.047100782394409,2681609
4.062725067138672,2658668
4.07591700553894,2655130
4.077409029006958,2631619
4.086577892303467,2599528
4.115429162979126,2590214
4.122709035873413,2584204
4.128942012786865,2579342
4.405597925186157,2574163
4.441481828689575,2571841
4.559065103530884,2553381
4.578172922134399,2540231
4.579738140106201,2535271
4.727617979049683,2534370
4.733946084976196,2531436
4.743674993515015,2513149
4.754441976547241,2508098
4.757213830947876,2503518
4.768200874328613,2490410
4.776793003082275,2482791
4.788125991821289,2469599
4.850541114807129,2464911
4.856621026992798,2463467
4.860346078872681,2461466
5.010875940322876,2451296
5.017163991928101,2429203
5.020385980606079,2413903
5.02668309211731,2411790
5.029788970947266,2402317
5.035053014755249,2393145
5.088716983795166,2390581
5.091463804244995,2366748
5.106564998626709,2366527
5.109705924987793,2349598
5.197815895080566,2342182
5.2028210163116455,2329826
5.204494953155518,2327907
5.2906317710876465,2320070
5.30139684677124,2257658
5.31924295425415,2247535
5.3207550048828125,2228647
5.3577330112457275,2202386
5.370788097381592,2141769
5.433881044387817,2137090
5.464931964874268,2115169
5.472779035568237,2100282
5.481268882751465,2099819
5.49424409866333,2098606
5.503046751022339,2084368
5.57137393951416,2082550
6.192482948303223,2066726
6.196536064147949,2036112
6.798653841018677,1981556
7.394871950149536,1953126
7.5234880447387695,1945983
7.799781799316406,1939226
8.324229001998901,1938363
9.55771803855896,1929814
9.572053909301758,1929719
9.74829888343811,1927385
9.758010149002075,1924577
9.915477991104126,1918567
9.918470859527588,1918081
15.347321033477783,1916197
15.437730073928833,1911332
38.252249002456665,1902548
38.43605399131775,1871574
38.62548494338989,1843768
38.8024628162384,1783750
39.19047689437866,1773027
39.39295196533203,1772256
40.61055088043213,1770947
64.97982096672058,1769585
65.81225180625916,1762442
118.69270896911621,1748964
119.06839609146118,1747250
119.65097498893738,1738150
119.86145615577698,1737103
119.86627292633057,1734043
119.95336699485779,1730887
120.66294980049133,1715272
121.29197192192078,1711984
121.31861400604248,1710434
121.44881677627563,1709186
121.88539385795593,1698680
124.83253812789917,1695796
124.83464503288269,1674183
126.25467276573181,1668658
252.9690809249878,1667110
252.981507062912,1665416
253.48014092445374,1649072
253.52036881446838,1642010
254.48283290863037,1631287
255.78288412094116,1626115
