1.4810733795166016,2158467
1.4860739707946777,2153001
1.4860739707946777,2150266
1.4870755672454834,2138236
1.5103299617767334,2124934
1.5103299617767334,2097847
1.5103299617767334,2088509
1.5259828567504883,2088428
1.5259828567504883,2070956
1.54160737991333,2037751
1.54160737991333,2030880
1.54160737991333,2017596
1.54160737991333,1980829
1.6353578567504883,1979427
1.6509828567504883,1978761
1.6509828567504883,1972894
1.6509828567504883,1962508
1.6509828567504883,1959540
1.6509828567504883,1952556
1.6666078567504883,1951454
1.6978576183319092,1927613
1.8087553977966309,1926282
1.8087553977966309,1923481
1.8243801593780518,1921282
1.8243801593780518,1909902
1.8243801593780518,1878941
1.8400053977966309,1865697
1.8400053977966309,1861531
1.8400053977966309,1849957
1.8556303977966309,1849593
1.871255874633789,1839208
2.018606424331665,1833145
2.018606424331665,1822483
2.0342319011688232,1819938
2.0342319011688232,1801767
2.0498573780059814,1792603
2.0498573780059814,1792584
2.0498573780059814,1790448
2.065481662750244,1781331
2.065481662750244,1779640
2.065481662750244,1772530
2.065481662750244,1769426
2.0811073780059814,1764519
2.2998576164245605,1751757
2.2998576164245605,1740468
2.2998576164245605,1731305
2.2998576164245605,1726110
2.3154828548431396,1722094
2.3154828548431396,1711251
2.3154828548431396,1708146
2.3311076164245605,1702084
2.3311076164245605,1691163
2.3936078548431396,1686048
2.5029830932617188,1685603
2.518608331680298,1682833
3.2397782802581787,1679938
3.333528518676758,1679495
3.427278995513916,1676615
3.489779233932495,1676241
3.521029233932495,1665662
3.646029472351074,1662848
3.7087888717651367,1655528
3.724433183670044,1654398
3.7556917667388916,1648880
3.7869415283203125,1647254
3.8025665283203125,1646807
3.8806915283203125,1636851
3.8806915283203125,1634933
3.8963165283203125,1634653
3.9588165283203125,1633642
4.036942481994629,1633461
4.193192481994629,1630972
4.193192481994629,1623659
4.193192481994629,1619743
4.224442720413208,1616560
4.224442720413208,1616321
4.708819627761841,1615337
4.833820104598999,1613359
4.8852550983428955,1610628
4.964094877243042,1609017
5.11922812461853,1608681
5.150477409362793,1605852
5.16610312461853,1602669
5.16610312461853,1601806
5.197352647781372,1599831
