0.0,2081837
0.0,2069901
0.0,2059610
0.0,2053135
0.01562643051147461,2043556
0.01562643051147461,1998139
0.01562643051147461,1996260
0.01562643051147461,1986577
0.01562643051147461,1978775
0.01562643051147461,1978729
0.03125166893005371,1978282
0.03125166893005371,1965029
0.04689526557922363,1962869
0.05410432815551758,1951114
0.06408882141113281,1948352
0.0671072006225586,1813968
0.07008981704711914,1797256
0.08311843872070312,1792359
0.12109065055847168,1762581
0.12309050559997559,1758044
0.136091947555542,1754251
0.13909149169921875,1713630
0.13909149169921875,1703297
0.17109441757202148,1703287
0.1860957145690918,1688148
0.2140965461730957,1687701
0.2301170825958252,1682191
0.23511743545532227,1678833
0.23711490631103516,1678752
0.46852803230285645,1672328
0.5154011249542236,1671096
0.5154011249542236,1670233
0.5310263633728027,1653020
0.6076011657714844,1652533
0.645578145980835,1650610
0.7095999717712402,1643871
0.7165992259979248,1641955
0.7215831279754639,1641614
0.8835906982421875,1637520
1.0245983600616455,1635357
1.0385992527008057,1634494
1.5016536712646484,1632826
1.5554509162902832,1631832
1.5710766315460205,1630969
1.6179535388946533,1630156
1.6335787773132324,1629670
2.0278208255767822,1623870
2.0434463024139404,1621898
2.8083620071411133,1619208
3.1841158866882324,1618345
4.71378493309021,1616242
5.257153272628784,1614529
5.2671613693237305,1614154
5.306548833847046,1613873
25.053207874298096,1613873
