1.7691287994384766,1972000
1.7711310386657715,1957559
1.7721307277679443,1947979
1.7751286029815674,1943508
1.7791311740875244,1938163
1.7801308631896973,1936387
1.7811307907104492,1935783
1.7811307907104492,1893228
1.7911317348480225,1893122
1.8121337890625,1891684
1.8121337890625,1884623
1.8161311149597168,1845854
1.8171336650848389,1844630
1.972139835357666,1837305
1.9751403331756592,1835734
2.0521469116210938,1834967
2.054147243499756,1828691
2.0621461868286133,1827350
2.064146041870117,1824490
2.064146041870117,1823627
2.06514573097229,1820026
2.0661461353302,1818955
2.077146530151367,1803524
2.0931475162506104,1801131
2.1071479320526123,1800359
2.1111490726470947,1799490
2.1231496334075928,1797861
2.1231496334075928,1796126
2.125149726867676,1795959
2.150151491165161,1781413
2.151151418685913,1779678
2.153151512145996,1758653
2.2101552486419678,1733761
2.407167911529541,1731147
2.409168243408203,1716680
2.4251670837402344,1698805
2.4461681842803955,1698391
2.4511704444885254,1698248
2.500171422958374,1695992
2.514173746109009,1690921
2.5411760807037354,1676942
2.5481762886047363,1676186
2.832192897796631,1669332
2.83919095993042,1665337
2.850191354751587,1663777
2.85319185256958,1662221
2.8881938457489014,1656853
2.9011948108673096,1656490
2.9281985759735107,1652063
2.9501984119415283,1647836
3.2462167739868164,1639664
3.2642178535461426,1633778
3.265218734741211,1629887
3.332219362258911,1629189
3.3462209701538086,1628846
3.3782222270965576,1621653
3.82624888420105,1620583
3.9042553901672363,1614907
5.145325660705566,1612915
5.160326719284058,1611740
5.346339225769043,1609948
5.395340442657471,1609220
5.396342039108276,1606937
5.472345590591431,1606490
5.500348806381226,1604165
6.4954071044921875,1602514
