0.015596866607666016,1923042
0.015596866607666016,1886224
0.015596866607666016,1877326
0.03122234344482422,1874243
0.03122234344482422,1872830
0.03122234344482422,1845705
0.08249139785766602,1840798
0.08249139785766602,1830935
0.09049177169799805,1816316
0.12949299812316895,1815677
0.1324920654296875,1814699
0.1414947509765625,1813524
0.22448015213012695,1807999
0.4118640422821045,1760437
0.4431147575378418,1758721
0.5111167430877686,1755390
0.5111167430877686,1748870
0.5267422199249268,1742937
0.5423665046691895,1742562
0.6244306564331055,1731400
0.713416337966919,1730540
0.7264442443847656,1726676
0.7554469108581543,1726395
0.8044490814208984,1678257
1.0524535179138184,1649264
1.146460771560669,1648622
1.1534607410430908,1648247
1.1564619541168213,1647072
1.216475486755371,1639917
24.28559684753418,1639917
