1.5701277256011963,2027613
1.5701277256011963,2020670
1.5701277256011963,2018363
1.5857524871826172,2014946
1.5857524871826172,2008604
1.5857524871826172,1983688
1.5857524871826172,1974711
1.6013774871826172,1974256
1.6013774871826172,1951859
1.6013774871826172,1949392
1.7576284408569336,1937486
1.7576284408569336,1936387
1.7576284408569336,1915078
1.7576284408569336,1913533
1.7732527256011963,1907852
1.7888782024383545,1901096
1.8357534408569336,1885322
1.8513784408569336,1872204
1.8513784408569336,1869359
1.8513784408569336,1856555
1.8513784408569336,1854820
1.9763789176940918,1850543
1.99200439453125,1842005
1.99200439453125,1814388
1.99200439453125,1807338
1.99200439453125,1804913
1.99200439453125,1801226
2.007629156112671,1796861
2.0232536792755127,1789735
2.0232536792755127,1773533
2.0232536792755127,1740354
2.0232536792755127,1738985
2.038879156112671,1736095
2.038879156112671,1735232
2.05450439453125,1732635
2.210754632949829,1722274
2.210754632949829,1721976
2.226379632949829,1718415
2.226379632949829,1712095
2.242004632949829,1710196
2.257629632949829,1709715
2.257629632949829,1707453
2.273254632949829,1697921
2.3513805866241455,1694948
2.618246078491211,1694013
2.64949631690979,1690761
2.711996078491211,1688602
2.7588706016540527,1674429
2.790121555328369,1658650
2.790121555328369,1656236
2.836996555328369,1651889
2.8526220321655273,1649276
2.8526220321655273,1640001
2.8526220321655273,1637598
2.9776220321655273,1635055
3.0088717937469482,1628901
3.0244970321655273,1627653
3.0244970321655273,1624445
3.0931005477905273,1610551
3.1171042919158936,1608849
3.1594972610473633,1602834
3.2532477378845215,1601908
3.3001224994659424,1601785
3.440748453140259,1600213
3.7688746452331543,1596498
3.7844998836517334,1589111
3.8082618713378906,1587103
3.8249893188476562,1586617
3.8249893188476562,1580440
4.2625181674957275,1579008
4.870320081710815,1578918
4.9015703201293945,1577905
4.9015703201293945,1576724
4.9484453201293945,1572911
5.214071035385132,1571509
5.417196750640869,1571374
5.479696989059448,1568456
5.495321989059448,1568375
5.901580572128296,1567225
5.932830572128296,1565993
8.123145818710327,1559515
