1.6490695476531982,2058974
1.6600701808929443,2052525
1.6610703468322754,2030137
1.6610703468322754,2028640
1.6810712814331055,2028312
1.8030788898468018,1992430
1.8050787448883057,1989729
1.8120787143707275,1976556
1.8200793266296387,1962039
1.8220794200897217,1958911
1.8250794410705566,1932685
1.8270795345306396,1912524
1.8340985774993896,1910347
1.837099313735962,1907148
1.837099313735962,1891711
1.8390800952911377,1886991
1.8400797843933105,1871142
1.841080904006958,1850347
2.0951151847839355,1842354
2.136127471923828,1829326
2.136127471923828,1804549
2.136127471923828,1802203
2.1421256065368652,1796069
2.1501286029815674,1772267
2.154127597808838,1771248
2.154127597808838,1770237
2.1671276092529297,1759022
2.4071431159973145,1750003
2.431144952774048,1744090
2.434144973754883,1738188
2.436145067214966,1736532
2.4741454124450684,1733717
2.475145101547241,1730528
2.5011491775512695,1727954
2.5041470527648926,1724771
2.5081472396850586,1718183
2.5091476440429688,1710630
2.5151476860046387,1706608
2.523151159286499,1699453
2.536149024963379,1698947
2.542149305343628,1688807
2.543148994445801,1687394
2.5451486110687256,1685562
2.547151565551758,1685086
2.5851516723632812,1680352
2.595153570175171,1679094
2.608153820037842,1679090
2.6111574172973633,1678172
2.6241540908813477,1674642
2.630154609680176,1672988
2.7121589183807373,1672637
2.7151591777801514,1669662
2.788166046142578,1669580
2.8181660175323486,1660275
2.8531692028045654,1659797
2.8541696071624756,1654384
2.877169132232666,1651201
3.005176067352295,1645785
3.0971813201904297,1641986
3.104182481765747,1640932
3.2591915130615234,1637795
3.2621912956237793,1633528
3.2671923637390137,1632689
3.287191867828369,1626190
3.538207769393921,1621577
3.57120943069458,1620434
3.6172120571136475,1619319
3.6302130222320557,1618456
4.636271238327026,1611310
4.669273853302002,1609795
4.753278493881226,1609128
4.828284740447998,1606270
4.8402838706970215,1598630
16.218949556350708,1597947
16.29895567893982,1597578
16.3279550075531,1596715
16.7539803981781,1596073
