0.0049936771392822266,2082016
0.0059814453125,2080399
0.009001493453979492,2063704
0.011000871658325195,2037035
0.017004966735839844,2029959
0.020004749298095703,2029320
0.02500176429748535,2018647
0.02600240707397461,2014023
0.02700185775756836,2013651
0.033997535705566406,1958188
0.036003828048706055,1957668
0.04900860786437988,1948618
0.050005435943603516,1921988
0.0539851188659668,1910241
0.06098508834838867,1907861
0.06601572036743164,1897960
0.07800436019897461,1882605
0.07800436019897461,1867345
0.07900595664978027,1866279
0.08600568771362305,1860993
0.0870058536529541,1855581
0.08801484107971191,1846326
0.08899188041687012,1818440
0.08899188041687012,1817693
0.09701061248779297,1757679
0.11501121520996094,1754180
0.12499022483825684,1735855
0.12598967552185059,1732093
0.12700819969177246,1731682
0.13001036643981934,1727155
0.13300848007202148,1716822
0.17399215698242188,1707945
0.19701194763183594,1701998
0.22002339363098145,1700823
0.2299950122833252,1697184
0.24901437759399414,1673575
0.28401708602905273,1670874
0.28802037239074707,1670502
0.2990224361419678,1658565
0.3200199604034424,1651410
0.37102270126342773,1651103
0.3940243721008301,1648335
0.39702439308166504,1647192
0.6390378475189209,1646990
0.6560389995574951,1646736
0.666041374206543,1636806
0.6770238876342773,1636780
0.6870450973510742,1626620
2.162109136581421,1624162
2.192112684249878,1622556
2.6351559162139893,1622530
2.662156343460083,1621355
4.206227540969849,1620361
4.2122275829315186,1620107
4.220247507095337,1619847
4.237248182296753,1619178
4.357238531112671,1616197
4.438259840011597,1612333
4.439264297485352,1612307
9.07353138923645,1609142
9.104533195495605,1608767
24.838436603546143,1608767
