0.0017826557159423828,7126685
0.004494905471801758,6959920
0.016678810119628906,6958551
0.019684791564941406,6837052
0.061711788177490234,6803582
0.06438088417053223,6470542
0.2521066665649414,6432448
0.26140499114990234,6402863
0.2628028392791748,6255691
0.484677791595459,6254759
0.4903419017791748,6245735
0.4960000514984131,6236141
0.5224757194519043,6208936
0.5396077632904053,6179586
0.5501546859741211,6177555
0.5515618324279785,6165719
0.5746026039123535,6152774
0.5924160480499268,6115974
0.598383903503418,6041192
0.6291089057922363,5977684
0.652094841003418,5969021
0.6549618244171143,5963481
0.7520546913146973,5962886
0.7573440074920654,5766847
0.7763369083404541,5745493
0.7793478965759277,5557636
0.784672737121582,5528427
0.8088116645812988,5514736
0.9397976398468018,5429130
0.9550008773803711,5373415
0.9578347206115723,5297018
0.9592177867889404,5222417
0.9689857959747314,5068089
0.9717907905578613,4956813
0.9806017875671387,4853027
0.9977569580078125,4840651
1.0054616928100586,4785106
1.0148828029632568,4781037
1.0236988067626953,4648793
1.0266668796539307,4599927
1.0318610668182373,4538668
1.034822940826416,4378352
1.0525619983673096,4324190
1.054060697555542,4145816
1.062445878982544,4066952
1.0718369483947754,4056243
1.0732717514038086,4041953
1.0746519565582275,4038653
1.0771548748016357,3955570
1.1352348327636719,3917446
1.1372690200805664,3857743
1.144320011138916,3836611
1.1457107067108154,3818107
1.1624629497528076,3814503
1.176177978515625,3737592
1.178398847579956,3670358
1.1798007488250732,3642922
1.1811928749084473,3609445
1.3003747463226318,3578209
1.3049979209899902,3479818
1.8681468963623047,3370239
1.9880318641662598,3356356
2.0189287662506104,3350500
2.0245168209075928,3211508
2.096677780151367,3207930
2.0996837615966797,3200902
2.10734486579895,3112627
2.1273889541625977,3085575
2.135748863220215,3080762
2.15645170211792,2999994
2.1712348461151123,2987760
2.174161911010742,2986828
2.183504819869995,2980759
2.1892149448394775,2979595
2.2009048461914062,2979328
2.209251880645752,2944570
2.2691500186920166,2936897
2.2715888023376465,2898745
2.2730939388275146,2875127
2.2837860584259033,2835235
2.3391497135162354,2830667
2.4516618251800537,2830502
2.455446720123291,2829680
2.601602792739868,2821810
2.6053457260131836,2819525
2.9233317375183105,2807190
3.014173984527588,2802723
3.497406005859375,2802416
3.615273952484131,2795287
3.7174196243286133,2793274
3.7328147888183594,2789974
3.7341976165771484,2784577
3.977444887161255,2765356
4.33971381187439,2737021
4.404514789581299,2699629
4.439588785171509,2698208
4.47832179069519,2671856
4.617628812789917,2667526
4.657877683639526,2666539
4.659994840621948,2640049
4.771039009094238,2624122
4.782254695892334,2619059
4.819768905639648,2616515
4.826182842254639,2615948
4.829118967056274,2604832
4.872823715209961,2603367
4.907733678817749,2594874
4.917600631713867,2590247
4.988329887390137,2573640
4.997684001922607,2570484
5.023968696594238,2570353
5.028624773025513,2570136
5.248955965042114,2505553
5.258961915969849,2472844
5.261152029037476,2448575
5.266362905502319,2435255
5.317647933959961,2419929
5.329277992248535,2394403
5.447289705276489,2387248
5.604169845581055,2379132
6.443739891052246,2368500
6.447137832641602,2331135
6.459946870803833,2329363
6.467267751693726,2319668
6.585973739624023,2313838
6.915919780731201,2307402
7.059509038925171,2302148
7.1908769607543945,2297812
7.32550573348999,2297394
7.328473806381226,2289179
7.720419883728027,2288070
7.721940994262695,2275682
7.947049856185913,2273468
7.9753758907318115,2253860
8.500577688217163,2251435
8.605549812316895,2250292
9.169474840164185,2243213
9.173145771026611,2218026
9.27962589263916,2210459
9.350766897201538,2189996
9.416747808456421,2180700
9.996813774108887,2173578
10.149965763092041,2173372
10.153050899505615,2157529
10.362976789474487,2144110
10.477197885513306,2130667
10.739964962005615,2111457
10.898833990097046,2104157
10.942201852798462,2083828
10.967743873596191,2045118
12.029757976531982,2016180
12.776692867279053,1995674
12.875502824783325,1988763
13.542126893997192,1988068
13.664780855178833,1981383
14.43156099319458,1981102
14.623615980148315,1975161
14.999680042266846,1974192
15.001183986663818,1970763
15.005910634994507,1958327
15.621538877487183,1955791
15.757064819335938,1952873
16.02065086364746,1952528
16.02973699569702,1934175
16.101374864578247,1933312
18.426337718963623,1932854
18.55547285079956,1927700
19.976441860198975,1926452
40.624090909957886,1900635
41.41546392440796,1897708
41.537192821502686,1896538
41.53868293762207,1889227
41.669899702072144,1878400
42.0714807510376,1877699
42.07437086105347,1853951
42.10190486907959,1847519
42.11632490158081,1846251
42.11784386634827,1841802
42.12103199958801,1841570
42.228938817977905,1840784
42.88367176055908,1734001
42.91512680053711,1720116
42.92030906677246,1715833
43.84191179275513,1707471
44.091795921325684,1704771
44.09667468070984,1700975
44.13947582244873,1692136
44.1409637928009,1687606
44.316295862197876,1683703
44.36244583129883,1679333
44.38783597946167,1670784
44.44823384284973,1666083
44.48026490211487,1660904
45.98733878135681,1650181
48.54988193511963,1645057
48.637818813323975,1640449
49.96956181526184,1638046
54.215209007263184,1636509
197.2659089565277,1633914
197.33392000198364,1632179
197.5094757080078,1627004
202.68268179893494,1626828
202.70514273643494,1621966
202.86473679542542,1619837
251.6582088470459,1593714
251.97556567192078,1576527
253.60131978988647,1570522
