0.006000041961669922,1908396
0.009999990463256836,1907107
0.018981456756591797,1906124
0.02401280403137207,1887372
0.0299832820892334,1882479
0.03099656105041504,1876502
0.03300046920776367,1876382
0.03300046920776367,1864210
0.03800177574157715,1830695
0.04000425338745117,1814000
0.043004751205444336,1813880
0.04500460624694824,1813471
0.059006452560424805,1795666
0.06501102447509766,1786620
0.06600213050842285,1786482
0.07801628112792969,1783872
0.09200549125671387,1727536
0.09800529479980469,1688170
0.10600614547729492,1682237
0.10900640487670898,1681957
0.12698841094970703,1671860
0.133988618850708,1671136
0.18399477005004883,1661229
0.27899646759033203,1658799
0.3460240364074707,1657389
0.3570253849029541,1655844
0.35802531242370605,1654721
0.6120352745056152,1654198
0.6190180778503418,1653379
2.224130630493164,1641231
2.228130340576172,1626099
2.260132312774658,1622614
2.269132375717163,1618644
2.279114246368408,1609987
2.4151217937469482,1609540
2.8011443614959717,1609259
3.0041563510894775,1602385
3.2381696701049805,1602104
6.084356307983398,1588168
9.512556552886963,1577784
15.68291687965393,1573102
24.07141137123108,1573102
