0.013999700546264648,2026783
0.025002479553222656,2023914
0.03600311279296875,2022121
0.051020145416259766,2007929
0.056021928787231445,1994399
0.06002211570739746,1951688
0.06302332878112793,1919330
0.06900525093078613,1917088
0.06900525093078613,1915080
0.07100558280944824,1909668
0.0760033130645752,1906593
0.08200502395629883,1902618
0.10700869560241699,1883289
0.1220090389251709,1880760
0.15600895881652832,1807564
0.1650087833404541,1805921
0.19000983238220215,1761577
0.19201040267944336,1733771
0.19701027870178223,1731811
0.19901061058044434,1731604
0.20803475379943848,1724732
0.25501394271850586,1720187
0.2570321559906006,1709790
0.2630164623260498,1693939
0.28101682662963867,1692222
0.3040189743041992,1691303
0.32403063774108887,1690664
0.3660244941711426,1689251
0.41004300117492676,1689114
0.4850316047668457,1687701
0.5760347843170166,1660878
0.5970535278320312,1660532
0.8070473670959473,1653566
0.8140468597412109,1652647
0.8360490798950195,1643932
0.8890540599822998,1643245
0.8920543193817139,1642382
0.9090554714202881,1635031
0.9350557327270508,1634392
1.0170588493347168,1633697
1.0290601253509521,1632465
1.059063196182251,1625780
1.520115613937378,1625557
1.7151188850402832,1625211
2.1001408100128174,1623772
2.3181538581848145,1619317
3.2382075786590576,1615611
3.2781925201416016,1613639
5.483339548110962,1610086
8.667535066604614,1609480
8.71954083442688,1605616
24.67046332359314,1605616
