1.48911452293396,2132507
1.4901142120361328,2119175
1.4931161403656006,2091688
1.5171177387237549,2076347
1.5201163291931152,2053103
1.524116039276123,2050309
1.5251164436340332,2033675
1.5271189212799072,2033196
1.5371191501617432,2032909
1.5401175022125244,2012611
1.5441174507141113,2009488
1.5551180839538574,2000100
1.5561177730560303,1986313
1.7871313095092773,1980890
1.7871313095092773,1968329
1.7931320667266846,1951487
1.7961316108703613,1943787
1.7971320152282715,1914458
1.802107572555542,1910162
1.8071348667144775,1904064
1.8081345558166504,1904060
2.13615345954895,1901079
2.1381540298461914,1891767
2.162153959274292,1889563
2.192155361175537,1886686
2.195155143737793,1885932
2.195155143737793,1873211
2.197155237197876,1866760
2.205155849456787,1841701
2.2061562538146973,1829734
2.2091562747955322,1828936
2.213156223297119,1822941
2.2151565551757812,1814519
2.2181646823883057,1808222
2.397167682647705,1806683
2.397167682647705,1796502
2.3981666564941406,1792695
2.4441702365875244,1788221
2.4451699256896973,1787782
2.446169853210449,1777468
2.4741735458374023,1740863
2.4791736602783203,1737001
2.5001749992370605,1731385
2.5001749992370605,1728490
2.5011744499206543,1715398
2.546175241470337,1710719
2.5511772632598877,1709348
2.555176258087158,1707465
2.557175874710083,1705035
2.874194622039795,1701703
3.1262099742889404,1698093
3.519232749938965,1687004
3.5312352180480957,1681503
3.545236110687256,1678478
3.558234930038452,1677909
3.5782361030578613,1677536
3.585238456726074,1674704
3.653240203857422,1673263
3.65924072265625,1672570
3.6822445392608643,1670357
3.712244749069214,1669347
3.7242467403411865,1662332
3.733245611190796,1651805
3.7342453002929688,1648624
3.8212504386901855,1647431
4.64029860496521,1646291
4.703301906585693,1644721
4.870313882827759,1642834
4.890313148498535,1642192
4.90631365776062,1640960
4.915316581726074,1640547
4.98831844329834,1637984
6.364400863647461,1636850
