0.003980875015258789,1979736
0.004981040954589844,1946330
0.010992050170898438,1932802
0.015002727508544922,1925333
0.015002727508544922,1917858
0.018001079559326172,1908466
0.019002437591552734,1905269
0.03200364112854004,1794665
0.03200364112854004,1777970
0.035002946853637695,1744200
0.03700113296508789,1718932
0.04398393630981445,1715196
0.0449833869934082,1700906
0.08200621604919434,1690462
0.10200786590576172,1633850
0.13400578498840332,1623207
0.1360025405883789,1621941
0.1520085334777832,1621861
0.2130124568939209,1618523
0.2170124053955078,1614620
0.21901297569274902,1613978
0.24801373481750488,1609603
0.26502442359924316,1604214
0.2760157585144043,1602577
0.29199790954589844,1598849
0.30700063705444336,1597500
0.32100534439086914,1596858
0.47902822494506836,1596600
0.4870283603668213,1593742
0.5670328140258789,1589789
0.6170375347137451,1589094
0.6580214500427246,1584467
0.8310294151306152,1580676
0.8590312004089355,1580073
0.9250543117523193,1579431
0.9950382709503174,1572654
1.045041799545288,1571791
8.34946870803833,1567336
21.093233585357666,1558565
24.47343111038208,1558565
