0.3992421627044678,1652436
0.44614267349243164,1649971
0.46176743507385254,1645955
0.46176743507385254,1641840
0.46176743507385254,1621240
0.49302172660827637,1616325
0.49302172660827637,1616209
0.49302172660827637,1611498
0.5086424350738525,1596870
0.5086424350738525,1578625
0.5086424350738525,1561116
0.5086424350738525,1550676
0.5086424350738525,1539003
0.5086424350738525,1528461
0.5711424350738525,1524173
0.5711424350738525,1519459
0.5711424350738525,1506313
0.5711424350738525,1504313
0.6023929119110107,1496296
0.6023929119110107,1495154
0.6023929119110107,1478986
0.6023929119110107,1477238
0.6348669528961182,1475609
0.6348669528961182,1468578
0.6661169528961182,1467494
0.6765453815460205,1462383
0.6765453815460205,1459621
0.6795456409454346,1451990
0.6805760860443115,1431842
0.7065742015838623,1418018
1.0745956897735596,1417275
1.0785958766937256,1415609
1.1135997772216797,1414104
1.120598554611206,1412989
1.122598648071289,1412783
1.2486073970794678,1410276
1.249607801437378,1408330
1.252607822418213,1406869
1.3266127109527588,1406438
1.466618537902832,1406232
1.5379793643951416,1404184
1.5536317825317383,1398281
1.5692577362060547,1396549
1.6630072593688965,1395981
