0.4460263252258301,1696802
0.4480247497558594,1690929
0.4490244388580322,1680500
0.47002506256103516,1676495
0.47002506256103516,1675709
0.47002506256103516,1668908
0.4930269718170166,1644524
0.4930269718170166,1640514
0.5100295543670654,1632774
0.5100295543670654,1620378
0.5390298366546631,1601568
0.5390298366546631,1568729
0.5940346717834473,1542924
0.5940346717834473,1531219
0.5940346717834473,1518849
0.5990347862243652,1508807
0.5990347862243652,1504246
0.7080390453338623,1493894
0.7080390453338623,1474053
0.7080390453338623,1467321
0.7290406227111816,1463078
0.7310402393341064,1462974
0.7310402393341064,1460189
0.7320408821105957,1448255
0.7630445957183838,1437490
0.7710428237915039,1434979
0.786043643951416,1428121
0.993056058883667,1419678
0.9960579872131348,1418834
0.997056245803833,1418520
1.0380611419677734,1415984
1.0430588722229004,1413116
1.162065029144287,1410816
1.2400705814361572,1407425
1.2460730075836182,1406301
1.3130769729614258,1404894
1.535088062286377,1404569
1.545090675354004,1404001
1.8331053256988525,1402314
1.8331053256988525,1402307
1.8401074409484863,1400857
1.852109432220459,1395981
