0.0019822120666503906,1721876
0.0029828548431396484,1721250
0.0029828548431396484,1721230
0.0029828548431396484,1699421
0.003981590270996094,1637441
0.004981517791748047,1633916
0.004981517791748047,1632970
0.004981517791748047,1629209
0.004981517791748047,1603848
0.006000518798828125,1603532
0.006000518798828125,1595124
0.006981372833251953,1594007
0.00898289680480957,1587941
0.00898289680480957,1576855
0.00898289680480957,1539158
0.011982202529907227,1538859
0.012981653213500977,1535415
0.012981653213500977,1527477
0.015984058380126953,1526437
0.016982555389404297,1524137
0.02098250389099121,1477541
0.024982690811157227,1428271
0.02598285675048828,1425942
0.041983842849731445,1424887
0.052985429763793945,1420271
0.06798744201660156,1419715
0.09498858451843262,1419147
0.681525468826294,1413849
0.7225282192230225,1413366
1.9545714855194092,1411903
1.970571756362915,1409884
3.029876232147217,1409401
6.571413993835449,1409401
