0.3124995231628418,1734063
0.3124995231628418,1725555
0.3124995231628418,1681937
0.3124995231628418,1666312
0.3906245231628418,1663717
0.3906245231628418,1662689
0.3906245231628418,1649791
0.3906245231628418,1647721
0.3906245231628418,1613810
0.4531247615814209,1611078
0.484375,1589439
0.4999997615814209,1588253
0.4999997615814209,1585375
0.4999997615814209,1578656
0.4999997615814209,1563651
0.59375,1560457
0.59375,1522296
0.59375,1516324
0.59375,1500473
0.6093752384185791,1495000
0.6093752384185791,1489391
0.6093752384185791,1485265
0.6093752384185791,1474003
0.7343757152557373,1462880
0.7343757152557373,1454631
0.7343757152557373,1452567
0.7343757152557373,1442907
0.7343757152557373,1441358
0.7500004768371582,1430809
0.7500004768371582,1427176
0.8593771457672119,1426496
0.8593771457672119,1418065
0.9375016689300537,1418038
0.9375016689300537,1415456
0.9531264305114746,1415242
0.9843764305114746,1413702
0.9843764305114746,1400614
1.5180213451385498,1400517
1.5180213451385498,1400046
