0.0019991397857666016,1727259
0.0019991397857666016,1653336
0.002998828887939453,1640255
0.006998538970947266,1638941
0.007998228073120117,1631500
0.009998321533203125,1623575
0.009998321533203125,1589536
0.015001535415649414,1588400
0.015001535415649414,1497230
0.015001535415649414,1488714
0.01699995994567871,1483457
0.02502727508544922,1482333
0.02502727508544922,1471453
0.032018423080444336,1443934
0.048001766204833984,1443825
0.05002093315124512,1442689
0.05102062225341797,1442121
0.05602121353149414,1442094
0.05802106857299805,1438830
0.06002187728881836,1434460
0.10700488090515137,1429584
0.8510503768920898,1395981
6.590263843536377,1395981
