0.0009987354278564453,1682951
0.0019812583923339844,1668941
0.0019812583923339844,1661345
0.0019812583923339844,1660872
0.002978801727294922,1608965
0.0039975643157958984,1608019
0.004998922348022461,1597260
0.005982160568237305,1588829
0.0069980621337890625,1582771
0.007998228073120117,1575028
0.008997917175292969,1540602
0.008997917175292969,1537367
0.010000467300415039,1531073
0.012001991271972656,1530855
0.01899886131286621,1529731
0.024999380111694336,1527649
0.027999162673950195,1514212
0.029999494552612305,1513378
0.0339815616607666,1505867
0.03798103332519531,1494090
0.07698297500610352,1430550
0.0780036449432373,1430332
0.08300232887268066,1428471
0.0859839916229248,1412488
0.08900260925292969,1405303
0.10198616981506348,1400046
1.4910657405853271,1395981
6.761375904083252,1395981
