0.002020120620727539,1685222
0.004021406173706055,1678886
0.004021406173706055,1677447
0.004021406173706055,1668818
0.004021406173706055,1666843
0.008020401000976562,1662473
0.012024641036987305,1638586
0.013002395629882812,1634775
0.0160219669342041,1630709
0.017021894454956055,1624700
0.017021894454956055,1622218
0.018016815185546875,1618572
0.021021127700805664,1594104
0.021021127700805664,1589059
0.025002479553222656,1573874
0.025002479553222656,1573089
0.0260012149810791,1557246
0.02700209617614746,1551513
0.02900242805480957,1548795
0.032003164291381836,1509823
0.032003164291381836,1501683
0.035002946853637695,1501476
0.04300332069396973,1486479
0.04603457450866699,1422015
0.05103278160095215,1420774
0.06602191925048828,1419375
0.4790494441986084,1417339
0.4900505542755127,1409401
6.264389753341675,1409401
