0.001001119613647461,1739761
0.001001119613647461,1736084
0.001001119613647461,1726369
0.002000570297241211,1711575
0.002000570297241211,1708172
0.002000570297241211,1656233
0.0030002593994140625,1647010
0.004000186920166016,1633538
0.008010149002075195,1632376
0.008010149002075195,1625894
0.008999824523925781,1621524
0.011000633239746094,1605426
0.012000560760498047,1603232
0.01300048828125,1602699
0.016007661819458008,1602683
0.016007661819458008,1557941
0.017000913619995117,1453815
0.017000913619995117,1447293
0.021001100540161133,1432566
0.024001598358154297,1427663
0.027001619338989258,1427369
0.02800130844116211,1411415
0.03500175476074219,1406777
0.07900333404541016,1405731
0.12102556228637695,1404607
0.14402484893798828,1403157
0.19202804565429688,1398849
0.20200872421264648,1398281
0.31003689765930176,1395981
6.698390007019043,1395981
