0.0030007362365722656,1648655
0.0030007362365722656,1643234
0.0030007362365722656,1593964
0.0030007362365722656,1589641
0.004000186920166016,1587298
0.004000186920166016,1586190
0.00500035285949707,1552439
0.009002923965454102,1544514
0.012006759643554688,1529265
0.036004066467285156,1528149
0.040001869201660156,1523442
0.040001869201660156,1459068
0.04100227355957031,1440298
0.04300355911254883,1433707
0.044003963470458984,1419542
0.05300283432006836,1404609
0.054003238677978516,1404138
0.06100344657897949,1400046
0.2260422706604004,1397685
0.24003338813781738,1397117
0.2540137767791748,1395981
6.202003717422485,1395981
