0.0014050006866455078,3835029
0.004007816314697266,3742969
0.0052318572998046875,3682035
0.011693000793457031,3481420
0.01441192626953125,3347360
0.020497798919677734,3270218
0.02135300636291504,3221192
0.022564172744750977,3117462
0.026665925979614258,3115508
0.033966064453125,3115502
0.03525876998901367,3027895
0.03815913200378418,3012034
0.041548967361450195,2883350
0.052928924560546875,2835134
0.05486798286437988,2743223
0.057214975357055664,2693408
0.05778098106384277,2463150
0.07599592208862305,2409610
0.07656383514404297,2309377
0.07728791236877441,2301037
0.07785797119140625,1986560
0.12057709693908691,1960485
0.1691908836364746,1912614
0.1781919002532959,1898824
0.17991399765014648,1880925
0.18168282508850098,1879793
0.18230986595153809,1814599
0.18794012069702148,1804310
0.19344782829284668,1793943
0.1970207691192627,1787141
0.20536494255065918,1785280
0.21865081787109375,1749847
0.22258305549621582,1747955
0.22643089294433594,1720350
0.22754693031311035,1701457
0.22830486297607422,1677375
0.22951388359069824,1669633
0.2347109317779541,1662249
0.2705199718475342,1660795
0.3002920150756836,1624073
0.3014228343963623,1527066
0.35996484756469727,1525942
0.37198686599731445,1523642
0.4500758647918701,1522369
0.4896838665008545,1517863
0.5080108642578125,1501695
0.527230978012085,1487317
0.7247087955474854,1482601
0.7252731323242188,1481149
0.7417678833007812,1471713
0.7779991626739502,1466971
0.7872538566589355,1466954
2.0791070461273193,1425740
2.2472269535064697,1423975
2.2912099361419678,1422858
2.3201510906219482,1414017
5.967523097991943,1411406
6.133148908615112,1404815
6.143812894821167,1400723
6.2054688930511475,1395981
