0.6250348091125488,1624304
0.6300351619720459,1614046
0.6680374145507812,1613024
0.6680374145507812,1611015
0.6690373420715332,1603014
0.6700372695922852,1598825
0.6700372695922852,1597093
0.6800384521484375,1572910
0.6800384521484375,1566183
0.6810383796691895,1553989
0.6810383796691895,1546022
0.6910383701324463,1542255
0.6910383701324463,1518793
0.7410612106323242,1508314
0.751061201095581,1502512
0.7520618438720703,1486529
0.7630560398101807,1480921
0.7640626430511475,1472781
0.7650620937347412,1466363
0.873070478439331,1464751
0.8780684471130371,1453668
0.8780684471130371,1452650
0.8800694942474365,1450108
0.8800694942474365,1427181
0.9780745506286621,1423380
0.9790768623352051,1413852
0.9830756187438965,1411584
1.0250773429870605,1404011
1.2420902252197266,1403850
1.5951197147369385,1403091
1.606119155883789,1401209
1.6271204948425293,1400073
1.7301273345947266,1395981
