0.01000070571899414,1751825
0.4330179691314697,1723900
0.4340181350708008,1710061
0.4360172748565674,1703531
0.4360172748565674,1698237
0.4440183639526367,1670702
0.4440183639526367,1646371
0.4440183639526367,1632060
0.5370309352874756,1631993
0.5390329360961914,1616884
0.5400335788726807,1581726
0.5950262546539307,1567956
0.5950262546539307,1533106
0.6370294094085693,1524119
0.6660306453704834,1518771
0.6660306453704834,1517499
0.6710326671600342,1516284
0.6740312576293945,1511484
0.6750316619873047,1507819
0.6750316619873047,1488447
0.6760313510894775,1482521
0.698035717010498,1471805
0.698035717010498,1461374
0.7250359058380127,1450598
0.818040132522583,1448362
0.818040132522583,1429614
0.8190200328826904,1428490
0.8690440654754639,1426003
0.9320461750030518,1424421
1.0270519256591797,1416955
1.1060569286346436,1409637
1.121039628982544,1408979
1.2490649223327637,1400046
1.4440762996673584,1399985
1.8141064643859863,1397117
