0.0019996166229248047,1629618
0.003000020980834961,1625526
0.003000020980834961,1616620
0.006999492645263672,1616520
0.006999492645263672,1613314
0.012000322341918945,1582220
0.013000011444091797,1580948
0.017000436782836914,1579812
0.018002033233642578,1566000
0.019001007080078125,1565845
0.019001007080078125,1561966
0.019001007080078125,1557224
0.02100086212158203,1505317
0.025002479553222656,1500947
0.029001235961914062,1493022
0.048000335693359375,1473390
0.04900097846984863,1448029
0.06000113487243652,1444259
0.06200146675109863,1433954
0.08700203895568848,1429584
5.753886461257935,1429584
