0.009001016616821289,1751695
0.3260464668273926,1751252
0.32704758644104004,1730885
0.32704758644104004,1730415
0.32704758644104004,1693526
0.3490476608276367,1687123
0.39205074310302734,1632690
0.39205074310302734,1620264
0.3950502872467041,1615638
0.3950502872467041,1607132
0.4320533275604248,1605991
0.4320533275604248,1590347
0.5210580825805664,1587550
0.5210580825805664,1553697
0.5210580825805664,1551836
0.5210580825805664,1551429
0.5210580825805664,1546113
0.5220582485198975,1512491
0.6200566291809082,1489161
0.625056266784668,1486408
0.7320621013641357,1486205
0.7330641746520996,1484246
0.7330641746520996,1473265
0.7340645790100098,1465327
0.7340645790100098,1460764
0.7380645275115967,1446005
0.7380645275115967,1444881
0.7550642490386963,1443790
0.7560644149780273,1440802
0.7570466995239258,1422958
0.7580647468566895,1412249
0.7590641975402832,1406653
1.2010719776153564,1405731
1.32308030128479,1404684
1.338080883026123,1400614
1.3400814533233643,1400046
