0.47902965545654297,1646311
0.4800300598144531,1622174
0.4810295104980469,1617462
0.4810295104980469,1614198
0.4810295104980469,1607411
0.48202967643737793,1564789
0.5500316619873047,1550356
0.5500316619873047,1543168
0.5680325031280518,1531771
0.5690343379974365,1526819
0.576033353805542,1524435
0.576033353805542,1508237
0.6240382194519043,1506373
0.6420371532440186,1498868
0.7250447273254395,1483459
0.7250447273254395,1476451
0.7260441780090332,1466702
0.7990481853485107,1460291
0.8030486106872559,1453412
0.8150496482849121,1451725
0.950056791305542,1446459
0.950056791305542,1433172
0.9520549774169922,1432911
0.9520549774169922,1431050
0.9600570201873779,1422788
0.9610559940338135,1414841
0.9620559215545654,1408599
0.9670584201812744,1404326
0.9730570316314697,1400614
1.5670933723449707,1400046
1.9781150817871094,1399985
1.9781150817871094,1397685
2.4241433143615723,1396549
2.5471484661102295,1395981
