0.3750004768371582,1712540
0.4230208396911621,1693740
0.4230208396911621,1679120
0.4386465549468994,1670929
0.4386465549468994,1648052
0.4542725086212158,1646338
0.4542725086212158,1641760
0.4542725086212158,1635161
0.4542725086212158,1605800
0.4542725086212158,1601430
0.4542725086212158,1587844
0.4542725086212158,1569369
0.4542725086212158,1562669
0.6418004035949707,1553865
0.6886756420135498,1552345
0.6886756420135498,1547683
0.7043015956878662,1538703
0.7043015956878662,1534451
0.7043015956878662,1526358
0.7043015956878662,1520375
0.7043015956878662,1517613
0.7043015956878662,1511327
0.7043015956878662,1502573
0.7043015956878662,1494729
0.7043015956878662,1490045
0.7043015956878662,1485929
0.7043015956878662,1481728
0.7824258804321289,1477934
0.7824258804321289,1472510
0.7824258804321289,1465825
0.7824258804321289,1444886
0.7824258804321289,1443016
0.7824258804321289,1431007
0.7824258804321289,1428056
0.798051118850708,1426054
0.9230518341064453,1420123
0.9230518341064453,1413209
1.2671864032745361,1405579
1.2828116416931152,1401487
1.2828116416931152,1397117
1.4703128337860107,1395981
