0.39940762519836426,1670185
0.49315786361694336,1661583
0.49315786361694336,1637942
0.5087831020355225,1637777
0.5087831020355225,1628364
0.5087831020355225,1615801
0.5087831020355225,1599566
0.5087831020355225,1598261
0.5400326251983643,1593362
0.5400326251983643,1566162
0.5400326251983643,1542965
0.6337835788726807,1533113
0.6650345325469971,1532339
0.6650345325469971,1520805
0.6650345325469971,1509402
0.6650345325469971,1507038
0.6650345325469971,1476813
0.747460126876831,1471218
0.7484605312347412,1458103
0.7494580745697021,1451696
0.9224686622619629,1450231
0.9284689426422119,1449285
0.9364676475524902,1443991
0.9424679279327393,1441464
0.9534697532653809,1434995
0.9544703960418701,1427777
0.9824628829956055,1425529
0.9924445152282715,1424422
1.0754756927490234,1420722
1.0774779319763184,1404739
1.0864768028259277,1399985
1.5084733963012695,1397685
1.647247552871704,1397117
1.7566227912902832,1396549
1.7878727912902832,1395981
