0.3950221538543701,1718646
0.4647035598754883,1640272
0.4647035598754883,1633450
0.4647035598754883,1624638
0.4647035598754883,1616949
0.48032546043395996,1611343
0.48032546043395996,1602626
0.6053526401519775,1576192
0.6053526401519775,1575350
0.6053526401519775,1572659
0.6053526401519775,1569579
0.6053526401519775,1568679
0.6053526401519775,1555536
0.6053526401519775,1554407
0.6053526401519775,1551291
0.6366021633148193,1544445
0.6678524017333984,1538200
0.6678524017333984,1532932
0.6678524017333984,1528671
0.6834774017333984,1508488
0.6834774017333984,1491846
0.7351171970367432,1477867
0.7370877265930176,1473035
0.8221111297607422,1472800
0.8261203765869141,1467269
0.8701231479644775,1461357
0.8711233139038086,1461155
0.8881239891052246,1456493
1.019134283065796,1455420
1.021131992340088,1449129
1.0251340866088867,1443220
1.036133050918579,1435053
1.0661287307739258,1430215
1.0711352825164795,1425681
1.0751368999481201,1421215
1.1421408653259277,1420763
1.143141508102417,1407913
1.1441409587860107,1406784
1.1441409587860107,1402314
1.3331525325775146,1401993
1.3391516208648682,1400857
1.5491628646850586,1399405
1.6322643756866455,1395981
