0.0020186901092529297,1701561
0.004017829895019531,1683396
0.005018711090087891,1576446
0.005018711090087891,1548349
0.005018711090087891,1545774
0.006000518798828125,1544127
0.006000518798828125,1531470
0.007999181747436523,1526890
0.007999181747436523,1454531
0.019000530242919922,1450882
0.019000530242919922,1448164
0.022019147872924805,1439323
0.031020164489746094,1424248
0.04203009605407715,1421376
0.04203009605407715,1420608
0.16900849342346191,1418157
0.24201226234436035,1405883
0.2590138912200928,1404569
0.2780146598815918,1404001
1.1660661697387695,1401750
1.1780667304992676,1400614
1.2380707263946533,1400046
2.3921399116516113,1395981
7.047412633895874,1395981
