0.0010197162628173828,1613667
0.0010197162628173828,1605720
0.0020003318786621094,1601628
0.0020003318786621094,1576191
0.0040204524993896484,1568457
0.007019996643066406,1530195
0.007019996643066406,1521289
0.008023977279663086,1515223
0.009023666381835938,1513909
0.013020038604736328,1513169
0.017020463943481445,1512773
0.023020505905151367,1512033
0.02600383758544922,1487255
0.04902362823486328,1423147
0.05502200126647949,1418458
0.07202339172363281,1417286
0.10900664329528809,1416029
0.113006591796875,1400614
0.15500926971435547,1400046
1.0160801410675049,1395981
6.91543173789978,1395981
