0.001999378204345703,1827623
0.002997875213623047,1817000
0.002997875213623047,1744425
0.003997802734375,1744405
0.003997802734375,1742100
0.003997802734375,1729871
0.005998849868774414,1722864
0.014998674392700195,1673387
0.014998674392700195,1659498
0.016237735748291016,1659160
0.016237735748291016,1650457
0.016237735748291016,1648465
0.016237735748291016,1556864
0.016237735748291016,1530145
0.016237735748291016,1514162
0.016237735748291016,1483502
0.016237735748291016,1473937
0.016237735748291016,1461798
0.03186297416687012,1457599
0.07981681823730469,1453927
0.07981681823730469,1449457
0.08081650733947754,1449158
0.10381817817687988,1446770
0.10681819915771484,1438906
0.25882720947265625,1437225
0.3078327178955078,1436485
0.31483030319213867,1435917
0.4308583736419678,1435434
1.0918757915496826,1434460
1.0988764762878418,1429584
2.390890121459961,1395981
7.503553867340088,1395981
