0.008998394012451172,1769123
0.44202637672424316,1764620
0.44202637672424316,1737311
0.44402146339416504,1730857
0.4520266056060791,1713801
0.4520266056060791,1709697
0.45302486419677734,1695321
0.45302486419677734,1687781
0.45302486419677734,1681987
0.45302486419677734,1615825
0.45302486419677734,1612695
0.45302486419677734,1608877
0.5580329895019531,1605035
0.559032678604126,1604556
0.559032678604126,1596077
0.5600330829620361,1590002
0.579031229019165,1564444
0.579031229019165,1561935
0.5810344219207764,1554834
0.5810344219207764,1546685
0.5810344219207764,1542648
0.5830340385437012,1539928
0.5860342979431152,1536482
0.6240365505218506,1535390
0.6400375366210938,1511154
0.6400375366210938,1509064
0.6480357646942139,1503529
0.651038408279419,1503502
0.6520380973815918,1503428
0.6520380973815918,1503275
0.6700396537780762,1492272
0.6710376739501953,1484820
0.6720378398895264,1478773
0.6730380058288574,1470550
0.6820399761199951,1470379
0.6830394268035889,1469975
0.6830394268035889,1463909
0.7260379791259766,1454116
0.7260379791259766,1444456
0.7290427684783936,1443888
0.7300431728363037,1439777
0.8150455951690674,1429889
0.8150455951690674,1428266
0.9250521659851074,1423860
0.9370551109313965,1420510
0.9380531311035156,1412563
0.9400298595428467,1411415
0.9410524368286133,1400619
0.9430534839630127,1398999
