0.3040177822113037,1717067
0.3040177822113037,1714139
0.3040177822113037,1701187
0.3040177822113037,1683295
0.32501912117004395,1676379
0.45702672004699707,1669735
0.45702672004699707,1655219
0.45702672004699707,1642754
0.48602843284606934,1640207
0.48602843284606934,1618631
0.4870285987854004,1602724
0.4960286617279053,1600784
0.49702906608581543,1568664
0.5050296783447266,1562544
0.5170300006866455,1560077
0.5180301666259766,1552628
0.5190303325653076,1538820
0.5470321178436279,1523893
0.5470321178436279,1507448
0.5520322322845459,1501541
0.7110416889190674,1500557
0.7120416164398193,1500084
0.7120416164398193,1494964
0.7120416164398193,1493551
0.7130417823791504,1488337
0.7720441818237305,1472218
0.897052526473999,1454934
0.9140534400939941,1451856
0.9190537929534912,1450186
0.9220538139343262,1445945
0.9220538139343262,1439968
0.9500555992126465,1439262
0.9550559520721436,1434263
0.9570558071136475,1420019
0.9600563049316406,1418895
1.0160584449768066,1417447
1.017059564590454,1401487
1.017059564590454,1397117
1.0200598239898682,1395981
