0.2980194091796875,1725295
0.4840536117553711,1687245
0.4840536117553711,1672916
0.5280580520629883,1668197
0.5280580520629883,1655619
0.5280580520629883,1653065
0.5280580520629883,1635232
0.5290565490722656,1617404
0.5290565490722656,1603106
0.5290565490722656,1567556
0.5290565490722656,1546945
0.637054443359375,1507923
0.663055419921875,1498858
0.6650562286376953,1498319
0.7900645732879639,1494743
0.7910661697387695,1491925
0.7980642318725586,1488264
0.8050644397735596,1472130
0.8230679035186768,1467550
0.8230679035186768,1463936
0.8350658416748047,1457630
0.8440468311309814,1443969
0.8450644016265869,1435204
0.8460671901702881,1425938
0.8480668067932129,1425771
0.9580729007720947,1421080
1.0700795650482178,1420229
1.076080083847046,1412291
1.076080083847046,1407625
1.0800740718841553,1406311
1.2450711727142334,1406215
1.2760920524597168,1405303
1.515115737915039,1401831
2.5351462364196777,1401182
2.577148675918579,1400857
2.581148624420166,1395981
