0.49402904510498047,1635620
0.4950289726257324,1631449
0.4950289726257324,1630796
0.5010292530059814,1599899
0.6280372142791748,1540262
0.6360371112823486,1529951
0.6370375156402588,1516306
0.6380374431610107,1492835
0.6680395603179932,1486603
0.6680395603179932,1479058
0.7300431728363037,1464152
0.8440494537353516,1455815
0.8820509910583496,1455026
0.8850524425506592,1454973
0.886052131652832,1453849
0.887052059173584,1447343
0.888052225112915,1445146
0.888052225112915,1445119
0.8940525054931641,1437632
0.895052433013916,1435145
0.8960525989532471,1421393
0.8960525989532471,1414205
0.8970537185668945,1411963
1.0210599899291992,1409485
1.4161007404327393,1407120
1.5311169624328613,1406633
1.5631210803985596,1403064
1.5631210803985596,1398999
1.5711212158203125,1397685
4.565294504165649,1396549
4.583295583724976,1395981
