0.0019812583923339844,1742347
0.0019812583923339844,1719465
0.0019812583923339844,1714783
0.004982709884643555,1702120
0.004982709884643555,1699404
0.006001472473144531,1648727
0.007001161575317383,1647454
0.009001493453979492,1637515
0.012000560760498047,1626247
0.013000965118408203,1625301
0.014000654220581055,1617784
0.014000654220581055,1605677
0.018982410430908203,1516570
0.01998162269592285,1514709
0.020983219146728516,1512349
0.020983219146728516,1511878
0.020983219146728516,1509720
0.0240023136138916,1457813
0.02500128746032715,1454184
0.0260012149810791,1438201
0.028002500534057617,1428423
0.03200197219848633,1428205
0.04500293731689453,1422365
0.11698770523071289,1420690
0.1189887523651123,1415052
0.11998867988586426,1412752
0.12098860740661621,1412157
0.12198901176452637,1409401
6.102952718734741,1409401
