0.0008060932159423828,3835029
0.0027551651000976562,3742969
0.003332853317260742,3682035
0.005198240280151367,3481420
0.005775928497314453,3347360
0.009879112243652344,3270218
0.010773181915283203,3221192
0.011461973190307617,3117462
0.013599157333374023,3115508
0.0182650089263916,3115502
0.01894092559814453,3027895
0.023081064224243164,3012034
0.02676701545715332,2883350
0.03941202163696289,2835134
0.04126119613647461,2743223
0.043376922607421875,2693408
0.04386496543884277,2463150
0.0596010684967041,2409610
0.060149192810058594,2309377
0.06068611145019531,2301037
0.06124114990234375,1986560
0.10154199600219727,1960485
0.14860296249389648,1912614
0.15692615509033203,1898824
0.15841102600097656,1880925
0.16060614585876465,1879793
0.16109395027160645,1814599
0.16709208488464355,1804310
0.1725599765777588,1793943
0.17634797096252441,1787141
0.18526697158813477,1785280
0.19591903686523438,1749847
0.2008650302886963,1747955
0.20380592346191406,1720350
0.20479393005371094,1701457
0.20537209510803223,1677375
0.2063891887664795,1669633
0.21165108680725098,1662249
0.2476029396057129,1660795
0.2760462760925293,1624073
0.27701687812805176,1527066
0.3366580009460449,1525942
0.35021114349365234,1523642
0.42594313621520996,1522369
0.46520400047302246,1517863
0.48070788383483887,1501695
0.4993438720703125,1487317
0.7192790508270264,1482601
0.7199921607971191,1481149
0.7380611896514893,1471713
0.7767529487609863,1466971
0.7865979671478271,1466954
1.9055490493774414,1411827
2.082993984222412,1411259
7.9739861488342285,1405947
15.503866910934448,1405462
15.524317979812622,1401182
15.767910957336426,1400046
19.073283195495605,1395981
