0.03125762939453125,4585416
0.03125762939453125,4536291
0.03125762939453125,4527161
0.04688239097595215,4197784
0.04688239097595215,4178524
0.04688239097595215,4173323
0.04688239097595215,4152073
0.26935482025146484,4133124
0.26935482025146484,4129944
0.34747982025146484,4127294
0.44337034225463867,4118067
0.44337034225463867,4114887
0.4589686393737793,4105418
0.4589686393737793,4102190
1.143894910812378,3936352
1.143894910812378,3917092
1.143894910812378,3911891
1.143894910812378,3890641
1.143894910812378,3882522
1.159519910812378,3869750
4.986570358276367,3821855
4.986570358276367,3818675
5.286479949951172,3816025
5.7239556312561035,3806798
5.7239556312561035,3803618
5.755205869674683,3794149
5.755205869674683,3790921
12.286925315856934,3789186
12.286925315856934,3786006
12.318157434463501,3776537
12.318157434463501,3773309
13.487332344055176,3769096
13.487332344055176,3765868
33.420732259750366,3666199
33.420732259750366,3646939
33.420732259750366,3641738
33.420732259750366,3620488
33.45198202133179,3618402
33.48523473739624,3576250
33.486233949661255,3575689
33.48823380470276,3556366
33.490233421325684,3550459
33.490233421325684,3529915
33.53723645210266,3521796
33.55624604225159,3509024
48.684871196746826,3505009
48.700496435165405,3492237
49.94085121154785,3490046
54.702375173568726,3471872
54.717978715896606,3469786
54.74922823905945,3449341
54.74922823905945,3448780
54.74922823905945,3429457
54.74922823905945,3423550
54.74922823905945,3403006
54.81173062324524,3390539
78.14277148246765,3381482
78.14277148246765,3373363
78.14277148246765,3360591
90.7389829158783,3312696
90.7546010017395,3309516
91.80033683776855,3306866
93.14491963386536,3297639
93.15491986274719,3294459
93.29892921447754,3284990
93.30692982673645,3281762
111.92181158065796,3280027
111.92181158065796,3276847
112.06816864013672,3267378
112.06816864013672,3264150
115.3628294467926,3259937
115.3628294467926,3256709
490.9131062030792,3253235
490.9131062030792,3250007
509.71730041503906,3243336
509.72429871559143,3240108
513.0842754840851,3235895
513.0842754840851,3232667
