0.4380505084991455,1673951
0.4380505084991455,1659267
0.5280559062957764,1621234
0.54606032371521,1594129
0.5490596294403076,1584492
0.5490596294403076,1576069
0.6220333576202393,1575478
0.6220333576202393,1571769
0.6220333576202393,1562788
0.6230337619781494,1555753
0.6230337619781494,1506483
0.6900568008422852,1505401
0.7200589179992676,1495571
0.7210590839385986,1494152
0.7520692348480225,1467646
0.7520692348480225,1461404
0.8840694427490234,1452378
0.8870680332183838,1448943
0.9080705642700195,1443197
0.9100708961486816,1440897
0.9200711250305176,1431427
0.9210717678070068,1421509
0.9630734920501709,1419316
0.9650733470916748,1408775
1.018078327178955,1406805
1.1150827407836914,1406439
1.2490897178649902,1406227
1.2510905265808105,1403409
1.2750914096832275,1401109
1.2940928936004639,1400723
1.7721278667449951,1397685
1.901137113571167,1397117
1.9271376132965088,1395981
