0.2870333194732666,1705954
0.431041955947876,1691718
0.43204164505004883,1686243
0.43204164505004883,1681502
0.4330418109893799,1681031
0.4330418109893799,1659269
0.4740440845489502,1648162
0.4740440845489502,1637736
0.4740440845489502,1625433
0.4740440845489502,1610409
0.5330479145050049,1576241
0.5330479145050049,1573097
0.5330479145050049,1572170
0.5340478420257568,1541581
0.535048246383667,1536998
0.535048246383667,1535481
0.5360491275787354,1522363
0.5360491275787354,1495653
0.542048454284668,1488970
0.5850427150726318,1482474
0.7570531368255615,1473440
0.7660534381866455,1461199
0.7670533657073975,1440333
0.8310582637786865,1438229
0.8830604553222656,1434516
0.8840603828430176,1433380
0.8880603313446045,1433154
0.8880603313446045,1432030
0.8910610675811768,1431383
0.8920631408691406,1416686
0.9040625095367432,1415275
0.935063362121582,1409955
0.9660453796386719,1405673
0.9690654277801514,1404984
1.180081844329834,1397117
2.7411701679229736,1396549
2.777151584625244,1395981
