0.0020003318786621094,1669154
0.003000497817993164,1664204
0.004000425338745117,1659557
0.004000425338745117,1642196
0.006000518798828125,1624031
0.007999658584594727,1619157
0.010000467300415039,1615127
0.01600027084350586,1611035
0.03200173377990723,1493402
0.03399944305419922,1492992
0.04400229454040527,1478694
0.04400229454040527,1477954
0.047002315521240234,1476681
0.0500030517578125,1463282
0.052004098892211914,1462028
0.06800413131713867,1459664
0.1260051727294922,1454737
0.13400816917419434,1453005
0.30002903938293457,1452502
0.3300187587738037,1418899
6.129358530044556,1418899
