0.0024449825286865234,3835029
0.010490179061889648,3742969
0.012615203857421875,3682035
0.019315242767333984,3481420
0.02132391929626465,3347360
0.03523397445678711,3270218
0.0372920036315918,3221192
0.03971290588378906,3117462
0.05017709732055664,3115508
0.065277099609375,3115502
0.06739497184753418,3027895
0.07883691787719727,3012034
0.09275507926940918,2883350
0.12773394584655762,2835134
0.1350400447845459,2743223
0.1447751522064209,2693408
0.14989519119262695,2463150
0.2225360870361328,2409610
0.22458696365356445,2309377
0.2271590232849121,2301037
0.2292940616607666,1986560
0.3813049793243408,1960485
0.5627992153167725,1912614
0.5961730480194092,1898824
0.6028709411621094,1880925
0.6088550090789795,1879793
0.6116359233856201,1814599
0.6337070465087891,1804310
0.652940034866333,1793943
0.6663773059844971,1787141
0.7250699996948242,1785280
0.7705810070037842,1749847
0.7882449626922607,1747955
0.8026139736175537,1720350
0.8067922592163086,1701457
0.8088541030883789,1677375
0.8130979537963867,1669633
0.8335402011871338,1662249
0.9908771514892578,1660795
1.1054341793060303,1624073
1.109593152999878,1527066
1.3307340145111084,1525942
1.3752861022949219,1523642
1.6569831371307373,1522369
1.7931501865386963,1517863
1.8499691486358643,1501695
1.9196689128875732,1487317
2.6017770767211914,1482601
2.603296995162964,1481149
2.642616033554077,1471713
2.747572898864746,1466971
2.7721269130706787,1466954
15.429065227508545,1410823
15.665502309799194,1404001
18.1557559967041,1401993
18.202627182006836,1397117
18.424936294555664,1395981
