0.0010001659393310547,1675058
0.0010001659393310547,1673876
0.0029997825622558594,1651950
0.0029997825622558594,1604979
0.004000425338745117,1600469
0.004999876022338867,1592030
0.004999876022338867,1590169
0.006003856658935547,1588855
0.007999897003173828,1556747
0.009000539779663086,1554447
0.016001224517822266,1509165
0.019001245498657227,1507851
0.02100062370300293,1493624
0.02100062370300293,1488102
0.027982473373413086,1478941
0.037014007568359375,1476216
0.04001355171203613,1464422
0.04800271987915039,1460418
0.0500025749206543,1451577
0.09400463104248047,1402307
0.1689903736114502,1401425
0.17900896072387695,1396549
0.25902438163757324,1395981
6.422377824783325,1395981
