0.49387097358703613,1739483
0.49387097358703613,1690213
0.49387097358703613,1671760
0.49387097358703613,1661996
0.49387097358703613,1642346
0.49387097358703613,1631345
0.5106320381164551,1612521
0.5107078552246094,1603415
0.5107078552246094,1591389
0.5107078552246094,1586192
0.5107078552246094,1563453
0.5107078552246094,1563234
0.5107078552246094,1552145
0.5888667106628418,1535706
0.5888667106628418,1507520
0.5888667106628418,1500211
0.5888667106628418,1491060
0.5888667106628418,1483738
0.803687572479248,1475097
0.803687572479248,1471410
0.8046872615814209,1469677
0.8046872615814209,1468404
0.8046872615814209,1461222
0.8166663646697998,1456565
0.818688154220581,1445321
0.818688154220581,1444567
0.820688009262085,1441321
0.821688175201416,1438956
0.8256888389587402,1437198
0.8266892433166504,1430929
0.9576976299285889,1423285
0.9886994361877441,1415684
0.9896996021270752,1412968
1.000699758529663,1411370
1.2127103805541992,1411136
1.2247130870819092,1408706
1.2327136993408203,1405182
1.2357118129730225,1404131
1.4677271842956543,1402882
1.4857280254364014,1402314
2.016541004180908,1402307
2.047791004180908,1400614
2.047791004180908,1396549
2.0790417194366455,1395981
