0.0014908313751220703,3835029
0.007309913635253906,3742969
0.008548974990844727,3682035
0.014389991760253906,3481420
0.015604972839355469,3347360
0.021930932998657227,3270218
0.023125886917114258,3221192
0.02429676055908203,3117462
0.02956986427307129,3115508
0.035762786865234375,3115502
0.036870718002319336,3027895
0.043298959732055664,3012034
0.05116105079650879,2883350
0.07258009910583496,2835134
0.07699084281921387,2743223
0.08502197265625,2693408
0.0869591236114502,2463150
0.14586591720581055,2409610
0.15211987495422363,2309377
0.15340900421142578,2301037
0.15622591972351074,1986560
0.24328112602233887,1960485
0.35100579261779785,1912614
0.37634873390197754,1898824
0.38068604469299316,1880925
0.39603090286254883,1879793
0.3973429203033447,1814599
0.40985989570617676,1804310
0.42078590393066406,1793943
0.43052005767822266,1787141
0.44796109199523926,1785280
0.47295093536376953,1749847
0.48215389251708984,1747955
0.48958587646484375,1720350
0.49214673042297363,1701457
0.4935178756713867,1677375
0.4963948726654053,1669633
0.508490800857544,1662249
0.5845890045166016,1660795
0.6491210460662842,1624073
0.6513419151306152,1527066
0.8039679527282715,1525942
0.8490958213806152,1523642
1.134788990020752,1522369
1.3227019309997559,1517863
1.37703275680542,1501695
1.441601037979126,1487317
2.1823039054870605,1482601
2.1846320629119873,1481149
2.2493338584899902,1471713
2.4284961223602295,1466971
2.463876962661743,1466954
8.268290042877197,1448067
8.536472082138062,1439174
8.824652910232544,1435910
19.442049980163574,1435434
23.98367691040039,1405255
24.019217014312744,1404131
24.034579753875732,1401831
30.616220951080322,1395981
