0.39302492141723633,1722249
0.39302492141723633,1702246
0.39502525329589844,1698896
0.43802762031555176,1663105
0.43802762031555176,1655812
0.44302797317504883,1652690
0.47102975845336914,1647968
0.47102975845336914,1634715
0.4960308074951172,1630011
0.5000309944152832,1608278
0.5010313987731934,1590781
0.5010313987731934,1556285
0.5510344505310059,1546398
0.5510344505310059,1543134
0.5520343780517578,1538571
0.5680356025695801,1532178
0.5680356025695801,1529020
0.5690348148345947,1511791
0.5870366096496582,1485892
0.6480405330657959,1480154
0.6490404605865479,1472064
0.6770410537719727,1457066
0.7270450592041016,1456446
0.7270450592041016,1453232
0.7950489521026611,1452991
0.7950489521026611,1450869
0.7960488796234131,1442201
0.7970495223999023,1431429
0.7970495223999023,1410568
1.2550761699676514,1410293
1.4510865211486816,1409373
1.459087610244751,1409088
1.465088129043579,1408500
1.465088129043579,1402882
1.7661032676696777,1401653
1.7761037349700928,1401303
1.7791039943695068,1400614
