0.0014371871948242188,3835029
0.0053751468658447266,3742969
0.006625175476074219,3682035
0.010450363159179688,3481420
0.011757135391235352,3347360
0.018450260162353516,3270218
0.019799232482910156,3221192
0.021058082580566406,3117462
0.025420188903808594,3115508
0.030848026275634766,3115502
0.03214311599731445,3027895
0.03822517395019531,3012034
0.04272317886352539,2883350
0.05232119560241699,2835134
0.05407214164733887,2743223
0.056830406188964844,2693408
0.057401180267333984,2463150
0.07298016548156738,2409610
0.07357120513916016,2309377
0.07415223121643066,2301037
0.07471823692321777,1986560
0.11623930931091309,1960485
0.1811521053314209,1912614
0.18976736068725586,1898824
0.1916942596435547,1880925
0.1933760643005371,1879793
0.1939411163330078,1814599
0.2001500129699707,1804310
0.2052600383758545,1793943
0.20876717567443848,1787141
0.21708130836486816,1785280
0.22852039337158203,1749847
0.23265719413757324,1747955
0.23611211776733398,1720350
0.23725128173828125,1701457
0.23781609535217285,1677375
0.23894405364990234,1669633
0.2441411018371582,1662249
0.28383636474609375,1660795
0.3285813331604004,1624073
0.32977938652038574,1527066
0.3900301456451416,1525942
0.4025411605834961,1523642
0.48162412643432617,1522369
0.5200612545013428,1517863
0.5352010726928711,1501695
0.5531761646270752,1487317
0.7386112213134766,1482601
0.7391753196716309,1481149
0.7550911903381348,1471713
0.7910473346710205,1466971
0.8004159927368164,1466954
7.4896721839904785,1422027
13.572960138320923,1415779
13.612608194351196,1414159
13.631264209747314,1412845
13.637629270553589,1412277
13.663033246994019,1411381
13.666429281234741,1403443
13.872477293014526,1402307
24.757086992263794,1400723
24.773865222930908,1395981
