0.46996140480041504,1614071
0.46996140480041504,1587031
0.46996140480041504,1569202
0.46996140480041504,1566045
0.48558616638183594,1555434
0.501211404800415,1536981
0.501211404800415,1510103
0.548086404800415,1508982
0.548086404800415,1504155
0.548086404800415,1494889
0.548086404800415,1475886
0.548086404800415,1473818
0.548086404800415,1450746
0.548086404800415,1448805
0.6574628353118896,1439540
0.6574628353118896,1420967
0.923088788986206,1416378
1.2043383121490479,1415904
1.2836406230926514,1414587
1.2992651462554932,1411163
1.4867660999298096,1407007
1.5180163383483887,1406301
1.5336413383483887,1404001
