0.0018231868743896484,3835029
0.0056951045989990234,3742969
0.0070230960845947266,3682035
0.009603261947631836,3481420
0.010212898254394531,3347360
0.015478134155273438,3270218
0.016768217086791992,3221192
0.017388105392456055,3117462
0.022684097290039062,3115508
0.02638697624206543,3115502
0.02713608741760254,3027895
0.031469106674194336,3012034
0.03564715385437012,2883350
0.04616808891296387,2835134
0.048336029052734375,2743223
0.050750017166137695,2693408
0.051484107971191406,2463150
0.06832313537597656,2409610
0.06934309005737305,2309377
0.07018208503723145,2301037
0.07126092910766602,1986560
0.11536216735839844,1960485
0.16890907287597656,1912614
0.17849516868591309,1898824
0.18019318580627441,1880925
0.18176007270812988,1879793
0.18239998817443848,1814599
0.18903708457946777,1804310
0.19519710540771484,1793943
0.19897723197937012,1787141
0.20853519439697266,1785280
0.2219841480255127,1749847
0.22673702239990234,1747955
0.22995305061340332,1720350
0.23153996467590332,1701457
0.23209500312805176,1677375
0.23322820663452148,1669633
0.2427380084991455,1662249
0.28958606719970703,1660795
0.31928515434265137,1624073
0.3203420639038086,1527066
0.3769049644470215,1525942
0.38956308364868164,1523642
0.46468210220336914,1522369
0.5049810409545898,1517863
0.5192520618438721,1501695
0.5360541343688965,1487317
0.7100770473480225,1482601
0.7110769748687744,1481149
0.7256391048431396,1471713
0.7599191665649414,1466971
0.768604040145874,1466954
4.99399209022522,1465273
4.994505167007446,1457977
16.99291205406189,1434742
17.134114265441895,1433606
17.98383903503418,1424804
18.127592086791992,1416940
18.16761088371277,1415208
18.218982934951782,1414312
18.222549200057983,1406374
18.42954921722412,1404820
21.05372905731201,1402875
21.296415090560913,1402307
26.16429328918457,1397117
26.437469959259033,1395981
