0.0010027885437011719,1715793
0.002000570297241211,1714479
0.002000570297241211,1711994
0.0030198097229003906,1711048
0.0030198097229003906,1683566
0.0050201416015625,1672298
0.007020235061645508,1648857
0.008020162582397461,1648647
0.010020732879638672,1643261
0.017002105712890625,1593033
0.02300262451171875,1591497
0.025003671646118164,1588094
0.025003671646118164,1583531
0.03800654411315918,1581670
0.04000282287597656,1575297
0.04200434684753418,1573436
0.047003746032714844,1553832
0.05800485610961914,1549743
0.05900454521179199,1533760
0.05900454521179199,1502866
0.061004638671875,1499998
0.061004638671875,1475001
0.06500482559204102,1458091
0.06700611114501953,1453189
0.06800556182861328,1452449
0.07300496101379395,1442144
0.07300496101379395,1437268
0.08400630950927734,1431460
0.12500858306884766,1431288
0.12800812721252441,1430152
0.15201330184936523,1429584
0.8800718784332275,1398281
0.8940720558166504,1395981
6.309336423873901,1395981
