0.40041470527648926,1666974
0.40041470527648926,1655550
0.40041470527648926,1642412
0.40041470527648926,1639067
0.40041470527648926,1634169
0.40041470527648926,1626914
0.40041470527648926,1611558
0.543255090713501,1585111
0.5588788986206055,1576053
0.5588788986206055,1557840
0.5745038986206055,1542048
0.5745038986206055,1540459
0.5745038986206055,1528421
0.5745038986206055,1524652
0.5745038986206055,1515215
0.5745038986206055,1513934
0.6057553291320801,1504476
0.6057553291320801,1493105
0.6213793754577637,1488421
0.6213793754577637,1472651
0.6213793754577637,1469553
0.668994665145874,1462183
0.7480015754699707,1448243
0.754002571105957,1441832
0.8590066432952881,1440193
0.8600063323974609,1427587
0.8620080947875977,1420399
0.9140017032623291,1416564
1.0320181846618652,1413765
1.0320181846618652,1411695
1.0340182781219482,1409395
1.0670182704925537,1405077
1.431042194366455,1402875
1.522268295288086,1401750
1.5379204750061035,1401182
1.6160459518432617,1398281
1.7266557216644287,1397117
1.7422800064086914,1396549
1.7422800064086914,1395981
