0.000982522964477539,1775195
0.000982522964477539,1770373
0.001982450485229492,1769225
0.001982450485229492,1755215
0.001982450485229492,1725789
0.0029823780059814453,1724516
0.0029823780059814453,1697913
0.0029823780059814453,1656903
0.0029823780059814453,1640881
0.0039823055267333984,1633874
0.006002664566040039,1630686
0.008010387420654297,1630574
0.010001659393310547,1607324
0.010001659393310547,1600554
0.014002084732055664,1595528
0.015002250671386719,1569915
0.01900315284729004,1562991
0.02099776268005371,1513176
0.03200697898864746,1422939
0.04600381851196289,1421078
0.05200600624084473,1405095
0.05900454521179199,1401831
2.632138252258301,1400857
2.6411542892456055,1395981
6.7663798332214355,1395981
