0.0016820430755615234,3835029
0.0035490989685058594,3742969
0.00426793098449707,3682035
0.0063610076904296875,3481420
0.006964921951293945,3347360
0.011326789855957031,3270218
0.011951923370361328,3221192
0.012715816497802734,3117462
0.01514887809753418,3115508
0.01927804946899414,3115502
0.02004694938659668,3027895
0.02350616455078125,3012034
0.03159904479980469,2883350
0.04209709167480469,2835134
0.04377579689025879,2743223
0.047711849212646484,2693408
0.04872298240661621,2463150
0.06823110580444336,2409610
0.06881499290466309,2309377
0.06935381889343262,2301037
0.06988310813903809,1986560
0.1204838752746582,1960485
0.17582082748413086,1912614
0.18619108200073242,1898824
0.18806695938110352,1880925
0.19028186798095703,1879793
0.19083786010742188,1814599
0.19720697402954102,1804310
0.20308279991149902,1793943
0.2064809799194336,1787141
0.21637797355651855,1785280
0.22951006889343262,1749847
0.23486709594726562,1747955
0.23820900917053223,1720350
0.23928380012512207,1701457
0.24001812934875488,1677375
0.24191999435424805,1669633
0.24757909774780273,1662249
0.30263590812683105,1660795
0.3391551971435547,1624073
0.34052395820617676,1527066
0.4081110954284668,1525942
0.42426300048828125,1523642
0.5184009075164795,1522369
0.5594961643218994,1517863
0.5744779109954834,1501695
0.5918917655944824,1487317
0.8335309028625488,1482601
0.8353121280670166,1481149
0.8866908550262451,1471713
0.9469480514526367,1466971
0.9642889499664307,1466954
6.139733791351318,1461053
8.967357158660889,1444790
9.073314905166626,1436740
9.076639890670776,1431218
9.08552098274231,1429840
9.088446855545044,1416752
9.097417831420898,1416128
9.183241844177246,1411259
10.229001760482788,1410607
10.270502090454102,1410039
10.478064060211182,1405947
14.449525833129883,1402875
14.683571815490723,1402307
17.68352198600769,1401831
36.58828091621399,1395981
