0.39202189445495605,1679923
0.39202189445495605,1665835
0.3930220603942871,1615180
0.40102267265319824,1607595
0.40102267265319824,1600564
0.40102267265319824,1594946
0.4020226001739502,1591189
0.4130234718322754,1584383
0.5260303020477295,1557015
0.5690324306488037,1535445
0.6130375862121582,1518233
0.6150352954864502,1516289
0.6160356998443604,1511994
0.6160356998443604,1504795
0.6170358657836914,1503455
0.6280362606048584,1502828
0.6290383338928223,1500554
0.6290383338928223,1460419
0.6970417499542236,1446598
0.698042631149292,1444458
0.698042631149292,1443334
0.6990408897399902,1436850
0.8920514583587646,1431555
0.9320564270019531,1425094
0.9330570697784424,1419498
0.9380505084991455,1417079
1.0310611724853516,1416217
1.069063425064087,1412125
1.074064016342163,1412041
1.0760645866394043,1407915
1.2610723972320557,1406459
1.2650728225708008,1397117
1.5370888710021973,1395981
