0.4690279960632324,1669740
0.48402833938598633,1645366
0.48402833938598633,1641555
0.48602867126464844,1639173
0.49902939796447754,1638179
0.5000290870666504,1619322
0.5000290870666504,1619288
0.5000290870666504,1612003
0.5050292015075684,1597372
0.5380051136016846,1596236
0.5380051136016846,1551507
0.5390245914459229,1550714
0.5390245914459229,1541013
0.5390245914459229,1525201
0.6060082912445068,1521464
0.6060082912445068,1517197
0.6780312061309814,1513618
0.6780312061309814,1502170
0.7120151519775391,1500746
0.7140152454376221,1490559
0.7140152454376221,1487782
0.7150149345397949,1481771
0.7270433902740479,1466131
0.7280435562133789,1452136
0.7330448627471924,1435808
0.7330448627471924,1425204
0.924046516418457,1417715
0.924046516418457,1416401
0.924046516418457,1407006
0.9250466823577881,1404706
0.9280486106872559,1400614
1.672086477279663,1400073
1.6870903968811035,1395981
