0.37302207946777344,1708627
0.47102785110473633,1661814
0.47102785110473633,1653688
0.47102785110473633,1621094
0.47102785110473633,1609206
0.4720282554626465,1597645
0.4720282554626465,1583991
0.5920350551605225,1580015
0.5930349826812744,1575683
0.5930349826812744,1561248
0.5950355529785156,1557844
0.5970361232757568,1556072
0.5970361232757568,1529913
0.6410305500030518,1512477
0.6410305500030518,1503132
0.6620392799377441,1497056
0.6630394458770752,1482583
0.6630394458770752,1476527
0.664038896560669,1469847
0.664038896560669,1469487
0.6650397777557373,1461437
0.6700394153594971,1449882
0.671039342880249,1443640
0.769045352935791,1443343
0.804049015045166,1442373
0.8160483837127686,1438021
0.8230507373809814,1434748
0.8250501155853271,1432325
0.8410511016845703,1430670
0.8430516719818115,1426300
0.8570239543914795,1425693
0.8570239543914795,1423830
0.8790543079376221,1421296
0.8840525150299072,1408995
0.8850524425506592,1408512
0.8860518932342529,1400723
1.2740750312805176,1400541
1.276075839996338,1399405
1.4980900287628174,1398999
1.6350963115692139,1396549
1.639098882675171,1395981
