0.0007231235504150391,3835029
0.002447843551635742,3742969
0.003030061721801758,3682035
0.0064258575439453125,3481420
0.007501125335693359,3347360
0.01618218421936035,3270218
0.017345190048217773,3221192
0.019212007522583008,3117462
0.023698091506958008,3115508
0.02921915054321289,3115502
0.029824018478393555,3027895
0.03563809394836426,3012034
0.04062700271606445,2883350
0.051278114318847656,2835134
0.05324912071228027,2743223
0.05552315711975098,2693408
0.05608820915222168,2463150
0.07253313064575195,2409610
0.07309222221374512,2309377
0.07384204864501953,2301037
0.07441210746765137,1986560
0.1156301498413086,1960485
0.16344404220581055,1912614
0.1731400489807129,1898824
0.1749100685119629,1880925
0.17659902572631836,1879793
0.17716312408447266,1814599
0.1831650733947754,1804310
0.18832015991210938,1793943
0.1917099952697754,1787141
0.20017004013061523,1785280
0.2119460105895996,1749847
0.21632003784179688,1747955
0.22000503540039062,1720350
0.22117304801940918,1701457
0.22173500061035156,1677375
0.22286319732666016,1669633
0.22800493240356445,1662249
0.26326894760131836,1660795
0.2919938564300537,1624073
0.29314589500427246,1527066
0.35231494903564453,1525942
0.366955041885376,1523642
0.45554423332214355,1522369
0.4990851879119873,1517863
0.5163140296936035,1501695
0.5395169258117676,1487317
0.7284259796142578,1482601
0.7290840148925781,1481149
0.7455081939697266,1471713
0.7870652675628662,1466971
0.797187089920044,1466954
5.986464023590088,1440380
10.62767505645752,1437296
10.805829048156738,1424208
10.866446256637573,1419157
10.89017915725708,1411415
11.129541873931885,1409795
11.148072957992554,1408481
11.154167175292969,1407913
11.43273401260376,1406777
12.390318155288696,1400857
12.403738021850586,1395981
