0.0008449554443359375,3835029
0.0026509761810302734,3742969
0.0034568309783935547,3682035
0.005230903625488281,3481420
0.005810976028442383,3347360
0.011591196060180664,3270218
0.01291203498840332,3221192
0.014193058013916016,3117462
0.016064882278442383,3115508
0.020069122314453125,3115502
0.021018028259277344,3027895
0.024205923080444336,3012034
0.02889108657836914,2883350
0.04132199287414551,2835134
0.04327392578125,2743223
0.04629015922546387,2693408
0.04679703712463379,2463150
0.06121110916137695,2409610
0.06173896789550781,2309377
0.06223297119140625,2301037
0.06294012069702148,1986560
0.10014796257019043,1960485
0.1474158763885498,1912614
0.15699386596679688,1898824
0.15895390510559082,1880925
0.16134905815124512,1879793
0.16218304634094238,1814599
0.16838383674621582,1804310
0.173828125,1793943
0.1775059700012207,1787141
0.18637299537658691,1785280
0.19811701774597168,1749847
0.20301294326782227,1747955
0.20714211463928223,1720350
0.2099440097808838,1701457
0.2110738754272461,1677375
0.21337008476257324,1669633
0.21982097625732422,1662249
0.2538769245147705,1660795
0.2805600166320801,1624073
0.2817058563232422,1527066
0.33538389205932617,1525942
0.34647297859191895,1523642
0.4175589084625244,1522369
0.45211100578308105,1517863
0.46535181999206543,1501695
0.48185110092163086,1487317
0.6555287837982178,1482601
0.6560370922088623,1481149
0.6704528331756592,1471713
0.7040829658508301,1466971
0.7127220630645752,1466954
10.00210976600647,1465583
10.017834901809692,1465170
10.020913124084473,1464459
14.647385120391846,1448837
14.820072889328003,1445923
14.87512993812561,1435681
15.922559976577759,1433718
15.931134939193726,1430454
16.16554307937622,1429447
16.166640996932983,1426530
16.173024892807007,1424317
25.10082197189331,1423873
25.16491413116455,1419550
25.73906898498535,1410813
25.978182077407837,1410245
26.00759196281433,1402307
32.69825196266174,1400723
32.71410393714905,1395981
