0.0,1629624
0.406252384185791,1627699
0.406252384185791,1619721
0.406252384185791,1603338
0.4843778610229492,1588671
0.4843778610229492,1579582
0.5468788146972656,1574693
0.5468788146972656,1527058
0.5468788146972656,1525245
0.5625033378601074,1519389
0.5625033378601074,1518265
0.5625033378601074,1516866
0.5625033378601074,1509410
0.5625033378601074,1483928
0.6349020004272461,1472045
0.6349020004272461,1470928
0.6359024047851562,1469804
0.636904239654541,1463727
0.6379044055938721,1455211
0.7534010410308838,1441746
0.7534010410308838,1433957
0.8315262794494629,1428002
0.8471519947052002,1427341
0.878401517868042,1419020
0.878401517868042,1417884
0.878401517868042,1417192
0.8940277099609375,1411848
0.8940277099609375,1407703
0.9096522331237793,1405308
1.0034022331237793,1402817
1.0190272331237793,1400614
1.378403902053833,1400517
1.3940284252166748,1400046
