0.0012981891632080078,3835029
0.0049321651458740234,3742969
0.006197929382324219,3682035
0.00978708267211914,3481420
0.010906219482421875,3347360
0.016683101654052734,3270218
0.01784801483154297,3221192
0.01906108856201172,3117462
0.022918224334716797,3115508
0.0265960693359375,3115502
0.02716803550720215,3027895
0.03316020965576172,3012034
0.038865089416503906,2883350
0.05006217956542969,2835134
0.05172228813171387,2743223
0.05396604537963867,2693408
0.05451798439025879,2463150
0.07031798362731934,2409610
0.07087922096252441,2309377
0.07144498825073242,2301037
0.07201409339904785,1986560
0.11176919937133789,1960485
0.15947222709655762,1912614
0.16814112663269043,1898824
0.16988801956176758,1880925
0.1716022491455078,1879793
0.172166109085083,1814599
0.17810511589050293,1804310
0.18332219123840332,1793943
0.18700623512268066,1787141
0.19503998756408691,1785280
0.20605731010437012,1749847
0.21036100387573242,1747955
0.21377015113830566,1720350
0.21487998962402344,1701457
0.21543598175048828,1677375
0.21657800674438477,1669633
0.22199511528015137,1662249
0.25778722763061523,1660795
0.2874019145965576,1624073
0.2885901927947998,1527066
0.34821128845214844,1525942
0.36085009574890137,1523642
0.43826723098754883,1522369
0.47661304473876953,1517863
0.4935281276702881,1501695
0.5121281147003174,1487317
0.7459321022033691,1482601
0.7466769218444824,1481149
0.768002986907959,1471713
0.8102719783782959,1466971
0.8233180046081543,1466954
6.30770206451416,1465170
6.328489303588867,1464459
11.579478025436401,1456226
11.726978063583374,1451674
11.734096050262451,1444140
11.746821165084839,1443572
20.821343183517456,1433606
35.097716331481934,1431841
35.098506927490234,1426108
35.104209184646606,1425540
35.37059926986694,1422822
38.01040005683899,1411901
38.23344826698303,1406515
38.25769329071045,1405947
39.188475131988525,1402314
43.346271276474,1402307
51.79049897193909,1395981
