0.43408870697021484,1736491
0.43408870697021484,1727587
0.43408870697021484,1706771
0.44971394538879395,1681593
0.48096418380737305,1673322
0.5434644222259521,1653482
0.5434644222259521,1651692
0.5434644222259521,1643571
0.5434644222259521,1642812
0.5434644222259521,1639441
0.5434644222259521,1607438
0.5434644222259521,1582427
0.5434644222259521,1582166
0.5434644222259521,1552762
0.5434644222259521,1552107
0.5434644222259521,1521488
0.5747146606445312,1503992
0.7084848880767822,1483969
0.7084848880767822,1455711
0.7084848880767822,1434733
0.7514886856079102,1423528
0.8014895915985107,1420634
0.8014895915985107,1416130
0.9915010929107666,1401993
1.2254853248596191,1401653
1.5475316047668457,1399985
1.5527191162109375,1398849
1.5527191162109375,1398281
1.8195977210998535,1395981
