9.041526556015015,859882
9.046528816223145,859556
9.69756531715393,859322
9.714573383331299,856783
9.71656847000122,855505
9.721569299697876,853808
9.747567892074585,850377
9.761568546295166,850112
9.784571886062622,849640
9.792572498321533,847637
9.794573783874512,846195
9.801570892333984,846133
9.830572843551636,843521
9.870575189590454,839467
9.906577110290527,838755
9.95458197593689,838636
9.966580629348755,838199
9.978581666946411,837208
10.153594255447388,836809
10.157591342926025,834602
10.196594476699829,827899
10.201594352722168,827018
10.221598386764526,826545
10.22358226776123,826370
10.260599851608276,825540
10.273601531982422,824985
10.282601594924927,824043
10.297573328018188,822352
10.302602291107178,821421
10.314603328704834,819552
10.316603660583496,817998
10.402608394622803,817099
10.425610065460205,816927
10.579616785049438,815988
10.58561897277832,815138
10.58561897277832,815040
10.5946204662323,814175
10.59961986541748,810500
10.61961841583252,808745
10.692622900009155,807054
10.713626623153687,804307
10.741627931594849,804193
10.754629373550415,803257
10.812631845474243,802194
10.819630146026611,801536
10.972639560699463,798467
11.067646265029907,798201
11.148651838302612,791217
11.152652263641357,790925
11.247657537460327,790235
11.266656160354614,789840
11.3546621799469,787999
11.386664152145386,787884
11.388664722442627,787506
11.404666900634766,787262
11.52567172050476,786209
11.548673629760742,783638
11.569674253463745,783065
11.571674585342407,782998
11.600678205490112,782956
11.609676837921143,781474
11.707683086395264,780762
11.711682796478271,776903
11.720683097839355,776261
11.736687421798706,775620
11.779688835144043,775301
11.795687675476074,774551
11.834692239761353,774491
11.858691453933716,773928
11.980699062347412,773268
12.05070447921753,772232
12.052703619003296,769204
12.249713897705078,765176
12.259714841842651,764354
12.263717412948608,764288
12.370721817016602,763900
12.399725198745728,763116
12.481728076934814,762022
12.494730710983276,761024
12.537731409072876,759714
12.563734769821167,759234
12.589736223220825,758193
12.737744092941284,757452
12.780747175216675,757394
12.781747341156006,757327
13.520791053771973,756478
13.539791584014893,755383
13.544789791107178,754167
13.559792041778564,754095
13.625794887542725,753904
13.63479471206665,752694
13.638795614242554,750587
13.73980164527893,750556
13.894811153411865,749759
13.915812253952026,748069
13.927813529968262,747900
13.977815628051758,747532
14.003818988800049,746224
14.083794832229614,745927
14.09782600402832,743250
14.12679672241211,742668
14.204819202423096,742515
14.24583125114441,741951
14.368838548660278,740724
14.394840240478516,739413
14.449843883514404,738926
14.480845212936401,738674
14.588851690292358,738237
14.591846942901611,736777
14.863866806030273,736336
14.872867584228516,734376
14.898869037628174,734190
14.933871269226074,732916
15.044878005981445,729653
15.149884223937988,729389
15.465902328491211,729253
15.49990439414978,727941
15.595912218093872,724405
15.604912757873535,723929
15.60691237449646,723410
15.626911878585815,723034
15.628912687301636,720853
15.682915210723877,720726
15.776920795440674,717340
15.807922840118408,717325
16.08193850517273,717185
16.604968786239624,715002
16.7409770488739,714867
16.942989349365234,714558
17.013994932174683,714015
17.0169939994812,713406
17.105000257492065,713111
17.196003913879395,712257
17.231005907058716,712104
17.523022890090942,710311
17.532023429870605,709780
17.621028423309326,709695
17.657031059265137,709290
17.688032627105713,708796
18.031052827835083,708700
18.54008388519287,708496
18.584084033966064,708294
18.70909285545349,707277
19.027111053466797,707057
19.059112548828125,706737
19.10209012031555,706603
19.708150386810303,705253
19.721151113510132,705241
19.824157238006592,704971
20.019168853759766,704793
20.031169414520264,704598
20.26618480682373,700124
20.60120439529419,699759
21.535232067108154,699312
21.546233892440796,699252
21.782246828079224,698835
21.89425301551819,698150
21.983258485794067,697641
21.986258506774902,696277
22.188270092010498,696272
22.383281469345093,695382
22.445284605026245,695314
22.530289888381958,694968
22.539290189743042,694803
22.551291465759277,694769
22.639296531677246,694160
23.255332708358765,694148
23.311336040496826,693870
23.363338708877563,692035
23.75936222076416,691848
23.8763689994812,691732
23.91837167739868,691548
24.08739948272705,691470
24.897454500198364,691308
24.945457220077515,691209
25.180471181869507,690978
25.546491622924805,690209
25.732502937316895,690147
25.844509601593018,689239
25.929516315460205,688997
26.220531940460205,688700
26.276535034179688,688615
26.340538501739502,688289
26.44354510307312,688052
26.889570951461792,688045
26.911571979522705,687947
27.03757905960083,687934
27.293594121932983,687788
27.325596809387207,687518
27.347599267959595,687511
27.516607522964478,687177
27.91263246536255,687033
27.939631938934326,686897
28.07964015007019,686811
28.17264699935913,686433
28.73767876625061,686245
28.81768298149109,686158
28.850687980651855,686000
29.249708652496338,685528
29.42271876335144,684960
29.62073016166687,684909
29.634732961654663,684173
30.274768114089966,681469
30.304771661758423,680635
30.646790266036987,680609
30.90880513191223,680484
31.660849809646606,680134
31.94186758995056,680035
32.93292570114136,679954
34.49801564216614,679932
34.79903554916382,679917
34.97004318237305,679719
37.612197399139404,679564
38.309240102767944,679502
39.45830702781677,679381
40.077335834503174,679279
44.34959125518799,678676
44.565605878829956,678006
44.81161832809448,677789
44.95262670516968,677701
45.10663557052612,677624
45.59866523742676,677555
47.62778377532959,677289
48.0298068523407,677145
48.494834184646606,676698
49.47189116477966,676645
49.81891083717346,676517
49.974920988082886,676293
50.22993564605713,676238
50.96197819709778,676194
51.12898850440979,675633
51.20899486541748,675600
51.42700719833374,675462
52.065043926239014,675421
53.67613625526428,674913
53.87414813041687,674713
54.36617946624756,674511
54.48018407821655,674164
54.6841983795166,673924
64.99980163574219,673784
67.27293157577515,673683
69.33505296707153,673680
69.54606699943542,673563
70.2001051902771,673085
70.47611951828003,672985
70.64913010597229,671992
72.37623071670532,671817
75.7824296951294,671634
82.10180068016052,671175
82.9788510799408,670939
83.51888132095337,670480
93.42146158218384,670059
93.47346472740173,669999
93.8914852142334,669930
98.12870907783508,669434
98.63973903656006,669265
98.7397449016571,668990
103.47904920578003,668932
104.82913041114807,668769
