0.005305767059326172,7435898
0.01991891860961914,7388942
0.029176712036132812,7378027
0.035057783126831055,7362126
0.08051586151123047,7351773
0.08621907234191895,7295583
0.2131059169769287,7294825
0.21918487548828125,7250405
0.3052079677581787,7250039
0.3097968101501465,7116363
0.3457300662994385,7111412
0.35205674171447754,7045381
0.36445069313049316,7043991
0.36953282356262207,7016577
0.3879098892211914,7016058
0.39263200759887695,6972758
0.5058028697967529,6963662
0.5119926929473877,6959934
0.5221409797668457,6944947
0.5302069187164307,6889563
0.5889410972595215,6884580
0.7720828056335449,6884387
0.7815580368041992,6842150
0.8106718063354492,6839815
0.854888916015625,6834585
0.8597798347473145,6797439
0.8887600898742676,6782934
0.8982079029083252,6777524
0.9817190170288086,6766605
0.986818790435791,6720639
1.0873208045959473,6714767
1.0920929908752441,6664406
1.1511659622192383,6654337
1.1562118530273438,6592688
1.1805288791656494,6578435
1.1854259967803955,6565862
1.1905510425567627,6556426
1.238938808441162,6537523
1.3562240600585938,6533863
1.366386890411377,6518984
1.5027079582214355,6516768
1.5086510181427002,6483462
1.6138789653778076,6483348
1.6254878044128418,6481289
1.6317729949951172,6466279
1.673506736755371,6443645
1.6784849166870117,6418536
1.7007827758789062,6415143
1.7083308696746826,6338711
1.7147579193115234,6325074
1.7194087505340576,6287889
1.742278814315796,6281961
1.7479538917541504,6276533
1.7788639068603516,6275260
1.7857379913330078,6234790
1.8399066925048828,6229554
1.8451189994812012,6199483
1.874363899230957,6199268
1.879079818725586,6179677
1.8886027336120605,6170642
1.8933238983154297,6134752
1.9076869487762451,6133966
1.9171068668365479,6130637
1.9220008850097656,6106269
1.9415559768676758,6104768
1.9467787742614746,6063135
2.0121259689331055,6055562
2.0167198181152344,6030240
2.126649856567383,6023557
2.180079936981201,6010251
2.190558910369873,5997906
2.1951470375061035,5974318
2.2046468257904053,5960577
2.214189052581787,5953545
2.2238008975982666,5946497
2.228883981704712,5934721
2.2439639568328857,5932225
2.2486519813537598,5901151
2.267453908920288,5875970
2.2772507667541504,5865565
2.296571969985962,5861794
2.3302857875823975,5804184
2.3348207473754883,5797185
2.3397200107574463,5795168
2.379088878631592,5788838
2.389538049697876,5788834
2.3943278789520264,5773054
2.4034948348999023,5771255
2.419862985610962,5758863
2.4332079887390137,5744310
2.4751968383789062,5724904
2.4942920207977295,5710190
2.7863171100616455,5708579
2.8051750659942627,5698582
2.8345890045166016,5694255
2.8394477367401123,5683224
2.887763023376465,5660069
2.8927628993988037,5650217
2.897364854812622,5632300
2.9020237922668457,5627722
2.9076249599456787,5611360
2.912515878677368,5591880
2.9172909259796143,5576731
2.921921968460083,5554521
2.9268739223480225,5547013
2.9462997913360596,5530536
2.9821078777313232,5529335
3.0078768730163574,5528815
3.0221140384674072,5526516
3.031791925430298,5506972
3.041501998901367,5501063
3.051121950149536,5499576
3.0559029579162598,5490278
3.1021499633789062,5486347
3.107243061065674,5482721
3.111888885498047,5477790
3.257774829864502,5472252
3.3100028038024902,5466395
3.3658907413482666,5464686
3.3787357807159424,5394154
3.396235942840576,5391378
3.4066998958587646,5341845
3.4132578372955322,5339382
3.421186685562134,5338586
3.4357309341430664,5334517
3.4449148178100586,5332952
3.4581198692321777,5327725
3.471435070037842,5325678
3.479477882385254,5325276
3.493051767349243,5305908
3.5187630653381348,5301518
3.5925419330596924,5291215
3.6229147911071777,5290151
3.652240753173828,5285374
3.980660915374756,5271267
4.087026834487915,5268350
4.1625847816467285,5257908
4.169090747833252,5254368
4.198911905288696,5252821
4.204235076904297,5230424
4.610270977020264,5228648
4.701833009719849,5219508
4.706819772720337,5199638
4.721240758895874,5196525
4.735661029815674,5190397
4.812856912612915,5183269
4.827514886856079,5180615
4.837826728820801,5173880
4.8520660400390625,5171825
4.856773853302002,5159971
4.894981861114502,5159963
4.9000067710876465,5149194
5.033393859863281,5142059
5.078573703765869,5136856
5.161986827850342,5132154
5.1765358448028564,5131310
5.1817307472229,5130416
5.195793867111206,5129036
5.201220750808716,5124491
5.579128742218018,5122239
5.637588024139404,5114645
5.642257928848267,5094660
5.652206897735596,5085224
5.66150689125061,5081526
5.681135892868042,5076054
5.709617853164673,5075349
5.714540004730225,5074349
5.7382049560546875,5072099
5.747377872467041,5070166
5.7524590492248535,5062553
5.821016788482666,5061414
5.825687885284424,5059299
5.8303608894348145,5059163
5.835408926010132,5058438
5.916961908340454,5048875
7.027647018432617,5042569
7.032304763793945,5029724
7.079274892807007,5013714
7.143880844116211,5013196
7.148683071136475,4997388
7.812773942947388,4983389
7.8580639362335205,4978677
8.070125102996826,4966283
8.095308065414429,4961561
8.139595031738281,4946222
8.157558917999268,4940126
8.225037813186646,4938701
8.257601976394653,4935213
9.173641920089722,4930800
9.183027029037476,4916548
9.187724113464355,4911464
9.192734003067017,4905992
9.250269889831543,4905043
9.260770797729492,4904439
9.284389972686768,4900982
9.288946866989136,4900361
9.293944120407104,4898179
9.308300971984863,4897134
9.395145893096924,4896598
9.399901866912842,4893064
11.768502950668335,4891345
12.68799090385437,4882676
13.63833498954773,4882163
13.758506059646606,4882062
13.82776689529419,4882002
14.137224912643433,4880971
14.47569489479065,4879307
14.591211080551147,4870292
14.595943927764893,4850413
14.674152851104736,4848934
14.679128885269165,4848141
14.69167184829712,4845536
14.697038888931274,4832925
15.136558771133423,4831974
15.195131778717041,4831282
15.399780750274658,4829528
15.404472827911377,4819678
15.419286012649536,4818816
15.424211025238037,4817794
15.663060903549194,4815735
15.677469968795776,4764382
15.812262773513794,4764298
15.816956996917725,4761516
16.45266103744507,4761063
18.544595956802368,4759785
18.825925827026367,4759741
19.828305959701538,4755840
19.85698890686035,4755125
19.861643075942993,4754908
19.866342782974243,4754900
20.01577091217041,4751405
20.74545693397522,4749091
20.75010895729065,4700310
20.774237871170044,4699896
21.003809928894043,4699012
21.037303924560547,4698467
21.045366048812866,4696301
23.052927017211914,4695835
23.057607889175415,4679421
25.434929847717285,4679302
25.440553903579712,4676830
25.459544897079468,4676632
25.464226722717285,4674402
27.740070819854736,4666298
27.754450798034668,4664461
27.759319067001343,4657458
28.386213779449463,4656961
31.521475791931152,4635115
31.53075408935547,4628406
35.407161712646484,4615043
36.17644691467285,4614922
36.27854800224304,4613200
36.28838300704956,4604196
36.3473379611969,4595489
36.4664568901062,4595137
37.58315181732178,4592771
37.70366096496582,4584312
37.93555188179016,4583211
38.01118588447571,4571547
38.074052810668945,4568938
38.714903831481934,4559915
38.781816720962524,4497738
38.825026750564575,4496767
39.02146887779236,4493843
39.86478114128113,4490731
39.87019896507263,4489660
39.98036193847656,4489192
39.98586297035217,4488363
40.03623986244202,4486217
40.113154888153076,4483581
40.14343190193176,4482810
40.15282893180847,4430874
40.157808780670166,4427133
40.16830277442932,4426213
40.173815965652466,4410402
40.89031767845154,4409846
40.899778842926025,4406082
40.918529987335205,4403705
40.94690203666687,4402339
40.951647996902466,4401397
40.95681691169739,4400694
40.96728587150574,4400110
40.98287391662598,4362786
41.049118995666504,4360990
41.05450987815857,4332971
41.18075180053711,4331118
41.70451784133911,4330482
41.729089975357056,4323967
41.82255172729492,4323714
41.990400075912476,4319706
42.149186849594116,4317218
42.22213792800903,4316292
43.22844910621643,4315649
43.38426089286804,4312664
43.41429400444031,4183094
43.421334981918335,4169045
43.51741170883179,4162869
43.53639888763428,4162283
43.54215979576111,4156576
43.61947584152222,4155815
43.92336893081665,4155097
43.930453062057495,4146201
43.94140601158142,4145223
43.94895386695862,4140500
43.96258473396301,4140329
43.977871894836426,4139726
43.9831759929657,4131846
43.994210720062256,4131817
43.99944090843201,4131515
44.00921082496643,4128045
44.019190073013306,4126738
44.02916979789734,4126040
44.03886008262634,4125703
44.0434250831604,4124111
44.08353090286255,4121010
44.155441999435425,4119294
44.19044303894043,4110819
44.20715808868408,4109722
44.228317975997925,4105590
44.234007835388184,4103459
44.278242111206055,4102775
44.28320789337158,4089861
44.319612979888916,4088235
44.52901887893677,4064981
44.556458950042725,4061760
44.598824977874756,4057360
44.64533495903015,4056978
44.69260787963867,4056836
44.69855999946594,4055531
44.70519304275513,4054479
44.714751958847046,4046326
44.872912883758545,4043392
44.87760591506958,4033464
44.99596905708313,4032991
45.46866583824158,4031510
45.476550817489624,4022551
45.48848581314087,4019944
45.76974105834961,4019911
45.78255105018616,4019363
45.841044902801514,4019296
45.95382499694824,4017827
46.123464822769165,4014740
46.12855505943298,4013389
46.13320875167847,4013221
46.15818190574646,4012512
46.17012882232666,4009583
46.17585587501526,4008699
46.181118965148926,4007213
46.25858783721924,4007048
46.270468950271606,4006168
46.95990180969238,4005878
47.11127972602844,4002059
47.12514901161194,3991991
47.14508390426636,3991771
47.16902184486389,3990690
47.174996852874756,3983888
47.273722887039185,3983378
47.334916830062866,3980174
47.34815287590027,3979191
47.36037492752075,3970537
47.371171712875366,3959626
47.38309097290039,3959622
47.38827180862427,3958913
47.41624188423157,3958147
47.423717975616455,3928004
47.4944589138031,3927353
47.52134394645691,3925351
47.529820919036865,3920653
47.58510112762451,3920429
47.608184814453125,3918579
47.66275405883789,3916559
47.771530866622925,3915743
47.77728891372681,3914552
47.78457283973694,3883002
47.796936988830566,3881931
47.80210995674133,3881714
47.80765700340271,3879638
47.83062672615051,3878654
47.836636781692505,3799252
47.849730014801025,3795896
47.872156858444214,3794606
47.878068923950195,3794355
47.88431000709534,3793539
48.16011691093445,3792235
48.24668908119202,3792058
48.251436948776245,3785875
48.28133678436279,3784812
48.29315996170044,3784105
48.32585287094116,3783803
48.33247995376587,3783176
48.342904806137085,3782807
48.406712770462036,3782569
48.52456092834473,3782008
48.642184019088745,3777987
48.913995027542114,3777745
49.00642681121826,3777728
49.02988910675049,3777590
49.036558866500854,3761105
49.17322897911072,3760279
49.17806887626648,3758555
49.209290981292725,3758462
49.2173330783844,3661761
49.50507593154907,3658435
49.74263405799866,3657628
49.90286993980408,3657449
49.90804409980774,3653419
49.94330286979675,3653231
50.06600093841553,3652561
50.07122087478638,3591884
50.132423877716064,3591273
50.140557050704956,3583749
51.61866903305054,3582625
51.62807774543762,3579386
51.64672899246216,3576119
51.666558027267456,3575664
51.67590594291687,3574225
51.694637060165405,3571646
51.76390886306763,3571612
52.75016975402832,3570291
52.86769390106201,3570046
52.883979082107544,3570037
53.81113791465759,3567533
53.81713891029358,3567523
53.84031891822815,3564526
53.89653491973877,3559349
53.945854902267456,3490103
53.9534809589386,3480417
53.99040102958679,3479893
53.999167919158936,3476473
54.10721206665039,3476434
55.22372794151306,3371979
55.22970795631409,3365232
55.24007201194763,3356302
55.2543408870697,3349724
55.42226982116699,3348570
56.211970806121826,3348030
56.21691584587097,3345905
56.25811576843262,3341039
56.3026340007782,3339726
56.44936776161194,3337676
56.45435285568237,3335013
56.4589569568634,3333915
56.4638237953186,3330835
56.47349977493286,3327044
56.49249482154846,3323608
56.52235794067383,3323567
56.527204751968384,3321963
58.17574191093445,3320185
58.186150789260864,3318833
58.192107915878296,3317673
58.20232605934143,3313930
58.52409791946411,3312317
59.43576979637146,3307571
59.492339849472046,3306628
59.499011754989624,3306602
59.50377297401428,3306239
59.509647846221924,3306193
59.5174720287323,3305092
59.52946591377258,3304881
59.957491874694824,3304623
60.21441984176636,3303147
60.22894597053528,3302278
60.533411741256714,3301709
62.2547128200531,3300885
62.28310203552246,3279374
62.313331842422485,3264762
62.323142766952515,3247842
62.424293756484985,3245792
63.393922090530396,3245125
63.8199028968811,3245059
64.39651775360107,3244276
64.50500297546387,3243369
65.11113977432251,3243008
65.17563486099243,3241408
65.3603458404541,3240853
66.09794998168945,3240756
66.20961475372314,3239249
66.46864700317383,3238600
66.4791259765625,3237865
66.48400092124939,3232054
66.49844098091125,3231818
66.50325083732605,3230509
66.50814580917358,3230259
66.52772307395935,3229010
66.62208271026611,3228617
66.7342369556427,3227570
66.74463891983032,3222756
66.78850889205933,3219400
66.80802297592163,3218943
67.6849148273468,3217967
67.69748091697693,3217739
69.43519377708435,3216769
71.44513988494873,3215581
71.46716284751892,3215053
71.47562384605408,3211469
72.4775288105011,3209154
72.48222589492798,3206309
74.21516585350037,3203201
75.05173683166504,3202982
76.59986996650696,3198930
76.60448384284973,3196450
76.60979199409485,3194677
76.61458992958069,3190950
81.13846182823181,3186211
83.26309490203857,3185393
83.4546639919281,3183775
84.06429481506348,3180586
85.04775786399841,3179568
85.08559799194336,3176249
85.10730385780334,3169001
85.25164890289307,3137464
85.25886011123657,3116435
85.28121495246887,3059256
85.28697800636292,3051181
85.4222149848938,3022943
85.43520092964172,2931612
85.43989896774292,2839467
85.44621896743774,2819227
85.45111870765686,2747347
85.49448704719543,2733735
85.50067400932312,2668382
85.53198790550232,2649907
85.53830194473267,2587735
85.54494905471802,2569907
85.77513194084167,2491376
85.80624485015869,2475373
85.87648892402649,2440242
85.88578677177429,2420732
85.89073204994202,2388507
85.8958477973938,2384854
85.91994094848633,2366163
85.92465782165527,2355805
85.9294228553772,2332883
85.93476796150208,2322591
85.96011686325073,2287873
85.97765183448792,2283674
86.01584792137146,2266645
86.0271737575531,2191858
86.71630477905273,2186799
86.72642374038696,2183154
86.73879599571228,2180516
86.74355673789978,2172931
88.21593594551086,2169722
88.95066595077515,2157980
88.96494102478027,2157584
89.67403292655945,2156571
89.68640208244324,2141417
90.56351900100708,2140626
93.82921600341797,2140222
93.84338688850403,2128142
93.8986268043518,2128012
93.90640783309937,2114747
93.92165088653564,2114125
94.69671297073364,2109774
94.75312209129333,2102152
96.1150279045105,2098863
96.16755986213684,2094465
96.87903213500977,2094233
96.90358400344849,1984067
96.93942284584045,1982782
96.94996309280396,1980589
97.60730695724487,1963257
98.32228875160217,1962968
98.32748889923096,1961928
98.3373749256134,1961613
98.92408180236816,1894212
98.96205687522888,1893754
98.96696710586548,1880213
100.18184781074524,1879234
100.19150590896606,1872800
100.79006099700928,1872098
100.7949378490448,1835759
101.60171484947205,1820239
102.03432488441467,1820051
102.04484987258911,1813500
102.0495491027832,1787048
102.19274282455444,1769650
102.25063300132751,1734778
102.2553780078888,1710045
102.26076889038086,1683132
102.2827959060669,1676536
102.2952389717102,1636683
103.39453601837158,1636407
103.39929699897766,1627330
103.41351389884949,1624887
103.58750796318054,1619972
103.59221982955933,1589353
103.5970528125763,1575403
103.65665197372437,1541802
103.69040489196777,1530880
103.9658727645874,1521035
103.97059082984924,1491056
103.991938829422,1481260
103.99687504768372,1464127
104.00616884231567,1405282
104.01214385032654,1399203
104.01725387573242,1383379
104.02246594429016,1371654
104.08519291877747,1359378
104.09447979927063,1341287
104.12804293632507,1340262
104.13281583786011,1294039
104.54063010215759,1290500
104.55597281455994,1283948
104.56077694892883,1282672
105.21513390541077,1282404
105.22006487846375,1280813
105.84731912612915,1280244
105.85414791107178,1242181
106.51236295700073,1240347
107.12724184989929,1238610
107.13773083686829,1236322
107.67439889907837,1235365
109.50483393669128,1233006
109.5909628868103,1232734
109.59634900093079,1194276
110.64581489562988,1190041
110.66251182556152,1185397
110.67469787597656,1183056
111.74485492706299,1168289
111.74943995475769,1115320
111.84535503387451,1108321
111.85008382797241,1098173
112.25376272201538,1095209
112.75670671463013,1092991
114.25292491912842,1089849
114.31013607978821,1089393
114.32102990150452,1087214
114.32712888717651,1072997
114.85101175308228,1072004
114.86372590065002,1071453
114.87048196792603,1069391
114.90627479553223,1069115
114.91281580924988,1069026
114.93017983436584,1037253
114.95711493492126,1033342
114.96225190162659,1022626
116.82852673530579,1020696
116.84703278541565,1016536
117.34303092956543,1015994
117.37109088897705,1014338
117.84333992004395,1013403
118.36972904205322,1013017
119.83910298347473,1010974
119.86258101463318,1009769
120.8076229095459,1007148
120.82294082641602,1006585
121.23404598236084,1005992
121.24531674385071,1005913
121.25002908706665,1005456
123.50137186050415,1004338
124.47573494911194,1002227
124.49975395202637,998581
124.52402997016907,998008
124.53349184989929,997821
124.53885698318481,997743
124.54815196990967,994501
124.71386981010437,992755
124.79240083694458,990715
124.79729986190796,990526
125.33002805709839,989280
125.37222099304199,988844
125.37693905830383,987295
125.48498392105103,983204
126.0542619228363,982859
126.06412076950073,972485
126.67436075210571,972367
126.67921090126038,972117
127.03640484809875,972083
127.04120588302612,970848
127.96899199485779,970361
127.98290681838989,968484
128.85686683654785,968247
128.86156487464905,967019
129.4031708240509,965843
129.4892017841339,962850
129.49853086471558,961710
129.67823004722595,961335
129.68480110168457,958830
129.76604175567627,958125
129.77822589874268,957888
129.7904770374298,956509
129.89394307136536,955833
129.89859890937805,953478
129.9287691116333,952776
130.04106402397156,952476
130.3879599571228,951873
131.11032605171204,950619
131.47282695770264,949777
131.4896159172058,949393
131.70980286598206,949308
132.46145486831665,949271
132.5194058418274,948372
132.74020409584045,946501
132.76161193847656,945580
132.78602075576782,944792
132.79527711868286,941094
132.82458186149597,940358
133.01792001724243,939498
133.02742385864258,939181
133.03693008422852,933370
133.05110597610474,933365
133.05569982528687,932859
133.3280758857727,931787
133.55322194099426,929985
133.5632357597351,929019
133.58251690864563,928879
133.58741402626038,925504
133.88562297821045,925031
133.89503693580627,924306
134.4554569721222,923808
134.46274781227112,920348
135.2230999469757,918203
135.23248386383057,915580
135.4399380683899,913247
135.90499782562256,912797
136.1135470867157,912587
137.93106985092163,911267
138.01029086112976,910875
138.33510398864746,910536
138.40651893615723,910492
138.41142773628235,908239
138.7511658668518,907897
138.75578904151917,902736
139.14674305915833,900409
139.155907869339,899526
139.2318878173828,898752
139.2916181087494,898586
139.29627585411072,898114
139.34528374671936,898052
139.85871481895447,896819
140.03735995292664,896672
140.04227089881897,896345
140.18351697921753,896212
140.20750999450684,896004
140.21321296691895,895952
140.292906999588,895024
140.35713005065918,892682
140.37649583816528,890836
140.92185878753662,890671
141.69644594192505,890001
141.70247507095337,887489
142.47378087043762,886752
146.91282892227173,885126
151.83101081848145,883169
175.62197399139404,880448
175.67656087875366,877775
176.21653199195862,876317
176.36851406097412,876040
176.82344889640808,864263
177.3124759197235,861724
177.32490706443787,848554
177.81043481826782,848196
177.81736302375793,838884
182.91336393356323,836274
189.12863206863403,835802
190.1989870071411,832892
198.2027440071106,829333
198.27026891708374,820936
200.0096309185028,814781
200.89981389045715,814290
214.76547408103943,810626
222.48687291145325,809794
224.21929693222046,809709
224.9797728061676,809533
225.00406408309937,808500
225.01564383506775,808438
227.55628180503845,808266
239.44995093345642,808051
241.04730606079102,806828
241.7532148361206,806433
248.1064739227295,806275
250.08827900886536,805039
250.7678987979889,804601
255.1583218574524,804188
255.5598499774933,801767
256.7539508342743,796854
256.7976348400116,796535
257.3753399848938,795871
259.5263979434967,795040
262.20444798469543,794464
268.55236196517944,794058
269.0081579685211,793508
269.1146287918091,793398
269.5903868675232,793395
269.6085350513458,793060
269.61688709259033,792712
269.6225218772888,792542
270.2093439102173,792024
270.52456283569336,790486
271.0189528465271,790024
271.0290949344635,789508
271.8991596698761,788143
274.4971477985382,787943
274.51710271835327,787446
274.521812915802,786569
275.8960177898407,786290
277.08196997642517,786262
277.09292697906494,785476
277.4676218032837,785360
277.5066149234772,784006
279.4325850009918,783485
280.0192449092865,783448
280.0484187602997,783162
280.05303978919983,781701
280.07429790496826,780629
282.48005771636963,780372
285.95705485343933,780364
286.09563088417053,779011
286.458664894104,778934
286.4773588180542,778873
287.11305975914,777695
287.48706889152527,776522
288.73081493377686,776331
288.74788308143616,775472
288.9025468826294,774432
289.8626639842987,774037
289.8728897571564,773040
295.5883228778839,772726
295.66375708580017,772097
319.5203969478607,771732
319.5399160385132,767077
320.1235399246216,761249
342.898405790329,759533
342.90868306159973,758633
342.9144639968872,755820
368.0619878768921,755804
368.0677719116211,755285
368.0806419849396,755105
368.08636498451233,754112
389.64860582351685,753375
394.0045108795166,751989
395.11590790748596,750144
396.6042129993439,747928
407.9206290245056,747413
408.03084802627563,747402
408.0502779483795,747287
408.1101870536804,745858
408.24431800842285,745023
409.80988907814026,744342
409.82797288894653,744314
410.6547179222107,743811
412.14935183525085,743406
418.32079577445984,743383
418.5327708721161,742687
418.8247129917145,741938
419.89168787002563,741916
420.72155499458313,741463
427.634281873703,740210
433.883917093277,739694
433.89014291763306,739618
435.12871980667114,737196
457.82163095474243,734192
550.9015350341797,731953
563.5319910049438,731222
565.7650318145752,730687
588.8640508651733,730607
588.8753669261932,730462
594.1718878746033,729978
