0.1500072479248047,780424
16.701975345611572,779572
16.717975854873657,779249
16.74899172782898,778151
16.83598256111145,777944
16.854983806610107,777667
17.148003816604614,777204
17.156031131744385,776869
17.178022146224976,776332
17.452038526535034,776219
17.47804355621338,775604
17.492044687271118,775451
17.559044361114502,774907
17.559044361114502,773269
17.58104705810547,772533
17.67005157470703,772145
17.678061485290527,772127
17.684033155441284,771867
17.693053722381592,771819
18.2280855178833,771522
18.233086109161377,770940
18.296091318130493,770538
18.364091396331787,769620
18.37308955192566,769008
18.391093730926514,767648
18.431095600128174,767435
18.45607829093933,766746
18.457077264785767,766354
18.462097883224487,765794
18.466097116470337,764269
18.488081216812134,763794
18.509083032608032,763274
18.526083946228027,762678
18.68811011314392,762420
18.888121604919434,761950
18.888121604919434,761874
18.910123109817505,759596
18.91512680053711,759010
18.946125745773315,758932
18.958125352859497,758887
22.606340169906616,758397
22.60733389854431,756941
22.62134289741516,756423
23.0043625831604,755730
23.015344381332397,754951
23.12437152862549,754337
23.12937068939209,752885
23.13438653945923,752877
23.157363176345825,752319
23.267379760742188,751506
23.279380083084106,750674
23.36236548423767,749936
23.38138508796692,749881
23.77240777015686,749613
23.781408548355103,746979
23.839411973953247,746682
23.878395557403564,746574
24.004433155059814,746317
25.198500633239746,745588
25.207491636276245,745411
25.379501581192017,744746
25.405503034591675,744646
25.40850329399109,744229
25.740506172180176,744021
25.76550555229187,743667
25.780534744262695,743391
25.80452799797058,743363
25.8405122756958,742703
25.85053825378418,742253
25.858529806137085,741816
25.883532524108887,741441
25.895532846450806,740676
25.912533044815063,740086
25.921533346176147,739991
25.926534175872803,739957
25.926534175872803,739175
27.222607612609863,739167
27.23561429977417,738862
27.34659719467163,738768
27.403603553771973,738353
27.444606065750122,737388
27.471606731414795,737231
27.50360894203186,737088
27.520609855651855,736829
27.534610986709595,735916
30.00375270843506,734586
30.01175308227539,734250
30.01775336265564,734229
30.01775336265564,732906
30.175763368606567,732815
30.189783096313477,732396
30.234785556793213,731828
31.222827672958374,730835
31.225826263427734,730660
31.2428457736969,729440
31.246826648712158,727656
31.31983256340027,727430
31.385836362838745,726269
31.438855409622192,726160
31.67988085746765,725776
31.696871042251587,725721
31.717853784561157,724830
32.55592131614685,724606
32.587923765182495,724441
32.61790609359741,723791
32.931926250457764,722976
33.21395969390869,722690
33.25994372367859,722495
33.26597499847412,722426
33.41897368431091,722153
33.57296109199524,722106
34.0269877910614,721811
34.12201499938965,721447
34.2640221118927,720915
34.34002637863159,720375
34.36700797080994,718829
34.39400911331177,718696
34.398009061813354,718664
34.50701594352722,718653
34.57502007484436,718557
34.60402178764343,718060
36.381125926971436,717669
36.404128313064575,717388
36.4821343421936,716378
36.81615161895752,714052
37.263179540634155,713948
37.318182945251465,713803
37.47520971298218,713300
38.32726073265076,712860
38.47424840927124,712389
38.56527376174927,711993
38.96627759933472,711694
39.096306800842285,711442
42.017457246780396,711407
42.61351227760315,710856
42.61949038505554,710538
42.73751711845398,709807
42.745516538619995,709613
42.761518478393555,709458
43.16354155540466,709319
43.21052551269531,708183
43.45553994178772,707673
43.4985613822937,707397
43.64957022666931,707171
44.06759786605835,706839
44.09859657287598,706579
44.245585680007935,706157
44.427616119384766,706119
44.434614419937134,706031
44.437618255615234,705415
46.5087411403656,705404
46.555720806121826,704525
46.718730449676514,704370
46.78273391723633,703870
47.06175231933594,703272
47.07875394821167,703106
47.114755392074585,702824
47.55279278755188,702603
51.356021881103516,702566
51.39200401306152,702394
51.531030893325806,701691
54.120163440704346,701653
54.387178897857666,701651
55.43225884437561,701470
56.45729970932007,700545
56.523303508758545,700327
56.61030864715576,700325
56.62130928039551,699668
59.581501960754395,699373
59.648505210876465,699296
59.99752616882324,699143
60.35454773902893,699095
62.67366576194763,699005
62.70069646835327,698960
62.83869671821594,698938
62.9976851940155,698866
63.32472085952759,698719
63.50171160697937,698483
63.6257381439209,698406
63.762749910354614,698404
63.83475112915039,698225
69.07604360580444,697905
69.92608785629272,697730
70.6201491355896,697655
70.86814379692078,697450
72.21424078941345,697419
72.5372428894043,697370
72.77725625038147,697363
72.90426468849182,697345
76.04046249389648,697067
76.49349188804626,696467
76.65950202941895,696293
77.21251320838928,696248
77.21251320838928,695606
78.39860129356384,695454
81.23076725006104,695411
81.67777705192566,695351
85.41801261901855,695284
111.72555160522461,695150
118.61296558380127,695112
133.26679229736328,695084
133.29179286956787,695077
209.5762550830841,694330
219.80787181854248,694330
