0.06900453567504883,824293
0.17901158332824707,819405
0.22901535034179688,818078
0.41402482986450195,802318
0.41704344749450684,801643
7.069139719009399,797369
7.091610908508301,792032
7.584935665130615,791531
7.584935665130615,790542
7.6915123462677,790274
8.140968084335327,788307
8.290862798690796,788169
8.428304672241211,786674
8.428304672241211,782580
8.446280717849731,781592
8.521309852600098,780174
8.845155000686646,779776
8.845155000686646,779516
8.86077880859375,779157
10.990351438522339,778152
11.002351760864258,777761
11.028353929519653,774951
11.04335641860962,773856
11.064375638961792,773765
16.829959630966187,773296
16.834959745407104,772043
16.892935037612915,771313
17.060473918914795,771287
17.064473867416382,770841
17.096478700637817,770266
17.127497673034668,769822
17.140498161315918,768752
17.196374654769897,768582
17.198667287826538,768280
17.406612157821655,767376
19.215111255645752,766733
19.22733449935913,764767
19.24295687675476,764558
19.274328231811523,763024
19.357887506484985,762500
19.607439041137695,762149
19.607439041137695,761808
19.671058416366577,760485
19.726218461990356,759796
19.726218461990356,759076
19.726218461990356,758002
19.769129991531372,756797
19.772130489349365,756518
19.845134735107422,756081
19.846383333206177,755254
21.25469446182251,754781
21.53051996231079,753688
21.73934817314148,752868
21.754973649978638,751628
21.754973649978638,751617
21.754973649978638,751339
21.754973649978638,751269
21.781739473342896,751239
22.095309257507324,751189
22.095309257507324,750767
22.095309257507324,750359
22.110934257507324,750354
22.14484214782715,749464
22.14484214782715,749199
22.32952332496643,749062
22.37639856338501,748672
22.438435554504395,746254
22.47279453277588,745675
22.597795248031616,745143
22.62954568862915,744624
22.634546041488647,743936
22.7590115070343,743542
22.760011672973633,743351
23.0038001537323,743326
23.04915499687195,743089
23.05415630340576,742999
23.162288665771484,742529
23.179514169692993,742313
23.242039442062378,742106
23.346445322036743,741713
23.431047677993774,741220
23.477948427200317,740740
23.477948427200317,740139
23.524823427200317,740113
23.54460883140564,740026
23.791579484939575,739701
24.053712844848633,739162
24.06701397895813,737969
24.082664489746094,737402
24.082664489746094,737155
24.082664489746094,736470
24.181408643722534,733973
24.364660024642944,733968
24.395910024642944,733642
24.47330403327942,732987
24.615020990371704,731382
24.639493465423584,730648
24.64449381828308,730269
24.64949631690979,730209
24.893234252929688,729066
25.389102458953857,729049
25.505627155303955,727704
25.899488925933838,727560
25.907732009887695,727139
25.907732009887695,725886
25.923375606536865,725338
26.137088298797607,725334
26.23096752166748,724599
26.30115008354187,724098
26.60622477531433,723529
27.577528476715088,722933
27.608778715133667,722872
28.06054377555847,722409
31.285057067871094,720665
31.385441541671753,720603
31.464264631271362,719545
32.18591237068176,719473
32.21828818321228,718590
32.233914375305176,718314
32.521519899368286,717726
32.539772748947144,717719
32.55542349815369,717566
32.616727352142334,717455
32.62672710418701,717173
32.83115839958191,716800
32.89365887641907,716796
34.5273003578186,716643
34.547016620635986,716636
34.75926208496094,716257
34.799705028533936,715752
34.82945489883423,715150
35.86911582946777,714906
35.87029147148132,714576
35.9015679359436,714522
35.9015679359436,713631
36.806167125701904,713581
37.036593437194824,713422
37.04285478591919,712641
37.389912366867065,710668
37.497314453125,710580
37.77838659286499,710061
37.782448291778564,708690
38.06140470504761,703431
38.087406635284424,703102
38.314056158065796,702073
38.31605625152588,701922
39.3598575592041,701658
39.50096344947815,701177
39.50196385383606,701174
39.50596523284912,700208
39.57372713088989,699889
39.71781921386719,699868
39.86482763290405,699049
39.888952016830444,698932
40.08116626739502,698914
40.274649143218994,698238
40.3546724319458,698129
40.425676584243774,697761
40.46866822242737,697365
40.53843688964844,696823
40.59786415100098,696608
40.760900259017944,696552
42.11700892448425,696536
42.308221101760864,696293
42.54308295249939,696262
42.842071533203125,695825
43.02707290649414,695460
44.50386428833008,695251
44.61528706550598,695002
44.7077898979187,694999
45.31300950050354,694059
45.35300612449646,693982
45.68089199066162,693826
47.0878632068634,693208
47.20584416389465,690846
47.28793215751648,690756
47.335925340652466,690743
47.37794351577759,690657
49.01386022567749,690049
49.42452836036682,689684
49.678189277648926,689663
49.78330039978027,688909
49.848121643066406,688674
54.80598258972168,688368
55.698099851608276,688039
55.91035532951355,687886
55.993216037750244,687817
56.111021518707275,687680
56.55099320411682,687334
56.6200156211853,687265
58.38071632385254,687242
58.76749539375305,687226
58.885698080062866,686975
59.955002784729004,686833
59.970627546310425,680923
63.106175661087036,680364
63.58510899543762,680071
66.45933318138123,679642
66.64592909812927,679565
69.86832737922668,678763
70.25677108764648,678358
70.3777174949646,678079
70.7623839378357,677913
73.96386575698853,677884
90.38425159454346,677773
90.80060029029846,677604
91.89940142631531,677573
92.1498327255249,677545
94.95418000221252,677110
96.4424524307251,676995
113.70943117141724,676978
118.12940073013306,676950
173.92194843292236,675027
204.84466004371643,675027
