0.24303221702575684,833571
0.3160369396209717,826523
0.47802734375,825573
1.1170666217803955,824689
1.4550843238830566,824033
1.4610846042633057,823889
1.4800868034362793,821331
1.6361136436462402,821260
1.661116361618042,820797
1.6701157093048096,820124
1.6711158752441406,819817
1.6751136779785156,819737
1.6761152744293213,819450
1.6951160430908203,818821
1.6981170177459717,818644
2.9301702976226807,816711
2.933171272277832,816644
2.9871795177459717,816556
3.002176523208618,816306
3.06017804145813,814759
3.0611791610717773,813282
3.062178373336792,813114
3.089179515838623,812956
3.120181083679199,811630
3.1221811771392822,810974
3.1351895332336426,809576
3.232187509536743,807675
3.2821907997131348,805981
3.2841904163360596,805083
3.292191505432129,804153
3.3631956577301025,803011
3.3671958446502686,802593
3.3751962184906006,802067
3.3761963844299316,801857
3.434199571609497,800991
3.4492006301879883,800958
3.4672017097473145,799471
3.4672017097473145,798734
3.4672017097473145,797835
3.4692018032073975,797054
3.4702019691467285,797043
3.4932031631469727,795331
3.519204616546631,793099
3.5892105102539062,792847
3.6092123985290527,790401
6.601384878158569,785805
6.6163859367370605,784253
6.627385854721069,782387
6.641387462615967,780842
6.667388916015625,780136
6.671388864517212,778818
6.677388668060303,777734
7.352456569671631,777699
7.371457099914551,776430
7.372457504272461,775719
7.379458427429199,775045
7.418460130691528,773901
7.424460411071777,772999
7.435461044311523,770922
11.618680238723755,770750
11.64169955253601,768125
11.656700134277344,767748
11.658699989318848,766778
11.670701503753662,766574
11.876713037490845,766144
11.891712665557861,766117
11.957716464996338,763676
11.96771788597107,762620
11.979718923568726,761893
12.001702785491943,761439
12.03370451927185,761284
12.052706241607666,760880
12.080707788467407,759736
12.094708681106567,758898
12.100708723068237,758356
12.106709718704224,758267
12.702761173248291,757586
12.80274772644043,755949
12.81674838066101,751612
12.847749948501587,751100
15.292920351028442,750659
16.891014099121094,749967
16.897013664245605,749264
16.92301607131958,747707
16.924015998840332,747696
16.931015491485596,746613
16.94901728630066,745967
16.94901728630066,745430
16.967018604278564,745288
17.004021167755127,744087
17.03101372718811,743653
17.048015117645264,743435
17.073010444641113,743153
17.102020263671875,741851
17.125000476837158,741605
17.12701964378357,741511
17.12701964378357,739988
17.145003080368042,739428
17.360016107559204,739162
17.388017654418945,737800
17.41602659225464,737359
20.6382052898407,737210
20.838217735290527,734976
20.977233409881592,734759
20.98522639274597,732290
20.988226413726807,731403
21.07923173904419,730149
21.097232818603516,728759
21.104514122009277,728749
21.315990447998047,728133
21.342992067337036,728131
21.384994745254517,726683
21.40199589729309,726045
21.884092569351196,725741
22.036219358444214,725137
22.221811771392822,724712
22.237462282180786,723410
22.982275009155273,723028
23.030754566192627,722863
23.03975558280945,721747
23.071758031845093,721142
23.379384994506836,721108
23.391384840011597,720665
23.506702184677124,720379
23.506702184677124,720317
23.510701179504395,720164
23.54070281982422,720123
23.55270552635193,719645
23.561713933944702,719184
23.60672903060913,718929
23.643566846847534,718817
23.680866241455078,718581
27.370882272720337,718535
27.379907846450806,718364
27.38790774345398,716242
27.398908138275146,715373
27.429544687271118,715339
27.445169687271118,714505
30.53121328353882,713764
34.212156772613525,711443
34.42180395126343,711056
34.43080520629883,711008
34.45180654525757,710686
34.59622240066528,710479
34.61184620857239,710230
35.15720081329346,710164
35.20020604133606,709757
35.391276597976685,709725
35.39527869224548,709408
35.43206477165222,709200
35.46647548675537,709139
35.513352394104004,708924
35.664172649383545,708748
35.75050926208496,708605
35.7848219871521,707914
35.896435022354126,707688
36.07712531089783,706714
37.0910120010376,706507
37.776825189590454,706368
37.847864866256714,705271
37.87186574935913,705265
37.92898106575012,704615
37.99147963523865,704294
38.0941526889801,704232
38.15778207778931,703680
38.44856882095337,702919
38.49544334411621,701343
38.49544334411621,700782
38.51106810569763,700590
38.51430630683899,700249
38.68655705451965,699280
38.74607729911804,698675
38.76170206069946,698521
38.942519426345825,698430
38.99072504043579,698150
39.02572774887085,698059
39.668436765670776,697771
39.684062480926514,697752
40.456748485565186,697029
40.60272526741028,696354
40.79560971260071,696266
40.9577841758728,696111
40.966801166534424,695569
41.074251651763916,695536
41.08025002479553,694348
41.280816078186035,693810
41.32677936553955,693808
41.35804843902588,693771
41.40377974510193,693696
41.46011972427368,693481
41.47574329376221,692351
41.47574329376221,692314
41.47574329376221,692292
41.550177335739136,692230
41.55420541763306,691586
41.62147259712219,691559
42.2296462059021,691318
43.48967003822327,690614
43.52165198326111,689977
44.51071000099182,689308
44.51270866394043,689291
44.55071234703064,689268
44.57173180580139,688807
44.592713594436646,688512
44.62671732902527,688022
46.06082797050476,687831
46.508854389190674,687808
46.85184621810913,687230
46.852845907211304,686953
46.890848875045776,686669
46.8928484916687,686290
46.957852602005005,686196
46.983853578567505,685735
60.061410427093506,685269
60.22950005531311,684424
60.45454692840576,684185
60.764159202575684,684126
60.779783964157104,683850
60.950451612472534,683788
60.97145438194275,683731
60.99845242500305,683703
61.77049708366394,683642
63.449164390563965,683473
63.8332200050354,683226
63.967225313186646,682569
64.9923038482666,682515
65.11731219291687,682450
67.02040553092957,681996
67.31342053413391,681716
67.79347610473633,681656
68.32650661468506,681632
68.7975344657898,681562
68.87153887748718,681517
69.52354884147644,681056
69.97257542610168,680738
70.74962139129639,680576
74.96983051300049,680490
75.68973875045776,680335
77.55042362213135,680190
77.68450379371643,680154
78.46842432022095,679970
79.34519243240356,679770
82.17063021659851,679707
82.78652310371399,679493
84.44401550292969,679461
85.6854944229126,679458
87.48674893379211,679310
88.06151866912842,679288
99.71247100830078,679263
112.63632655143738,679260
164.3759732246399,676763
164.99488139152527,673500
167.33128929138184,672188
211.05135345458984,672188
