12.087729215621948,850501
12.09672999382019,850354
12.116729974746704,849404
12.119729042053223,848381
12.120731592178345,845584
12.145731449127197,843437
12.16173267364502,842820
12.17873477935791,841968
12.31474232673645,841912
12.340741872787476,839521
12.347743034362793,838408
12.37874698638916,837126
12.478750705718994,835778
12.52675485610962,834580
12.546754121780396,833936
12.915789604187012,833391
12.941776990890503,831877
12.942777395248413,829705
12.990782022476196,829220
13.033784627914429,826390
13.035783290863037,826099
13.067786693572998,823997
13.141788959503174,820079
13.157790422439575,819677
13.263796329498291,818802
13.392805814743042,817844
13.646819591522217,817087
13.657819509506226,816312
13.696824073791504,816290
13.732826709747314,815369
13.77382779121399,813810
13.795830011367798,813733
13.814828157424927,812326
13.825828552246094,810808
13.830829620361328,807480
13.939836025238037,806487
14.132848262786865,806485
14.135847568511963,805705
14.179850101470947,805647
14.841861486434937,805246
15.024872064590454,805179
15.028872013092041,804943
15.0618736743927,804114
15.107876539230347,803989
15.208881855010986,802758
15.2468843460083,801357
15.325889110565186,800382
15.356891393661499,800068
15.37589168548584,800065
15.399893999099731,799703
15.472898006439209,799177
16.565962076187134,799078
16.620965242385864,798294
16.724971532821655,797444
16.764973878860474,797207
16.775973558425903,797065
16.88398027420044,796951
17.06399130821228,795965
17.112993717193604,794950
17.126994371414185,794431
17.132994890213013,792724
17.133994579315186,792401
17.196998357772827,792159
17.280003309249878,791339
17.297004461288452,788400
17.30300498008728,788184
17.30900526046753,787509
17.575021028518677,786068
17.641024827957153,785666
17.66502571105957,784975
17.73403024673462,784851
17.77503252029419,784079
17.800033569335938,783575
17.801034212112427,782683
17.94804286956787,777683
17.985044479370117,772812
18.01504611968994,769714
18.025047063827515,769654
18.0970516204834,768225
18.195057153701782,764944
18.24906039237976,763996
18.267061471939087,763314
18.4670729637146,763121
18.567078828811646,762952
18.621082305908203,762549
18.65908455848694,761714
18.66608500480652,761686
18.670084953308105,756246
19.178114414215088,755612
19.42514991760254,752600
19.49116325378418,752246
19.50216269493103,740968
19.518163681030273,740813
19.575164556503296,740210
20.180201292037964,739481
20.19620180130005,739371
20.242204189300537,739325
20.56222367286682,739067
20.607200145721436,738366
20.793211460113525,738347
22.093287467956543,738046
22.327300786972046,737836
22.394304990768433,736739
22.674322605133057,735924
23.120347499847412,735816
23.183351039886475,735760
23.196351766586304,735351
23.83238911628723,734702
24.395439386367798,734417
24.435449838638306,734357
24.58945918083191,733647
24.71646547317505,733450
24.742467403411865,732408
25.253498077392578,732013
25.92253875732422,731883
26.298558712005615,731836
26.315561532974243,730792
26.418565034866333,730556
26.43256688117981,730453
26.51957368850708,728572
26.599575519561768,727856
26.605576753616333,727025
26.63657832145691,726841
26.7245831489563,726563
26.749584674835205,726114
27.06960415840149,725936
27.279616117477417,725919
27.330618858337402,725000
27.479629278182983,724590
27.920655250549316,724121
27.99165940284729,723870
28.683698892593384,723742
29.831765174865723,721555
30.9158034324646,721323
31.151817083358765,721120
31.16181755065918,720945
31.211820602416992,720404
31.294825553894043,718907
31.602843046188354,718849
31.79385542869568,718091
32.06486988067627,717823
32.123873472213745,717811
32.16387581825256,717260
33.05794596672058,716866
34.182018756866455,716854
34.67104744911194,716783
34.74405384063721,716345
34.81605815887451,716247
35.07807183265686,716049
37.17816686630249,715932
37.46018409729004,715648
37.594191789627075,715511
37.72619915008545,714692
37.89420962333679,714537
37.944212198257446,713577
38.29423260688782,713542
38.450242042541504,712792
38.485244035720825,712770
39.32529258728027,712747
39.57733726501465,711948
40.01236271858215,711673
40.13536977767944,711620
41.71546006202698,700366
43.03353714942932,700150
43.396560192108154,699257
44.119609355926514,698965
44.29560351371765,698790
44.45561242103577,697744
44.52462410926819,697289
44.994651794433594,696623
45.29066872596741,696603
45.43767857551575,696402
45.675692081451416,696295
46.77275848388672,695754
47.71181082725525,695675
48.30484747886658,695600
48.31084489822388,695566
48.89687943458557,695169
49.08689522743225,695133
49.26687455177307,693556
49.59289336204529,692818
49.62289547920227,692559
49.83990788459778,692480
50.139925479888916,692446
50.205928802490234,692292
51.296993017196655,692255
51.40099883079529,690284
53.49112153053284,687735
53.619128942489624,687714
53.8161404132843,687607
54.87922978401184,687537
54.95023584365845,687016
54.96923518180847,686660
56.00929617881775,686610
56.33531665802002,686582
56.80834460258484,686286
56.91935110092163,686234
56.92734956741333,684738
58.0574152469635,683394
58.17542505264282,683296
58.254427433013916,683293
59.620508670806885,682907
59.7505145072937,682627
60.166539430618286,682529
61.71062994003296,682466
62.5766818523407,677692
65.25383687019348,677680
65.98888111114502,677676
66.83392930030823,677569
72.93325853347778,677412
72.94225835800171,677302
75.5304388999939,676749
75.84045648574829,676453
78.48061013221741,676357
78.93563652038574,676263
79.89469313621521,676241
82.509845495224,676209
93.03246092796326,676030
93.71650075912476,675818
94.09352326393127,675620
95.01757860183716,675535
