0.009992122650146484,7272870
0.03678488731384277,7271223
0.05633115768432617,7270087
0.0802450180053711,7266816
0.09145498275756836,7264553
0.09940409660339355,7252443
0.1164391040802002,7252125
0.13578295707702637,7250051
0.1436009407043457,7243282
0.1575639247894287,7242167
0.16622400283813477,7222750
0.17644906044006348,7213917
0.19574403762817383,7202550
0.26134300231933594,7202008
0.267258882522583,7097919
0.2857968807220459,7091332
0.31030797958374023,7083970
0.31693291664123535,7047037
0.32895898818969727,7032718
0.33412790298461914,7018005
0.35140299797058105,6997585
0.37375807762145996,6997507
0.3852508068084717,6994307
0.3972320556640625,6990615
0.4024658203125,6988283
0.4189870357513428,6987678
0.4247410297393799,6976487
0.4468228816986084,6972796
0.45221590995788574,6965619
0.46954989433288574,6964098
0.475247859954834,6956591
0.5100088119506836,6955243
0.5153911113739014,6950314
0.5651788711547852,6950229
0.5704138278961182,6944782
0.5814778804779053,6942191
0.5976390838623047,6933987
0.6259028911590576,6932495
0.672109842300415,6928271
0.6830511093139648,6927501
0.6882829666137695,6926135
0.7296237945556641,6924618
0.7348439693450928,6921653
0.7465789318084717,6900149
0.7517709732055664,6892004
0.7577297687530518,6890555
0.7683968544006348,6857042
0.7741539478302002,6855209
0.7851238250732422,6811658
0.8016221523284912,6805423
0.8144888877868652,6802355
0.8196980953216553,6800752
0.8262820243835449,6797294
0.8369109630584717,6795168
0.8427519798278809,6792684
0.8483588695526123,6791477
0.9085259437561035,6789568
0.9249780178070068,6788447
0.930696964263916,6784949
0.9469830989837646,6782415
0.9633748531341553,6758639
0.9686069488525391,6755065
0.9738571643829346,6751388
0.9795370101928711,6749539
1.0011210441589355,6749470
1.01820707321167,6721641
1.0233309268951416,6714027
1.0290169715881348,6654072
1.0394251346588135,6645897
1.050401210784912,6600743
1.0555589199066162,6595803
1.0616347789764404,6588177
1.0840818881988525,6587498
1.090052843093872,6582871
1.0960168838500977,6554852
1.106368064880371,6554474
1.1122629642486572,6483312
1.2337009906768799,6482930
1.2447669506072998,6482240
1.2807707786560059,6471055
1.298537015914917,6462125
1.3043510913848877,6460133
1.3107669353485107,6443639
1.3182830810546875,6437652
1.3302428722381592,6427184
1.3356549739837646,6425572
1.3407728672027588,6417065
1.3470830917358398,6415038
1.3523499965667725,6412909
1.3575701713562012,6405120
1.380458116531372,6400872
1.5845909118652344,6398536
1.5954670906066895,6388982
1.6348390579223633,6385793
1.6400411128997803,6385062
1.6876800060272217,6378774
1.7086842060089111,6376877
1.7226979732513428,6368415
1.8294920921325684,6363420
1.8626351356506348,6356403
1.867805004119873,6355975
1.879167079925537,6350052
1.906951904296875,6348645
1.9296789169311523,6336224
1.9348969459533691,6333704
1.972193956375122,6328291
1.9777300357818604,6327394
1.9836161136627197,6309448
2.0231010913848877,6306508
2.088542938232422,6303101
2.093698024749756,6302254
2.1211910247802734,6300257
2.1431078910827637,6290136
2.14886212348938,6266048
2.2140910625457764,6208726
2.2225069999694824,6193624
2.2570598125457764,6191484
2.4068660736083984,6188276
2.467820167541504,6187167
2.4809720516204834,6159080
2.5359079837799072,6156917
2.681372880935669,6150891
2.691678047180176,6150285
2.7019410133361816,6111608
2.7123401165008545,6110128
2.757680892944336,6078530
2.7718169689178467,6074753
2.789973020553589,6068452
2.8176839351654053,6065843
2.8261830806732178,6064132
2.8373939990997314,6030739
2.9566810131073,6029236
2.962571144104004,6024138
2.9811201095581055,6021506
3.23030686378479,6019409
3.273422956466675,6019072
3.278796911239624,6016936
3.6573269367218018,6015118
3.7080299854278564,6014586
4.014297962188721,6014219
4.040478944778442,5984802
4.228868007659912,5984783
4.240109920501709,5984282
4.4313108921051025,5983892
4.575779914855957,5983654
4.635915040969849,5983635
4.654252767562866,5943409
4.7151079177856445,5943234
4.766484975814819,5937010
4.8319251537323,5931359
4.961788892745972,5930667
5.032840967178345,5929218
5.053769111633301,5928178
5.099308013916016,5925861
5.109967947006226,5917024
5.121212959289551,5915179
5.257163047790527,5903682
5.4879608154296875,5902416
5.493358850479126,5865916
5.565037965774536,5865565
5.674494028091431,5865043
5.681488990783691,5832890
5.720044851303101,5832587
5.766698122024536,5831062
5.781032085418701,5829841
5.899255037307739,5829795
5.913505792617798,5822859
9.379597902297974,5822595
9.391279935836792,5815519
12.866568088531494,5815094
12.87990403175354,5809203
13.372518062591553,5807818
13.412533044815063,5806499
13.420194864273071,5802238
13.489206075668335,5801280
13.540931940078735,5799458
13.561182022094727,5791879
13.834089040756226,5791469
13.847191095352173,5789968
13.880513191223145,5788693
13.893920183181763,5788428
13.903948068618774,5775894
14.117234945297241,5775304
14.130446910858154,5771739
14.154061794281006,5758678
14.633556127548218,5758330
14.930120944976807,5755280
15.142284154891968,5633479
15.38267707824707,5633305
15.433448076248169,5630144
15.523660898208618,5629657
15.559376001358032,5629021
15.578325986862183,5625719
15.587833881378174,5624099
15.598804950714111,5620316
16.019527912139893,5618538
16.307246923446655,5617964
16.355799198150635,5531937
16.425339937210083,5531880
16.43103289604187,5529774
16.521157026290894,5529629
16.530032873153687,5529573
16.746851921081543,5529346
16.794081211090088,5518916
16.875158071517944,5518681
16.88261890411377,5517448
16.88959503173828,5508531
16.90115213394165,5482673
16.93043303489685,5478295
16.937001943588257,5451064
17.104015827178955,5449762
17.12767004966736,5393715
17.1335129737854,5390644
17.14331603050232,5383728
17.230125904083252,5379649
17.288903951644897,5378489
19.364933967590332,5378097
19.418744802474976,5377637
20.645246028900146,5376499
21.253976821899414,5376352
21.38264799118042,5376177
21.578349828720093,5371350
21.641539812088013,5371190
21.657845973968506,5371136
22.235320806503296,5371108
22.25739288330078,5340163
22.353803157806396,5339911
22.36605191230774,5336458
23.855567932128906,5336368
23.883278846740723,5331966
24.007490873336792,5331873
24.373067140579224,5331847
24.428082942962646,5327751
24.561760187149048,5327565
24.57389187812805,5327374
25.032798051834106,5326375
25.054610013961792,5325600
25.185355186462402,5324369
25.67746901512146,5324123
25.703908920288086,5323844
25.775134086608887,5323371
28.774600982666016,5323234
28.78968095779419,5307228
30.21100401878357,5306844
30.222654104232788,5277301
30.357012033462524,5276797
30.874560117721558,5273539
31.806018114089966,5273496
31.92253088951111,5273441
32.09755802154541,5273234
32.31101179122925,5272352
32.3442268371582,5271977
33.448904037475586,5271623
33.491739988327026,5271440
33.636122941970825,5271354
34.28664302825928,5216375
34.380244970321655,5203653
34.42126178741455,5203263
34.43062090873718,5190048
34.47352886199951,5189328
34.484896183013916,5135198
34.57572793960571,5132344
34.65490198135376,5131400
34.674460887908936,5130957
35.7250189781189,5130786
35.776849031448364,5130549
36.814605951309204,5130381
36.87847089767456,5125501
36.90987205505371,5112509
36.949207067489624,5111593
36.975674867630005,5104229
38.36652708053589,5104166
38.37734293937683,5090875
39.12756299972534,5090219
39.48833703994751,5089711
39.58761191368103,5088841
40.39745211601257,5086749
40.850630044937134,5083171
41.06628203392029,5078813
41.074671030044556,5076028
41.32958197593689,5067019
41.843499183654785,5066632
41.86482906341553,5064437
41.87766098976135,5064236
42.19935393333435,5061115
42.31107807159424,5060131
42.32146501541138,5059680
42.327714920043945,5059273
44.13988995552063,5059037
46.274680852890015,5058262
51.91222596168518,5058015
51.93653893470764,5056683
53.104406118392944,5056424
53.11905384063721,5055904
56.42393708229065,5054481
57.39687204360962,5053605
58.86207604408264,5051021
59.43564796447754,5050890
59.48747205734253,5047719
59.506036043167114,5046965
60.25558400154114,5045464
60.79397892951965,5041144
61.39155101776123,5038292
63.080060958862305,5038004
66.29222106933594,5037330
66.76738905906677,5033600
66.7789089679718,5031551
66.87199807167053,5025723
68.49802494049072,5025534
68.5117871761322,4997924
68.5704038143158,4972672
68.58258891105652,4969961
68.62931299209595,4964369
68.65278792381287,4963485
68.66443490982056,4960696
68.90644001960754,4954163
69.22788906097412,4954103
69.26414608955383,4954014
71.8677020072937,4953822
71.87863779067993,4953666
74.51378107070923,4953119
83.61924886703491,4952136
83.65220594406128,4951663
85.6546618938446,4951313
87.8981249332428,4950309
92.1139018535614,4887500
92.12790298461914,4835053
92.16278505325317,4831510
92.17823386192322,4809659
92.18672108650208,4688480
92.24714994430542,4681630
92.44072604179382,4558355
92.53229093551636,4556622
92.557443857193,4430821
92.95989298820496,4430597
93.22489190101624,4423413
93.96360301971436,4379600
94.0102789402008,4366475
94.03803706169128,4365533
94.15755915641785,4274836
94.17214488983154,4273482
94.1853539943695,4254452
94.20267987251282,4253365
94.24256587028503,4174520
94.36106705665588,4174518
94.38900804519653,4174101
102.9297308921814,4173441
104.7749559879303,4173081
104.78816795349121,4168809
106.58766078948975,4167209
106.65114879608154,4154576
106.65715909004211,4152481
106.67035388946533,4114049
109.1073830127716,4113611
117.53002882003784,4111979
117.56883311271667,4094037
117.74028706550598,4048070
117.75692701339722,4045321
117.78188610076904,3976302
117.91013097763062,3967809
117.92731404304504,3844797
117.93897891044617,3814226
117.96935677528381,3810793
118.02953505516052,3809830
118.12310314178467,3808872
118.1873390674591,3801200
118.33410596847534,3800260
118.38272213935852,3795879
118.3964409828186,3776551
118.46892714500427,3774684
118.50008797645569,3773799
118.61806178092957,3770402
119.66723108291626,3770363
119.73909306526184,3769388
119.85184383392334,3765187
119.89745211601257,3761991
119.93957209587097,3760300
120.02261900901794,3697880
120.03633999824524,3605709
120.06347393989563,3569944
121.15243101119995,3513699
121.15844988822937,3485441
121.17198181152344,3419317
121.20856714248657,3418012
121.22701001167297,3391982
122.13848495483398,3337410
122.15299391746521,3322914
122.39918303489685,3314788
123.16560697555542,3313972
123.22534894943237,3310699
123.23464107513428,3297580
123.2600998878479,3294877
123.36018013954163,3294604
124.89470195770264,3260967
124.92243695259094,3210164
124.98791408538818,3171384
125.02875900268555,3166029
125.05337810516357,3127546
125.67682695388794,3109906
126.84853315353394,3109382
126.95873379707336,3102818
127.55451393127441,3095408
127.60136795043945,3092613
127.61428785324097,3089209
131.31532192230225,3089072
131.32395100593567,3084304
135.0442979335785,3080891
140.67582607269287,3059002
149.97196507453918,3039562
150.95384097099304,3030567
151.13245916366577,3028824
151.15701985359192,2985486
155.0429289340973,2984674
155.45700097084045,2967199
155.64918684959412,2966676
155.66285395622253,2928264
156.67088794708252,2903987
159.2810719013214,2899891
159.70332193374634,2897489
159.74168515205383,2835255
160.39449000358582,2811724
162.24718594551086,2790491
162.25566792488098,2780428
162.3625087738037,2740851
162.43047618865967,2739892
162.46297001838684,2739842
162.55557203292847,2718425
162.87069392204285,2707783
162.92078280448914,2658985
163.52355694770813,2621607
163.5487871170044,2608803
163.55525517463684,2573180
164.50322198867798,2570096
164.5287630558014,2563074
166.04513597488403,2561801
166.05591106414795,2558631
166.08714985847473,2555485
166.7257308959961,2553050
170.45339608192444,2548705
170.47619318962097,2547249
170.49300599098206,2546091
170.64131093025208,2545938
170.96051406860352,2541603
171.0480809211731,2540905
171.0594608783722,2525026
171.0791461467743,2518683
171.11323595046997,2515186
171.24607300758362,2512949
171.26768112182617,2506961
171.31637597084045,2505110
171.3239209651947,2504717
171.33291602134705,2502564
171.3900489807129,2501868
171.41004705429077,2499028
171.5321080684662,2493398
171.58337211608887,2493015
171.59176516532898,2490896
173.41847777366638,2489723
173.97913718223572,2484307
176.77654886245728,2484136
176.8092920780182,2483237
178.2520740032196,2483215
184.9073407649994,2483058
184.9231879711151,2482299
185.92726683616638,2478718
186.01847887039185,2474892
186.0513858795166,2473407
186.45319414138794,2472854
186.472589969635,2472117
186.48311686515808,2471446
187.9611940383911,2470847
188.02546215057373,2469916
189.6061568260193,2468282
189.6237199306488,2467955
189.64077186584473,2457767
190.93071484565735,2457637
190.9543571472168,2455952
198.24668979644775,2454858
198.27409291267395,2451006
198.28498697280884,2450870
198.3825490474701,2449258
198.41765904426575,2447646
198.43102192878723,2447165
198.9383659362793,2444912
198.94956707954407,2442468
198.9975459575653,2434858
199.04955196380615,2432345
199.05575299263,2432320
199.15833711624146,2430166
199.57818293571472,2428176
199.60392713546753,2427422
199.61559200286865,2426873
199.62864995002747,2425161
199.64247679710388,2422062
199.71825098991394,2422004
199.76626801490784,2420502
201.12463188171387,2419953
201.1509871482849,2419509
201.16034483909607,2418963
202.5703308582306,2418773
205.19624996185303,2418600
209.43515300750732,2418354
209.46247601509094,2418133
210.6570680141449,2417163
210.6954309940338,2417065
210.7075800895691,2415534
213.10462188720703,2415207
216.05472993850708,2414866
219.0558888912201,2413459
219.44536209106445,2411412
220.57906103134155,2390392
220.62980103492737,2390196
220.63621997833252,2350300
220.7364718914032,2343848
220.76913905143738,2338575
220.80887413024902,2337110
222.8592278957367,2325853
223.08900213241577,2322320
223.14730095863342,2320353
223.42937088012695,2316587
223.54252099990845,2314895
224.07491493225098,2312633
224.11482095718384,2312526
224.17046999931335,2307465
224.19389605522156,2303354
224.2495949268341,2302150
224.25981903076172,2280143
224.3199498653412,2277708
224.33401703834534,2276768
224.3650460243225,2276722
224.37617707252502,2270570
224.62752103805542,2268468
224.6381139755249,2268302
226.8256959915161,2267190
227.22883796691895,2236589
227.25868391990662,2233646
227.27182793617249,2215795
227.7757420539856,2208157
229.0754909515381,2205939
231.00300288200378,2205314
231.71279120445251,2184327
231.7221610546112,2174230
231.77015781402588,2147075
231.87272310256958,2125108
231.88522505760193,2066247
231.8917908668518,2053895
231.91310095787048,2044195
232.04368805885315,2043177
232.05195093154907,2021011
232.1606957912445,2020012
232.22875499725342,2018653
232.2420449256897,2016494
232.25111198425293,2006066
232.26131582260132,2002930
232.27406001091003,1998331
232.30873823165894,1988789
232.32674479484558,1976407
232.3497350215912,1962373
232.417338848114,1944188
232.43003392219543,1917190
232.56954979896545,1910150
232.63706493377686,1906574
232.66253089904785,1901345
232.76127004623413,1884303
232.8198721408844,1876901
232.84610319137573,1873948
232.85913801193237,1868479
233.33183908462524,1867831
233.39988207817078,1867758
233.9321711063385,1867263
233.9434199333191,1852984
234.0460171699524,1850623
234.43603110313416,1848770
234.5152189731598,1846752
234.53433895111084,1828779
234.84405207633972,1828299
234.87467193603516,1826081
235.60675597190857,1825493
235.6321668624878,1819646
235.64512395858765,1809230
236.64083409309387,1808279
238.635981798172,1806633
240.08754110336304,1804208
240.84806609153748,1802496
241.08816003799438,1802341
241.1198070049286,1801525
242.0373351573944,1800234
244.90057396888733,1797930
244.99518609046936,1797616
245.07791590690613,1797150
245.22346305847168,1797016
245.23168015480042,1789148
245.24899101257324,1786190
246.83619904518127,1784653
246.88479113578796,1781746
247.06717491149902,1771190
247.09076476097107,1769040
247.72768688201904,1752421
248.03730487823486,1742906
248.0676989555359,1742795
248.08040189743042,1739486
248.09310388565063,1736869
248.7797930240631,1726973
249.11317682266235,1725346
249.12008619308472,1720462
250.52949500083923,1718979
250.54182505607605,1711677
250.79497003555298,1711366
250.84816098213196,1709123
250.85745000839233,1691448
250.8703260421753,1691447
250.88396906852722,1682841
251.32987809181213,1680395
251.76428389549255,1678489
251.77700400352478,1671936
251.813316822052,1667729
251.84028387069702,1662965
251.86525702476501,1650029
251.87944293022156,1646120
251.88820481300354,1622120
251.9022979736328,1612271
252.13926005363464,1610408
252.16218400001526,1602801
252.1718590259552,1584899
252.44438099861145,1573781
252.47693300247192,1570896
252.4828498363495,1568998
252.54499316215515,1563820
252.55534386634827,1545159
252.56530690193176,1543093
252.58896803855896,1527588
252.64805102348328,1518558
252.66123819351196,1508796
252.67614006996155,1506526
252.68696403503418,1505283
252.69625091552734,1502413
253.14159178733826,1500132
253.161288022995,1498843
253.1753511428833,1488524
255.80596804618835,1486079
255.8180160522461,1483976
255.834214925766,1481330
255.8470630645752,1476694
255.85900902748108,1474196
255.87073707580566,1469349
256.5454511642456,1465283
256.63220405578613,1463037
256.6542820930481,1461307
256.6708779335022,1460841
258.09185099601746,1460614
258.10693883895874,1458704
259.5829141139984,1458011
262.34424901008606,1458003
262.3648250102997,1454769
262.41663122177124,1405467
263.069531917572,1404467
265.5990731716156,1403584
265.6451699733734,1402481
266.27423191070557,1401088
266.2929308414459,1401066
266.300589799881,1400615
267.05070900917053,1400589
267.06408882141113,1400364
267.9125020503998,1399351
267.9369637966156,1332622
271.3640761375427,1310430
271.9680600166321,1309875
272.5123209953308,1309844
272.5251941680908,1308922
272.53200101852417,1303743
273.30219292640686,1298786
273.85437083244324,1296941
273.86483001708984,1293907
273.90460991859436,1292413
273.9168620109558,1283023
273.96270298957825,1282751
273.9735519886017,1276837
274.3894097805023,1276830
274.40756011009216,1275706
275.04401206970215,1275317
275.48530101776123,1274974
275.4979181289673,1272200
275.51971888542175,1271852
278.6088180541992,1271286
278.6307349205017,1268324
279.6970589160919,1265001
280.8274738788605,1264876
281.6854329109192,1261205
282.4573037624359,1259473
282.4738299846649,1252783
283.15402817726135,1252571
283.91806197166443,1252311
283.9257290363312,1249424
283.9723598957062,1247248
284.30267000198364,1241607
284.6968410015106,1241174
284.95119190216064,1238988
284.9733991622925,1238553
284.9810588359833,1237572
284.9956650733948,1235839
285.2512230873108,1235066
285.2710790634155,1234875
285.28249979019165,1234556
285.57424116134644,1234427
285.9084050655365,1233574
286.356880903244,1233463
288.05122208595276,1230510
288.18481492996216,1214944
288.31580090522766,1212013
288.3630290031433,1151317
288.85724806785583,1150139
289.4773998260498,1149948
289.50242590904236,1144499
289.5147249698639,1143831
289.5641088485718,1140784
289.5777711868286,1140475
289.59485816955566,1090404
289.66776394844055,1089812
289.73086190223694,1084577
290.01342391967773,1083812
290.0538070201874,1069664
290.11400294303894,1054796
290.19855999946594,1051672
290.26977014541626,1046498
290.34526801109314,979203
290.4111750125885,970094
290.4520230293274,969420
290.4726438522339,953446
290.57745909690857,941789
290.60713291168213,931896
290.6203968524933,925116
291.0657560825348,925106
291.0927050113678,917942
291.3423271179199,916041
291.3852570056915,910585
291.4632079601288,908179
291.499666929245,895525
291.53406286239624,893934
291.6227459907532,892790
293.3165719509125,892495
293.618772983551,892223
293.63181805610657,892190
293.6376910209656,892028
298.00830912590027,891862
298.03433990478516,890962
298.67857909202576,890733
298.8158040046692,889845
300.28828597068787,889603
300.68732595443726,887561
300.7220718860626,887418
302.6851499080658,887362
304.0370388031006,887068
304.0511131286621,885575
305.93821811676025,885347
305.95266580581665,885292
311.3789520263672,885260
313.88094186782837,884491
315.0587100982666,884413
317.7697911262512,884284
324.9383919239044,882642
326.75140595436096,882323
326.823823928833,881631
326.8753750324249,880463
326.92746090888977,880027
326.952929019928,879883
327.06905698776245,878662
329.23850202560425,878435
329.2505931854248,878262
331.33641505241394,878173
331.3441469669342,877816
335.46195006370544,877439
335.6120448112488,876958
335.6195430755615,876466
337.57419991493225,875690
349.0646369457245,874299
351.63298892974854,873051
353.7124538421631,872990
353.8387930393219,871536
357.637090921402,870969
357.7009320259094,870964
357.70709681510925,870116
361.97880601882935,869809
363.96943187713623,869599
366.53049492836,869581
366.56966400146484,866547
381.67400002479553,865304
382.9632580280304,864186
383.29893803596497,860763
383.3250341415405,860587
391.89331579208374,860391
392.22033286094666,859845
392.28350591659546,857821
400.3601517677307,857433
403.6766469478607,857372
407.2365219593048,856577
407.2521171569824,856217
407.26922702789307,854428
425.3231911659241,854200
425.3481709957123,854178
425.3736870288849,854089
428.8205120563507,853721
428.8418791294098,852569
435.94154810905457,852449
435.95130801200867,852342
435.96579790115356,851999
436.0406939983368,849373
436.0505518913269,848560
442.3809349536896,847740
445.73711705207825,847542
445.7680127620697,846178
451.8386278152466,846006
476.10823798179626,846004
478.6088809967041,843745
479.76738691329956,843340
491.7368860244751,843019
499.34201407432556,842874
510.79931902885437,840369
511.77763390541077,840192
511.7949080467224,838904
511.8011758327484,838510
512.9196879863739,838009
512.9284980297089,837380
514.1716151237488,835751
516.4268660545349,834795
517.5294890403748,831346
519.8766491413116,827520
520.9258329868317,823681
523.9259448051453,823001
526.1487681865692,821851
528.6979808807373,820617
536.5516510009766,820179
539.4014599323273,819156
539.4124858379364,816212
540.3454658985138,815391
541.1729989051819,810454
545.5318880081177,809069
546.9918558597565,807793
555.7831959724426,807133
556.4634320735931,807057
559.0616390705109,806331
559.1120500564575,802672
560.1041369438171,802288
560.4619159698486,801439
563.1355328559875,801096
566.6680889129639,800643
566.9167199134827,800193
571.0866940021515,794885
