14.354865789413452,796277
14.355866432189941,796167
14.358867883682251,793958
14.384867668151855,793203
14.444873332977295,792922
14.507874727249146,792403
14.520875215530396,791140
14.574880123138428,790674
14.623882055282593,790128
14.672884464263916,789094
14.691885471343994,788367
15.213916301727295,787886
15.313922882080078,786435
15.370925426483154,786244
15.376927614212036,785728
15.436931133270264,784763
15.541935682296753,784434
15.582939386367798,784241
15.59493899345398,783327
15.60693883895874,782329
15.676944971084595,782041
15.69894552230835,781733
15.717945575714111,781286
15.897928714752197,780981
15.908955335617065,780658
15.945960998535156,780529
16.023963689804077,779709
16.05896544456482,779562
16.073968410491943,779144
16.24897861480713,779087
16.295979738235474,777792
16.29997968673706,777037
16.33898425102234,773283
16.42898726463318,773118
16.492990970611572,772825
16.507991313934326,771726
16.515995025634766,770393
16.529994010925293,767651
16.638999223709106,767266
16.707003593444824,767043
16.93401837348938,766610
16.97701859474182,764754
16.98201894760132,764202
17.03702473640442,764201
17.152029514312744,762926
17.20903444290161,762714
17.22302556037903,761918
17.748065948486328,761221
17.79206943511963,760911
17.839069604873657,760645
18.192090034484863,759720
18.236092567443848,756443
18.262096405029297,756392
18.385101795196533,756127
18.39410424232483,754931
18.41110324859619,754792
18.548113346099854,754422
18.57311248779297,754353
18.686119318008423,754065
18.707120418548584,753415
18.728121757507324,752879
18.73112154006958,751702
18.807127475738525,749934
18.993110418319702,749114
19.01413893699646,747969
19.078142404556274,747199
19.111143827438354,741674
19.130146980285645,741238
19.142146110534668,740985
19.205151557922363,740749
19.25915265083313,740716
19.269152641296387,739373
19.410162448883057,739370
19.527167558670044,738566
19.566171884536743,738455
19.645177364349365,738440
19.673177003860474,738167
19.695178031921387,737722
19.863189935684204,736265
19.910183429718018,736032
20.076202154159546,735791
21.857304573059082,735706
21.993285655975342,735689
22.049318075180054,735488
22.051318168640137,735377
22.955369472503662,732727
23.323392629623413,732547
23.359394550323486,732378
23.484400272369385,732372
23.729414463043213,731595
23.94442868232727,731535
23.94742703437805,730802
24.26044726371765,730681
24.435455083847046,730422
25.846538305282593,729494
26.0415518283844,728952
26.07455348968506,728542
26.156556606292725,728339
26.217560052871704,726373
26.251561880111694,726027
26.304566383361816,723341
26.318565845489502,722387
26.396570920944214,722203
26.805594444274902,721790
26.920600652694702,720302
26.975603818893433,720127
27.00159788131714,720125
27.274621725082397,719851
27.41763162612915,719523
27.661646366119385,718716
27.668646097183228,718687
27.89865803718567,718642
28.22567892074585,718354
28.249678373336792,718170
28.364686250686646,717968
28.626700162887573,717626
29.116729021072388,713996
29.614758729934692,712912
29.788768529891968,712787
29.793771028518677,712153
30.5158052444458,712043
31.08584761619568,710944
31.280855417251587,709864
31.349859714508057,709000
31.400869846343994,708834
31.690879344940186,708390
31.822888612747192,707078
31.994897842407227,706975
32.6629364490509,706618
32.92995262145996,705859
33.05095934867859,705704
33.30697441101074,702441
34.185025691986084,702131
34.389010190963745,701853
34.39902949333191,701327
34.43903207778931,701265
34.44103193283081,701180
34.77106070518494,698662
35.54611778259277,698557
35.943129777908325,698507
36.11611247062683,697766
36.19313359260559,697762
36.56315636634827,697321
38.93130373954773,696735
39.23231291770935,696477
39.75332689285278,696308
40.04234504699707,696277
40.085362911224365,696017
41.7854700088501,695544
42.19649600982666,695150
42.49951195716858,694991
42.60051774978638,694821
44.188610792160034,694677
44.440627336502075,694063
44.721633434295654,693742
49.853936433792114,693658
51.1530179977417,693610
55.58827757835388,693296
55.820290327072144,692279
57.796406269073486,692241
57.91441583633423,691965
58.23240518569946,691931
58.954466104507446,691787
59.19748854637146,691388
59.64450764656067,690988
59.65251636505127,690088
61.197580099105835,689838
65.95685839653015,688725
69.27305269241333,688598
70.24113583564758,688546
71.34718918800354,688480
71.78521490097046,688335
72.24725079536438,687981
74.64739179611206,687348
75.08841943740845,687320
82.44384789466858,687191
82.47782325744629,686944
85.07700324058533,686877
86.43308353424072,686479
90.69333243370056,686270
98.45678663253784,686231
99.89484238624573,686079
100.2818911075592,685603
100.87492775917053,685575
101.39495635032654,685515
105.87921857833862,685415
