0.08612871170043945,823691
0.08612871170043945,820969
0.32666468620300293,811588
0.3826463222503662,811318
0.5786592960357666,804200
5.401435136795044,804077
5.417060136795044,802725
5.454434871673584,802665
5.464435338973999,801848
5.494409799575806,801659
5.494409799575806,799350
7.283376455307007,799345
7.345874547958374,798898
7.361499547958374,798692
7.377124309539795,798514
7.377124309539795,797813
7.392749547958374,796303
7.392749547958374,795856
7.392749547958374,795760
7.408374547958374,795722
7.467228174209595,795685
7.472243785858154,794349
8.093899488449097,794294
8.09889817237854,794218
8.106997966766357,793931
8.122627973556519,793236
8.138274908065796,789665
8.153899669647217,789616
8.347400665283203,788529
8.35340142250061,787975
10.950132846832275,786894
10.951130151748657,785483
11.204027891159058,783249
11.266554594039917,782509
11.282179117202759,780409
11.282179117202759,780301
11.32590627670288,777999
11.35487985610962,777955
11.371159076690674,776426
11.402435064315796,776283
11.418060302734375,776094
11.433685541152954,776075
11.433685541152954,772633
11.571694135665894,771786
11.587319612503052,771206
11.623139381408691,770560
11.838368654251099,769009
11.911603450775146,768948
12.085150480270386,768158
12.163275718688965,766797
13.05352783203125,766464
13.072980403900146,765953
14.940761089324951,764493
15.10027527809143,764454
15.118276119232178,763213
15.192338705062866,762183
15.194339036941528,761675
15.206580638885498,761481
15.222100973129272,760959
15.22710108757019,760742
15.231101274490356,757149
15.239378452301025,755399
15.255030155181885,754264
15.270654678344727,753003
15.270654678344727,751934
15.28628158569336,750883
15.33315658569336,750837
16.130452871322632,750621
16.133451461791992,750321
16.149453163146973,750089
16.16919779777527,749638
16.20044779777527,748689
16.20044779777527,748595
16.294302701950073,748520
16.334303379058838,747654
16.337303638458252,746802
16.340303421020508,746367
16.664897918701172,745875
16.75506591796875,745644
17.72647976875305,745513
17.743480443954468,744873
17.747482776641846,744777
17.976643800735474,743830
17.9938223361969,743227
17.99482488632202,742790
17.99482488632202,742622
18.015822172164917,742512
19.23242163658142,742488
19.306607007980347,742460
19.46200656890869,742116
19.46900725364685,741663
19.488990783691406,741282
19.566994428634644,740861
19.57999587059021,739864
19.58699631690979,739228
19.59799861907959,738526
19.622998237609863,737772
19.622998237609863,736453
19.788005828857422,735360
20.179352283477783,734878
22.905786752700806,734502
22.997419118881226,734250
23.028668642044067,732533
23.126667976379395,732090
23.130666971206665,731068
23.13466763496399,730902
23.13566780090332,729744
23.210957288742065,729405
23.226608514785767,727500
23.35045862197876,726802
23.381734371185303,726631
23.381734371185303,726078
23.465619325637817,725911
23.51252031326294,725692
23.974773406982422,725643
24.018975019454956,725555
24.095750093460083,725385
24.177361011505127,724922
24.214767932891846,724900
24.24079418182373,724722
28.602434396743774,724351
28.635416984558105,724167
28.717421770095825,723481
28.746423959732056,722054
28.831430435180664,722041
28.84943175315857,720443
28.884433269500732,720221
28.88943386077881,719835
28.907434940338135,718646
28.91243600845337,718152
28.929436922073364,717672
29.345155954360962,717225
29.76591920852661,717162
29.77315855026245,717033
29.82606315612793,716252
29.836064338684082,715907
29.840211153030396,715749
29.840211153030396,715740
29.871462106704712,715441
29.938129425048828,714374
30.003133535385132,713014
30.02013397216797,712595
30.02213406562805,711488
30.035150289535522,711386
30.037153005599976,710610
30.088155031204224,710272
30.105164766311646,709910
30.155385494232178,709551
30.731969833374023,708067
30.76795506477356,707836
31.281181812286377,704243
31.287201404571533,703768
31.323185920715332,703389
31.435208559036255,702959
31.87021803855896,699193
33.23673605918884,699117
34.38761830329895,698905
34.505643129348755,698828
34.89440703392029,698517
36.07110095024109,698369
36.101102352142334,698068
36.11224675178528,696798
36.12788939476013,696565
37.22071957588196,696427
37.42037773132324,695544
37.44157075881958,695295
37.4728467464447,694997
38.2417938709259,694718
38.64383602142334,694455
38.6788375377655,694244
38.73582458496094,694058
38.79084515571594,693982
38.83584642410278,693704
38.90985155105591,693236
39.182199001312256,692790
39.8572211265564,691178
40.2762656211853,690591
40.53428053855896,689890
40.53928065299988,689459
40.87430477142334,688930
41.25659132003784,688318
41.329973459243774,688306
42.989734411239624,688165
43.3097722530365,687963
43.318761348724365,687803
45.55728268623352,682625
46.61632561683655,682185
46.76486158370972,681127
46.76486158370972,681096
46.884976863861084,680923
47.09161114692688,680743
47.12161326408386,679824
47.12561249732971,679794
47.478275775909424,678992
47.51327967643738,678624
47.55379247665405,678477
47.582520961761475,678109
47.59252142906189,677996
47.59852147102356,677690
47.61352252960205,677414
47.906254053115845,677271
47.94927620887756,677150
48.392212867736816,677027
48.55722689628601,676862
48.64120292663574,676707
48.66122341156006,675813
48.7522087097168,675507
49.09923005104065,675506
49.16925239562988,675470
49.42724847793579,675341
49.69326376914978,674677
49.86427402496338,673817
50.33630180358887,673605
50.46632742881775,673172
50.46832728385925,672214
50.865352392196655,671948
51.44983959197998,671713
51.89243292808533,671536
52.16646432876587,671223
52.63449168205261,670742
53.292738914489746,670379
53.83432054519653,670251
60.33827567100525,670100
60.64886403083801,670068
61.166908264160156,669945
61.21631836891174,669913
62.3396954536438,669395
62.81549310684204,669162
63.119112491607666,668976
68.56919455528259,668971
71.39122438430786,668774
71.87196946144104,668632
73.50282096862793,668625
77.52443838119507,668606
83.6853563785553,668591
83.82338356971741,668462
83.88138699531555,668300
87.47042489051819,668071
87.73742127418518,667926
88.94066047668457,667861
89.25368165969849,667833
210.37785005569458,667833
