0.013646125793457031,7175285
0.02033209800720215,7147245
0.038604021072387695,7068157
0.04749703407287598,7061757
0.1586439609527588,7059443
0.22878003120422363,7042845
0.23714089393615723,6989954
0.2520589828491211,6970347
0.2639729976654053,6927909
0.3929290771484375,6848703
0.40125393867492676,6797540
0.6067259311676025,6787096
0.6144278049468994,6757277
1.4090800285339355,6749976
1.418846845626831,6713150
1.5514171123504639,6712310
1.5669550895690918,6669201
1.6876988410949707,6643478
1.6940300464630127,6603624
1.812222957611084,6572513
1.8395991325378418,6518736
1.9932758808135986,6517631
2.003410816192627,6473451
2.0666418075561523,6464716
2.0783050060272217,6406877
2.1920340061187744,6353268
2.20225191116333,6320667
2.2321012020111084,6308526
2.242224931716919,6218102
2.256326913833618,6210403
2.2729320526123047,6139667
2.4556479454040527,6133114
2.4860239028930664,6131228
2.4979870319366455,6125402
2.50769305229187,6105138
2.5500590801239014,6099522
2.560405969619751,6098945
2.5680840015411377,6060847
2.600714921951294,6055030
2.6131670475006104,6014197
2.6405179500579834,6009452
2.648528814315796,5966287
2.717921018600464,5965973
2.726478099822998,5931140
3.068709135055542,5928919
3.091601848602295,5888459
3.099468946456909,5888244
3.107218027114868,5857349
3.2100279331207275,5856426
3.219449043273926,5813755
3.398650884628296,5810182
3.411367893218994,5786270
3.894223928451538,5786170
4.186394929885864,5782741
4.230311870574951,5749868
4.244102954864502,5741692
4.267117977142334,5700197
4.28372597694397,5694385
4.296087026596069,5649153
4.361053943634033,5647222
4.464282751083374,5630618
4.519339084625244,5586678
4.532921075820923,5582285
4.548310041427612,5556052
4.621140956878662,5541802
4.652951955795288,5508533
4.772990942001343,5489566
4.800485134124756,5477742
4.896336793899536,5456476
4.908519983291626,5454931
4.921715021133423,5429052
5.001556873321533,5420221
5.014765977859497,5407958
5.074306964874268,5400804
5.090336084365845,5389067
5.194283962249756,5375293
5.208468914031982,5314133
5.2199180126190186,5311776
5.23087215423584,5281586
5.256587982177734,5278318
5.266831159591675,5230855
5.314826011657715,5227125
5.362436771392822,5225215
5.6215009689331055,5223478
5.633880138397217,5208454
5.644284009933472,5208060
5.654415845870972,5191881
13.019864082336426,5186317
13.02622103691101,5185875
13.036996126174927,5167474
13.928877115249634,5167166
13.942691087722778,5152658
17.943236112594604,5151671
18.278584957122803,5149800
18.289722204208374,5138958
19.62133812904358,5138709
19.630034923553467,5124409
24.67870593070984,5123260
25.660760164260864,5053692
26.87218999862671,5053688
26.882181882858276,5050581
34.396453857421875,5045128
34.69884204864502,5044826
34.71063804626465,5030880
37.25438213348389,5030309
39.21711587905884,5026648
39.518872022628784,5020810
39.541964054107666,5011284
41.79433298110962,5010577
41.83958601951599,5006618
42.3353750705719,5005314
42.34963893890381,5002234
44.1254940032959,5001934
44.864463090896606,5001234
44.87758684158325,4994616
48.39666986465454,4993201
48.434175968170166,4990710
50.05524396896362,4990625
56.065696001052856,4987870
57.43981695175171,4986907
59.30524396896362,4983156
59.35873889923096,4980272
59.390790939331055,4978541
59.40020990371704,4974956
60.19648194313049,4972938
61.390218019485474,4971652
66.25534892082214,4961514
66.29104089736938,4945303
66.54018902778625,4938789
66.99721813201904,4938649
67.01091194152832,4899910
70.89753484725952,4896386
71.02469491958618,4873871
71.06357717514038,4865956
71.08212399482727,4840394
71.09230375289917,4816347
71.17077803611755,4813883
71.18443393707275,4784733
72.1049211025238,4778746
72.15047812461853,4778528
72.16635489463806,4767207
72.33017802238464,4761154
72.34886288642883,4746489
72.4097249507904,4691749
72.42756199836731,4657171
72.44293594360352,4654088
72.53245687484741,4645425
72.60813593864441,4645159
72.70798897743225,4639066
72.7221429347992,4630526
72.73638987541199,4629456
72.79346680641174,4623633
72.80186486244202,4617653
72.83121514320374,4607360
72.88080215454102,4606817
72.89416813850403,4606731
72.90271401405334,4605175
72.90974497795105,4602276
72.93202614784241,4580828
72.97353506088257,4575145
73.02280187606812,4566570
73.03569293022156,4566417
73.04407596588135,4539725
73.76963496208191,4533683
75.26179194450378,4531729
75.2822368144989,4528010
75.38660097122192,4527770
75.65863490104675,4524111
75.68144202232361,4518297
75.71911191940308,4515914
76.14362502098083,4506860
76.18768501281738,4500962
76.92102408409119,4500342
76.96245813369751,4491376
77.20527791976929,4482453
77.21779203414917,4478244
77.27983784675598,4465764
77.28636908531189,4464993
77.29638195037842,4463947
77.40296912193298,4452917
77.7234628200531,4448880
78.17758107185364,4431765
78.19887804985046,4427928
78.28546619415283,4424254
78.861074924469,4420206
79.55441904067993,4409518
79.73759484291077,4409399
79.74442195892334,4393941
79.99722290039062,4385709
80.03938102722168,4380850
80.0519049167633,4378979
80.06349277496338,4344598
80.09546399116516,4344596
80.1059319972992,4343463
80.26832580566406,4342656
80.28123903274536,4342356
80.294508934021,4341695
80.46512198448181,4336643
80.55591082572937,4332455
80.56938910484314,4319238
80.5786600112915,4313479
80.6013708114624,4312989
80.61027503013611,4282740
83.00495314598083,4280362
83.01359295845032,4275561
83.02463102340698,4260851
83.03429198265076,4254031
83.0665111541748,4241971
83.70678400993347,4233612
84.55563592910767,4228625
84.56677293777466,4222875
84.7093870639801,4207898
84.74473190307617,4185884
84.84772896766663,4178194
84.85635209083557,4177148
84.86691093444824,4176865
85.1491060256958,4175993
85.16067886352539,4168356
85.21785807609558,4164335
85.24811482429504,4155836
85.6758770942688,4151960
85.75214886665344,4148837
85.87275910377502,4144473
86.1880030632019,4136489
87.35244584083557,4135842
87.36564898490906,4122674
87.3909912109375,4122527
87.40114903450012,4106472
88.46379399299622,4104104
92.01019597053528,4103692
92.07978010177612,4101819
92.12611603736877,4092627
92.77642178535461,4091474
93.46976089477539,4091308
93.48233795166016,4087331
95.85600209236145,4087066
97.13187313079834,4086258
98.0986979007721,4084634
98.62984299659729,4083324
98.89107513427734,4083186
98.90332794189453,4053166
99.03693699836731,4053120
99.04803514480591,4048422
101.55920696258545,4046582
101.64377021789551,4045330
101.65785908699036,4044764
101.79505586624146,4044665
101.81801915168762,4038026
106.21044206619263,4038009
106.22557306289673,4029369
110.2998378276825,4028261
112.59409785270691,4027968
112.60465788841248,4014877
112.94877600669861,4012462
112.95649313926697,4004048
113.16378498077393,4002967
113.25423312187195,4002016
113.44801998138428,3998732
113.61598587036133,3997418
114.60619688034058,3990861
114.76874279975891,3989491
114.78829598426819,3983720
119.13854908943176,3980828
119.16551399230957,3980726
119.19180297851562,3975162
119.41495990753174,3975093
119.4407410621643,3973846
119.46009182929993,3971955
119.4838809967041,3966992
119.5213508605957,3966834
119.52993893623352,3955380
120.10847997665405,3953664
120.4969789981842,3953581
120.50921177864075,3947327
120.72479200363159,3946896
120.73648691177368,3934940
120.83764290809631,3934445
121.56031489372253,3932513
121.56974697113037,3925885
122.41313576698303,3924399
122.44264197349548,3918545
122.46694493293762,3916048
122.48030114173889,3913000
122.51696300506592,3907444
122.58601999282837,3895836
125.05667781829834,3895824
125.07748603820801,3895028
125.13672494888306,3852655
127.00540900230408,3844904
127.01809501647949,3841559
127.80389094352722,3823031
128.8071711063385,3811714
129.6061990261078,3807405
133.12566614151,3804409
134.84511804580688,3802774
134.88990378379822,3802704
136.98502492904663,3802703
136.9928388595581,3802263
146.57195281982422,3801712
147.37988185882568,3797741
147.39275693893433,3796325
147.44774985313416,3795924
148.07181692123413,3788104
148.09208703041077,3785460
148.24433517456055,3781492
148.38324999809265,3781154
148.389582157135,3773386
154.32102704048157,3772016
155.79646110534668,3771171
155.81250095367432,3765139
155.82568192481995,3764535
155.85818600654602,3759073
156.05262899398804,3752147
157.97402095794678,3751706
157.9856460094452,3747405
158.02086877822876,3747239
159.52081418037415,3747180
159.5385708808899,3745747
161.11586499214172,3742639
162.7775809764862,3742298
163.04839706420898,3741108
166.74333214759827,3740329
168.7643780708313,3738243
168.77788996696472,3718577
168.835697889328,3717139
168.86601090431213,3714026
172.44260787963867,3712903
172.4653890132904,3708687
175.6073558330536,3695064
177.13078093528748,3693132
177.31570601463318,3690920
177.90918493270874,3687981
178.03782606124878,3686037
178.05075883865356,3683553
178.06477808952332,3679858
178.0776607990265,3677119
178.0911419391632,3676247
178.30734992027283,3601432
178.32204294204712,3592534
178.35980486869812,3589812
178.3980438709259,3581366
178.45939207077026,3577899
178.71915483474731,3479096
178.73129391670227,3465683
178.74245405197144,3373551
178.75669980049133,3368262
178.79685711860657,3368121
178.81133008003235,3365413
179.05969405174255,3364866
179.11779189109802,3363572
179.30634593963623,3362683
179.71787905693054,3361281
179.73067116737366,3356646
179.75070309638977,3356463
179.76353788375854,3354573
180.42669796943665,3353788
180.43467903137207,3338206
184.57665514945984,3337842
185.86938095092773,3335188
185.98399305343628,3334662
186.15435194969177,3332672
186.903254032135,3330273
190.7924449443817,3328172
190.81877875328064,3322187
190.93388390541077,3320561
191.6047191619873,3317818
191.61676383018494,3314950
191.6231620311737,3314146
191.63336610794067,3310517
191.81242394447327,3307507
191.8265779018402,3304240
191.8939609527588,3300162
191.91994285583496,3300155
192.25684714317322,3300080
192.2704119682312,3290445
192.31097197532654,3290103
192.32699704170227,3284248
192.61478877067566,3284201
192.79273200035095,3281411
192.80510902404785,3275339
192.81464195251465,3274579
192.82622599601746,3273148
192.85920691490173,3273059
192.8683478832245,3272877
193.31393194198608,3271275
193.335520029068,3186229
193.34606003761292,3186004
193.35337090492249,3183750
193.36119294166565,3182198
193.55373907089233,3181864
193.56102299690247,3173641
194.28345394134521,3172265
194.29493713378906,3169210
194.41029715538025,3166286
194.45712518692017,3163153
194.8131959438324,3161254
196.32054996490479,3160736
196.51021790504456,3159159
196.55758905410767,3157953
196.58346486091614,3153737
197.04951810836792,3152860
197.91936492919922,3135092
197.93377995491028,3109392
197.9441258907318,3105880
197.9545111656189,3104130
197.96437883377075,3103258
197.98811388015747,3097583
198.02155590057373,3095067
198.06222319602966,3087305
198.11849093437195,3087285
198.19896793365479,3081642
198.33342480659485,3081070
198.34833884239197,3075345
198.54503202438354,3071861
198.63386297225952,3069326
198.64661812782288,3067114
198.73749709129333,3066157
198.7966639995575,2979029
198.81316208839417,2977844
198.90603494644165,2977344
198.91953301429749,2970553
198.95011615753174,2969800
199.01880502700806,2967646
199.0750470161438,2964628
199.13560700416565,2963710
199.19659805297852,2962869
199.59384489059448,2832099
199.64432311058044,2831414
199.6729221343994,2702369
200.16973209381104,2700482
200.28385210037231,2700102
200.29500484466553,2698953
200.3146858215332,2698894
200.40519404411316,2698341
200.43449711799622,2698318
200.44905710220337,2694333
200.48429012298584,2693850
200.49606204032898,2693156
200.63170504570007,2692282
200.64467310905457,2689457
200.69180488586426,2689425
200.70513677597046,2688232
200.93927907943726,2687001
200.99832606315613,2686356
201.0702419281006,2683583
201.5249378681183,2681856
201.6921510696411,2677496
201.70423817634583,2600112
201.74930000305176,2595805
201.76344919204712,2594996
201.7746171951294,2591538
202.5720739364624,2591393
202.66147208213806,2589691
202.67525696754456,2587960
202.81243586540222,2587055
202.8801248073578,2583050
202.9338390827179,2581608
203.1730670928955,2579493
203.60645508766174,2576251
203.9717891216278,2574833
203.9801321029663,2573949
204.02248811721802,2571954
204.5048267841339,2568751
204.51246905326843,2568390
204.52411103248596,2562391
204.5364420413971,2560162
204.56250286102295,2558576
204.7819321155548,2557704
205.04263305664062,2557602
205.05094504356384,2553101
205.1135721206665,2552377
205.19723796844482,2550079
205.30221581459045,2547299
205.30972480773926,2546217
206.23570203781128,2545264
206.25829887390137,2543720
206.5656599998474,2534344
207.5854630470276,2533836
207.78103184700012,2532655
207.78918886184692,2532084
207.88183975219727,2531921
207.88806200027466,2531705
207.89832282066345,2531247
208.8977279663086,2531180
208.9059920310974,2530297
208.95527696609497,2529951
208.96328282356262,2529503
209.2000949382782,2529191
210.21598386764526,2528680
217.58922290802002,2527157
218.93713784217834,2524517
222.72369575500488,2523718
223.41126084327698,2521965
224.25425791740417,2519959
224.26699113845825,2519839
224.29340600967407,2518798
225.39778900146484,2517525
225.41420483589172,2517517
226.74979710578918,2517271
228.09037899971008,2517250
228.1166319847107,2517140
229.3323221206665,2516349
229.35520792007446,2516113
229.4007968902588,2514894
231.00920796394348,2514877
232.31873989105225,2514084
238.97849917411804,2513177
244.79268288612366,2512828
245.07193303108215,2512517
245.13008785247803,2511956
245.14382195472717,2511868
245.90977787971497,2510084
247.1537961959839,2509029
249.5151801109314,2508644
249.52563309669495,2501301
249.60923194885254,2499651
253.20246410369873,2499599
253.2138328552246,2498574
253.23679113388062,2497549
253.24424815177917,2496595
255.8776400089264,2496345
258.0504639148712,2475889
258.12417793273926,2475864
258.47722697257996,2475632
258.614462852478,2473698
258.6241238117218,2464223
258.75314688682556,2462728
258.76591420173645,2462726
258.7812578678131,2460022
258.90026903152466,2398849
258.9425919055939,2397795
258.9656798839569,2396664
259.0005638599396,2392264
259.02672576904297,2390323
259.09747195243835,2388229
259.290580034256,2384444
259.45974493026733,2383864
259.7039649486542,2383398
259.9677040576935,2382445
260.1404731273651,2351117
260.20961904525757,2342389
260.29574394226074,2333253
260.3381359577179,2332167
260.3618428707123,2330933
260.7468030452728,2329644
261.94676303863525,2327881
262.089555978775,2327382
262.1280870437622,2322897
262.1345410346985,2189212
262.784147977829,2184540
262.8078598976135,2182045
262.8700668811798,2176504
262.8929989337921,2161668
263.0387268066406,2150556
263.41187715530396,2148374
263.4434549808502,2146736
263.45995593070984,2141890
263.48912596702576,2133293
263.58371210098267,2131633
263.606938123703,2121023
263.61971402168274,2103066
263.66631984710693,2085374
263.68405389785767,2066560
264.36825609207153,2062627
264.523460149765,2060541
265.2270269393921,2058611
265.2751429080963,2052478
265.353707075119,2045871
266.1953580379486,2044712
266.20416474342346,2043053
266.21745896339417,2040625
267.03060507774353,2039765
267.063236951828,2004851
268.60180616378784,2004485
268.62038803100586,1986733
268.63150787353516,1979775
268.6411120891571,1973333
270.83156394958496,1965568
272.8944230079651,1962319
273.85482382774353,1962120
275.48870301246643,1961870
276.4421570301056,1961768
278.63676595687866,1960598
278.65816712379456,1958130
280.7011740207672,1951198
280.7115640640259,1939620
280.78058195114136,1939341
280.7996039390564,1938977
280.80869603157043,1889649
281.13058400154114,1889081
281.3816068172455,1768481
281.41805696487427,1763289
281.52260088920593,1683389
281.5756721496582,1680285
281.5932238101959,1592081
281.6891450881958,1589799
281.76231598854065,1585118
282.3632791042328,1584421
282.37573981285095,1583472
282.383385181427,1578152
282.54935812950134,1560121
282.6300721168518,1556520
283.13014101982117,1550587
283.142630815506,1549499
283.2257227897644,1547541
283.47554206848145,1546310
283.4890480041504,1544898
283.5467178821564,1544871
283.55712485313416,1543223
283.5718870162964,1542123
284.1022288799286,1541586
284.1396028995514,1540278
284.86016488075256,1540199
284.8908531665802,1539613
284.96328496932983,1539255
285.41108298301697,1538813
285.5682120323181,1538354
285.5855839252472,1538255
285.6127460002899,1538023
289.38863492012024,1537155
291.0965518951416,1536056
296.49732208251953,1535915
296.9387938976288,1534331
296.96756291389465,1534165
296.9789261817932,1533472
297.8017258644104,1532873
298.9082000255585,1532582
299.9762260913849,1532261
300.3473119735718,1531756
302.2554929256439,1531325
302.28060698509216,1521347
302.3582510948181,1520541
302.3645529747009,1491115
302.3759391307831,1489896
302.3886089324951,1465310
302.3980369567871,1448930
302.4074230194092,1431158
302.4360818862915,1423664
302.45666885375977,1386798
302.4874849319458,1366843
302.49396991729736,1268039
303.07614374160767,1266765
303.09275794029236,1250441
304.0532958507538,1234040
304.07879996299744,1227435
304.09297800064087,1223133
304.1055648326874,1192921
304.52203392982483,1158125
304.65698885917664,1156521
304.66956901550293,1144642
304.8978281021118,1144175
304.91077399253845,1128014
304.9763147830963,1127328
304.9877679347992,1123529
305.4371190071106,1109096
305.6014688014984,1102030
305.69139289855957,1101383
305.70939016342163,1093368
305.8067169189453,1090327
305.89373803138733,1086158
305.9174110889435,1085839
305.9280729293823,1077188
306.1284370422363,1068188
306.15128898620605,1067387
306.16674399375916,1065589
306.3516240119934,1064786
306.3610670566559,1051724
306.5273129940033,1026720
306.6028699874878,1026671
306.61124897003174,1006463
306.6672649383545,1006398
306.6773819923401,1002477
306.7659990787506,1001924
306.8729100227356,967243
306.93774795532227,967111
306.9478099346161,966537
307.04575419425964,963580
307.3762879371643,959731
307.42102694511414,958173
307.4511239528656,957637
307.535031080246,942631
314.664803981781,942280
319.87744903564453,936458
334.82678604125977,935927
354.1132709980011,934063
356.0919198989868,934003
370.4156742095947,933564
373.0646970272064,932584
379.76414489746094,932536
388.3528251647949,930486
398.91595005989075,928256
398.94652009010315,927558
400.67944288253784,926753
400.91571402549744,923257
401.137393951416,921935
401.19827795028687,920346
402.60931611061096,920252
404.7224431037903,919676
414.8388102054596,919578
424.5395550727844,919339
425.1388568878174,918357
432.24062991142273,918283
432.27124881744385,918231
434.19730496406555,917943
437.6973090171814,917660
438.416307926178,917130
438.4373860359192,916885
439.3943259716034,916454
447.400719165802,915499
447.414186000824,915028
447.4284842014313,913562
455.8462698459625,913495
462.37694478034973,913332
462.4170958995819,912201
463.5334131717682,910501
464.56510305404663,909199
465.12811183929443,909197
465.14001417160034,909187
467.914519071579,908667
469.12539291381836,908079
469.1513090133667,906930
471.15315985679626,906406
475.16736006736755,906259
475.1843247413635,904609
476.7572009563446,904102
478.4229009151459,903185
478.5536699295044,902414
478.61294198036194,900949
480.2223370075226,900471
482.5277428627014,883513
482.53805899620056,877898
482.72835779190063,857874
484.36126494407654,857330
490.82374596595764,856583
520.8262989521027,856277
521.3907468318939,855630
521.5274879932404,854507
521.9706270694733,852484
522.8163449764252,851822
523.2386679649353,851724
524.6980669498444,851667
525.8983759880066,851601
527.0530519485474,851369
527.0886569023132,851207
527.1082921028137,849418
530.7703728675842,849269
530.789587020874,848228
534.5942590236664,847970
534.645910024643,847710
534.6641869544983,845798
534.7163991928101,845772
534.7277607917786,844471
537.7519299983978,844452
538.4156007766724,844381
539.1365399360657,844239
539.6891980171204,842613
542.1777329444885,842581
551.925500869751,842379
556.975310087204,842178
564.3743789196014,841784
564.7974729537964,841334
564.803554058075,840705
565.2166221141815,839630
567.4031090736389,837397
567.7271280288696,836287
567.7323689460754,835482
567.7530748844147,835061
567.763552904129,830113
568.6385910511017,829602
568.9349141120911,829063
569.2185978889465,828504
569.2336239814758,828400
569.8236880302429,827264
570.4459898471832,826082
570.7066948413849,825593
570.9618558883667,824685
573.7217929363251,824229
574.1544308662415,824002
574.5547709465027,823512
574.5651378631592,822986
577.0589990615845,820505
577.3527071475983,818768
577.5479109287262,817276
577.7926819324493,815784
