0.1040036678314209,789426
0.10500335693359375,787965
16.34597420692444,786897
16.350974082946777,786841
16.4379780292511,786804
16.4379780292511,786587
17.355030298233032,786477
17.53802490234375,786268
17.581026315689087,785689
17.603046417236328,784688
17.62204623222351,783677
17.627046823501587,783034
17.64704966545105,782669
17.671051025390625,781688
18.47509741783142,781239
18.479097604751587,780991
18.55808424949646,780397
18.560084342956543,780333
18.613086462020874,780173
18.656090021133423,780137
20.689207077026367,779701
20.732210397720337,779339
21.763272285461426,778031
21.807275533676147,778028
21.812275409698486,776707
22.152302980422974,776584
22.238298892974854,775530
22.290311336517334,775459
24.63243865966797,775077
24.697441339492798,774661
24.731446266174316,774175
24.743464946746826,772283
24.774447441101074,770936
24.81346869468689,770931
24.818449020385742,770689
24.936457633972168,770366
24.954477548599243,770360
25.23047399520874,769669
25.52551293373108,769217
25.531514167785645,768524
25.546491622924805,768486
25.551493406295776,767583
25.560492515563965,766649
25.590513467788696,766473
25.650498867034912,764745
25.68951916694641,764448
25.722520112991333,764350
25.76350450515747,763588
25.936537504196167,763143
25.979519367218018,762485
26.513851404190063,760556
28.088221073150635,760346
28.145421981811523,759806
28.229959964752197,759420
28.233960390090942,758999
28.444302320480347,758347
28.52706241607666,757921
28.547236442565918,757681
28.67067003250122,756530
28.677666902542114,755921
28.698447704315186,755516
28.813430309295654,755173
28.844242334365845,754894
29.15316104888916,754806
29.481956243515015,753260
29.5288028717041,752609
29.560052633285522,751442
29.560052633285522,751274
29.607337713241577,750314
29.625335693359375,749982
29.637336254119873,749874
29.719900369644165,749420
29.782400608062744,749413
29.90652632713318,749262
29.973257541656494,748499
29.977283000946045,747290
30.002283811569214,745696
30.05269503593445,744439
30.073277473449707,744106
30.074273824691772,743509
30.155298233032227,743273
31.253032684326172,742241
31.50707697868347,742152
31.51406764984131,742046
31.626055002212524,740185
31.63005542755127,739846
31.68405842781067,739786
32.02968788146973,739274
32.0848331451416,738729
32.915093183517456,738639
33.75016188621521,738002
33.95739817619324,737283
33.98641633987427,736918
34.86542582511902,736825
34.88340950012207,736327
35.031415700912476,736045
35.07542300224304,736025
35.08941864967346,735867
35.1084201335907,735117
35.11642050743103,735086
35.11742043495178,735011
35.44506525993347,727050
35.519086599349976,725464
35.609089374542236,722637
35.803083419799805,721759
35.87010717391968,721241
35.874107360839844,721032
36.44512319564819,720694
36.494123458862305,719894
36.943169593811035,719709
37.71919822692871,718956
37.74819993972778,718466
37.77220129966736,718301
37.78920221328735,718003
39.48829960823059,717949
39.50330138206482,717754
39.68533253669739,717733
39.7143337726593,717567
39.93035268783569,717304
41.73443102836609,717197
43.04052710533142,717116
45.20863485336304,716879
45.30563950538635,716819
45.43966746330261,715876
45.484673261642456,715244
45.68966197967529,714992
45.79868745803833,714366
45.899693727493286,714259
46.01768398284912,713714
46.12770986557007,713324
47.849788427352905,713249
47.86078906059265,712599
48.1038031578064,711822
48.16182518005371,711369
48.163824796676636,711292
48.499858140945435,711016
50.094943046569824,710981
50.18092703819275,710938
50.624951124191284,710815
50.68795394897461,710736
50.81696176528931,710688
54.29116487503052,707887
54.441173791885376,707755
54.582181215286255,707738
54.68021631240845,707446
54.87119936943054,706790
54.933202505111694,706456
55.23021984100342,706161
55.455233335494995,705813
55.90927863121033,705811
56.06726908683777,705351
56.087289571762085,704981
57.60435891151428,704677
57.67936301231384,704519
57.69836354255676,704359
57.74436688423157,704301
57.97938013076782,704217
58.00238275527954,703670
58.071386098861694,703618
58.11138844490051,703603
58.34240221977234,702527
58.393423318862915,702495
58.689422607421875,702320
58.9694390296936,701711
59.099446296691895,701260
59.110445976257324,701020
59.33746004104614,700799
59.373462438583374,699968
59.486488342285156,699945
59.59647560119629,699823
59.65947937965393,699312
60.13050603866577,699117
60.340518951416016,699082
60.40352201461792,698886
60.42152285575867,698053
60.63153839111328,697836
61.552589654922485,697549
61.65459609031677,697315
61.93861484527588,697170
62.103626012802124,696693
62.20964789390564,696622
63.00069737434387,696449
63.0156946182251,696389
63.13768219947815,696367
63.35269498825073,696086
63.35969567298889,695914
63.57072901725769,695865
65.32381105422974,695613
65.51384043693542,694968
66.25086379051208,694763
66.45889830589294,694353
66.77289748191833,694294
66.90990328788757,693690
67.53793978691101,693582
67.98996615409851,693363
68.34298872947693,693242
70.91615748405457,692993
71.43618702888489,692933
73.99733901023865,692869
75.14138460159302,692809
76.9074878692627,692750
77.42153739929199,692663
77.62652969360352,692382
77.69955325126648,692354
78.18458151817322,692201
79.45163750648499,691942
80.89574098587036,691893
82.77183365821838,690839
83.1328513622284,690472
83.47589349746704,690377
83.56489586830139,690317
83.61390018463135,690289
87.1981110572815,689898
87.25011467933655,689840
88.35715770721436,689812
108.38934779167175,689748
148.61362957954407,689688
194.52805185317993,688991
217.28438258171082,688734
217.4994146823883,688734
