11.414456367492676,850395
11.430081605911255,848279
11.521304368972778,838549
11.56480360031128,835912
11.56480360031128,835481
11.620496988296509,834668
11.701164960861206,834623
11.73721432685852,834437
11.773136377334595,834395
11.884307622909546,831583
11.91790246963501,829887
11.95180344581604,829157
11.990291118621826,828718
11.991291284561157,828455
12.008291959762573,824682
12.044304370880127,824639
12.086796283721924,823489
12.154770612716675,819771
12.16999888420105,816002
12.16999888420105,815139
12.185643196105957,815047
12.245861291885376,814122
12.369723081588745,813627
12.400533199310303,810921
12.412541151046753,809344
12.412541151046753,806293
12.437292098999023,805985
12.452917337417603,803706
12.489434957504272,802566
12.557132720947266,801311
12.559133291244507,800212
12.603621244430542,798479
12.652069330215454,798259
12.656257390975952,796510
12.746237516403198,795231
12.766238689422607,795142
12.79547667503357,794997
12.796476364135742,793423
12.822300672531128,792675
12.966602802276611,792334
13.074695110321045,792123
13.173528909683228,792069
13.173528909683228,791085
13.19636869430542,790991
13.235383749008179,790825
13.37536358833313,789721
13.391016244888306,789087
13.687696933746338,787995
13.759973526000977,787774
14.000232934951782,787609
14.044121026992798,787495
14.182095527648926,787164
14.196187019348145,786753
14.376896619796753,786527
14.400703191757202,785819
14.484654664993286,785737
14.493657350540161,784595
14.550189971923828,784558
14.74922513961792,784236
14.784664630889893,783025
14.792656183242798,782953
14.98317551612854,782568
15.270127773284912,782369
15.299994707107544,782247
15.372300386428833,781092
15.402056455612183,780945
15.538990497589111,779954
15.542990922927856,779445
15.615115880966187,779027
16.25395369529724,777971
16.359346866607666,775193
16.578704833984375,775057
16.83728837966919,774525
16.942092895507812,774397
17.07074475288391,773949
17.121112823486328,771477
17.157638788223267,771073
17.227100372314453,770675
17.46063256263733,770611
17.49188232421875,769548
17.49188232421875,764124
17.519924640655518,764096
17.539931058883667,762627
17.682584285736084,762317
17.777528047561646,761677
17.951772212982178,760610
17.96077251434326,759241
18.000781536102295,758477
18.038777351379395,758282
18.190131187438965,758263
18.43204426765442,756826
18.43204426765442,756637
18.43204426765442,756611
18.466480255126953,756457
18.476500749588013,756246
18.649988174438477,756064
18.665629148483276,755609
18.681253671646118,755156
18.73431396484375,754069
18.832894325256348,753807
18.848519325256348,752892
19.016111850738525,752794
19.083614349365234,752777
19.131041288375854,752415
19.501639366149902,752153
19.553510189056396,751701
19.62796664237976,751396
19.704079627990723,750988
19.772589206695557,725398
20.35745143890381,724843
20.492426872253418,724625
20.624985456466675,724053
20.628974437713623,723535
20.631974458694458,723416
20.672988653182983,721019
21.53066372871399,720658
21.644980430603027,719799
21.92874312400818,719763
22.41735005378723,719647
22.886134147644043,719462
22.886134147644043,718921
23.371739625930786,717635
23.679842948913574,715779
23.924516439437866,715718
25.313073873519897,713971
25.3776535987854,713867
25.532713890075684,713472
25.766513347625732,713409
25.842289924621582,710625
25.933467388153076,710002
26.436960697174072,709607
26.478282690048218,709202
26.585552215576172,708584
26.60117769241333,708174
26.634657382965088,707094
26.75272035598755,706040
26.808185577392578,705939
26.844651699066162,705791
26.89512324333191,705597
27.05543065071106,701180
27.30577540397644,699075
27.57280945777893,698985
27.724185466766357,698896
28.19310688972473,698789
28.293554544448853,698339
28.344497442245483,697981
28.511622667312622,697577
28.718904972076416,697470
29.67327332496643,696952
29.799243211746216,696935
29.9280002117157,696208
30.21714496612549,696086
30.28470277786255,693359
30.391563892364502,693151
31.98032569885254,692824
32.02735662460327,692198
33.55141758918762,691453
34.1719114780426,690917
35.1419153213501,690709
35.82339692115784,690476
36.0444712638855,690471
36.43192529678345,689502
36.44757676124573,689480
36.59867024421692,689452
37.94461274147034,688917
38.22074270248413,687643
39.3949761390686,687503
39.528733015060425,687452
39.631675720214844,687436
39.71258521080017,687419
40.24131536483765,686814
40.26529908180237,686288
40.60710787773132,686245
40.87698411941528,685624
41.852365255355835,685523
42.35759091377258,685510
42.38913702964783,685493
43.093494176864624,683809
43.29341435432434,683515
44.94127321243286,683242
48.10280799865723,683212
48.5403094291687,683057
49.25564193725586,680843
53.282442808151245,680765
53.50119471549988,680593
53.6730682849884,680198
56.942806005477905,680148
56.9740526676178,679875
57.36467742919922,679835
57.908334255218506,679514
62.65453362464905,679080
62.702582597732544,677027
63.86047983169556,676090
66.25220489501953,675889
76.76603984832764,675765
76.8179144859314,675144
76.91416716575623,672471
76.99905920028687,672449
78.10150265693665,672433
103.48842453956604,672250
