0.09822416305541992,793964
14.744417667388916,791922
14.775668621063232,788578
14.775668621063232,788379
14.806918382644653,788031
14.822543621063232,787181
14.900668382644653,787107
14.900668382644653,785757
14.916293621063232,784905
14.96874451637268,784888
14.999992609024048,781895
15.015621185302734,781449
15.015621185302734,780245
15.031243562698364,780016
15.065072774887085,767561
15.068393230438232,766937
15.099412679672241,766716
15.116338014602661,766390
15.211315393447876,766111
15.226948022842407,764416
15.33632516860962,764152
15.383198738098145,763908
15.445699214935303,763785
15.555074453353882,763437
15.601948022842407,761802
16.023825883865356,759584
16.180076122283936,759297
16.2437801361084,758866
16.321897745132446,758804
16.4156756401062,758722
16.43130111694336,758277
16.4938006401062,753055
16.540677309036255,752786
16.587552547454834,752642
16.618803024291992,751994
16.634427785873413,751982
16.665677785873413,750596
16.712553024291992,749524
16.72817611694336,749437
16.775051593780518,749180
16.790678024291992,747603
16.806318521499634,746609
17.009727239608765,739138
17.747946739196777,734216
17.81043815612793,734083
17.85732102394104,733936
18.113069534301758,733255
18.19474697113037,732848
18.241622924804688,732298
18.257248878479004,731338
18.388532161712646,730172
18.48653769493103,730090
18.73447871208191,728472
18.818054914474487,728036
18.8900785446167,727866
19.125092029571533,725590
19.18209743499756,725260
19.229100227355957,725143
19.842907190322876,722856
20.155399560928345,722785
20.203413248062134,722517
20.21906614303589,721906
20.23469090461731,721812
20.406566858291626,721121
20.734692811965942,720693
20.750311374664307,718960
20.781566858291626,717845
20.812817335128784,716135
20.828442573547363,715695
20.890942811965942,715027
21.156569242477417,714929
21.219069719314575,714301
21.314054012298584,713347
21.43905472755432,711610
21.61093020439148,711430
21.845309019088745,711156
22.00950837135315,710685
22.883105278015137,710376
22.883105278015137,710182
23.867512941360474,709782
24.008137226104736,709423
24.13313865661621,709008
24.30501365661621,708625
24.36751413345337,708516
24.492514848709106,708507
24.623192071914673,707896
24.92674970626831,707616
24.995577335357666,705817
25.455174922943115,704173
25.470799207687378,702972
25.642648458480835,702703
25.642648458480835,701116
25.783291339874268,701112
25.923925638198853,700606
26.643819093704224,700248
27.290333032608032,697823
27.477833032608032,697653
27.493452787399292,697440
27.57158350944519,697129
27.75908374786377,696298
27.868459463119507,696045
28.16531777381897,695887
28.39970898628235,695718
28.44658589363098,695510
29.951483726501465,695450
30.2561674118042,695190
30.47494387626648,695065
30.771822690963745,694794
30.818697452545166,694365
30.83432126045227,694102
31.021795988082886,692758
31.115545988082886,692646
31.163581371307373,692115
31.210456609725952,691968
31.210456609725952,691946
31.25847029685974,691879
33.96392035484314,691714
35.22308588027954,691414
35.25433897972107,690320
36.09809613227844,689943
36.1449716091156,689862
36.67734909057617,689449
36.7398567199707,689418
37.417089223861694,689343
38.854623794555664,689069
39.13586378097534,688813
39.338998794555664,688694
39.43274903297424,688569
39.63587474822998,687944
42.63428449630737,687432
43.35303711891174,687281
43.931164026260376,686788
44.087414026260376,686129
45.220943212509155,686036
45.42824745178223,686008
53.15139961242676,685687
53.22949695587158,685450
53.27639961242676,685373
53.35451555252075,685313
53.38576579093933,685159
53.838892221450806,685010
53.97952747344971,684494
55.10938382148743,684400
55.68871712684631,684125
60.69578814506531,684115
61.195791482925415,683904
61.30641222000122,683871
61.63453817367554,683803
61.712663650512695,683210
61.74390387535095,682791
61.99425506591797,682225
62.29113030433655,682056
62.90050792694092,681909
65.86933183670044,681629
67.67032098770142,681566
67.67132115364075,681538
67.72432494163513,681425
67.91235303878784,680923
68.54112124443054,680908
68.74421739578247,680670
69.00987219810486,671768
69.00987219810486,671535
69.41612315177917,671051
69.80674028396606,670778
71.01909923553467,670768
88.70174479484558,670635
92.21256136894226,670193
94.44694304466248,670179
