13.929245948791504,792703
13.976120948791504,792566
14.022996425628662,766529
14.116747856140137,766401
14.1636221408844,764773
14.179246664047241,764271
14.308699131011963,763684
14.343437194824219,762641
14.452810525894165,762359
14.67156171798706,761907
14.687186479568481,760561
14.812187194824219,760334
14.85906195640564,760268
14.85906195640564,758890
15.015312433242798,757303
15.046562671661377,757083
15.077812671661377,756820
15.155937910079956,756504
15.171562671661377,756487
15.187187671661377,755457
15.296562910079956,754819
15.343438386917114,754471
15.390313148498535,753201
15.390313148498535,752948
15.452813386917114,752201
15.452813386917114,747708
15.515314102172852,745851
15.546563625335693,745330
15.624688625335693,745320
15.640313863754272,743179
15.655938863754272,741884
15.687189102172852,741606
15.71843934059143,741044
15.81218957901001,740976
16.093440294265747,738369
16.109065771102905,736910
16.109065771102905,735894
16.124690532684326,735618
16.155941009521484,735003
16.39031744003296,734710
16.4528169631958,734216
16.609067678451538,732294
17.035452365875244,731522
17.12612009048462,731439
17.36163067817688,731058
17.37725567817688,730458
18.315361738204956,718713
18.8322434425354,718575
18.894744157791138,717850
18.910370111465454,716654
18.988494396209717,716612
19.050994873046875,716566
19.066619396209717,716137
19.160369873046875,715101
19.175994873046875,714296
19.269745349884033,713689
19.319507598876953,713538
19.374500036239624,713452
19.468251943588257,712436
19.749501705169678,712417
19.999502182006836,710497
20.062002420425415,710050
20.155725717544556,709993
20.233850955963135,709750
20.280725955963135,709671
20.921380281448364,709245
21.23388123512268,708556
21.2651309967041,707684
21.29638171195984,707086
22.16409921646118,706831
22.210976362228394,706636
22.28909921646118,706580
23.08607816696167,706343
23.14857769012451,706291
23.273578643798828,706063
23.414203643798828,705279
23.790483236312866,704789
23.868609189987183,704120
23.884234189987183,703587
24.42275881767273,703042
24.84372329711914,701321
24.9687340259552,700735
25.17183256149292,700446
25.265583038330078,700182
25.265583038330078,699206
25.390583038330078,699185
25.83704686164856,698905
25.930797576904297,698661
26.18082547187805,698071
26.243326663970947,697228
26.243326663970947,697018
26.30582594871521,696733
26.508951425552368,696634
26.774577140808105,696264
26.899580001831055,696243
27.31391978263855,696087
27.47181510925293,695379
28.378888607025146,695276
28.457014322280884,695249
28.708229303359985,693257
29.145731449127197,693092
29.20823073387146,691003
29.952012062072754,689747
30.061387300491333,689243
30.061387300491333,689238
30.28216862678528,688684
30.2977933883667,688481
30.920615196228027,687729
31.061268091201782,687373
31.18626880645752,687222
31.46637749671936,686386
32.15875744819641,686339
32.36307430267334,686257
32.40994930267334,685884
32.591787815093994,684855
33.03743934631348,684823
34.404348373413086,684209
34.827346324920654,684204
35.420008182525635,683668
35.4356324672699,683502
35.623132944107056,683327
35.716883420944214,683095
36.06063437461853,682982
36.27938508987427,682874
37.54679036140442,682644
37.78236484527588,682278
38.455801486968994,682055
38.56517672538757,681594
38.69139909744263,681319
38.83199691772461,681023
39.84189534187317,679949
40.248146772384644,679906
40.62314796447754,679226
40.779399156570435,679036
45.96119666099548,678355
46.14160704612732,678039
46.936320066452026,677775
47.43307375907898,677259
47.51119899749756,677231
48.893963098526,677178
49.15958881378174,676957
49.1752142906189,676739
49.436203956604004,676526
49.483078718185425,676285
50.56120705604553,675694
50.65495777130127,675600
51.233083963394165,674472
55.885156869888306,674316
55.932031869888306,674144
56.4007830619812,673947
56.73020911216736,673193
56.886470079422,673031
65.18664073944092,670495
65.4459342956543,670207
67.13457012176514,669932
67.20577192306519,669265
67.99544143676758,669259
68.37049841880798,669199
69.47564482688904,669115
69.64962124824524,669035
69.79024696350098,668522
78.25822877883911,668317
78.946941614151,667422
79.4795069694519,667043
79.4795069694519,666523
79.93893074989319,666348
86.81117844581604,666334
86.85805296897888,666168
