16.28704857826233,794466
16.381476879119873,792832
16.396478176116943,792807
16.43154788017273,792630
16.498897314071655,791413
16.514538764953613,790872
16.834486961364746,782853
16.865737438201904,780838
16.932204008102417,780797
16.984639167785645,779772
17.094200134277344,779734
17.101346492767334,778747
17.10236096382141,776276
17.130342960357666,775699
17.267181396484375,774699
17.282997608184814,774677
17.334561586380005,774395
17.48620057106018,773610
17.501824855804443,773437
17.585090398788452,768634
17.804012298583984,767507
18.01037883758545,767345
18.233938217163086,767283
18.27335238456726,766693
18.288997650146484,766185
18.304622888565063,765399
18.340879440307617,765350
18.35652995109558,765110
18.372147798538208,763764
18.420640468597412,763549
18.423640727996826,763272
18.482022285461426,762097
18.495041847229004,761871
18.502044200897217,760549
18.550350666046143,759610
18.57556390762329,759465
18.59121608734131,758517
18.644740343093872,758359
18.67460536956787,758268
18.752153873443604,757832
18.842178106307983,757240
18.8579523563385,754286
18.909790992736816,754215
18.909790992736816,754069
18.925415754318237,754039
19.108038663864136,752824
19.394661903381348,752518
19.425912141799927,751681
19.461762189865112,750506
19.661441802978516,750294
19.661441802978516,749620
20.011571168899536,748727
20.19292712211609,746491
20.4799861907959,746465
20.8505539894104,746385
20.90272569656372,745780
20.949620485305786,745720
21.05120825767517,742148
21.05720615386963,741679
21.445119619369507,741303
21.47238278388977,741135
22.035868167877197,741050
22.12402081489563,740767
22.126062870025635,740033
22.54037570953369,738907
22.67620873451233,738359
22.69183373451233,737405
22.76085591316223,737368
22.869707107543945,736713
22.92617392539978,735783
23.02164578437805,735524
23.022645950317383,735312
23.146466732025146,734612
23.162109851837158,733781
23.24618172645569,733490
23.380943536758423,732969
23.547318696975708,732777
23.69374990463257,732749
23.744776010513306,732110
23.814438104629517,730509
23.866485595703125,730235
24.434556245803833,728776
24.50440549850464,728173
24.837159395217896,728000
25.12807583808899,726531
25.270790100097656,726452
25.307074546813965,725803
25.32270622253418,725169
25.354211807250977,724660
25.45765995979309,724479
25.54062056541443,723689
25.732959270477295,723553
26.261298894882202,723403
26.292569398880005,722911
26.292569398880005,712949
27.54993772506714,712763
27.81800889968872,712459
27.865211963653564,712177
27.884214162826538,711575
28.310147047042847,710492
28.339170217514038,708949
28.746331214904785,708687
28.833354711532593,707676
29.12338089942932,707645
29.58440065383911,707481
29.70167326927185,707433
30.396640300750732,704408
30.931710243225098,704106
31.28203558921814,703921
31.34820818901062,703348
32.45562195777893,702931
32.56055164337158,702528
33.106263637542725,702145
33.553661584854126,687951
33.57636475563049,687769
33.72466063499451,687700
33.85175919532776,687096
34.69817018508911,685372
34.74386692047119,685096
34.96587944030762,683665
35.68960237503052,682997
36.42801260948181,682745
39.236621379852295,682717
52.097071409225464,682495
54.92481851577759,681699
55.38873600959778,681502
56.29869508743286,680506
57.085636615753174,680260
57.23599696159363,679674
59.87886357307434,679654
61.79106259346008,679421
61.80671548843384,679417
66.2776734828949,679373
66.29329895973206,679345
69.71194195747375,679268
70.14412999153137,679026
71.09846377372742,678628
74.48970341682434,678585
77.14600706100464,678314
89.55230641365051,678178
90.37303233146667,677905
91.14598202705383,677666
101.82368803024292,677609
101.97578740119934,677459
103.19534301757812,677456
104.50383377075195,677207
