11.561703443527222,828717
11.73771595954895,826931
11.739716291427612,826781
11.799719333648682,825524
11.885724306106567,825171
11.894723176956177,825012
11.89672303199768,824334
11.918726921081543,823512
11.97472858428955,822651
12.022730827331543,822042
12.075734853744507,821939
12.084734439849854,820950
12.129737377166748,819201
12.193740606307983,818899
12.202741146087646,818247
12.319750308990479,817511
12.334750652313232,817506
12.349751710891724,815329
12.465758323669434,811102
12.507760047912598,808404
12.516759634017944,807508
12.557761907577515,806471
12.56276273727417,805424
12.586764335632324,805402
12.601767539978027,805029
12.72677206993103,800528
12.837778568267822,800397
12.88278317451477,799533
13.120794773101807,799418
13.204798936843872,799262
13.207799673080444,798127
13.249804019927979,798085
13.294806718826294,797350
13.308805704116821,797041
13.319808721542358,795661
13.3908109664917,794072
13.406814098358154,794039
13.428812742233276,793465
13.487816572189331,791845
13.48881721496582,791309
13.585822105407715,790595
13.714831590652466,787929
13.728832483291626,787037
13.790828704833984,786902
13.827837228775024,784860
13.838836431503296,782417
13.857840061187744,781245
13.858838319778442,781156
14.074852466583252,780789
14.08185362815857,780736
14.149855136871338,780332
14.175856590270996,774411
14.231861114501953,774066
14.257863998413086,771083
14.317864656448364,770729
14.366867542266846,770198
14.4368736743927,769992
14.442872524261475,768961
14.625884771347046,767149
14.68488883972168,766723
14.731891393661499,765722
14.876898050308228,765475
14.923883438110352,763916
15.043909072875977,762538
15.051909446716309,762468
15.215919017791748,754601
15.2669198513031,753166
15.297921419143677,753165
15.37792706489563,752834
15.401928663253784,750349
15.447930812835693,749123
15.457933187484741,746699
15.50093388557434,746166
15.50593614578247,746140
15.849954605102539,745710
17.728066205978394,744453
17.862071990966797,742300
18.092087745666504,741777
18.155089855194092,739317
18.28409719467163,739299
18.33910036087036,738102
18.408103942871094,736580
18.41310715675354,736214
18.690120935440063,734104
19.44716715812683,733447
19.473166704177856,733231
19.484166622161865,732826
19.88019061088562,732582
19.896194458007812,732230
19.9251925945282,731628
20.075201988220215,730931
20.24321174621582,729437
20.346218585968018,728221
20.43322443962097,728055
20.554229974746704,727531
20.852248907089233,727132
21.56028914451599,727044
21.758302450180054,726978
22.131324768066406,726676
22.310332536697388,721891
22.383338451385498,721708
22.66535449028015,721536
22.79433536529541,720833
22.815361261367798,720643
22.997372150421143,720402
23.024373769760132,719815
23.123379945755005,719178
23.249387502670288,718851
23.428399801254272,718228
23.50340437889099,718166
23.560407400131226,717548
23.569405555725098,713780
23.644410610198975,713720
23.67441439628601,713415
24.000431299209595,713139
24.091437816619873,712806
24.12744116783142,712108
24.205443143844604,710458
24.313449382781982,710388
24.37245512008667,709974
26.3855721950531,709885
26.468575716018677,709738
26.577581644058228,709695
26.604583501815796,709667
26.841596603393555,709612
26.983607053756714,708738
27.111613035202026,708333
27.13361430168152,708055
27.285625457763672,707142
27.47563624382019,706605
27.68364715576172,706454
29.26973867416382,706334
29.351744413375854,706018
29.405749320983887,705288
31.202853679656982,700405
31.32785964012146,700086
31.412866830825806,700014
31.829890966415405,699343
31.945895671844482,698105
32.09490656852722,697984
32.25491404533386,697904
32.66693735122681,697346
32.85895109176636,696856
33.39598035812378,696610
35.10108256340027,696134
35.47410273551941,695947
35.92612886428833,695193
36.11113381385803,695011
36.7941792011261,694960
37.136199951171875,694884
37.58022713661194,693544
40.907419204711914,693468
41.47745490074158,693247
41.531458139419556,693187
41.55545783042908,692719
41.644463539123535,692233
42.017486572265625,692219
42.05948734283447,692071
42.08249092102051,692022
42.619521617889404,691651
42.65352416038513,691372
42.73052644729614,690033
42.79453182220459,689711
43.465569734573364,689688
43.58556842803955,689486
44.52063345909119,684237
44.98565745353699,683622
45.638667821884155,683619
45.65766930580139,682864
45.72369360923767,682742
45.81270718574524,681351
45.92671537399292,681283
46.75776219367981,680446
46.9127733707428,680119
48.135843992233276,679886
48.324854612350464,679864
48.35085678100586,679800
48.447861433029175,679770
48.5728702545166,679100
48.61287045478821,678951
49.109898805618286,678735
49.288909912109375,678650
49.78793907165527,678303
49.991952657699585,676991
50.22196412086487,676925
50.369975566864014,676533
50.71296572685242,676257
54.00718641281128,675730
54.10819149017334,675665
55.645254373550415,675593
55.686256885528564,675374
57.02736210823059,674582
57.306379318237305,674410
57.35138177871704,674364
57.37938380241394,674034
58.57645297050476,673452
59.88653111457825,672922
61.12060213088989,672534
64.85582041740417,672112
65.68284177780151,671995
65.7558741569519,671642
65.82588076591492,671406
66.94894456863403,671187
71.2331931591034,670700
72.44026374816895,670294
74.14436364173889,670107
97.11470818519592,670025
97.41972517967224,669783
98.19176983833313,669398
100.17988634109497,669340
