0.08800292015075684,848975
0.11500287055969238,848907
0.13900470733642578,848832
0.14398646354675293,848778
0.3800179958343506,826457
0.4770050048828125,824865
2.418138265609741,824631
2.4211363792419434,823413
2.431140184402466,821228
2.4581398963928223,820594
2.464144229888916,819144
4.499260187149048,819111
5.542303085327148,818891
5.967325925827026,818523
5.973326206207275,816785
5.986330270767212,816547
5.9983274936676025,815731
6.01032829284668,815724
6.031336784362793,814732
6.039330244064331,814447
6.06533145904541,812514
6.072332382202148,811294
6.154355049133301,811263
6.1853578090667725,811208
6.212361574172974,809962
6.212361574172974,806517
6.251343250274658,806441
6.2613630294799805,806021
6.426374197006226,803748
6.503357648849487,803584
6.504373073577881,803336
6.5113749504089355,803223
6.528376817703247,802490
6.564380407333374,801559
6.5793616771698,800908
7.49743390083313,799673
8.613483905792236,798445
8.673502922058105,796602
8.716504335403442,796347
8.840516805648804,795908
8.860514163970947,795504
8.911519050598145,795346
9.16953420639038,795093
9.426551103591919,794803
9.432530641555786,794611
9.434528827667236,794284
9.532543897628784,793085
9.535534858703613,792526
9.565557718276978,792431
9.569536209106445,792033
9.58055853843689,791980
9.767548322677612,789460
9.77656626701355,787347
9.790549993515015,787216
10.213595151901245,786450
10.228592872619629,786380
10.631614923477173,784494
10.640599250793457,782623
10.6706223487854,782351
10.683624982833862,781899
10.712621450424194,781404
10.71762490272522,780729
10.96163821220398,780250
11.718679666519165,779464
11.72568416595459,779275
11.88668966293335,777338
11.88668966293335,776612
11.94969654083252,775821
11.953693389892578,775685
12.088703393936157,774771
12.090707063674927,774574
12.178707838058472,773979
13.076760530471802,773073
13.11376690864563,769540
13.114766597747803,768813
13.150766134262085,767614
13.182767629623413,766142
13.185765981674194,765848
13.214773416519165,763828
13.255773067474365,763700
13.444786310195923,762774
13.456787347793579,761677
13.4797842502594,761194
13.48178482055664,759903
13.495785236358643,759677
13.537769317626953,759405
13.562790632247925,759356
13.61579442024231,757437
14.393839120864868,756583
14.910849809646606,755415
14.916868925094604,754197
14.975870370864868,752612
15.399897336959839,751990
15.401896238327026,751667
15.431894302368164,751386
15.439900875091553,751349
15.441899538040161,751064
15.450900554656982,749562
15.520904302597046,749411
15.52890396118164,748451
15.54690432548523,747184
19.48211669921875,746873
19.48613953590393,746651
19.50413680076599,745694
19.523120641708374,745539
19.541130304336548,744591
19.544122219085693,743957
20.892200469970703,743281
21.881256580352783,742532
22.106293201446533,742038
22.190273761749268,741884
22.31128478050232,741718
22.701323747634888,740511
22.704304695129395,740150
22.719324827194214,739983
22.81531810760498,739690
23.008341789245605,737041
23.04534411430359,736402
23.061345100402832,735983
23.20135188102722,735678
23.23433756828308,735378
23.97239875793457,735319
23.974400520324707,735095
24.80044651031494,734144
24.864450454711914,733971
24.939435482025146,728782
26.704538583755493,727793
26.917551040649414,727455
26.924551486968994,727444
27.160584926605225,726396
27.164584636688232,725685
27.611624479293823,725640
27.625592470169067,725602
27.631620407104492,724439
27.789602279663086,724337
27.803622484207153,723627
27.878618240356445,723219
27.886640787124634,722860
28.108620643615723,722445
28.13364887237549,721849
28.14864158630371,720592
28.19862675666809,720565
28.22564673423767,720429
28.252631902694702,719357
28.26664924621582,718422
28.270631790161133,717729
28.301663875579834,717653
28.359637022018433,716924
28.422639846801758,716750
28.43266201019287,715987
28.448671579360962,715965
28.466662168502808,715762
28.495662450790405,714916
29.38669776916504,714847
29.444701194763184,714309
29.448700666427612,713580
29.5577073097229,711705
30.15776038169861,711352
30.179742336273193,711329
30.244764804840088,711298
30.283747911453247,710492
30.319769620895386,709868
30.337769746780396,708566
30.404780864715576,708508
32.519896268844604,708005
32.63590693473816,706702
32.80189490318298,706439
32.80689811706543,706101
32.81991720199585,705980
32.82689690589905,705553
32.84289908409119,705391
32.84591817855835,705375
32.96690487861633,704147
33.058910846710205,704094
33.064929723739624,703657
33.072930335998535,702824
33.1549346446991,702573
33.24194025993347,702338
33.475953817367554,701873
33.48095440864563,701871
33.50595569610596,701769
33.5699405670166,701096
33.6009418964386,700916
33.71894884109497,700769
33.74795126914978,700222
33.8659770488739,699947
33.86998152732849,699156
33.89795970916748,698237
33.90597867965698,697632
34.02698588371277,697210
34.10397148132324,696995
34.17799425125122,696812
34.189977407455444,696567
34.214977502822876,696551
34.317983627319336,696122
34.43401050567627,695730
34.43501043319702,695316
34.442012548446655,694957
34.443010091781616,694676
34.56001806259155,693592
35.48908042907715,693443
35.50505328178406,693440
35.861093521118164,692773
35.893094539642334,692268
35.9320969581604,692127
41.01937770843506,692124
41.1593861579895,692060
41.367398262023926,690758
41.44240188598633,690284
41.49741554260254,690267
42.24946689605713,690063
42.25546717643738,690003
42.296478033065796,689981
42.32346987724304,689559
42.91650938987732,689213
45.984684228897095,688577
49.2118775844574,688308
49.301859855651855,688019
49.37788367271423,688004
49.439868450164795,687065
49.82391047477722,686948
50.191914081573486,686936
50.19891428947449,686753
50.527931690216064,686476
50.56895303726196,686420
50.60793662071228,686405
50.93797516822815,686190
51.07996439933777,686123
51.146968603134155,686071
51.32897925376892,685921
51.81902766227722,685876
52.400041818618774,685203
52.49405026435852,685173
52.78506398200989,685123
54.041157245635986,684697
54.06215739250183,684249
54.37817645072937,684228
54.980212688446045,683945
55.06721591949463,683851
55.255229473114014,683704
55.58724594116211,683404
60.711546182632446,683259
60.8945574760437,683154
61.709587812423706,682631
66.22186470031738,682417
66.34185671806335,682102
67.15892362594604,681961
68.81900334358215,681730
69.71107339859009,681436
74.85437393188477,681418
74.98737335205078,681358
77.88655138015747,681094
78.25355267524719,681042
78.77860283851624,680766
78.96659779548645,680706
80.0336766242981,680279
80.79272150993347,680244
82.47082996368408,680187
82.90684509277344,680037
83.75987529754639,679977
88.96618223190308,679870
98.7817542552948,679779
101.00688481330872,679777
215.94062495231628,679777
