9.623534202575684,860487
9.644535303115845,860391
9.658536195755005,856703
9.712539434432983,856080
9.739540815353394,855951
9.753541946411133,855424
9.781543254852295,855335
9.861547946929932,847237
9.893549919128418,845842
9.917551279067993,844728
9.939552783966064,844429
9.980555295944214,842333
10.153565168380737,841555
10.21756887435913,841203
10.384578466415405,840627
10.3945791721344,840263
10.406579971313477,838848
10.417580842971802,838423
10.423580884933472,835792
10.431581497192383,835155
10.442582130432129,833945
10.45758318901062,833896
10.543588161468506,833166
10.591590404510498,831405
10.608591794967651,831001
10.664594888687134,830209
10.693596601486206,829477
10.694596767425537,828387
10.714597940444946,827245
11.389664888381958,826581
11.405665397644043,822912
11.435667753219604,820254
11.463669300079346,820055
11.517673015594482,816529
11.608677387237549,816432
11.612678289413452,815799
11.642680168151855,815306
11.648682355880737,815182
11.6566801071167,815006
11.683681964874268,814800
11.757689237594604,813920
11.800688982009888,813558
11.880693435668945,812447
11.882694244384766,811271
11.895694494247437,809096
11.901697635650635,808216
11.914695978164673,807987
11.999700546264648,807382
12.085707187652588,807109
12.12370777130127,806136
12.143708944320679,805460
12.36272144317627,804173
12.413724660873413,802912
12.442726135253906,801403
12.544732093811035,799922
12.560733079910278,799891
12.670740365982056,798133
12.673739671707153,798050
12.676740169525146,796951
12.704742193222046,794636
12.749746322631836,794212
12.79574704170227,793261
12.859751224517822,793020
12.90675401687622,792391
12.938754558563232,790209
12.995758056640625,789125
13.04876160621643,789098
13.069762468338013,786970
13.086763381958008,786259
13.10876727104187,785265
13.133768558502197,785114
13.201763153076172,784843
13.361779928207397,784602
13.371781349182129,783055
13.433786153793335,781791
13.533790111541748,781466
13.659797191619873,781401
13.673798084259033,780717
13.913812637329102,780342
13.961815357208252,780154
14.018821954727173,777179
14.073822498321533,774449
14.0848228931427,774273
14.102825403213501,773807
14.231831073760986,773315
14.451844215393066,772895
14.471844911575317,770765
14.484846115112305,770702
14.49484658241272,770402
14.582851648330688,769869
14.595852613449097,769585
14.609853267669678,768542
14.721860647201538,768402
14.791863441467285,768109
15.749919891357422,767936
15.758923053741455,765901
15.861926317214966,765468
16.290953636169434,765423
16.39295744895935,765406
16.39595937728882,765253
16.443959951400757,764856
16.491963148117065,763421
16.498963832855225,761948
16.50896406173706,761914
16.534966945648193,760772
16.7619788646698,759070
16.84898352622986,757186
16.851983785629272,756397
16.869985103607178,754673
16.927988290786743,753888
16.978992223739624,752659
17.110999584197998,752505
17.158002138137817,752272
17.23100781440735,749486
17.25100803375244,749330
17.364014625549316,748169
17.437018871307373,747549
17.62602949142456,747110
17.669032096862793,746628
17.711034297943115,746217
17.784038543701172,745604
18.151059865951538,745034
18.24806547164917,744962
18.262067556381226,744376
18.417075395584106,744359
18.49308204650879,743282
18.54908323287964,743276
18.56908655166626,743102
18.66209053993225,742608
18.740094661712646,742317
18.821101665496826,741714
18.828099727630615,741571
18.874102354049683,739546
18.96210741996765,739361
19.01711082458496,739058
19.10611605644226,738904
19.20212173461914,738870
19.217122554779053,734550
19.52614188194275,734058
19.699151515960693,733711
19.75615644454956,733493
19.779155492782593,733331
19.959166288375854,732967
20.013169527053833,732030
20.07617473602295,731852
20.098174571990967,730942
20.102176189422607,729815
20.284186840057373,729250
20.296186923980713,728753
20.389193058013916,728586
20.46919584274292,728257
21.859278440475464,727407
21.958282470703125,726849
21.993284702301025,726223
22.83533525466919,725715
22.85433530807495,725592
22.960341453552246,725118
23.369367122650146,724912
23.52737522125244,724716
23.723387002944946,723492
23.734386920928955,723433
23.839394569396973,722810
23.9274001121521,722766
24.91945791244507,722302
26.096518754959106,721797
26.227534532546997,720966
26.39154362678528,720610
26.946576595306396,720205
26.965576648712158,718287
27.38560152053833,717893
27.387600421905518,717890
27.82762622833252,717401
28.05963945388794,717278
28.991668462753296,716998
29.065673112869263,716629
29.075673818588257,716094
29.088674545288086,715814
29.655707836151123,715451
30.279744148254395,715360
30.456754207611084,715182
30.505756616592407,714525
30.75677180290222,714179
30.84377694129944,714171
31.18082022666931,714034
31.269829273223877,713738
31.68385148048401,713479
31.769858598709106,713041
31.83586287498474,712765
32.03787183761597,712026
32.241886138916016,702592
32.26288628578186,702544
33.12594199180603,702114
33.283947467803955,696204
33.36395025253296,695806
33.3819522857666,695730
33.4379563331604,695419
34.50801706314087,694651
34.65702533721924,694383
34.67202925682068,694364
35.896098375320435,693981
36.51110625267029,692657
37.201146602630615,692473
37.39015793800354,692383
37.56916832923889,690938
37.68517541885376,690578
37.8261833190918,690291
37.852185010910034,690201
37.86718559265137,690173
38.56622672080994,690091
44.90859818458557,689290
45.23164415359497,689043
45.75867509841919,689042
45.90768313407898,688650
46.273706674575806,688386
47.1867311000824,688368
49.378885984420776,688285
58.9644501209259,688254
60.7525520324707,687963
61.340587854385376,687736
61.37558913230896,687570
61.411590576171875,687555
79.81366610527039,687474
83.86690354347229,687242
84.53394269943237,687176
89.17521500587463,686942
91.60432839393616,686430
95.59256172180176,686319
95.70656776428223,686229
96.60664963722229,686136
106.19020175933838,685894
