0.012984991073608398,7191262
0.04000496864318848,7189585
0.0487971305847168,7181159
0.06301712989807129,7176385
0.0716712474822998,7168481
0.10729098320007324,7165727
0.11762690544128418,7161762
0.15690994262695312,7158564
0.1619729995727539,7151876
0.1677699089050293,7146590
0.17287993431091309,7112634
0.18316984176635742,7107149
0.18827104568481445,7099465
0.21398115158081055,7091131
0.21941423416137695,7068541
0.22448301315307617,7057377
0.2295551300048828,7026221
0.23467397689819336,7018209
0.23975515365600586,7006498
0.24477601051330566,6992333
0.2498798370361328,6969279
0.254925012588501,6958154
0.27529096603393555,6955054
0.2804298400878906,6937313
0.2909889221191406,6929262
0.29611802101135254,6923926
0.30240917205810547,6923145
0.3074479103088379,6904773
0.3228461742401123,6899057
0.3278801441192627,6893225
0.33314013481140137,6887676
0.33818888664245605,6884159
0.3535592555999756,6881435
0.3586618900299072,6877465
0.36901116371154785,6871131
0.3740971088409424,6862030
0.41089391708374023,6855642
0.42594218254089355,6849568
0.4568169116973877,6832910
0.48327112197875977,6824735
0.5391590595245361,6821252
0.5492000579833984,6818551
0.5601921081542969,6794976
0.5653069019317627,6790772
0.586540937423706,6762098
0.5965888500213623,6758262
0.6017661094665527,6755600
0.6068000793457031,6751961
0.6121711730957031,6727432
0.6224091053009033,6720788
0.6274240016937256,6719997
0.6324350833892822,6708992
0.6425402164459229,6688969
0.6527199745178223,6681339
0.668503999710083,6654449
0.6737611293792725,6634122
0.6798849105834961,6605581
0.6900959014892578,6605369
0.6953821182250977,6558220
0.7057349681854248,6554455
0.7221400737762451,6541103
0.7271759510040283,6540176
0.7373149394989014,6537095
0.747359037399292,6532277
0.7576699256896973,6530749
0.7627110481262207,6501998
0.7784650325775146,6501335
0.7834300994873047,6473220
0.7886722087860107,6470961
0.8145849704742432,6462773
0.8200180530548096,6462548
0.8356409072875977,6446369
0.8406999111175537,6436754
0.8769080638885498,6423349
0.8870849609375,6415572
0.8921060562133789,6410509
0.9075851440429688,6397075
0.9278349876403809,6366727
0.9329860210418701,6359307
0.9382119178771973,6314519
0.948408842086792,6301219
0.953711986541748,6264190
0.9790339469909668,6260320
0.9840569496154785,6235936
0.98915696144104,6230911
0.9944629669189453,6230109
1.0047869682312012,6228831
1.0162410736083984,6214196
1.0216610431671143,6212296
1.0269770622253418,6144030
1.032020092010498,6135952
1.042341947555542,6119392
1.047382116317749,6118978
1.0527639389038086,6105744
1.0602588653564453,6104549
1.0718879699707031,6088257
1.0879840850830078,6069913
1.0930719375610352,6059617
1.1098079681396484,6053169
1.1148440837860107,6045682
1.1202168464660645,6028982
1.1253211498260498,6013037
1.1513991355895996,6011509
1.1776950359344482,6002638
1.198659896850586,6001920
1.2042920589447021,5985716
1.2093641757965088,5979277
1.2198638916015625,5975725
1.2571370601654053,5973494
1.3047759532928467,5971929
1.3099260330200195,5922250
1.3327829837799072,5918856
1.3610570430755615,5918025
1.3927152156829834,5914903
1.434730052947998,5907985
1.4454209804534912,5900707
1.4577622413635254,5891533
1.4873991012573242,5887867
1.492771863937378,5868443
1.5431771278381348,5863595
1.548219919204712,5843184
1.5611591339111328,5834516
1.5888500213623047,5831469
1.6212749481201172,5826540
1.644745111465454,5807539
1.649799108505249,5785711
1.6555819511413574,5780180
1.6607000827789307,5771676
1.6656889915466309,5769951
1.6708738803863525,5753930
1.6812701225280762,5746725
1.8291049003601074,5739714
1.834455966949463,5734709
1.8396010398864746,5710870
1.9995009899139404,5709758
2.004606008529663,5703688
2.10363507270813,5703012
2.2249159812927246,5702512
2.2402169704437256,5696007
2.3321149349212646,5695805
2.3484508991241455,5675488
2.358668804168701,5672941
2.4780080318450928,5643936
2.490443229675293,5643295
2.495558977127075,5585244
2.5421619415283203,5583599
2.5472750663757324,5578250
2.559650182723999,5562952
2.5979230403900146,5562926
2.603245973587036,5553250
3.1537251472473145,5552354
3.3112311363220215,5551259
3.3847551345825195,5537518
3.513533115386963,5530372
3.523670196533203,5528076
3.538926839828491,5526945
3.5702900886535645,5526717
3.580652952194214,5519956
3.607093095779419,5519218
3.617232084274292,5510304
3.6888821125030518,5509195
3.6946210861206055,5503341
3.8618268966674805,5502481
3.990007162094116,5498934
4.1597888469696045,5498350
4.1751298904418945,5495558
4.413022041320801,5495042
4.839052200317383,5494949
4.846909999847412,5494462
5.090843915939331,5493348
5.10448694229126,5477088
7.239168167114258,5476107
7.25584602355957,5475428
8.014751195907593,5470900
8.152178049087524,5470868
8.707978010177612,5470787
10.268110990524292,5468592
10.719759941101074,5467489
10.730772018432617,5457920
13.910383939743042,5457507
13.919684886932373,5441412
18.84785223007202,5441149
19.941572904586792,5441051
19.948636054992676,5428128
23.439507961273193,5427889
23.47757911682129,5425416
23.630391120910645,5425355
23.646883964538574,5425306
23.657222032546997,5425029
23.77899718284607,5424636
26.016952991485596,5423417
26.264101028442383,5423074
28.280356884002686,5422728
28.347742080688477,5421842
28.490910053253174,5421687
30.439823865890503,5417868
30.452522039413452,5411177
30.482301950454712,5315921
30.567443132400513,5315501
30.60600709915161,5312200
30.67856216430664,5311171
30.777976989746094,5310686
30.784566164016724,5310613
30.833471059799194,5309630
30.840774059295654,5309155
30.852540016174316,5307824
30.87634801864624,5307461
31.96783709526062,5306355
32.1424081325531,5304893
32.15926504135132,5304419
32.169827938079834,5301973
32.224859952926636,5301874
32.237863063812256,5295997
32.27903699874878,5294972
32.30800008773804,5288420
32.32551884651184,5276882
32.33349585533142,5263532
32.35020303726196,5262731
32.356375217437744,5243847
32.68319392204285,5240640
32.69410705566406,5235792
32.76077914237976,5234149
32.79076409339905,5233654
33.08879590034485,5233448
33.173418045043945,5231991
33.186530113220215,5230281
33.39214015007019,5228800
33.405214071273804,5226308
33.432116985321045,5211441
33.473708152770996,5210200
33.57462215423584,5188352
34.205164194107056,5187908
34.22080183029175,5183404
34.41543197631836,5181008
34.525254011154175,5179401
34.53753209114075,5153677
34.545774936676025,5153585
34.5541570186615,5149067
34.63681697845459,5148613
34.646071910858154,5142441
34.682575941085815,5142394
34.70193600654602,5139958
34.71881294250488,5137039
34.7283239364624,5134282
34.75980615615845,5133104
34.76709318161011,5132994
35.19280695915222,5132986
35.23926615715027,5132906
35.25328707695007,5131791
36.21094989776611,5131762
36.4832489490509,5131760
37.11041808128357,5130596
37.15403509140015,5130371
37.16705799102783,5129607
37.18008780479431,5128414
38.26011610031128,5127501
38.327370166778564,5122449
38.6489520072937,5122446
38.675135135650635,5119203
40.2891800403595,5118745
41.20761203765869,5117646
42.81141519546509,5117450
42.82316994667053,5115201
42.90395402908325,5114979
42.91694498062134,5114148
42.928823947906494,5113778
43.88861918449402,5110882
44.95382213592529,5110064
45.17654609680176,5108492
45.18917798995972,5102626
45.85003614425659,5101132
45.8576819896698,5100575
45.87079215049744,5084666
45.89766311645508,5083535
46.377995014190674,5079996
46.41370892524719,5079828
46.46008610725403,5071291
46.4888379573822,5062124
47.37608623504639,5060666
47.38749599456787,5058731
47.47473382949829,5054989
47.68074297904968,5054187
47.693947076797485,5047487
47.74158501625061,5046895
47.96554088592529,5045540
48.097546100616455,5042843
48.10562014579773,5040905
48.11419200897217,5040256
48.33693599700928,5039302
48.995718002319336,5039103
49.21344017982483,5039079
49.2254421710968,5037991
49.32264709472656,5029464
49.33922600746155,5025194
50.1215341091156,5024425
50.24165892601013,5009557
50.43292498588562,5009162
50.61427903175354,5007675
50.73034620285034,5006926
50.97913312911987,4932596
51.24226903915405,4927212
51.56510090827942,4865585
51.57216000556946,4849394
51.57805800437927,4784984
51.58544588088989,4776641
51.613195180892944,4700488
51.99366307258606,4698996
52.47123908996582,4684376
52.47923302650452,4677890
52.49226093292236,4672410
52.51319885253906,4669757
52.84549403190613,4665834
52.86233997344971,4644736
52.87248396873474,4622358
53.070807218551636,4620054
53.09022092819214,4562776
53.37136507034302,4557228
53.58618879318237,4556343
53.598031997680664,4445902
53.62407612800598,4442265
54.67909598350525,4439297
55.39244604110718,4412025
55.40546107292175,4383798
55.47068405151367,4315874
55.54367709159851,4313964
55.55496883392334,4279505
56.036120891571045,4270237
56.05593991279602,4269998
56.06949806213379,4150684
56.3145649433136,4146989
56.7538058757782,4146937
56.76687812805176,4012286
59.638871908187866,4000995
59.66279625892639,3912890
59.685953855514526,3911228
59.69489502906799,3899510
59.74030613899231,3834532
59.819329023361206,3833333
59.825693130493164,3747915
60.57571005821228,3746984
60.60068893432617,3698551
61.11021614074707,3697801
61.121429204940796,3644922
68.4427559375763,3644823
68.46375107765198,3619122
71.60687804222107,3597340
72.59144401550293,3529501
72.86273002624512,3524300
73.50405526161194,3514422
73.75430583953857,3514011
73.80882906913757,3514010
73.81486296653748,3496543
78.5444700717926,3481155
78.57694602012634,3441981
78.607595205307,3441408
78.61690711975098,3380096
78.7120258808136,3357790
79.81236219406128,3348737
80.64049911499023,3327912
80.67230010032654,3294895
80.69872713088989,3244948
80.7080590724945,3244642
80.72418403625488,3199456
81.90901207923889,3196400
81.95318412780762,3194246
82.50639796257019,3188092
82.52170610427856,3187764
82.52894592285156,3170049
83.76777195930481,3168790
84.41792798042297,3122665
84.56716513633728,3118635
84.57667303085327,3088762
85.18533420562744,3072662
86.01229500770569,3069791
86.59009122848511,3019368
87.76882696151733,3018731
87.7895450592041,3017795
89.68978118896484,3016512
90.45520210266113,3009077
90.51774024963379,2964412
90.54668092727661,2963995
90.75047397613525,2962333
90.75926613807678,2933187
90.97428584098816,2904932
91.6398491859436,2893189
94.33383989334106,2838472
94.35974788665771,2832334
94.45500087738037,2804187
94.46851325035095,2785661
94.66950011253357,2719395
94.68262314796448,2693590
94.78713989257812,2663242
94.79497003555298,2659286
94.93438005447388,2654623
94.9479250907898,2644289
95.62192487716675,2619326
98.23637509346008,2605414
98.27568793296814,2603023
98.30044293403625,2594764
98.33411693572998,2574231
98.36720299720764,2554429
98.40922498703003,2554308
98.42480206489563,2551661
98.43078589439392,2545014
98.6320469379425,2542512
98.63884496688843,2519235
98.83486700057983,2511786
99.00721216201782,2510762
99.30637192726135,2507569
99.50303816795349,2504100
99.51129412651062,2484483
100.07700800895691,2482492
100.10288000106812,2482336
100.33140015602112,2479562
100.34908199310303,2458531
100.40293908119202,2439001
100.8057770729065,2435954
100.91464614868164,2426871
100.94207811355591,2420762
100.9629430770874,2415632
100.99431109428406,2413511
101.0215151309967,2382882
101.94225811958313,2379590
102.54824900627136,2372693
102.56857991218567,2370957
103.11375498771667,2370733
103.12232089042664,2363018
103.81317400932312,2358349
104.50416588783264,2336323
104.53983283042908,2326643
104.5558271408081,2308250
105.56049013137817,2301703
105.57428312301636,2280914
105.5889630317688,2271570
105.59946703910828,2250387
105.62306213378906,2194648
105.81876111030579,2119487
107.52737212181091,2111189
111.41958785057068,2108314
113.26676201820374,2097848
115.19369721412659,2096891
120.2827410697937,2089487
120.29049611091614,2079041
122.12964797019958,2053445
122.16602516174316,2041207
122.19371914863586,2026799
122.21045422554016,2024786
122.21705102920532,1987033
122.22649002075195,1978084
122.23716115951538,1971534
122.24871516227722,1965032
122.61145210266113,1961106
122.61909890174866,1960426
122.6483941078186,1956811
123.58262801170349,1949249
123.59243106842041,1945911
123.613529920578,1945839
123.62593388557434,1932555
128.14162397384644,1929223
129.21056199073792,1926139
129.32545590400696,1915175
130.38320207595825,1914350
130.39266109466553,1900913
134.86760711669922,1885458
136.74004411697388,1878923
137.92080116271973,1863735
138.81858587265015,1862141
138.83977818489075,1851210
140.93515515327454,1847963
140.97513103485107,1834972
141.00386595726013,1833864
141.2610650062561,1824734
141.91569113731384,1791715
142.44113206863403,1780361
144.11974215507507,1775259
144.94738602638245,1763317
145.5011489391327,1760993
145.6984338760376,1754812
145.71235418319702,1748029
145.89909601211548,1732626
146.0262589454651,1718025
146.13215708732605,1706181
146.2286660671234,1703254
146.54216623306274,1699850
147.70024299621582,1695854
147.80511593818665,1693264
147.82374215126038,1691206
147.90402007102966,1681381
148.0110170841217,1674598
148.13736510276794,1669628
149.24840998649597,1664220
149.43272614479065,1661401
149.44515895843506,1653996
149.52341413497925,1648965
149.5975911617279,1648743
149.65828704833984,1646989
149.67061591148376,1639321
149.78923392295837,1638672
150.50822591781616,1622068
150.52161598205566,1619289
150.63639307022095,1606614
150.6613049507141,1597668
150.90018892288208,1596562
150.95633792877197,1586768
150.9725329875946,1583600
150.98403811454773,1582105
151.04563307762146,1581250
151.05438709259033,1580521
151.37582397460938,1578784
151.3887481689453,1574376
151.40595316886902,1574076
152.4731101989746,1573935
152.5004060268402,1571558
152.51371002197266,1571533
152.52065205574036,1566268
152.78638005256653,1563995
152.79496788978577,1560907
152.98782181739807,1559532
154.25181818008423,1558910
154.39131498336792,1551636
154.39844584465027,1538532
154.40593814849854,1537573
154.4139130115509,1527204
154.42525005340576,1514295
154.57288718223572,1502995
154.6286859512329,1497665
154.63595509529114,1496850
154.6459560394287,1495661
155.7741630077362,1493397
155.82872986793518,1493104
156.10751295089722,1492406
158.002827167511,1491798
158.17885398864746,1490901
158.21628594398499,1484572
158.343679189682,1483523
158.3574800491333,1480764
158.42738008499146,1480561
159.54763913154602,1478745
159.566743850708,1476002
159.88446402549744,1471217
159.94073104858398,1471019
159.95398092269897,1462337
160.00715398788452,1461043
160.04077911376953,1460898
160.09443593025208,1459553
161.78712797164917,1452800
161.82848405838013,1452752
161.83436512947083,1451573
163.31499814987183,1451122
163.33619594573975,1449706
163.35238885879517,1448041
164.91849899291992,1447371
164.94998621940613,1446442
164.96493101119995,1443840
172.30521512031555,1441169
173.54621815681458,1438340
173.8376431465149,1438157
173.86607694625854,1408786
173.9410970211029,1372613
174.9311809539795,1343903
175.26755499839783,1329941
175.2871241569519,1322305
175.36516118049622,1321073
175.3744761943817,1298765
176.223286151886,1291530
176.25246024131775,1274305
176.32434701919556,1239200
176.67893409729004,1238659
176.6848850250244,1230657
176.70234608650208,1223852
176.71562600135803,1211866
177.59263014793396,1210244
177.61933612823486,1205211
177.66727113723755,1198137
177.71336793899536,1196679
177.75182390213013,1174111
179.09509301185608,1161902
179.2564959526062,1160825
179.40303802490234,1159387
179.75606203079224,1153026
179.79202699661255,1147526
180.72130393981934,1146470
180.73475909233093,1140818
181.23086714744568,1140647
182.24428701400757,1124406
182.65167999267578,1120986
182.68267107009888,1117924
185.44419503211975,1112754
185.48142194747925,1107963
185.60176610946655,1102393
186.24075984954834,1100238
186.33918404579163,1097516
189.57124304771423,1097105
189.59003615379333,1097045
190.9410698413849,1095469
190.9692530632019,1095204
192.41834998130798,1094516
196.33559679985046,1081418
197.46126914024353,1081082
205.60053300857544,1079755
207.9103708267212,1077386
210.19375610351562,1077104
215.3685610294342,1076476
215.50356602668762,1074666
215.51126623153687,1070298
215.9920699596405,1069074
218.29104018211365,1069034
218.2998218536377,1062977
220.98876190185547,1062562
221.2470932006836,1061416
221.3864951133728,1058251
221.70629000663757,1057101
222.11989903450012,1053450
222.34722018241882,1053129
223.67410492897034,1053050
223.9879720211029,1052595
224.0012640953064,1052407
224.0128688812256,1051804
224.0636749267578,1050667
224.09852290153503,1048586
224.89058303833008,1047191
225.5758810043335,1046965
225.66269707679749,1046695
225.68749499320984,1046188
225.69924998283386,1045886
226.57328701019287,1044163
226.58729815483093,1043818
226.74145102500916,1043817
228.88497710227966,1041865
229.8003590106964,1033007
230.51162600517273,1032011
232.14357805252075,1031381
232.37815618515015,1029522
232.70815014839172,1027318
234.6020131111145,1026991
234.61179399490356,1026747
235.50988602638245,1025585
235.53038501739502,1025578
236.12811613082886,1024316
236.35397100448608,1022138
237.12578892707825,1021761
237.13272714614868,1002833
239.55379104614258,998378
239.61075115203857,997705
239.63278818130493,991863
240.39604306221008,991826
240.47534918785095,990114
240.49076008796692,985686
242.12040400505066,982940
242.89739203453064,982879
242.9149670600891,981798
243.67991518974304,980796
245.45362401008606,980553
245.5036609172821,978445
245.5160391330719,966706
245.55714893341064,963981
246.24073600769043,963921
246.29115104675293,960010
246.29891324043274,959554
246.30522394180298,957774
246.95157408714294,957769
247.8924810886383,956412
248.60600304603577,955632
256.34515595436096,954101
257.5912971496582,953372
259.0369291305542,952525
259.0620629787445,952182
259.0885829925537,948520
260.7482080459595,947863
260.75701785087585,946607
260.7638318538666,944981
260.8551139831543,944544
261.2956190109253,944410
261.30606389045715,944226
261.3185040950775,942620
261.40268087387085,942331
261.4143741130829,939952
262.3377299308777,938978
262.351686000824,936780
262.3917541503906,936659
262.4542238712311,935796
262.541188955307,935690
262.5539801120758,932827
262.6116991043091,931749
262.85410594940186,931422
262.86065793037415,927936
262.9628748893738,927262
263.0194010734558,927140
263.0413510799408,925844
263.338103055954,924818
263.87429094314575,922650
265.5276229381561,922137
266.56122303009033,922031
266.8077871799469,921940
267.1875510215759,921876
267.26345705986023,921700
267.4716839790344,921450
267.878319978714,919377
267.9339201450348,918972
267.99272203445435,917574
268.0800709724426,913925
268.09267497062683,912343
268.16011095046997,912257
269.2734680175781,911334
269.3009810447693,910727
269.34264302253723,910597
269.65246200561523,910033
269.6698782444,908863
269.67783093452454,907747
269.726615190506,907063
269.7385811805725,906031
269.7486228942871,905988
270.0863928794861,905628
270.1912930011749,905307
270.2013909816742,901296
270.22344398498535,901002
270.2476270198822,900843
270.48996901512146,900370
270.6058259010315,899958
270.61232590675354,899512
270.7283170223236,897824
270.9091658592224,896771
270.91766691207886,895815
271.0440652370453,895019
271.0538101196289,894850
271.0595438480377,894341
271.4067590236664,894318
271.50138211250305,893912
272.07259917259216,893443
272.20234394073486,892578
273.4967839717865,892373
274.21995401382446,892210
274.2441129684448,892203
275.65434312820435,891500
275.67860317230225,891213
275.73532915115356,890465
276.09150409698486,890367
276.10063910484314,889643
276.2554829120636,889492
276.26169204711914,886810
276.38264298439026,886703
276.3951361179352,885773
276.40380811691284,884913
276.41395688056946,882995
276.52287697792053,881988
276.70225381851196,881708
276.7564079761505,880231
276.8278479576111,878839
276.8606381416321,873781
276.8670401573181,872992
276.87337708473206,870946
277.1478581428528,867890
277.1641800403595,866535
277.185359954834,866061
277.3868980407715,864817
277.45999908447266,863624
277.5625071525574,860830
278.9999740123749,859782
300.7554578781128,859565
302.5942060947418,858707
302.92988204956055,858250
302.93766689300537,857798
307.2861981391907,853967
310.4081611633301,853017
312.7245352268219,850498
324.2112669944763,848450
328.4949231147766,848115
328.5617480278015,844537
332.5783660411835,842517
338.92737102508545,841878
345.02483105659485,841677
347.03955602645874,841056
356.6160342693329,839222
356.6349091529846,838172
356.6420359611511,836783
358.49422812461853,835972
358.5313370227814,828041
364.0052251815796,827747
364.0185260772705,826449
366.07420086860657,826295
368.00076603889465,825933
368.02356910705566,824039
371.7050259113312,823329
391.31994700431824,820155
393.22106194496155,819084
396.4530792236328,811714
398.2487590312958,811223
408.03089118003845,810697
416.0510082244873,809025
417.5895481109619,799951
429.9034810066223,798749
459.78802585601807,797899
461.0765800476074,797315
461.0822842121124,794858
461.79167914390564,794580
481.8499400615692,792176
486.20901012420654,792033
490.0617549419403,790443
492.04659390449524,790413
492.066593170166,790137
493.1211202144623,789877
496.03074502944946,784168
496.92034697532654,783547
497.26308488845825,783081
497.8458549976349,783007
504.4783070087433,782308
507.53555703163147,781486
508.1692349910736,781339
509.72495698928833,781070
510.38700819015503,780625
511.1390039920807,780238
511.9593629837036,779567
513.4404392242432,779510
515.5356619358063,779497
520.5833330154419,779192
520.7834048271179,778980
520.853490114212,778937
527.5801870822906,778871
530.0216519832611,778368
530.0316381454468,777501
530.0397710800171,777340
530.326299905777,776050
530.3680341243744,774340
536.2280449867249,774311
536.57697224617,773232
537.7813148498535,772145
539.1435222625732,771892
539.1500151157379,771551
539.3885369300842,771313
540.0367481708527,770016
540.0712370872498,768980
540.1969850063324,768804
540.7844340801239,768788
540.8031718730927,768258
540.9691920280457,768066
541.4739401340485,767874
541.608001947403,767550
541.6525762081146,766951
541.6736929416656,766503
542.3364839553833,766341
572.9962451457977,766088
589.2788710594177,764751
