0.009663105010986328,7002171
0.03451895713806152,6999478
0.04067802429199219,6985263
0.05150413513183594,6984470
0.05777287483215332,6963027
0.09445309638977051,6958014
0.11073493957519531,6948841
0.12122988700866699,6933947
0.13872814178466797,6929270
0.14901399612426758,6903972
0.15478014945983887,6894824
0.16021108627319336,6859985
0.19275712966918945,6854354
0.19751787185668945,6817367
0.20819997787475586,6811357
0.2130289077758789,6720693
0.2179570198059082,6715149
0.24678993225097656,6696633
0.2636909484863281,6693684
0.2690279483795166,6693153
0.27527403831481934,6689347
0.2969691753387451,6684659
0.3017299175262451,6644318
0.32932281494140625,6614325
0.34951114654541016,6601346
0.35436511039733887,6594803
0.36434507369995117,6587825
0.46837902069091797,6574283
0.47994518280029297,6573224
0.5017781257629395,6561606
0.507084846496582,6538472
0.5417160987854004,6536980
0.5701920986175537,6529634
0.5895400047302246,6506317
0.5947940349578857,6482524
0.7152860164642334,6472314
0.7344269752502441,6458608
0.7400538921356201,6445194
0.7451028823852539,6418021
0.7497789859771729,6417579
0.7543849945068359,6398663
0.8386430740356445,6395522
0.8482379913330078,6388870
0.8576600551605225,6385452
0.8624138832092285,6355349
0.9465539455413818,6327911
0.9519450664520264,6304558
0.9621841907501221,6295285
0.9669852256774902,6260836
1.014709234237671,6252971
1.0198509693145752,6218627
1.0650029182434082,6203289
1.0699200630187988,6196410
1.0747830867767334,6185711
1.0803701877593994,6174755
1.0868260860443115,6172895
1.0938029289245605,6145336
1.0997169017791748,6121813
1.1046850681304932,6095813
1.1468751430511475,6094153
1.1753590106964111,6068397
1.1801738739013672,6058137
1.1992850303649902,6040662
1.2090950012207031,6012528
1.2585389614105225,6009393
1.263343095779419,6005982
1.268127202987671,6005682
1.2728631496429443,6000864
1.2874038219451904,5951247
1.5808260440826416,5949838
1.5861289501190186,5867221
3.7036960124969482,5867095
3.723845958709717,5863955
3.7287631034851074,5845923
3.733936071395874,5826786
3.7436771392822266,5797856
3.7733750343322754,5793031
3.788393020629883,5792730
3.8126490116119385,5785728
3.8226442337036133,5779954
3.9393579959869385,5771053
3.9441261291503906,5744513
4.000213861465454,5743739
4.427206993103027,5739903
4.4627580642700195,5739692
4.4683308601379395,5739448
4.473127126693726,5705831
4.803895950317383,5704889
4.813557147979736,5700077
4.839256048202515,5689151
4.8940980434417725,5680112
5.008431911468506,5679536
5.029085159301758,5676421
5.039069175720215,5668808
5.113945960998535,5668451
5.137134075164795,5666487
5.314016103744507,5660632
5.825770139694214,5649861
6.1247289180755615,5649141
6.136825084686279,5625763
6.49043607711792,5623340
7.292050123214722,5622658
7.303291082382202,5619107
9.63556694984436,5617455
9.64461612701416,5587182
9.749634981155396,5586876
9.771829843521118,5579956
9.781435012817383,5563224
10.198548078536987,5560962
10.208736896514893,5540778
10.226934909820557,5539823
10.312558889389038,5539113
10.91324496269226,5538695
11.217911958694458,5538549
11.247308015823364,5516542
11.369685888290405,5516488
11.379199028015137,5426423
11.722731828689575,5424627
11.997054100036621,5423992
13.366420030593872,5416564
13.430101156234741,5413363
15.101545095443726,5410853
15.771477222442627,5408515
15.91707992553711,5407655
15.922370910644531,5390642
15.955461025238037,5387569
15.977501153945923,5386474
15.995908975601196,5377648
16.044958114624023,5365809
16.67825198173523,5364290
16.683969020843506,5362058
16.690475940704346,5349313
16.78789496421814,5343642
16.83707308769226,5342981
17.077129125595093,5322734
17.094333171844482,5319410
17.11050295829773,5295291
17.218629121780396,5294757
17.22423219680786,5271212
17.458905935287476,5270250
17.464245080947876,5251898
18.37486982345581,5251370
24.322829961776733,5250606
24.33233094215393,5212399
24.575038194656372,5208080
24.583818197250366,5192973
25.827980041503906,5192834
25.844565868377686,5164876
25.918138027191162,5158752
25.927349090576172,5145071
26.11338996887207,5144563
26.32577085494995,5141756
26.339584827423096,5107266
26.575533866882324,5090830
26.86506199836731,5085700
28.320532083511353,5080980
28.33561420440674,5068625
28.63375186920166,5053735
30.501976013183594,5053534
40.42672395706177,5047472
40.44564604759216,5047297
40.45897889137268,5045585
40.47073197364807,5042385
41.911967039108276,5041921
41.93101501464844,5015710
42.100285053253174,5012692
42.1136040687561,5011819
42.138680934906006,5010678
42.149760007858276,5002196
42.508403062820435,4997366
51.5898540019989,4995838
51.6057288646698,4989949
53.643850803375244,4987631
53.693655014038086,4986757
53.73699593544006,4986429
54.09464406967163,4892279
54.12145018577576,4889487
54.135396003723145,4825543
54.15188121795654,4823882
54.168222188949585,4755852
54.18713307380676,4747103
54.20062613487244,4745462
54.31531500816345,4742367
54.32927203178406,4722109
54.35370397567749,4722038
54.37843704223633,4719158
54.3923020362854,4717478
54.40293216705322,4717457
54.41709303855896,4702512
54.91689991950989,4694982
55.0320611000061,4693884
55.08715295791626,4620174
55.11346197128296,4583833
55.120498180389404,4530417
55.144938945770264,4520418
55.15704703330994,4512455
55.180522203445435,4500204
55.19933819770813,4410519
55.20766496658325,4404295
55.307210206985474,4400103
55.34949493408203,4391352
55.531291007995605,4390006
55.67484712600708,4384804
55.72629690170288,4383946
55.75420093536377,4382826
55.86342096328735,4380817
55.87668299674988,4359736
55.932074785232544,4352564
56.01123118400574,4269463
56.084125995635986,4260561
56.09846496582031,4260518
56.12382507324219,4255375
56.13165807723999,4251360
56.15264296531677,4236321
56.17557215690613,4230810
56.197614908218384,4219487
56.339805126190186,4211366
56.34939789772034,4209066
56.357664823532104,4199830
56.401468992233276,4195109
56.430094957351685,4183400
56.44867014884949,4178273
56.48988103866577,4121849
56.50233697891235,4119276
56.581676959991455,4118235
56.79216194152832,4118203
56.809338092803955,4117752
56.815540075302124,4117548
56.832321882247925,4115706
56.84378409385681,4115208
56.855250120162964,4114640
56.86774492263794,4113365
57.07102704048157,4112651
57.162869930267334,4111491
57.17414307594299,4110392
57.24940514564514,4106953
57.25668382644653,4104278
57.26985788345337,4101751
57.298320055007935,4097500
57.329015016555786,4089656
57.35685324668884,4089619
57.41940689086914,4061955
57.43778705596924,4053945
57.47771620750427,4049157
57.49007606506348,4044012
57.49916410446167,4041287
57.54734802246094,4037493
57.55659890174866,4033369
57.56617617607117,4033003
57.66439199447632,4030720
57.68373107910156,4025318
57.69069981575012,4024094
57.727765798568726,4016932
57.73432803153992,4015409
57.76769399642944,4013459
57.77860116958618,3998013
57.84591197967529,3996342
57.85814809799194,3967894
58.365724086761475,3967522
58.681172132492065,3967186
58.79732799530029,3962447
58.86203622817993,3960671
58.94428300857544,3960268
58.96901893615723,3947509
58.987711906433105,3942269
59.010380029678345,3941546
59.03781485557556,3941423
59.10733890533447,3941257
59.12856698036194,3902403
59.18247604370117,3902052
59.194437980651855,3894504
59.21483516693115,3890157
59.2250919342041,3882934
59.2484929561615,3870409
59.29573893547058,3862492
59.81692719459534,3855797
59.85890603065491,3851264
59.87234020233154,3849247
59.880682945251465,3848305
59.892236948013306,3843079
59.935113191604614,3842846
59.94586205482483,3840790
59.992547035217285,3836106
60.17856192588806,3803744
60.186967849731445,3786570
61.11526894569397,3778490
61.12575697898865,3772936
61.38039207458496,3769729
61.39323616027832,3739624
61.45186495780945,3711705
61.46489691734314,3638393
61.58508110046387,3621222
61.59470510482788,3608745
61.71558213233948,3582877
61.724584102630615,3555862
61.7458131313324,3527712
61.76873993873596,3387206
61.86137509346008,3373896
61.87370419502258,3340163
61.93529796600342,3327265
61.942808866500854,3296464
61.988080978393555,3208781
61.99991416931152,3188445
62.023646116256714,3156397
62.03277087211609,3098210
62.068745136260986,3066278
62.08109402656555,3039392
62.342769145965576,3027268
62.352356910705566,2976682
62.42667007446289,2965844
62.49237585067749,2964911
62.51849699020386,2960946
62.54187798500061,2952595
63.45600080490112,2920031
63.46991300582886,2916630
63.719053983688354,2915101
64.7818431854248,2890776
66.86316800117493,2883571
66.9789559841156,2883366
67.00937604904175,2881782
67.08193182945251,2881638
67.1626808643341,2870553
67.23726916313171,2858036
67.25006413459778,2848501
67.44391202926636,2847252
67.47931408882141,2840674
67.51958703994751,2827653
67.5813889503479,2825960
67.68878602981567,2820909
67.87790083885193,2787853
68.99769997596741,2779894
69.02343201637268,2744933
69.04735994338989,2726900
69.08422899246216,2726526
70.9112958908081,2725924
70.94515109062195,2714021
73.10838603973389,2713833
73.14485812187195,2704180
73.18268609046936,2699904
83.37473702430725,2696276
85.38294005393982,2678479
87.41833519935608,2672043
89.26390099525452,2665743
97.30635905265808,2660580
97.32844996452332,2600741
97.80866193771362,2599760
98.00105905532837,2591267
98.07937812805176,2586283
98.28062105178833,2565983
98.71993398666382,2552821
98.77594304084778,2489881
98.80949401855469,2475419
98.90731716156006,2459360
99.02084279060364,2439867
99.17347121238708,2439436
99.18456196784973,2430217
100.50525188446045,2420011
102.80652189254761,2398217
104.7115330696106,2392384
105.64088201522827,2388658
105.66841578483582,2378811
105.70014095306396,2374346
106.20887303352356,2340859
106.37417793273926,2329131
106.47490286827087,2328298
106.50806903839111,2315432
106.55234122276306,2315220
106.5654308795929,2314165
106.6274311542511,2308877
106.6495521068573,2308290
106.7097110748291,2300593
106.73604202270508,2299744
106.74898600578308,2290581
106.79569101333618,2290052
107.43409204483032,2288428
107.44556999206543,2283017
108.71205496788025,2279646
108.78860998153687,2277825
108.86873197555542,2272595
110.262619972229,2267048
110.53644800186157,2265388
111.93630599975586,2265368
111.95960903167725,2263404
112.00039219856262,2262620
112.25722885131836,2261522
112.28732109069824,2255761
113.8935489654541,2255682
115.64163589477539,2254016
119.21139693260193,2253640
120.95319104194641,2253484
120.96883177757263,2252338
121.00342321395874,2249258
122.77080583572388,2237752
122.88717603683472,2236995
124.59041810035706,2226527
124.64532804489136,2226427
126.2185640335083,2226229
126.22503209114075,2225955
126.31772804260254,2215726
129.7411880493164,2213460
129.75627088546753,2211773
129.76407599449158,2211289
129.8143880367279,2210722
129.84068489074707,2208499
129.84929704666138,2207978
129.8702449798584,2206376
129.88079190254211,2205959
131.31083989143372,2204953
131.4423270225525,2196089
134.74231004714966,2196059
134.76190209388733,2195581
134.77161502838135,2195318
136.41315603256226,2195285
136.4464259147644,2193753
136.4916388988495,2193384
138.02653884887695,2191481
138.0421760082245,2190198
147.55602288246155,2186308
149.39761018753052,2185899
149.40533900260925,2185068
152.23668813705444,2184862
154.49953293800354,2183497
154.53005981445312,2183474
156.1110610961914,2183040
156.1300618648529,2181701
159.35113620758057,2181692
162.67349219322205,2181375
162.6812620162964,2181139
163.2343671321869,2178019
164.0664291381836,2175125
167.0526921749115,2166776
167.17962503433228,2165369
167.19059491157532,2163523
167.55008506774902,2159397
167.6249098777771,2155053
167.63497304916382,2154438
167.6733100414276,2147411
167.68337297439575,2146727
167.77840089797974,2145172
167.7961549758911,2144844
167.81924700737,2144066
167.8262860774994,2123634
168.73337411880493,2118226
170.1121370792389,2116272
170.1248481273651,2112465
170.64755392074585,2108411
171.58683109283447,2104707
171.71398210525513,2104498
171.7372670173645,2103014
171.75504803657532,2101183
172.11654210090637,2098675
172.15617394447327,2094695
172.75786519050598,2094642
172.77761387825012,2093008
172.82218885421753,2091151
176.48075103759766,2091034
177.92347192764282,2089054
179.09348392486572,2086896
179.11530804634094,2084286
179.19305515289307,2079142
179.2152271270752,2078462
179.2263388633728,2076281
179.4156608581543,2075795
179.44432091712952,2072583
179.48213386535645,2072539
179.49487709999084,2068520
179.7291340827942,2068510
179.74089407920837,2050984
181.69837093353271,2050889
181.7134349346161,2050437
181.72506618499756,2049717
182.2742199897766,2047361
182.3058478832245,2045293
182.3159441947937,2037788
182.41807293891907,2035281
183.19074702262878,2034544
183.25243401527405,2031733
183.2715449333191,2021277
183.90201210975647,2021146
183.96892309188843,2020371
184.47836899757385,2018392
184.48513007164001,2017505
184.51506114006042,2014864
184.526221036911,2014731
184.53826808929443,2013950
184.5454978942871,2010530
184.9103388786316,2006593
185.0655698776245,2006083
185.0895209312439,2005366
185.1981999874115,2004990
185.90568208694458,2004978
185.91870307922363,1998492
185.9305591583252,1998405
185.95045018196106,1997857
185.99195885658264,1997089
186.53049898147583,1997031
186.53999495506287,1996956
186.54820203781128,1996900
186.5599148273468,1996312
189.43584489822388,1996203
189.44509100914001,1995014
191.304181098938,1993187
191.93109011650085,1993001
191.94322800636292,1990542
194.01670908927917,1988243
194.0624029636383,1986763
194.07496523857117,1984225
194.0892481803894,1982271
194.1928300857544,1980223
194.34548711776733,1977943
194.8392128944397,1977712
194.89139604568481,1977686
195.4552140235901,1977616
195.48041105270386,1977069
195.49291396141052,1976866
195.60613799095154,1976179
195.7005910873413,1976068
195.9251639842987,1975692
196.0863049030304,1974741
196.21759819984436,1973925
196.79865908622742,1972066
196.87754106521606,1970078
196.89326000213623,1968844
196.90794897079468,1967737
196.91514682769775,1962324
197.02642607688904,1958790
197.04008412361145,1957521
197.05853414535522,1956468
197.19870615005493,1955282
197.2699019908905,1954100
198.01898002624512,1953247
198.400249004364,1951709
198.48003506660461,1951551
199.42857885360718,1950063
202.36100697517395,1948012
202.38030195236206,1947167
202.62757396697998,1939864
202.69770789146423,1938845
202.71042108535767,1927725
202.7205469608307,1926302
202.77404308319092,1924120
202.78680801391602,1921863
202.93882989883423,1920308
203.0625560283661,1918003
203.09121084213257,1916953
203.12970995903015,1916599
203.50551414489746,1915013
203.52947402000427,1911939
204.14899110794067,1911703
204.37480115890503,1910771
204.4430890083313,1910437
204.46713519096375,1876074
204.55591702461243,1842547
204.68949222564697,1832371
204.7150502204895,1820640
204.72641396522522,1733900
204.76611280441284,1720864
204.7870991230011,1603630
204.79999613761902,1598067
204.81007599830627,1530843
204.82015991210938,1526008
205.48913192749023,1482594
205.50828409194946,1461131
205.6470320224762,1400849
205.6992380619049,1400310
205.73071193695068,1367460
205.7388780117035,1327990
205.77536916732788,1313931
205.78717708587646,1313291
205.83482098579407,1301936
205.8476641178131,1289328
205.89380502700806,1272869
207.16481184959412,1270012
207.1735429763794,1267688
207.23907017707825,1263994
207.2491638660431,1249564
207.28814601898193,1249140
208.30565309524536,1248862
208.31670117378235,1239527
208.33606219291687,1236915
208.35368990898132,1226708
208.36351919174194,1200923
208.3944149017334,1188531
208.4159369468689,1161665
209.37673616409302,1155688
209.39846992492676,1151298
212.8715009689331,1151215
212.88399291038513,1148267
215.29403400421143,1147478
217.7446689605713,1128266
219.98672008514404,1126762
221.14607191085815,1119217
225.42908811569214,1117780
227.6668779850006,1105552
228.9660680294037,1078098
231.6910219192505,1077309
231.74161386489868,1076229
231.75151085853577,1072794
231.79821395874023,1071658
231.8110649585724,1068637
232.91632509231567,1062426
233.84415912628174,1055545
234.58445000648499,1055387
234.70181107521057,1054075
234.72618412971497,1052179
234.76410603523254,1051788
234.78172397613525,1050382
235.49458193778992,1050284
235.52940893173218,1048921
235.53561687469482,1048412
235.63717103004456,1046308
236.00476503372192,1046212
236.0671169757843,1045571
236.38102912902832,1045463
236.4019739627838,1044424
236.42205715179443,1044403
236.43258786201477,1042018
236.5077841281891,1041937
237.77223896980286,1041683
237.78126311302185,1040401
238.13076210021973,1040227
239.17119598388672,1039569
239.19038915634155,1039208
239.25600504875183,1039157
240.8546211719513,1038272
241.69706416130066,1035854
241.72271513938904,1035109
241.73405718803406,1034721
242.13787722587585,1033425
242.15916895866394,1031994
242.50177693367004,1031695
242.52917098999023,1029314
242.5731749534607,1029229
242.98774695396423,1029058
242.99874186515808,1022971
243.37146091461182,1021927
244.08237719535828,1021066
244.09210801124573,1019572
244.10226202011108,1017924
244.12336802482605,1017022
244.13448905944824,1016317
244.15540504455566,1015080
244.37190008163452,1015020
244.3795280456543,1014651
244.60450506210327,1014397
244.83592581748962,1013588
244.93728613853455,1013557
247.21399307250977,1012725
248.88121104240417,1011503
249.49004983901978,1011477
249.51169180870056,1010755
249.54598379135132,1008619
250.89473700523376,1002786
250.9191861152649,1002756
251.50327110290527,1001497
251.5329089164734,1001357
251.55349206924438,1000837
259.3179519176483,1000601
260.2424910068512,999323
260.4586751461029,997808
260.4650909900665,995671
261.35934925079346,993561
261.41555285453796,993464
261.53152298927307,993360
261.53777408599854,992549
263.0281000137329,992135
263.0539228916168,991571
263.0650451183319,988998
263.56337094306946,986803
263.68558406829834,986699
263.71064805984497,983677
263.877888917923,982453
264.00444197654724,982446
264.0203969478607,980244
264.07767486572266,978356
264.21456027030945,977727
264.23645997047424,975878
265.5318989753723,974642
265.558091878891,973417
265.9140200614929,972697
265.9655179977417,971052
266.4631361961365,969211
268.501501083374,969029
269.1756360530853,969010
269.19547414779663,968854
270.3249170780182,967316
270.4111828804016,959309
270.42222809791565,958195
270.4284861087799,956322
270.61641097068787,952906
270.6600239276886,940871
272.3921160697937,940507
272.70241808891296,939276
272.71781396865845,937334
272.97866106033325,936827
273.1576910018921,935800
273.26041316986084,935514
273.3003900051117,934661
273.33049988746643,934312
274.17609310150146,933538
274.2700550556183,933034
274.27990913391113,930925
274.525856256485,929141
274.7589590549469,928992
274.7722079753876,928000
275.2361719608307,927866
275.2907109260559,925727
275.3439610004425,925610
275.5379512310028,925429
275.56148386001587,924628
275.56870317459106,924427
275.59493017196655,923723
275.61544013023376,923595
275.77187395095825,922590
275.8229339122772,922118
275.89066195487976,922038
275.9021110534668,917151
285.64465284347534,915265
288.1224250793457,914312
290.64331102371216,912765
299.9271671772003,911985
302.3280699253082,911828
306.8185429573059,911317
306.8285541534424,910843
309.02109718322754,909525
311.1299800872803,909243
323.7911219596863,906520
323.79923391342163,903913
334.5612940788269,903878
334.5735740661621,899854
339.9192669391632,899821
339.9348430633545,898517
339.9494490623474,897685
340.81080889701843,896976
341.0128128528595,893444
341.06178188323975,892608
341.0765001773834,890798
341.3495440483093,889026
343.3813979625702,888402
345.3093421459198,887804
347.4002170562744,887365
349.66057896614075,887210
351.59038496017456,887195
359.5392851829529,887051
372.86163115501404,886144
384.416531085968,885519
385.6885690689087,884069
385.70403814315796,883662
385.758682012558,881948
385.836630821228,881574
385.8695430755615,880830
389.5801692008972,880467
401.7421290874481,879105
405.0317018032074,878950
406.62557196617126,878793
406.65581703186035,877550
413.1448760032654,877381
413.416708946228,877376
413.42917490005493,877139
414.91921186447144,876531
415.2301228046417,874729
416.2536358833313,873210
416.3531959056854,872687
416.36126613616943,872342
417.7477960586548,872038
422.23543405532837,871238
430.10445189476013,870759
434.33797693252563,870312
434.3508608341217,869106
437.24577808380127,868232
437.25581097602844,867128
440.4734089374542,864919
443.57104086875916,863800
444.8505890369415,863406
444.9496920108795,863007
446.34379601478577,862971
446.3537540435791,862342
447.94798707962036,859303
456.1289780139923,858792
457.40500497817993,858663
460.12767815589905,857544
467.8454828262329,857521
467.85481309890747,856877
470.4111359119415,855750
486.54023003578186,855503
490.175194978714,853425
491.1470580101013,850144
492.0897810459137,849779
492.0959939956665,849510
494.0639998912811,848160
494.09608697891235,847887
494.1188819408417,847363
516.3349442481995,846766
519.1731669902802,843460
520.9977660179138,842876
521.0102760791779,840745
522.1593198776245,833723
522.3104028701782,819189
523.5184438228607,811077
524.0435738563538,809964
524.0930819511414,805352
524.694482088089,804746
536.8873980045319,803073
536.8975069522858,797791
536.9511001110077,791939
538.313395023346,789885
539.2775368690491,789113
539.707848072052,788228
542.3475291728973,787316
542.6506989002228,786362
543.8200240135193,786189
544.4830129146576,786141
545.137876033783,785547
545.5194661617279,785114
545.5297560691833,783863
546.7502429485321,783242
546.8703100681305,783091
546.888699054718,780253
546.9704511165619,778409
573.6445729732513,778014
593.2188482284546,777755
