16.837981939315796,779359
16.888986110687256,778443
16.938987731933594,777864
16.958990335464478,776814
17.05599570274353,774547
17.17600131034851,774514
17.24600648880005,773561
17.27400779724121,773407
17.332011938095093,767866
17.37501358985901,767586
17.437018156051636,766581
17.454018592834473,765584
17.481020212173462,765513
17.61402916908264,764793
17.655030727386475,764030
17.66803240776062,763808
17.680031538009644,763456
17.778037309646606,762999
18.154059410095215,762581
18.214064598083496,761124
18.32206916809082,759669
18.340070009231567,759497
18.508079051971436,759265
18.55908441543579,759191
18.575083017349243,758357
18.603084802627563,757945
18.620086193084717,756750
18.650094747543335,756550
18.9171040058136,756375
18.92510461807251,755799
19.457135438919067,755721
19.569141626358032,755589
19.626145601272583,754407
19.75415301322937,753952
19.78315567970276,750768
19.927164793014526,750419
20.11617374420166,746429
20.49418878555298,745463
20.614195585250854,745188
20.626206159591675,744773
20.922221183776855,742851
20.99522590637207,742784
21.05622911453247,742623
21.06122899055481,742255
21.163235664367676,741643
21.208237648010254,741413
21.466245412826538,741136
21.538249015808105,739792
21.87127661705017,728748
23.571376085281372,728071
23.5963773727417,728002
23.64638066291809,727238
23.895395278930664,727210
23.970401287078857,721832
24.047404050827026,720527
24.04940390586853,720483
24.09440851211548,720301
24.214414358139038,719831
24.6734402179718,719511
24.87845277786255,718147
25.695474863052368,717918
26.459519863128662,717651
26.87654399871826,717396
27.006551504135132,717383
27.248565673828125,716977
27.583585023880005,716712
29.58870267868042,716466
29.618704080581665,716442
29.626704931259155,716022
29.91772174835205,715674
29.935723066329956,715645
29.97172498703003,715121
30.468751430511475,714417
30.525757312774658,714358
30.581777811050415,714320
30.949807167053223,713888
31.128820657730103,713865
31.212822198867798,712791
31.269826412200928,712732
31.280829429626465,712364
32.73691368103027,712020
32.91392230987549,711902
32.93992376327515,711737
32.993927240371704,711565
33.22994303703308,711368
33.274943351745605,706946
33.36595058441162,704977
33.69197130203247,704958
33.75197124481201,704899
33.79597592353821,704211
34.7440299987793,703974
34.89403820037842,703808
35.18405508995056,703749
35.24905848503113,703646
35.36806583404541,703431
35.71808862686157,702964
36.926159620285034,702375
37.00916409492493,701852
37.57219457626343,698617
37.64219903945923,698591
37.78720951080322,698443
37.89721345901489,698026
37.9752197265625,698024
38.02922081947327,696772
38.27123665809631,695087
38.754265785217285,695059
39.40230369567871,694988
39.53131127357483,694819
39.566311836242676,693666
39.81832838058472,688242
41.66043567657471,687932
41.91844820976257,687761
44.08257746696472,685859
45.25164437294006,685788
45.298649311065674,685570
45.53763270378113,684030
45.640666484832764,683973
45.66467022895813,683716
45.72566294670105,683117
45.79067659378052,682955
46.314701318740845,682823
48.36782789230347,682768
49.11286234855652,682292
49.424888134002686,681873
49.78390836715698,681869
51.02398157119751,681679
51.697020530700684,681507
52.27105665206909,681385
67.66095447540283,681318
71.8652024269104,681253
72.91726183891296,681055
74.05233073234558,680996
89.38022446632385,680968
90.60326862335205,680887
94.83954524993896,680830
