0.04297828674316406,835779
0.04297828674316406,834939
8.582497835159302,832990
8.58549976348877,831513
8.609499454498291,830069
9.030524253845215,829736
9.04352617263794,829294
9.087531089782715,829186
9.093527555465698,828495
9.155535221099854,828055
9.156534910202026,828013
9.2085440158844,827142
9.269539594650269,826911
9.281520366668701,825393
9.318540573120117,825121
9.538553714752197,823654
9.580550909042358,822915
9.582537412643433,822161
9.587564468383789,821393
9.658565521240234,820521
9.661563396453857,819752
9.692566156387329,818923
9.711573839187622,818253
9.717544317245483,818146
9.804568767547607,817126
9.806568384170532,816007
9.823569774627686,815980
9.854573011398315,814640
9.955577850341797,814265
9.959578037261963,814247
9.962580442428589,814176
9.969579219818115,814070
9.986580610275269,814041
9.991580247879028,813272
10.012580871582031,813006
10.043582677841187,811204
10.059585809707642,810778
10.062585830688477,810071
10.069565773010254,809524
10.15159010887146,809156
10.19160532951355,808889
10.197601556777954,807064
10.454607963562012,806797
10.679624557495117,804166
10.709620237350464,803777
10.772626161575317,803157
10.791625022888184,802958
10.800607442855835,802947
10.976618528366089,801485
11.512651920318604,801085
11.589656829833984,800083
11.621658325195312,799775
11.635658740997314,799656
11.6416597366333,797657
11.777666568756104,796473
11.781667232513428,796103
11.793667793273926,794801
11.89467477798462,793038
11.896673917770386,792356
11.953677415847778,791822
11.956677675247192,790993
12.103686094284058,789100
12.120687484741211,783844
12.141687870025635,783385
12.174688577651978,781724
12.268712997436523,780583
12.278693675994873,780318
12.28069519996643,779548
12.304715394973755,778262
12.331719160079956,778221
12.364699602127075,777279
12.442707061767578,776680
12.46872878074646,776643
12.528709650039673,775172
12.55871033668518,773980
12.57571291923523,770240
12.594731092453003,769640
12.595714569091797,769620
13.117761135101318,769209
13.489768028259277,767708
13.506766319274902,766843
13.508766651153564,766670
13.510766983032227,766304
13.6607985496521,766233
13.77978229522705,765474
13.781782150268555,765225
13.78378677368164,764215
13.856786489486694,764040
13.878787994384766,763080
13.890788316726685,762779
15.21488332748413,761666
15.217889785766602,760452
15.25089955329895,760082
15.262887954711914,759960
15.31990122795105,759918
15.442880630493164,759324
15.443880081176758,759042
15.49288296699524,759007
15.493882656097412,757190
16.054939031600952,757144
16.06993865966797,756056
16.306951761245728,754460
16.32293152809143,754380
16.369953155517578,753071
16.372952938079834,752127
16.395936012268066,752079
16.39793634414673,752068
16.40595579147339,750768
16.426960468292236,750592
16.43895721435547,750094
17.269004344940186,749001
17.283986568450928,748958
17.45801830291748,747564
17.48801898956299,747242
17.53701949119568,746421
17.600027799606323,745830
17.795044422149658,745645
17.86302161216736,744403
17.872021436691284,743747
17.93204665184021,743301
17.9970486164093,743072
18.047050952911377,742682
18.068058013916016,742080
18.08105707168579,741589
18.098053693771362,740940
18.113065004348755,739602
18.17906427383423,738860
18.184058904647827,738296
18.190043687820435,738286
18.289048194885254,735969
18.31106662750244,734870
18.379074335098267,734045
18.399073600769043,733097
18.40405559539795,732938
18.421067714691162,732541
18.44105553627014,732517
18.481077909469604,732444
18.51008701324463,732412
18.526079177856445,731239
18.549080848693848,731216
18.565093278884888,730504
18.569093465805054,730489
20.112154722213745,728065
20.118173837661743,727970
20.126177310943604,727819
20.137173652648926,727047
20.167173385620117,726492
20.375183820724487,725686
20.388188123703003,725420
20.424190521240234,724782
20.514179229736328,723477
20.919219970703125,722973
20.934200763702393,722283
20.937220096588135,720762
22.498311281204224,720119
22.503315448760986,720096
22.504315614700317,719605
22.5543155670166,719420
27.330579042434692,718235
27.684613704681396,716696
27.718620777130127,716654
28.203645706176758,715894
28.205645322799683,715380
28.3156521320343,714910
28.3306565284729,713754
28.629694938659668,712543
29.196704864501953,712372
29.239686727523804,712166
29.30870771408081,711275
29.343712091445923,710398
29.368712663650513,709669
30.007730960845947,709341
30.04273509979248,708842
30.1667423248291,708735
30.234763860702515,708451
30.264745950698853,708142
30.28176522254944,705949
30.425777912139893,705238
30.44375729560852,703874
30.453781366348267,703663
30.52178454399109,703434
30.57079768180847,701448
30.60379719734192,701319
33.17693614959717,700940
33.352946281433105,700704
33.570958852767944,700698
33.571959018707275,699785
33.593942403793335,699324
33.89897799491882,699129
33.92798113822937,698458
34.07499122619629,698298
34.108970642089844,698065
34.271000146865845,697220
38.28321599960327,696790
38.30723595619202,695623
38.39924192428589,695259
38.47822642326355,695215
38.510246992111206,694940
39.50630712509155,694097
39.63729500770569,693545
39.693318605422974,693472
39.70731735229492,692792
39.75230312347412,692175
40.23035001754761,692136
40.50136590003967,692048
40.55236744880676,691812
40.9273784160614,691748
40.97139501571655,691656
41.54740619659424,691361
42.732478857040405,691341
42.79650068283081,691059
44.621607303619385,690981
44.70661020278931,690951
44.70959186553955,689630
44.72261095046997,689627
44.76261377334595,689271
44.83561730384827,688882
44.93962812423706,688420
44.95862793922424,687328
45.503658294677734,686407
45.55566358566284,686123
45.653669357299805,685892
45.6966667175293,685737
45.81067490577698,685443
45.933682680130005,685101
46.05867004394531,685001
46.07567071914673,684979
46.10169816017151,684939
46.170677185058594,684701
46.20867848396301,683402
46.52372074127197,682779
47.24976301193237,682612
47.35076451301575,682550
47.44075298309326,682274
47.69276833534241,681570
48.0827898979187,681531
49.84291100502014,681347
50.41992545127869,681274
50.48093056678772,681214
50.66294050216675,681180
50.67394161224365,680780
50.83195090293884,680703
50.89097285270691,680316
51.07598328590393,679906
51.413006067276,679680
51.454004526138306,679618
52.025020599365234,679577
52.50506639480591,679433
52.53806972503662,679261
52.74307990074158,679064
52.8450813293457,679001
53.21309041976929,678797
53.58110976219177,678792
54.13714241981506,678726
54.86520433425903,678458
54.867204427719116,677802
55.37223529815674,677212
55.42321991920471,677187
55.82824206352234,676901
55.90124559402466,676676
56.39827489852905,676230
56.69129228591919,675831
57.57836294174194,675535
63.975740909576416,675455
64.22073197364807,674915
64.24875211715698,674913
64.35575699806213,674854
64.39678359031677,674777
64.47376608848572,674597
64.92980694770813,674517
69.38605308532715,674459
69.62204957008362,674314
69.98006844520569,674152
70.23208379745483,674150
70.80414605140686,673641
70.9481258392334,673479
71.11613488197327,672438
71.37717151641846,672272
71.947185754776,672150
72.84925580024719,671950
73.17127656936646,671656
73.48329448699951,671356
100.58787870407104,671328
213.46446061134338,671328
