10.43949842453003,827407
10.43949842453003,826309
10.470756769180298,814863
10.68450117111206,814709
10.731377124786377,814532
10.793876886367798,813340
10.809501647949219,811871
10.825126886367798,810510
10.918877124786377,809548
10.934501886367798,807936
10.997002363204956,807742
11.012627601623535,807244
11.012627601623535,806343
11.028252840042114,806315
11.154448747634888,806222
11.170101404190063,803741
11.263851881027222,803735
11.388851881027222,802952
11.404476881027222,802921
11.451351881027222,802113
11.4982271194458,800902
11.607603073120117,799877
11.638852834701538,799655
11.638852834701538,798894
11.763853311538696,798783
11.872519493103027,798042
12.013145208358765,797035
12.028770208358765,795878
12.106895685195923,795552
12.122520685195923,794378
12.122520685195923,794372
12.138145685195923,793326
12.138145685195923,789897
12.153770446777344,788507
12.169395208358765,787359
12.35689640045166,786206
12.37252140045166,785739
12.46627140045166,785470
12.497522115707397,785223
12.544396877288818,785030
12.591271877288818,784804
12.810023069381714,783431
12.872523069381714,783036
12.919398069381714,782339
12.950648546218872,781715
12.997523307800293,780798
12.997523307800293,780123
13.13814926147461,779616
13.13814926147461,779590
13.23189902305603,779354
13.26314902305603,778382
13.26314902305603,777210
13.27877402305603,776146
13.310024499893188,775974
13.35689902305603,775162
13.372525215148926,774875
13.388149499893188,773361
13.513149499893188,772995
13.560024976730347,772875
13.653775453567505,771599
13.919400930404663,770450
13.935026407241821,769071
13.981901407241821,768457
14.02877688407898,766628
14.02877688407898,766128
14.18502688407898,764960
14.294402837753296,764216
14.32565188407898,762927
14.341277837753296,762501
14.508674383163452,761121
14.529013633728027,761102
14.566015481948853,760567
14.629779815673828,758975
14.629779815673828,758858
14.75476336479187,758765
14.912579774856567,758604
14.943830013275146,758044
15.037579774856567,757246
15.320041418075562,756821
15.366916179656982,755751
17.466267347335815,755685
17.528766870498657,755534
17.591267108917236,755502
17.622517347335815,754761
17.81001591682434,754756
17.841266870498657,753213
17.91939353942871,751403
17.981893301010132,750457
17.99751853942871,750220
18.12251853942871,749866
18.544395208358765,749695
18.763145446777344,749422
18.82564640045166,749329
19.12252140045166,746307
19.12252140045166,745152
19.185022115707397,744320
19.200647354125977,744269
19.310023069381714,742899
19.310023069381714,741886
19.439391374588013,741867
19.58868718147278,741652
20.287460803985596,741543
20.287460803985596,741472
20.349961042404175,739193
20.61558699607849,738865
20.865588426589966,738832
20.912463188171387,738652
20.943713188171387,738430
20.990382194519043,738198
21.05290985107422,737407
21.726072788238525,737137
21.837924480438232,737008
22.175961017608643,736963
22.207210540771484,735559
22.238460779190063,735237
22.25408673286438,734578
22.332211017608643,732730
22.37908697128296,731054
22.45721173286438,730637
22.488462448120117,730565
22.660337209701538,730434
22.722837448120117,730227
22.738462924957275,729720
22.941588401794434,728761
23.691590547561646,728584
24.021122932434082,728164
24.177372455596924,728150
24.33362364768982,728131
24.416076183319092,727127
24.478556156158447,726794
24.991149425506592,726658
24.991149425506592,721133
25.06927466392517,720874
25.634536504745483,720866
25.650161504745483,720604
29.439131259918213,719948
29.645867109298706,719375
32.6716845035553,718990
34.25127458572388,718793
34.50876569747925,717924
34.606730699539185,716002
35.175015687942505,715925
35.69064211845398,715175
35.7218918800354,715062
35.84689235687256,714562
36.47306966781616,714288
36.55119514465332,713293
36.82994341850281,713142
37.05108714103699,712167
37.45733880996704,712028
37.53546380996704,711968
38.177879333496094,711813
38.36538100242615,711582
39.131831407547,711566
39.256832122802734,711463
40.07065033912659,711056
40.16553211212158,709963
44.66749882698059,709106
44.85499978065491,708984
45.452555894851685,708927
46.42120051383972,708761
46.43682622909546,708698
46.60870122909546,708671
46.71807646751404,707284
46.76495170593262,706670
47.2943549156189,706073
47.96623182296753,706045
48.62333655357361,705232
48.77958703041077,705212
49.13975143432617,705155
50.51779508590698,704496
51.28424382209778,704140
51.596744537353516,704129
51.721745014190674,704118
53.14481282234192,703930
53.16043734550476,703329
53.20731258392334,703160
53.22293782234192,703115
53.613564014434814,702674
54.191871881484985,702622
55.256877422332764,702440
60.184659481048584,701958
60.35917043685913,701827
60.7185742855072,701823
61.035412549972534,699670
69.12517356872559,699587
69.63842678070068,699568
70.25147151947021,699363
71.08315420150757,698693
82.70083951950073,698494
82.75084495544434,698472
83.34959673881531,698295
85.07354855537415,698288
86.88762855529785,698200
88.29815745353699,698178
88.37108445167542,697923
