0.006151914596557617,6949221
0.011520147323608398,6945128
0.03099799156188965,6932887
0.04277610778808594,6920944
0.0629892349243164,6917356
0.09537625312805176,6917017
0.10195207595825195,6904029
0.1194601058959961,6903229
0.12479424476623535,6903208
0.13815927505493164,6887100
0.15462398529052734,6863153
0.1603100299835205,6861586
0.17009425163269043,6840520
0.21129703521728516,6831329
0.21892213821411133,6830339
0.2283000946044922,6806047
0.25077104568481445,6780347
0.2618439197540283,6766190
0.2933821678161621,6735288
0.31258296966552734,6731399
0.3348701000213623,6632197
0.3514082431793213,6621673
0.3599538803100586,6587829
0.3824009895324707,6585688
0.4116549491882324,6575125
0.42768120765686035,6568144
0.47756314277648926,6568042
0.48550915718078613,6558490
0.5079102516174316,6555596
0.5503590106964111,6554254
0.5736410617828369,6553368
0.5903849601745605,6548284
0.6948471069335938,6547307
0.7257552146911621,6518350
0.7739269733428955,6506201
0.7904500961303711,6505218
0.7990899085998535,6502264
0.8098690509796143,6492013
0.8154702186584473,6450451
0.8270211219787598,6440667
0.8693702220916748,6437449
0.880774974822998,6432252
0.954308271408081,6416156
1.2352120876312256,6415953
1.2613608837127686,6415918
1.3110160827636719,6408754
1.422593116760254,6356838
1.4449610710144043,6351011
1.453773021697998,6343169
1.5228400230407715,6342016
1.5329151153564453,6315095
1.542647123336792,6309136
1.548976182937622,6301401
1.5965611934661865,6261791
1.611030101776123,6255267
1.6315090656280518,6211406
1.6462132930755615,6211315
1.6570570468902588,6209330
1.6623589992523193,6206461
1.6679120063781738,6192868
1.6835851669311523,6182915
1.69905686378479,6178169
1.7200720310211182,6160876
1.7313451766967773,6147627
1.7586040496826172,6109312
1.7700119018554688,6108054
1.775428056716919,6103085
1.7838962078094482,6102744
1.7947442531585693,6088539
1.810014009475708,6088183
1.8620800971984863,6074568
2.02363920211792,6069765
2.095734119415283,6064503
2.12540602684021,6056044
2.1367952823638916,6054630
2.146498203277588,6053533
2.15811824798584,6045339
2.1658942699432373,6044134
2.183558940887451,6042711
2.294530153274536,6040034
2.388221025466919,6039043
2.50250506401062,6036909
2.564549207687378,6031292
2.6016790866851807,6031150
2.6123220920562744,6019806
2.668081045150757,6018650
2.6770429611206055,6014397
2.812593936920166,6013733
2.8486599922180176,6009741
2.859055280685425,6000706
2.918412208557129,5994945
3.0460879802703857,5994858
3.054948091506958,5994789
3.238055944442749,5994300
3.2622122764587402,5994154
3.2790462970733643,5993067
3.33309006690979,5990932
3.3458571434020996,5989411
3.354584217071533,5982891
3.398062229156494,5978665
3.407534122467041,5976948
3.419544219970703,5974593
3.4467551708221436,5973856
3.661128044128418,5972621
3.670955181121826,5961910
3.696357250213623,5957180
3.711726188659668,5955553
3.7478232383728027,5954719
3.7778871059417725,5953030
3.788987159729004,5944422
3.819890022277832,5943269
3.855790138244629,5941523
3.868541955947876,5940206
3.8846242427825928,5937633
3.909769058227539,5936952
3.919457197189331,5932190
3.9944581985473633,5930243
4.005869150161743,5924392
4.046853303909302,5923646
4.187129259109497,5914517
4.295197010040283,5913736
4.301190137863159,5901598
4.353053092956543,5901118
4.364709138870239,5900987
4.445607900619507,5900181
4.456732988357544,5896842
4.4806809425354,5895327
4.832565069198608,5892970
4.850115060806274,5832258
4.92770791053772,5824567
5.073829174041748,5822407
5.086586236953735,5818364
5.234990119934082,5817500
5.246567964553833,5794201
5.837116956710815,5793430
5.922665119171143,5793042
5.937772035598755,5791553
6.120487928390503,5791549
6.131468057632446,5781765
6.164083003997803,5780026
6.227092981338501,5774474
6.295566082000732,5773585
6.6288111209869385,5772617
6.676123142242432,5764851
6.758507013320923,5764718
6.772958993911743,5753749
6.838381052017212,5751380
6.889704942703247,5750159
7.431766033172607,5749915
7.517437934875488,5749248
7.535604953765869,5746983
7.577080249786377,5745566
7.852414131164551,5744767
8.096903085708618,5741646
8.10782504081726,5707795
8.208304166793823,5704992
8.219494104385376,5681219
8.457746028900146,5681208
8.493973016738892,5680872
8.50441026687622,5663950
8.533063888549805,5663898
8.54346227645874,5663085
8.577502965927124,5654174
8.612154245376587,5651467
8.626628160476685,5645812
8.72897219657898,5642982
8.974125146865845,5642618
8.982969045639038,5635745
9.035293102264404,5635548
9.04543423652649,5631994
10.24494218826294,5631587
10.413236141204834,5630284
10.419073104858398,5629171
10.435930252075195,5628979
10.596952199935913,5626650
10.661197185516357,5625496
10.748311042785645,5614279
11.451770067214966,5613725
11.46065616607666,5611880
11.537416934967041,5611006
11.54652214050293,5609428
13.30009913444519,5608770
13.32777190208435,5608292
14.887579202651978,5608148
14.899170160293579,5589276
15.164170026779175,5587946
15.177402257919312,5498940
15.437739133834839,5497490
15.447175025939941,5493482
16.500520944595337,5492375
16.70943808555603,5446813
16.892216205596924,5444095
16.90462327003479,5371526
17.116841077804565,5371316
17.12805414199829,5265825
17.33433508872986,5253085
17.341234922409058,5194382
17.357720136642456,5179570
17.374238967895508,5124578
17.450010299682617,5109337
17.461659908294678,5068099
18.84626007080078,5056684
18.864437103271484,5037452
18.937997102737427,5025439
18.97477412223816,4915904
19.089508056640625,4898127
19.107762098312378,4752551
19.338268041610718,4749860
19.356710195541382,4637077
19.529032945632935,4634429
19.541015148162842,4515653
20.176911115646362,4502881
22.839807987213135,4502651
22.854392051696777,4494484
28.512580156326294,4493927
34.68988108634949,4492227
34.72219800949097,4482821
45.55931496620178,4482230
46.967390060424805,4478927
48.03485107421875,4475397
48.37667989730835,4471946
48.534956216812134,4454088
48.55328702926636,4387688
48.63693714141846,4359907
48.648138999938965,4329213
48.67975401878357,4291248
48.69051814079285,4259699
48.72362494468689,4259531
48.73556399345398,4258552
48.748335123062134,4251638
49.28273892402649,4251482
49.70240616798401,4250529
51.07626509666443,4235426
51.116552114486694,4199773
51.266191244125366,4130953
51.50245714187622,4130930
51.51449012756348,4067120
51.52617907524109,4066549
51.53280997276306,4000042
53.37390208244324,3999592
53.39883208274841,3911338
58.42976999282837,3907214
59.803004026412964,3852760
59.816078186035156,3846180
59.86018514633179,3833283
59.88721799850464,3809331
60.47589111328125,3794049
60.62617015838623,3793019
60.75698113441467,3787901
60.77343511581421,3777073
60.823586225509644,3775037
60.83788800239563,3755267
60.87631893157959,3723986
60.964349031448364,3707181
61.19668197631836,3707133
61.22019624710083,3704731
61.688616037368774,3702680
62.464595079422,3684674
62.53460621833801,3632209
62.77194309234619,3619318
62.85829401016235,3571149
63.89924907684326,3570954
65.97828888893127,3570868
65.98943996429443,3496193
71.43729424476624,3486431
72.09884905815125,3456950
73.18337726593018,3456194
73.19523096084595,3406804
75.51401925086975,3403960
75.55704402923584,3398818
75.57569622993469,3395127
75.59320402145386,3388305
75.60108017921448,3386357
75.73304915428162,3373156
76.05582213401794,3369675
76.06302309036255,3342442
76.12185025215149,3335152
76.79883408546448,3321478
77.44344401359558,3318111
77.51903009414673,3310727
77.64980411529541,3281398
77.66792011260986,3270903
77.75475406646729,3219183
77.76740312576294,3186147
77.8790762424469,3137111
77.9094831943512,3122309
78.07084107398987,3094652
78.0901472568512,3091011
78.1077172756195,3018747
78.11631608009338,3004339
78.66348910331726,2987209
78.71969103813171,2969192
78.93227410316467,2904880
79.69813704490662,2904540
80.11047029495239,2902819
80.37071585655212,2898077
80.55734825134277,2895898
80.56880211830139,2873620
81.84330701828003,2872699
82.27668309211731,2848347
82.66034889221191,2845402
82.73092818260193,2842525
82.7386429309845,2835652
83.06187915802002,2834649
83.19107627868652,2783995
83.1980390548706,2776117
83.26219916343689,2763709
83.26993203163147,2760230
83.57873320579529,2734961
83.6976261138916,2695940
83.70457816123962,2667489
83.7671229839325,2656803
84.6145281791687,2654999
84.63846921920776,2625288
85.73378896713257,2623281
87.72389197349548,2619465
87.73724508285522,2610777
87.78874230384827,2595329
92.12834000587463,2541024
92.16913104057312,2540478
92.1855640411377,2537236
92.20832514762878,2521668
92.22641611099243,2513867
92.23599791526794,2513541
92.24334526062012,2505457
94.22295022010803,2499056
94.32856702804565,2493990
96.09639716148376,2488371
96.10590696334839,2484099
96.151780128479,2483176
98.22324728965759,2481585
98.23250317573547,2445091
102.41072010993958,2442688
104.51230502128601,2436453
108.47677111625671,2426345
112.50517010688782,2418702
112.51676321029663,2417081
120.40082216262817,2409098
122.28957509994507,2391897
125.9115400314331,2378615
125.92636227607727,2368363
126.00132608413696,2334871
127.88718795776367,2333678
129.86297297477722,2332618
129.88983607292175,2326088
131.24028491973877,2325451
131.25464701652527,2322895
133.4628541469574,2322356
133.4703140258789,2321163
133.62780904769897,2320085
133.63685202598572,2315630
134.04669308662415,2314652
134.56212997436523,2314621
134.63817715644836,2311142
134.64883995056152,2311041
134.66086721420288,2303455
135.81389212608337,2303368
135.82112312316895,2303274
137.5312991142273,2303028
137.54296922683716,2299439
140.5368320941925,2293890
140.547709941864,2286614
140.60500621795654,2286577
141.13638615608215,2286004
141.69226813316345,2281185
142.0572988986969,2280688
142.0676031112671,2278092
142.0792739391327,2272910
142.59107422828674,2272185
142.60080003738403,2268316
142.62172603607178,2268137
143.2815980911255,2266786
143.37335920333862,2265906
143.6759970188141,2264423
143.71387004852295,2262676
144.50638008117676,2262616
144.54330110549927,2262322
145.0191502571106,2258587
145.03028106689453,2255748
145.55072617530823,2255213
150.86638593673706,2254616
151.65356707572937,2254479
156.1635389328003,2251326
156.8250241279602,2250880
157.3463110923767,2249737
157.35906624794006,2246055
157.40360116958618,2245552
157.45423531532288,2244597
157.47949123382568,2242884
157.48897528648376,2240621
157.51663899421692,2238905
157.5286591053009,2237223
157.9516339302063,2237021
158.17883610725403,2236407
158.4481291770935,2236035
158.46856498718262,2235764
158.50881099700928,2234227
158.537091255188,2232419
158.55726528167725,2225899
160.00363492965698,2225681
161.3147599697113,2224446
162.33926916122437,2223765
162.35427618026733,2223289
162.36392188072205,2222910
162.37374210357666,2222171
162.4500970840454,2221031
163.89521408081055,2219274
163.91421604156494,2217364
163.93393421173096,2217302
163.97199511528015,2216646
164.0020899772644,2216547
164.37910413742065,2215464
165.48742294311523,2211100
165.736328125,2210900
165.7445421218872,2209695
165.85421895980835,2208954
165.8712990283966,2208173
168.6696720123291,2206997
169.00566005706787,2204723
170.2165880203247,2204328
170.31665992736816,2203744
171.75963592529297,2203241
171.7833170890808,2202975
171.83131909370422,2202329
173.4972071647644,2201953
173.50852608680725,2200775
175.16841912269592,2200613
178.02868819236755,2200055
186.69292211532593,2199204
186.70569396018982,2199005
186.71979808807373,2198404
186.77605295181274,2194411
186.7890739440918,2192473
186.8131980895996,2183131
187.0349690914154,2183072
187.04675197601318,2181852
187.0558910369873,2180828
188.1662781238556,2177319
188.19145703315735,2155939
188.64642524719238,2154387
190.3003740310669,2153877
190.31055116653442,2153715
191.0248031616211,2152559
191.30926322937012,2143372
191.3604919910431,2141295
191.38615107536316,2140348
191.39498496055603,2140174
191.46838212013245,2138090
191.63253617286682,2137611
191.68739891052246,2133404
191.69676327705383,2132254
191.70613813400269,2131502
192.01254510879517,2131399
192.09928822517395,2126775
192.1322193145752,2119564
192.14639592170715,2114848
192.17227506637573,2110774
192.23841524124146,2110303
192.2511911392212,2103901
192.28383207321167,2097180
192.4537811279297,2091106
192.46881794929504,2083856
192.53264689445496,2077617
192.70152020454407,2077616
192.96249198913574,2077105
192.9728021621704,2070216
194.74234294891357,2070111
195.3410041332245,2067644
195.36347007751465,2065157
195.89257502555847,2065070
195.91925716400146,2060025
197.69098496437073,2059890
197.86253309249878,2059828
197.874507188797,2029386
197.96419310569763,2029342
197.97576189041138,2019896
197.9930601119995,2018820
198.0652952194214,2004766
198.14302492141724,2000558
198.16485619544983,1991212
198.17586517333984,1980529
198.2086160182953,1974033
198.38053917884827,1972899
198.39579510688782,1951684
198.54042220115662,1950793
198.91404008865356,1933859
199.12564992904663,1933385
199.16508388519287,1931806
199.18877124786377,1927894
199.19603729248047,1927483
199.449538230896,1927343
199.4588658809662,1924545
199.50980401039124,1920844
199.52484822273254,1914921
199.54915714263916,1913033
199.58550190925598,1911503
199.64510226249695,1910512
199.65598320960999,1892592
199.69107508659363,1892082
199.9476180076599,1862931
200.0012481212616,1862025
200.0138590335846,1859160
200.0824100971222,1858353
200.45869326591492,1851843
200.85180711746216,1848219
200.86169910430908,1827691
200.9095423221588,1825370
200.91980004310608,1824663
200.93177604675293,1821868
200.93967509269714,1821562
202.48498106002808,1821030
202.51059818267822,1817769
202.5232629776001,1815357
202.7045121192932,1814772
202.71492719650269,1814131
202.72545313835144,1812028
203.39569115638733,1811871
203.5530948638916,1810909
204.84058499336243,1810618
204.89075708389282,1810060
204.89760422706604,1809835
205.26730394363403,1809722
205.27814102172852,1806156
206.03930401802063,1805712
206.50455498695374,1804902
207.21938300132751,1801830
207.88625407218933,1801760
208.23492312431335,1801214
208.36325407028198,1795949
208.79137992858887,1794719
208.80131006240845,1792933
211.28873300552368,1792823
222.62119722366333,1791431
222.64585709571838,1790094
223.825355052948,1789548
223.8446352481842,1789356
227.44436311721802,1789154
230.67830610275269,1789018
230.70515418052673,1787657
231.7623529434204,1787284
236.27992510795593,1786331
236.31295585632324,1786055
237.39847826957703,1784968
242.00252604484558,1784717
245.7128551006317,1766160
245.7438771724701,1765776
245.78442811965942,1763449
245.97072792053223,1762116
245.98227715492249,1760767
245.9926142692566,1760581
245.99895405769348,1759564
247.0388889312744,1757970
247.05253911018372,1757735
248.01245594024658,1757185
249.02796697616577,1754946
249.6434121131897,1754216
249.9996931552887,1751147
250.00680804252625,1708586
250.19644403457642,1703708
250.2391860485077,1703317
250.50215101242065,1690909
250.54771900177002,1689725
250.56997108459473,1688596
251.07292127609253,1687973
251.0993971824646,1686214
251.37764620780945,1684759
253.0824031829834,1670658
253.145681142807,1668005
253.93225193023682,1664899
253.93930006027222,1645050
255.12882709503174,1644889
255.1383922100067,1631525
255.4561059474945,1627501
255.46501517295837,1614446
255.49241495132446,1614417
255.90694403648376,1610908
256.1175410747528,1609274
256.33114218711853,1607205
256.3439781665802,1590344
256.437607049942,1584506
256.46467900276184,1583366
256.4864242076874,1577591
256.51323318481445,1572277
257.6077470779419,1561697
257.6519911289215,1560666
258.0672290325165,1557985
258.1188840866089,1554862
258.29687094688416,1554087
258.3373420238495,1511506
258.99583530426025,1509732
259.0518732070923,1509462
259.1959991455078,1505694
259.2052311897278,1488636
259.9470112323761,1482218
260.04245924949646,1476944
260.36764693260193,1466705
260.5054762363434,1448768
260.629194021225,1434400
260.6364481449127,1417831
260.6696901321411,1415399
260.6942811012268,1409115
261.57500314712524,1406714
261.62053990364075,1403531
261.6551251411438,1402450
261.6618640422821,1401650
262.27875900268555,1401465
262.2909619808197,1399318
263.55462098121643,1397467
263.57872891426086,1395088
263.59121322631836,1394417
263.5983638763428,1370869
264.7631690502167,1370345
264.7890679836273,1356695
265.0146391391754,1356199
265.16053009033203,1348692
265.173709154129,1336053
265.19630122184753,1334216
265.20732712745667,1329210
265.229031085968,1327819
265.2598991394043,1321310
265.2718651294708,1309737
265.40238428115845,1304535
265.65681314468384,1300477
266.1233060359955,1298998
266.40863704681396,1290710
266.5493812561035,1286259
266.5642349720001,1284208
266.73694801330566,1281577
267.36276626586914,1262219
267.6637921333313,1261875
267.89683413505554,1248914
268.0951292514801,1245394
268.1863102912903,1244920
268.1946361064911,1239322
269.493173122406,1237982
269.52442026138306,1236612
269.5356822013855,1234945
269.98638701438904,1234727
270.0035800933838,1233297
270.0125021934509,1232403
270.0246410369873,1229295
270.5889558792114,1225589
270.60248708724976,1224136
271.8467950820923,1221878
272.37081503868103,1221714
273.57353019714355,1221169
274.0529170036316,1220071
275.8746130466461,1210088
277.50716495513916,1197579
277.5755100250244,1145146
277.5868811607361,1130458
277.70309829711914,1103074
277.71062088012695,1071774
277.7452642917633,1069721
278.5388901233673,1064536
278.613774061203,1064500
278.6825852394104,1061102
278.7677712440491,1059726
278.7780542373657,1052195
279.29345631599426,1042668
279.34425806999207,1037849
279.61982011795044,1037789
279.6275782585144,1034716
280.17165422439575,1031663
280.2254900932312,1030778
280.23459815979004,1028661
280.2741072177887,1026768
280.2829439640045,1026091
280.4798882007599,1025869
280.50778913497925,1025398
280.5311989784241,1025229
280.5441951751709,1009475
280.68314814567566,1008488
280.70454001426697,1005332
280.7177851200104,988541
280.7572889328003,986363
280.7808051109314,977116
280.82590317726135,974726
280.8774302005768,962812
280.90874123573303,962373
281.73007011413574,960987
281.73885011672974,949463
281.9863312244415,948770
281.99576926231384,948555
282.62427020072937,948121
283.5845510959625,946014
283.81540298461914,939290
283.95498514175415,937548
283.9635970592499,935458
283.9705762863159,924696
284.00547218322754,923655
284.07469487190247,923258
284.12008118629456,921981
284.53546500205994,921859
284.63372802734375,921218
284.6421661376953,918826
284.9172751903534,915453
284.92413330078125,911255
285.4254221916199,910144
285.43591809272766,908515
285.4892911911011,907792
285.59120893478394,907297
285.6475341320038,907148
285.655592918396,901962
285.9152672290802,901855
286.11368012428284,899939
286.12713503837585,898582
286.15338921546936,897847
286.2450430393219,897197
286.84924602508545,897004
286.9408872127533,896436
287.1818480491638,895307
287.2056381702423,891944
288.4610812664032,889799
289.1528329849243,889090
289.4188470840454,888433
289.7451841831207,888072
291.13392519950867,887447
291.14991211891174,886368
293.25617003440857,886193
298.3345239162445,885747
300.288565158844,885565
302.4107542037964,884592
306.94705414772034,884248
308.41881918907166,884004
308.43133425712585,883900
309.8275110721588,883612
309.841185092926,883437
315.3152599334717,882992
316.32736706733704,882844
316.3357331752777,882275
318.50004625320435,879628
319.88174319267273,878419
320.7587070465088,878125
325.981329202652,877028
326.0477602481842,876882
338.8017029762268,876739
353.67050218582153,876404
354.3838942050934,876343
354.41194009780884,875830
360.3471350669861,874852
360.35801124572754,874221
363.99355697631836,874126
373.48769307136536,871447
375.1313440799713,871111
379.7560179233551,871106
384.100524187088,870496
427.84033012390137,869023
435.40198826789856,868769
439.35684609413147,863170
443.27510809898376,862426
445.1754722595215,861552
467.6157031059265,860763
486.8107650279999,860135
486.9302980899811,859432
486.96973490715027,859230
488.5161371231079,858403
489.94681906700134,857938
498.9385333061218,857721
498.9504861831665,857099
499.07594108581543,856468
499.0872299671173,856399
500.6442811489105,855144
503.253445148468,854689
503.26252913475037,852490
503.28843808174133,852091
504.49338817596436,851880
504.5165870189667,850917
506.0321271419525,849786
507.3491961956024,848750
508.82557106018066,847739
519.7930209636688,847002
521.1200520992279,846972
524.7375700473785,846853
527.9808011054993,846557
532.0128240585327,846248
534.4242181777954,846059
534.4522082805634,845097
535.538419008255,844300
535.5481231212616,844266
536.5246040821075,843252
536.5939440727234,841080
537.5033330917358,840270
538.4170429706573,836641
538.7446200847626,832964
538.7771310806274,831460
547.6022551059723,831375
547.7002151012421,829969
547.7275261878967,825374
548.5300891399384,824083
552.0899240970612,819447
555.0874161720276,819043
564.020955324173,816340
564.0287401676178,816297
564.6865181922913,814825
564.9601330757141,810825
565.3521950244904,805919
566.6770303249359,804870
566.6995141506195,803636
572.0693881511688,802299
573.900600194931,801245
574.4041380882263,799214
575.3774762153625,799052
575.5682020187378,798910
575.577898979187,794065
575.8329560756683,793849
575.8537249565125,793023
576.0463991165161,792894
576.1277570724487,792041
576.2136080265045,791478
576.5799009799957,789981
576.7216062545776,788975
576.8154029846191,788831
576.8205981254578,788466
576.8566431999207,788032
576.8929579257965,787932
