0.014191865921020508,6892186
0.04364585876464844,6891796
0.07238984107971191,6884667
0.08971500396728516,6883257
0.0953059196472168,6874055
0.11348390579223633,6873646
0.1190488338470459,6872535
0.12473487854003906,6872498
0.16090178489685059,6872303
0.16651082038879395,6860184
0.19618988037109375,6858661
0.20290088653564453,6857539
0.2095508575439453,6855935
0.24559473991394043,6849801
0.2599680423736572,6812946
0.27687597274780273,6809574
0.2940239906311035,6809060
0.300142765045166,6785987
0.3059248924255371,6775084
0.3123819828033447,6774229
0.3181169033050537,6755478
0.3465738296508789,6750578
0.3521239757537842,6746463
0.3578519821166992,6742582
0.363419771194458,6740961
0.3689091205596924,6734920
0.40976691246032715,6734766
0.4153449535369873,6716054
0.4383060932159424,6715285
0.44419407844543457,6714574
0.4562387466430664,6709502
0.5183038711547852,6699250
0.5293278694152832,6696278
0.5730030536651611,6688903
0.5808329582214355,6654264
0.6173477172851562,6652474
0.6233060359954834,6647139
0.6585719585418701,6645908
0.6641097068786621,6626173
0.6695799827575684,6623913
0.6986250877380371,6616164
0.7042388916015625,6607888
0.7100958824157715,6599228
0.7156617641448975,6574912
0.7394528388977051,6574244
0.7451279163360596,6570962
0.7622969150543213,6567445
0.7678437232971191,6562215
0.77370285987854,6560762
0.7989249229431152,6559170
0.8048267364501953,6559058
0.8341889381408691,6551882
0.8452908992767334,6545391
0.8553218841552734,6526905
0.8801908493041992,6521608
0.9051659107208252,6517516
0.9221699237823486,6512254
0.9337489604949951,6504293
0.9572558403015137,6502183
0.9632058143615723,6469879
0.9695789813995361,6465630
1.0092527866363525,6435249
1.0148050785064697,6434034
1.0203049182891846,6416725
1.0380187034606934,6415838
1.049515962600708,6414332
1.0552058219909668,6403158
1.0664689540863037,6400171
1.0722129344940186,6398050
1.0835750102996826,6395083
1.089176893234253,6393215
1.0948059558868408,6387650
1.1069340705871582,6382352
1.1129488945007324,6378726
1.118582010269165,6374463
1.1243820190429688,6371860
1.1413638591766357,6335639
1.147387981414795,6274973
1.1640598773956299,6264340
1.1701030731201172,6263199
1.1996097564697266,6253017
1.2066309452056885,6163070
1.2123029232025146,6159216
1.2179348468780518,6158880
1.223512887954712,6155650
1.2348318099975586,6155140
1.2404119968414307,6150597
1.246269941329956,6147752
1.2583050727844238,6143353
1.2639288902282715,6139407
1.2695250511169434,6138714
1.2753748893737793,6133776
1.3442587852478027,6132387
1.3498539924621582,6129180
1.356255054473877,6128088
1.362178087234497,6125116
1.3681559562683105,6112286
1.391556739807129,6109608
1.4917707443237305,6108389
1.5032367706298828,6108003
1.5259718894958496,6039029
1.561100959777832,6033252
1.572288990020752,6027655
1.5779099464416504,6026262
1.6003248691558838,6022588
1.612621784210205,5987513
1.6584887504577637,5979728
1.6697280406951904,5977117
1.7157349586486816,5976265
1.756356954574585,5974499
1.7622458934783936,5958509
1.785696029663086,5955522
1.8737988471984863,5947372
1.8997259140014648,5946142
1.906282901763916,5943181
1.9126777648925781,5912531
1.9356279373168945,5912487
1.9412448406219482,5911868
1.9537370204925537,5909738
2.059652805328369,5909657
2.0657248497009277,5903895
2.243356943130493,5902819
2.249089002609253,5898704
2.4435789585113525,5896916
2.4500317573547363,5888674
2.456242799758911,5887139
2.4622437953948975,5886243
2.4920449256896973,5880251
2.537971019744873,5815502
2.543571949005127,5812420
2.549790859222412,5809036
2.5562238693237305,5806351
2.562407970428467,5806182
2.573664903640747,5805039
2.591017007827759,5802528
2.602461814880371,5721206
2.684147834777832,5719710
2.7015380859375,5716408
2.7499399185180664,5714998
2.767321825027466,5714884
2.7729098796844482,5714827
2.7817940711975098,5706493
2.78987193107605,5623357
2.8032898902893066,5617645
2.815575122833252,5592319
2.821497917175293,5582637
2.8270769119262695,5504565
2.8452188968658447,5499863
2.8851158618927,5496290
2.897453784942627,5474945
2.930532932281494,5445093
2.940337896347046,5402628
2.995692014694214,5397377
3.0441737174987793,5384331
3.0548880100250244,5367276
3.094393730163574,5356542
3.1039319038391113,5309325
3.1129679679870605,5298507
3.1349258422851562,5277377
3.151905059814453,5251622
3.2833878993988037,5129938
3.296427011489868,5126480
3.3447959423065186,5120156
3.3544058799743652,5114640
3.3866779804229736,5112087
3.5605130195617676,5068106
3.5694808959960938,5064126
3.7188069820404053,5042160
3.7277467250823975,5039374
3.736362934112549,5032494
3.7570419311523438,5031091
3.7847890853881836,5016169
3.805083990097046,5015294
4.04511284828186,4948685
4.144953727722168,4899692
4.151132822036743,4889045
4.168770790100098,4880089
4.17574405670166,4770919
4.206261873245239,4769628
4.211828947067261,4767350
4.308429002761841,4763335
4.313966751098633,4700859
4.33224081993103,4692252
4.446677923202515,4679497
4.458268880844116,4678161
4.559525966644287,4611875
4.571239948272705,4565795
4.7345499992370605,4545346
4.740163803100586,4386225
5.096385955810547,4371082
5.113842010498047,4362754
5.1315999031066895,4355798
5.137793064117432,4338287
5.3134379386901855,4336459
5.319534778594971,4290564
5.404234886169434,4284599
5.409864902496338,4236815
5.415466070175171,4198457
5.421886920928955,4196438
5.42776083946228,4159497
6.148998975753784,4158830
6.173223972320557,4146774
7.000188827514648,4144614
7.05964994430542,4104103
7.278587818145752,4077912
7.284177780151367,4077349
7.568035840988159,4075402
7.602745771408081,4072928
7.62249493598938,4064823
7.632683992385864,4022945
7.6433117389678955,4007226
9.995792865753174,4005635
13.482872724533081,3969141
15.71304988861084,3964529
20.465394973754883,3960660
22.655057907104492,3945765
22.688922882080078,3943063
25.61802387237549,3931615
33.11784291267395,3920973
35.18634486198425,3918953
35.195918798446655,3890778
41.6107120513916,3882917
43.079033851623535,3882147
43.12132787704468,3877049
43.13618588447571,3876923
43.20549511909485,3865956
43.26046586036682,3855007
43.35158610343933,3852244
43.431092977523804,3830239
43.49636197090149,3827127
43.542551040649414,3776973
43.787988901138306,3770891
43.8185019493103,3759481
45.760292768478394,3749906
46.29300880432129,3747025
46.31664800643921,3737651
46.758726835250854,3731913
48.387303829193115,3715905
48.39988994598389,3638854
48.487786054611206,3626105
49.09766602516174,3517892
49.15418291091919,3516310
49.165135860443115,3478050
50.45547795295715,3475888
50.46362900733948,3469960
51.032642126083374,3465051
52.62839388847351,3464156
53.54347085952759,3463776
53.87484288215637,3463245
53.90413284301758,3362299
54.16399002075195,3337389
54.181702852249146,3325703
54.19522404670715,3283182
54.21062612533569,3270740
54.28947591781616,3235370
54.349812030792236,3219714
54.36284279823303,3215429
54.376168966293335,3207144
54.408024072647095,3170486
54.4304358959198,3160450
56.17876672744751,3160253
56.191253900527954,3153248
56.219247817993164,3150476
56.2347457408905,3147033
60.62864589691162,3146656
60.63653779029846,3143301
60.64317178726196,3143158
60.649672985076904,3137222
71.14089298248291,3123797
73.9822268486023,3102022
81.66957998275757,3101128
86.7453351020813,3099702
86.8122808933258,3095078
88.42671394348145,3082317
88.47887897491455,3082072
88.49672889709473,3034172
88.8421037197113,3032354
88.86909174919128,3030843
90.62856197357178,3028913
91.24255275726318,3028073
93.13471102714539,3026494
93.16335701942444,3025621
93.20625472068787,3011026
93.30840396881104,3006166
93.41245174407959,3002201
93.44185709953308,2995815
93.52990293502808,2994899
93.55390906333923,2980947
93.57766509056091,2979610
95.16157174110413,2974562
95.57950282096863,2974528
95.60296392440796,2914650
101.82040095329285,2911090
104.232017993927,2889030
106.21431398391724,2866106
110.3768630027771,2864386
110.42921805381775,2862914
110.4610550403595,2858912
110.46844291687012,2855835
110.70007991790771,2853383
110.72842383384705,2844396
111.40708875656128,2844081
111.42076897621155,2839038
111.43679189682007,2837671
112.09115386009216,2834858
112.61752486228943,2832190
112.6440589427948,2823103
113.54950189590454,2821906
115.32933688163757,2819494
115.3554859161377,2816441
115.3858790397644,2815383
115.39433288574219,2813947
115.71850085258484,2813716
116.69472575187683,2813082
116.70969700813293,2811991
116.72481489181519,2808929
118.14346599578857,2805888
118.20040082931519,2800902
118.6922550201416,2799495
119.40534090995789,2798889
119.71661591529846,2796741
120.55175495147705,2796544
120.62820291519165,2759111
120.85151481628418,2757630
120.92710304260254,2757120
121.26101684570312,2754357
121.32408785820007,2754288
122.02259588241577,2754069
122.02996301651001,2753999
122.04023885726929,2753450
122.05420398712158,2752590
124.24952292442322,2752087
124.47291707992554,2750728
125.40205597877502,2740171
125.42798280715942,2704920
125.46159100532532,2702286
125.47485375404358,2665604
125.49919581413269,2661434
125.55949687957764,2655039
125.62111902236938,2654771
125.634920835495,2653485
126.89801812171936,2652485
128.0073947906494,2651988
128.02202892303467,2651957
128.0359230041504,2649711
128.8577299118042,2649107
130.01083898544312,2648993
130.05599904060364,2645849
135.76669907569885,2645646
135.7967507839203,2644201
136.14501571655273,2641497
137.62129592895508,2628644
138.027734041214,2623375
139.86574292182922,2622970
147.28572392463684,2621545
147.30310773849487,2618035
147.53187489509583,2617321
147.54062008857727,2615897
147.5470998287201,2614285
148.97988200187683,2576922
149.1998279094696,2568028
149.25519275665283,2565290
149.38247179985046,2565254
149.38902306556702,2562024
152.32443809509277,2561394
152.70725297927856,2560353
152.94138193130493,2555138
152.98818588256836,2555034
153.00160574913025,2516418
153.67318511009216,2516406
153.68402576446533,2514053
153.90020298957825,2513806
153.9437997341156,2512695
153.9520058631897,2510418
154.18915677070618,2509567
154.19881987571716,2508709
154.20873403549194,2508351
154.22404670715332,2507000
154.4151680469513,2506456
154.49947381019592,2504902
154.50916981697083,2502813
156.06404495239258,2502660
156.08738899230957,2502550
156.1126708984375,2501876
158.071106672287,2500433
158.38708400726318,2481780
158.42869091033936,2481413
158.4381067752838,2458806
158.46402311325073,2453423
158.48454689979553,2451261
158.49695372581482,2451032
158.5095648765564,2447929
158.75486278533936,2447584
158.77281308174133,2445909
159.53375482559204,2445832
159.55131483078003,2445779
159.676038980484,2445365
162.0235960483551,2443470
163.57261896133423,2443061
165.377995967865,2443042
165.39671182632446,2441679
166.7752230167389,2441105
166.84618401527405,2440936
166.85405278205872,2435433
167.14784383773804,2434496
167.15895700454712,2432267
167.64636397361755,2431910
167.65261697769165,2431683
168.2854688167572,2431634
168.30771899223328,2430314
169.17930483818054,2430174
169.1976888179779,2426896
169.4235520362854,2424961
169.4348087310791,2422892
169.4888949394226,2421318
170.44154381752014,2418763
170.89842581748962,2418757
170.91446185112,2414239
170.98712491989136,2414194
171.00150609016418,2405212
171.23565483093262,2404974
171.84411072731018,2404426
171.87276482582092,2404421
175.76049208641052,2403988
177.57696986198425,2403864
177.61317896842957,2401720
179.06573009490967,2401715
185.35908102989197,2392027
185.39981484413147,2390147
185.45176696777344,2387305
185.55252504348755,2386666
185.60783195495605,2379091
185.86086511611938,2373724
186.1773099899292,2373638
186.9395887851715,2373453
188.9288468360901,2373062
189.00589895248413,2372304
189.0209059715271,2369669
189.0342059135437,2352592
189.0510699748993,2351647
189.07880973815918,2334549
189.2983078956604,2331938
189.31981086730957,2308801
189.47157669067383,2304857
189.5691578388214,2303579
190.3022289276123,2303039
190.31506204605103,2302837
190.326828956604,2301548
190.37551999092102,2301206
190.3907449245453,2287606
190.40370202064514,2287523
190.41422486305237,2265014
190.44002199172974,2263731
190.44908905029297,2263454
190.45987582206726,2259739
190.59636402130127,2259633
190.60903787612915,2258374
191.93489694595337,2257885
196.6056649684906,2256985
196.7397289276123,2256229
198.15066289901733,2221543
198.19273972511292,2221116
198.4269199371338,2220894
198.44084572792053,2220239
200.08117389678955,2218046
200.20203590393066,2217417
200.21773076057434,2186930
200.3984079360962,2181607
202.4610240459442,2181561
202.4682559967041,2180279
203.53991889953613,2179999
203.9289939403534,2171602
203.9963138103485,2170635
204.87896394729614,2170588
204.89256691932678,2163411
205.19948077201843,2163344
205.23081183433533,2162840
205.56893491744995,2161479
206.88188481330872,2159049
207.87514400482178,2158204
207.92804503440857,2157372
208.20280194282532,2157252
208.22863698005676,2155726
208.24026799201965,2154883
212.61074590682983,2154233
213.46218085289001,2154200
213.4716808795929,2151813
216.52337193489075,2151348
217.57173681259155,2151303
217.584233045578,2148116
217.84651589393616,2146549
217.85477304458618,2146023
217.86358404159546,2145899
217.95774793624878,2145758
217.9744589328766,2124569
218.0457410812378,2123460
218.0737600326538,2123066
218.14456486701965,2119241
218.42300486564636,2118865
218.4518280029297,2115296
218.46965789794922,2115072
218.55583381652832,2113846
218.88454294204712,2110359
218.9768989086151,2107164
218.99041485786438,2103004
219.0089647769928,2092263
219.0734519958496,2088511
219.14043593406677,2085038
219.161682844162,2083132
219.199383020401,2078545
219.25572514533997,2078027
219.2990529537201,2061838
219.32273387908936,2060560
219.33410477638245,2022133
219.3447539806366,2021282
219.36967396736145,1999963
219.52021884918213,1994123
219.56227588653564,1989029
219.64341402053833,1988902
219.67844891548157,1988017
220.57293486595154,1987404
220.5797131061554,1980720
220.91874480247498,1979543
220.9258360862732,1968218
222.1093738079071,1968073
222.24170899391174,1960299
222.25327110290527,1957459
222.27515602111816,1935824
222.28811979293823,1934651
222.29905486106873,1930468
222.39150381088257,1929457
222.42348074913025,1885669
222.60352206230164,1885038
222.66647696495056,1884788
222.68264198303223,1851719
222.71384286880493,1851700
222.78490591049194,1850067
222.80458688735962,1846066
222.8199920654297,1844772
222.9215259552002,1843746
223.00915694236755,1827694
223.0222499370575,1816952
223.07724499702454,1801073
223.26356673240662,1797340
223.4454426765442,1793355
223.47576689720154,1779236
223.4885609149933,1771207
223.51536202430725,1749412
223.5270278453827,1729041
223.537535905838,1713228
223.585834980011,1702028
223.59392786026,1695452
223.61363577842712,1686080
223.62486100196838,1680266
223.6394019126892,1670417
223.71955490112305,1669645
223.7437560558319,1667381
223.7623839378357,1656518
223.77703189849854,1653776
223.82249689102173,1641779
224.18941187858582,1641446
224.19952201843262,1640567
224.67240285873413,1634903
224.6842908859253,1625965
224.7769238948822,1622602
224.79804277420044,1610651
224.8498659133911,1605416
224.95709013938904,1601389
224.97483801841736,1595445
224.98306488990784,1594640
225.47256708145142,1588040
225.496643781662,1587731
225.62963676452637,1587519
225.638356924057,1578111
225.78245401382446,1577742
225.79474306106567,1554660
225.81660795211792,1552648
226.0800609588623,1546100
226.1271460056305,1518904
226.49328899383545,1515148
226.54243302345276,1514132
226.61775493621826,1511520
226.67938685417175,1510756
226.69245076179504,1508868
226.74617505073547,1495130
226.7558867931366,1492129
226.76371097564697,1477364
226.7852919101715,1476545
226.79921102523804,1473488
226.82880282402039,1470778
226.8367338180542,1462332
227.0591218471527,1459990
227.08472084999084,1445118
231.24172496795654,1444575
231.48308086395264,1441820
231.84442281723022,1441745
231.85764503479004,1427677
232.45011687278748,1427468
232.47450280189514,1412338
232.58087611198425,1410766
232.5937237739563,1408776
232.70365071296692,1408753
232.83104991912842,1344782
232.8441948890686,1315879
233.18598985671997,1275488
233.198744058609,1272522
233.31327271461487,1256478
233.32325506210327,1247519
233.35898399353027,1247242
233.37019395828247,1201996
233.9137830734253,1200987
233.93928980827332,1199000
237.62459087371826,1193278
237.94969177246094,1193053
238.87742280960083,1183163
238.92845582962036,1172811
238.93845772743225,1171101
238.95789170265198,1170102
238.9965889453888,1167780
239.02099680900574,1167073
239.04368090629578,1160394
239.06740498542786,1159920
239.68136501312256,1156847
240.75049877166748,1156050
240.77010107040405,1155569
240.83311104774475,1152726
241.83448600769043,1151247
245.08595085144043,1150794
245.10686111450195,1148375
247.3238079547882,1146235
248.46236395835876,1145370
248.92740392684937,1145303
248.9369080066681,1141621
250.45008897781372,1141319
258.03315687179565,1138498
259.65989780426025,1137731
259.68524074554443,1133558
263.04290199279785,1133488
263.3020188808441,1132978
263.8100600242615,1132536
263.87338185310364,1130934
264.1491949558258,1130635
267.6684458255768,1130053
267.7030498981476,1119318
268.33934688568115,1118004
268.35464096069336,1117743
268.3678538799286,1114642
269.62407398223877,1112611
271.48484778404236,1108302
271.64082193374634,1107315
274.47140884399414,1104569
275.79317593574524,1101311
281.560005903244,1097530
281.5765178203583,1087787
281.58980202674866,1081105
281.6281831264496,1080638
281.64157700538635,1077774
281.68212389945984,1076862
281.6960518360138,1069749
281.7269949913025,1067215
281.93694281578064,1066802
282.24643898010254,1058975
282.3271598815918,1057900
282.3799910545349,1056279
282.95800399780273,1054991
283.06676411628723,1052543
283.0977189540863,1048346
283.11697483062744,1048137
283.7182538509369,1047919
283.7408320903778,1047145
284.3251278400421,1045241
284.3319299221039,1044796
284.3436379432678,1041023
284.75547909736633,1040713
284.7787709236145,1039211
284.975625038147,1038880
285.030553817749,1038079
285.03825092315674,1036141
285.21594285964966,1033515
285.2388517856598,1032359
286.3024959564209,1029779
286.9068920612335,1028892
287.30565571784973,1028129
287.3364028930664,1028051
287.3558518886566,1023852
287.41687202453613,1023078
287.7814748287201,1022936
287.7897939682007,1021768
287.8551061153412,1021028
287.8745379447937,1020489
287.8872368335724,1018083
288.7144138813019,1016458
289.724200963974,1016379
289.74081683158875,1014063
290.9377930164337,1013924
292.87855100631714,1013742
292.9058439731598,1013468
293.8087968826294,1011449
294.51706290245056,1010885
294.8705668449402,1010754
294.8774039745331,1009269
294.8940589427948,1004166
295.31015396118164,1002853
295.32115411758423,1001454
295.49548292160034,997781
295.5571799278259,993393
295.7629177570343,992985
295.8307478427887,992938
296.52030396461487,991563
296.5491669178009,977483
296.749520778656,969813
297.10962986946106,968969
297.2709228992462,967004
297.3496677875519,965476
297.45379996299744,965125
297.4638979434967,963544
297.5532968044281,960608
297.6787898540497,959148
297.76290488243103,955597
297.7847707271576,954680
298.21339082717896,953088
298.81313490867615,952025
299.0736508369446,951977
299.1546139717102,948158
299.2501268386841,946466
299.2670741081238,945413
299.27558493614197,944709
299.40396189689636,941656
299.4823739528656,938269
299.61414194107056,937578
299.64325189590454,937488
301.37071204185486,935090
301.5101959705353,934751
301.5357587337494,933171
301.7407238483429,933118
303.2665159702301,932942
303.3614127635956,932634
315.86796498298645,932238
318.945524930954,931615
325.98718190193176,931612
340.58142375946045,931536
355.1951470375061,930977
357.4720950126648,930952
357.4805669784546,930609
357.5273458957672,930521
359.68318009376526,930518
369.04600977897644,930285
369.0712878704071,930157
371.3034460544586,929789
373.58129477500916,928637
382.1497218608856,927620
384.24071192741394,927137
384.26575899124146,926993
393.74506187438965,925194
399.9642949104309,920624
400.514123916626,916113
402.3132338523865,914325
404.1236479282379,914308
404.1332838535309,913961
404.1665418148041,912597
411.6894278526306,912569
446.75145983695984,912440
450.16760182380676,908793
451.9961657524109,903945
453.79229497909546,889668
457.0177700519562,889099
468.5050690174103,883120
473.5434238910675,878894
480.383318901062,877737
484.9269037246704,877673
488.7786419391632,877638
488.84583711624146,874048
488.8675808906555,873238
521.189817905426,873131
523.7797949314117,871989
527.9241290092468,871869
527.9400870800018,871694
528.9736559391022,870410
530.0922780036926,870265
535.842924118042,866059
536.1760458946228,865547
536.1891441345215,864238
536.2028799057007,864050
536.9788339138031,864024
538.233060836792,864000
538.3353559970856,862680
539.8514029979706,861572
540.8645708560944,861429
540.8753778934479,860307
542.9148018360138,859716
544.0187430381775,858837
545.1151559352875,857758
550.1376259326935,855392
550.3293991088867,846694
550.3627529144287,844763
550.9099090099335,840887
551.2462558746338,838653
552.7713611125946,838336
552.8251740932465,837046
552.871780872345,835475
552.9482407569885,832950
552.9959118366241,821575
554.3522608280182,820491
555.992842912674,818831
557.8125569820404,813386
564.0073127746582,813090
564.0665738582611,811992
564.1042697429657,804983
567.8155000209808,803177
567.8465209007263,803098
567.8613429069519,802722
568.4528179168701,802702
568.54048204422,802081
568.574539899826,797790
570.4887099266052,796407
571.810427904129,796386
572.3670589923859,795121
574.7289390563965,794721
574.7396988868713,794005
576.8781230449677,793866
579.9187939167023,787342
581.5038290023804,778339
581.6874361038208,774541
581.7111077308655,770735
583.046128988266,770501
583.0616719722748,770228
584.0683579444885,767949
584.4874708652496,767832
585.1516590118408,764866
585.2877089977264,764759
585.300961971283,764028
585.3439939022064,763493
