0.12900733947753906,826298
0.1480088233947754,826105
0.26801562309265137,825697
0.28801655769348145,825063
0.29201698303222656,824402
2.100153684616089,809521
2.1471431255340576,809128
2.1781463623046875,808851
2.371140718460083,808714
6.709394454956055,808237
6.822400808334351,808182
6.835401296615601,807124
6.836401700973511,807023
6.838401794433594,806816
6.931424617767334,805772
7.710470199584961,805435
7.828477144241333,804526
7.853479385375977,802138
7.902481317520142,801277
8.519500970840454,800310
8.530522108078003,800089
10.667643070220947,797359
10.881636619567871,796514
11.23767876625061,794676
11.269678115844727,793192
11.274680614471436,786007
11.290679693222046,785762
11.296687126159668,785494
11.307681798934937,785179
11.341686248779297,784810
11.346664667129517,784563
11.400686740875244,782863
11.412684917449951,782734
11.419685363769531,781916
11.432671546936035,781605
11.470688343048096,778906
11.53369140625,778285
11.538694381713867,778055
11.546694278717041,777978
12.131729125976562,777748
12.168712854385376,777452
12.220717668533325,777412
12.259719133377075,776791
12.26971983909607,776158
12.290718793869019,776076
12.297721147537231,773579
12.313721895217896,773570
12.342724084854126,773241
12.342724084854126,771832
12.36572551727295,770748
12.540735960006714,769022
12.557734489440918,768636
12.55973768234253,768171
12.59273648262024,767164
13.049793243408203,766741
13.40178632736206,766630
13.465787410736084,763787
13.487788915634155,761821
13.580813884735107,761424
13.63081693649292,759226
13.64879846572876,757883
13.654803276062012,756450
13.671801090240479,755874
13.684820413589478,754601
13.691820621490479,751990
13.749805927276611,751833
13.811825037002563,750448
13.812826871871948,748924
13.818829536437988,748642
13.933814764022827,748543
13.990818977355957,748401
14.010822296142578,747633
14.02082347869873,747111
17.62603187561035,746206
17.62803316116333,744234
17.676033973693848,743765
18.126059770584106,741961
18.173083066940308,741652
18.19409155845642,741600
18.19908380508423,741441
18.210083961486816,741346
18.23906946182251,741143
18.57310461997986,740874
18.57410454750061,740547
18.628116369247437,739259
18.682106256484985,738810
18.699111700057983,738123
18.710113525390625,738036
18.74011492729187,737658
18.797119140625,737006
18.807119369506836,736636
18.827119827270508,735166
18.830101013183594,734757
18.868103742599487,733506
18.8701229095459,731722
18.88510513305664,730861
18.9541277885437,730811
23.787410259246826,730286
23.910418033599854,729309
23.917418003082275,729289
23.976421117782593,728397
24.000426292419434,727323
24.58345627784729,727139
24.590463161468506,726876
24.669461727142334,726642
24.673462629318237,726187
24.716464519500732,725702
24.719464778900146,724835
24.726449966430664,724142
24.736467361450195,723489
24.77845025062561,723152
24.857476711273193,722123
24.87648320198059,721818
24.909456968307495,721809
25.003485202789307,721690
25.018482208251953,721489
25.096477031707764,719714
30.08777928352356,718239
30.294790029525757,718208
30.33677387237549,717398
30.349793672561646,717282
30.355793714523315,716994
30.356794357299805,716802
30.587791442871094,716358
30.596810579299927,716234
30.65379285812378,716000
30.832825899124146,715954
31.06981658935547,715932
31.089819192886353,715482
31.09981942176819,714681
31.1408212184906,713689
31.157822370529175,713638
31.173823595046997,712912
31.22984528541565,712801
31.27784776687622,712721
31.344852924346924,712152
31.367871522903442,712124
31.368855953216553,711593
31.80985999107361,711135
31.822884798049927,710837
31.82686185836792,710547
32.100898027420044,710392
32.20190191268921,709936
32.25290489196777,708817
32.35091042518616,708346
32.44891715049744,707634
32.44991731643677,707048
32.53692579269409,706989
32.708932399749756,706764
32.73791480064392,706162
32.86294102668762,705231
32.92694449424744,705169
32.93794918060303,704168
32.947927474975586,703808
33.19496464729309,703717
33.26996564865112,701989
33.29396605491638,701544
33.311967611312866,701457
33.31796836853027,701278
33.621985912323,701244
33.63798666000366,700132
33.682971239089966,699626
33.68798780441284,699173
33.721991300582886,698814
33.782978773117065,698116
33.918983936309814,697885
34.80603575706482,697777
34.8140549659729,696736
34.853057861328125,696440
34.92606210708618,696376
34.965075731277466,696179
34.98006510734558,694870
35.45707416534424,694754
35.48607659339905,694474
35.54909873008728,694161
35.57809829711914,692864
36.23012018203735,692798
36.2971248626709,692393
36.33712697029114,692140
36.42613220214844,691912
36.88917851448059,691177
37.057188749313354,691027
37.06818628311157,690458
38.91029500961304,690184
38.93229579925537,689797
38.968297481536865,689087
39.35432052612305,689071
39.42232608795166,688624
39.428325176239014,688345
42.09748291969299,688104
43.71355652809143,687607
43.752577781677246,687315
44.08157825469971,686471
44.74763798713684,685978
44.76363945007324,685952
44.84864592552185,685863
44.94364619255066,685792
45.02063465118408,685577
45.101659059524536,685369
45.16467618942261,685367
45.82168126106262,684514
45.926687717437744,684450
49.56992053985596,683724
49.573920488357544,683670
49.779930114746094,683535
50.11696195602417,682326
50.13695311546326,682021
51.089988470077515,681946
52.290061235427856,681590
52.40706467628479,681422
53.94415497779846,681267
54.41120362281799,680410
56.33429670333862,680198
56.51930546760559,680081
60.77256655693054,680035
61.022571086883545,679969
61.271602392196655,679504
61.34660077095032,679406
61.99662923812866,679165
62.153634548187256,679043
62.338645696640015,679017
62.4906542301178,678661
62.550657749176025,678429
62.89967966079712,678041
63.57773804664612,677646
63.64572191238403,677407
65.41584277153015,677405
66.29789662361145,677378
66.50190806388855,677363
66.5999186038971,676906
66.62791562080383,676634
67.3559398651123,676338
67.55097007751465,676235
72.81827902793884,676165
73.16329741477966,675411
76.44847273826599,675391
76.49449467658997,675293
76.74849057197571,675147
76.84251117706299,675044
77.29554152488708,674922
96.31665134429932,674901
98.06973528862,674868
98.56178712844849,674845
100.25988364219666,674817
101.5739393234253,674513
104.06810665130615,674129
104.58311581611633,673529
105.4831690788269,672869
106.14520692825317,672866
106.27321434020996,672840
111.81956005096436,672833
114.75871086120605,672807
115.38677477836609,672779
145.45352959632874,672603
216.75967836380005,672603
