0.1409914493560791,823559
0.18999409675598145,822808
4.386238098144531,822280
4.391260862350464,822089
4.438260793685913,821791
4.438260793685913,821595
4.7282795906066895,819612
4.765263080596924,819507
4.796283960342407,818444
5.616330623626709,818220
6.168341875076294,816929
6.170342206954956,815913
6.179347991943359,814148
6.193342685699463,813862
6.20034384727478,813550
6.357353925704956,813082
6.701373338699341,812643
7.182401180267334,810368
7.19840145111084,809167
7.239404678344727,808633
9.226520776748657,807236
9.241521835327148,807067
9.242521524429321,806943
9.294525146484375,806230
9.366528749465942,805611
9.36752963066101,805608
9.436553001403809,805003
9.443552494049072,803755
9.46555471420288,803667
9.468554735183716,801695
9.480555057525635,801665
9.485554456710815,800263
9.486536502838135,800001
9.638545513153076,799084
9.656564950942993,799071
9.671547174453735,798628
9.78657579421997,798573
10.019596815109253,796488
10.023588418960571,796372
10.023588418960571,792681
10.02658724784851,792315
10.036585092544556,792179
10.05958080291748,791534
10.09959101676941,789597
10.145574808120728,788006
10.154594659805298,787304
10.164598941802979,787202
10.184596538543701,786417
10.188599348068237,786027
10.195595026016235,785717
10.199599027633667,784915
10.263600587844849,784865
10.67262887954712,778555
10.688629865646362,778523
10.697625398635864,778234
10.91363787651062,777502
10.923619747161865,777070
10.962624788284302,775892
10.980643033981323,773218
10.995625972747803,773054
11.000643968582153,771824
11.01364541053772,771811
11.064628839492798,771286
11.105650186538696,770507
11.120654582977295,770358
11.131633043289185,769631
11.162639141082764,768499
11.19765567779541,767744
11.272659301757812,767629
11.28566026687622,767612
11.28666090965271,767566
11.297661542892456,766746
11.298661470413208,765482
11.321666717529297,764771
11.955700159072876,764598
11.958700180053711,762924
11.978681802749634,762081
11.996714353561401,761570
12.039705038070679,760903
12.177712678909302,759799
13.599801540374756,759150
13.604795932769775,758184
13.617807149887085,757606
16.97000217437744,756617
16.995005130767822,755783
16.998003244400024,755707
17.020976781845093,751190
17.02497696876526,749616
17.33401370048523,749386
17.34301495552063,749350
17.344014644622803,748865
17.353017330169678,748563
17.379016160964966,748284
17.40999937057495,745417
17.426019191741943,745382
17.43801975250244,745347
17.453025579452515,744806
17.611011266708374,744607
17.65504217147827,744458
17.742019653320312,743925
17.824031352996826,743838
17.83704376220703,743091
17.85902500152588,742856
17.87105369567871,741745
17.90702795982361,741581
18.18004560470581,741312
18.189064264297485,741021
18.2390718460083,740813
18.25307011604309,740037
18.26006841659546,739017
18.892109155654907,738116
18.94110655784607,736736
18.954107522964478,736023
19.034114599227905,735533
19.054114818572998,735068
19.05511474609375,734032
19.14410090446472,733913
19.163121461868286,733493
19.42712926864624,732502
19.451117753982544,732133
19.82115912437439,731533
20.28218698501587,730453
20.29718804359436,730030
21.163219213485718,729800
21.210222244262695,729252
21.611248016357422,724914
21.613247394561768,724027
21.772273302078247,723720
21.81025743484497,723657
21.81727695465088,723634
21.888261318206787,723251
21.952284812927246,722927
22.297306060791016,722606
22.30330467224121,722127
22.625304222106934,720716
22.6313054561615,717697
22.64430546760559,717640
22.788333892822266,716405
22.798332452774048,716265
22.854337453842163,716250
22.856337547302246,715429
23.02132749557495,715324
23.10833191871643,715255
24.643441915512085,715007
24.66544532775879,713517
24.72542953491211,713381
24.748449563980103,713147
24.851441383361816,712449
25.546475648880005,712269
25.81050133705139,711877
25.823508977890015,711682
29.05269980430603,711165
29.095683097839355,710095
30.08374285697937,709575
30.09376096725464,709462
30.147767305374146,709307
30.150745630264282,708770
30.17476534843445,708713
30.184747457504272,708417
30.228776693344116,707732
30.239768743515015,707700
30.288772106170654,707431
30.327774047851562,706344
30.38078737258911,706238
30.391777753829956,705433
30.510786771774292,705143
30.511784553527832,704900
30.570786714553833,704895
30.58779001235962,703875
30.68577551841736,703384
31.322815895080566,703289
31.341816425323486,703262
31.37081742286682,703074
31.57984733581543,702468
31.588831424713135,702242
31.605830430984497,702006
32.26288557052612,701777
32.28088855743408,700940
32.28388857841492,700907
32.47788071632385,699512
32.47989869117737,698932
32.48990225791931,698721
32.525883197784424,698570
32.542903661727905,698550
32.70089673995972,698426
32.719897985458374,698003
32.75289702415466,697585
32.82690095901489,696503
33.631948471069336,696458
33.6729519367218,696153
33.856961250305176,695732
38.3602454662323,692665
38.53623723983765,692518
38.574257373809814,691131
39.098288774490356,691072
39.142274141311646,690842
39.175292015075684,690751
39.23127794265747,690483
42.23045110702515,690044
42.28345584869385,687715
45.900668144226074,687043
46.62670826911926,686747
47.11773920059204,686646
47.80379796028137,686585
47.810795545578,685821
47.92080307006836,685802
48.2188036441803,685640
48.60882544517517,685461
48.64482617378235,684907
48.65382742881775,684322
48.66782808303833,684231
48.685848236083984,684109
48.83985495567322,683786
48.84485578536987,683418
48.86984133720398,683139
48.95186233520508,682946
48.95584464073181,682837
48.997849225997925,682099
49.093873739242554,681515
49.1248733997345,681465
49.135873556137085,680341
49.807894468307495,680327
50.889957427978516,680136
51.39098620414734,679497
51.45899057388306,679065
51.60299897193909,678758
51.72002553939819,678710
51.924036264419556,678708
51.94404983520508,678617
52.38306379318237,678445
52.39506506919861,677835
53.37810301780701,677779
53.451107025146484,677752
54.363179445266724,677202
54.37817931175232,676957
56.40929913520813,676026
56.830305099487305,675968
57.114341497421265,675688
57.1293420791626,675235
57.456361055374146,675118
57.67237710952759,674713
57.72038006782532,674686
58.066378116607666,674520
58.14638352394104,673628
58.19638681411743,672910
66.57789421081543,671998
66.96989750862122,671786
74.56336092948914,671627
77.6305422782898,671507
85.67199349403381,671285
87.94415378570557,670658
88.28814673423767,670464
88.91720461845398,670436
91.22431826591492,670376
91.48233342170715,670340
93.29443717002869,670313
217.43171668052673,670313
