0.06878876686096191,851190
0.14240455627441406,843025
7.095042943954468,842711
7.142046213150024,840735
8.00892162322998,839621
8.012922048568726,839432
8.032923460006714,838011
8.036923170089722,833183
8.261691093444824,829580
8.56298303604126,829246
8.578605651855469,828341
8.64110803604126,827914
8.656733512878418,825209
8.656733512878418,825202
8.674773454666138,824393
9.238974332809448,822649
9.261105060577393,822300
9.343306064605713,821147
9.481980323791504,818646
9.488007068634033,817372
9.495008707046509,817031
9.507998943328857,816575
9.742985486984253,816470
9.823684692382812,815234
9.843593120574951,814974
10.221583366394043,814794
10.284083843231201,814663
10.315352439880371,814231
10.330977439880371,813617
10.362228631973267,812086
10.393486738204956,811543
10.409112215042114,811444
10.935440301895142,811013
10.966690301895142,810791
10.966690301895142,809137
11.38178825378418,808689
11.397414445877075,807840
11.413039445877075,807495
11.424555540084839,807107
11.436042070388794,806872
11.58005428314209,806866
11.58005428314209,806749
11.595679759979248,806125
11.735865354537964,805689
12.104844093322754,805070
12.132210969924927,801297
12.37900424003601,800875
12.39462924003601,800448
12.39462924003601,800418
12.39462924003601,799637
12.42587947845459,798530
12.476040601730347,797009
12.476040601730347,796825
12.507290840148926,795922
12.507290840148926,794647
12.796258926391602,793712
12.805245876312256,792606
12.805245876312256,791993
12.810259342193604,791746
12.824488639831543,791588
12.840139150619507,790531
12.855764627456665,790050
12.892295360565186,789492
12.906932592391968,789380
13.05902910232544,787786
13.801234245300293,787337
13.841320991516113,787223
13.878340005874634,786982
13.886341571807861,786299
13.893339157104492,785778
13.9135901927948,783334
13.9135901927948,779826
13.9135901927948,779188
13.960492610931396,778800
14.061245918273926,778305
14.203252792358398,777788
14.208253860473633,777305
14.208253860473633,775938
14.221254587173462,775203
14.380891561508179,774811
14.396515607833862,774680
14.489320278167725,774437
14.490320205688477,774190
14.496321201324463,773071
14.498321056365967,772214
14.499639511108398,770380
14.796266078948975,770192
14.827515363693237,770053
14.861147403717041,769751
14.861147403717041,768149
14.90315055847168,767511
14.90415072441101,767468
14.922151565551758,767115
14.922151565551758,767099
15.46426796913147,762332
15.702223539352417,761659
15.706224203109741,761084
15.714224576950073,759176
15.723277568817139,758523
15.743131399154663,757469
15.752132654190063,756276
15.798219203948975,755806
15.798219203948975,754718
15.829496145248413,753981
15.829496145248413,753145
15.879880905151367,752155
15.885881900787354,751880
15.895989894866943,750602
15.927265644073486,749734
16.4406840801239,749499
16.45630979537964,749314
16.65894079208374,748862
16.685942888259888,748140
16.823436737060547,747813
16.896522283554077,747793
16.896522283554077,746274
16.912147283554077,745236
16.912147283554077,745033
16.967528820037842,744764
17.16991090774536,744595
17.242061376571655,744416
17.307798385620117,742474
17.307798385620117,742167
17.323423624038696,742089
18.855873346328735,739025
18.86924934387207,738142
19.578258991241455,737545
20.065003156661987,737508
20.072975635528564,737021
20.126994848251343,731647
20.13699722290039,731590
20.173457860946655,730337
20.211220502853394,729031
20.22122097015381,728643
20.25096321105957,728615
20.25299048423767,727846
20.253990173339844,727280
20.325799465179443,726902
20.343061685562134,726303
20.343061685562134,725472
20.421213150024414,724886
20.46508765220642,724728
20.466087818145752,724405
20.499101877212524,724175
20.530351877212524,724153
20.865020036697388,723559
20.877168893814087,723217
20.91513681411743,721455
21.04185152053833,720064
21.0529465675354,719033
21.068597555160522,718789
21.0842227935791,718404
21.0842227935791,717401
21.0842227935791,716923
21.221951007843018,716688
21.237576246261597,714316
22.409363508224487,714185
22.549821615219116,713777
22.550821781158447,713769
22.691839456558228,713352
22.856877326965332,711994
22.93157124519348,711066
22.96282148361206,710010
22.99407124519348,709722
23.15399742126465,708967
23.15399742126465,708308
24.20480465888977,707551
24.206927061080933,706056
24.222578287124634,705829
24.222578287124634,705813
26.871323823928833,705759
29.99797558784485,705112
29.99997568130493,705054
30.585410594940186,704857
30.616660594940186,704622
30.616660594940186,704340
31.070183753967285,703793
32.193352699279785,702459
32.23774981498718,701572
32.26900005340576,701289
32.31587481498718,701193
32.34712553024292,700664
32.441622734069824,700611
32.48919606208801,700069
32.95536708831787,699201
32.959367752075195,698808
33.03594779968262,697905
33.39436984062195,697709
33.51884365081787,697386
34.017338514328,697018
35.894468784332275,696870
36.610491037368774,696414
36.661494970321655,696294
37.93956923484802,694923
38.21658492088318,694657
38.987019538879395,693938
39.112027406692505,693615
39.34803867340088,693486
39.400357484817505,693466
39.47954845428467,692357
39.573296546936035,692191
39.604546785354614,690893
39.651421785354614,689551
39.66704702377319,688029
39.83892226219177,687687
39.85454726219177,687625
40.23860812187195,686976
40.50423336029053,686903
40.67046046257019,684618
40.717360973358154,684378
40.73298668861389,684191
40.88923716545105,683451
41.02986168861389,683098
41.29933476448059,683045
41.775267124176025,683015
45.00730895996094,682873
45.253705978393555,682826
45.42558169364929,682547
45.42558169364929,682183
45.44120669364929,682153
45.50370740890503,682096
45.53495693206787,681949
45.53495693206787,681604
51.976587533950806,680853
52.96390080451965,680570
55.653281927108765,680565
55.78951954841614,680456
55.92354679107666,680440
56.032554388046265,680401
56.41964530944824,680373
56.589065074920654,680350
56.765143394470215,680191
57.17569899559021,679780
57.36209845542908,679769
58.28527903556824,679720
58.300904273986816,679719
58.34777808189392,679671
58.37902784347534,679549
58.8764009475708,679367
59.11677074432373,679286
59.25344133377075,679108
59.31594157218933,678554
60.05940651893616,678542
60.06240677833557,678373
60.13438272476196,678011
60.313393115997314,677997
60.67841339111328,677825
60.93903398513794,677370
62.94571018218994,677287
63.205965518951416,677023
64.46203756332397,677000
64.57144141197205,676968
64.63394093513489,676915
64.85437607765198,676854
65.98033547401428,676803
66.00733542442322,676604
66.96560263633728,676516
67.20661735534668,676322
69.6845633983612,676251
70.02217435836792,675833
70.25244927406311,675265
70.54926705360413,675217
84.24974012374878,675047
84.40575671195984,674638
88.38813066482544,674452
88.8902678489685,674338
94.60456418991089,674267
101.82004141807556,674216
103.30584478378296,674187
122.34644365310669,674184
207.64238381385803,674184
