14.484872579574585,783507
14.492874145507812,780865
14.493873119354248,780067
14.516876697540283,779794
14.54587697982788,779640
14.644882202148438,778577
14.725887537002563,777730
14.960903406143188,777259
14.961902856826782,776130
15.018905639648438,776048
15.062906265258789,775808
15.087907552719116,775215
15.141911029815674,774720
15.156913757324219,774544
15.189914226531982,774085
15.190916061401367,773297
15.221917390823364,761379
15.311921834945679,760691
15.384925127029419,760199
15.393926620483398,760011
15.44192910194397,758134
15.467930316925049,758029
15.569936752319336,758010
15.613937854766846,757683
15.772949934005737,757646
15.808949947357178,757615
15.834952116012573,757395
15.83795166015625,756452
15.879954099655151,756058
15.982962131500244,751487
16.116968393325806,751346
16.168972969055176,750574
16.22197413444519,750512
16.223973751068115,750072
16.284977436065674,749184
16.41498589515686,748684
16.48099160194397,747707
16.92001700401306,747385
16.9960196018219,746301
17.047024488449097,741528
17.08602499961853,740925
17.141013145446777,740854
17.22803497314453,740688
17.5160493850708,739423
17.986079454421997,738587
18.240092515945435,738315
18.252095937728882,738176
18.41810417175293,738132
18.44110417366028,738023
18.48110604286194,737647
18.66508936882019,737049
18.701091766357422,736595
18.871135473251343,736568
18.88613247871399,736296
19.481165885925293,735698
19.589172840118408,728362
19.608174085617065,727612
19.712178230285645,727355
19.747180461883545,727248
19.7701735496521,727106
19.812186002731323,727003
19.824185371398926,726839
19.916190147399902,726278
19.918190956115723,725305
19.94819188117981,724972
20.0862033367157,724784
20.172207355499268,723354
20.321213960647583,723156
20.669236421585083,723148
20.93525004386902,722693
20.947250366210938,722540
21.23726725578308,722508
21.33727502822876,720486
21.348273515701294,717120
21.35327410697937,716410
21.59428834915161,715656
21.86630654335022,715491
21.896307945251465,714604
21.897308349609375,714254
21.923309564590454,714248
22.025315523147583,713439
22.074318885803223,712300
22.159321308135986,712082
22.165321350097656,711773
22.53634548187256,711644
22.559346914291382,711554
22.783349990844727,711013
22.87736487388611,710595
23.117379426956177,709947
23.204382181167603,709453
23.355392932891846,708442
23.651384115219116,708328
24.4124276638031,708156
24.459430694580078,707929
24.539435386657715,707535
24.694444179534912,706913
24.761449098587036,706021
24.93345832824707,705755
25.05646562576294,704990
25.944517374038696,704967
26.013521671295166,704777
26.382543087005615,704590
26.585554838180542,704483
26.617557048797607,704218
26.895573377609253,703987
27.034581184387207,703575
27.125587940216064,703560
27.311598539352417,703517
27.545610904693604,702693
27.562613487243652,699283
27.799626111984253,699183
28.75368022918701,697735
29.089726448059082,697473
29.417746543884277,696436
29.900774240493774,696000
30.884833812713623,694884
31.23885416984558,694806
31.962896823883057,694698
31.967895030975342,694676
35.517104625701904,693539
36.334153175354004,693140
36.476158618927,692844
36.61116695404053,692627
37.359212160110474,692455
41.22140908241272,691908
41.59743094444275,691692
41.61943221092224,691548
41.778441190719604,691390
42.65949296951294,691087
42.7955002784729,690293
42.833502769470215,690248
43.717554330825806,690034
44.04560136795044,689420
46.86076879501343,689200
47.32379221916199,688953
52.35408806800842,688105
54.00318360328674,687754
55.58427572250366,687537
55.731285095214844,687477
56.22431707382202,687090
56.4323251247406,687080
57.08936619758606,687020
59.88852787017822,686953
60.10254240036011,686828
60.472564458847046,686593
68.14701247215271,685870
72.94329309463501,685791
74.24433994293213,685679
74.85937571525574,685647
76.97649908065796,685292
77.62653803825378,685262
78.46058654785156,685105
81.0277636051178,684750
81.18077278137207,684722
82.81287050247192,684662
84.18494844436646,684654
86.06903147697449,684477
86.55806016921997,684417
90.46031618118286,684365
90.74333214759827,684336
90.77233409881592,684265
96.6556544303894,684243
98.51976180076599,683989
99.52984571456909,683957
101.14894008636475,683854
101.72397494316101,683852
101.8179817199707,683816
101.99599242210388,683219
102.07399487495422,682338
102.33300995826721,682278
