0.07528424263000488,827538
2.8385086059570312,824575
2.861510753631592,824372
2.8625106811523438,823795
3.088531970977783,823151
3.2145309448242188,822730
3.467540740966797,821149
3.4765465259552,820505
3.6215455532073975,819476
3.6255531311035156,817800
3.9275710582733154,816152
3.9395837783813477,815691
5.853670120239258,814698
5.854669809341431,814549
5.8946709632873535,814316
5.897806644439697,813972
5.897806644439697,813499
5.91345739364624,809181
6.046279191970825,808769
6.0472800731658936,808465
6.061261415481567,808379
6.203288793563843,807359
6.234292507171631,807122
6.2402942180633545,805589
6.24829363822937,803616
6.261291742324829,803583
6.266273498535156,803055
6.278292179107666,802127
6.279292583465576,801296
6.291275262832642,801062
6.560466051101685,799033
6.585467100143433,796391
6.641469717025757,795908
6.652470827102661,795230
6.697472810745239,794284
6.700473308563232,793920
6.70747447013855,792736
6.7254743576049805,792701
6.769497871398926,792552
7.139498710632324,792392
7.919544219970703,790368
7.940548658370972,789786
7.959547519683838,789154
7.968547344207764,788839
8.021550416946411,788740
8.02255392074585,787686
8.02755093574524,787412
8.038551807403564,784672
8.287567138671875,784657
8.312566995620728,783533
8.34356951713562,783397
8.34557056427002,782758
8.785614967346191,781677
9.3918137550354,780057
9.395813703536987,777778
9.401833772659302,777355
9.420835494995117,777310
11.869659900665283,776829
11.912665843963623,776512
16.421616792678833,776016
16.438637018203735,774082
16.47063899040222,773637
16.491621494293213,773609
16.53064250946045,772842
16.643630027770996,772700
16.676632165908813,772350
16.707652807235718,772201
16.72265338897705,771137
16.84721302986145,770714
16.85621976852417,770671
16.861196279525757,770305
16.87019443511963,770042
17.69535803794861,769096
17.69535803794861,768482
17.710983991622925,766548
17.742233753204346,765922
17.824042081832886,765858
17.824042081832886,765052
19.069685220718384,764807
19.084656715393066,762652
19.099657773971558,762540
19.102657794952393,762517
19.130659341812134,762247
19.136659622192383,762170
19.356672286987305,761752
19.37467336654663,759043
19.390674114227295,758795
19.40067481994629,757859
19.66068196296692,757354
19.815673351287842,757024
19.817673444747925,756438
19.824674129486084,756111
19.830674648284912,755792
19.831674575805664,755687
19.838675022125244,755114
20.016091108322144,755021
20.030092239379883,752436
20.159099817276,751768
20.226783990859985,751541
20.226783990859985,751478
20.306071519851685,749900
20.306071519851685,749779
21.133143186569214,748875
21.164393186569214,748221
21.180018424987793,747919
21.311723947525024,747783
21.311723947525024,747179
21.311723947525024,747003
21.358598947525024,746683
21.358598947525024,746075
21.436723947525024,745458
21.452348947525024,745443
21.53047466278076,744037
21.869277715682983,743813
21.869277715682983,743446
21.91615319252014,742417
21.999820709228516,740961
22.004189252853394,739641
22.035458087921143,738640
22.1230206489563,737880
22.254029512405396,737030
22.3280348777771,737012
22.339032649993896,736747
23.451991319656372,736571
23.46129322052002,736189
23.5081946849823,736054
23.67812705039978,735077
23.7081561088562,734015
23.72214913368225,733709
23.7322256565094,733690
23.7322256565094,732952
23.747876167297363,731686
23.80692982673645,731036
24.054548978805542,729714
24.054548978805542,729335
24.09555149078369,729285
24.384262084960938,729075
24.551252365112305,728371
26.09794521331787,727709
26.118946313858032,727472
26.12395453453064,727121
26.387996196746826,726894
26.396997928619385,726864
26.417999505996704,726029
26.49498438835144,725511
26.553987979888916,725406
26.593990087509155,724747
26.62299156188965,724380
26.631810903549194,724227
26.675813674926758,724194
26.687822580337524,723095
26.758817672729492,721790
26.8358051776886,721422
26.83980417251587,720808
26.850804805755615,720314
26.884806871414185,719720
27.051817417144775,716759
27.092838764190674,716669
27.130842447280884,716078
27.181844472885132,713998
27.204845428466797,713805
27.269235849380493,713252
27.303255796432495,712553
27.916465520858765,712156
27.916465520858765,711653
28.09283471107483,711618
28.192840576171875,711609
28.267879962921143,710751
28.286156177520752,710587
28.344186782836914,710524
29.045778274536133,710445
29.064758777618408,710320
29.94201922416687,710133
29.958019971847534,709049
29.97502088546753,707817
29.983023405075073,707799
30.234033823013306,707762
30.308038234710693,707480
30.358041048049927,706753
31.639124870300293,706219
31.668126106262207,705707
31.748123168945312,705654
31.754131078720093,704364
32.028122663497925,703925
32.031121253967285,703534
34.080854177474976,703300
34.1568386554718,702578
34.20784068107605,702318
34.26784682273865,701846
34.27484726905823,701722
34.654868602752686,701454
34.67986989021301,701432
34.922566413879395,701408
35.043137550354004,701054
35.05876135826111,700998
35.21106815338135,698824
35.40733814239502,697605
36.295982360839844,697155
36.42009377479553,696971
37.49021244049072,696438
37.550978899002075,695129
37.822587966918945,694917
37.91141176223755,694450
37.946242809295654,693673
40.93107223510742,693509
41.021729946136475,692507
41.10500693321228,691632
41.11902689933777,690333
41.14326214790344,689648
43.07130670547485,689523
43.09043264389038,689026
43.09043264389038,688996
43.28405404090881,688974
43.38602423667908,688633
43.97141408920288,688241
44.28705096244812,688043
44.38917088508606,686337
45.32459497451782,686290
45.337130546569824,686095
45.47432541847229,685894
48.67303705215454,685567
51.122703552246094,685339
51.20045185089111,684689
51.208441972732544,684673
51.21144199371338,684572
51.867900371551514,684571
52.010223627090454,684020
52.479010820388794,684012
52.479010820388794,683515
52.56253266334534,683363
52.59380221366882,682532
53.9992835521698,682304
56.885080337524414,682234
57.43514943122864,682153
57.47604846954346,682138
57.56783413887024,681904
57.6232795715332,680370
57.76416277885437,680244
58.64865827560425,680014
58.66977334022522,679989
58.82252597808838,679950
58.91630220413208,679915
59.04232668876648,679865
59.563687562942505,679666
59.81834673881531,679606
60.26877951622009,679178
60.43234086036682,679030
60.99770164489746,678721
70.3178813457489,678669
71.9562361240387,678419
72.08470225334167,678354
72.11890721321106,678294
72.11890721321106,678077
72.13456058502197,678049
74.96252703666687,677951
75.46630859375,677896
75.71917080879211,677459
78.80984139442444,677253
85.13959431648254,677092
85.92554545402527,677032
88.80293560028076,677012
93.33910942077637,676990
95.72550201416016,676978
97.62122583389282,676930
97.85422897338867,676924
100.82538270950317,676902
104.2903950214386,676515
105.35874128341675,676467
209.80568289756775,676467
