12.09870195388794,812785
12.102701902389526,812513
12.14570665359497,811862
12.167706489562988,811702
12.176706552505493,810921
12.247711181640625,797873
12.31271481513977,797535
12.32471513748169,796373
12.49772572517395,796293
12.878748655319214,791657
12.922751188278198,790032
12.969752311706543,789604
12.983753204345703,788747
13.029756546020508,785502
13.03175663948059,784914
13.094760179519653,783105
13.137762308120728,781778
13.17476487159729,781206
13.307773351669312,780988
13.364775896072388,780220
13.369776487350464,779678
13.379776239395142,779487
13.451780080795288,778915
13.496785640716553,776633
13.534786224365234,776394
13.543787002563477,775465
13.570761442184448,775250
13.592762470245361,774826
13.660766363143921,773972
13.72676968574524,773531
13.776772737503052,773137
13.797773838043213,772655
13.814774751663208,771317
13.911780595779419,769196
13.964783668518066,768919
14.005785942077637,768029
14.006786108016968,767393
14.09779143333435,767370
14.195796966552734,767132
14.196797132492065,766767
14.214798212051392,766541
14.295803308486938,766406
14.337805271148682,766039
14.42581057548523,765608
14.502815008163452,764900
14.525816679000854,764129
14.568819046020508,763662
14.591820240020752,762825
14.668824911117554,762684
14.708827018737793,761811
14.709827184677124,761333
14.735828876495361,760923
14.838834285736084,760383
14.906838178634644,760307
14.9538414478302,759390
15.050847291946411,759366
15.330863237380981,758576
15.36486530303955,757287
15.57087779045105,754547
15.989902019500732,749335
15.996902465820312,749222
16.01590347290039,748485
16.150911569595337,748334
16.18891406059265,748227
16.31792140007019,747224
16.44692873954773,747121
16.46793007850647,746160
16.57093572616577,745714
16.58493709564209,743401
16.762946605682373,743329
16.7809476852417,742673
16.818950176239014,737575
16.839951276779175,737114
16.991961002349854,736789
17.162971019744873,735776
17.208973169326782,735596
17.225974321365356,734782
17.31697988510132,733756
17.344980478286743,733505
17.36498260498047,731015
17.375982761383057,730902
17.402984857559204,730487
17.46098804473877,730078
17.710002660751343,728364
17.971018075942993,728110
18.177029848098755,727761
18.233033180236816,727330
18.548071146011353,721907
18.82109546661377,721585
19.810154914855957,721259
19.883158683776855,718032
20.016164779663086,717577
20.036168098449707,717544
20.321186304092407,717311
20.321186304092407,717149
20.358184814453125,716682
20.91021752357483,716618
21.016222953796387,716343
21.15223240852356,716138
21.324241638183594,716094
21.380244493484497,715709
21.447248458862305,715681
21.60226011276245,715145
21.614259481430054,714533
21.614259481430054,711704
21.645262241363525,709536
21.86227250099182,709099
21.908275604248047,708337
22.088290691375732,707549
22.13628888130188,707428
22.168292999267578,706649
22.221293687820435,703922
22.292297840118408,702990
22.539312601089478,701259
22.578314065933228,700807
22.627318859100342,699932
22.72332239151001,699215
22.72632360458374,699177
22.791326999664307,698821
22.843332290649414,698280
22.851332664489746,697294
23.2943594455719,697110
24.159409523010254,696391
24.295416831970215,695136
24.57142925262451,691477
24.82344651222229,691289
24.9034526348114,690184
25.186467170715332,689705
26.238528966903687,688833
26.454543113708496,688094
26.48854351043701,687207
26.521544456481934,687156
26.5255446434021,686458
26.969571828842163,686317
28.287648916244507,686025
28.375653743743896,685860
28.483659744262695,685030
28.82068157196045,684879
30.42577314376831,684786
30.635786056518555,684591
30.67976140975952,684447
30.936803579330444,684305
31.026809215545654,683783
39.62131333351135,681436
39.75131893157959,680963
39.755319118499756,679790
40.4753634929657,679784
40.63537096977234,679758
40.8323814868927,679482
41.10139775276184,678698
41.276408195495605,678614
41.60642671585083,678466
43.042513370513916,678201
43.07551574707031,677675
43.132516622543335,677225
44.39959096908569,677080
46.20769643783569,676987
50.626957178115845,676228
52.53206753730774,675776
52.91806173324585,675437
53.72711181640625,674901
54.13816213607788,674838
54.14016079902649,674262
54.56317758560181,674230
54.57817888259888,674227
55.553245544433594,674115
55.95626902580261,673855
56.84832048416138,673795
57.034329891204834,673277
58.9554386138916,673164
59.184457302093506,673048
62.432645320892334,672902
63.404704093933105,672897
65.03179955482483,672818
73.19327092170715,672314
73.28728008270264,672204
77.88352394104004,672139
78.5835657119751,672081
78.9176115989685,672053
79.8806664943695,671717
83.96690487861633,671675
87.14209055900574,671646
87.98413968086243,671518
89.23721313476562,671461
89.56823396682739,671335
89.96825551986694,671302
90.04325985908508,671173
90.30127477645874,671136
90.57829356193542,670964
92.82842326164246,670652
