12.892983436584473,776858
12.975325107574463,775066
13.014784574508667,774123
13.022784233093262,773923
13.055793523788452,773000
13.057794094085693,772512
13.08454704284668,771509
13.115797758102417,770285
13.146961688995361,769115
13.177317380905151,768086
13.192969799041748,766944
13.460755348205566,766511
13.506745100021362,764369
13.543198823928833,763837
13.658515453338623,762504
13.700792789459229,761163
13.712952375411987,760467
13.744230031967163,760237
13.813570022583008,760202
13.851266145706177,759944
13.880402565002441,758443
13.974167823791504,758344
14.221991539001465,758226
14.248833179473877,757310
14.537897825241089,756848
14.581715822219849,755705
14.64785361289978,755421
15.347858428955078,755001
15.685750484466553,752231
15.719746828079224,752163
15.859741449356079,752131
15.88374638557434,751913
15.94374680519104,751898
15.944746494293213,751746
15.976750373840332,751631
15.977747917175293,750871
15.986749172210693,750780
15.992750644683838,750631
16.337393045425415,750592
16.337393045425415,746182
16.47252869606018,744924
16.47252869606018,744222
16.51940369606018,740706
16.51940369606018,740665
16.59752917289734,739747
16.785029411315918,739658
16.96365261077881,738063
17.05067467689514,736868
17.079676151275635,736407
17.10067915916443,736020
17.118680953979492,735768
17.145878076553345,735546
17.145878076553345,734896
17.26296329498291,734632
17.278606176376343,734528
17.3098566532135,732749
17.3098566532135,732529
17.432819604873657,731897
17.50982141494751,731757
17.611127614974976,731570
17.818737506866455,731441
17.85372018814087,730218
17.870739221572876,730083
17.871721506118774,728855
18.067750930786133,728658
18.268762826919556,728235
18.293764114379883,727332
18.34876775741577,725771
18.448612213134766,722428
18.46462082862854,722351
18.512610912322998,721940
18.547642707824707,721001
18.55203413963318,720829
18.635784149169922,720710
18.98868417739868,720392
19.154553413391113,719148
19.356584548950195,718563
19.45115351676941,718440
19.631036520004272,717114
19.64203429222107,716875
19.803261756896973,715803
20.043139934539795,715721
21.144924879074097,714743
21.16464614868164,714619
21.166646480560303,713685
21.20173406600952,712514
21.233011960983276,712412
21.359199285507202,711959
21.45295023918152,711115
21.49982523918152,710899
21.776453733444214,704804
21.90145444869995,704267
21.96395444869995,703848
21.96395444869995,703044
22.163042783737183,702466
22.30366849899292,702051
22.33491826057434,701568
22.492406129837036,701382
22.50803017616272,700406
22.68775486946106,700106
22.922158002853394,699880
23.15363121032715,699243
23.16065502166748,699098
23.173632621765137,699097
23.250635385513306,698806
23.34464192390442,696706
23.556554794311523,696279
23.590558528900146,696220
24.38056254386902,695730
24.58817481994629,695712
24.67908239364624,695597
24.71361994743347,695425
24.82078266143799,695112
25.042272329330444,694859
25.237093925476074,694819
25.42459464073181,694553
25.646520376205444,694521
25.69943594932556,692384
25.761935710906982,691897
25.92277193069458,691366
25.972033500671387,691164
26.179320573806763,690876
26.241820573806763,689843
26.27307105064392,689699
26.33643865585327,689263
26.399211406707764,689108
26.414836883544922,688539
26.555461645126343,688320
26.74302887916565,683037
27.045229196548462,682581
27.057533502578735,682409
28.038885354995728,681800
29.456960201263428,681676
29.581960439682007,681447
29.597585439682007,681178
29.628835916519165,680970
30.759063959121704,680331
30.991421937942505,680066
31.19857883453369,679320
31.749412775039673,679058
31.749412775039673,678939
32.433408975601196,676326
34.974462270736694,676201
35.50991940498352,675706
36.52399015426636,675226
36.81761384010315,675221
36.93775486946106,675034
37.039830446243286,674898
37.05383253097534,674747
37.674062967300415,673746
38.594236850738525,673632
39.229809284210205,673568
39.63057208061218,673113
39.67744708061218,672696
39.84395623207092,672336
40.069941997528076,672196
40.537068367004395,671694
47.3456130027771,671625
48.222039461135864,671370
48.589744091033936,670834
49.67374300956726,669544
49.68936777114868,668095
49.892494201660156,667855
51.433077335357666,667656
52.147759199142456,666584
53.16054320335388,666539
53.4422926902771,666260
53.959177017211914,665746
60.53404188156128,664759
61.013418197631836,664465
62.46337890625,664451
62.6657657623291,664415
67.43748259544373,664405
68.18396043777466,664105
68.7279920578003,663929
72.96969652175903,663815
73.6883385181427,663719
76.43793368339539,663508
103.71427369117737,663230
104.73518371582031,663202
