13.472769021987915,827295
13.595775127410889,826818
13.599775552749634,824662
13.626776456832886,823823
13.69178056716919,823307
13.77478551864624,821673
13.82078742980957,820785
13.912794828414917,819420
14.3018159866333,816316
14.404822587966919,814503
14.45882534980774,813308
14.467826128005981,812629
14.504828214645386,812340
14.543830633163452,811029
14.54883074760437,810265
14.57583212852478,809274
14.60983395576477,808367
14.61983585357666,806350
14.639835357666016,806250
14.677837610244751,805241
14.750841856002808,805037
14.808846235275269,800718
14.876849889755249,799898
14.954854726791382,794410
14.972855567932129,794305
15.029859066009521,794097
15.04885983467102,793844
15.06986141204834,793836
15.415880918502808,791996
15.41988229751587,791683
15.44588303565979,789751
15.485885381698608,787884
15.511887073516846,786765
15.530888080596924,786409
15.533888339996338,785854
15.627894163131714,785599
15.629894256591797,785492
15.71989917755127,785065
16.46794319152832,784135
16.533947706222534,780211
16.742959022521973,780187
16.852965593338013,779938
16.87096643447876,778155
17.065977811813354,767727
17.149982690811157,767658
17.168984174728394,767505
17.22098684310913,766388
17.259989261627197,764890
17.27199125289917,764280
17.27499008178711,762183
17.32999300956726,761919
17.354995012283325,761167
17.36399507522583,759898
17.434999465942383,759846
17.586009740829468,759363
17.72101616859436,759341
17.891027450561523,758664
17.93802785873413,758083
18.25307273864746,757832
18.4780855178833,745517
18.63509511947632,745285
18.672096729278564,744056
18.685100555419922,743786
18.688098669052124,743765
18.768102884292603,742663
19.40214204788208,742013
19.407140254974365,741831
19.58915066719055,741512
19.620152473449707,741460
19.707156658172607,741269
19.870169162750244,741254
19.873168230056763,740669
20.008176565170288,739982
20.126184463500977,739380
20.21918797492981,738624
20.227187871932983,738390
20.25318956375122,738131
20.307193994522095,737318
20.58820915222168,737168
20.6632137298584,736889
20.77322244644165,734443
21.613269329071045,733180
21.62926983833313,732868
21.990293741226196,732232
22.082297325134277,732031
22.19830560684204,731873
22.334312915802002,731488
22.3883159160614,731424
22.40331482887268,731198
22.432318449020386,729076
22.552323818206787,728858
22.63533091545105,728735
22.687333822250366,728667
23.926406145095825,728630
24.07141351699829,728617
24.154417991638184,728433
25.482495307922363,727794
25.48849582672119,727593
26.181538105010986,726256
26.890580654144287,726192
26.950583457946777,725817
27.077589750289917,724830
27.087589740753174,724666
27.33460545539856,724334
27.61262035369873,724279
27.820632457733154,722776
27.85263442993164,722541
28.605677366256714,721346
28.90469527244568,721266
29.061704635620117,720100
29.271716594696045,719372
29.274717092514038,719082
29.304721355438232,718883
29.368724584579468,718284
29.893753051757812,718280
30.032761335372925,717848
30.04776430130005,717703
30.26277756690979,717508
30.3577823638916,717428
30.528790712356567,717188
30.587794065475464,716987
30.629797220230103,715850
30.971816539764404,715587
31.02382230758667,710850
31.065821886062622,710831
31.08582377433777,710699
31.45484471321106,710080
31.97487473487854,709893
32.01387643814087,709621
32.08988308906555,709215
32.26989245414734,708973
32.38089895248413,708418
32.4639036655426,708405
32.49090528488159,707756
33.25695061683655,706579
33.30395269393921,706114
33.50296473503113,706082
33.53896689414978,704560
33.719977378845215,704390
34.384016275405884,702416
34.43701910972595,700757
34.74704074859619,699726
34.85704565048218,699560
34.964051723480225,699411
35.10006022453308,699079
35.178062438964844,698859
36.24812698364258,698829
36.288127183914185,698716
36.29612898826599,698605
36.45113682746887,697912
36.55314540863037,697312
36.86316132545471,697253
37.28717660903931,695924
37.288185834884644,695894
40.89339876174927,695773
43.14950370788574,695645
43.691534757614136,695561
43.704535722732544,694816
43.73553776741028,694370
43.97755169868469,694091
44.07055735588074,694074
46.48469829559326,693861
47.07773303985596,693159
47.68176794052124,692929
68.18799495697021,692636
68.46000838279724,692256
68.9890398979187,692116
70.17410898208618,692006
71.0741617679596,691745
71.74020195007324,691477
73.49930310249329,691301
74.05233764648438,691057
74.13434076309204,690509
74.75537657737732,690484
74.82738161087036,689687
75.11439824104309,689659
76.97550845146179,689537
77.37453007698059,689375
79.96068334579468,689315
84.27993607521057,689292
84.4759452342987,688958
84.7019579410553,688869
