12.597949981689453,808490
12.644834041595459,807323
12.754199981689453,806292
12.754199981689453,806088
12.863575458526611,805618
12.863575458526611,804790
12.879200220108032,804420
12.92726469039917,803613
12.92726469039917,802471
12.958540439605713,801789
12.974165678024292,800471
13.005417585372925,800354
13.209752321243286,800286
13.30350136756897,799669
13.334739685058594,799647
13.491003036499023,797844
13.569128274917603,795969
13.600376605987549,795134
13.631630659103394,793456
13.694127559661865,792919
13.74100375175476,792602
13.75662875175476,791863
13.78787899017334,791587
13.819130897521973,790585
13.850381135940552,790293
14.147256135940552,790129
14.36724066734314,781875
14.382865190505981,781365
14.398490190505981,781217
14.41411566734314,780754
14.429739713668823,780655
14.445374488830566,779490
14.460990905761719,773766
14.492242336273193,771587
14.52349305152893,771287
14.60161828994751,770959
14.726616621017456,768352
14.773492336273193,767567
14.864115238189697,761216
14.886226892471313,758253
14.886226892471313,757083
14.980005025863647,756755
15.136253595352173,755574
15.151880502700806,755187
15.198755502700806,755033
15.66750717163086,754775
15.933132886886597,753581
17.18873643875122,753394
17.225100994110107,753169
17.316102504730225,752338
17.753602981567383,752227
18.020437955856323,750993
18.145440816879272,750355
18.22473454475403,750063
18.240360021591187,748376
18.474735498428345,743009
18.77161169052124,741085
18.8028621673584,739662
18.81848669052124,738856
18.83411169052124,738519
18.849735975265503,737730
18.91223645210266,737592
18.94348692893982,737534
19.099737405776978,735758
19.130987405776978,731718
19.130987405776978,731527
19.194703102111816,730616
19.757232427597046,730058
19.772857427597046,729700
19.819732189178467,729455
20.04285955429077,728899
20.05848455429077,727787
20.16785979270935,727772
20.18348455429077,727246
20.23036026954651,727029
20.324110984802246,726808
20.433485507965088,726482
20.511611938476562,726440
20.527236938476562,726219
20.558486700057983,725256
20.574111461639404,723588
20.620973348617554,722820
20.699111223220825,722354
20.714736938476562,721132
20.730334520339966,721056
20.82411003112793,720949
20.94911241531372,720948
21.058488368988037,719727
21.167853593826294,717562
21.324113845825195,717101
21.730364561080933,716960
22.365524768829346,716508
22.9448721408844,716039
22.976119995117188,715539
23.06987237930298,714528
23.41485834121704,712917
23.461732864379883,712755
23.53985905647278,711269
23.649246215820312,710913
23.664857625961304,710224
25.073688507080078,709543
25.104939460754395,707264
25.214314460754395,707254
25.448689222335815,706991
25.776814699172974,706832
25.82369065284729,703708
26.10763692855835,703486
26.388890981674194,703400
26.498265743255615,702746
26.576390743255615,702224
26.76389193534851,701993
27.01389217376709,701866
27.06076693534851,701586
27.174834966659546,700828
29.30810546875,700823
29.433105945587158,700760
31.09225106239319,700415
31.73287796974182,699103
32.128071308135986,698956
32.89204931259155,698878
32.89204931259155,698720
33.72263813018799,697818
33.75388741493225,697690
34.39845848083496,696565
34.41408061981201,696397
34.52345943450928,696242
34.53908324241638,695947
34.97989559173584,695850
35.22990036010742,695763
35.479899406433105,695248
35.573649406433105,694698
35.60490107536316,694351
35.62049603462219,693905
35.76114106178284,693613
35.99549722671509,693468
36.026747941970825,693419
36.763742446899414,693369
36.88874173164368,693199
37.04496455192566,692777
37.06061863899231,692583
37.127562046051025,692518
37.30410838127136,692332
37.75723624229431,692214
38.04262900352478,691036
38.1363787651062,690712
38.57508301734924,690061
38.85633206367493,690034
40.16838026046753,689822
40.48264956474304,689794
40.57639813423157,689680
40.748265743255615,689318
41.060765981674194,689201
41.873268365859985,689043
41.90451908111572,688707
42.34515309333801,688184
43.8527615070343,687334
45.3864643573761,687149
45.54268670082092,686926
46.04268741607666,686700
46.19893765449524,686353
46.26143789291382,686117
47.70925807952881,682608
48.00735545158386,682234
49.2797327041626,681783
50.15300679206848,681720
51.13738203048706,681713
51.43425798416138,681291
53.1535861492157,681132
53.21612024307251,681019
56.081183671951294,680315
57.69075918197632,680191
58.1454861164093,680019
58.537293910980225,679816
69.45679259300232,679792
72.13412380218506,679200
74.98040103912354,678882
