10.138591051101685,862201
10.278597593307495,861993
10.30260157585144,859250
10.535614967346191,859215
10.54261326789856,858654
10.571614980697632,852180
10.57761526107788,850272
10.58261775970459,849527
10.630619287490845,848743
10.671620845794678,848613
10.694624423980713,848483
10.70062255859375,848162
10.749626398086548,847857
10.751625061035156,845754
10.791628122329712,845224
10.805628776550293,837769
10.828629970550537,837322
10.888635396957397,837119
10.929635763168335,835199
10.95863962173462,833563
10.966639280319214,833127
10.989631652832031,831506
11.02764344215393,831339
11.097647666931152,830865
11.115646600723267,829947
11.21862530708313,828562
11.285656929016113,828413
11.299657344818115,827499
11.311659574508667,825436
11.39466381072998,824503
11.428666114807129,823660
11.919695377349854,822706
11.942697286605835,822378
12.022700071334839,821871
12.036702871322632,821450
12.05670166015625,808265
12.057701587677002,806476
12.05870246887207,804972
12.062703847885132,804404
12.118706941604614,804236
12.129706621170044,804201
12.149708986282349,804171
12.162710189819336,803161
12.205710649490356,803017
12.315716981887817,802844
12.33571982383728,802341
12.349720239639282,801485
12.416724443435669,801353
12.457721471786499,801352
12.464727878570557,801036
12.467727899551392,800894
12.57773208618164,798843
12.62573504447937,798640
12.646738290786743,798446
12.669739961624146,798181
12.684738397598267,798137
12.834749221801758,797832
12.866751909255981,796720
12.926752805709839,795931
12.94775390625,795320
12.963755369186401,793727
12.970757722854614,793676
12.9737548828125,793585
13.026758432388306,793311
13.136767387390137,792950
13.138765096664429,790232
13.150765180587769,789884
13.181769132614136,789115
13.268773078918457,788950
13.305776119232178,788884
13.438783645629883,786882
13.45578408241272,786762
13.495788335800171,786658
13.502783060073853,784147
13.632793664932251,779834
13.647794723510742,779568
13.732801914215088,779245
13.834807872772217,778912
13.909810781478882,778597
13.917813062667847,778339
13.925810813903809,778002
13.950814485549927,777454
13.98381495475769,777201
14.043819904327393,776623
14.087822437286377,776575
14.211829662322998,776568
14.269831418991089,775380
14.497846364974976,775257
14.729858160018921,775226
14.894870042800903,774951
15.259889364242554,774777
15.26388955116272,774389
15.30989384651184,774360
15.35389518737793,773840
15.37789797782898,773060
15.398896932601929,772147
15.497902870178223,769433
15.522906064987183,769418
15.594910621643066,768337
15.615910530090332,763158
15.652914047241211,763041
15.760918617248535,762500
15.783920526504517,761955
15.85192608833313,761676
15.860924243927002,761372
15.868925333023071,760858
15.911926746368408,759143
15.935930728912354,758785
16.03093647956848,755159
16.205918073654175,754841
16.239919900894165,754408
16.300951957702637,753779
16.310952186584473,753363
16.337952852249146,753272
16.59396767616272,753194
16.62097144126892,751836
16.621968984603882,751141
16.62696933746338,750525
16.732977390289307,748883
17.106996774673462,748255
17.206002712249756,747950
17.465020179748535,745401
17.633028984069824,744708
17.645028591156006,744542
17.714032649993896,744466
17.727033138275146,743515
17.979048252105713,742621
17.98305058479309,742053
18.001049995422363,740700
18.114055633544922,740227
18.122056484222412,739049
18.3830726146698,738609
18.567084550857544,737804
18.720093250274658,737692
18.86009955406189,737570
18.909104824066162,734936
19.13711714744568,734209
19.219120979309082,733937
19.29012680053711,733298
19.35312819480896,733082
19.355128288269043,732965
19.425133228302002,732146
19.934162616729736,731591
20.60720157623291,730739
20.652204513549805,730726
20.788212299346924,729785
20.797213315963745,729610
20.797213315963745,729077
20.838215351104736,728156
20.983223915100098,728038
21.042227268218994,727431
21.06022810935974,727248
21.155226469039917,726385
21.19420886039734,725086
21.868277311325073,724919
21.955281019210815,724442
22.87633442878723,724441
23.31335997581482,724092
23.578375577926636,723351
23.62837862968445,722787
23.660380125045776,722663
23.673380851745605,721530
23.869394779205322,721004
24.294419527053833,720978
24.49942946434021,719989
24.84844970703125,719734
24.995458602905273,718924
25.254475355148315,718860
25.59049367904663,718851
25.75050449371338,718673
25.756503343582153,718651
25.89451313018799,718336
25.936516284942627,718151
25.974517345428467,717895
26.009518146514893,717351
26.102524042129517,717310
26.113524198532104,716391
26.285534381866455,716302
28.55466628074646,715377
28.56766939163208,715237
28.625670909881592,714994
28.735677003860474,714745
28.818681716918945,713800
28.850685596466064,713588
29.47272276878357,712915
29.739736080169678,712597
29.752736806869507,712177
29.80574083328247,712097
30.182762145996094,710373
30.304771900177002,709813
30.324777841567993,709411
30.569785118103027,709134
31.57884407043457,708885
31.938866138458252,707907
32.155877351760864,707538
32.31488656997681,706748
32.67090702056885,706100
32.687909841537476,705877
32.97392559051514,704802
33.216941595077515,704715
33.230939865112305,704607
35.44806981086731,699621
35.56507706642151,699466
36.77814745903015,698702
39.84032893180847,698117
39.90833020210266,697725
40.226349115371704,695801
40.4053590297699,695607
40.46136403083801,695551
40.610371828079224,695509
40.772382974624634,695116
41.1094012260437,694640
41.279404401779175,693609
41.53942799568176,692860
41.54842805862427,692218
41.75943899154663,691166
41.85444450378418,690738
41.85944485664368,690591
42.47548031806946,689883
43.12251853942871,689815
43.76255798339844,689708
44.24258637428284,689166
44.56660270690918,689049
45.31764888763428,689039
45.40465235710144,688692
45.434653997421265,688670
47.50077700614929,688495
47.559778690338135,688140
47.97080445289612,688080
48.95185995101929,687770
49.45888924598694,687598
49.99492073059082,687166
50.18593192100525,687101
52.900063037872314,687024
53.09607458114624,686662
53.27408504486084,686509
53.39709186553955,686337
56.168256759643555,686308
57.31934881210327,686124
59.095454931259155,685557
61.068562507629395,685497
82.0907974243164,684155
82.44381833076477,683690
82.84684181213379,683537
92.95343232154846,683291
94.5385274887085,683258
98.32072138786316,683136
99.62679767608643,682933
103.98807978630066,682906
