0.014004945755004883,7172097
0.2411637306213379,7170028
0.24964094161987305,7144913
0.3080909252166748,7137081
0.3152458667755127,7124054
0.3638327121734619,7117684
0.37477993965148926,7096596
0.4921538829803467,7087157
0.5110180377960205,7055234
0.5203018188476562,7042556
0.5314598083496094,7005279
0.5634229183197021,6995654
0.5746350288391113,6908147
0.5864148139953613,6891507
0.6068999767303467,6883351
0.6492087841033936,6868219
0.6635267734527588,6843190
0.7577557563781738,6827703
0.7648687362670898,6795676
0.807654857635498,6780858
0.8154077529907227,6748474
0.9289689064025879,6736722
0.9473378658294678,6702314
0.9940249919891357,6689636
1.0018887519836426,6675717
1.047825813293457,6670549
1.0707499980926514,6649278
1.0808079242706299,6648014
1.093491792678833,6621091
1.1034119129180908,6618061
1.10996675491333,6599535
1.3077998161315918,6593642
1.3209469318389893,6572477
1.3668806552886963,6557433
1.3779938220977783,6530232
1.4162349700927734,6516577
1.4237618446350098,6501875
1.4351038932800293,6499298
1.460791826248169,6494649
1.4669666290283203,6493681
1.485325813293457,6469765
1.5657658576965332,6469096
1.5892589092254639,6455235
1.5989997386932373,6435951
1.6176698207855225,6408062
1.629511833190918,6397082
1.7174546718597412,6389489
1.960965871810913,6387799
1.9879276752471924,6366085
2.03481388092041,6344970
2.1861939430236816,6335353
2.2022898197174072,6306253
2.3135077953338623,6274433
2.329007863998413,6234769
2.344944715499878,6223610
2.3737599849700928,6222557
2.38582181930542,6217447
2.3992247581481934,6198954
2.4686238765716553,6192104
2.4917309284210205,6155862
2.510497808456421,6152131
2.5241549015045166,6138373
2.642868995666504,6127263
2.675013780593872,6125649
2.7495386600494385,6119733
4.350194931030273,6113378
4.375821828842163,6080955
4.431433916091919,6069103
4.45288872718811,6037978
4.543231964111328,6021315
4.819837808609009,6019226
4.905935764312744,6014914
4.9339399337768555,6001409
4.963348865509033,5999156
4.976938962936401,5982490
5.020776987075806,5973282
5.0692138671875,5971373
5.082072734832764,5960405
5.116238832473755,5953095
5.1485419273376465,5944838
5.60026478767395,5941776
5.655808925628662,5941178
5.67927885055542,5941077
5.728895902633667,5939003
5.741724967956543,5936219
5.82747483253479,5929428
5.884506702423096,5861911
5.893261671066284,5853375
5.915522813796997,5846625
5.938017845153809,5834419
5.9618120193481445,5823029
6.057467937469482,5800647
6.228819847106934,5800645
6.239491701126099,5750018
6.400341033935547,5748675
6.413885831832886,5746209
6.449293851852417,5735319
6.486618757247925,5729955
6.693188905715942,5726405
6.797883749008179,5725914
6.80523681640625,5696659
6.85328483581543,5695502
6.862499713897705,5681349
6.90742301940918,5679422
7.123662710189819,5677032
7.131756782531738,5643144
7.188872814178467,5642967
7.20005989074707,5620914
7.224377870559692,5618615
7.233457803726196,5585794
7.324725866317749,5583416
7.3350489139556885,5559806
7.439612865447998,5557368
7.445926904678345,5542178
8.00265884399414,5539870
8.014918804168701,5538853
8.022031784057617,5537335
8.303600788116455,5535508
8.315662860870361,5533578
9.499781847000122,5531648
10.786667823791504,5516994
11.193330764770508,5510861
11.751438856124878,5495700
11.797988891601562,5494368
11.820583820343018,5491245
11.830718994140625,5490832
12.77687382698059,5488327
12.810646057128906,5465816
12.8939950466156,5438352
13.132378816604614,5343210
13.145516633987427,5339270
13.178076982498169,5288578
13.191995859146118,5281340
13.24298882484436,5224557
13.252053022384644,5205217
13.322314023971558,5136184
13.332479000091553,5114822
13.505209684371948,5039711
13.514402866363525,5019881
13.538135766983032,4908591
13.549794673919678,4904613
13.633129835128784,4802939
13.644882917404175,4781219
13.691855907440186,4677206
13.700969934463501,4654163
13.729368686676025,4540557
13.742427825927734,4522510
13.77172303199768,4443250
13.779347896575928,4430504
13.850543737411499,4353009
13.860389709472656,4329470
13.870806694030762,4307702
13.897942066192627,4303374
13.906860828399658,4282263
14.044804811477661,4271775
14.120790004730225,4258883
14.30942988395691,4255738
14.322975873947144,4234517
14.381907939910889,4221002
14.414219617843628,4216038
15.039267778396606,4206553
15.413578987121582,4204152
15.424097776412964,4202376
15.436507940292358,4182877
15.455842733383179,4176981
15.681566953659058,4165795
15.712831020355225,4163081
15.724041938781738,4159064
15.732149839401245,4153693
15.748195886611938,4152970
15.772639989852905,4146892
15.876737833023071,4145535
15.902951955795288,4141112
15.921504735946655,4139727
15.934491872787476,4137732
15.946164846420288,4134591
16.012282848358154,4131735
16.0205078125,4125770
16.2340407371521,4122542
16.2804217338562,4119461
16.3520028591156,4115469
16.41650366783142,4113235
16.443283796310425,4103345
16.517189741134644,4103190
16.52811288833618,4096873
16.538426876068115,4094953
16.55075192451477,4089516
16.56471872329712,4087617
16.60444188117981,4086241
16.61569094657898,4085077
16.638821840286255,4082803
16.67903780937195,4071837
16.728104829788208,4066605
16.94983196258545,4061735
16.983604907989502,4061389
17.005117893218994,4060896
17.023624897003174,4060772
17.029878616333008,4060100
17.0401668548584,4059609
17.147697925567627,4059378
17.158087968826294,4048676
17.17706274986267,4048631
17.187843799591064,4045892
17.22268795967102,4042132
17.23486065864563,4038478
17.31546378135681,4036462
17.325836658477783,4036177
17.343527793884277,4035785
17.383153915405273,4034086
17.427584886550903,4021918
17.45583987236023,4021141
17.484153747558594,4019125
17.51979684829712,4018588
17.52797794342041,4013060
17.590038776397705,4009889
18.438915729522705,4009346
18.46486783027649,4007762
18.475793838500977,4007633
18.561534881591797,4007134
18.568740844726562,4002639
18.681351900100708,3999393
18.727308750152588,3999053
18.766992807388306,3962684
18.904889822006226,3962607
19.35917067527771,3961307
19.38552975654602,3956726
19.464813709259033,3954926
19.47910976409912,3953251
19.742511749267578,3951383
19.79024887084961,3946736
19.972814798355103,3944143
20.02451467514038,3943839
20.03746199607849,3942635
20.16620683670044,3941298
20.21012568473816,3940395
20.27083683013916,3938026
21.22727870941162,3937138
21.50067687034607,3898972
21.517035722732544,3879619
22.308494806289673,3823927
22.37287664413452,3819627
22.43020272254944,3811117
22.658520698547363,3806129
22.67135000228882,3800259
22.710656881332397,3796366
22.757123708724976,3790671
22.76600980758667,3784623
22.77946186065674,3742074
22.792937994003296,3738410
22.928810834884644,3717106
22.957411766052246,3711831
22.99708080291748,3676070
23.006728887557983,3665936
23.21478772163391,3626313
23.247151851654053,3614831
23.257811784744263,3613560
23.267353773117065,3597273
23.86797595024109,3597032
23.91578483581543,3595798
24.043043851852417,3591294
24.210333824157715,3580794
24.22522282600403,3566658
24.42853569984436,3564328
24.439060926437378,3564231
24.451271772384644,3562528
24.576122760772705,3561210
24.806923627853394,3556726
24.81932783126831,3556720
25.069011926651,3552798
25.084237813949585,3551686
25.10857081413269,3531710
25.311675786972046,3466358
26.0745108127594,3464737
26.106382846832275,3464715
26.118209838867188,3463486
26.156996726989746,3463390
26.171417713165283,3460537
26.314589977264404,3459494
26.35951066017151,3454100
26.65582275390625,3452089
26.914615631103516,3397826
26.921440601348877,3390360
26.94054079055786,3388629
26.965657711029053,3382374
26.992745876312256,3361262
27.105483770370483,3353509
27.213465690612793,3351021
27.282275676727295,3344543
27.347530841827393,3344482
27.36167287826538,3283899
30.554942846298218,3279905
30.60814595222473,3279692
30.626003980636597,3271195
30.691422939300537,3203441
30.69973874092102,3199752
30.71894383430481,3135540
30.73130488395691,3129368
30.73927879333496,3042547
30.749038696289062,3037878
30.75894784927368,2967188
30.76641273498535,2957301
30.80723786354065,2885272
30.963396787643433,2876403
32.720054626464844,2872969
32.73360896110535,2808194
32.820212841033936,2802312
32.836219787597656,2785164
32.871216773986816,2733765
33.090319871902466,2718830
33.10508489608765,2562276
34.99193978309631,2559375
35.02650499343872,2549295
35.032864809036255,2524555
35.051238775253296,2511669
35.05931878089905,2509692
35.090510845184326,2502338
35.09879183769226,2463512
35.14787983894348,2463327
35.15678787231445,2428881
35.16803574562073,2428739
37.30868577957153,2415967
39.63782286643982,2415463
39.64925980567932,2415349
39.65730261802673,2407770
42.01033282279968,2395988
42.04756474494934,2392166
44.313316822052,2378152
55.1530396938324,2357888
57.45771288871765,2354598
61.84522771835327,2352690
61.91495990753174,2352454
61.92981767654419,2344848
64.23498392105103,2342901
66.36476874351501,2341138
66.39272093772888,2339344
68.43429780006409,2337574
68.46991181373596,2337011
70.86928081512451,2336742
70.89459085464478,2335315
72.87698674201965,2334323
77.11373901367188,2305321
79.50759887695312,2295543
81.40093898773193,2289418
81.6734848022461,2238500
81.69555306434631,2237769
81.70883774757385,2205514
87.74795293807983,2205010
87.91359066963196,2205006
89.69902801513672,2204813
89.71810102462769,2204644
89.72945380210876,2201548
89.75857281684875,2201363
89.7706036567688,2201050
89.79977679252625,2197516
90.05542492866516,2197457
90.0619637966156,2195570
90.07497668266296,2193613
90.08466982841492,2191835
91.59088182449341,2191648
91.59900379180908,2187832
91.68945002555847,2187762
92.10270285606384,2187498
93.99309182167053,2187186
94.00294089317322,2186719
94.05898070335388,2185701
94.0705578327179,2184390
94.07917380332947,2184114
94.11505675315857,2184101
94.19175982475281,2183895
95.7111828327179,2182342
95.72200679779053,2181541
95.73513770103455,2180447
95.74677777290344,2180416
95.75485682487488,2179529
96.1003189086914,2179445
97.75244379043579,2179248
97.81071186065674,2177523
104.0977578163147,2177262
104.96799492835999,2175706
104.99262285232544,2174233
105.00073289871216,2163904
106.1017918586731,2162912
106.14417099952698,2156630
106.51605200767517,2155926
106.52311778068542,2155401
106.75769782066345,2154679
107.22191381454468,2153489
107.23954677581787,2148867
107.2706868648529,2147860
107.29970383644104,2146007
107.33534789085388,2144798
107.35128283500671,2137136
107.37510395050049,2134472
107.58292198181152,2134174
108.65721702575684,2134069
108.76031184196472,2129202
108.94076085090637,2126072
108.98899984359741,2120943
109.05284976959229,2119454
109.06764888763428,2112625
109.08116364479065,2112098
109.08846783638,2111303
109.24302697181702,2111144
109.25518679618835,2110762
109.29447078704834,2109304
109.51172184944153,2108896
109.53461194038391,2107313
109.56496381759644,2106607
109.59105372428894,2101193
110.92999577522278,2099943
111.01474571228027,2096689
111.04726886749268,2095795
111.22069787979126,2095675
111.23475098609924,2094599
111.26173901557922,2093778
111.53935694694519,2092278
111.57558584213257,2092275
111.79665279388428,2092234
111.81561589241028,2081024
112.98863983154297,2079012
113.02898788452148,2075671
113.04289269447327,2073248
113.09640884399414,2072861
113.1062068939209,2067675
113.15188789367676,2067073
113.28840661048889,2061365
113.43621683120728,2059811
113.48409175872803,2056065
113.5008749961853,2048340
113.76122689247131,2047320
113.7693407535553,2032936
114.5940318107605,2032328
114.60472774505615,2027527
114.63906478881836,2024193
114.6486828327179,2022596
114.66753578186035,2014327
114.70139479637146,2010425
115.04427862167358,2009370
115.05125284194946,2006057
115.08452200889587,2006020
115.81800484657288,2005945
115.83935165405273,1999105
121.13044881820679,1998826
121.36980295181274,1997670
123.90592384338379,1997659
123.91533184051514,1995744
125.57532382011414,1995291
127.50603699684143,1991074
127.52890706062317,1990529
127.6905128955841,1990233
127.7001678943634,1989646
129.09143781661987,1989522
129.10529470443726,1985401
131.46693563461304,1984272
131.4851677417755,1983971
135.1204957962036,1983684
135.12903499603271,1982218
136.86022877693176,1975485
137.25464177131653,1972452
137.28061389923096,1970708
137.28775668144226,1960334
138.02372884750366,1959983
138.08873176574707,1958952
138.09789180755615,1956150
138.62708973884583,1949530
139.114896774292,1946286
139.12708973884583,1940546
139.43855786323547,1939027
140.61516690254211,1935020
142.78501200675964,1927974
145.2283136844635,1925787
146.87197589874268,1921966
148.64449000358582,1921354
148.65585780143738,1919468
150.31392884254456,1918515
153.55543565750122,1916466
153.58569288253784,1916153
160.16261982917786,1916146
160.1848006248474,1911636
161.79862189292908,1911257
170.0509808063507,1908616
171.09201574325562,1906005
172.01415491104126,1900348
172.04274201393127,1896710
172.0605959892273,1880607
173.3921618461609,1877760
174.54908680915833,1876424
174.5625569820404,1873754
174.87238883972168,1871199
174.88183569908142,1870766
174.88976883888245,1868473
175.21518778800964,1867395
175.22425603866577,1859150
175.35214281082153,1853927
176.64751076698303,1853507
176.67056369781494,1849724
176.75158405303955,1849604
176.75768876075745,1849156
177.0071029663086,1845012
177.0304729938507,1843325
177.1144998073578,1837731
180.98818373680115,1835284
181.45898699760437,1833762
181.467289686203,1831832
182.6209638118744,1830615
182.9601857662201,1829782
183.02816367149353,1827024
183.07137274742126,1821969
183.6143867969513,1821635
183.66077184677124,1818741
183.67915272712708,1817940
183.69081592559814,1815151
183.7849588394165,1814069
183.8305368423462,1810632
183.85648894309998,1810618
183.8668749332428,1808217
183.90910482406616,1807468
184.18950200080872,1804922
184.50094890594482,1804415
184.54268288612366,1803881
184.5823028087616,1803752
184.59098863601685,1802672
190.45005893707275,1800928
191.89000391960144,1800883
191.9364140033722,1799429
193.072655916214,1799134
193.12734985351562,1798321
193.22159385681152,1797629
194.6136178970337,1797586
194.6424708366394,1797240
194.68610000610352,1797100
194.79309391975403,1796549
196.1047089099884,1796547
196.15199375152588,1796137
200.49042081832886,1795850
207.07077288627625,1794777
214.30837774276733,1794311
214.32014989852905,1792030
219.11958980560303,1790635
219.25551676750183,1790100
220.3960897922516,1788866
220.4629566669464,1788664
221.46714782714844,1787062
221.48873376846313,1786941
221.50141978263855,1783930
221.54218292236328,1782552
222.56931471824646,1782250
222.60997462272644,1781504
222.6342477798462,1779951
222.74991488456726,1779500
223.0679488182068,1777494
223.12216186523438,1776855
223.56314277648926,1775622
223.57329177856445,1773510
223.5879807472229,1773127
223.60145092010498,1772474
223.7043058872223,1772467
223.727365732193,1771505
223.87109684944153,1770823
223.88145279884338,1769008
225.03082084655762,1768614
226.054842710495,1767950
226.06088662147522,1764774
226.11113500595093,1763379
226.120760679245,1763232
226.84300804138184,1763202
226.8605020046234,1758756
226.89203691482544,1757641
227.00650072097778,1755956
227.4229519367218,1755790
227.43584084510803,1753433
230.3607678413391,1753328
231.55656504631042,1753009
231.9581778049469,1750716
232.63842368125916,1695179
232.70809173583984,1694092
232.71919798851013,1660201
232.91942501068115,1640069
232.98754787445068,1640033
233.04737377166748,1634233
233.26038885116577,1634145
233.6328330039978,1619469
233.6466109752655,1618248
233.696457862854,1605786
233.71578979492188,1604796
233.72667860984802,1601626
233.74458479881287,1597860
233.75207662582397,1585123
233.77810192108154,1583511
233.79110383987427,1565384
233.80756092071533,1563734
234.06085562705994,1540008
234.17870903015137,1534159
234.21242499351501,1532332
234.2302746772766,1530723
234.2564628124237,1523771
234.58026766777039,1523523
234.59453582763672,1518906
235.70289278030396,1517153
236.31952476501465,1516050
236.82719683647156,1515476
236.84667873382568,1508456
236.880872964859,1503521
236.9253387451172,1501000
236.9554648399353,1500275
237.27305483818054,1497667
237.3910768032074,1491578
237.7701177597046,1482181
237.78815078735352,1480194
237.80031371116638,1477282
237.82100987434387,1475672
237.8840639591217,1473678
237.94429278373718,1471793
237.95716285705566,1469245
237.96603178977966,1467208
237.97864389419556,1466325
238.00855779647827,1465998
238.01883602142334,1455404
238.78919982910156,1454067
240.82214188575745,1418282
240.82846999168396,1414063
240.9747178554535,1386877
241.0127387046814,1384225
241.8125126361847,1382175
241.82778477668762,1357141
242.97496676445007,1312465
244.82432103157043,1301642
246.55642700195312,1299304
246.59579181671143,1293898
246.6420726776123,1289201
246.69436383247375,1283406
247.48780179023743,1283253
247.5013129711151,1283143
249.45804286003113,1280439
249.51439881324768,1280185
250.36114382743835,1277713
252.98911690711975,1277709
253.88035774230957,1272211
254.67093682289124,1271994
254.69669389724731,1270931
258.2137858867645,1268172
258.26124691963196,1266211
259.00747871398926,1266208
259.0156557559967,1265355
259.7687928676605,1262556
262.180716753006,1261899
264.2681407928467,1261788
265.5629827976227,1259952
267.1074538230896,1259949
267.44619584083557,1229605
267.4896037578583,1229008
267.5243420600891,1201926
267.60545468330383,1194839
267.65167593955994,1168788
267.7577579021454,1167962
267.7843289375305,1164249
268.9031448364258,1161767
269.1276378631592,1155599
269.1561257839203,1136565
270.9876067638397,1134311
271.0047528743744,1133939
271.60190987586975,1133647
272.1690728664398,1132309
272.61450600624084,1129563
272.63451981544495,1124223
272.67130875587463,1123845
272.6843419075012,1118398
272.7379608154297,1118354
273.1582598686218,1112866
273.2071099281311,1103600
273.25679993629456,1086382
273.6913866996765,1075978
273.7204988002777,1036528
273.73782992362976,1035638
274.2369108200073,1034494
275.250052690506,1028326
275.69203996658325,1021614
275.74541687965393,1012108
276.1352138519287,1011568
276.19262886047363,998769
277.1074378490448,997531
277.6171007156372,991403
278.98603868484497,983625
279.02702379226685,974799
279.4295299053192,971789
281.2688639163971,967053
282.9831008911133,966540
283.06650972366333,964925
283.0743796825409,964371
283.0803337097168,963984
283.34615087509155,962577
283.35632586479187,961094
283.36767172813416,959880
283.4210648536682,959021
283.4956557750702,957687
283.5083646774292,957616
283.5556926727295,957359
283.7854599952698,957279
283.98237586021423,957216
284.2250466346741,956572
284.4616117477417,956507
286.0705826282501,955291
286.16577100753784,955101
286.4013557434082,954623
286.7324059009552,954448
287.22678875923157,953769
290.27789783477783,948206
300.63359785079956,947790
309.8614547252655,945807
319.7162549495697,941836
326.9530119895935,940742
326.9758257865906,937309
329.3255386352539,936759
331.3982448577881,935606
331.4574599266052,935465
343.2003216743469,935115
343.20837783813477,934360
343.2827179431915,933980
343.29319190979004,933651
343.30306100845337,931088
345.28334283828735,929253
349.42198181152344,928053
349.45781779289246,927548
351.63600897789,927298
352.14733481407166,926886
352.39072489738464,924764
353.2341978549957,923277
357.54752373695374,923127
359.50645780563354,922926
361.5165319442749,922805
367.7631938457489,922352
367.772088766098,922181
371.75044083595276,921538
371.94778394699097,921378
371.96663188934326,921357
373.62443375587463,920982
377.72892594337463,920934
377.74388360977173,919697
381.5101008415222,919631
381.5596537590027,918016
389.16987681388855,917565
389.2874438762665,916759
389.61177706718445,916475
392.52362871170044,913365
396.670530796051,908639
398.6209478378296,905563
402.04817271232605,902425
405.5865957736969,892195
407.2084548473358,890171
407.22644877433777,889933
407.2326636314392,888253
421.11268186569214,885674
438.00743675231934,884838
438.02094173431396,884759
439.1478388309479,884532
440.28194785118103,883059
440.3169758319855,882871
440.66951394081116,882524
442.37101888656616,882177
448.25274872779846,881845
450.02749490737915,881812
451.55421900749207,881552
454.5429928302765,881248
459.01510667800903,877791
459.03248381614685,872309
459.93075370788574,868427
459.97304487228394,867436
459.99167799949646,866937
460.1909258365631,865604
463.20005464553833,864240
471.5938968658447,864164
472.870906829834,863789
472.8955309391022,862432
472.9396538734436,861296
474.13688683509827,859987
478.05316376686096,859217
483.2719738483429,858524
484.47976183891296,858441
487.86772084236145,857255
488.9755938053131,854156
489.0592179298401,852767
497.33063077926636,852021
497.73324489593506,849670
498.903146982193,849234
499.36187386512756,848995
501.1965627670288,848822
505.1537756919861,847242
505.1823298931122,845828
509.3525319099426,845591
509.36282873153687,844822
510.8422939777374,843998
510.85824179649353,843765
512.7940979003906,840042
513.1818959712982,839428
513.753568649292,838513
515.8316388130188,838500
515.8561828136444,824792
518.8830709457397,823960
519.7343957424164,823920
520.4208078384399,823911
520.4540817737579,823404
520.4896829128265,822040
522.2347469329834,821453
524.010392665863,821425
538.4017217159271,821397
539.7264888286591,821350
543.7171106338501,819761
547.0167789459229,819751
547.1425278186798,818278
548.5245487689972,818141
549.8155839443207,817825
551.2786717414856,816448
551.7066240310669,815283
551.7436480522156,814100
552.9869787693024,813976
558.7441728115082,813777
559.261992931366,812769
559.9462978839874,812331
559.9765467643738,810904
560.3019847869873,807029
561.7598667144775,804814
565.8398997783661,804649
571.2331938743591,804142
572.7130768299103,803824
572.7195966243744,803096
574.3066897392273,802454
575.8986029624939,800276
575.9044778347015,798110
577.4842796325684,795493
582.1103277206421,795472
585.604434967041,795050
