12.647770404815674,838036
12.700770616531372,836421
12.716773748397827,836204
12.765774965286255,828144
12.800779104232788,827771
12.86178207397461,827318
12.879781484603882,825040
12.900782346725464,820135
12.963786125183105,820045
12.98878788948059,820021
13.033790588378906,819897
13.036792993545532,819850
13.073793172836304,818688
13.101794004440308,818361
13.13979697227478,815927
13.185799837112427,814784
13.208803415298462,813666
13.279805898666382,813105
13.331808090209961,811998
13.346808910369873,811551
13.358809471130371,809816
13.371811866760254,807662
13.532821655273438,807474
13.591824293136597,806726
13.600822925567627,802746
13.629824876785278,802593
13.717832803726196,793171
13.789834976196289,793096
13.820836305618286,792452
13.832836866378784,791001
13.88584280014038,790788
13.969848394393921,790717
13.970846176147461,789867
13.985845565795898,789218
14.023848295211792,789158
14.086853981018066,788976
14.10485291481018,788722
14.115853548049927,788490
14.134856224060059,787905
14.37684154510498,786478
14.414844036102295,786471
14.900872230529785,786014
14.950875282287598,785441
14.955875396728516,783350
14.973876476287842,781411
15.146886825561523,780148
15.168887853622437,779754
15.208890199661255,779271
15.28089451789856,778780
15.513907432556152,778773
15.714919805526733,775129
15.730920791625977,774889
15.808925151824951,774304
15.833926439285278,772319
15.879929065704346,771948
15.933932542800903,769230
15.9929358959198,768567
16.103942394256592,767800
16.114943265914917,767754
16.215949058532715,767236
16.337956190109253,766630
16.619972705841064,766566
16.7119779586792,764018
16.818984031677246,763967
17.019996166229248,763108
17.1450035572052,762820
17.18600583076477,762619
17.35101556777954,762472
17.45902132987976,761986
17.609030723571777,761660
17.74803876876831,761203
17.79604148864746,759510
17.896047353744507,757149
17.912048816680908,756432
18.16006302833557,756219
18.168063640594482,755327
18.19406485557556,754617
18.314071893692017,754426
18.34407353401184,754016
18.51408338546753,753637
18.53408455848694,753526
18.635090827941895,751976
18.715095281600952,751859
18.775098085403442,751789
18.83710241317749,751624
19.38316321372986,751480
19.485169410705566,750710
19.50216841697693,749921
19.520171642303467,748928
19.71418070793152,747666
20.324217557907104,747632
20.4022216796875,747124
20.461225271224976,746318
20.50122880935669,745670
21.02625799179077,745268
21.22526979446411,744144
21.582290649414062,743550
21.63929533958435,743401
21.64729404449463,742558
21.883309841156006,741822
22.924370050430298,739604
23.215385913848877,739419
23.312392711639404,737918
23.430399179458618,736131
23.461400747299194,735952
23.47240114212036,735371
23.496402502059937,735104
24.219420433044434,734994
24.380455493927002,734311
24.463458776474,734093
24.525464057922363,734064
24.832481145858765,733053
25.02649188041687,732219
25.056493520736694,731758
25.216504096984863,731528
25.423516750335693,731310
25.51252007484436,730575
25.836539268493652,730481
26.457575798034668,730223
26.62158513069153,728899
30.491811275482178,722098
30.755826711654663,710950
30.994842767715454,709798
31.069844484329224,709189
31.212854146957397,708491
31.289860010147095,706994
31.33283495903015,706463
31.438867807388306,706352
31.707883596420288,706278
32.98995780944824,705676
33.10896372795105,705403
33.28294825553894,704886
33.75900220870972,704780
33.97401523590088,704422
34.252004623413086,704420
34.683056592941284,703912
34.779062032699585,703748
34.88307023048401,703343
34.916069746017456,702754
35.3070855140686,701631
35.65311312675476,700897
35.737119913101196,697919
35.97613167762756,697493
37.72723436355591,697018
38.00225019454956,696407
39.671348571777344,695783
39.88236212730408,692205
39.991368770599365,692127
41.11343240737915,692038
41.23844027519226,691045
41.77347230911255,691019
42.2294979095459,689988
42.26149940490723,689773
42.67152547836304,689699
42.801533699035645,689419
42.984543800354004,688770
43.59957814216614,688669
44.959657192230225,688433
45.231685638427734,687763
46.850769996643066,687603
46.89977264404297,687359
46.957775831222534,687083
47.34379768371582,687037
47.50780653953552,686818
48.54586696624756,686802
48.748878717422485,686651
49.59492826461792,685669
49.69793510437012,685605
49.76593852043152,685577
49.956950187683105,684432
62.16666316986084,683924
63.84876489639282,682802
65.29284811019897,682646
65.33284902572632,682474
70.49215078353882,682368
71.12318730354309,682121
