0.19900727272033691,846474
0.28301000595092773,818685
0.29401159286499023,817907
4.355229616165161,816331
4.357231855392456,815481
4.362236976623535,814258
4.37623143196106,814174
4.472235202789307,812685
4.62126350402832,812435
4.754251718521118,811776
4.755252122879028,811232
4.776255369186401,811039
4.776255369186401,808910
4.81125545501709,806624
4.813273668289185,803046
4.816256999969482,802483
4.863277912139893,802075
4.864277362823486,801939
4.9882652759552,801416
4.994266033172607,800660
4.994266033172607,800598
5.0212671756744385,798669
5.0392680168151855,798550
5.040268659591675,797123
5.242281198501587,796317
5.503296136856079,796008
5.506295919418335,795834
5.508296251296997,794952
5.5312981605529785,794329
5.595332622528076,794285
5.606321096420288,793971
5.611321687698364,792081
5.6363208293914795,791346
5.726309537887573,790936
5.733310222625732,790876
5.775331974029541,789778
5.79331374168396,789546
5.82631516456604,788952
5.852335691452026,788613
5.889337539672852,787755
5.889337539672852,787487
11.471662998199463,786379
11.49764895439148,785413
11.548651933670044,783731
11.663673400878906,782863
11.685657501220703,781595
11.687657594680786,780804
11.700658082962036,780240
11.705658674240112,780208
11.713658809661865,779713
11.743669271469116,779695
11.743669271469116,777913
11.903672695159912,774887
11.907682180404663,773581
11.931675672531128,773230
11.94567346572876,772695
14.639830350875854,771250
14.959849119186401,770181
15.085877656936646,769896
15.124859094619751,769138
15.14385986328125,768886
15.2208833694458,766965
15.227880477905273,766270
15.31688928604126,765609
15.345873832702637,765511
15.351873397827148,763247
15.357874393463135,762984
15.36687445640564,758548
15.787919044494629,757365
15.80892038345337,756898
16.02891206741333,756198
16.05793261528015,755614
16.06191396713257,754302
16.18393850326538,753932
16.205941438674927,753819
16.208940982818604,753798
16.209941148757935,753050
16.263925790786743,752421
16.34095287322998,751622
16.344971895217896,751245
16.355958938598633,750977
17.520999431610107,750788
17.52199935913086,746315
17.52401828765869,745756
17.638007164001465,745619
18.230040311813354,745564
18.23204016685486,745284
18.23204016685486,745176
22.238296031951904,745142
22.66431999206543,744572
22.692328453063965,743906
22.693312883377075,743340
22.853341579437256,742824
22.85434126853943,742758
22.86233115196228,742011
22.954339027404785,741856
23.02234983444214,741658
23.067342281341553,739782
23.196330785751343,739039
23.20835041999817,738738
23.216331243515015,738160
23.96239471435547,737868
24.012397527694702,737259
24.019397497177124,736672
24.03939938545227,736631
24.07240104675293,736599
24.083383083343506,735906
24.95745348930359,735664
25.004454135894775,734882
25.02046489715576,734798
25.079463958740234,734765
25.082460165023804,734284
25.540467500686646,733779
25.57847023010254,732004
25.640474319458008,731987
25.64547371864319,731948
25.65947437286377,731880
25.661474466323853,731320
25.707478046417236,731130
26.811564445495605,729393
26.830543041229248,729119
26.832562923431396,728012
26.877567052841187,727482
26.9485502243042,726720
27.08357572555542,726473
27.09956169128418,726122
27.133580207824707,725993
27.220566272735596,725835
27.249567985534668,725814
27.807600021362305,725365
27.822600841522217,725194
27.939610481262207,724305
27.99561333656311,723592
27.99561333656311,723514
28.14163899421692,723154
28.154621362686157,722992
28.154621362686157,722977
28.168621301651,722894
28.179641246795654,722779
28.272646188735962,722482
29.923726081848145,721195
29.936727046966553,720500
29.991730451583862,719784
30.03474998474121,718792
30.085733652114868,718631
30.115735292434692,717995
30.31876564025879,716433
30.328766345977783,715981
31.101810932159424,715407
31.27582287788391,714639
31.28582239151001,713677
31.34683060646057,713653
31.470832109451294,713245
31.489833116531372,712449
31.49683928489685,712139
31.49683928489685,712022
31.5488383769989,711899
31.763855695724487,711886
31.798852920532227,711787
31.812854290008545,711503
31.850855827331543,711467
31.874839305877686,711020
31.88983917236328,710681
31.90485978126526,710634
31.911863088607788,710537
31.925860166549683,710073
31.963860750198364,709846
31.99186396598816,708252
32.06686878204346,708198
32.07586932182312,708033
32.69190573692322,707829
32.695905447006226,707780
33.924981117248535,707489
34.056984663009644,705956
34.069985151290894,705680
34.113988637924194,705208
34.14899039268494,705203
34.153990030288696,704921
38.11321783065796,704902
38.18720746040344,704744
38.19721078872681,704405
38.22623109817505,704242
38.243210792541504,704147
38.26023077964783,703170
38.29523468017578,702735
38.388238191604614,702662
38.59823226928711,702642
38.69723677635193,702391
39.52228546142578,702227
39.537288665771484,701853
39.626293897628784,701693
40.086341857910156,701057
40.197344064712524,700159
40.471360206604004,700057
44.85662603378296,699501
44.87960076332092,698965
46.04068732261658,697792
46.21368861198425,696473
46.2256965637207,695957
46.24569773674011,695242
46.4537079334259,694609
46.54269599914551,694508
46.55669689178467,692921
46.56269693374634,691967
46.61272072792053,690348
46.6587028503418,689667
46.67772316932678,689495
46.70872521400452,688802
46.716729402542114,688747
47.5637583732605,688192
47.58575916290283,687796
47.66878056526184,687782
47.85180401802063,686961
47.951804876327515,686559
48.235825538635254,686283
48.587815284729004,684187
49.804906368255615,684157
49.849889039993286,683777
49.973915815353394,683690
50.14192605018616,682998
50.201931953430176,682826
50.730961561203,682458
50.87394952774048,681101
50.97797393798828,680727
50.987977743148804,680502
51.070980072021484,680487
51.20996952056885,679978
51.71199870109558,679490
52.12104034423828,678845
52.16804337501526,678728
52.7290894985199,678080
53.98115015029907,677700
54.15614080429077,677501
54.29014873504639,677388
54.53818702697754,677109
59.84149622917175,676934
60.12349057197571,676831
60.22851586341858,676804
60.38152456283569,676639
64.52676939964294,676456
66.98791122436523,675149
67.41491842269897,675020
67.88994693756104,674903
68.17796349525452,674646
78.61457347869873,674509
79.10063076019287,674347
79.21763515472412,673989
79.37461829185486,673784
79.80064988136292,673764
80.61768937110901,673510
80.73771858215332,673154
81.20675444602966,673132
81.25474905967712,673087
81.95578622817993,672958
83.70787048339844,672921
83.9549012184143,672643
84.23992156982422,672615
84.36090731620789,672493
87.99013900756836,672369
89.37219953536987,672090
94.346510887146,672088
94.39549422264099,671954
95.0605354309082,671837
105.25713205337524,671817
110.75245022773743,671758
216.79865503311157,671758
