11.77543592453003,845626
11.781436204910278,844784
11.84343957901001,844416
11.845439910888672,843312
11.887440204620361,842856
11.959444761276245,841641
11.960444927215576,841012
12.013447523117065,839761
12.025448322296143,839754
12.073450088500977,839555
12.126435995101929,839550
12.196457386016846,838395
12.435472011566162,837670
12.453482866287231,837333
12.478474855422974,836802
12.527477264404297,836013
12.545477867126465,834372
12.564479351043701,833420
12.672486782073975,833349
12.680486917495728,833080
12.695487022399902,832916
12.720489263534546,831568
12.730470657348633,831086
12.753490924835205,828699
12.758491277694702,828400
12.761491537094116,828117
12.76949167251587,827197
12.770492315292358,819528
12.832494020462036,818050
12.863498210906982,816903
12.938605785369873,816490
12.954233169555664,816160
13.001062154769897,815173
13.038374185562134,815103
13.043373584747314,814551
13.294528484344482,813340
13.301521301269531,812449
13.37996768951416,812319
13.476180076599121,812175
13.476180076599121,811799
13.523082733154297,810062
13.545946598052979,809828
13.5739164352417,809512
13.589541673660278,809123
13.589541673660278,805668
13.810276985168457,805369
13.810276985168457,805219
13.874548196792603,804857
14.04482913017273,795243
14.099945783615112,794589
14.119947671890259,794304
14.226953983306885,793252
14.227953910827637,792508
14.609906435012817,792452
14.621906518936157,791973
14.671909093856812,791305
14.694911003112793,791207
14.831500053405762,790355
15.275785207748413,789978
15.302785634994507,789023
15.361792087554932,788187
15.393791198730469,787449
15.697810411453247,786571
15.714812755584717,785025
15.740812540054321,784978
16.09257173538208,784932
16.120554208755493,784841
16.28458070755005,783079
16.38058853149414,783059
16.452593326568604,782892
16.520606994628906,782440
16.661606788635254,782132
16.73361110687256,781938
17.09447193145752,777618
17.125447750091553,776357
17.147446155548096,775078
17.472465753555298,774998
17.51849126815796,774750
17.53448796272278,774638
17.702499866485596,774283
17.70649790763855,774047
17.840506076812744,773214
18.179960012435913,769284
18.461823225021362,769162
18.51985502243042,768502
18.568875312805176,768455
18.598681926727295,768203
18.661192178726196,767299
18.723692655563354,767166
18.867040872573853,758727
18.9056875705719,756893
19.082189798355103,756169
19.162065505981445,755450
19.307095527648926,755242
19.950074672698975,755141
20.049442768096924,755104
20.27483630180359,754169
20.287099361419678,753863
20.50367546081543,753754
20.75763177871704,753705
20.820615530014038,752519
20.926178693771362,751421
20.974302053451538,751171
21.068050861358643,750883
21.13055109977722,749880
21.212623357772827,748804
21.213632106781006,747750
21.310636520385742,746577
21.386648893356323,746154
21.480648040771484,745919
21.531631469726562,745861
21.5486319065094,744409
21.816647052764893,744359
22.840882539749146,743260
22.894885540008545,740234
23.36123275756836,739796
23.516239166259766,739279
23.678249835968018,739134
23.85226321220398,738981
24.29228711128235,737773
24.394293308258057,736874
24.45631456375122,736134
24.4882972240448,733421
24.59730362892151,731371
24.957347869873047,731231
24.958343267440796,730427
24.965325355529785,730399
25.023351669311523,729423
25.08535099029541,729227
25.24234127998352,725911
25.539358615875244,725851
25.726389408111572,725748
25.78039240837097,724876
25.83839511871338,723983
25.909399032592773,721511
26.06440806388855,721215
26.116413593292236,721084
26.12741208076477,720522
26.24341893196106,720373
26.697445392608643,720034
26.88045644760132,719747
26.93846845626831,719549
26.95444130897522,714012
27.612498998641968,713001
27.631500720977783,712872
28.394545793533325,711725
29.110793352127075,711220
29.698158740997314,709908
29.785831928253174,709504
30.06208610534668,708390
30.12082576751709,708364
30.186097145080566,706971
30.42569851875305,706389
31.390692710876465,705585
31.61290407180786,705311
31.752686977386475,704405
32.19365882873535,704282
32.41203284263611,702954
32.54272174835205,702444
32.843976974487305,702148
32.87843990325928,701008
35.094247341156006,698694
35.710015535354614,698393
36.41564726829529,698155
36.862571477890015,697914
37.7186222076416,697839
38.02912974357605,689003
38.244555950164795,688905
38.83337712287903,688698
39.16400933265686,688353
39.88083457946777,688327
40.444538831710815,688095
40.67891263961792,687959
40.72578811645508,687680
40.944538831710815,687067
41.27380108833313,687029
41.33630132675171,686609
42.04941272735596,686310
42.080663442611694,686287
43.002541065216064,686160
43.096290826797485,685928
45.75918245315552,684127
45.915433168411255,683982
48.60044598579407,683781
49.175467014312744,683532
49.221431016922,683360
49.299556732177734,683340
49.69134020805359,683308
49.90081024169922,682999
51.060182332992554,682944
51.705087184906006,682851
52.01758909225464,682782
53.97072076797485,682184
58.05794048309326,682179
58.292235136032104,682115
58.887939453125,681950
59.25171232223511,681650
59.39236521720886,681622
59.753925800323486,680951
62.362043380737305,680019
62.39329385757446,678716
69.60929679870605,678283
70.3461012840271,678065
71.03481006622314,677868
71.15981101989746,676531
71.4254367351532,676373
71.55043697357178,676108
71.7050621509552,675963
73.86131954193115,675925
77.80616044998169,675850
78.4624125957489,675828
108.02179026603699,675270
