11.95069432258606,847240
11.953695058822632,846997
11.954712867736816,845942
12.081700086593628,845611
12.286715269088745,842541
12.336715459823608,842425
12.362716674804688,842086
12.380717754364014,841801
12.403719663619995,840935
12.403719663619995,839918
12.58573031425476,839798
12.587730169296265,839640
12.673736095428467,839181
12.716739892959595,838128
12.787741422653198,836237
12.812744855880737,836174
12.846736907958984,811095
12.856738090515137,810069
12.935752868652344,807589
12.94575309753418,805245
12.961751699447632,804730
12.99675703048706,803664
13.000754117965698,802700
13.013755083084106,800576
13.036758422851562,800161
13.061758041381836,800032
13.072758674621582,799715
13.073758363723755,799491
13.141762733459473,799318
13.172764301300049,798684
13.178764820098877,798371
13.229770183563232,798199
13.415780782699585,797799
13.427781581878662,795338
13.528785228729248,794694
13.853806018829346,793606
13.970813274383545,791959
13.993812322616577,791489
14.12682056427002,787878
14.153823852539062,787725
14.56184697151184,787365
14.738857507705688,786825
14.795860290527344,786529
14.870864152908325,785712
14.936869621276855,785199
14.94786810874939,784298
14.964869976043701,783218
14.989872694015503,779201
15.039874792098999,779137
15.361891984939575,779017
15.376894474029541,778998
15.416896343231201,777631
15.623907804489136,774820
15.634908437728882,774435
15.655909776687622,774298
15.707914590835571,774205
15.8249192237854,768338
15.831920385360718,768062
15.903924942016602,767225
16.15794062614441,766534
16.28094792366028,765615
16.321948289871216,764713
16.40495538711548,763132
16.44195532798767,762896
16.53595781326294,762478
16.716963529586792,761882
16.72896432876587,761470
16.85297966003418,760495
16.87198257446289,760157
16.896982192993164,760078
16.910983324050903,759831
16.931987285614014,753280
17.154999017715454,752577
17.164997577667236,749985
17.193999767303467,749161
17.207003593444824,749091
17.300005674362183,748576
17.317006587982178,748570
17.42001461982727,748098
17.48099684715271,747613
17.4920175075531,746967
17.537019968032837,746566
17.732031106948853,744543
17.754034280776978,744254
17.778034448623657,743820
17.87403964996338,743735
17.922043800354004,743074
18.214059591293335,742817
18.282063245773315,741633
18.35406804084778,740851
18.37406897544861,740371
18.62808322906494,739007
18.685086727142334,738315
18.883098602294922,737941
19.078109979629517,737438
19.124112844467163,737091
19.126112699508667,736481
19.42813229560852,736146
19.42913269996643,735970
19.78415083885193,726468
19.935160875320435,726043
20.055169343948364,724820
20.351184129714966,724415
20.419188022613525,724367
20.54519557952881,724318
20.59920048713684,723956
20.683204174041748,723335
20.759209632873535,723040
20.900218725204468,722845
21.00319528579712,722626
21.28123950958252,721611
21.334243535995483,720734
21.3482449054718,720513
21.476249933242798,719123
21.917275428771973,719120
21.934276819229126,718738
22.171290397644043,718440
22.2172954082489,717590
22.22529625892639,717538
22.259297609329224,717014
22.378304958343506,716169
22.56531310081482,715696
22.6423180103302,715669
22.699323654174805,715251
22.842331886291504,714357
23.04734468460083,713798
23.21235179901123,713737
23.350361824035645,713689
23.90239429473877,713068
24.251412630081177,713040
24.29441499710083,711510
24.391422510147095,711310
24.86844825744629,711026
25.769501209259033,710932
26.125521898269653,710895
26.182527542114258,710733
26.491543292999268,710484
26.58755111694336,709893
26.701529026031494,709291
26.967545747756958,708461
27.002548217773438,708439
27.041550397872925,707468
27.458574533462524,707285
27.832622051239014,707273
27.839624166488647,707056
27.890625,706807
28.098637580871582,706797
28.510661840438843,706642
28.564664840698242,706562
29.03366446495056,706304
29.57772421836853,706238
29.65272879600525,705944
29.67873191833496,704501
29.752733945846558,704471
29.824738025665283,704287
30.21876096725464,703368
30.47077751159668,703259
30.484777212142944,702832
31.81685471534729,702701
31.826855421066284,702612
31.958863258361816,702388
33.22993755340576,702026
33.24093842506409,702013
33.24293756484985,701700
33.616960287094116,701447
33.84697365760803,699860
34.01598334312439,699819
34.05198645591736,699697
34.126991271972656,699649
34.299002170562744,699430
34.731027126312256,698667
35.37907004356384,698132
37.734201192855835,697997
38.5322482585907,697876
38.54424858093262,697692
38.58825087547302,697312
38.621254444122314,696777
38.681257009506226,695897
42.44247651100159,695049
42.47147989273071,694884
46.68669652938843,694818
46.98674201965332,694643
48.77984666824341,694348
48.87785267829895,694322
49.321879148483276,694262
51.36199712753296,693712
51.989036560058594,693625
52.130043268203735,693478
53.13310146331787,691966
56.671281576156616,691377
56.92029571533203,691325
57.09130573272705,690851
57.25731539726257,690575
59.477444648742676,688842
59.86546754837036,688415
87.6360936164856,688388
88.9771978855133,688360
