9.229476928710938,6994624
9.229476928710938,6973112
9.245128393173218,6967797
9.245128393173218,6962011
9.260753631591797,6953832
9.276378870010376,6946021
9.581290483474731,6942369
9.585290908813477,6936590
9.590470314025879,6928411
9.606353282928467,6928134
9.721418380737305,6922759
10.105214595794678,6921952
11.736019134521484,6917635
11.783021688461304,6917105
11.84200668334961,6909456
11.848032474517822,6908649
13.291488885879517,6907927
13.307140350341797,6907120
15.31141448020935,6906825
15.316396236419678,6906548
17.37106990814209,6899938
17.410263299942017,6898409
19.64733338356018,6897602
34.72874188423157,6897245
40.25998544692993,6893471
481.57691502571106,6891638
481.5799140930176,6890831
518.7913374900818,6890109
518.7953636646271,6889302
