0.044022321701049805,861409
0.10002970695495605,860147
0.1050252914428711,859867
0.10702633857727051,859840
0.12802767753601074,859050
0.14802837371826172,858951
0.19303131103515625,858715
0.22503399848937988,853956
0.7880499362945557,852946
0.9870810508728027,851305
0.9890599250793457,850753
1.053093433380127,849798
1.0550651550292969,848847
1.05908203125,848523
1.0690815448760986,848242
1.080064296722412,845258
1.8141262531280518,844678
1.8371286392211914,842489
4.542283773422241,841428
4.566290855407715,841417
4.6952948570251465,841169
4.69829535484314,840510
5.472340106964111,835523
5.472340106964111,835118
5.4833409786224365,834660
5.575348615646362,834654
5.589346647262573,833794
5.591327428817749,832867
5.593348264694214,831485
5.602350234985352,830897
5.63434910774231,830810
5.636350154876709,826756
5.637350082397461,826264
5.644331455230713,825996
5.66035008430481,824672
5.661331653594971,823716
5.668351888656616,823418
5.672351598739624,823272
5.677335739135742,821348
5.68335223197937,820743
5.7303550243377686,819581
5.737355470657349,819425
5.754356145858765,818896
5.761357307434082,818702
5.772338628768921,815232
5.787369012832642,813575
5.797358989715576,812847
8.355499267578125,812681
8.4094979763031,811395
8.430516481399536,811388
8.474497079849243,810411
8.485524654388428,808210
8.848518133163452,808033
8.894521236419678,807234
8.919522762298584,806532
8.954524278640747,804478
8.967525959014893,804178
8.981525897979736,801993
8.986526012420654,801105
8.992526531219482,800833
9.015527963638306,799668
9.0165274143219,798623
9.021528244018555,797379
9.034528970718384,796709
9.036529064178467,796698
9.039536714553833,796048
9.197541236877441,795821
9.219557523727417,794859
9.245541334152222,794098
9.249541521072388,793888
9.630584716796875,793285
9.631563425064087,792703
9.637563228607178,790751
9.756598472595215,790350
9.775574922561646,789429
9.792575359344482,787850
9.793575286865234,787759
9.798578023910522,787637
9.813576459884644,787148
9.856579065322876,779917
9.861579418182373,779592
9.974586248397827,778507
9.992587089538574,778240
10.014588832855225,777798
10.019598007202148,777509
10.03158974647522,776203
10.03259015083313,775728
10.045590162277222,775334
10.067591428756714,774455
13.55481219291687,772731
13.970820426940918,771678
13.992820978164673,771507
13.994821310043335,770654
14.003821611404419,768628
14.032822132110596,768355
14.036823987960815,767822
14.043824195861816,767810
14.180829286575317,766977
14.200831174850464,765134
14.220860481262207,764811
14.245852947235107,764746
14.260854005813599,764709
14.277855157852173,764149
14.2828369140625,763881
14.298856973648071,762808
14.672878742218018,762270
14.733861446380615,761423
14.742862939834595,761397
14.76588487625122,760978
14.777883768081665,760647
14.80588412284851,759681
14.806888103485107,758955
15.876949787139893,758424
15.922950506210327,758134
16.009938955307007,758065
16.02193808555603,757772
16.05993962287903,757331
16.066942930221558,756923
16.120961904525757,755441
16.136946201324463,754510
16.137945652008057,754450
18.97486901283264,752914
18.97486901283264,751981
18.97486901283264,749332
19.13253951072693,749212
19.197534561157227,747964
19.210535049438477,747545
19.2485568523407,747097
19.26055645942688,746495
19.291558980941772,746060
19.574826955795288,745831
19.590451955795288,745066
19.621702909469604,744985
19.712496757507324,743916
19.759498596191406,740553
19.77350163459778,740027
19.96052837371826,739713
19.98651432991028,739483
20.0124990940094,738612
24.228620052337646,737642
24.428144216537476,737592
24.523463249206543,736226
24.531545162200928,735761
24.547170400619507,735661
24.547170400619507,735495
24.578420639038086,735443
24.609670400619507,735095
24.780921936035156,732101
24.783920526504517,731526
24.81894016265869,730660
24.819939613342285,730013
24.838943004608154,729154
25.21158194541931,729029
25.22720718383789,728781
25.22720718383789,726858
25.24406099319458,726184
25.24406099319458,725870
25.259713649749756,724759
25.259713649749756,723562
25.304055213928223,723291
25.50463318824768,721241
25.601628065109253,720859
25.710613489151,719913
26.023114681243896,718160
26.023114681243896,716286
26.07149648666382,715679
26.26549983024597,715007
26.278499841690063,713695
28.61858367919922,713554
28.985890865325928,713029
32.0117449760437,712848
32.027369260787964,712164
32.0429949760437,711253
32.13674473762512,710976
32.15236973762512,710303
32.2092022895813,710098
32.24045205116272,709779
32.24045205116272,709420
32.31340289115906,708567
32.456151247024536,708559
32.58115100860596,708388
32.628026247024536,708353
32.762871503829956,708062
32.837876081466675,707532
32.93196487426758,706994
32.93596339225769,706613
32.956965923309326,706452
32.95796823501587,706435
33.10490298271179,706087
33.177889823913574,705840
33.26589632034302,705818
33.27289843559265,705610
33.33089852333069,705326
33.367918252944946,703891
34.006956815719604,703535
36.34907531738281,703292
36.48810267448425,703154
36.943111419677734,702729
37.05511808395386,702595
37.15912461280823,701229
38.43022108078003,701058
38.73823404312134,700450
38.824239015579224,700247
38.8602511882782,700000
38.891247034072876,699728
38.9022433757782,699637
39.53928065299988,697563
39.59126615524292,696611
39.750274896621704,696133
39.80629634857178,696085
39.86828064918518,695611
40.51632046699524,695339
41.069380044937134,694102
41.432374477386475,693465
41.51739525794983,692633
41.53738260269165,692277
41.56339907646179,692072
41.578380823135376,691553
41.583410024642944,691235
41.5974006652832,690958
41.64140343666077,690792
42.38042736053467,690297
42.39345693588257,689694
42.536456823349,688970
42.651445150375366,688429
42.679444313049316,688236
42.723467111587524,688166
42.75446891784668,688098
42.79846978187561,687707
43.75652837753296,687158
44.04354405403137,687053
45.75362467765808,686865
45.93163514137268,686813
48.71381711959839,686650
49.08383774757385,686643
49.15882635116577,686111
49.16082406044006,685652
49.16782760620117,684815
49.190826177597046,684167
49.23082876205444,683941
49.24382925033569,683258
49.59885001182556,682387
49.628851652145386,681845
49.640851974487305,681783
51.93800640106201,680294
52.65302920341492,680093
52.751036167144775,680027
52.78203797340393,679800
52.914045095443726,678973
53.00904941558838,678517
53.720109939575195,677947
54.163116693496704,677919
54.225120067596436,677422
54.32312607765198,676539
55.30118250846863,675642
56.13123178482056,675533
56.22723746299744,675388
56.42725086212158,675054
57.0282998085022,674837
57.10631227493286,674538
57.372323751449585,674487
57.86035180091858,673824
57.87135291099548,673341
58.22135543823242,673315
65.3597903251648,673306
65.49479913711548,673290
67.52692127227783,672967
67.62392330169678,672826
71.69616317749023,672758
71.73616361618042,672486
72.1091935634613,672365
72.14917016029358,672329
72.28119564056396,672222
72.4432065486908,671926
75.08135962486267,671873
77.16348123550415,671596
78.72955465316772,671582
79.25158357620239,671416
85.83797097206116,671375
86.35199880599976,671173
86.5250301361084,670797
214.3885087966919,670797
