0.005995988845825195,7331862
0.011536121368408203,7316995
0.022437095642089844,7300921
0.03431105613708496,7280070
0.03979897499084473,7259863
0.07823896408081055,7240406
0.08379006385803223,7223378
0.08935379981994629,7221034
0.10572481155395508,7220772
0.12578392028808594,7143002
0.44063496589660645,7129454
0.6721169948577881,7129248
0.6784770488739014,7049653
1.0819900035858154,7042838
1.2944869995117188,7040597
1.3063619136810303,6998162
2.3009369373321533,6960933
2.3187828063964844,6856345
4.292536020278931,6854997
4.304002046585083,6806675
8.916587829589844,6789671
8.924136877059937,6722043
8.995376110076904,6720909
9.451531887054443,6690011
9.492780923843384,6680459
9.502382040023804,6664743
9.510336875915527,6651867
9.531512975692749,6630202
9.56308388710022,6629401
9.573770999908447,6580555
9.618881940841675,6574632
9.626879930496216,6520286
9.772336959838867,6520009
9.780884981155396,6426297
10.94493579864502,6425839
10.966102838516235,6386079
14.919359922409058,6384394
14.929351091384888,6310714
18.04323983192444,6297304
18.107783794403076,6296454
18.117142915725708,6244003
18.58391785621643,6242970
19.7098867893219,6226165
19.721585035324097,6171377
19.834503173828125,6160986
19.914482831954956,6145221
19.925724029541016,6114274
19.94959306716919,6019933
19.972790002822876,6015491
19.986624002456665,6002449
19.998600959777832,5985804
20.009118795394897,5975800
20.020861864089966,5965258
20.174510955810547,5906515
20.200156927108765,5836849
22.223981857299805,5802711
22.518658876419067,5789717
22.53285503387451,5764889
22.620711088180542,5690133
22.6298189163208,5678307
22.663334131240845,5553571
22.676713943481445,5549983
22.710888862609863,5493537
22.72034192085266,5469327
22.76676893234253,5408023
22.778625011444092,5388253
22.79099988937378,5333674
22.801743984222412,5299770
22.836330890655518,5291741
22.928866863250732,5287291
22.94198489189148,5256922
23.20708703994751,5238756
23.21876287460327,5193308
23.40985894203186,5182829
23.428882122039795,5127429
24.03297996520996,5124926
27.337080001831055,5124093
27.6994149684906,5094580
27.785897970199585,5056631
27.804635047912598,5030746
28.03389310836792,5020931
29.34617805480957,5018306
29.39725685119629,5003791
30.191176891326904,4989019
30.226463794708252,4944666
41.34267473220825,4943748
47.46948981285095,4930317
47.55846810340881,4912757
47.640957832336426,4898124
47.679704904556274,4895812
47.70039892196655,4889818
48.43232083320618,4885859
48.54939413070679,4884147
48.561365842819214,4870914
48.576225996017456,4866842
48.58940887451172,4856851
48.60740900039673,4849114
48.61831498146057,4837470
48.64922213554382,4817634
48.68450975418091,4813421
48.69891405105591,4803190
48.70909094810486,4784668
48.72706699371338,4779016
48.75258493423462,4759982
48.76621985435486,4743180
48.794049978256226,4705979
48.810144901275635,4697328
48.82704782485962,4661317
48.84727191925049,4649723
48.86509394645691,4640623
48.926676988601685,4638545
48.94717311859131,4634525
48.992326974868774,4617783
49.16676902770996,4616523
49.22205686569214,4602119
49.254321813583374,4573543
49.26434397697449,4567865
49.29889988899231,4560014
49.485365867614746,4553168
49.49792981147766,4544239
49.52987003326416,4539443
49.57251691818237,4512353
50.28114891052246,4505118
50.3007447719574,4504451
50.48068189620972,4504379
50.56603193283081,4503604
50.646567821502686,4496871
50.69957709312439,4496371
50.71018099784851,4465231
50.72730207443237,4334262
50.76375102996826,4307531
50.91074991226196,4252127
50.92559790611267,4246296
51.04203796386719,4243526
51.063655853271484,4204942
51.076021909713745,4192507
51.18177509307861,4171966
51.22011590003967,4164172
51.257938861846924,4163820
51.27139186859131,4162594
51.383373975753784,4161115
51.406310081481934,4147423
52.36997699737549,4146902
52.378785848617554,4108067
56.8381450176239,4105141
57.004966020584106,4100200
57.126707792282104,4089157
57.17883110046387,4069105
57.18876314163208,4055073
57.22738814353943,4053973
57.26398301124573,4049397
57.56144881248474,4049067
57.59452414512634,4046654
57.627740144729614,4040634
57.92142987251282,4040077
58.474586963653564,4039007
58.49585771560669,4035547
58.59829497337341,4035425
58.6211359500885,4028516
58.69457983970642,4017773
58.76167106628418,4012086
58.80042314529419,4003584
58.81515312194824,4000554
58.892737865448,3997508
58.91488289833069,3990195
59.1309449672699,3983934
59.141899824142456,3975605
59.164259910583496,3973115
59.25005507469177,3957436
59.258760929107666,3948401
59.28461408615112,3936908
59.30971574783325,3929578
59.330235958099365,3904418
59.34407687187195,3900242
59.35196900367737,3898544
59.359302043914795,3898517
59.36854696273804,3893835
59.37630105018616,3876011
59.38760805130005,3875921
59.440093755722046,3860880
59.462695837020874,3837408
59.4941668510437,3814907
59.51092195510864,3796073
59.614830017089844,3792007
59.650599002838135,3780508
59.75499892234802,3757666
59.76988697052002,3740242
59.785308837890625,3738536
59.79952096939087,3638802
59.85363698005676,3626022
59.89569878578186,3531708
59.91161394119263,3522062
59.97091603279114,3499369
60.1162109375,3491908
60.14089584350586,3464384
60.2326021194458,3462301
60.251367807388306,3461968
60.258705139160156,3460720
60.2764630317688,3448565
60.28585886955261,3443419
60.29343390464783,3434294
60.347235918045044,3419052
60.389729022979736,3411465
60.42556691169739,3410077
60.438961029052734,3400985
60.451448917388916,3377040
60.46615791320801,3368327
60.47509789466858,3355555
60.54080605506897,3347908
60.680033922195435,3323134
60.71962594985962,3315190
61.10930800437927,3307546
61.33133888244629,3305088
62.26229190826416,3301997
62.2774498462677,3297780
62.379647970199585,3289010
62.40552592277527,3282264
62.41648197174072,3271134
62.59266185760498,3271067
62.711061000823975,3264616
62.74726390838623,3260468
63.6374249458313,3252856
63.65143013000488,3233878
63.69597101211548,3222831
63.710766077041626,3221826
64.14664006233215,3210651
65.21053099632263,3207493
66.8991289138794,3197888
67.12144494056702,3194737
67.39289093017578,3194723
67.40437078475952,3188608
69.95886492729187,3187770
69.96741080284119,3180891
70.69134402275085,3177953
71.14663100242615,3175530
71.16133189201355,3147239
71.29095387458801,3146797
71.30415081977844,3143288
71.36925411224365,3142005
71.40254306793213,3129490
71.48951005935669,3129153
71.51987075805664,3122087
71.53273010253906,3117742
71.80897092819214,3115238
71.84560489654541,3109547
72.04002594947815,3106924
72.05277514457703,3084766
72.2121639251709,3078823
72.39195990562439,3078219
72.4047110080719,3073842
73.43535685539246,3071252
73.44930696487427,3045327
73.54102277755737,3043645
73.55048990249634,3041243
73.70250201225281,3039610
74.33444809913635,3024409
74.56534481048584,3017669
74.57150101661682,2997654
75.23831391334534,2997518
76.52674078941345,2959491
76.56477189064026,2951084
76.6421549320221,2950385
76.65143585205078,2939945
76.96654391288757,2938658
77.04865097999573,2937817
77.06038498878479,2936722
77.06750893592834,2934153
77.12265396118164,2928861
77.27333498001099,2927997
77.48523473739624,2908415
77.68327188491821,2907734
77.84818387031555,2906559
78.24619483947754,2905090
78.9682548046112,2900457
78.99560904502869,2896534
79.0055878162384,2890643
79.02135014533997,2889660
80.26182389259338,2887488
80.2746729850769,2864375
81.01007199287415,2863741
81.06204104423523,2863644
83.07335186004639,2862408
89.43102884292603,2860739
91.61957812309265,2856329
95.04951190948486,2841938
95.05937600135803,2835908
95.0869688987732,2829137
95.09930801391602,2825787
95.12209892272949,2810434
95.1397647857666,2801964
95.24147295951843,2801938
95.25049686431885,2800422
95.25907182693481,2799781
95.36202001571655,2795025
96.47928595542908,2795019
96.4894278049469,2774652
96.53242492675781,2774564
96.54558515548706,2765461
101.86477589607239,2751898
102.62171578407288,2751800
102.9332447052002,2740559
103.10855007171631,2737296
103.12013506889343,2717128
103.63192105293274,2713777
104.32311296463013,2596792
104.33756685256958,2577877
104.47562003135681,2493536
105.10500192642212,2493001
105.17101407051086,2482003
105.3315179347992,2409054
105.36418890953064,2390654
105.51357889175415,2357048
105.53175115585327,2355059
106.3721981048584,2320755
106.3785240650177,2290568
106.397864818573,2266908
106.41494083404541,2218036
106.42656779289246,2214771
106.43695092201233,2131882
106.46669507026672,2128745
106.49105596542358,2127995
106.5006890296936,2089928
106.50951600074768,2089046
106.57512784004211,2050948
106.58833193778992,2042666
107.38663792610168,2039386
107.39582991600037,2038802
107.40450811386108,2017163
107.45231890678406,1998693
109.40653204917908,1996267
111.32965278625488,1984412
111.40600895881653,1973428
115.5933837890625,1973152
128.47415590286255,1972791
129.53232884407043,1907660
130.41790294647217,1880360
131.248850107193,1876905
131.28836703300476,1873310
131.950945854187,1870527
131.96132278442383,1861725
132.05969977378845,1859736
132.0894889831543,1857849
132.11273288726807,1856190
133.04653000831604,1854905
133.95289206504822,1853111
134.72215008735657,1851797
135.7678508758545,1851766
135.77399277687073,1850723
135.78155779838562,1850160
137.39815187454224,1833871
142.87384486198425,1809409
147.8591389656067,1809382
147.8652708530426,1773091
152.05399107933044,1772394
152.0666468143463,1750786
154.31422305107117,1749414
154.32543396949768,1749139
154.35283994674683,1748882
154.36478304862976,1742611
154.51611995697021,1740640
154.53054189682007,1732057
154.8128638267517,1729901
155.22872185707092,1729031
155.23731803894043,1727253
155.2595670223236,1723030
155.29156398773193,1721959
155.31129598617554,1720859
155.38072109222412,1719286
156.5599720478058,1715609
156.59952998161316,1710849
156.84713006019592,1706957
156.85887503623962,1703131
156.90076088905334,1697803
156.90688300132751,1690457
156.9267339706421,1684621
156.93468189239502,1675287
156.99752378463745,1674852
158.35644793510437,1674109
158.6178159713745,1671317
158.6545398235321,1669864
158.68138694763184,1664752
159.5376570224762,1662204
159.56303882598877,1662032
159.74570488929749,1661541
159.8130989074707,1658079
159.86508202552795,1657280
159.90297102928162,1654892
159.91669607162476,1654229
159.93474078178406,1647827
160.2159309387207,1647790
160.22378301620483,1646841
161.69461584091187,1640824
161.8856439590454,1640360
161.8939938545227,1639539
169.52563095092773,1638759
169.53737688064575,1636127
171.29215788841248,1635268
171.3206648826599,1632560
172.72428107261658,1632303
172.75111484527588,1628160
172.7965989112854,1625033
172.81533193588257,1624397
172.8213849067688,1619873
172.8996319770813,1619058
172.92427802085876,1618708
172.93825507164001,1618238
173.08943390846252,1617886
173.12463879585266,1609529
174.0919988155365,1608476
174.09940910339355,1605967
174.16373705863953,1604964
174.16995191574097,1603359
174.2693967819214,1603197
174.30360889434814,1595892
174.48335790634155,1593636
174.55274486541748,1592506
174.59978985786438,1591848
174.61259198188782,1590613
176.08401489257812,1590493
176.09637093544006,1590156
176.15012288093567,1590049
176.1743938922882,1588494
176.33166408538818,1586960
177.06031680107117,1586320
177.06930875778198,1585805
177.70278000831604,1585711
177.76826214790344,1585010
177.7825310230255,1584942
178.7711000442505,1584677
178.8715488910675,1584190
178.910413980484,1583547
178.91894006729126,1578974
179.1093008518219,1577396
179.13064098358154,1576845
179.153333902359,1576235
179.2589647769928,1576096
179.34382891654968,1573410
180.14407587051392,1571154
180.29120182991028,1570424
180.29752683639526,1570301
181.15609216690063,1569281
181.28121900558472,1567975
181.28847670555115,1563982
181.3053297996521,1561812
181.3749029636383,1561051
181.4026119709015,1559299
181.42354083061218,1558601
181.43456983566284,1557066
181.49189281463623,1556851
181.51627373695374,1556654
182.118714094162,1555148
182.98672199249268,1554031
183.2608528137207,1551074
183.30044794082642,1550948
183.3288459777832,1546128
183.8448097705841,1545182
183.85563492774963,1541929
183.88896298408508,1541774
185.56969094276428,1540872
185.5824990272522,1538324
188.22814989089966,1538278
190.79641389846802,1537879
196.1379418373108,1537377
199.1377649307251,1536139
199.2085359096527,1535721
199.21579384803772,1533710
206.0626039505005,1533570
206.09555792808533,1533087
207.22694492340088,1530878
207.26494097709656,1530471
207.3635869026184,1530048
207.376944065094,1529401
208.67706489562988,1529170
208.68866395950317,1525549
211.23849487304688,1525118
211.25098490715027,1521896
211.29851984977722,1521040
212.5343840122223,1519390
212.60218906402588,1519292
212.6126959323883,1517661
212.6279170513153,1517601
212.6403408050537,1517528
213.42635488510132,1517116
213.69333696365356,1513596
213.70552682876587,1510896
213.71768379211426,1508467
214.31739687919617,1508385
214.323548078537,1504604
214.34641408920288,1504421
214.4036147594452,1503744
214.43650698661804,1501506
217.21761202812195,1501305
217.94306707382202,1500543
217.9525089263916,1499407
217.96123099327087,1495491
218.2818741798401,1495232
218.9063379764557,1495118
218.95073699951172,1494383
218.9861319065094,1490388
219.01006412506104,1489982
219.02296376228333,1489470
220.7271831035614,1489214
220.7340247631073,1486716
220.76994800567627,1485156
220.85313081741333,1484321
220.86140990257263,1482072
220.8842179775238,1481524
220.9131669998169,1478712
221.1654760837555,1476783
221.1727168560028,1475432
221.17938494682312,1474843
221.2619800567627,1474577
221.33775401115417,1473307
221.34994983673096,1470728
221.87117505073547,1466139
222.55408596992493,1463652
222.8809859752655,1458649
224.51283812522888,1457806
224.53600978851318,1457311
224.56986784934998,1451402
224.59012484550476,1450841
224.60316109657288,1440328
225.64135098457336,1433656
225.7747609615326,1429630
226.7175509929657,1428114
226.88746786117554,1423536
227.5328049659729,1422306
227.7630000114441,1419641
227.82334685325623,1419427
228.39410710334778,1418464
228.4109969139099,1417698
229.549311876297,1417080
230.0137689113617,1407487
230.36175990104675,1404220
230.37145495414734,1404177
230.41814398765564,1401920
230.4470329284668,1401301
230.99643993377686,1400982
231.00294589996338,1388256
231.01087093353271,1387330
231.02347683906555,1377567
231.04061198234558,1376583
231.0487630367279,1371180
231.11049008369446,1363897
231.12330317497253,1354421
231.16506576538086,1346463
231.24401092529297,1346317
231.26162195205688,1345190
231.45772409439087,1344784
231.4770848751068,1344389
231.49384212493896,1342399
231.51980900764465,1336660
231.5323350429535,1317932
231.58895611763,1317123
231.60489201545715,1313245
231.63448476791382,1310246
232.33643102645874,1294208
232.42678904533386,1283045
232.75114798545837,1281900
232.76339507102966,1279339
232.7804729938507,1277705
233.52713584899902,1274237
233.54918789863586,1273663
233.58425092697144,1268469
233.67129492759705,1261162
234.7091507911682,1257282
234.80023097991943,1256434
234.81129097938538,1254148
235.7916259765625,1252929
237.18769192695618,1251564
237.20346307754517,1250894
238.12703776359558,1250775
238.19545102119446,1235862
238.22048091888428,1225319
238.311176776886,1211625
238.4150960445404,1208440
238.95053100585938,1202655
238.96958684921265,1146275
239.15135288238525,1124429
239.16049194335938,1076095
240.79661297798157,1057528
241.74544501304626,1054704
242.73965883255005,1052891
243.47708296775818,1050169
243.48815393447876,1049689
243.49661993980408,1046764
245.66905784606934,1042689
247.94927883148193,1042661
247.96055603027344,1039423
251.0432517528534,1031586
251.17199397087097,1031377
251.17888879776,1031235
252.02940678596497,1022376
253.53852581977844,1020080
254.25165581703186,1019206
254.27589392662048,1018450
257.5469539165497,1017717
257.558895111084,1010590
259.14014410972595,1010145
259.8557448387146,1008103
259.88786816596985,1004922
259.9259488582611,1001481
259.9813048839569,1000204
260.00822591781616,998325
261.68405079841614,996783
262.3429448604584,996310
262.3653838634491,983211
265.11071395874023,980558
265.1429810523987,979830
265.16566801071167,979751
265.77572798728943,978174
265.82193303108215,975481
267.00494599342346,971804
267.0213317871094,970612
268.1505980491638,969992
268.73134899139404,969169
271.822301864624,966635
271.8679430484772,966088
272.40949177742004,965465
272.9076249599457,965168
273.27077293395996,964368
273.63530802726746,963834
273.65251088142395,962373
273.6648349761963,960973
273.67214608192444,960218
273.69036889076233,958964
273.79547786712646,955978
274.17862701416016,955790
274.1858401298523,955596
274.69744396209717,953927
274.706111907959,949605
275.23217701911926,949246
275.6394989490509,949110
277.64321184158325,948685
277.68075299263,947928
277.7449378967285,946806
278.0923240184784,946531
278.1045069694519,946462
278.52232599258423,945093
278.9253079891205,944569
280.05556893348694,944502
280.1527609825134,943890
280.2632019519806,943354
280.34353613853455,942478
280.5458610057831,940824
280.5708909034729,940236
280.57990193367004,939403
280.68562293052673,938884
280.7059087753296,938167
280.73104977607727,937928
280.7392280101776,935999
280.8380060195923,935398
280.85127997398376,934132
280.8732600212097,933572
281.5082857608795,932517
281.99149894714355,932498
282.0460510253906,931869
282.0552077293396,931484
282.0668828487396,931257
282.1115758419037,930315
282.3782298564911,930282
282.3854649066925,928569
282.43296694755554,928117
282.4984529018402,927257
282.68770384788513,927085
282.7102530002594,925736
282.7355968952179,925724
283.0338840484619,924719
284.6367447376251,924315
284.6489109992981,923709
284.67286491394043,921009
285.2862319946289,919496
285.3073949813843,919327
285.464008808136,918208
286.6718518733978,918006
286.9752929210663,917775
287.0504717826843,917271
288.22882604599,916576
295.4647789001465,911519
315.7280161380768,911418
315.7380871772766,911326
315.7516288757324,911276
315.7638440132141,908879
317.86215591430664,908154
317.8705258369446,905646
323.33605694770813,905632
323.36208987236023,905210
325.94055700302124,905108
338.750816822052,902495
340.48183393478394,898893
341.51371574401855,898810
343.27060079574585,897720
343.2853910923004,896803
343.41760993003845,896115
348.7045998573303,893288
349.3651819229126,890943
353.541063785553,890674
353.6083199977875,890336
355.6699161529541,889511
355.7074840068817,888735
362.8569567203522,886171
367.0447449684143,880251
376.09739780426025,879852
376.1380777359009,879189
386.89185094833374,878002
391.42799615859985,877937
393.57639384269714,877757
397.86973881721497,877729
439.8428828716278,876987
439.86874198913574,875625
452.9586639404297,875269
464.41907811164856,873412
464.52885389328003,873139
464.538281917572,872709
466.33256697654724,871119
469.858247756958,871047
472.2464370727539,870093
478.5054497718811,869121
479.33303117752075,868578
479.7573628425598,868451
480.4282920360565,868045
480.4519851207733,868026
483.3848159313202,867623
485.79784989356995,867467
485.87537693977356,867322
486.5689709186554,866572
487.14718413352966,866450
487.15666604042053,864816
487.7789947986603,863261
487.7895178794861,863157
489.32153487205505,862963
491.221195936203,862555
491.29082584381104,861569
512.5753540992737,861529
512.5838279724121,861188
514.6151940822601,858616
515.0852389335632,854564
517.3752958774567,854319
537.534765958786,851717
539.411504983902,851322
543.2401881217957,850013
546.1928029060364,849965
550.552011013031,843248
556.0607438087463,840763
559.1180918216705,838914
560.6819648742676,837400
569.4100649356842,836136
571.663890838623,836089
571.6759309768677,835514
572.6613609790802,834631
574.7732899188995,833981
574.8190240859985,833262
575.1887509822845,833097
577.2627120018005,832223
577.6077527999878,832161
578.868371963501,831880
579.6426620483398,831250
579.7965259552002,831140
581.7090048789978,830731
