0.06002044677734375,797882
0.06500482559204102,797877
0.16100764274597168,796690
11.49323320388794,795836
11.55168604850769,794692
11.552685499191284,794152
11.59968876838684,793954
11.657710790634155,792545
11.667713165283203,790416
11.670691013336182,790283
11.676712989807129,789474
11.687718391418457,787797
12.060734987258911,787051
12.07071566581726,786322
12.223917245864868,786024
12.225919246673584,784505
12.227919816970825,783232
12.264902591705322,782822
12.272930383682251,782742
12.287930965423584,782284
12.290931940078735,782150
12.293931245803833,781869
12.445931911468506,780221
12.449916124343872,779674
12.461931228637695,779222
12.871737480163574,778497
12.880738735198975,777923
12.906739473342896,777001
12.936721563339233,775448
12.98674488067627,775132
13.002745151519775,774326
13.111750364303589,773450
13.127733707427979,773231
13.14275050163269,772885
13.170735836029053,772437
13.234759092330933,772295
13.4027681350708,771302
13.455753087997437,770483
13.459772109985352,770436
13.460772037506104,769253
13.508775234222412,768914
13.594779968261719,768160
13.617789506912231,765792
13.635003805160522,765107
13.640977382659912,764349
13.644996166229248,763253
13.763001680374146,762849
13.877254724502563,762505
13.87825894355774,761763
17.466986179351807,761676
17.542499780654907,760743
17.542499780654907,760566
17.558124542236328,759499
17.558124542236328,758346
17.558124542236328,756641
17.573749542236328,756471
17.589374542236328,756466
17.636249542236328,755659
17.636249542236328,755654
17.834070205688477,755143
17.83708119392395,754988
17.853054761886597,754629
17.856072425842285,754493
17.891056776046753,751361
17.947059631347656,750776
21.265135049819946,750463
21.38114047050476,749790
21.399141550064087,749546
21.40457272529602,749541
22.328033685684204,749158
22.378036737442017,748385
25.047734260559082,748081
25.061734914779663,746995
25.07973599433899,746815
25.089736938476562,745898
25.27288317680359,744761
26.294553518295288,743092
26.335554838180542,742508
26.38119649887085,741043
26.464457988739014,740734
26.67835259437561,740470
26.69576144218445,740468
26.949472665786743,740059
26.95548987388611,739576
26.961490631103516,739034
27.452964782714844,737551
27.468962907791138,737304
27.506965398788452,737282
27.677984952926636,737026
27.725958585739136,736402
27.79596257209778,736164
27.8239643573761,736025
28.673410177230835,734655
28.67440891265869,734364
28.69840931892395,733785
28.703410148620605,733554
28.70462727546692,733230
28.79840350151062,732089
29.038249254226685,732075
29.05657148361206,731819
29.524768829345703,731628
29.672454595565796,731045
29.686474323272705,729708
29.69047451019287,728982
29.705472946166992,728902
29.738598346710205,728695
29.87883472442627,728276
29.894837379455566,727833
30.152851343154907,727182
30.157851696014404,726238
30.17585277557373,724859
30.296859741210938,724768
34.584686517715454,724613
34.649688720703125,724576
34.688692569732666,723880
34.78469657897949,723745
35.14352107048035,722500
35.17479729652405,722072
35.2333242893219,721904
35.35975694656372,721340
35.39103412628174,720865
35.40665912628174,720663
35.424386501312256,720436
35.45538949966431,720299
35.46955919265747,719923
35.54576587677002,719129
36.25380992889404,718788
36.442469358444214,718558
36.95755577087402,717863
38.09028220176697,716831
38.09926652908325,716598
38.16402816772461,716468
38.45154786109924,716372
38.47154974937439,715967
38.572835206985474,715493
38.573835611343384,714944
38.625837326049805,714704
39.67665076255798,713187
39.681660652160645,712921
39.75822043418884,712720
39.79023742675781,712510
39.95024609565735,712379
41.946638107299805,712340
42.02572250366211,711464
42.33175039291382,711241
43.95591950416565,710919
44.16638970375061,710738
44.30879020690918,710146
44.324774742126465,709557
44.34279227256775,709553
44.53387475013733,709455
44.54687809944153,708944
44.63088393211365,708158
44.6888861656189,707924
44.71788787841797,707781
44.74088907241821,707582
44.890880823135376,707573
44.93988347053528,707017
45.05188989639282,706479
45.14294910430908,705542
46.00056862831116,705342
46.13075280189514,705338
46.29808855056763,704480
46.38285207748413,704341
46.38285207748413,704078
48.39312410354614,703752
49.04259443283081,702586
50.83292841911316,702484
50.894933223724365,702067
50.96393656730652,702048
51.19371724128723,701596
51.476223945617676,701504
56.541029930114746,701437
56.806044578552246,701345
57.550671339035034,701111
58.1650276184082,701081
58.18504476547241,700598
58.90694880485535,700344
59.78475546836853,699948
59.814757347106934,699345
59.96122694015503,698814
60.045931577682495,698765
60.517277240753174,698500
60.58828163146973,698451
60.59828186035156,698024
60.64628458023071,697412
60.65928554534912,697261
60.93117928504944,696901
61.230185985565186,696758
62.63822627067566,696635
62.700228452682495,696575
62.86823749542236,696246
63.3102650642395,696225
63.91329860687256,696147
65.22139477729797,695848
65.43746137619019,693685
66.6599977016449,693337
66.66499996185303,693125
69.33861660957336,693107
69.41764068603516,692237
69.50265049934387,692215
69.53365707397461,691809
69.93456840515137,691637
70.11347889900208,691277
71.15120387077332,691144
74.83222818374634,691081
75.01341724395752,690809
76.34637546539307,690787
76.46075701713562,690694
79.45025539398193,690690
79.60650539398193,690573
80.96152520179749,690513
161.1390414237976,689929
162.61410117149353,688736
162.92062902450562,687254
216.94289326667786,687254
