12.93678331375122,808779
12.94478440284729,808777
12.993786096572876,805991
13.112793207168579,804874
13.224799156188965,803463
13.240799188613892,803045
13.257802248001099,792539
13.310805082321167,792462
13.340807437896729,791017
13.400808334350586,790959
13.459811925888062,790441
13.492815732955933,789805
13.497814178466797,788992
13.501814365386963,788776
13.53281831741333,787838
13.541816711425781,786656
13.568819046020508,785297
13.632822275161743,783932
13.693825721740723,783392
13.713827848434448,783349
13.735820531845093,783282
13.769829750061035,782779
13.787832975387573,780842
13.804832458496094,779323
13.939839601516724,775379
14.02684497833252,772491
14.042846918106079,771892
14.153852224349976,771449
14.359867095947266,770875
14.424870252609253,769988
14.428868532180786,768939
14.440869808197021,768448
14.54087519645691,767822
14.550876140594482,767169
14.592878580093384,767130
14.66488265991211,766525
14.671882629394531,765534
14.679883241653442,765268
14.718885898590088,764588
14.756890296936035,764148
14.776890993118286,763985
15.113909244537354,763228
15.140910387039185,763026
15.16591191291809,763023
15.443928480148315,762826
15.465929746627808,762609
15.502931356430054,762069
15.534935235977173,761482
15.69994330406189,757175
15.733937978744507,757147
15.743937969207764,756199
15.753946304321289,753828
15.958959102630615,745887
15.969958543777466,745037
15.984961748123169,744386
15.991960763931274,741021
16.06996488571167,740894
16.16497254371643,740879
16.393983364105225,739956
16.804009437561035,739867
16.822009563446045,739157
16.847009658813477,738881
16.882011890411377,737748
17.20603322982788,737147
17.21503186225891,736015
17.224032163619995,734730
17.4620463848114,734702
17.486047506332397,734167
17.633048057556152,733756
17.78206706047058,733322
17.823068857192993,732846
17.893071174621582,732384
17.92707371711731,732317
18.00907802581787,732289
18.124086618423462,731993
18.798123598098755,731828
19.162147760391235,731188
19.192147731781006,731136
19.197148084640503,730569
19.198147535324097,729285
19.326156854629517,728834
19.409160137176514,727497
19.410160064697266,727163
19.416162490844727,727155
19.499165058135986,726822
19.519166469573975,726497
19.62917470932007,726428
19.74917984008789,726211
19.963194370269775,725801
20.46022129058838,725374
20.549226999282837,722680
20.80324077606201,722402
20.92624855041504,722296
21.120259761810303,722171
21.36027431488037,719337
21.3662748336792,713013
21.478283405303955,712430
21.65529155731201,712197
21.697294235229492,712080
22.00932025909424,711720
22.037315607070923,711643
22.09331965446472,711621
22.451339960098267,711202
23.614405870437622,710516
23.696412801742554,710148
23.948426961898804,709272
23.994428157806396,708801
24.00643014907837,707835
24.103434085845947,707669
24.249443769454956,706738
24.257445335388184,706719
24.41545581817627,706107
24.504459857940674,705928
24.929484367370605,705675
25.053490161895752,705249
25.091493368148804,704056
25.362509965896606,703873
25.503518104553223,703065
26.659583568572998,702712
26.94060230255127,702307
27.16361379623413,702216
27.22261691093445,702001
27.429631233215332,701973
27.64461398124695,701893
28.568695545196533,701787
28.836711168289185,701762
29.035724401474,701392
29.449747800827026,700604
29.538753271102905,700558
29.561755657196045,699848
29.729763746261597,699826
29.816768884658813,699813
31.0358407497406,699710
32.49392485618591,699612
32.55892872810364,699353
32.634909868240356,699002
32.77493357658386,698931
32.886948347091675,698815
32.92595052719116,698592
33.92500901222229,698363
33.9840145111084,698191
34.14202117919922,698008
34.407036781311035,697793
34.771058797836304,697564
34.854063510894775,697304
36.407153606414795,696762
36.8621826171875,695213
37.784236431121826,694361
38.1102557182312,694144
38.196258783340454,693675
39.676345109939575,693413
39.86035680770874,693237
40.16337466239929,691679
40.37238645553589,690197
40.44039225578308,690084
40.919419288635254,689785
41.060426473617554,689758
41.21443581581116,689610
41.23443651199341,689596
41.41844725608826,689397
41.54745650291443,689017
42.142491817474365,688841
42.15549182891846,688416
42.16749048233032,688215
42.19049382209778,687144
43.47056770324707,686830
45.40968060493469,686698
48.722875356674194,686419
48.939887285232544,686121
49.6129264831543,685659
50.4579758644104,685622
51.434032917022705,685380
74.34937381744385,685160
76.48049759864807,685121
94.33354353904724,684946
94.4905526638031,684882
94.5995581150055,684710
104.93816184997559,684556
