10.662651062011719,872275
10.67065143585205,871990
10.725654363632202,871701
10.727654933929443,868119
10.749657392501831,867500
10.75765872001648,865667
10.772656440734863,865520
11.144679546356201,865482
11.150679349899292,865355
11.163681983947754,864030
11.27068829536438,863439
11.274686574935913,863216
11.277688980102539,862722
11.285687446594238,861185
11.299689769744873,858033
11.317691564559937,857539
11.41069483757019,856975
11.437696933746338,855314
11.44569730758667,854560
11.452699184417725,854135
11.586706638336182,847286
11.654711246490479,846993
11.802717924118042,846567
11.836721420288086,846358
11.866721391677856,846348
11.97572946548462,845945
12.00072979927063,845835
12.045732021331787,845594
12.0677330493927,844281
12.16074013710022,843788
12.234742879867554,843740
12.2997465133667,843094
12.330749034881592,841798
12.33275055885315,840000
12.619767427444458,838813
12.64076828956604,837245
12.913784265518188,837163
12.928783893585205,837155
12.954785585403442,835993
12.967788219451904,835683
12.969785928726196,834491
13.024789333343506,834415
13.032789707183838,832672
13.089795112609863,831662
13.412811756134033,831530
13.550819396972656,831435
13.745831966400146,831003
14.459874868392944,830356
14.464873790740967,829620
14.492874383926392,828182
14.496874809265137,825461
14.571879625320435,824852
14.80789566040039,822429
14.904898643493652,822378
14.95990252494812,822174
15.022906303405762,820883
15.036906719207764,820079
15.152915477752686,819638
15.216918468475342,811579
15.301895141601562,809868
15.354925394058228,809788
15.534936428070068,809659
15.607940435409546,809587
15.812952041625977,809137
15.846954345703125,809122
15.851954460144043,807958
15.85395622253418,807356
15.926959037780762,806382
15.936959028244019,805803
16.35198664665222,804040
16.37098503112793,803634
16.40598773956299,802650
16.41898775100708,802527
16.43099045753479,802007
16.644001245498657,799847
16.724007606506348,799577
16.87001371383667,798330
16.977022409439087,795801
16.97802209854126,794993
17.004021883010864,794733
17.012022018432617,794284
17.013022661209106,793737
17.045026063919067,793395
17.073025703430176,793171
17.07502579689026,791427
17.112028121948242,788268
17.13002896308899,786937
17.139031648635864,786703
17.257036924362183,786654
17.263036727905273,784886
17.599029064178467,784827
17.673033237457275,784547
17.856044054031372,783007
17.963050603866577,779799
17.976051330566406,779404
18.032054662704468,778879
18.055055379867554,778628
18.11505937576294,778236
18.17006278038025,776479
18.190063953399658,776038
18.20406460762024,775536
18.37507462501526,774767
18.557085275650024,774240
18.58708691596985,774092
18.617088556289673,762166
18.640090227127075,761936
18.65709137916565,761809
18.673091888427734,761607
18.76009750366211,761218
18.952108144760132,761083
19.107117414474487,759300
19.11411714553833,758681
19.288127660751343,758040
19.30012822151184,756024
19.378132581710815,755201
19.383132934570312,754854
19.532142162322998,754153
19.642148733139038,753732
19.826159477233887,753272
19.887162923812866,752763
19.946166038513184,752655
20.139177799224854,750961
20.26018500328064,749762
20.270185232162476,748025
20.379191875457764,747395
20.39619278907776,746789
21.860278367996216,746680
21.926282167434692,746361
22.06129002571106,746166
22.13829493522644,745819
22.16529631614685,744962
22.442312479019165,744935
22.635352611541748,744267
22.697354316711426,744220
22.718358039855957,744112
22.925368070602417,744014
23.006373405456543,743997
23.162382125854492,743769
23.180382013320923,743569
23.182382822036743,742296
23.18438458442688,741529
23.41939949989319,740740
23.47340226173401,740696
23.493401765823364,740065
23.550405979156494,739991
23.645411729812622,739982
23.7284152507782,738018
23.83942151069641,735835
23.91842794418335,735618
23.940430164337158,735121
23.96942901611328,734716
24.00943350791931,733415
24.120439052581787,733106
24.29045009613037,732407
24.316449403762817,732351
24.603466033935547,730135
24.762475967407227,729714
24.88148260116577,729164
25.685529947280884,729144
25.704533576965332,728834
26.13455581665039,728580
26.433573722839355,728417
26.79259753227234,727918
27.357630014419556,727560
27.6266508102417,726125
27.642646074295044,726028
27.924662351608276,725947
28.027666807174683,725634
28.946720123291016,725481
29.14373278617859,725367
29.233736515045166,725239
29.31674337387085,725139
29.41974973678589,725076
29.571756839752197,724977
29.72576594352722,724854
29.986782789230347,724596
30.39680504798889,723700
30.517812490463257,723516
30.53181290626526,723111
30.6748206615448,722971
30.817829608917236,722943
30.833833694458008,722795
30.933835983276367,721518
31.284857273101807,721491
32.2929162979126,720925
32.31992053985596,720747
33.103963136672974,720733
33.38197922706604,720478
34.41104173660278,720095
36.07814002037048,719157
37.0071918964386,718758
40.79240608215332,718373
40.943422079086304,717606
41.08243012428284,716791
41.765469789505005,716727
41.96048188209534,716557
42.00748419761658,716551
42.08149003982544,715817
42.62651252746582,715772
42.710524559020996,714627
42.83153223991394,714505
42.834532737731934,713992
43.40056777000427,713990
43.57857608795166,713771
43.64258050918579,713569
43.651580572128296,713554
43.6535804271698,713447
44.21661329269409,713415
44.29961800575256,712696
44.300618171691895,712452
44.45062708854675,712274
44.61163592338562,712233
45.74770498275757,711684
46.006718158721924,711656
48.50083780288696,711280
50.05195665359497,711242
51.132018089294434,710877
52.74111247062683,710471
53.51015877723694,710010
53.741169929504395,709793
53.84917879104614,709093
54.180195808410645,708866
54.64422273635864,708651
54.836236238479614,708544
55.82329177856445,708474
55.839293003082275,707685
79.65368747711182,707394
83.75892615318298,707372
84.17495226860046,707025
84.41996431350708,706716
87.35313510894775,706594
91.20533394813538,706529
95.69362568855286,705048
98.6768000125885,704837
100.08088254928589,704773
100.92993235588074,704765
103.90610575675964,704583
104.00010943412781,704371
