11.757683753967285,818454
11.765689849853516,818355
11.831715822219849,817747
11.85170841217041,817513
11.889718770980835,817018
11.94472336769104,816670
11.998725175857544,815533
12.09073257446289,815392
12.092732667922974,814907
12.111730813980103,814204
12.166737079620361,810754
12.202736854553223,810499
12.634762287139893,810209
12.63976263999939,808609
12.699765920639038,807906
12.72576904296875,807294
12.779772758483887,807264
13.039785623550415,806374
13.113790512084961,804260
13.144791841506958,803946
13.238799810409546,803530
13.248798131942749,801871
13.27679967880249,801097
13.339805126190186,799491
13.362804651260376,799005
13.429808616638184,797212
13.487812519073486,797020
13.566816091537476,796614
13.63582181930542,794242
13.659822702407837,793373
13.73582673072815,792591
13.812833309173584,791480
13.907836675643921,791345
13.935840129852295,791194
13.956812620162964,791015
13.98284125328064,788935
14.024843454360962,788323
14.31886339187622,787665
14.333861351013184,787499
14.410865306854248,787135
14.672886610031128,784085
14.679884195327759,783294
14.698883056640625,781949
14.72888708114624,781865
14.730885028839111,781689
14.868895053863525,781572
15.034903287887573,781507
15.05790400505066,779819
15.170912742614746,779730
15.171912908554077,778969
15.18688678741455,777793
15.279917001724243,774317
15.323923349380493,772646
15.350920915603638,772199
15.519931077957153,772191
15.628938674926758,772187
15.65894079208374,770733
15.84594988822937,769995
15.948958158493042,769611
15.984960556030273,769435
16.011962890625,768570
16.06396460533142,768494
16.169971466064453,768480
16.27797555923462,766885
16.34497904777527,765317
16.36698007583618,765077
16.839999198913574,756416
17.152026414871216,756320
17.24503207206726,755666
17.28403663635254,755551
17.351038932800293,754092
17.488045692443848,753779
17.493045806884766,753141
18.155086994171143,753125
18.194087982177734,752701
18.19608759880066,752193
18.216089010238647,752071
18.220088720321655,750517
18.26509141921997,749027
18.37509775161743,748469
18.46110486984253,747949
18.463106870651245,747354
18.697118759155273,746924
18.720117807388306,745612
18.724119424819946,744390
19.29715371131897,743952
19.38515830039978,743787
19.448160648345947,743327
19.571167707443237,737438
19.607169151306152,737080
20.70723557472229,736298
20.92324709892273,735477
20.94925022125244,734886
21.180261611938477,730644
21.23226499557495,728938
21.338271379470825,728784
21.402273416519165,728545
21.83727478981018,728482
21.879303455352783,728203
21.926307439804077,727788
21.957307815551758,727234
22.159321069717407,727154
22.256325244903564,726304
23.111374855041504,725594
23.196380376815796,724761
23.269383430480957,722230
24.035428762435913,713391
24.05342960357666,711003
24.221440076828003,710537
24.426451921463013,710086
24.614465475082397,709364
24.671466827392578,709107
24.722469091415405,708980
24.812474250793457,708497
24.94648313522339,707705
24.97248363494873,707250
25.007486581802368,707171
25.15049648284912,707097
25.247501611709595,706658
25.381507873535156,706653
25.53451633453369,705962
25.56251835823059,705247
25.756529331207275,705230
25.896538496017456,704717
26.105550289154053,704036
26.19255518913269,703343
26.268559217453003,703246
26.586578130722046,702712
26.7945659160614,702669
29.193729877471924,702649
29.37074089050293,702222
29.765763998031616,702096
29.88477325439453,701890
29.949774742126465,701806
29.962767601013184,701428
29.985777378082275,701230
31.16484522819519,700888
31.200847864151,700661
31.456865072250366,700658
31.649874210357666,700626
35.82911825180054,700557
36.01312971115112,700545
36.04913330078125,699513
36.2031409740448,699482
36.219143867492676,699418
36.316147565841675,699196
36.3991539478302,699073
36.46915650367737,699051
38.01524639129639,697333
38.5942804813385,697174
38.83629393577576,697027
38.86029529571533,696759
38.90030002593994,696136
38.92530155181885,696122
39.069308042526245,696071
39.48133206367493,695798
39.9943642616272,695537
40.02133917808533,695521
40.78040814399719,695125
41.87746477127075,694805
45.22466802597046,694721
45.40167856216431,694459
45.75370168685913,693898
47.90783143043518,693658
48.181841135025024,693594
48.1828408241272,693543
48.7948784828186,693507
49.17387390136719,693338
49.945918798446655,693336
50.00492262840271,693090
55.23922824859619,692816
55.26622986793518,692568
55.46324157714844,692496
57.76740336418152,692486
58.91447138786316,692411
61.80261158943176,692262
62.12265682220459,692164
62.452677488327026,691992
62.55369472503662,691833
62.790695667266846,691758
65.58285880088806,691725
66.09389019012451,691568
66.35790395736694,690918
66.42890858650208,690765
66.80390477180481,690734
67.23693895339966,690584
67.32596039772034,690301
71.87221837043762,690262
71.88721966743469,690090
73.16430187225342,689629
73.2783088684082,689269
73.78833889961243,689249
79.59465289115906,689121
79.61765384674072,689064
79.7206597328186,688637
80.67771601676941,688128
