12.074734687805176,830273
12.110733985900879,830058
12.11972713470459,830003
12.129737377166748,829551
12.131735801696777,828702
12.16673731803894,828136
12.172738075256348,827972
12.177739381790161,827736
12.202741384506226,827693
12.24074125289917,826253
12.404751777648926,825091
12.415752649307251,824600
12.426754713058472,823819
12.456754684448242,820581
12.7147696018219,819548
12.837776184082031,817937
13.103792190551758,817854
13.115793228149414,816963
13.150794982910156,816715
13.16079592704773,815741
13.180798768997192,813236
13.25780987739563,813179
13.266801834106445,807800
13.270803928375244,807534
13.274802207946777,807341
13.287803649902344,799673
13.32480764389038,799408
13.418810844421387,791571
13.426813840866089,790872
13.453812599182129,790220
13.884837865829468,789865
13.896837949752808,783474
14.001844644546509,782902
14.016845941543579,781554
14.0448477268219,781131
14.102850914001465,780149
14.12085247039795,779887
14.141855478286743,779220
14.202858686447144,779080
14.204858303070068,778430
14.227857828140259,777378
14.280861139297485,776845
14.357866048812866,776572
14.458871364593506,774190
14.822892904281616,772713
14.930872440338135,771963
15.036905288696289,771869
15.13891077041626,771177
15.154914140701294,769934
15.20691704750061,769500
15.265920400619507,769105
15.265920400619507,767659
15.341924905776978,766544
15.440930604934692,765275
15.484933376312256,764890
15.489933490753174,763947
15.53093409538269,763795
15.978961944580078,763489
15.981963157653809,762663
16.20197367668152,762355
16.533993005752563,762298
16.541996002197266,761254
16.561994791030884,759519
16.56699538230896,759210
16.62899923324585,758909
16.635998487472534,758456
16.67300271987915,758059
16.75100541114807,753080
16.752005100250244,751865
16.7610080242157,750721
16.77700662612915,750327
16.778008222579956,749895
16.793007850646973,749293
16.837010383605957,747303
17.15200138092041,746431
17.17300295829773,745827
17.19700336456299,744887
17.228005409240723,743211
17.314010858535767,741038
17.368013858795166,740881
17.396015644073486,739981
17.79703950881958,739919
18.03605341911316,739589
18.48707914352417,738957
18.490079641342163,738921
18.59908628463745,738879
18.615086793899536,738123
18.64508843421936,732967
18.65208864212036,732801
18.74109411239624,731990
18.772095918655396,731742
19.018110513687134,731073
19.124116897583008,730808
19.161118507385254,730605
19.20012140274048,727347
19.21412229537964,726704
19.5441415309906,726578
19.642147064208984,726525
19.732152462005615,726244
20.00018858909607,725938
20.034191846847534,725706
20.63523292541504,724050
20.691235542297363,723963
20.867218732833862,723956
21.096261739730835,722711
21.38827633857727,722451
21.56228995323181,721591
21.7422993183136,721378
22.53731608390808,714988
22.94536828994751,714960
23.385396003723145,714947
25.04546618461609,714783
25.50849223136902,714779
25.50949263572693,713925
25.581496477127075,713547
25.705503940582275,713494
26.26353645324707,713473
26.338541269302368,713018
26.72856378555298,712203
26.86657190322876,709509
26.89457368850708,709056
26.971578359603882,708758
26.98257803916931,708684
27.624616146087646,707807
27.843628644943237,707697
27.961636066436768,707589
28.03864026069641,707460
28.11564612388611,707331
28.248652696609497,707010
28.27065372467041,706664
29.144704580307007,706552
29.258711576461792,704711
29.54672861099243,704355
29.934749603271484,703788
30.323798656463623,703289
30.54881262779236,703236
30.92683482170105,702638
31.03384017944336,702625
31.053844213485718,701625
31.61187505722046,701371
31.80788540840149,701087
31.936893463134766,701059
32.08190417289734,700826
32.09690308570862,700821
35.28209114074707,700445
35.35009527206421,700040
35.46210289001465,699749
36.33015036582947,699532
36.37415313720703,699407
36.75617694854736,698801
36.789191246032715,698631
37.302207469940186,696635
37.387184858322144,696542
39.92733335494995,695987
40.14537477493286,695701
41.00442409515381,695617
41.522456645965576,695426
42.53151273727417,695290
42.700522899627686,694907
42.91453766822815,694898
42.9855420589447,694795
43.31255912780762,694518
44.04760122299194,694143
44.06260442733765,693754
45.61866641044617,693655
46.4717161655426,693483
46.71373009681702,692814
48.60684108734131,692692
48.63684272766113,692489
50.18496060371399,692480
50.23596382141113,692378
50.382972717285156,692356
52.40709114074707,692299
52.77111268043518,691831
53.61816120147705,691595
54.16819357872009,691573
58.42044234275818,690672
65.86087727546692,690623
67.91700053215027,690417
68.7340452671051,690389
69.72610402107239,690291
75.47441220283508,690243
