11.197493314743042,827741
11.244368553161621,827579
11.2599937915802,826814
11.2599937915802,826609
11.2756187915802,826141
11.29124402999878,826119
11.29124402999878,825927
11.3693687915802,823638
11.384994268417358,823256
11.384994268417358,821855
11.400619268417358,821513
11.416243553161621,821139
11.464744091033936,820928
11.495994567871094,820361
11.542877197265625,819514
11.558503150939941,817576
11.589752435684204,817249
11.589752435684204,816251
11.589752435684204,816009
11.605377435684204,813761
11.715999841690063,813471
11.731625318527222,813365
11.762875318527222,813122
11.794124603271484,812948
11.809750080108643,812307
11.840999841690063,811208
11.840999841690063,810150
11.840999841690063,810073
11.856624841690063,809531
11.856624841690063,807900
11.872250080108643,807090
11.934750080108643,805234
12.012876033782959,804934
12.04412579536438,804208
12.04412579536438,803435
12.07537579536438,801919
12.091001033782959,801749
12.16912579536438,800496
12.200376033782959,799664
12.216001510620117,798981
12.216001510620117,798050
12.309751749038696,797195
12.356626510620117,796744
12.481626987457275,795745
12.497251987457275,794705
12.544127464294434,793742
12.606627225875854,792654
12.637877702713013,792428
12.637877702713013,791616
12.653502941131592,791258
12.653502941131592,784972
12.669127702713013,784299
12.669127702713013,784021
12.826555013656616,782529
13.092180728912354,775751
13.18593144416809,775743
13.24843168258667,765699
13.810352087020874,765597
13.825976133346558,764170
13.888476610183716,763109
14.247852563858032,762869
14.325977563858032,762259
14.357227802276611,761639
14.357227802276611,760733
14.43535304069519,759543
14.732229232788086,757686
14.747854471206665,757330
14.841604948043823,754241
14.841604948043823,753515
14.904105186462402,752600
15.075981140136719,752307
15.075981140136719,751778
15.205368280410767,751746
15.307743549346924,750416
15.370244026184082,748118
15.385869264602661,747457
15.47961974143982,745281
15.47961974143982,744986
15.667120218276978,744938
15.667120218276978,744307
15.745245456695557,743850
15.885870933532715,742390
15.917120456695557,742328
15.948371410369873,741885
16.40149760246277,739086
16.433887243270874,739016
16.496386766433716,736138
16.543261528015137,735144
16.621387004852295,733115
16.621387004852295,732775
16.652636766433716,731967
16.96626901626587,726865
16.98189401626587,725851
17.01314425468445,725188
17.07564425468445,723933
17.122519731521606,723620
17.153769969940186,722723
17.185019969940186,722080
17.341269969940186,721748
17.372520446777344,721169
17.544395685195923,721111
17.544395685195923,719843
17.60689616203308,719412
17.622520923614502,719117
17.79553246498108,718902
17.81115746498108,718621
18.108033418655396,718217
18.248658657073975,718086
18.73133659362793,718057
18.76258683204651,717630
18.76258683204651,715230
18.85633683204651,709754
18.950087070465088,709171
18.950087070465088,709131
18.996962308883667,708690
19.075087547302246,708580
19.325088500976562,707694
19.54383897781372,704370
19.6063392162323,704304
20.540682315826416,704255
20.556307077407837,703483
20.618808031082153,700816
20.728182792663574,700815
22.23157262802124,699734
22.606573820114136,699638
22.842193603515625,699372
22.951568841934204,698984
23.24844455718994,697214
23.32656979560852,697094
23.43432307243347,695587
23.51244854927063,694967
23.51244854927063,694960
24.30932593345642,694931
24.449951171875,694084
24.496826648712158,693955
24.653077125549316,689922
24.778077602386475,689550
24.856202363967896,689144
24.934327840805054,688378
25.86922597885132,687764
26.072351932525635,687471
26.212977409362793,687235
26.244227170944214,687168
26.30672812461853,686611
26.495617389678955,685415
26.793639421463013,684568
27.888597011566162,684236
27.93547224998474,684230
28.13859796524048,684009
28.466130018234253,683964
28.66925597190857,683674
28.997381925582886,683505
29.200507879257202,682750
29.419257879257202,682469
29.52863311767578,682433
29.70050883293152,682389
29.73175859451294,680653
29.794259071350098,679820
29.856760263442993,679424
33.66966366767883,679079
34.07591485977173,678836
34.450916051864624,678595
35.04466772079468,678569
35.060293436050415,678403
35.54452586174011,678294
35.66952586174011,677947
35.77890133857727,677717
35.90390205383301,677496
36.3570282459259,677220
36.59262943267822,676799
36.703219175338745,676277
39.06543684005737,675832
41.193005323410034,673699
41.411755323410034,673400
41.46005630493164,673310
41.85188603401184,673276
41.88313603401184,673111
42.055011510849,672520
42.08626174926758,672463
42.28122067451477,671876
42.640597105026245,670788
42.70427680015564,670680
43.28243064880371,670082
44.85694479942322,669751
46.044668674468994,669373
46.76586985588074,669365
51.98530387878418,669300
52.09467911720276,669281
56.39168381690979,669126
57.965524435043335,669106
58.7471718788147,668953
60.508578062057495,668721
64.98308801651001,668308
65.80966973304749,668240
65.9502956867218,668218
67.86025619506836,668209
68.43476748466492,667889
71.89776229858398,667756
72.94568586349487,667063
73.22693657875061,667000
73.62194061279297,666940
74.01256608963013,666918
74.76256895065308,666775
91.5797028541565,666634
91.61095404624939,666615
91.94029974937439,666587
92.12779974937439,666562
93.17588925361633,666459
93.57031059265137,666402
93.66406035423279,666328
94.13279128074646,666296
94.49219536781311,666271
95.20342707633972,666113
95.50725245475769,666028
98.33822894096375,665546
104.73973035812378,665432
105.07165384292603,665404
