12.355721235275269,786635
12.419725179672241,786451
12.456727266311646,785848
12.474729776382446,784611
12.50173306465149,781250
12.519730806350708,780797
12.578734159469604,779149
12.626736640930176,778623
12.639737606048584,777945
12.76674509048462,777737
12.870753049850464,777447
12.902753353118896,777422
12.953756093978882,776865
13.15876817703247,774399
13.169770240783691,772492
13.354781866073608,770285
13.418785572052002,770104
13.527791976928711,766240
13.570791959762573,763256
13.710800409317017,761931
13.728801012039185,758762
13.748804807662964,758488
13.761805534362793,758173
13.813806533813477,757878
13.893812894821167,756658
14.05381965637207,755985
14.080823421478271,755946
14.193828582763672,755835
14.482845306396484,755563
14.521848678588867,754481
14.531848430633545,752863
14.931861639022827,752375
14.94286036491394,751125
15.033878087997437,750800
15.090881109237671,750769
15.134883642196655,750208
15.157885074615479,750150
15.162887573242188,750013
15.181888103485107,749691
15.19888973236084,748484
15.264891147613525,747263
15.345896244049072,747186
15.374899864196777,746885
15.748919486999512,746559
15.751921892166138,741112
15.76092004776001,736411
15.766921043395996,736169
15.785921573638916,736123
15.956933498382568,735042
16.001933574676514,734674
16.022937059402466,731779
16.092939138412476,731053
16.11094307899475,729831
16.162944316864014,729683
16.207946300506592,729682
16.352955102920532,729618
16.57796835899353,729454
16.811981916427612,728401
16.89698839187622,728300
17.12200140953064,727311
17.149001359939575,726938
17.49502420425415,726897
17.821040391921997,722676
17.896045207977295,722579
17.903047561645508,722129
17.943042993545532,722123
17.95505118370056,721130
18.03605318069458,721037
18.5280818939209,720270
18.591087818145752,720240
18.639090538024902,720005
18.758097887039185,717466
18.7680983543396,717360
18.775096654891968,717238
18.779099225997925,715600
18.819099187850952,714826
18.824100017547607,714793
18.863101720809937,713664
18.9131281375885,712802
18.977108478546143,712725
18.978110313415527,711973
20.18017888069153,711832
20.202182054519653,710442
20.25618290901184,709633
20.730212450027466,708921
20.985227584838867,708540
21.232240200042725,708306
21.507256746292114,707871
21.7122700214386,707507
21.721270322799683,706199
21.77427101135254,705819
21.812275171279907,705384
24.412426233291626,704955
24.49043083190918,704605
24.50443124771118,704175
24.606437921524048,704093
24.69544291496277,703932
24.802448987960815,703897
24.859424829483032,703734
24.894426107406616,703721
25.325479745864868,703569
25.34648299217224,703561
25.375484228134155,703227
25.388485431671143,702967
26.69055986404419,702860
26.71056056022644,701852
26.93157410621643,698467
26.933573961257935,697775
26.99657940864563,697769
27.165587186813354,697470
27.173587799072266,697114
27.35359787940979,696116
27.375601530075073,696027
27.47060799598694,695759
27.486608266830444,695656
27.571611166000366,694936
27.836626768112183,694785
27.843626499176025,694431
27.938632249832153,694381
27.941632509231567,693228
28.043638944625854,688816
28.28365445137024,688521
28.466663599014282,688322
28.533669471740723,688043
28.63367509841919,687599
28.678675651550293,686623
28.693676948547363,686573
30.935782432556152,685946
31.073790550231934,685625
31.114792823791504,685398
31.196798086166382,685310
31.66782522201538,685095
31.802833318710327,684874
31.894838571548462,684729
31.96284246444702,684161
32.1478533744812,683740
32.17285466194153,682699
32.307862758636475,682401
32.32686400413513,681057
32.587878942489624,680932
32.7958927154541,680080
32.8598952293396,679674
35.88709759712219,679611
36.011104106903076,679604
36.23312020301819,679312
36.530137062072754,679272
37.26618027687073,679229
37.43118739128113,677793
37.62719964981079,677387
37.96621918678284,677316
39.0172803401947,676464
41.93045163154602,676411
41.932451248168945,676126
42.205466747283936,674017
44.59960746765137,673723
44.887598514556885,673618
44.919599771499634,673575
45.101638078689575,673372
45.24064540863037,673250
45.484657764434814,672071
45.56466293334961,670707
45.769675493240356,670331
46.622727155685425,669343
49.43289375305176,669225
50.25093746185303,668581
50.717966079711914,668326
51.76702570915222,668027
53.54613184928894,667807
55.27220559120178,667792
56.03925061225891,667719
64.00371408462524,667563
64.29673099517822,667548
64.78976011276245,667409
91.90737295150757,667384
92.49940824508667,667103
93.08541488647461,667095
94.54052734375,666984
95.83757662773132,666951
100.58188080787659,666828
102.46499133110046,666801
102.80601143836975,666800
104.86510372161865,666693
108.33133339881897,666670
