0.06700420379638672,829348
0.12700700759887695,829048
0.26201319694519043,827763
0.31201624870300293,825474
0.31401658058166504,825148
0.3230171203613281,824511
6.655406951904297,823800
6.65640664100647,822628
6.727410793304443,818059
6.811415672302246,817243
6.828417539596558,815285
6.840417146682739,815226
6.8574278354644775,814158
6.875419616699219,810647
6.958424806594849,809270
6.979425430297852,805714
7.707468271255493,805703
7.707468271255493,804136
7.714468479156494,801372
7.740471363067627,799917
7.743469953536987,798238
7.77245306968689,798139
7.775471925735474,794565
7.7784552574157715,794526
7.785453796386719,793212
7.808454990386963,793111
7.810455322265625,792750
7.823484182357788,789893
7.83548378944397,789448
7.839486360549927,789197
7.844484329223633,788512
7.874478578567505,788166
7.881485939025879,788102
7.883486032485962,787128
7.9814863204956055,784993
8.036496639251709,783176
8.04849362373352,781165
8.060469388961792,781086
8.064502716064453,780658
8.263503074645996,780458
8.31450366973877,780379
8.318484544754028,780377
8.338505983352661,780303
8.353507995605469,779605
8.361487865447998,779104
8.362487554550171,778742
11.089665651321411,778481
11.114667654037476,776252
11.350664138793945,775268
11.379683494567871,775103
11.41068696975708,774954
11.414689302444458,774397
11.522675514221191,773705
11.607677221298218,773671
11.610704183578491,771872
11.625697612762451,771395
11.640695810317993,771347
11.65168023109436,770902
11.654699325561523,770337
11.655699729919434,770321
11.739704132080078,770296
11.756705284118652,769096
11.87571120262146,768484
11.887693643569946,768329
12.035731077194214,767753
12.045725584030151,767321
12.04872179031372,765884
12.2137451171875,765105
12.269744873046875,763603
12.308738470077515,763432
12.604759216308594,763136
12.703760862350464,762946
12.76676630973816,762933
13.1427903175354,757851
13.253796339035034,757159
13.264793157577515,756601
13.270793914794922,756104
13.275776386260986,752842
13.284795761108398,751738
13.85682725906372,751433
14.371858358383179,751003
14.509849548339844,749265
14.632855653762817,749131
14.640856504440308,749094
14.673857927322388,748759
14.682859182357788,747115
14.72486138343811,746736
14.75286340713501,746424
14.75386357307434,745785
14.78786563873291,745451
14.908870220184326,744918
14.926871061325073,744273
14.936872959136963,743472
14.950873374938965,743337
18.497081756591797,743211
18.533082485198975,742643
19.108134984970093,742503
19.15014123916626,742483
19.170121908187866,738846
19.177139282226562,738845
19.181140899658203,737654
19.46815538406372,735944
19.503158807754517,735739
20.55221915245056,735348
20.561201095581055,734466
20.809242010116577,733832
20.84224581718445,733826
20.88823890686035,733635
20.896225214004517,733505
20.900239944458008,733008
20.973251581192017,732828
20.989248991012573,732663
21.007246494293213,731218
21.034228324890137,731172
21.045247554779053,730602
21.109251976013184,729652
22.59934139251709,729166
22.614338874816895,728477
22.72132706642151,728374
23.33036494255066,727649
23.33136487007141,726956
23.332364797592163,726901
23.69740319252014,725202
23.705406188964844,724161
23.71640396118164,723570
23.720404863357544,722091
23.956417083740234,720920
23.984424114227295,720715
24.000402212142944,720697
24.06040620803833,720567
24.204437017440796,719410
24.233434677124023,719000
24.46845006942749,718889
24.516451597213745,717976
25.48848795890808,717769
25.55551028251648,717047
25.5795259475708,716594
25.587512493133545,715796
25.618496417999268,715760
25.704501628875732,715571
25.709524869918823,714878
25.78552484512329,714395
25.827531814575195,712305
25.863532066345215,711631
25.97053337097168,710558
25.98552894592285,710216
33.41697335243225,709808
33.5129599571228,709589
33.652965784072876,709328
33.7169713973999,709011
33.75097155570984,707851
33.949984312057495,707770
33.96398401260376,707519
33.96498465538025,706785
34.00898718833923,705508
34.0599901676178,704961
34.910061836242676,703611
35.012046813964844,703608
35.01706528663635,703424
35.093050956726074,703080
35.18905544281006,703078
37.76722741127014,701986
38.485268115997314,701449
38.543272256851196,701448
38.568272829055786,701389
38.58727431297302,700077
38.652260541915894,699917
38.775267601013184,699777
38.79326891899109,699208
38.85627269744873,698885
39.06828474998474,697692
39.15528964996338,697368
41.49244260787964,697360
42.29547190666199,697061
42.33849334716797,696966
42.55450963973999,696706
42.573511600494385,696292
42.72251844406128,696026
42.75851798057556,695793
42.90552616119385,695359
43.422539949417114,695025
44.30061650276184,694096
44.42059588432312,694044
44.573622941970825,694034
45.13165736198425,693956
45.17364287376404,693934
45.21864461898804,693926
45.30764961242676,693895
45.34365224838257,693246
45.390655279159546,692949
45.53866529464722,692849
45.86468148231506,692732
45.89168453216553,692704
46.30970644950867,691542
46.34870934486389,690940
46.3517119884491,690702
46.384711027145386,690485
47.42079162597656,690463
47.5107958316803,689288
48.26284217834473,688876
48.37884759902954,688808
48.38184714317322,688679
48.40782952308655,688419
52.36808443069458,688399
52.428083658218384,688221
52.611093044281006,688081
52.65809965133667,687842
54.902209997177124,687719
55.74727749824524,686358
55.75526428222656,685665
55.82826495170593,684815
55.85626578330994,684763
56.00727581977844,684730
56.57630634307861,684703
56.60831069946289,684622
57.24036478996277,684604
57.627387285232544,684599
60.0925133228302,684222
60.32552766799927,683366
60.32654547691345,683297
60.39253044128418,682648
60.51553726196289,682243
60.60654425621033,681638
60.81757426261902,681211
60.85457634925842,680674
62.040645122528076,680520
68.54002547264099,680376
68.66701436042786,680313
68.81902551651001,680035
68.94903349876404,679857
72.13621735572815,679755
73.46432328224182,679565
73.56932020187378,679165
74.51335597038269,678995
74.99040722846985,678768
76.56549501419067,678749
77.43154549598694,678501
80.51170587539673,678429
82.01479434967041,678246
83.82793140411377,678135
86.12605381011963,677807
88.34516525268555,677660
89.64026045799255,677526
90.7743091583252,677507
90.8363311290741,677475
217.2867076396942,677475
