8.416491508483887,807090
8.435492753982544,804512
8.442493677139282,803326
8.453510999679565,799981
9.951581716537476,799643
10.47461199760437,799248
10.481611490249634,799245
10.490613222122192,798406
10.546633005142212,795901
10.546633005142212,794667
10.554614782333374,793521
10.558614253997803,792860
10.628618717193604,792549
10.637619733810425,792394
11.20065450668335,791470
12.07172441482544,790491
12.094725131988525,788100
12.102724075317383,786145
12.106704473495483,785284
12.129725456237793,785167
12.129725456237793,785151
12.68475866317749,784394
13.072780847549438,783882
13.075782060623169,783204
13.147785425186157,782384
13.175786018371582,782099
13.193792819976807,782037
13.195771217346191,781023
13.201789855957031,780990
13.201789855957031,780691
13.202789068222046,779966
13.22179126739502,779632
13.332796573638916,778349
13.333796977996826,776316
13.42780351638794,776307
13.432783126831055,775654
13.45880389213562,774817
13.679826021194458,774472
13.754820823669434,774084
13.772820949554443,773833
14.074840307235718,773338
14.210849285125732,772752
14.217848300933838,772749
14.260831356048584,771465
14.398858308792114,771459
14.40485954284668,766165
14.419840812683105,766148
14.44284176826477,764529
14.46386456489563,763246
14.521847248077393,762454
14.99789309501648,758664
15.01087498664856,756195
15.02889609336853,756050
15.02989935874939,755972
15.036898374557495,755864
15.123901605606079,753933
15.13190507888794,753592
15.159886360168457,753269
15.193886518478394,752279
15.193886518478394,752194
15.199886083602905,751215
15.235921144485474,749295
15.275910377502441,749022
15.302911043167114,748941
15.31189250946045,748821
15.313925981521606,747457
15.315923929214478,746753
15.31792426109314,746702
15.323902368545532,744739
15.332915544509888,744724
15.557909488677979,744720
16.292969465255737,744136
16.294968366622925,744093
19.276124954223633,743891
19.289144277572632,743215
19.314146280288696,743064
19.325146675109863,742994
19.327127933502197,742664
19.346130847930908,742495
19.35515022277832,741347
19.35515022277832,740806
19.469155073165894,740682
19.508137702941895,739810
19.640164613723755,739527
19.667166471481323,739187
20.5071964263916,738976
20.517196893692017,738354
20.521196842193604,737957
20.524197340011597,737429
20.567200660705566,736852
20.662224769592285,736752
20.66620635986328,736547
20.722209692001343,736027
20.742210626602173,735648
26.0925235748291,733822
26.09552311897278,733435
26.09652328491211,732951
26.13754653930664,732430
26.139528274536133,731479
26.25355315208435,729109
26.2875554561615,727888
26.309555768966675,726604
26.366560220718384,726110
26.367559909820557,725490
26.973610162734985,725249
28.324655771255493,723424
28.41966152191162,723257
29.507723093032837,723157
29.56974959373474,721788
29.64473247528076,720903
29.654753923416138,719764
29.8127601146698,719652
29.8377628326416,719510
29.874743938446045,719337
29.893765687942505,718561
29.908749103546143,718418
29.919767141342163,718296
30.6277916431427,718092
30.8938205242157,717877
30.9838125705719,716759
31.13381814956665,714650
31.235840797424316,714605
32.01387166976929,713218
32.06689095497131,712889
32.068873167037964,711480
35.200055837631226,711005
35.3140811920166,710702
35.73410749435425,710433
35.96412944793701,709921
35.97110152244568,709746
35.990121364593506,709324
35.996121644973755,708390
36.09412884712219,708046
36.103108644485474,707667
36.13212990760803,707213
36.23413419723511,707085
36.24613618850708,706605
36.39212679862976,706338
36.4441499710083,705638
36.446152210235596,704629
36.66317081451416,704203
36.71616816520691,703749
36.71815729141235,703255
36.72016620635986,702713
36.81616950035095,701801
36.849173069000244,701687
36.910175800323486,701277
36.93518590927124,701114
37.18420100212097,700770
37.216193437576294,700471
37.221195936203,699904
37.25719594955444,699580
40.11334300041199,699306
40.11634588241577,699254
40.247352600097656,699221
40.53337001800537,698894
42.03647470474243,698474
42.989529848098755,698403
43.18552374839783,697610
43.321550607681274,697548
43.4265398979187,697483
49.771907806396484,696818
49.77994155883789,696813
49.82693433761597,696247
49.98993968963623,696129
50.09194779396057,695998
51.37602186203003,695494
51.71604108810425,695298
51.8270480632782,694930
52.0610408782959,694877
52.34506177902222,694599
52.549089670181274,694331
52.959123849868774,693377
53.010117530822754,693025
53.040122270584106,693020
53.04711174964905,692873
53.411142110824585,692454
53.513150215148926,692220
53.68115973472595,692185
53.733142375946045,691933
60.68556356430054,691930
68.06398463249207,691843
68.59000897407532,691729
68.76003766059875,691260
68.8340516090393,690442
68.9230284690857,690406
69.19406366348267,690074
69.38107562065125,689786
69.52908182144165,689680
69.74709391593933,689086
69.84510135650635,689062
70.38013315200806,688931
73.49029469490051,688670
76.3954849243164,688607
76.65350127220154,688519
78.03356266021729,688105
78.09756398200989,687991
79.40265464782715,687953
79.53466773033142,687775
80.02468204498291,687743
80.67773509025574,687466
81.42377829551697,687438
81.56878709793091,687382
82.0667974948883,687323
82.12582087516785,687264
82.66083073616028,687170
82.84584403038025,687017
82.90384817123413,687004
84.8179578781128,686830
84.96498608589172,686751
85.81001543998718,686667
87.44311094284058,686665
87.71014595031738,686637
88.37418484687805,686558
88.90221405029297,686555
89.75524640083313,686522
114.74570727348328,686505
118.67995643615723,686445
119.99603414535522,686273
122.0941390991211,684953
122.83118057250977,684787
126.64740300178528,683976
128.51353073120117,683973
129.41856622695923,682303
132.34275770187378,681290
213.20248532295227,681290
