0.05500292778015137,827246
0.2510054111480713,808703
0.258988618850708,805953
0.7820169925689697,797084
0.7840170860290527,796300
0.7860174179077148,795805
0.8190197944641113,790424
0.8270201683044434,789670
8.692217350006104,789073
8.707842111587524,787359
8.723466873168945,787070
9.114765167236328,786206
9.148046970367432,784586
9.148046970367432,784214
9.163697481155396,783251
9.163697481155396,782481
9.179323196411133,780577
9.179323196411133,779472
9.179323196411133,779020
9.230685472488403,778382
9.279567241668701,778374
9.317569494247437,778098
9.33188271522522,776915
9.33188271522522,776795
9.405858755111694,776679
9.406857967376709,775558
9.415915966033936,775204
9.468704223632812,775182
9.47970461845398,774127
9.490686178207397,773552
9.498709917068481,772772
9.69860553741455,772719
9.715606689453125,772280
9.973621129989624,771037
9.974642038345337,770216
10.013623714447021,769117
10.041645050048828,768849
10.107648611068726,765947
10.136632919311523,764363
10.14963150024414,764158
10.150651216506958,763986
10.15965223312378,763617
10.173632860183716,763508
10.210654973983765,762165
11.035685539245605,762072
11.109697341918945,760449
11.118690967559814,759499
11.321727752685547,759300
11.339720487594604,759186
11.358702421188354,757780
11.375723123550415,757523
11.384723901748657,757417
11.400723934173584,757038
11.406726121902466,756656
11.436727046966553,755869
11.542866706848145,755455
11.583528757095337,755223
11.586528778076172,753312
11.593539476394653,753258
11.671626091003418,752333
11.718500852584839,751850
16.582308292388916,751479
16.597959995269775,751302
17.814412832260132,750542
17.846395015716553,749088
17.86641812324524,747627
17.885416269302368,747615
18.021759271621704,747177
18.037412405014038,745760
18.037412405014038,745507
18.053037643432617,744982
18.76459550857544,742842
19.043760776519775,741887
19.176539421081543,741243
19.288074731826782,739754
19.32914137840271,739326
19.40128183364868,737296
19.416282892227173,737264
19.46128535270691,734816
19.46328592300415,734389
19.487287044525146,733749
23.502461194992065,733402
23.99750280380249,732744
23.99967098236084,732223
24.148022174835205,731992
24.197032690048218,730523
24.197032690048218,730138
24.197032690048218,728970
24.212657690048218,726211
24.212657690048218,726025
24.24688482284546,725059
24.26460552215576,724547
24.26460552215576,724482
24.349826335906982,724230
24.366828680038452,722935
24.373828411102295,722882
24.52127981185913,721745
24.539255380630493,721271
24.652783155441284,720134
24.71281599998474,720123
24.714816570281982,719266
24.734928846359253,718717
24.75058150291443,717737
24.75058150291443,717643
24.78183150291443,717156
27.15790295600891,717078
27.24845027923584,717072
27.271329164505005,716995
27.321349143981934,716878
27.323348999023438,716451
27.32841968536377,716251
27.344069957733154,715219
27.39509654045105,714345
27.465903997421265,714322
27.54331684112549,713138
27.6753032207489,711695
28.201433658599854,711238
28.248310804367065,711213
28.248310804367065,710686
28.349491596221924,710378
28.379393100738525,710198
28.95188617706299,709077
28.988097190856934,707164
29.047093152999878,706882
29.068094491958618,706249
31.741554975509644,706204
31.747555017471313,705083
31.749555349349976,704214
31.756651163101196,703438
31.756651163101196,703246
31.756651163101196,703181
31.80541205406189,703092
31.809412956237793,703018
32.388445138931274,702670
37.91457509994507,702636
37.97605586051941,702135
37.99729633331299,700937
37.99729633331299,700745
38.01294779777527,700229
38.09274363517761,699018
41.16873049736023,698615
41.70903182029724,698383
42.05637574195862,698125
42.2476704120636,697221
42.74902582168579,697119
42.79590177536011,697083
42.81152653694153,697035
42.85827922821045,696830
42.94046115875244,696381
42.956114053726196,695778
42.97173881530762,695396
43.05423951148987,695049
43.09323740005493,693546
43.09323740005493,693492
43.565372943878174,693414
43.5809965133667,693218
43.67474675178528,692867
44.08273005485535,692773
44.10748243331909,691916
44.185609340667725,691905
44.216830015182495,691442
44.63371729850769,691423
44.71136736869812,691157
46.03871536254883,690725
46.06171703338623,690595
46.24576210975647,689972
46.26676154136658,689076
46.36290717124939,688357
46.46726322174072,687564
46.54607605934143,687284
47.682225465774536,686896
48.0577552318573,686238
48.43951725959778,686228
48.465343952178955,686217
48.49659442901611,685202
48.70336604118347,685057
48.7967643737793,684966
48.88806700706482,684949
48.97153401374817,684383
49.28787136077881,684138
49.31911849975586,682990
49.86471891403198,682303
49.93135738372803,682131
50.0034716129303,681090
50.25697350502014,680745
50.402615785598755,680674
50.80167818069458,679432
52.04749059677124,679287
53.338820934295654,679202
53.48872518539429,679027
53.49174475669861,678529
54.09819149971008,677853
54.18845248222351,677706
56.15564680099487,677576
56.85189151763916,677547
59.5041618347168,677087
59.968307971954346,676698
60.89492964744568,675402
61.243905544281006,674997
61.76948618888855,674965
61.817506551742554,674227
62.06138896942139,674167
64.74287724494934,674074
65.03441023826599,673525
66.72964930534363,673232
66.86399912834167,672749
71.72725772857666,672274
73.36301374435425,672122
74.49539113044739,672062
75.2538754940033,671895
76.7914674282074,671842
77.37329483032227,671838
78.08332633972168,671648
78.68300175666809,671051
79.07892394065857,670836
79.30365633964539,670808
82.0066647529602,670470
82.0426664352417,670438
82.529611825943,670263
206.64489364624023,670263
