0.04802250862121582,808680
0.9140520095825195,805102
7.427457094192505,804259
7.431436777114868,802612
7.439452171325684,802523
7.472454071044922,802235
7.473456382751465,797610
7.978466272354126,797567
7.984466075897217,797199
7.997467041015625,797131
8.013491153717041,796225
8.015487670898438,795629
8.015487670898438,794130
8.04448914527893,793849
8.04448914527893,791417
8.068491220474243,791241
9.573578596115112,791191
9.602580070495605,790304
9.627582550048828,789318
10.506632328033447,789269
10.522638320922852,789150
10.537632465362549,787968
10.544633150100708,787272
10.598619222640991,786109
10.608638525009155,785951
10.611637592315674,784172
10.625640153884888,783486
10.63364052772522,782903
10.676643133163452,782415
10.680644273757935,782163
10.7006254196167,780720
10.781630277633667,779870
10.783630609512329,779780
10.78764796257019,779720
10.833652973175049,778350
10.841652393341064,778322
10.846648216247559,777511
10.878654956817627,776854
10.894655704498291,775668
11.205657482147217,774962
11.26167893409729,774009
14.22385025024414,773571
14.281835317611694,772921
14.282854318618774,771396
14.286835193634033,770138
14.286835193634033,769103
14.313838481903076,768030
14.322856187820435,767756
14.373859167098999,767191
14.402859449386597,766832
14.539868354797363,766150
14.544870615005493,766109
14.577853202819824,765788
14.586871862411499,765750
14.588870286941528,763619
14.62587594985962,761973
14.632895946502686,761100
14.643874645233154,760723
14.665857791900635,760112
14.793888092041016,758987
17.846049547195435,758674
17.85506319999695,758523
17.905065774917603,757243
18.035072088241577,757119
18.06005835533142,757060
18.121082544326782,756652
18.123078107833862,756572
18.545084238052368,756005
18.577085733413696,755433
18.661109685897827,754315
18.66511034965515,753568
18.752098321914673,752738
18.821119785308838,752712
18.82211947441101,751951
18.834120512008667,751607
18.836118936538696,751292
18.91012454032898,750881
18.95812726020813,750574
18.96012806892395,749820
19.177120208740234,749391
19.182143926620483,748968
19.262144804000854,748695
19.491159439086914,748347
19.49915862083435,748110
19.555155277252197,747014
19.610145807266235,746551
19.69117045402527,746437
19.73617720603943,746160
19.74717354774475,745741
19.79417657852173,745510
19.86718225479126,744379
20.851221084594727,743751
20.8612220287323,743567
21.184261322021484,743051
21.205256700515747,741866
21.498274564743042,741687
21.54725980758667,741319
21.60728406906128,740270
21.616283178329468,738937
21.68028688430786,738704
21.984305143356323,738662
22.019289016723633,738324
22.20431661605835,738179
22.223317861557007,737742
22.266310691833496,737661
22.289302825927734,737072
22.29532241821289,735615
22.958359003067017,735325
23.009364366531372,734585
23.045366287231445,734580
23.04736828804016,733979
23.277379751205444,733630
23.301381587982178,733057
23.64938235282898,731515
26.316558122634888,730482
26.445565223693848,729510
26.687559366226196,728751
26.687559366226196,728627
26.779585123062134,725187
26.811586618423462,725073
26.987597703933716,724962
26.99059796333313,724769
27.072600603103638,723060
27.074583530426025,722910
27.10758662223816,722551
27.13160490989685,722332
27.136605739593506,722148
27.146607398986816,721560
27.363601684570312,721065
27.459625005722046,720727
27.500627040863037,720515
27.51562762260437,720494
27.626646041870117,720340
27.670636892318726,719415
27.733639240264893,719245
27.927662134170532,718798
27.96465492248535,718238
28.075658559799194,718202
28.09265947341919,717514
29.167705297470093,712140
29.182706594467163,710029
29.247729063034058,709652
29.34073495864868,708983
29.405736446380615,707493
29.45472264289856,707009
29.50172472000122,706231
30.59580898284912,706158
30.614809036254883,705882
30.63781452178955,705720
30.678810834884644,705339
30.82480263710022,704537
31.85688352584839,704532
31.867865562438965,704433
31.904884099960327,704226
32.140902280807495,703650
33.376970529556274,703572
33.43297457695007,703056
33.44797706604004,702775
33.50597667694092,702064
33.58296489715576,701922
33.5979642868042,700469
33.608965158462524,700273
33.622984409332275,699061
33.65296721458435,698458
33.67196846008301,698373
33.8559787273407,698083
33.89198112487793,696890
33.89698123931885,696830
37.94521880149841,696684
37.986228227615356,696384
38.03522348403931,695832
38.35124206542969,695594
38.404244899749756,694944
38.42124629020691,694341
38.56825494766235,694322
38.802287340164185,694106
38.94227933883667,693817
39.63633704185486,693610
39.68032884597778,693444
39.850329875946045,693285
40.04736065864563,692796
40.08134388923645,692575
41.42744040489197,692541
41.43543338775635,692017
41.439440965652466,691817
41.47844481468201,691755
41.76044297218323,691344
42.49550461769104,691338
42.707515478134155,691198
42.721516847610474,691176
42.79452037811279,691140
42.89751362800598,691079
43.17452597618103,690657
43.1845440864563,690391
43.39755702018738,690227
43.729576110839844,690212
45.27166724205017,689971
45.27664828300476,689824
45.35067081451416,689579
45.43567657470703,689109
45.57968354225159,688829
45.70967698097229,688827
46.1156964302063,687218
46.15371775627136,686846
46.30770707130432,686588
46.69673156738281,684499
49.34890556335449,684324
49.50191283226013,684291
49.87692046165466,683993
49.88593602180481,683872
49.915940046310425,683595
49.96092104911804,683567
50.168952226638794,683267
50.27396249771118,683105
50.44996905326843,683087
50.462950706481934,683085
52.17805314064026,683069
52.52608251571655,682669
57.70239305496216,682525
57.79838037490845,682478
57.8454065322876,682313
59.10147571563721,681982
59.264496088027954,681700
59.43747615814209,681692
59.50051236152649,681651
59.68751049041748,680943
64.55479407310486,680707
65.32784080505371,680179
65.77486395835876,680013
66.32989931106567,679576
66.81793022155762,679475
66.87193012237549,679098
67.30195450782776,679015
67.89297080039978,679002
68.10900139808655,678990
68.37401723861694,678958
68.90202975273132,678941
69.01005387306213,678669
69.57308745384216,678489
73.05729222297668,677890
74.04632949829102,677611
75.52641582489014,677545
75.63044214248657,677485
77.13052892684937,677412
78.53859400749207,677144
78.80562686920166,677136
80.102703332901,676522
81.0767605304718,676508
102.5500180721283,676440
104.7491250038147,676416
105.27115511894226,676408
105.41816449165344,676386
107.45728516578674,676366
118.54593467712402,676358
211.8213882446289,676358
