0.011719226837158203,7254790
0.07483220100402832,7237325
0.10427999496459961,7236407
0.15758800506591797,7236003
0.1708240509033203,7143747
0.2153489589691162,7143501
0.22212815284729004,7070193
0.5011451244354248,7065783
0.700078010559082,7064866
0.7071752548217773,6927187
1.0751049518585205,6915738
1.0859220027923584,6819299
1.2642061710357666,6806964
1.275670051574707,6681113
1.5363562107086182,6677983
1.5467920303344727,6567940
1.5670032501220703,6564361
1.5751659870147705,6437044
1.9379611015319824,6433363
1.9431753158569336,6275387
2.0380232334136963,6274738
2.0495800971984863,6092773
2.1133370399475098,6092724
2.1266770362854004,6092137
3.975494146347046,6087962
5.895992040634155,6087592
7.758121967315674,6084550
15.527080059051514,6084022
15.536315202713013,5942178
19.179190158843994,5942070
19.190770864486694,5826286
22.749895095825195,5813598
23.57618808746338,5813152
23.610241174697876,5737590
23.95239019393921,5735977
25.742937088012695,5722161
25.77303910255432,5708353
25.824265956878662,5630499
26.517572164535522,5630060
26.52846097946167,5623756
28.264627933502197,5623454
28.274885177612305,5535981
32.1406352519989,5535865
32.16266918182373,5421795
35.34476709365845,5416982
37.398627042770386,5397672
37.45322608947754,5395510
37.552059173583984,5387137
37.56215310096741,5384937
37.57231307029724,5314130
37.60234808921814,5302879
37.66370105743408,5274670
37.68336510658264,5256861
37.70398688316345,5242366
37.72662019729614,5239164
37.74981212615967,5228728
37.75793814659119,5218957
37.766295194625854,5203892
37.82102131843567,5135088
38.40006613731384,5134868
38.41043519973755,5133642
39.60243010520935,5133429
39.626930952072144,5023958
39.717639207839966,5022924
39.99775218963623,5012453
40.03816604614258,5004581
40.059272050857544,4986791
40.07134699821472,4980079
40.17449116706848,4980021
40.21511197090149,4963331
40.2245671749115,4905856
40.246358156204224,4895888
40.258857011795044,4893932
40.32830619812012,4893661
40.3518590927124,4883093
40.35860514640808,4869162
40.3865852355957,4842216
40.39268708229065,4796786
40.51907515525818,4744613
40.53744411468506,4721811
40.61132311820984,4658075
40.69533896446228,4644290
40.933531284332275,4604082
41.56198310852051,4576072
42.66440510749817,4575614
42.691540002822876,4561006
49.25340414047241,4553412
49.27204704284668,4500994
49.35325598716736,4498963
49.36623001098633,4468673
51.405657052993774,4450558
51.92005515098572,4440230
51.93030619621277,4372602
52.5576810836792,4372213
52.57134413719177,4303934
59.905975103378296,4300780
60.053383111953735,4294267
60.08684492111206,4290618
60.51244807243347,4279100
62.43129301071167,4274873
63.51185727119446,4274314
63.52148509025574,4242186
63.556118965148926,4232857
63.56504225730896,4195442
63.64115500450134,4154441
63.6489531993866,4148133
63.856595039367676,4097202
64.67206716537476,4096553
64.71378827095032,4089414
67.08435201644897,4086608
67.26296305656433,4077603
67.27054524421692,4073709
67.2795820236206,4065640
67.30099296569824,4060700
67.33035802841187,4054464
67.3387279510498,4048034
67.35325312614441,3956143
67.38824224472046,3955027
67.42253017425537,3953619
67.45851421356201,3950706
67.55753016471863,3945251
67.69776606559753,3941373
67.71388602256775,3934556
67.789635181427,3931954
67.80474209785461,3929157
68.01456999778748,3926456
68.05767011642456,3925501
68.06995987892151,3915974
71.03663110733032,3913691
71.72836518287659,3913056
71.91855525970459,3911754
73.44828701019287,3907522
73.45604109764099,3907074
73.54870820045471,3906879
73.56493520736694,3893264
73.58415412902832,3892299
73.59480214118958,3887557
73.72528314590454,3887121
73.73452019691467,3886421
73.79062509536743,3884059
74.29074096679688,3884006
74.3022232055664,3875485
77.49859094619751,3871925
77.53595018386841,3871659
77.55386209487915,3871374
77.56445527076721,3868013
79.4137830734253,3867790
79.42489814758301,3864763
79.43718028068542,3861964
79.60490226745605,3859869
79.67709517478943,3859216
79.71610593795776,3854151
80.1554741859436,3853905
80.35579919815063,3853888
80.36492609977722,3835296
82.36401891708374,3835143
82.40343904495239,3833996
82.4151930809021,3823712
82.7646689414978,3822716
82.78003311157227,3818006
82.95587301254272,3816831
83.29970812797546,3810673
83.30687117576599,3809524
83.38825392723083,3801613
83.52305316925049,3798473
83.53664207458496,3758646
83.60611009597778,3758642
83.61796927452087,3746506
83.84219813346863,3745899
83.97891926765442,3745579
83.98979306221008,3743467
84.7749490737915,3742578
84.78587913513184,3735779
85.05656290054321,3733810
85.08744812011719,3717541
85.22090125083923,3717347
85.22850918769836,3710373
85.54787707328796,3709783
85.56005907058716,3682837
85.86862111091614,3681696
85.87449026107788,3661605
85.99965119361877,3660900
86.31053018569946,3658243
86.31933999061584,3655400
86.34311604499817,3650615
86.36550092697144,3648977
86.37625288963318,3648646
86.57617211341858,3646973
86.58786916732788,3642236
87.47367405891418,3642107
87.49350714683533,3641813
87.50348424911499,3641382
87.50922918319702,3641018
87.55745720863342,3640742
93.41962218284607,3640593
101.63306331634521,3640146
101.65921306610107,3639966
101.83468317985535,3639836
101.84543895721436,3638558
101.88070607185364,3638331
102.34385514259338,3637853
102.46250700950623,3637761
102.46852707862854,3637216
102.47489094734192,3631102
105.41186308860779,3630063
105.42208623886108,3628689
105.47224497795105,3626341
105.499920129776,3625939
105.50664019584656,3622952
105.93638300895691,3622811
107.36035990715027,3622234
107.54767894744873,3603199
107.65621399879456,3594358
107.66200613975525,3568686
107.72410011291504,3556815
107.75259804725647,3547224
107.76497316360474,3526343
107.84039807319641,3516270
107.92363500595093,3514689
107.95592904090881,3512195
107.9899251461029,3511905
108.00489497184753,3510988
108.15159821510315,3509150
108.19601202011108,3507153
108.60945200920105,3506279
108.68013215065002,3503558
108.77508401870728,3502646
111.2749490737915,3502119
114.39649319648743,3501810
114.45419692993164,3501432
114.465891122818,3500832
114.95561909675598,3500104
115.15021324157715,3494077
115.18273615837097,3493951
115.75161504745483,3493360
115.75886511802673,3483004
115.80816102027893,3482932
115.83610606193542,3482047
115.86505126953125,3480546
115.87733292579651,3478681
115.88871502876282,3476849
115.93125414848328,3476774
115.93901419639587,3465644
115.97936725616455,3465003
115.9859881401062,3459225
117.17786121368408,3458882
118.38320732116699,3457693
119.37754702568054,3447319
119.3978521823883,3446549
119.66338205337524,3444802
119.76931500434875,3440701
119.83670115470886,3437784
119.8483099937439,3424533
119.93399119377136,3423342
119.94183397293091,3412881
119.95330810546875,3411723
120.07397294044495,3409441
120.11076927185059,3395643
120.15402317047119,3380525
120.17314314842224,3375975
120.3055431842804,3375741
121.29596018791199,3356004
121.43020105361938,3354198
121.44662499427795,3351134
121.49889993667603,3348417
121.63044929504395,3346172
121.65546703338623,3342945
121.8061408996582,3340847
122.41573810577393,3340754
122.42876815795898,3338593
124.13307499885559,3335628
124.15781307220459,3335349
124.1699571609497,3332532
126.7300591468811,3322857
127.09876918792725,3313903
127.16879415512085,3303666
127.17852020263672,3290440
127.21426010131836,3288606
127.22005009651184,3282724
127.24091601371765,3282084
127.25632405281067,3282083
127.26672911643982,3274851
127.56035614013672,3273269
127.60973691940308,3253003
128.20048809051514,3252977
128.2128713130951,3239443
128.5736849308014,3238457
129.88162922859192,3238035
130.1548011302948,3227227
131.187402009964,3225512
131.71011090278625,3225429
132.25230312347412,3225102
132.39067697525024,3222932
132.4439239501953,3221805
132.4557740688324,3216211
132.4846179485321,3216007
132.4951090812683,3214090
132.56498193740845,3214008
132.5718891620636,3198161
134.67594408988953,3196861
134.68495512008667,3195499
134.6948320865631,3194900
134.7035813331604,3194778
134.711599111557,3194254
134.72035002708435,3189992
134.79591703414917,3188624
134.8055820465088,3186205
134.86623215675354,3180926
134.87864303588867,3162505
134.90528893470764,3159769
134.9455292224884,3159086
135.1338849067688,3157545
135.16344809532166,3119586
135.19343900680542,3118448
135.20955324172974,3113923
135.2263321876526,3113899
135.23463129997253,3112615
135.2851550579071,3112524
135.39947319030762,3112133
135.41441321372986,3107886
135.48947095870972,3106914
135.5254681110382,3099837
135.54948616027832,3097491
135.65417909622192,3095726
135.68620800971985,3094522
135.7048110961914,3080876
135.93396925926208,3079721
135.94406294822693,3079429
135.94983196258545,3077809
136.02676510810852,3077721
136.05219411849976,3074196
136.41349411010742,3074114
136.41958618164062,3069252
137.03697991371155,3069048
137.0512251853943,3048935
137.19855999946594,3047228
137.20638632774353,3047223
137.21723222732544,3046198
137.64667105674744,3044479
137.6526231765747,3038169
137.96945810317993,3035786
137.98480892181396,3033920
138.0293550491333,3033226
138.041277885437,3028944
138.07400226593018,3028057
138.0857470035553,2987571
138.32469201087952,2985721
138.43489503860474,2983635
138.78946924209595,2983460
138.8741660118103,2983144
140.29534792900085,2981998
140.30772924423218,2981946
142.0690381526947,2981114
143.5248839855194,2980830
143.58732414245605,2980003
143.60138702392578,2977991
143.6619610786438,2976159
143.8751380443573,2975829
143.90007495880127,2975576
143.9118242263794,2973190
143.9243791103363,2971973
143.93523001670837,2971010
143.9469211101532,2969882
145.5512661933899,2967976
145.56548404693604,2966667
145.5823359489441,2963629
150.6297390460968,2963441
150.8300380706787,2963404
150.83786702156067,2946791
150.99175119400024,2946381
152.25352501869202,2944618
152.27298092842102,2908595
152.28585410118103,2871972
152.2988121509552,2838174
152.30965924263,2802201
152.3297679424286,2781008
152.35486221313477,2704693
152.3611671924591,2655256
152.63816905021667,2619637
152.65170311927795,2573934
152.6629512310028,2542893
152.71680903434753,2542029
152.7462079524994,2540704
152.76422905921936,2540190
155.37881922721863,2537809
155.39065408706665,2534762
155.49589014053345,2521581
155.52719807624817,2467265
155.55753922462463,2453649
155.59892296791077,2445250
155.61062097549438,2416533
155.63891196250916,2409129
155.66186022758484,2396849
156.1622121334076,2396189
157.05797719955444,2366437
157.51135206222534,2352980
157.52107691764832,2351970
157.53057312965393,2349066
157.54083108901978,2348739
157.56537127494812,2336791
157.61476826667786,2336411
157.62739419937134,2318557
157.6789150238037,2315830
157.69051504135132,2307101
158.55294013023376,2306752
159.1509530544281,2303975
159.9977149963379,2302831
161.4960639476776,2270746
162.99659705162048,2260401
166.28757619857788,2240423
166.31197905540466,2239094
166.82316493988037,2238569
166.83273816108704,2233244
168.38478112220764,2215447
170.7964310646057,2199113
171.34715795516968,2197609
171.37507724761963,2185142
175.4245970249176,2181913
175.47346830368042,2179752
180.77809619903564,2179728
181.36363124847412,2170425
181.3759491443634,2165341
183.42297291755676,2156963
183.8755180835724,2156688
183.8873519897461,2149156
186.4344298839569,2134609
186.45305013656616,2132967
187.24581718444824,2131610
189.90983390808105,2126407
189.99810934066772,2120896
190.0155472755432,2111720
190.07212114334106,2109831
190.08956694602966,2109487
190.15094709396362,2106448
191.77248001098633,2105797
191.80201506614685,2105703
193.08670687675476,2103942
194.89995431900024,2101928
194.90599608421326,2101796
194.91312313079834,2100249
197.6792130470276,2099404
197.70764422416687,2098788
198.8633050918579,2098664
202.51830196380615,2096295
202.66165399551392,2086451
202.71650195121765,2080499
202.74663615226746,2073064
202.849219083786,2065651
202.9395089149475,2063667
203.48998618125916,2062016
205.09916996955872,2061099
207.34729504585266,2059372
209.81232523918152,2046902
210.11850905418396,2046229
210.15194010734558,2046038
210.1639711856842,2045029
210.17683815956116,2044633
210.1853539943695,2042647
210.42799305915833,2042442
210.43472909927368,2036149
212.26955795288086,2026746
212.29982018470764,2019042
212.31546807289124,2018692
212.35299706459045,2014110
212.379310131073,2007525
212.40108609199524,1985194
212.40814900398254,1975234
212.4191381931305,1970252
212.4390480518341,1960469
212.4506540298462,1924239
212.51323008537292,1909002
212.52167296409607,1889547
212.62494206428528,1883950
213.62785625457764,1883604
213.63512229919434,1881582
213.64913892745972,1881027
214.72509908676147,1871187
215.1078279018402,1870683
215.11957716941833,1855596
215.14208006858826,1855140
215.48030018806458,1854765
215.61251711845398,1814527
215.74824810028076,1813388
216.0359971523285,1813359
216.04905605316162,1808919
216.45582699775696,1806914
216.80160522460938,1803472
216.80966806411743,1797606
216.84218215942383,1797215
217.09088730812073,1785901
217.11518216133118,1780652
217.12684106826782,1762045
217.4019980430603,1761096
217.4152331352234,1760734
217.4273340702057,1760448
217.9683051109314,1760152
218.4000210762024,1759797
218.76590633392334,1759479
218.77813816070557,1758485
219.85883808135986,1757945
219.87092804908752,1756781
220.0782880783081,1753968
220.4035062789917,1753196
222.74733424186707,1753019
223.54532504081726,1752989
223.5560121536255,1751737
224.82506489753723,1751653
224.87430024147034,1750345
224.9094910621643,1748284
224.96012496948242,1745296
225.83427500724792,1743665
225.9023323059082,1743663
225.9114649295807,1742024
228.1859061717987,1741595
228.22141122817993,1739531
229.99640917778015,1738468
236.9719090461731,1738129
238.02754616737366,1737217
239.0088131427765,1736984
241.83019423484802,1735423
242.59635090827942,1734536
243.71761298179626,1734075
244.1502251625061,1726872
244.1856541633606,1723566
244.19536519050598,1719773
244.5498640537262,1714049
247.36653304100037,1707262
247.372887134552,1702882
247.38066005706787,1695626
247.40138506889343,1686191
247.40716910362244,1652008
247.41608214378357,1634819
247.45051908493042,1614132
247.54910898208618,1606883
247.55497312545776,1602296
247.79064011573792,1592734
247.83220314979553,1583145
247.84315490722656,1580043
247.94531917572021,1551028
248.11827206611633,1534605
248.18791818618774,1534291
248.20175099372864,1496967
248.22440218925476,1493363
248.330904006958,1489653
248.37499117851257,1466072
252.34334421157837,1458675
252.3720419406891,1454008
252.45092296600342,1449324
252.46213817596436,1440534
252.51576399803162,1440235
252.52875423431396,1429964
252.55542397499084,1429868
252.57659125328064,1429385
252.58886313438416,1419565
253.96750903129578,1410673
254.18950009346008,1401492
254.71528697013855,1399678
255.07465600967407,1391750
255.1237292289734,1381829
255.37925720214844,1328691
255.43748927116394,1310876
255.59649300575256,1310722
255.60342502593994,1310636
256.2213680744171,1309787
256.23330521583557,1305591
256.72060203552246,1305378
257.1079111099243,1304111
257.12039017677307,1296751
257.2251760959625,1278217
257.5022301673889,1265861
257.5331771373749,1263064
257.56189012527466,1242410
257.5990152359009,1242177
257.649197101593,1242123
257.655962228775,1225063
257.6640009880066,1219269
257.6900632381439,1207938
257.7113561630249,1205155
257.72438502311707,1195900
257.793359041214,1193724
257.804270029068,1193541
258.8504161834717,1193295
258.87624406814575,1192795
258.88214111328125,1171562
258.95420122146606,1171370
258.96243500709534,1161566
259.0011830329895,1159452
259.37989616394043,1154202
259.39369320869446,1153680
259.4020662307739,1152269
259.41424107551575,1150750
259.42291808128357,1150042
259.44226002693176,1146785
259.4537489414215,1139138
259.48008394241333,1135163
259.5478730201721,1134233
259.56747221946716,1130533
259.57915711402893,1128411
260.06013107299805,1126910
260.07253909111023,1126733
260.0828220844269,1126518
261.8000991344452,1126070
261.81055426597595,1121146
261.96157693862915,1111600
262.46546506881714,1111448
262.47751903533936,1111078
262.4881992340088,1110510
263.0370318889618,1108711
263.0593011379242,1105802
263.7242040634155,1103169
263.7579209804535,1101966
263.76972913742065,1099582
264.98684000968933,1099268
264.99518632888794,1099120
265.475417137146,1095080
265.48387718200684,1092217
265.4951431751251,1087654
266.45493507385254,1087034
266.4740641117096,1084941
269.77278113365173,1081553
269.8020122051239,1081547
269.83757305145264,1081342
269.84822130203247,1077955
270.2819802761078,1075829
270.28773498535156,1073787
270.6034080982208,1072695
271.85264015197754,1072594
271.87195110321045,1072221
271.9113390445709,1004887
272.31717920303345,1004748
272.32562708854675,1001061
272.3536560535431,999735
272.66770100593567,998494
272.7106120586395,998358
275.89902687072754,993658
275.92058396339417,984750
276.06739616394043,983971
276.1445701122284,983778
276.1572389602661,982394
276.20842814445496,980647
276.29326009750366,977445
276.30453395843506,977166
276.3275582790375,971981
276.38283491134644,970806
276.4080581665039,970231
276.41915225982666,968906
276.43241333961487,968317
276.45914220809937,963357
276.4958322048187,957415
276.5908012390137,956453
276.61040711402893,956345
276.62268018722534,955784
276.7180941104889,949633
276.7641091346741,947324
276.7756381034851,942089
276.7863759994507,941372
276.969660282135,941088
277.62066411972046,940376
278.0463421344757,938862
278.2527780532837,938612
278.5898311138153,938490
278.61989307403564,936644
279.038556098938,935383
279.1452479362488,934821
279.1925859451294,933280
279.29440116882324,930727
279.3822600841522,929000
279.60168504714966,928821
279.62041306495667,925723
279.6702651977539,925574
279.70782995224,924016
279.7406520843506,918753
279.82722210884094,917899
279.83306908607483,914025
279.95066499710083,909370
279.98984122276306,908082
333.32543897628784,906794
334.0382981300354,905055
335.59662914276123,898443
336.1305420398712,896200
353.12119603157043,896154
353.1269838809967,895171
357.02525997161865,894881
357.77857518196106,894757
359.4903061389923,893942
359.5165100097656,892815
361.06373500823975,892306
361.7599790096283,892105
362.9858570098877,891695
372.00392389297485,889599
377.1312561035156,889542
377.1449909210205,888998
379.45087695121765,888486
385.93791699409485,888004
386.5664281845093,887325
392.99341201782227,886917
395.01177287101746,886137
395.0362560749054,885958
401.04623794555664,885936
401.07103514671326,885831
403.2354040145874,885475
412.0193181037903,885037
413.6716799736023,881552
413.7341902256012,879872
417.93502616882324,878281
417.96460604667664,877712
438.2837162017822,874574
445.4406051635742,871151
448.7677249908447,870611
458.0952470302582,869130
461.30954122543335,868872
461.87583112716675,868748
463.780855178833,868719
463.82374715805054,867758
474.2610869407654,867732
474.27493715286255,867428
475.7655029296875,866640
475.7765519618988,865599
482.61891198158264,864192
487.9342200756073,863974
489.0402102470398,863923
489.05218720436096,861519
490.43043994903564,861167
490.4419319629669,860165
492.9392399787903,860121
494.4284029006958,859200
495.68750405311584,858929
502.268550157547,858680
505.13161611557007,857930
506.0867691040039,857911
506.19156098365784,857740
507.4637219905853,857145
520.0022232532501,857029
529.0843389034271,855784
532.6584560871124,855421
532.6671280860901,853652
532.6734049320221,851530
534.2135710716248,851274
534.2513670921326,850859
537.9354770183563,850694
544.234904050827,846733
544.8670289516449,845314
546.2221949100494,844199
546.4045131206512,843042
547.5613980293274,842954
547.5680351257324,841656
549.7331759929657,840717
551.7560172080994,839602
555.065623998642,838675
556.6263020038605,838405
556.6381409168243,837307
558.7232601642609,835918
558.7534689903259,835272
559.1356811523438,834681
559.1429402828217,833478
559.1614902019501,832619
559.6057231426239,832066
562.1979901790619,831955
562.2238421440125,831918
563.0188410282135,831460
563.0523920059204,829821
563.8676149845123,828710
566.242406129837,825776
566.374213218689,822501
566.4469690322876,816312
566.4880051612854,815774
566.6850831508636,814431
566.7870059013367,814009
567.4165141582489,812811
567.5354402065277,809424
568.7490720748901,804802
569.3502562046051,803714
569.5082161426544,803314
570.0676121711731,800784
570.1865541934967,800583
570.3916921615601,800301
570.4501440525055,800101
