12.017027854919434,827636
12.048916816711426,827451
12.074917078018188,827347
12.103714942932129,827010
12.119340658187866,826228
12.119340658187866,825836
12.154802560806274,825215
12.170455694198608,822818
12.170455694198608,821947
12.186079978942871,819869
12.20170521736145,819512
12.256844520568848,819210
12.288094758987427,817041
12.381844997406006,816936
12.616220712661743,816585
12.656719446182251,815763
12.687997341156006,814884
12.882750749588013,814108
12.895760774612427,813029
12.97229528427124,812357
13.003545761108398,811972
13.037420272827148,811747
13.067421436309814,810586
13.07242226600647,810195
13.080412149429321,810165
13.124403953552246,809095
13.186903953552246,807766
13.218153715133667,807322
13.306801795959473,806867
13.74042296409607,805130
13.75642442703247,803605
13.764539957046509,803549
13.811441898345947,802213
13.900137186050415,801834
13.928851842880249,801346
14.00366473197937,800683
14.079465627670288,800394
14.084458351135254,799599
14.092456817626953,799427
14.113036155700684,798739
14.220778942108154,797927
14.252056360244751,797144
14.2677481174469,796786
14.353013753890991,784768
14.43259334564209,783782
14.43557357788086,783654
14.531287908554077,783489
14.562537670135498,783450
14.594732761383057,782800
14.74409294128418,782658
14.900343656539917,782461
15.009718894958496,781977
15.025343894958496,781218
15.025343894958496,780861
15.163041591644287,780495
15.195035219192505,780207
15.324845314025879,780049
15.402781009674072,778679
15.574655532836914,777867
15.605905532836914,777526
15.605905532836914,775989
15.637155532836914,775389
15.725782871246338,775367
15.956409931182861,774207
16.020440578460693,774079
16.023442268371582,774070
16.115423440933228,766215
16.16341781616211,764870
16.239076375961304,764393
16.285951375961304,764285
16.30157709121704,762774
16.34913659095764,762590
16.35628604888916,762496
16.371938228607178,761546
16.418813705444336,760921
16.434438705444336,760888
16.538609743118286,760843
16.585484743118286,759213
16.616734981536865,758996
16.657116651535034,758530
16.828521728515625,758528
16.828521728515625,757844
16.953522205352783,757659
17.205684185028076,757490
17.222978830337524,757046
17.222978830337524,756997
17.269872665405273,756473
17.285497665405273,756123
17.607410192489624,756104
17.62306261062622,756097
17.62306261062622,755573
17.72334575653076,755146
17.868444204330444,754905
17.88028645515442,754695
18.011553525924683,753671
18.15510606765747,751859
18.2519109249115,746109
18.2519109249115,746035
18.283161163330078,745330
18.43941068649292,745156
18.564411878585815,744512
18.6999568939209,740643
19.059659957885742,736729
19.1891872882843,735021
19.440687894821167,734696
19.440687894821167,734643
19.547451972961426,734585
19.57245182991028,734196
19.807147979736328,733950
20.017232418060303,733809
20.040011167526245,733768
20.082082748413086,733671
20.17586088180542,733194
20.260084867477417,733073
20.322585344314575,732667
20.431960344314575,732590
20.487306594848633,731825
20.8410427570343,731552
20.8410427570343,731466
20.8410427570343,731177
20.96559238433838,730862
21.065481662750244,729851
21.30751609802246,727658
21.38851809501648,727442
21.420520544052124,727427
21.437522172927856,727298
21.43852186203003,726450
21.50652527809143,724527
21.52350640296936,723716
21.75052046775818,723616
21.765520572662354,721970
21.79054069519043,721635
21.98153281211853,721175
22.473562240600586,721055
22.895605087280273,721042
22.955609798431396,720284
22.974611043930054,720244
23.077617168426514,720212
23.08061671257019,720070
23.33463215827942,719828
23.412636518478394,718874
23.82066059112549,718099
23.830641508102417,717157
23.851661920547485,709926
23.97567653656006,709919
24.421677827835083,709887
24.49470281600952,709860
24.56999111175537,709800
24.64097785949707,707711
24.838987588882446,707377
26.85453772544861,706553
26.87016272544861,706321
27.29472327232361,705794
27.388474225997925,705773
27.497849225997925,705673
27.686402559280396,703779
27.74224352836609,703677
27.98801851272583,703344
28.029022455215454,702343
28.040024280548096,701823
28.176012754440308,700748
28.584035634994507,700726
28.98380398750305,700620
29.80525231361389,700473
29.902074813842773,700221
29.922303438186646,699341
29.933303117752075,699007
30.39212918281555,698487
30.42113208770752,698475
30.436132431030273,698041
30.532137632369995,697001
31.03325915336609,696979
31.32128643989563,696862
31.66232657432556,696732
34.27681851387024,696717
34.33082175254822,696700
34.7698073387146,696128
34.96280646324158,696055
35.31882691383362,695381
35.6936776638031,694717
35.73165273666382,694702
36.22238540649414,694406
36.347413301467896,693996
36.467825412750244,693893
36.697526931762695,693613
37.208210468292236,693491
37.27102828025818,693147
37.61819505691528,692790
39.114245891571045,692300
39.71030616760254,692275
40.70434045791626,691195
40.773343324661255,690601
40.948371171951294,690008
41.00337481498718,689756
41.53140568733215,689149
42.28036618232727,689102
48.095417499542236,688399
48.84937500953674,688055
48.86500000953674,687825
60.44549608230591,687357
61.03586792945862,685137
61.25462794303894,684786
61.46700406074524,684558
61.66101574897766,684045
62.300983905792236,683972
64.55023980140686,683825
64.9494903087616,683765
76.20416307449341,683760
77.79324245452881,683409
78.92623782157898,682893
79.28193926811218,682744
81.10624051094055,682343
81.4341926574707,682313
81.53404951095581,681830
82.12326407432556,681751
82.5539903640747,681736
89.90720081329346,681403
90.16869473457336,681281
90.84303617477417,681109
91.07002019882202,680968
98.0868148803711,680839
