4.571269273757935,905625
4.57926869392395,905505
5.254306793212891,904079
5.282309532165527,903550
5.320313453674316,901623
5.594326972961426,899387
5.641329765319824,899129
7.395433187484741,890876
7.436435222625732,888079
7.445436239242554,886832
7.465436935424805,885221
7.49043869972229,884138
7.497439384460449,883550
7.5494420528411865,875926
7.584444999694824,873537
7.768454074859619,872882
7.81045937538147,871169
7.846460819244385,869827
7.870460510253906,869478
8.448496103286743,868878
8.560502529144287,868832
8.606503248214722,868534
9.076532363891602,867277
9.185537576675415,866720
10.706626653671265,866553
10.903639554977417,866539
10.949639558792114,866499
11.240659952163696,866329
11.96269941329956,866019
11.983701229095459,865980
13.48176097869873,864736
14.423816442489624,864656
14.459818124771118,864099
14.479819536209106,863974
14.508821249008179,863928
14.50982117652893,863358
14.740834474563599,862467
14.885842323303223,862250
14.970847368240356,862243
15.07885456085205,862197
15.417874336242676,862158
17.38598942756653,862125
23.486375331878662,862118
