0.013981103897094727,989329
0.019980907440185547,988530
0.020982027053833008,986686
0.032982826232910156,986561
0.040982723236083984,983458
0.05498504638671875,983012
0.058985233306884766,968743
0.07498574256896973,964791
0.09598755836486816,962446
0.09698748588562012,962057
0.1299893856048584,953245
0.13098907470703125,951929
0.13698935508728027,945802
0.14899015426635742,945591
0.1539905071258545,937450
0.1559901237487793,929992
0.16599130630493164,928422
0.18299221992492676,928073
0.22201132774353027,925180
0.23501181602478027,924659
0.25702500343322754,924316
0.27301812171936035,907618
0.27701425552368164,904476
0.2949965000152588,904010
0.3139984607696533,903970
0.3410189151763916,902971
0.3710205554962158,902476
0.3800041675567627,900905
0.38100314140319824,899145
0.4340238571166992,899060
0.45702552795410156,898804
0.4630088806152344,895184
0.4690074920654297,894790
0.4780161380767822,894710
0.4820280075073242,891426
0.5270111560821533,889122
0.6020159721374512,888821
0.8560316562652588,885202
0.9620378017425537,876658
1.0050575733184814,876098
1.0410594940185547,875694
1.0590651035308838,875509
1.3180766105651855,874271
1.3410792350769043,872882
1.3520786762237549,872682
1.3880808353424072,871745
1.4210822582244873,870898
1.4340651035308838,869998
1.5690720081329346,869907
1.6200754642486572,869873
1.6510956287384033,869656
1.9111149311065674,868999
1.9811170101165771,865606
2.0101161003112793,865517
2.054100513458252,864382
2.059117555618286,863556
2.059117555618286,863194
2.060121536254883,862356
2.1571249961853027,861281
2.171119213104248,861166
2.171119213104248,857551
2.3071353435516357,857347
2.3651371002197266,856624
2.370131492614746,856262
2.482144355773926,855715
2.5031254291534424,855482
2.6581554412841797,854816
2.6791369915008545,854605
2.6801364421844482,853411
2.7751424312591553,853371
3.663193464279175,853337
3.7762198448181152,853263
3.788228750228882,852425
3.7892282009124756,852385
3.9732348918914795,852309
8.741492748260498,851519
8.759511947631836,851234
10.313600301742554,851042
10.419590950012207,850757
10.536612749099731,850718
11.673681735992432,850717
13.443784952163696,850678
14.147826671600342,847340
14.315835952758789,847294
14.825846672058105,847293
15.042878866195679,847254
17.057995796203613,846094
17.177003622055054,846055
46.556920289993286,846055
