0.0180208683013916,978552
0.02102208137512207,977755
0.029021739959716797,975939
0.0480039119720459,975755
0.050023794174194336,974868
0.0860280990600586,967477
0.10402512550354004,960014
0.11902999877929688,958013
0.12802672386169434,957456
0.1440277099609375,955069
0.14502763748168945,953333
0.1830132007598877,950428
0.2220139503479004,945769
0.3290379047393799,944368
0.3640415668487549,941224
0.36904096603393555,940301
0.4510316848754883,936810
0.5200495719909668,934400
0.5490498542785645,917235
0.5900583267211914,916577
0.6030545234680176,906588
0.6260571479797363,906350
0.6390566825866699,904401
0.6700584888458252,903587
0.6990411281585693,899616
0.7670443058013916,898220
0.8050673007965088,897059
0.831049919128418,895488
0.8790721893310547,894854
0.9070851802825928,891609
0.9120762348175049,891569
1.0010790824890137,890975
1.0530896186828613,890447
1.1220848560333252,881003
1.124084711074829,877468
1.1450672149658203,877390
1.2040705680847168,877108
1.241072416305542,874395
1.2510731220245361,872505
1.2920756340026855,872109
1.358102560043335,870422
1.386094093322754,870315
2.0391194820404053,868997
2.040118932723999,868769
2.0971226692199707,868154
2.4701454639434814,867392
2.7411789894104004,866945
2.837184429168701,866636
2.887183666229248,864827
2.9631924629211426,863568
3.0172007083892822,863560
3.0221755504608154,863479
3.0301990509033203,862700
3.0401785373687744,861853
3.127182722091675,861586
3.1981873512268066,858920
3.2992122173309326,858281
3.576228380203247,858066
3.635233163833618,857927
3.945249557495117,856631
3.961230754852295,856591
4.464261293411255,856558
5.2263264656066895,856123
5.273326396942139,855186
5.962348699569702,854579
8.00146770477295,854539
46.646729707717896,854539
