4.842167377471924,935631
4.842167377471924,920282
4.842167377471924,915467
4.857792377471924,914009
4.857792377471924,913747
4.873418569564819,908958
4.904667615890503,907026
4.920292377471924,906323
4.96716833114624,903679
5.248418807983398,903446
5.26404333114624,901050
5.279668569564819,899890
5.873419523239136,898907
5.889045715332031,898645
5.951545715332031,896913
7.159333944320679,895020
7.398417234420776,892382
7.492168188095093,891096
7.710910320281982,890040
7.742139577865601,890001
7.742139577865601,887984
7.773411273956299,887607
7.835921287536621,886854
7.961008071899414,886852
7.997035503387451,886411
8.092308044433594,886170
9.508255004882812,884165
9.508255004882812,882973
9.523879289627075,882624
9.539505004882812,880271
9.664505243301392,880131
10.586409568786621,873555
10.867660999298096,873173
17.35231852531433,872428
17.60735273361206,871713
17.80744767189026,871614
17.838698148727417,870512
17.984971523284912,869674
18.494478464126587,869634
24.983513832092285,869530
