0.008378744125366211,5151238
0.01579904556274414,5104345
0.02953481674194336,5097162
0.03761410713195801,5048446
0.044336795806884766,5046609
0.05986309051513672,4954043
0.06601977348327637,4903160
0.08185076713562012,4871924
0.0978238582611084,4844187
0.10530996322631836,4827473
0.11201095581054688,4814614
0.12663698196411133,4802949
0.15219879150390625,4802766
0.18599295616149902,4772901
0.20741605758666992,4772531
0.21709895133972168,4704265
0.22636079788208008,4696459
0.23332691192626953,4568728
0.24314594268798828,4561453
0.25229787826538086,4492001
0.26326489448547363,4469704
0.2828338146209717,4435801
0.2979557514190674,4432426
0.3056356906890869,4390075
0.3392210006713867,4340706
0.34637904167175293,4320386
0.3769967555999756,4241696
0.4084610939025879,4185227
0.46613407135009766,4180982
0.5152559280395508,4172068
0.5217089653015137,4165621
0.5391690731048584,4113545
0.546961784362793,4088096
0.5534210205078125,4027991
0.5887207984924316,4025758
0.6316249370574951,3954616
0.6506249904632568,3928598
0.6572086811065674,3884426
0.6735248565673828,3877138
0.6988568305969238,3852508
0.70664381980896,3844992
0.7289857864379883,3741553
0.7687070369720459,3727212
0.7733960151672363,3639986
0.7802119255065918,3622841
0.7875337600708008,3467761
0.8195528984069824,3465103
0.82421875,3454882
0.9759149551391602,3454880
0.9825310707092285,3434073
0.9893519878387451,3401371
0.9933030605316162,3389982
1.0088880062103271,3369074
1.0401537418365479,3354513
1.0430448055267334,3345322
1.056635856628418,3339408
1.060236930847168,3288658
1.3704969882965088,3277568
1.4434020519256592,3267788
1.4483768939971924,3245541
1.4591009616851807,3238562
1.4711759090423584,3191157
1.5531859397888184,3190976
1.5565769672393799,3177326
2.0825867652893066,3176700
2.0889029502868652,3142634
2.4374477863311768,3137945
2.4521079063415527,3134821
2.458702802658081,3129625
4.112643003463745,3127037
4.1263580322265625,3121191
4.684043884277344,3119614
5.167463779449463,3117812
5.170461893081665,3107066
6.116256952285767,3098588
6.122586727142334,3091997
6.129832983016968,3085917
6.133294105529785,3084960
6.1934099197387695,3081769
6.205148935317993,3077391
6.536993980407715,3071302
6.547469854354858,3053616
6.6717917919158936,3038800
6.680355072021484,2991991
6.719259738922119,2985844
6.896733999252319,2979821
6.97416877746582,2957043
6.984790086746216,2928560
6.998239040374756,2917293
7.000962972640991,2842341
7.023885011672974,2836216
7.038182973861694,2782935
7.048783779144287,2748871
7.052429676055908,2729898
7.084376096725464,2650125
7.1283159255981445,2648432
7.422961950302124,2606384
7.639164924621582,2604981
7.825366973876953,2579927
8.027661085128784,2560768
8.722327947616577,2555095
8.734325885772705,2539586
8.740676879882812,2506964
8.796711921691895,2503113
8.80057692527771,2502772
8.80332088470459,2494173
9.121880769729614,2492137
9.221699714660645,2485365
9.227413892745972,2463271
9.613116979598999,2462169
9.620515823364258,2454351
10.452044010162354,2454004
10.68674087524414,2451342
10.883739948272705,2450452
10.895884990692139,2421898
11.04592490196228,2415488
11.049182891845703,2399365
11.054701089859009,2394775
11.05976390838623,2388359
11.247089862823486,2376971
11.271663904190063,2376556
11.345753908157349,2372856
11.348427057266235,2355411
11.37156891822815,2308760
11.388621807098389,2288134
11.396005868911743,2284819
11.402358055114746,2249042
11.426639795303345,2248007
11.643723011016846,2231127
11.665863990783691,2210142
11.678672790527344,2197617
11.805368900299072,2169071
12.039331674575806,2135997
12.366756916046143,2133789
12.899363040924072,2124893
13.24242877960205,2089124
13.757694005966187,2088149
13.765676975250244,2085836
13.769307851791382,2073486
13.788203001022339,2065495
13.995818853378296,2052305
14.353959798812866,2040719
14.36110782623291,2036685
14.379297018051147,1977768
14.399043798446655,1971643
14.661234855651855,1966839
14.667750835418701,1940445
15.050318717956543,1928626
15.093348741531372,1922525
15.098002910614014,1899345
15.224389791488647,1889794
15.287682056427002,1861354
15.305020809173584,1835615
15.318700075149536,1799685
15.324503898620605,1776931
15.32853388786316,1767241
15.335048913955688,1700415
15.365868091583252,1696150
15.371277809143066,1689012
15.375211954116821,1629671
15.525720834732056,1624674
15.531469106674194,1597979
15.8903329372406,1595650
15.896888017654419,1584625
16.100762844085693,1583005
16.862344980239868,1582832
16.87628698348999,1559555
18.38866090774536,1550437
18.404753923416138,1493757
19.00254487991333,1491851
19.02299690246582,1487169
19.026862859725952,1463214
19.114166975021362,1462427
19.120303869247437,1443724
19.231278896331787,1433966
19.319227933883667,1402915
20.678993940353394,1340855
20.892552852630615,1332142
21.117762088775635,1331242
21.924092769622803,1324745
22.273602962493896,1313469
22.667794942855835,1292894
22.693424940109253,1291814
22.79885172843933,1275954
23.37614107131958,1266684
23.39408779144287,1261438
23.512279987335205,1256375
23.62684988975525,1254057
23.741565942764282,1229838
23.862563133239746,1225676
23.886855840682983,1222795
23.969997882843018,1220060
24.83912992477417,1216043
24.887311935424805,1210964
24.92933988571167,1198632
24.933554887771606,1194153
24.93622088432312,1184164
24.939262866973877,1176469
24.950161933898926,1165485
25.02225685119629,1164390
25.033944129943848,1149367
25.38962483406067,1142600
25.403306007385254,1137872
25.65718984603882,1103023
25.750690937042236,1101335
30.24956703186035,1099919
30.63067078590393,1094204
33.70353102684021,1093020
35.17042589187622,1092890
35.18711972236633,1085817
37.03055477142334,1080996
37.724878787994385,1071174
39.57358384132385,1068264
40.18671798706055,1066627
40.46592473983765,1066114
42.28440880775452,1055669
43.19069290161133,1047588
45.20767593383789,1026757
45.39996600151062,1025760
45.58850288391113,1025355
45.60324788093567,1024477
45.6092848777771,1015805
45.943410873413086,1015789
45.95392203330994,1010585
46.12204599380493,1008420
46.293517112731934,1001808
47.25444984436035,996634
47.413870096206665,987448
48.69387078285217,987231
49.127278089523315,986435
49.59303283691406,984897
49.65133190155029,981494
50.08642888069153,977703
50.603564977645874,976313
50.6468939781189,967099
57.609893798828125,957469
63.47687602043152,953003
65.43174982070923,951976
72.07275485992432,951937
86.6110348701477,948624
304.2196910381317,942524
304.2429850101471,938156
304.27622985839844,937491
304.651832818985,932247
304.680233001709,929541
307.253054857254,927844
324.7122209072113,927805
