3.600555658340454,987637
3.801769733428955,985725
3.801769733428955,980021
3.8631701469421387,968119
3.8641698360443115,965289
4.107397079467773,961565
4.116505146026611,960512
4.13215970993042,959056
4.13215970993042,956799
4.147785186767578,953713
4.217137336730957,941623
4.295290231704712,938684
4.310915470123291,935780
4.326188564300537,933046
4.345181703567505,924316
4.378185272216797,922002
4.478188991546631,914652
4.523175001144409,914351
4.544192790985107,913932
4.565201997756958,910389
4.601074457168579,903219
4.61669921875,898536
5.513172626495361,897254
5.6504693031311035,895008
5.6504693031311035,891662
5.666094541549683,890415
5.7767486572265625,889230
5.7923736572265625,889080
5.917373895645142,888419
5.932999134063721,885973
5.9486243724823,885268
6.12461519241333,883585
6.163446664810181,881703
6.288447141647339,878784
6.335322380065918,877524
6.335322380065918,877133
6.35094690322876,875453
6.422944068908691,873974
6.4839396476745605,871951
6.515190124511719,871103
6.55406379699707,871065
6.72265362739563,870304
6.941403865814209,865965
6.957029581069946,864936
6.957029581069946,859322
7.003904104232788,857666
7.035154819488525,857117
7.113279819488525,853645
7.175779819488525,852619
7.238280296325684,852238
7.300781011581421,850822
10.555995464324951,850427
10.649746894836426,849589
10.649746894836426,845971
12.453820705413818,845615
16.236632823944092,845485
16.547383546829224,845400
19.36441946029663,845079
19.38004422187805,844522
21.104702472686768,843763
23.017923593521118,842826
27.94533658027649,841367
28.234206438064575,841327
39.328335762023926,840720
