4.625308990478516,982488
4.645328044891357,980463
4.909573078155518,979651
4.909573078155518,977376
4.9251978397369385,977190
4.956448078155518,973755
5.003321170806885,958063
5.018948554992676,957273
5.034573078155518,951714
5.065823078155518,949258
5.081448316574097,948065
5.081448316574097,946552
5.081448316574097,943150
5.097073316574097,938258
5.143948793411255,937236
5.159573078155518,935092
5.206448078155518,935005
5.237698316574097,933499
5.237698316574097,933080
5.237698316574097,928918
5.237698316574097,927547
5.237698316574097,923340
5.304748296737671,922330
5.340229749679565,920734
5.355855464935303,918870
5.387600421905518,899827
5.393601179122925,894771
5.472710132598877,881343
5.964353322982788,877316
6.158928394317627,877111
6.174553394317627,876127
6.190178394317627,870351
6.205803394317627,868549
6.533928632736206,867146
6.5808045864105225,864777
6.5808045864105225,863081
6.59643030166626,859304
6.612054824829102,854565
6.6276795864105225,853214
6.658929824829102,849883
7.049527406692505,847515
7.315152645111084,846232
9.958138465881348,844822
10.06751298904419,838587
10.145638942718506,836976
10.286264657974243,836428
11.481743097305298,835808
11.637993812561035,835476
14.463440895080566,834884
14.49044156074524,834046
14.864482879638672,832051
15.39455533027649,831322
15.674023628234863,831107
15.726895570755005,830364
15.976923704147339,829208
16.33550786972046,829089
16.7743878364563,828684
16.78841209411621,828608
18.372095346450806,827790
19.962043046951294,826943
27.132193326950073,826942
27.22218942642212,826903
