0.017998695373535156,1057599
0.019997835159301758,1052280
0.028002500534057617,1043608
0.03800010681152344,1037635
0.04500269889831543,1036060
0.06498384475708008,1033503
0.07200169563293457,1013132
0.0780022144317627,996045
0.07998323440551758,993721
0.10200357437133789,978199
0.11300325393676758,972852
0.12200403213500977,968363
0.1280040740966797,966569
0.1280040740966797,965644
0.15198683738708496,926231
0.19400739669799805,924741
0.22200918197631836,923945
0.22400999069213867,923336
0.23901081085205078,923269
0.26401352882385254,920378
0.26700472831726074,920140
0.2970273494720459,916034
0.31499719619750977,913562
0.35701680183410645,913443
0.36602044105529785,902398
0.388019323348999,899284
0.6310431957244873,898246
0.6330440044403076,896288
0.6420340538024902,895388
0.6470344066619873,892692
0.732039213180542,890046
0.7360219955444336,888234
0.7620418071746826,885492
1.0400378704071045,885050
1.5780868530273438,876722
1.630091905593872,876105
1.7351031303405762,875930
1.7390882968902588,867355
1.765099287033081,866379
1.7770991325378418,866179
2.2721102237701416,864380
2.3281137943267822,863591
2.3281137943267822,862523
2.3681156635284424,862490
2.3751158714294434,859585
2.444119930267334,858710
2.63515305519104,858490
2.7221598625183105,857111
2.7351572513580322,853707
2.806164264678955,853490
2.905156373977661,853209
4.413254737854004,853019
4.41425633430481,852181
5.337308645248413,851644
5.541301727294922,851604
7.661444425582886,851352
10.126571416854858,851346
11.10464596748352,851306
12.513710975646973,851267
46.47271370887756,851267
