3.5037553310394287,981205
3.5037553310394287,978396
3.5392143726348877,976890
3.5412144660949707,971876
3.552215814590454,971389
3.7324581146240234,970561
3.741461753845215,968753
3.746485948562622,966090
3.7474875450134277,959387
3.7494874000549316,958966
3.7494874000549316,957041
3.753488063812256,955859
3.7604784965515137,953786
3.924487829208374,953050
3.9264886379241943,942555
3.934488534927368,941591
4.00165867805481,941302
4.00165867805481,933459
4.032908916473389,929460
4.048534870147705,914420
4.048534870147705,914407
4.111034393310547,905016
4.126659631729126,903776
4.364291667938232,901740
4.395541667938232,900585
4.4580419063568115,893406
4.536550521850586,883202
4.6095452308654785,882294
4.6185455322265625,880822
4.634554624557495,880714
4.8126220703125,877379
4.836764097213745,876735
4.868041515350342,872449
5.0015809535980225,872072
5.005581617355347,870416
5.2494895458221436,868150
5.25248908996582,866738
5.2594895362854,862368
5.260600566864014,861949
5.291877508163452,860093
5.518477201461792,859894
5.57848858833313,858349
5.62552547454834,855906
5.636554718017578,849981
7.472915410995483,849749
7.497930288314819,848614
7.613924741744995,847069
8.734978914260864,846391
10.776517629623413,844821
11.092535972595215,843867
11.168540477752686,842211
11.513577461242676,842202
11.642568349838257,841758
11.949583053588867,841630
12.11159348487854,840589
12.16159963607788,840550
12.331624269485474,839701
12.343608856201172,838415
12.348609447479248,837577
12.778632402420044,836570
12.936310052871704,835680
