3.986969232559204,983597
4.002594232559204,979496
4.080690383911133,976622
4.096344232559204,969071
4.096344232559204,957534
4.143219947814941,957391
4.158844470977783,953624
4.4557204246521,947259
4.486942291259766,944365
4.549470901489258,944344
4.565095901489258,944223
4.565095901489258,941853
4.580720901489258,939055
4.580720901489258,938354
4.580720901489258,936575
4.580720901489258,936157
4.611970901489258,934430
4.627596139907837,927882
4.627596139907837,926687
4.627596139907837,922998
4.768221378326416,902891
4.768221378326416,902363
5.20572304725647,901662
5.221351146697998,900579
5.236972808837891,900256
5.236972808837891,899686
5.346348762512207,896558
5.424473762512207,896224
5.455723524093628,895876
5.736974000930786,895545
5.768224000930786,890591
5.815099239349365,890401
5.846349477767944,886220
5.918020486831665,882754
6.3980114459991455,882400
6.460511207580566,881482
6.476136207580566,880458
6.491761922836304,879581
6.523011684417725,879240
6.633638620376587,876495
6.72738790512085,876150
6.743013381958008,874734
6.821139097213745,874670
6.836763858795166,872868
7.356051206588745,861537
7.387308597564697,861487
8.359835624694824,860493
8.72820496559143,859331
9.895026445388794,859145
9.897026538848877,859099
11.533122539520264,858976
11.539122581481934,858053
11.588125705718994,856897
14.820546627044678,856087
14.856940984725952,855972
15.982145547866821,855698
16.82115077972412,855655
17.42324137687683,855615
17.45449185371399,855576
31.017532110214233,855185
31.048782110214233,855146
34.96986389160156,855128
41.65994215011597,855013
41.69119167327881,854974
