3.05680513381958,1033134
3.229076862335205,1016727
3.244701862335205,1006064
3.3697025775909424,1002765
3.3853278160095215,1001601
3.3853278160095215,998934
3.400951862335205,997587
3.400951862335205,989769
3.4322023391723633,988181
3.4634525775909424,974446
3.5103275775909424,973278
3.581483840942383,970788
3.581483840942383,963124
3.5971364974975586,954605
3.6127614974975586,951647
3.6440114974975586,948888
3.6596367359161377,945509
3.722136974334717,944589
3.753387212753296,941604
3.7846367359161377,936471
3.7846367359161377,933983
3.7846367359161377,932510
3.972137451171875,930563
3.987761974334717,925919
4.253388404846191,925580
4.26901388168335,925548
4.30026388168335,920154
4.3158886432647705,919145
4.33151388168335,910895
4.4408886432647705,910089
4.644015312194824,909101
4.675265073776245,904776
4.769014835357666,899694
4.769014835357666,899332
4.800264835357666,892349
4.909640789031982,892161
4.909640789031982,882931
4.909640789031982,876248
4.909640789031982,871363
4.956515789031982,870693
4.987765789031982,868821
5.003390789031982,865879
5.0658910274505615,859031
5.1283910274505615,857140
5.144016265869141,856986
5.159641265869141,856435
5.206515789031982,853731
5.300266742706299,851782
5.315891742706299,851462
5.628393173217773,850516
5.659642457962036,844573
5.690892934799194,844363
5.706518173217773,842797
5.75339412689209,838826
9.383779764175415,837075
9.415647506713867,835032
9.63914680480957,833904
13.229626417160034,832941
13.245251655578613,831655
13.307752132415771,830780
23.85562252998352,830740
39.38604760169983,830701
