4.0302629470825195,961321
4.045264005661011,951010
4.054264307022095,950821
4.076265573501587,940251
4.088266134262085,932500
4.088266134262085,931413
4.091265916824341,929369
4.140268802642822,929306
4.174272537231445,911860
4.183271884918213,908591
4.379283428192139,897517
4.400286436080933,892367
4.71630334854126,890498
4.749305009841919,888489
4.751305341720581,885837
4.764305591583252,884054
4.797309637069702,881981
4.802308559417725,881941
4.813310384750366,879088
4.822309255599976,878545
4.841310501098633,877214
4.870312690734863,877124
4.889314651489258,875808
4.940316200256348,875403
5.357340335845947,875132
5.3793439865112305,867345
5.381342172622681,864221
5.878373384475708,862597
5.885374307632446,855771
5.909372806549072,853065
5.96437668800354,852126
6.210390567779541,851896
6.219391345977783,849013
6.240392446517944,837166
6.823426961898804,836952
6.8464274406433105,836533
6.867429494857788,836310
7.079442977905273,835367
7.110442876815796,834339
7.122446298599243,830745
7.402460336685181,830570
7.418460845947266,829791
7.449462652206421,829671
7.481466293334961,828113
7.515469074249268,826919
7.566471576690674,826747
8.85254693031311,826567
8.863545656204224,825788
8.911549806594849,822442
9.131561279296875,821083
9.347577571868896,820318
9.350573539733887,814743
9.403578758239746,814387
9.625590801239014,814172
9.719598054885864,813882
9.743598699569702,812635
10.007614135742188,812546
18.285096168518066,812460
18.49910879135132,812368
18.83712887763977,811082
21.66029405593872,810684
21.79330086708069,810452
21.82830572128296,810235
24.597466230392456,810196
