0.011000394821166992,958132
0.02200150489807129,952645
0.05400371551513672,948802
0.05700349807739258,945691
0.06800532341003418,937788
0.08200478553771973,934610
0.08600497245788574,934137
0.09200572967529297,931168
0.09900593757629395,930308
0.10100626945495605,928569
0.1130068302154541,928173
0.1760106086730957,918221
0.1870110034942627,911712
0.20901250839233398,910465
0.22001338005065918,909093
0.24501419067382812,905116
0.24901461601257324,904878
0.25101470947265625,901263
0.25501585006713867,891662
0.2690153121948242,891218
0.31001830101013184,889845
2.179128885269165,889247
2.4741621017456055,884468
2.6821768283843994,883752
2.7401602268218994,883356
2.785182237625122,882505
2.7861826419830322,882267
2.8561861515045166,881568
2.889188528060913,881011
3.0701992511749268,880441
3.1792056560516357,879188
3.186206340789795,879068
4.226246356964111,878646
4.679292917251587,878598
9.297565937042236,878521
9.34357738494873,878481
11.177164316177368,878184
11.268676996231079,878144
17.36474108695984,877410
47.5975067615509,877410
