3.3402223587036133,991476
3.4232287406921387,985958
3.427229642868042,981779
3.6472394466400146,980940
3.650240421295166,969892
3.6512398719787598,952572
3.687242269515991,942777
3.7272467613220215,940899
3.748246192932129,939288
3.774249792098999,936727
3.7902488708496094,935688
3.8192505836486816,925585
3.8212506771087646,917227
3.8242504596710205,916043
3.86625337600708,912693
3.868252992630005,910057
3.8692538738250732,908192
3.880255937576294,907728
3.882253885269165,906121
4.647290945053101,905687
4.663296699523926,899923
4.669299840927124,899887
4.674300193786621,896625
4.676300764083862,894693
4.736303329467773,887635
4.754305124282837,885856
4.8583128452301025,876327
4.9523162841796875,875038
4.956318616867065,872827
4.961317300796509,871989
4.966317176818848,870378
4.997318983078003,868347
5.394342422485352,866150
5.434345960617065,864260
5.48734712600708,861369
6.106381893157959,860421
6.155386924743652,858767
6.3904008865356445,858028
6.445406436920166,857748
6.788424491882324,856337
6.831425905227661,855090
6.8354268074035645,854329
6.850426912307739,853933
8.28551197052002,853536
8.397517919540405,851882
8.522526741027832,850294
9.787601232528687,850146
10.04561471939087,848416
10.054616689682007,847179
10.249626159667969,847142
10.254626750946045,846074
11.327690362930298,845797
11.32969045639038,844557
14.768890857696533,842537
14.8188955783844,842498
14.92591404914856,841748
14.947901248931885,840910
16.873013734817505,840271
17.06902575492859,838447
17.145030736923218,837345
17.246036767959595,837305
18.09508728981018,837254
19.429163455963135,836507
19.627167224884033,834889
20.565232276916504,834850
20.57023024559021,834012
