0.017000913619995117,985478
0.022000789642333984,963457
0.03200197219848633,958767
0.04100203514099121,934788
0.042001962661743164,918845
0.07000398635864258,917029
0.08000540733337402,908566
0.1980140209197998,907163
0.2200150489807129,907123
0.22701621055603027,904799
0.24901700019836426,900832
0.2530174255371094,900615
0.3070197105407715,896445
0.33602190017700195,895997
0.3830249309539795,892082
0.4170267581939697,890471
0.5440340042114258,890027
0.5570344924926758,888741
0.5870363712310791,888702
0.6110377311706543,888662
0.6180353164672852,881352
0.7300446033477783,881197
0.8170509338378906,879902
0.8840539455413818,879584
1.8551115989685059,869937
2.0171194076538086,868070
2.160125970840454,866412
2.165128707885742,866285
2.2291529178619385,865745
2.231153726577759,865664
2.42814302444458,864830
3.8032219409942627,861951
3.862248420715332,861944
3.8732573986053467,861021
5.7133355140686035,860609
5.8063414096832275,859193
8.111495733261108,859191
10.546618461608887,859153
12.724764108657837,859151
45.717692375183105,859151
