0.008185863494873047,5151238
0.015741825103759766,5104345
0.02695775032043457,5097162
0.031793832778930664,5048446
0.037721872329711914,5046609
0.048749685287475586,4954043
0.05517697334289551,4903160
0.0690758228302002,4871924
0.0804598331451416,4844187
0.08670687675476074,4827473
0.08999490737915039,4814614
0.10202193260192871,4802949
0.1206059455871582,4802766
0.14339184761047363,4772901
0.15313386917114258,4772531
0.15925884246826172,4704265
0.16532588005065918,4696459
0.1712818145751953,4568728
0.1770639419555664,4561453
0.1833348274230957,4492001
0.18975591659545898,4469704
0.20753693580627441,4435801
0.21379470825195312,4432426
0.2208399772644043,4390075
0.24307775497436523,4340706
0.24828600883483887,4320386
0.26609373092651367,4241696
0.28322267532348633,4185227
0.3222198486328125,4180982
0.35219383239746094,4172068
0.3555610179901123,4165621
0.372194766998291,4113545
0.377518892288208,4088096
0.3853137493133545,4027991
0.4084806442260742,4025758
0.4327208995819092,3954616
0.44187498092651367,3928598
0.44543886184692383,3884426
0.452380895614624,3877138
0.4621896743774414,3852508
0.4652848243713379,3844992
0.4746057987213135,3741553
0.4817616939544678,3727212
0.4854416847229004,3639986
0.4883418083190918,3622841
0.49161767959594727,3467761
0.5078389644622803,3465103
0.5108098983764648,3454882
0.5970468521118164,3454880
0.6000158786773682,3434073
0.602931022644043,3401371
0.6063838005065918,3389982
0.6159307956695557,3369074
0.6319818496704102,3354513
0.635002851486206,3345322
0.6456949710845947,3339408
0.6492159366607666,3288658
0.7974636554718018,3277568
0.8296647071838379,3267788
0.8324370384216309,3245541
0.8409578800201416,3238562
0.8468267917633057,3191157
0.9500038623809814,3190976
0.9560389518737793,3177326
1.310452938079834,3176700
1.3132269382476807,3142634
1.5439057350158691,3137945
1.5554230213165283,3134821
1.5635757446289062,3129625
2.7774407863616943,3127037
2.784294843673706,3121191
3.090524911880493,3119614
3.469024658203125,3117812
3.472378730773926,3107066
4.30902886390686,3098588
4.317535877227783,3091997
4.327381610870361,3085917
4.334592819213867,3084960
4.3933587074279785,3081769
4.40110969543457,3077391
4.637024641036987,3071302
4.643688917160034,3053616
4.716073036193848,3038800
4.721872806549072,2991991
4.746432781219482,2985844
4.898688077926636,2979821
5.015398979187012,2957043
5.032250881195068,2928560
5.0579938888549805,2917293
5.068370819091797,2842341
5.110013961791992,2836216
5.1479737758636475,2782935
5.160967826843262,2748871
5.1737658977508545,2729898
5.289632797241211,2650125
5.4664928913116455,2648432
5.772775888442993,2606384
5.968220949172974,2604981
6.171538829803467,2579927
6.378734827041626,2560768
7.094038724899292,2555095
7.102972984313965,2539586
7.114070653915405,2506964
7.179043769836426,2503113
7.185214996337891,2502772
7.190409898757935,2494173
7.5055906772613525,2492137
7.605206727981567,2485365
7.609266996383667,2463271
7.951169729232788,2462169
7.957233905792236,2454351
8.766575813293457,2454004
8.948006868362427,2451342
9.148164749145508,2450452
9.160622835159302,2421898
9.318725824356079,2415488
9.323335886001587,2399365
9.328751802444458,2394775
9.332864046096802,2388359
9.574687957763672,2376971
9.590994834899902,2376556
9.64508867263794,2372856
9.648196935653687,2355411
9.663712739944458,2308760
9.67605471611023,2288134
9.679179668426514,2284819
9.683095693588257,2249042
9.705658912658691,2248007
9.8916597366333,2231127
9.904595851898193,2210142
9.910848617553711,2197617
9.994375944137573,2169071
10.129425764083862,2135997
10.355072736740112,2133789
10.762241840362549,2124893
10.983230829238892,2089124
11.352705717086792,2088149
11.359725713729858,2085836
11.362915754318237,2073486
11.376043796539307,2065495
11.523844718933105,2052305
11.935423851013184,2040719
11.945762872695923,2036685
11.966139793395996,1977768
11.979987859725952,1971643
12.264183759689331,1966839
12.270626783370972,1940445
12.700738668441772,1928626
12.736758708953857,1922525
12.740063905715942,1899345
12.84409499168396,1889794
12.89520788192749,1861354
12.90734577178955,1835615
12.923451900482178,1799685
12.927397966384888,1776931
12.93189787864685,1767241
12.936355829238892,1700415
12.961208820343018,1696150
12.965999841690063,1689012
12.97303581237793,1629671
13.09594178199768,1624674
13.099930763244629,1597979
13.382636785507202,1595650
13.387236833572388,1584625
13.499961853027344,1583005
13.983152866363525,1582832
13.989486694335938,1559555
15.249237060546875,1550437
15.255903959274292,1493757
15.672927856445312,1491851
15.68567681312561,1487169
15.68883991241455,1463214
15.749409675598145,1462427
15.753077030181885,1443724
15.849745988845825,1433966
15.92623496055603,1402915
17.171642780303955,1340855
17.56538486480713,1332142
17.922733783721924,1331242
18.990747928619385,1324745
19.396891832351685,1313469
19.851934909820557,1292894
19.921286821365356,1291814
20.085994005203247,1275954
20.905427932739258,1266684
20.92593264579773,1261438
21.07476568222046,1256375
21.245731830596924,1254057
21.407537937164307,1229838
21.543280839920044,1225676
21.578272819519043,1222795
21.695510864257812,1220060
23.05089282989502,1216043
23.122493982315063,1210964
23.21605372428894,1198632
23.223938703536987,1194153
23.231127738952637,1184164
23.236763954162598,1176469
23.25587272644043,1165485
23.349066019058228,1164390
23.362018823623657,1149367
23.83393692970276,1142600
23.85237193107605,1137872
24.17850685119629,1103023
24.295247793197632,1101335
30.735399961471558,1099919
31.159129858016968,1094204
34.50321578979492,1093020
36.58553886413574,1092890
36.60204076766968,1085817
39.804229736328125,1080996
40.74482774734497,1071174
44.632651805877686,1068264
45.55187201499939,1066627
45.96186089515686,1066114
48.24571084976196,1055669
49.44217300415039,1047588
52.50941801071167,1026757
52.83597373962402,1025760
53.218605756759644,1025355
53.25963878631592,1024477
53.267223834991455,1015805
54.05370283126831,1015789
54.06837773323059,1010585
54.31886887550354,1008420
54.687527894973755,1001808
56.190155029296875,996634
56.431259870529175,987448
58.15077185630798,987231
58.69730877876282,986435
59.353413820266724,984897
59.42894792556763,981494
60.020129680633545,977703
60.86055397987366,976313
60.90094590187073,967099
71.60250782966614,957469
80.62609481811523,953003
82.91488075256348,951976
92.04954075813293,951937
112.95570683479309,948624
257.0141167640686,940690
260.02433490753174,935594
260.0782868862152,934987
278.76137590408325,934770
284.7538697719574,933114
305.2082567214966,933075
