0.007768154144287109,5151238
0.014393091201782227,5104345
0.02813100814819336,5097162
0.03596806526184082,5048446
0.04302811622619629,5046609
0.06447720527648926,4954043
0.07756304740905762,4903160
0.09756112098693848,4871924
0.11602115631103516,4844187
0.12502121925354004,4827473
0.1337592601776123,4814614
0.1476120948791504,4802949
0.17046499252319336,4802766
0.20976829528808594,4772901
0.2259969711303711,4772531
0.23424100875854492,4704265
0.24083709716796875,4696459
0.24678921699523926,4568728
0.25282812118530273,4561453
0.26279592514038086,4492001
0.27124714851379395,4469704
0.2852332592010498,4435801
0.2917490005493164,4432426
0.2985661029815674,4390075
0.3319690227508545,4340706
0.33896327018737793,4320386
0.3597841262817383,4241696
0.3973710536956787,4185227
0.44759106636047363,4180982
0.4870471954345703,4172068
0.493408203125,4165621
0.5032351016998291,4113545
0.5105562210083008,4088096
0.5180022716522217,4027991
0.539992094039917,4025758
0.5801079273223877,3954616
0.5976951122283936,3928598
0.6053221225738525,3884426
0.6190371513366699,3877138
0.6351141929626465,3852508
0.6431090831756592,3844992
0.6620230674743652,3741553
0.6740691661834717,3727212
0.6799180507659912,3639986
0.6859030723571777,3622841
0.6922752857208252,3467761
0.720365047454834,3465103
0.7268531322479248,3454882
0.8755230903625488,3454880
0.8812730312347412,3434073
0.8879411220550537,3401371
0.8913052082061768,3389982
0.8998281955718994,3369074
0.9262011051177979,3354513
0.9326550960540771,3345322
0.9419231414794922,3339408
0.9462611675262451,3288658
1.299739122390747,3277568
1.3574392795562744,3267788
1.3632490634918213,3245541
1.379544973373413,3238562
1.3855061531066895,3191157
1.453125,3190976
1.4601161479949951,3177326
2.013951301574707,3176700
2.020094156265259,3142634
2.501131057739258,3137945
2.5250861644744873,3134821
2.5426080226898193,3129625
4.224433183670044,3127037
4.23695707321167,3121191
4.801144123077393,3119614
5.470784902572632,3117812
5.477643966674805,3107066
6.56391716003418,3098588
6.569171190261841,3091997
6.573483943939209,3085917
6.579376220703125,3084960
6.642285108566284,3081769
6.654864072799683,3077391
7.054188013076782,3071302
7.0679662227630615,3053616
7.212285280227661,3038800
7.221386909484863,2991991
7.261166095733643,2985844
7.454925060272217,2979821
7.5466532707214355,2957043
7.55784010887146,2928560
7.577203273773193,2917293
7.583039283752441,2842341
7.610989093780518,2836216
7.632159233093262,2782935
7.645519018173218,2748871
7.648525953292847,2729898
7.678609132766724,2650125
7.73239803314209,2648432
8.069703102111816,2606384
8.40639615058899,2604981
8.797098159790039,2579927
9.17439603805542,2560768
9.96382212638855,2555095
9.97933316230774,2539586
9.990942239761353,2506964
10.073183298110962,2503113
10.077057123184204,2502772
10.083846092224121,2494173
10.422417163848877,2492137
10.533363103866577,2485365
10.542108058929443,2463271
11.112920999526978,2462169
11.124165058135986,2454351
12.461255073547363,2454004
12.671201944351196,2451342
12.877588272094727,2450452
12.888751029968262,2421898
13.048911094665527,2415488
13.055037260055542,2399365
13.060734272003174,2394775
13.063658237457275,2388359
13.26987099647522,2376971
13.28722620010376,2376556
13.357558012008667,2372856
13.364331007003784,2355411
13.384865045547485,2308760
13.40125322341919,2288134
13.408992290496826,2284819
13.411972045898438,2249042
13.42673921585083,2248007
13.639187097549438,2231127
13.65693998336792,2210142
13.670021057128906,2197617
13.784829139709473,2169071
14.01340627670288,2135997
14.35592794418335,2133789
14.888643026351929,2124893
15.237102031707764,2089124
15.781464099884033,2088149
15.79761815071106,2085836
15.804133176803589,2073486
15.833938121795654,2065495
16.090408086776733,2052305
16.580839157104492,2040719
16.59425711631775,2036685
16.61924123764038,1977768
16.630752325057983,1971643
16.983833074569702,1966839
16.99260711669922,1940445
17.402331113815308,1928626
17.4392511844635,1922525
17.44577407836914,1899345
17.569216012954712,1889794
17.630804300308228,1861354
17.643404960632324,1835615
17.659441232681274,1799685
17.666202068328857,1776931
17.671853065490723,1767241
17.67600107192993,1700415
17.706816911697388,1696150
17.71094512939453,1689012
17.714643239974976,1629671
17.860138177871704,1624674
17.863603115081787,1597979
18.19354796409607,1595650
18.19826030731201,1584625
18.40388298034668,1583005
19.525846004486084,1582832
19.539703130722046,1559555
22.2388699054718,1550437
22.25791621208191,1493757
23.118706226348877,1491851
23.14398503303528,1487169
23.150121212005615,1463214
23.25684905052185,1462427
23.266332149505615,1443724
23.85037899017334,1433966
24.073466062545776,1402915
26.873718976974487,1340855
27.194690942764282,1332142
27.543020009994507,1331242
28.54528307914734,1324745
28.982521057128906,1313469
29.36896514892578,1292894
29.410955905914307,1291814
29.552731037139893,1275954
30.21549105644226,1266684
30.23590922355652,1261438
30.417301893234253,1256375
30.54504108428955,1254057
30.677703142166138,1229838
30.81458806991577,1225676
30.84269094467163,1222795
30.94077205657959,1220060
32.512431144714355,1216043
32.623313188552856,1210964
32.77830696105957,1198632
32.798824071884155,1194153
32.80777621269226,1184164
32.818873167037964,1176469
32.85065007209778,1165485
32.92541217803955,1164390
32.93829011917114,1149367
33.541041135787964,1142600
33.56255102157593,1137872
33.874492168426514,1103023
33.99225115776062,1101335
40.46945023536682,1099919
40.878283977508545,1094204
44.78405809402466,1093020
46.70538306236267,1092890
46.72831106185913,1085817
49.38413405418396,1080996
50.32286620140076,1071174
52.79469108581543,1068264
53.7284300327301,1066627
54.19699716567993,1066114
56.50060200691223,1055669
57.488605260849,1047588
60.447468996047974,1026757
60.784043073654175,1025760
61.18310213088989,1025355
61.205626010894775,1024477
61.218581199645996,1015805
61.700942039489746,1015789
61.710939168930054,1010585
61.924440145492554,1008420
62.345582008361816,1001808
63.686676263809204,996634
63.97475504875183,987448
65.85741114616394,987231
66.42176604270935,986435
66.96475410461426,984897
67.02551317214966,981494
67.46561813354492,977703
67.93371319770813,976313
67.96122217178345,967099
77.10871815681458,957469
85.29089021682739,953003
87.29325008392334,951976
95.5843141078949,951937
113.21088719367981,948624
348.08547496795654,941470
348.5122900009155,939799
349.0983741283417,938328
349.4102551937103,937532
351.61548805236816,935921
353.42820501327515,935467
354.4103021621704,921975
358.001412153244,920650
369.78899812698364,918332
369.7932140827179,917144
373.7506821155548,913798
374.1853210926056,913536
374.64967918395996,910904
374.70359230041504,902989
379.2032120227814,899557
380.46274518966675,898950
382.48569416999817,898548
383.39906907081604,898001
383.415256023407,886864
384.3944311141968,882159
385.42759799957275,880831
