0.009024858474731445,1030289
0.014024972915649414,1022208
0.019025087356567383,1020852
0.03702712059020996,1019234
0.04602646827697754,1018985
0.04802727699279785,1018060
0.05502772331237793,1017070
0.05602741241455078,1016684
0.08002901077270508,1016293
0.11200094223022461,1001089
0.12302732467651367,980350
0.12402772903442383,977693
0.12402772903442383,951947
0.12602782249450684,944422
0.13002824783325195,944189
0.15400290489196777,939166
0.16600465774536133,937347
0.1820054054260254,932779
0.18700528144836426,929042
0.20100617408752441,926409
0.20400571823120117,920531
0.2120070457458496,918981
0.21800732612609863,917235
0.31101441383361816,915404
0.3710184097290039,912274
0.37201833724975586,911191
0.37901902198791504,911012
0.4450228214263916,910269
0.4560227394104004,908666
0.47202467918395996,908654
0.5100264549255371,907807
0.5590293407440186,904704
0.5620293617248535,902829
0.5790302753448486,902827
0.5860311985015869,902746
0.5990314483642578,901661
0.6030318737030029,899742
0.6300334930419922,898855
0.6310334205627441,898211
0.7750577926635742,897315
0.7820584774017334,893647
0.7890605926513672,893607
0.9180755615234375,892910
0.9210758209228516,892340
0.9470772743225098,887034
0.9610781669616699,886796
0.9810795783996582,885949
1.0450830459594727,883492
1.1040863990783691,883452
1.157090425491333,882605
1.4921088218688965,882001
1.7471144199371338,878451
1.7911186218261719,877130
1.8061270713806152,876250
1.8201286792755127,876211
1.8331289291381836,875978
1.8861324787139893,875516
1.9051339626312256,875002
2.886192560195923,874994
3.6532082557678223,874774
4.380250930786133,874550
4.38224983215332,874020
7.645443916320801,873717
8.065468788146973,873676
8.074468612670898,873636
12.113722801208496,873419
12.65873670578003,873380
16.071953535079956,873337
17.36703372001648,873298
18.236088275909424,861635
18.624103784561157,861592
19.357126474380493,861553
39.94933080673218,858634
40.02935528755188,854678
40.04835557937622,845675
40.14836144447327,842770
47.09275031089783,842770
