3.3811991214752197,1036572
3.4312028884887695,1035993
3.4352009296417236,1035873
3.4372010231018066,1029197
3.4452016353607178,1021791
3.4552040100097656,1021271
3.503204345703125,1013981
3.5762088298797607,1012839
3.617218255996704,1011444
3.630211353302002,1001156
3.6552000045776367,994652
3.670228958129883,992272
3.6722145080566406,988418
3.6742146015167236,986584
3.702216386795044,985632
4.197248220443726,983060
4.2062461376190186,976204
4.2582526206970215,973697
4.26324987411499,954128
4.275251626968384,951008
4.411259889602661,946790
4.454253435134888,935089
4.4592604637146,934519
4.462260723114014,933205
4.61726975440979,916154
4.634271144866943,911091
4.667273759841919,907299
4.698274850845337,906412
4.751279354095459,906062
4.756280422210693,897645
4.811281681060791,895820
4.827282428741455,894374
4.849283933639526,886545
4.899286985397339,885835
4.942289113998413,884753
5.48632025718689,883893
5.566324949264526,883877
5.583328008651733,883757
5.5863261222839355,883361
5.615328311920166,878639
5.617328882217407,874064
5.63233208656311,872768
5.646331548690796,871613
5.809340000152588,870950
5.836343050003052,868790
5.862345933914185,868611
5.930347204208374,866824
6.128358364105225,866417
7.12541651725769,866384
7.161418199539185,865197
7.214423894882202,863265
7.462436199188232,862645
7.519439458847046,862428
7.542440176010132,862382
7.629447937011719,860805
7.637439727783203,857536
7.644442081451416,855801
7.701450347900391,853997
7.77045464515686,852911
7.775457143783569,849649
7.787457466125488,849610
7.840459108352661,849451
7.8824639320373535,848613
8.142477989196777,846697
8.15947961807251,845401
8.16447925567627,843328
8.217482328414917,841173
8.682507514953613,838691
8.903522253036499,838526
9.082531452178955,832300
9.100532054901123,829860
9.119535446166992,829147
9.17453646659851,828868
9.26154351234436,828604
9.360546588897705,827253
9.564561128616333,826867
9.61456298828125,826560
9.623563051223755,825621
9.650564432144165,825364
9.820573806762695,824678
9.880577802658081,821586
9.892578601837158,821426
12.023703336715698,821222
12.561734437942505,819074
12.614738702774048,817485
12.614738702774048,817446
12.615737915039062,815843
12.617738008499146,814867
14.393843650817871,814120
14.648857593536377,812873
14.804858684539795,812834
35.78309488296509,812833
35.796085357666016,812794
