0.021001815795898438,1013869
0.022020339965820312,1007114
0.023020267486572266,999296
0.07502388954162598,996833
0.07602381706237793,995390
0.08002424240112305,987243
0.0830237865447998,971484
0.11502695083618164,969917
0.11802887916564941,963279
0.13202667236328125,959381
0.13701152801513672,958030
0.1460278034210205,954836
0.15503311157226562,953518
0.16202926635742188,952986
0.16202926635742188,949031
0.179032564163208,947703
0.1810305118560791,945134
0.20501446723937988,942888
0.22603321075439453,937699
0.24503636360168457,932220
0.24603629112243652,929896
0.2470378875732422,927864
0.275036096572876,924262
0.3010399341583252,923846
0.3610408306121826,913526
0.44304585456848145,911241
0.4700474739074707,910974
0.6610393524169922,908150
0.7370431423187256,900437
0.7470450401306152,899725
0.7620468139648438,894854
0.8050510883331299,891107
1.0570642948150635,889040
1.1600868701934814,889000
1.2220916748046875,887282
1.287095308303833,886749
1.299098014831543,885341
1.7961063385009766,884454
1.814107894897461,883515
1.8161261081695557,882407
1.903113842010498,882051
2.0501222610473633,876656
2.0701229572296143,875328
5.198323965072632,875074
7.064435243606567,874831
7.0734333992004395,873545
7.335433483123779,873149
9.179556846618652,848856
9.282562732696533,848817
12.084709167480469,848816
12.29272198677063,848777
45.8436815738678,848777
