5.245332956314087,945290
5.253331422805786,943456
5.253331422805786,943438
5.257331609725952,942320
5.2893335819244385,941983
5.311337232589722,934284
5.324336528778076,927721
5.356339931488037,926390
5.3973400592803955,924388
5.40334153175354,921808
5.415341377258301,918122
5.425341844558716,914000
5.42734432220459,908200
5.443343877792358,908188
5.495345830917358,905292
5.50534725189209,904104
5.526348114013672,903266
5.534350156784058,895515
5.672356128692627,894751
5.678356409072876,894733
5.690359830856323,893041
5.722365856170654,890036
5.728359699249268,877648
5.747360944747925,877276
6.045378684997559,876869
6.1563849449157715,876399
6.230388879776001,874501
6.297393321990967,872922
6.333395481109619,867775
6.370399713516235,858448
6.741421222686768,855395
7.004434108734131,854902
7.066437482833862,854142
7.110440731048584,850358
7.155444383621216,849408
8.96855115890503,849013
9.001550912857056,847685
9.017561197280884,845869
9.723592519760132,844782
9.793599367141724,844743
10.301627397537231,844614
14.381865978240967,844314
14.905895948410034,842210
15.086906909942627,841820
15.137912034988403,841603
15.24791932106018,841564
19.240150451660156,841563
21.969311475753784,840509
22.204323291778564,840349
22.428338050842285,839000
22.431337356567383,838960
22.482341289520264,838879
23.038371801376343,838414
23.074373722076416,838073
23.08437442779541,837387
29.61875891685486,835923
29.886772394180298,835690
29.965779304504395,835650
30.024782180786133,834727
30.03078055381775,834120
30.045783281326294,833578
30.068783283233643,832759
30.263795137405396,832678
30.564814805984497,832252
30.68282127380371,831992
31.99289560317993,831486
32.162906885147095,831269
32.33288812637329,831145
32.838945150375366,830968
32.872947216033936,830928
35.20008301734924,830889
