0.0110015869140625,1058944
0.01600170135498047,1058809
0.029984712600708008,1058632
0.04100394248962402,1043750
0.050983428955078125,1025428
0.061002492904663086,1023612
0.061002492904663086,1023135
0.06300568580627441,1020732
0.07100343704223633,1015102
0.11298871040344238,1014108
0.11400723457336426,1011802
0.1209878921508789,1005047
0.12601709365844727,995816
0.13101840019226074,994119
0.13101840019226074,986689
0.13101840019226074,980528
0.14600872993469238,978323
0.15100932121276855,972230
0.15699028968811035,964854
0.16901063919067383,964005
0.18002533912658691,963997
0.1870107650756836,962654
0.18801093101501465,961584
0.18801093101501465,956924
0.19201278686523438,955721
0.20101213455200195,952054
0.24201369285583496,947156
0.24501419067382812,945377
0.2750279903411865,944326
0.29799914360046387,942510
0.2989974021911621,938925
0.36002087593078613,935667
0.3890233039855957,931732
0.39902353286743164,926492
0.4090235233306885,926479
0.4150276184082031,923215
0.566032886505127,919437
0.5910341739654541,919082
0.6070353984832764,915736
0.6420371532440186,906484
0.6450376510620117,904371
0.6900403499603271,900805
0.7240419387817383,900729
0.7250423431396484,899811
0.7260425090789795,897107
0.7480432987213135,896982
0.7520248889923096,896765
0.8670508861541748,895417
0.8700520992279053,892619
0.8770511150360107,891372
0.8960559368133545,888757
0.9550373554229736,888634
0.9700381755828857,888344
1.1330699920654297,885068
1.8631174564361572,884588
1.9880976676940918,883560
2.007098913192749,883517
2.077122449874878,882852
2.2541329860687256,882266
2.3001391887664795,882033
2.3421175479888916,881990
2.384119987487793,880796
2.478125810623169,880381
2.5441296100616455,879419
3.3201942443847656,878731
3.4182002544403076,878650
3.4852042198181152,878183
4.528245210647583,878124
4.541264533996582,878043
4.996291875839233,878039
5.09030556678772,877999
5.221287965774536,871732
8.84150218963623,871232
8.898520231246948,871151
9.128534317016602,871111
9.16053581237793,870934
9.189537525177002,870894
10.816632509231567,870855
46.8037371635437,870855
