0.006824016571044922,5151238
0.011651992797851562,5104345
0.02123403549194336,5097162
0.02668309211730957,5048446
0.03275895118713379,5046609
0.0422060489654541,4954043
0.0465090274810791,4903160
0.06042885780334473,4871924
0.07140183448791504,4844187
0.07904505729675293,4827473
0.08434915542602539,4814614
0.09353995323181152,4802949
0.11215806007385254,4802766
0.1317439079284668,4772901
0.1408689022064209,4772531
0.14535117149353027,4704265
0.14844894409179688,4696459
0.15331792831420898,4568728
0.15666699409484863,4561453
0.16272401809692383,4492001
0.16914796829223633,4469704
0.18216896057128906,4435801
0.19001007080078125,4432426
0.19620800018310547,4390075
0.2292799949645996,4340706
0.2367231845855713,4320386
0.25436997413635254,4241696
0.2781810760498047,4185227
0.32632994651794434,4180982
0.35548901557922363,4172068
0.3600308895111084,4165621
0.37023401260375977,4113545
0.3754730224609375,4088096
0.3807809352874756,4027991
0.40293002128601074,4025758
0.42118096351623535,3954616
0.4325270652770996,3928598
0.43530893325805664,3884426
0.4422879219055176,3877138
0.45151615142822266,3852508
0.45464205741882324,3844992
0.4646780490875244,3741553
0.47091007232666016,3727212
0.4763309955596924,3639986
0.4799950122833252,3622841
0.4839799404144287,3467761
0.5015490055084229,3465103
0.5054891109466553,3454882
0.5981941223144531,3454880
0.6016359329223633,3434073
0.6047139167785645,3401371
0.6089189052581787,3389982
0.619239091873169,3369074
0.6353251934051514,3354513
0.638420820236206,3345322
0.6526880264282227,3339408
0.6568801403045654,3288658
0.8660190105438232,3277568
0.9085040092468262,3267788
0.9135761260986328,3245541
0.9225430488586426,3238562
0.931516170501709,3191157
0.9816040992736816,3190976
0.9845349788665771,3177326
1.4577109813690186,3176700
1.4606130123138428,3142634
1.7009549140930176,3137945
1.7101469039916992,3134821
1.7185029983520508,3129625
2.816417932510376,3127037
2.8222029209136963,3121191
3.09391713142395,3119614
3.3968560695648193,3117812
3.399735927581787,3107066
3.9654178619384766,3098588
3.968169927597046,3091997
3.970947027206421,3085917
3.9748330116271973,3084960
4.003331899642944,3081769
4.009107828140259,3077391
4.3110198974609375,3071302
4.317841053009033,3053616
4.441905975341797,3038800
4.4499289989471436,2991991
4.490839004516602,2985844
4.704479932785034,2979821
4.800019025802612,2957043
4.810004949569702,2928560
4.818911790847778,2917293
4.8262939453125,2842341
4.849138021469116,2836216
4.867355108261108,2782935
4.88120698928833,2748871
4.891125917434692,2729898
4.951815128326416,2650125
5.0357749462127686,2648432
5.446382999420166,2606384
5.7145209312438965,2604981
5.913268804550171,2579927
6.114518880844116,2560768
6.960242033004761,2555095
6.969400882720947,2539586
6.981236934661865,2506964
7.0536789894104,2503113
7.058383941650391,2502772
7.063917875289917,2494173
7.400300979614258,2492137
7.562525987625122,2485365
7.568692922592163,2463271
7.917608737945557,2462169
7.924077033996582,2454351
8.963391780853271,2454004
9.224947929382324,2451342
9.468376874923706,2450452
9.475645065307617,2421898
9.63843297958374,2415488
9.644742965698242,2399365
9.652475118637085,2394775
9.657409906387329,2388359
9.846800088882446,2376971
9.8694429397583,2376556
9.941215991973877,2372856
9.946705102920532,2355411
9.965466022491455,2308760
9.98665475845337,2288134
9.99192214012146,2284819
9.994862079620361,2249042
10.01418685913086,2248007
10.24589991569519,2231127
10.27041506767273,2210142
10.283749103546143,2197617
10.424525022506714,2169071
10.642051935195923,2135997
11.018778085708618,2133789
11.587682962417603,2124893
11.9146249294281,2089124
12.556365013122559,2088149
12.568513870239258,2085836
12.572426795959473,2073486
12.59772515296936,2065495
12.880964994430542,2052305
13.289721965789795,2040719
13.299022912979126,2036685
13.321281909942627,1977768
13.340296030044556,1971643
13.600564956665039,1966839
13.603287935256958,1940445
14.003455877304077,1928626
14.036144971847534,1922525
14.040961027145386,1899345
14.17342495918274,1889794
14.242408752441406,1861354
14.258561849594116,1835615
14.274966955184937,1799685
14.282445907592773,1776931
14.289026975631714,1767241
14.294591903686523,1700415
14.34257197380066,1696150
14.350384950637817,1689012
14.35576581954956,1629671
14.522661924362183,1624674
14.529279947280884,1597979
14.87678599357605,1595650
14.883480072021484,1584625
15.044111013412476,1583005
15.84880805015564,1582832
15.85714602470398,1559555
17.502928018569946,1550437
17.51617693901062,1493757
18.13335394859314,1491851
18.152465105056763,1487169
18.158690929412842,1463214
18.25366497039795,1462427
18.25747013092041,1443724
18.391303062438965,1433966
18.483372926712036,1402915
19.73794388771057,1340855
19.95859694480896,1332142
20.176623106002808,1331242
21.075151920318604,1324745
21.46189785003662,1313469
21.809741020202637,1292894
21.861347913742065,1291814
21.96112895011902,1275954
22.509310960769653,1266684
22.52869176864624,1261438
22.642103910446167,1256375
22.748992919921875,1254057
22.867002964019775,1229838
22.990900993347168,1225676
23.012746810913086,1222795
23.10098910331726,1220060
23.979049921035767,1216043
24.023617029190063,1210964
24.07534885406494,1198632
24.079421997070312,1194153
24.08373498916626,1184164
24.086989879608154,1176469
24.104079008102417,1165485
24.180835962295532,1164390
24.19267702102661,1149367
24.654994010925293,1142600
24.668562173843384,1137872
24.944443941116333,1103023
25.022963762283325,1101335
29.41408085823059,1099919
29.74080801010132,1094204
32.956862926483154,1093020
34.51010298728943,1092890
34.52739095687866,1085817
36.63247084617615,1080996
37.35480499267578,1071174
38.9557421207428,1068264
39.57596683502197,1066627
39.88417601585388,1066114
41.633586168289185,1055669
42.407987117767334,1047588
44.61451697349548,1026757
44.83140301704407,1025760
45.01718282699585,1025355
45.03234815597534,1024477
45.03645610809326,1015805
45.43911004066467,1015789
45.44700312614441,1010585
45.641727924346924,1008420
45.869446992874146,1001808
46.92621612548828,996634
47.0944390296936,987448
48.50296211242676,987231
48.9764678478241,986435
49.51928496360779,984897
49.57071089744568,981494
49.97289681434631,977703
50.426088094711304,976313
50.462921142578125,967099
57.59267020225525,957469
63.39736318588257,953003
64.78604507446289,951976
72.44710206985474,951937
87.2377200126648,948624
376.0390040874481,944713
376.0623321533203,941756
376.06750774383545,936663
376.79793977737427,935985
377.7483208179474,934414
378.42572689056396,919810
380.0941779613495,918217
380.1128611564636,916655
380.2632648944855,914485
380.42815494537354,913585
383.03300499916077,908633
383.0652871131897,907756
397.05445289611816,904487
399.21784114837646,902421
406.1991798877716,901373
430.08365511894226,901281
