0.005587100982666016,5151238
0.011497020721435547,5104345
0.019916057586669922,5097162
0.023949146270751953,5048446
0.026782989501953125,5046609
0.03631424903869629,4954043
0.041416168212890625,4903160
0.05125308036804199,4871924
0.0594482421875,4844187
0.06587910652160645,4827473
0.06877017021179199,4814614
0.08181619644165039,4802949
0.09936213493347168,4802766
0.11974811553955078,4772901
0.13154935836791992,4772531
0.13691425323486328,4704265
0.14103031158447266,4696459
0.14634108543395996,4568728
0.15491819381713867,4561453
0.15887999534606934,4492001
0.16252803802490234,4469704
0.16815423965454102,4435801
0.17164015769958496,4432426
0.17450428009033203,4390075
0.19867801666259766,4340706
0.2018721103668213,4320386
0.2123410701751709,4241696
0.22682714462280273,4185227
0.2643861770629883,4180982
0.29305028915405273,4172068
0.29859399795532227,4165621
0.3041830062866211,4113545
0.3067362308502197,4088096
0.31168413162231445,4027991
0.336334228515625,4025758
0.3565859794616699,3954616
0.3700401782989502,3928598
0.37380099296569824,3884426
0.38079214096069336,3877138
0.3907740116119385,3852508
0.3956773281097412,3844992
0.40806031227111816,3741553
0.41710901260375977,3727212
0.4217369556427002,3639986
0.42446017265319824,3622841
0.42896509170532227,3467761
0.45217323303222656,3465103
0.4549722671508789,3454882
0.5603010654449463,3454880
0.5631952285766602,3434073
0.5677351951599121,3401371
0.5710070133209229,3389982
0.5802061557769775,3369074
0.5943019390106201,3354513
0.5969910621643066,3345322
0.6070971488952637,3339408
0.6097841262817383,3288658
0.7542929649353027,3277568
0.7859902381896973,3267788
0.7888052463531494,3245541
0.7977781295776367,3238562
0.8040330410003662,3191157
0.8446671962738037,3190976
0.8474440574645996,3177326
1.1202611923217773,3176700
1.123108148574829,3142634
1.3084940910339355,3137945
1.316925287246704,3134821
1.323418140411377,3129625
2.168957233428955,3127037
2.175020217895508,3121191
2.4528110027313232,3119614
2.771555185317993,3117812
2.7745232582092285,3107066
3.508770227432251,3098588
3.5120041370391846,3091997
3.5176520347595215,3085917
3.520482063293457,3084960
3.5612690448760986,3081769
3.5700161457061768,3077391
3.769116163253784,3071302
3.7753491401672363,3053616
3.8675382137298584,3038800
3.8820271492004395,2991991
3.9408183097839355,2985844
4.202405214309692,2979821
4.262689113616943,2957043
4.270101070404053,2928560
4.282117128372192,2917293
4.284962177276611,2842341
4.301908016204834,2836216
4.311602354049683,2782935
4.317796230316162,2748871
4.320890188217163,2729898
4.339165210723877,2650125
4.368866205215454,2648432
4.5121259689331055,2606384
4.617449998855591,2604981
4.722987174987793,2579927
4.832787036895752,2560768
5.250087261199951,2555095
5.256448984146118,2539586
5.262134075164795,2506964
5.301925182342529,2503113
5.305004119873047,2502772
5.307810068130493,2494173
5.507801055908203,2492137
5.5808351039886475,2485365
5.584440231323242,2463271
5.840206146240234,2462169
5.84498405456543,2454351
6.791372060775757,2454004
6.900511026382446,2451342
7.0319061279296875,2450452
7.0396223068237305,2421898
7.136199235916138,2415488
7.141488313674927,2399365
7.144285202026367,2394775
7.147149085998535,2388359
7.304529190063477,2376971
7.334960222244263,2376556
7.405117988586426,2372856
7.410725116729736,2355411
7.4332780838012695,2308760
7.446211099624634,2288134
7.451630115509033,2284819
7.455428123474121,2249042
7.482053279876709,2248007
7.699005365371704,2231127
7.722149133682251,2210142
7.733631134033203,2197617
7.861375093460083,2169071
8.053812980651855,2135997
8.392938137054443,2133789
8.965400218963623,2124893
9.32322096824646,2089124
9.777721166610718,2088149
9.785979270935059,2085836
9.79069209098816,2073486
9.80703616142273,2065495
9.986963987350464,2052305
10.26642918586731,2040719
10.273991346359253,2036685
10.293344974517822,1977768
10.303867101669312,1971643
10.490931987762451,1966839
10.494834184646606,1940445
10.748286962509155,1928626
10.77446722984314,1922525
10.777649164199829,1899345
10.868030071258545,1889794
10.912686109542847,1861354
10.925390243530273,1835615
10.936942100524902,1799685
10.943035125732422,1776931
10.946076154708862,1767241
10.949428081512451,1700415
10.97485637664795,1696150
10.977857112884521,1689012
10.981065034866333,1629671
11.084100246429443,1624674
11.087383031845093,1597979
11.292288064956665,1595650
11.294996976852417,1584625
11.377821922302246,1583005
11.862327098846436,1582832
11.868966102600098,1559555
12.82653522491455,1550437
12.831736087799072,1493757
13.157279014587402,1491851
13.167457103729248,1487169
13.169966220855713,1463214
13.218693256378174,1462427
13.22095799446106,1443724
13.288213014602661,1433966
13.33767032623291,1402915
14.109090089797974,1340855
14.220669269561768,1332142
14.321262121200562,1331242
14.708778142929077,1324745
14.873772144317627,1313469
15.03485107421875,1292894
15.04868197441101,1291814
15.09688401222229,1275954
15.380739212036133,1266684
15.38998293876648,1261438
15.460045099258423,1256375
15.519541025161743,1254057
15.572180032730103,1229838
15.630398035049438,1225676
15.645296096801758,1222795
15.6996910572052,1220060
16.18535017967224,1216043
16.212244987487793,1210964
16.23653817176819,1198632
16.23904323577881,1194153
16.242011308670044,1184164
16.244919061660767,1176469
16.253353118896484,1165485
16.29362201690674,1164390
16.301473140716553,1149367
16.521814107894897,1142600
16.52966022491455,1137872
16.677646160125732,1103023
16.729188203811646,1101335
19.199357271194458,1099919
19.386476039886475,1094204
20.929431200027466,1093020
21.704026222229004,1092890
21.711299180984497,1085817
23.135071992874146,1080996
23.77050018310547,1071174
25.110881090164185,1068264
25.503862142562866,1066627
25.71067500114441,1066114
27.155919075012207,1055669
28.281630039215088,1047588
30.521266222000122,1026757
30.783613920211792,1025760
31.010704278945923,1025355
31.026698112487793,1024477
31.031098127365112,1015805
31.61609411239624,1015789
31.633925199508667,1010585
31.82457709312439,1008420
32.03371715545654,1001808
33.06106901168823,996634
33.21371126174927,987448
34.564690351486206,987231
35.12282609939575,986435
35.65216422080994,984897
35.70430016517639,981494
36.14160633087158,977703
36.709060192108154,976313
36.75112700462341,967099
44.28488302230835,957469
50.35234713554382,953003
51.77807807922363,951976
59.207149028778076,951937
75.06592631340027,948624
321.9338071346283,920535
321.997976064682,917189
