4.8902857303619385,935544
4.89128565788269,933358
5.107298135757446,929411
5.137301445007324,917523
6.0743567943573,913708
6.157360076904297,913370
6.497379541397095,913222
6.62338662147522,912662
7.13241720199585,910313
7.134417533874512,908690
7.140419006347656,895688
7.176429986953735,894117
7.196422815322876,892222
7.286425828933716,891980
7.976465940475464,883432
8.01744031906128,881426
8.031442403793335,867071
8.042468309402466,865880
8.102473258972168,864813
8.660508394241333,863093
8.705508708953857,861925
9.721568584442139,860605
9.769571304321289,855178
9.770570755004883,854783
10.230600118637085,853597
10.382608652114868,851916
10.614627838134766,851747
12.087709188461304,851592
12.090698480606079,848203
12.12771201133728,847179
12.243715524673462,845743
25.41548728942871,845526
25.462488889694214,845130
