0.01698136329650879,1089701
0.019001007080078125,1086937
0.019999980926513672,1077983
0.02500176429748535,1074232
0.03100132942199707,1069595
0.0319828987121582,1063295
0.03700065612792969,1046188
0.04100513458251953,1045386
0.049001216888427734,1045171
0.05700397491455078,1041046
0.12302231788635254,1039381
0.1319870948791504,1038985
0.15500807762145996,1038396
0.1560072898864746,1036823
0.1799921989440918,1024229
0.20301055908203125,1016925
0.21001505851745605,1010928
0.21599197387695312,1010239
0.27901482582092285,1004486
0.29001545906066895,1004414
0.3230173587799072,1003127
0.35399937629699707,1000941
0.35802268981933594,995107
0.396026611328125,990566
0.4060227870941162,989876
0.40902209281921387,988097
0.4230315685272217,985261
0.43401551246643066,984807
0.44502854347229004,984647
0.5500259399414062,979435
0.5570311546325684,979221
0.6280179023742676,976927
0.6480190753936768,976114
0.6500253677368164,944299
0.7040226459503174,943632
0.7290239334106445,938898
0.918034553527832,934959
0.9710371494293213,934924
0.9820559024810791,928269
0.9840564727783203,922854
1.0720422267913818,921155
1.1190531253814697,902624
1.1410651206970215,902034
1.2170498371124268,901689
1.3010785579681396,900247
1.3030762672424316,899451
1.307075023651123,898613
1.31807279586792,898164
1.3470773696899414,897692
1.3540802001953125,896069
1.3840839862823486,894161
1.4180858135223389,893222
1.4190666675567627,893017
1.4350848197937012,892723
1.5800907611846924,892466
1.6090738773345947,891624
1.6150939464569092,891375
1.7140986919403076,890630
1.7661018371582031,889792
1.8001036643981934,889324
1.8040847778320312,888379
1.86710786819458,886447
1.8900947570800781,885890
1.911090612411499,885596
1.9471123218536377,884657
1.9681150913238525,884054
2.139106512069702,884053
2.185128688812256,882264
2.2351291179656982,881468
2.312114953994751,878163
2.3501172065734863,867475
2.3821394443511963,866947
2.399139165878296,866907
2.4221410751342773,866069
2.4571268558502197,843777
2.459125280380249,842854
2.6001508235931396,841024
3.399198293685913,840793
3.444181203842163,840389
4.232226610183716,840350
4.579266309738159,839669
7.1683995723724365,832686
7.258423328399658,832646
7.7754340171813965,832290
7.959465265274048,832250
10.358604192733765,831659
10.619619846343994,831619
16.76197862625122,831617
46.16569781303406,831617
