3.272191286087036,982834
3.356196165084839,980143
3.360196352005005,978961
3.364196538925171,974634
3.369196891784668,973716
3.398197889328003,963317
3.4191997051239014,953112
3.6262118816375732,953069
3.6272120475769043,942249
3.6652143001556396,939956
3.6742143630981445,938504
3.693215847015381,933731
3.694215774536133,933438
3.707216739654541,932980
3.728217601776123,931643
3.7362184524536133,928828
3.746218681335449,924286
4.074238061904907,917646
4.093239068984985,914377
4.41125750541687,910030
4.64630126953125,908883
4.775306701660156,908674
4.789308786392212,905495
4.790306568145752,905442
4.796306848526001,899500
4.867313385009766,898739
4.871313571929932,897613
5.052322626113892,897557
5.200333118438721,890616
5.434345245361328,883157
5.437345504760742,883151
5.4683473110198975,881185
5.52335000038147,874573
5.549351930618286,874389
5.553351879119873,861819
5.5923545360565186,859411
6.385400772094727,857526
7.078443288803101,856941
7.089442491531372,855996
7.091442108154297,850637
7.652467489242554,849847
7.672476291656494,849451
7.7484822273254395,844304
7.764482021331787,839243
7.8124847412109375,837587
8.146503210067749,837415
8.166504621505737,835540
8.169477701187134,833508
8.261510610580444,833299
8.348517179489136,832520
8.39352035522461,831989
9.027554750442505,830905
9.08055830001831,830272
9.517555236816406,830072
9.688593626022339,829479
9.697597026824951,828193
9.707595586776733,828153
10.156623125076294,825040
10.5726478099823,823465
10.912665367126465,823290
10.924665927886963,822828
11.590705156326294,821134
11.626707553863525,814371
