0.01702880859375,943532
0.04100227355957031,935664
0.042001962661743164,928583
0.052002906799316406,925690
0.1660149097442627,919371
0.24003291130065918,918909
0.2720348834991455,905528
0.2890357971191406,902415
0.30102062225341797,887980
0.3670220375061035,885782
0.4240438938140869,885565
0.9020547866821289,885488
0.909055233001709,885279
0.9200546741485596,883995
0.9340565204620361,882524
0.9700591564178467,874688
1.0810627937316895,874648
1.1670684814453125,873894
1.2020695209503174,873498
1.296095848083496,872811
1.3010964393615723,871674
1.3430957794189453,870063
1.5021147727966309,869860
1.537109613418579,869411
1.732102632522583,869111
2.2231593132019043,868132
3.6202306747436523,867778
3.742218494415283,866962
4.323270797729492,866065
4.814300060272217,860683
5.789338111877441,859070
5.916345596313477,859030
6.340370416641235,858621
6.386372804641724,858582
6.490401029586792,858542
8.119480609893799,858540
45.013659715652466,857452
45.60369420051575,857452
