2.9311678409576416,1095263
2.9601712226867676,1093601
2.981173038482666,1093026
3.028175115585327,1082441
3.093179702758789,1077928
3.097177743911743,1074392
3.1241812705993652,1063911
3.125180721282959,1063515
3.1281821727752686,1063408
3.1991660594940186,1062174
3.208184003829956,1060286
3.472201108932495,1052476
3.4851996898651123,1050800
3.48919939994812,1039395
3.7322146892547607,1037133
3.742215156555176,1036257
3.8342204093933105,1032906
3.88122296333313,1029478
3.8842251300811768,1028701
3.901226282119751,1021906
3.9272260665893555,1016869
3.9472274780273438,1015903
4.124239683151245,1015678
4.13424015045166,1005730
4.141237497329712,1003121
4.146239280700684,995286
4.160240173339844,992882
4.170239686965942,990858
4.387253046035767,982628
4.400254487991333,979666
4.431255340576172,978839
4.44325852394104,974462
4.4582600593566895,971178
4.4582600593566895,968632
4.467257738113403,966692
4.580265998840332,966421
4.587266683578491,961739
4.5942652225494385,960323
4.603265285491943,959119
4.6352691650390625,956909
4.663268804550171,949274
4.700270652770996,947175
4.724264860153198,946781
4.756274223327637,944964
4.776275157928467,944736
4.777275323867798,944653
4.784276008605957,944463
4.785276174545288,942991
4.842278718948364,942943
5.009289026260376,942037
5.031290054321289,940227
5.236302614212036,930356
5.300305366516113,930354
5.352308988571167,928945
5.36031174659729,928805
5.37931227684021,927177
5.391313314437866,927039
5.756332874298096,925789
6.160358667373657,925704
6.383371353149414,917367
6.430372953414917,916107
6.448373556137085,910625
6.472376585006714,910586
6.5493810176849365,908140
6.5553812980651855,905816
6.560380220413208,904193
6.906399488449097,900383
6.923402786254883,900025
7.404428958892822,899094
7.6174421310424805,899032
7.620444059371948,897660
7.6344451904296875,896318
7.678420066833496,892646
7.678420066833496,891571
7.698418617248535,891443
7.733420372009277,890479
7.766425371170044,889641
7.83342981338501,889553
8.028440475463867,889551
8.031440496444702,888493
8.144447088241577,887689
8.147447347640991,887299
8.155449151992798,886275
8.190449714660645,882504
8.318456888198853,881307
8.35145902633667,880279
8.549470663070679,879768
8.601473808288574,878666
12.431698322296143,877976
12.465699672698975,877247
18.983107566833496,877151
21.93428111076355,876923
26.575552463531494,876816
36.88815379142761,876809
37.44118547439575,876769
39.33426904678345,876696
40.189318895339966,876689
40.2083203792572,876167
