0.005630970001220703,5151238
0.010116815567016602,5104345
0.019943952560424805,5097162
0.02326679229736328,5048446
0.02802896499633789,5046609
0.041838884353637695,4954043
0.049495697021484375,4903160
0.05807805061340332,4871924
0.06425976753234863,4844187
0.06735491752624512,4827473
0.07339072227478027,4814614
0.08488607406616211,4802949
0.1030731201171875,4802766
0.1273658275604248,4772901
0.13451695442199707,4772531
0.13919496536254883,4704265
0.14618873596191406,4696459
0.15326595306396484,4568728
0.15646600723266602,4561453
0.16046690940856934,4492001
0.16319489479064941,4469704
0.17161774635314941,4435801
0.17641878128051758,4432426
0.18207287788391113,4390075
0.22022509574890137,4340706
0.22331905364990234,4320386
0.2469189167022705,4241696
0.26976799964904785,4185227
0.2961857318878174,4180982
0.31583285331726074,4172068
0.3188049793243408,4165621
0.3250586986541748,4113545
0.32762885093688965,4088096
0.33092188835144043,4027991
0.346071720123291,4025758
0.3629729747772217,3954616
0.37308192253112793,3928598
0.37644076347351074,3884426
0.3819289207458496,3877138
0.3912069797515869,3852508
0.39453697204589844,3844992
0.4038426876068115,3741553
0.4104189872741699,3727212
0.4129009246826172,3639986
0.4153437614440918,3622841
0.4194669723510742,3467761
0.43374180793762207,3465103
0.43747377395629883,3454882
0.5203168392181396,3454880
0.5264179706573486,3434073
0.5309560298919678,3401371
0.5334317684173584,3389982
0.5448229312896729,3369074
0.5596170425415039,3354513
0.5649769306182861,3345322
0.5758390426635742,3339408
0.5791099071502686,3288658
0.7622108459472656,3277568
0.8011589050292969,3267788
0.8068349361419678,3245541
0.816504716873169,3238562
0.8286800384521484,3191157
0.8785040378570557,3190976
0.8813159465789795,3177326
1.2615528106689453,3176700
1.264319896697998,3142634
1.4775800704956055,3137945
1.486008882522583,3134821
1.4921259880065918,3129625
2.6867430210113525,3127037
2.69271183013916,3121191
2.962620973587036,3119614
3.229120969772339,3117812
3.2319188117980957,3107066
3.818297863006592,3098588
3.8210198879241943,3091997
3.823848009109497,3085917
3.827209949493408,3084960
3.8553478717803955,3081769
3.8611247539520264,3077391
4.0317230224609375,3071302
4.03728985786438,3053616
4.102747917175293,3038800
4.108212947845459,2991991
4.131273984909058,2985844
4.234934091567993,2979821
4.281261920928955,2957043
4.286723852157593,2928560
4.295685768127441,2917293
4.298634052276611,2842341
4.312739849090576,2836216
4.321173906326294,2782935
4.326920032501221,2748871
4.330190896987915,2729898
4.3530378341674805,2650125
4.436641693115234,2648432
4.683944940567017,2606384
4.86144495010376,2604981
5.028488874435425,2579927
5.237286806106567,2560768
6.027511119842529,2555095
6.037545919418335,2539586
6.04560112953186,2506964
6.1212379932403564,2503113
6.126713752746582,2502772
6.130506992340088,2494173
6.475969076156616,2492137
6.574979782104492,2485365
6.580304861068726,2463271
6.896279811859131,2462169
6.904448986053467,2454351
7.7045979499816895,2454004
7.89212703704834,2451342
8.10578989982605,2450452
8.114715814590454,2421898
8.302125930786133,2415488
8.307234764099121,2399365
8.313134908676147,2394775
8.319463014602661,2388359
8.561974048614502,2376971
8.589959859848022,2376556
8.686121940612793,2372856
8.69420075416565,2355411
8.71560788154602,2308760
8.734133958816528,2288134
8.739470720291138,2284819
8.743368864059448,2249042
8.762832880020142,2248007
8.968940019607544,2231127
8.992396116256714,2210142
9.002506017684937,2197617
9.151113033294678,2169071
9.362982988357544,2135997
9.742177724838257,2133789
10.224742889404297,2124893
10.593676805496216,2089124
11.133795738220215,2088149
11.147427797317505,2085836
11.153810024261475,2073486
11.18013596534729,2065495
11.417441129684448,2052305
11.872475862503052,2040719
11.881287813186646,2036685
11.90588092803955,1977768
11.919878959655762,1971643
12.198136806488037,1966839
12.204594850540161,1940445
12.59022068977356,1928626
12.615323781967163,1922525
12.622137784957886,1899345
12.728796005249023,1889794
12.800041913986206,1861354
12.81010389328003,1835615
12.820183038711548,1799685
12.823908805847168,1776931
12.829427003860474,1767241
12.832260847091675,1700415
12.858713865280151,1696150
12.86149001121521,1689012
12.86736798286438,1629671
13.049986839294434,1624674
13.054370880126953,1597979
13.380230903625488,1595650
13.387010097503662,1584625
13.615388870239258,1583005
14.447520017623901,1582832
14.459062099456787,1559555
16.188668966293335,1550437
16.200748682022095,1493757
16.84779191017151,1491851
16.871174812316895,1487169
16.876255989074707,1463214
16.974141836166382,1462427
16.97695279121399,1443724
17.118627786636353,1433966
17.221971035003662,1402915
18.495741844177246,1340855
18.729471921920776,1332142
18.992761850357056,1331242
19.884703874588013,1324745
20.453370809555054,1313469
20.83674693107605,1292894
20.873220920562744,1291814
20.982982873916626,1275954
21.649961948394775,1266684
21.667322874069214,1261438
21.80270791053772,1256375
21.920410871505737,1254057
22.03579592704773,1229838
22.163263082504272,1225676
22.195186853408813,1222795
22.28005290031433,1220060
23.298250913619995,1216043
23.341964721679688,1210964
23.38734793663025,1198632
23.39247989654541,1194153
23.39913773536682,1184164
23.40551495552063,1176469
23.424911975860596,1165485
23.49568271636963,1164390
23.507405757904053,1149367
24.039083003997803,1142600
24.05313992500305,1137872
24.313485860824585,1103023
24.399747848510742,1101335
28.594278812408447,1099919
28.927988052368164,1094204
31.64458394050598,1093020
33.50369095802307,1092890
33.519043922424316,1085817
35.484277963638306,1080996
36.174370765686035,1071174
37.947208881378174,1068264
38.62087392807007,1066627
39.02856779098511,1066114
41.36496686935425,1055669
42.13337707519531,1047588
44.04532790184021,1026757
44.23328900337219,1025760
44.39856171607971,1025355
44.418323040008545,1024477
44.4215407371521,1015805
44.78348088264465,1015789
44.79369783401489,1010585
44.95030403137207,1008420
45.12924790382385,1001808
46.09352993965149,996634
46.2422149181366,987448
47.44292187690735,987231
47.85965895652771,986435
48.331722021102905,984897
48.377151012420654,981494
48.79385280609131,977703
49.22461175918579,976313
49.25593709945679,967099
56.618228912353516,957469
62.70005393028259,953003
64.1878547668457,951976
72.37574791908264,951937
88.52175378799438,948624
