3.3722047805786133,1094683
3.3792052268981934,1085260
3.390207529067993,1085247
3.3922057151794434,1076838
3.3972079753875732,1061837
3.4112067222595215,1061458
3.424207925796509,1056270
3.42520809173584,1021764
3.4322078227996826,1019538
3.4332101345062256,1019022
3.435209035873413,1015574
3.4422104358673096,1011242
3.469210147857666,1007289
3.5462148189544678,999151
3.580216884613037,998521
3.6122193336486816,989174
3.6152191162109375,987840
3.6292200088500977,974018
3.6472225189208984,970022
3.6572232246398926,969083
3.6582212448120117,968541
3.7012245655059814,966691
3.705226182937622,966609
3.855233669281006,964359
3.857235908508301,964181
3.880234479904175,958003
3.90323543548584,948963
3.92323637008667,948503
4.01124382019043,946961
4.014243841171265,934153
4.017242193222046,931248
4.053244590759277,929987
5.506331920623779,928766
5.516330003738403,926782
5.523330450057983,917781
5.528330564498901,914132
6.279377222061157,913330
6.30637788772583,912306
6.3283774852752686,911409
6.463385105133057,908958
6.474385976791382,907934
6.50138783454895,900164
6.52838921546936,898503
6.529389142990112,898500
6.905410289764404,897625
7.241432189941406,891544
7.245430946350098,885528
7.388439655303955,878437
7.389439821243286,874631
7.399440288543701,874533
7.416442155838013,873930
7.5084192752838135,873723
7.612425327301025,872551
7.671428680419922,870639
7.736432313919067,870634
7.79343581199646,868440
7.822437286376953,867837
7.839438438415527,866593
13.381790161132812,865892
13.442793607711792,865420
14.589860439300537,864653
14.937881708145142,864513
18.5380916595459,863929
18.61409640312195,863879
18.71109700202942,863700
19.081125020980835,863619
19.8301682472229,862487
19.849168062210083,862372
20.047179698944092,862180
20.93623399734497,861641
