2.944171190261841,1097494
2.9551708698272705,1096679
2.959170341491699,1095868
2.9641733169555664,1090296
2.9991726875305176,1080789
3.007173776626587,1074876
3.008173704147339,1074467
3.008173704147339,1071342
3.026176691055298,1060264
3.0461761951446533,1054695
3.0761778354644775,1054185
3.0851778984069824,1047872
3.0911786556243896,1047479
3.0931787490844727,1045419
3.094179630279541,1044924
3.1081809997558594,1043270
3.119180202484131,1037358
3.121180295944214,1036967
3.138181209564209,1025693
3.143183469772339,1017676
3.164184331893921,1015124
3.1911864280700684,1012663
3.210188150405884,1008689
3.2151854038238525,1003303
3.284188985824585,1002073
3.285188913345337,1001273
3.4181969165802,998339
3.4221973419189453,992514
3.4311981201171875,980423
3.4531993865966797,976716
3.5472052097320557,973151
3.5572056770324707,971012
3.5582056045532227,970455
3.563206434249878,958084
3.5712084770202637,955379
3.574206829071045,954125
3.7172162532806396,951700
3.7242178916931152,949376
3.7432162761688232,948290
3.7492165565490723,944987
3.8232219219207764,944701
3.8622233867645264,928361
3.874217987060547,925161
3.9402289390563965,923757
3.941228151321411,923295
3.9642298221588135,921997
3.9882314205169678,920868
4.118238925933838,917768
4.143242359161377,916748
4.144240379333496,915924
4.803278923034668,912888
4.957289934158325,912761
5.06629490852356,908682
5.202301502227783,907358
5.218303918838501,906062
5.2473039627075195,903683
5.388314485549927,899634
5.399313449859619,899553
5.943345308303833,899359
5.969347238540649,898203
5.981348991394043,897594
6.047351121902466,896747
6.091354131698608,896100
6.121355056762695,892468
6.310368776321411,888714
6.3473687171936035,887059
6.4603776931762695,886337
6.493377685546875,885495
6.746392011642456,884667
7.315425634384155,883913
7.362430095672607,879315
7.391429901123047,878629
7.411432981491089,878309
7.421433448791504,877013
7.423431873321533,876974
7.895461797714233,875861
7.898459434509277,874855
7.97846531867981,871282
7.991466760635376,870889
7.996464967727661,868495
8.128474950790405,865819
8.13247299194336,862901
8.26348090171814,860217
8.286482095718384,859903
8.338485956192017,859420
8.470493793487549,858047
8.535470008850098,858043
9.530555963516235,857843
9.563549518585205,856272
9.590559244155884,855349
10.059585571289062,854974
10.44260859489441,854181
10.576616287231445,852481
12.364721298217773,849188
12.393722772598267,849149
12.448727369308472,848343
12.917754173278809,847948
12.932754278182983,847867
13.012760639190674,847181
13.05176043510437,846383
13.057760953903198,845041
13.115766048431396,843755
13.135765314102173,843238
13.14976692199707,843021
13.46278691291809,843001
14.076822519302368,842511
14.083821058273315,840811
14.578852415084839,838794
14.62885308265686,838642
14.66985535621643,838602
15.04487681388855,838147
15.317893266677856,838023
15.371897220611572,836868
15.531906604766846,836829
18.38107442855835,835960
20.519197463989258,835174
21.11723494529724,834957
21.423250436782837,834918
21.612263917922974,834661
22.983341693878174,834622
