3.5582005977630615,972648
3.5592000484466553,970785
3.560201644897461,957627
3.575199842453003,956138
3.596200466156006,943994
3.604201316833496,939191
3.6052005290985107,930180
3.606200933456421,928852
3.606200933456421,926528
3.610203266143799,915851
3.611203908920288,914672
3.6192023754119873,910666
3.6322057247161865,910076
3.635202646255493,908969
5.164292573928833,901585
5.208296775817871,900500
5.259298086166382,900332
5.272289991378784,893953
5.319303512573242,893355
5.326302766799927,892379
5.392298460006714,891495
5.421307563781738,888226
5.448310852050781,887351
5.496311902999878,880357
6.213355779647827,880352
6.239357233047485,877017
6.258355617523193,874678
6.269356966018677,870583
6.290358066558838,866902
6.417358636856079,864769
6.418360233306885,863958
6.926396369934082,863868
6.958396911621094,863828
7.023402690887451,862830
7.024402856826782,860621
7.040402173995972,854076
7.041402101516724,853201
7.0454018115997314,848037
7.183409929275513,842811
7.215384483337402,840071
7.731444358825684,839775
7.798446416854858,837871
7.815447092056274,836173
7.817447662353516,835298
7.819449424743652,832666
7.982458114624023,826008
7.988456964492798,825969
8.2984778881073,823211
12.273684024810791,822747
12.334711790084839,822378
13.078755378723145,819197
13.664791107177734,817887
14.132818937301636,817670
14.14281702041626,817063
16.763970851898193,817024
16.912981271743774,815696
31.248820066452026,815695
40.252344369888306,815656
