0.02800130844116211,1059309
3.501232385635376,1057293
3.508233070373535,1046946
3.5282342433929443,1045328
3.5532355308532715,1043918
3.5552353858947754,1043390
3.5582377910614014,1039603
3.704246997833252,1038768
3.7072441577911377,1038252
3.7842507362365723,1036965
3.796250581741333,1033982
3.7972490787506104,1033407
3.7992496490478516,1030331
3.8202505111694336,1030206
3.834251642227173,1023929
3.841252088546753,1020290
3.855253219604492,1007376
3.8632540702819824,1007358
3.865255355834961,1004089
3.878253936767578,1002625
3.8912572860717773,1001787
3.924257278442383,1001588
3.9392576217651367,998599
3.940258741378784,997965
3.9822609424591064,990073
4.00926399230957,988552
4.036264181137085,987084
4.036264181137085,983097
4.052266597747803,981510
4.062266111373901,964297
4.063265562057495,963349
4.063265562057495,957969
4.08026647567749,952813
4.090267181396484,936972
4.13026237487793,936706
4.142269849777222,935306
4.142269849777222,934669
4.171272039413452,932246
4.195273399353027,932121
4.196274518966675,931496
4.227275133132935,927719
4.238275766372681,927370
4.241276025772095,925959
4.243277549743652,921501
4.2552690505981445,921273
4.260277032852173,919813
4.3192808628082275,913914
4.336282253265381,913042
4.357284307479858,910643
4.384284257888794,907863
4.398287296295166,896325
4.404284954071045,888390
4.413286209106445,887996
4.483290433883667,886238
4.73130464553833,884783
4.755306243896484,883936
4.84731125831604,883527
4.920315265655518,883295
4.936318635940552,882211
4.959317684173584,879306
5.031322002410889,870059
5.034322023391724,869298
5.124330997467041,869042
5.128329038619995,869005
5.152331113815308,867402
5.172330617904663,864570
5.174330472946167,860582
5.181333065032959,860349
5.203332901000977,854981
5.207333087921143,851879
5.2283337116241455,850632
5.870370864868164,850559
5.87637186050415,849528
6.192392349243164,848781
6.273394823074341,847370
6.290397882461548,846875
6.328400611877441,845219
6.42440390586853,845179
6.438404321670532,844975
6.473406076431274,844742
6.981436252593994,842568
7.268453359603882,835638
7.297456502914429,833902
7.356458425521851,832287
7.372460126876831,830355
7.40346097946167,830235
7.629476070404053,825784
7.636474370956421,825744
9.740597486495972,824942
9.839603662490845,822787
10.782658815383911,822659
11.016672372817993,822619
11.118678331375122,822225
11.160681247711182,822186
11.7487154006958,821396
11.791719675064087,820801
11.838720321655273,820761
13.855840682983398,820638
13.892842292785645,819702
19.87116265296936,819079
19.922165870666504,818964
20.003170251846313,818568
