0.03098320960998535,1061663
0.03601408004760742,1052688
0.0760047435760498,1050506
0.0870048999786377,1044391
0.09199976921081543,1043466
0.1020057201385498,1030928
0.10400843620300293,997292
0.11800694465637207,997097
0.1449897289276123,995553
0.16701054573059082,995194
0.16901016235351562,991803
0.17301058769226074,976661
0.1780104637145996,971678
0.1910114288330078,963210
0.19601058959960938,956978
0.1979990005493164,953913
0.21299338340759277,951589
0.30299901962280273,947982
0.3059990406036377,939247
0.30699896812438965,937392
0.3430209159851074,937064
0.3460214138031006,936695
0.357025146484375,933791
0.36602258682250977,930445
0.3760223388671875,928514
0.5570328235626221,926834
0.576038122177124,926826
0.6330380439758301,924429
0.63804030418396,923820
0.6460399627685547,906643
0.6700208187103271,896191
0.7510256767272949,893492
0.7700276374816895,891090
0.8030469417572021,890007
0.8180477619171143,889604
0.8740341663360596,888645
0.882033109664917,887617
0.8990468978881836,886679
0.9040532112121582,886122
0.9730575084686279,885338
1.0870649814605713,884483
1.089064121246338,883187
1.094069004058838,881074
2.055103063583374,880573
2.3161463737487793,879995
2.336123466491699,877661
2.346137762069702,876722
3.086179733276367,869496
3.123185396194458,868200
3.3181943893432617,868099
3.3441967964172363,867984
3.4172005653381348,867375
3.8852298259735107,867325
3.9412307739257812,867227
3.9562313556671143,866416
4.111245393753052,865190
4.394261598587036,865144
4.472260236740112,864752
4.578272342681885,864675
4.60226845741272,864629
4.7182581424713135,864427
4.7852795124053955,863228
4.810281753540039,862390
4.88928484916687,861490
4.921269416809082,861013
5.045299530029297,860974
5.322293281555176,860444
6.5333826541900635,860192
6.717395305633545,859585
6.72139573097229,859505
6.745395183563232,859390
6.796397686004639,858994
6.82538104057312,857857
9.031541585922241,857856
9.487536907196045,857817
29.50572633743286,847971
45.8676655292511,847971
