0.04200387001037598,953779
0.12800979614257812,948699
0.14900970458984375,940850
0.15400981903076172,939736
0.20301198959350586,926160
0.2070314884185791,923805
0.21503210067749023,923000
0.26601552963256836,921346
0.31001830101013184,920691
0.3800225257873535,920226
0.3850393295288086,919711
0.39104223251342773,915150
0.3980410099029541,914025
0.40404295921325684,910514
0.41204380989074707,909957
0.43802595138549805,907551
0.46202802658081055,907135
0.46802735328674316,906940
0.47302818298339844,888552
0.48302793502807617,888319
0.6150367259979248,887434
0.6700422763824463,884090
1.0920665264129639,882298
1.0970830917358398,881502
1.6680974960327148,879723
2.042120933532715,853639
2.0801219940185547,852304
2.1181247234344482,851335
2.196129560470581,845979
2.7191765308380127,845132
2.8671698570251465,845127
2.9701919555664062,843815
3.216188669204712,843776
3.2821924686431885,842921
3.648231029510498,842862
4.706299543380737,842564
6.980408191680908,841329
7.019429683685303,840782
7.362447738647461,838832
7.448436737060547,838029
8.309488296508789,837913
8.317488431930542,837873
8.994545459747314,837153
9.157535791397095,837113
9.583579540252686,837094
11.412687063217163,836757
11.60468053817749,836717
47.691789865493774,836717
