0.006565093994140625,5151238
0.013049125671386719,5104345
0.025254249572753906,5097162
0.03288912773132324,5048446
0.04030585289001465,5046609
0.05670905113220215,4954043
0.06330323219299316,4903160
0.07647514343261719,4871924
0.08896994590759277,4844187
0.09872102737426758,4827473
0.1053619384765625,4814614
0.12251114845275879,4802949
0.14217710494995117,4802766
0.17331409454345703,4772901
0.1873180866241455,4772531
0.19540095329284668,4704265
0.20162510871887207,4696459
0.20987701416015625,4568728
0.21618986129760742,4561453
0.22350096702575684,4492001
0.23031902313232422,4469704
0.2444019317626953,4435801
0.2513401508331299,4432426
0.25787901878356934,4390075
0.2977480888366699,4340706
0.3049750328063965,4320386
0.3256828784942627,4241696
0.3604862689971924,4185227
0.4078860282897949,4180982
0.4409511089324951,4172068
0.4465668201446533,4165621
0.45496392250061035,4113545
0.4625411033630371,4088096
0.4675278663635254,4027991
0.49188923835754395,4025758
0.5162899494171143,3954616
0.5345442295074463,3928598
0.540147066116333,3884426
0.5494980812072754,3877138
0.5685889720916748,3852508
0.5739610195159912,3844992
0.5839219093322754,3741553
0.5960299968719482,3727212
0.6039280891418457,3639986
0.6067440509796143,3622841
0.609483003616333,3467761
0.634753942489624,3465103
0.6409521102905273,3454882
0.7640929222106934,3454880
0.7668552398681641,3434073
0.7696430683135986,3401371
0.775115966796875,3389982
0.790330171585083,3369074
0.8153562545776367,3354513
0.8208990097045898,3345322
0.8388669490814209,3339408
0.8416869640350342,3288658
1.1165502071380615,3277568
1.1769189834594727,3267788
1.1827421188354492,3245541
1.2011818885803223,3238562
1.209671974182129,3191157
1.2801411151885986,3190976
1.2869329452514648,3177326
1.7746031284332275,3176700
1.7804999351501465,3142634
2.0918450355529785,3137945
2.1074280738830566,3134821
2.114896059036255,3129625
3.653463125228882,3127037
3.664747953414917,3121191
4.109622955322266,3119614
4.639183044433594,3117812
4.644545078277588,3107066
5.617470026016235,3098588
5.6202192306518555,3091997
5.622967958450317,3085917
5.626993179321289,3084960
5.680345058441162,3081769
5.690509080886841,3077391
6.006860971450806,3071302
6.018770933151245,3053616
6.132210969924927,3038800
6.140702962875366,2991991
6.19514012336731,2985844
6.4061620235443115,2979821
6.492500066757202,2957043
6.504544019699097,2928560
6.520968914031982,2917293
6.549425840377808,2842341
6.586406946182251,2836216
6.6095290184021,2782935
6.621896028518677,2748871
6.628016233444214,2729898
6.652041912078857,2650125
6.69862699508667,2648432
6.968853950500488,2606384
7.172437906265259,2604981
7.358488082885742,2579927
7.543267011642456,2560768
8.360230922698975,2555095
8.375662088394165,2539586
8.38994812965393,2506964
8.503749132156372,2503113
8.511668920516968,2502772
8.52081298828125,2494173
8.85834813117981,2492137
8.949450016021729,2485365
8.95287799835205,2463271
9.312501907348633,2462169
9.316256046295166,2454351
10.129065990447998,2454004
10.322908878326416,2451342
10.534073114395142,2450452
10.551445007324219,2421898
10.69752025604248,2415488
10.70365309715271,2399365
10.707946062088013,2394775
10.710803031921387,2388359
10.915504217147827,2376971
10.942336082458496,2376556
11.00908899307251,2372856
11.011859893798828,2355411
11.028481006622314,2308760
11.042916059494019,2288134
11.045911073684692,2284819
11.052111148834229,2249042
11.066710948944092,2248007
11.31579327583313,2231127
11.34175419807434,2210142
11.354498147964478,2197617
11.493328094482422,2169071
11.702323913574219,2135997
12.117395877838135,2133789
12.656001091003418,2124893
12.993706941604614,2089124
13.60171389579773,2088149
13.626274108886719,2085836
13.642502069473267,2073486
13.673886060714722,2065495
13.892856121063232,2052305
14.332051992416382,2040719
14.337700128555298,2036685
14.357341051101685,1977768
14.376676082611084,1971643
14.790173053741455,1966839
14.796698093414307,1940445
15.34526014328003,1928626
15.391050100326538,1922525
15.393915176391602,1899345
15.524426937103271,1889794
15.586996078491211,1861354
15.597347021102905,1835615
15.608586072921753,1799685
15.613749980926514,1776931
15.620629072189331,1767241
15.626989126205444,1700415
15.663421869277954,1696150
15.668387174606323,1689012
15.673779964447021,1629671
15.83214807510376,1624674
15.841122150421143,1597979
16.22518491744995,1595650
16.231828927993774,1584625
16.39606499671936,1583005
17.14105796813965,1582832
17.14925527572632,1559555
18.949692249298096,1550437
18.962061166763306,1493757
19.625367164611816,1491851
19.646876096725464,1487169
19.65380597114563,1463214
19.7501380443573,1462427
19.75388503074646,1443724
19.893099069595337,1433966
19.994235038757324,1402915
21.241448879241943,1340855
21.443618059158325,1332142
21.635716199874878,1331242
22.390038013458252,1324745
22.743367195129395,1313469
23.05105996131897,1292894
23.08006191253662,1291814
23.154394149780273,1275954
23.74786615371704,1266684
23.774111032485962,1261438
23.908332109451294,1256375
24.027549982070923,1254057
24.135151147842407,1229838
24.260241985321045,1225676
24.28994607925415,1222795
24.387407064437866,1220060
25.277092218399048,1216043
25.322384119033813,1210964
25.369883060455322,1198632
25.37394905090332,1194153
25.380640029907227,1184164
25.386940240859985,1176469
25.400748014450073,1165485
25.474876880645752,1164390
25.489869117736816,1149367
25.890242099761963,1142600
25.905776023864746,1137872
26.132787942886353,1103023
26.220799922943115,1101335
31.065137147903442,1099919
31.41160011291504,1094204
34.98824501037598,1093020
36.73816108703613,1092890
36.74972319602966,1085817
38.53670287132263,1080996
39.201148986816406,1071174
40.803203105926514,1068264
41.404369831085205,1066627
41.68039917945862,1066114
43.294219970703125,1055669
44.03011107444763,1047588
45.91283202171326,1026757
46.1078839302063,1025760
46.2958881855011,1025355
46.32110524177551,1024477
46.32867097854614,1015805
46.960204124450684,1015789
46.981274127960205,1010585
47.311954975128174,1008420
47.516714096069336,1001808
48.477137088775635,996634
48.613937854766846,987448
49.82365107536316,987231
50.24128198623657,986435
50.72320795059204,984897
50.77877616882324,981494
51.18692922592163,977703
51.6342670917511,976313
51.668100118637085,967099
59.0686731338501,957469
66.39480304718018,953003
67.93721604347229,951976
75.1143250465393,951937
91.55837798118591,948624
223.52438402175903,944853
223.70580196380615,941435
223.99030709266663,941300
224.42281913757324,939797
225.74279499053955,938879
236.23763918876648,938136
236.5368309020996,937199
246.98187804222107,937160
371.9120309352875,921093
372.00887298583984,920387
372.271950006485,919995
374.72784209251404,919157
374.7402091026306,916888
378.3509330749512,915037
396.87179493904114,914317
