0.03302264213562012,1049040
0.05502200126647949,1047429
0.05902433395385742,1036298
0.06502270698547363,1026824
0.07903289794921875,1025742
0.0800325870513916,1025660
0.09003376960754395,1018326
0.09203362464904785,1009921
0.10202431678771973,1008378
0.12300848960876465,1003395
0.1260087490081787,994214
0.15301012992858887,986893
0.1610105037689209,981060
0.19301056861877441,967062
0.2280118465423584,966005
0.24901390075683594,964709
0.2630176544189453,960620
0.2870359420776367,960285
0.35101938247680664,957923
0.3520195484161377,948556
0.3570394515991211,944560
0.4040520191192627,943752
0.41205310821533203,943667
0.4230527877807617,939338
0.4670560359954834,936117
0.4710559844970703,930927
0.4730556011199951,930710
0.4840567111968994,925841
0.4890565872192383,922728
0.5140292644500732,922205
0.5390477180480957,920018
0.5460498332977295,919222
0.574033260345459,917406
0.6880669593811035,913666
0.7370619773864746,912468
0.8010668754577637,895074
1.2561018466949463,892505
1.2821035385131836,891411
1.3210761547088623,891216
1.358079195022583,889357
1.3810789585113525,888110
1.5211074352264404,882194
1.5311076641082764,880259
1.5721101760864258,880080
1.6751158237457275,873632
1.7341198921203613,872732
2.14912486076355,869501
2.16912579536438,869461
2.177126169204712,868144
2.2681314945220947,867989
2.273131847381592,866738
2.288132905960083,866505
2.291132926940918,864791
3.0021767616271973,864616
3.0541794300079346,862382
3.1291842460632324,861088
3.286191463470459,860740
3.3822145462036133,860252
3.394217014312744,859195
3.8552441596984863,854579
3.8592441082000732,853283
3.9142301082611084,852718
4.1372435092926025,851519
4.265267610549927,849924
4.497289657592773,843396
4.581294536590576,843102
4.64729905128479,840690
4.692302703857422,840650
4.7743048667907715,840242
4.775304794311523,840229
4.795307874679565,839035
4.805309057235718,838995
4.80630898475647,838914
5.432316780090332,838737
5.810358047485352,838658
7.194438457489014,836133
7.326427698135376,836094
7.9524641036987305,835994
8.24248194694519,835139
8.310484886169434,834783
9.80459189414978,834743
16.18896508216858,834578
16.219971179962158,834022
16.2299485206604,828985
16.343955039978027,825888
16.581968784332275,824844
16.5929696559906,822131
16.877986192703247,821352
17.12201952934265,821312
47.274781465530396,821312
