0.5854403972625732,6053947
0.5854403972625732,6048872
0.5854403972625732,6023603
0.5854403972625732,5911255
0.5993573665618896,5909046
0.618384838104248,5883982
0.6193842887878418,5881773
0.6243846416473389,5880292
0.6273844242095947,5877375
0.6313848495483398,5860717
0.655120849609375,5805536
0.6707727909088135,5803327
0.7227590084075928,5792135
0.7722415924072266,5790546
0.9407291412353516,5783541
0.9407291412353516,5781952
0.9407291412353516,5771212
0.9407291412353516,5769623
0.9876043796539307,5771115
1.0032289028167725,5748567
1.0501043796539307,5734460
1.0501043796539307,5732871
2.4330790042877197,5722505
2.435079336166382,5698894
2.4651150703430176,5697305
3.3506460189819336,5690587
3.3626673221588135,5688998
6.113760232925415,5688254
7.032561540603638,5684448
7.0347983837127686,5682859
8.52875018119812,5680754
8.52875018119812,5679165
8.636768341064453,5658157
8.652419328689575,5656568
9.311978340148926,5658136
9.314978837966919,5639782
12.5909743309021,5633045
19.8968608379364,5630683
31.732167959213257,5621731
74.973806142807,5598744
75.12455677986145,5597155
100.31791996955872,5563178
100.83889770507812,5561589
271.10031270980835,5554999
286.523859500885,5548262
325.9217231273651,5545900
399.0851697921753,5543943
