3.426862955093384,1022446
3.4373927116394043,1021905
3.4373927116394043,1011261
3.6244046688079834,1000072
3.6884090900421143,990011
3.7004196643829346,989674
3.7014102935791016,988473
3.7234106063842773,988370
3.750412702560425,984906
3.770413637161255,975413
3.776414155960083,974793
3.781414031982422,969807
3.812415838241577,969444
3.8174195289611816,968420
3.8224165439605713,963130
3.874419689178467,962691
3.87641978263855,958723
3.899421453475952,946390
3.9504241943359375,943473
4.002426624298096,937446
4.047427654266357,914284
4.07543158531189,914010
4.102433443069458,907719
4.585019111633301,896668
4.600013017654419,895174
4.615016222000122,893433
4.65399694442749,891419
4.655997276306152,891072
4.6620166301727295,890276
4.664016246795654,886351
4.678015947341919,885104
4.787024021148682,884248
5.544068336486816,873625
5.550069093704224,870604
5.571070194244385,867929
5.630073547363281,866514
5.706077814102173,864751
5.852067947387695,855252
5.865067958831787,853170
5.876085519790649,851750
5.883069276809692,851064
6.8242268562316895,846555
6.847219944000244,846502
6.883220672607422,843590
6.8932225704193115,842262
7.102215051651001,839935
9.288597583770752,839068
9.308597803115845,837230
9.355601787567139,833360
9.403604745864868,832522
9.788626909255981,831829
9.85062861442566,830589
9.872631788253784,827883
9.891633033752441,826789
10.045623064041138,826432
10.068644046783447,825594
10.176040410995483,823317
11.130744934082031,822172
11.31825041770935,821196
11.31825041770935,821076
11.764536142349243,819602
12.30317234992981,818562
12.521186590194702,816941
12.623192071914673,815645
12.655192852020264,814004
12.657172679901123,813965
12.767199754714966,812649
12.963210821151733,812609
