0.010001420974731445,1011115
0.02301502227783203,1005302
0.038002729415893555,1004906
0.04300689697265625,999717
0.06198453903198242,977812
0.08900761604309082,970060
0.09598660469055176,969811
0.10700654983520508,969428
0.1480093002319336,948060
0.1520090103149414,946732
0.15601420402526855,945299
0.16599106788635254,944916
0.1870129108428955,941991
0.1969926357269287,939936
0.22001290321350098,916106
0.22601318359375,914820
0.22701358795166016,906008
0.2350139617919922,905617
0.2540147304534912,905010
0.2700200080871582,904402
0.31601858139038086,903106
0.3240196704864502,901695
0.3260195255279541,891590
0.3360006809234619,889936
0.40102386474609375,889851
0.4590303897857666,889294
0.46100759506225586,884233
0.5330314636230469,867770
0.5600364208221436,867365
0.5650327205657959,866837
0.6000351905822754,866446
0.6470186710357666,866381
0.6770436763763428,864725
1.0920681953430176,864646
1.112069845199585,863808
1.1280677318572998,862237
1.4910879135131836,859916
1.7370851039886475,858073
1.8541090488433838,857330
1.9441137313842773,856821
1.9571149349212646,855983
1.9721150398254395,854746
1.9841182231903076,854350
2.0421197414398193,854284
2.1061043739318848,854162
2.1121251583099365,853237
2.1531264781951904,853004
2.1661264896392822,852081
2.360138177871704,850503
2.4471447467803955,848281
2.516155481338501,832507
2.6681559085845947,831313
2.8431479930877686,831273
2.9091527462005615,830666
4.065219163894653,830615
4.099223375320435,830576
4.246248006820679,829651
46.017693758010864,829651
