3.6808950901031494,1045288
3.6868956089019775,1042042
3.742899179458618,1040327
3.7508974075317383,1013082
3.7649004459381104,1007992
3.7748820781707764,1007470
3.919907331466675,1004489
3.9449105262756348,993959
3.970892906188965,988842
3.978912591934204,987866
3.9839107990264893,987699
3.995913028717041,986970
3.9989137649536133,986429
4.0069122314453125,978867
4.019914865493774,975656
4.021914958953857,975194
4.05191707611084,973155
4.216829061508179,966283
4.23250150680542,965259
4.263749837875366,963636
4.279375076293945,956965
4.2950286865234375,955566
4.341875314712524,954690
4.341875314712524,954269
4.3575005531311035,952014
4.404376029968262,948840
4.482503175735474,946407
4.5137529373168945,942395
4.5137529373168945,937095
5.170024633407593,935040
5.170024633407593,934950
5.232532501220703,932632
5.248157024383545,931128
5.248157024383545,929874
5.279407739639282,929725
5.341878652572632,923706
5.466878175735474,921469
5.57625412940979,919842
5.57625412940979,918371
5.59187912940979,915658
5.607503890991211,915311
5.638754844665527,915140
5.701272249221802,914662
5.71689772605896,912217
5.71689772605896,911592
5.826253890991211,911123
5.904404878616333,908085
5.935647487640381,907631
5.998149394989014,907052
6.3118181228637695,905950
6.343060493469238,905279
6.343060493469238,904591
6.4055681228637695,903344
6.425767421722412,902742
6.4413902759552,901805
6.4413902759552,901367
6.488264799118042,900473
6.503891229629517,898031
6.519514322280884,893788
6.519514322280884,893458
6.569900035858154,889196
6.5769007205963135,886953
6.758333206176758,880566
6.758333206176758,872082
6.789583444595337,869689
6.805208444595337,866912
6.820833444595337,865936
6.836458683013916,859879
6.836458683013916,854228
7.015025615692139,850857
7.0684287548065186,848900
7.0684287548065186,846845
7.099678993225098,845468
7.115304470062256,842199
7.162179470062256,836107
7.349679946899414,834755
7.460156679153442,829971
7.6632819175720215,828271
7.803907871246338,826181
7.835157632827759,823857
9.660582542419434,823161
9.676227331161499,821345
9.691832780838013,820127
9.723111629486084,819188
11.374928712844849,818311
11.406167984008789,818272
11.444759845733643,818232
11.684827327728271,817810
11.700826644897461,817770
13.716944932937622,817682
14.70212984085083,816739
14.716132640838623,815802
15.592102289199829,815229
15.795990943908691,814382
16.3630588054657,813041
16.3786838054657,813002
16.432158708572388,812223
22.15471363067627,812183
25.330832719802856,811885
25.893304347991943,811489
28.862677097320557,811488
