3.2950055599212646,1065386
3.2950055599212646,1053728
3.2950055599212646,1046316
3.2950055599212646,1041427
3.310631036758423,1041292
3.404381275177002,1039699
3.6075072288513184,1036424
3.6387569904327393,1031695
3.6387569904327393,1028268
3.65438175201416,1027848
3.65438175201416,1026300
3.65438175201416,1018405
3.65438175201416,1017450
3.6700074672698975,1016422
3.6856324672698975,1013953
3.6856324672698975,1009475
3.7012574672698975,1000835
3.7012574672698975,998228
3.8575074672698975,991763
3.8575074672698975,990829
3.8731329441070557,989216
3.8887577056884766,980200
3.8887577056884766,978484
3.9668829441070557,973003
4.013758182525635,970724
4.029383182525635,967801
4.766415119171143,961662
4.7868382930755615,960193
4.802480936050415,959287
4.8805882930755615,955104
4.961186408996582,946417
4.993561029434204,944681
5.056061029434204,942062
5.118561506271362,939929
5.134187698364258,939251
5.181061744689941,939101
5.181061744689941,931207
5.212311744689941,930419
5.2435619831085205,920733
5.2435619831085205,919542
5.259188413619995,916657
5.259188413619995,914131
5.2748119831085205,910126
5.3216872215271,908927
5.385388612747192,907089
5.4478888511657715,899829
5.463514089584351,899688
5.479139089584351,898751
5.49476432800293,892172
5.51038932800293,891698
5.541640043258667,887016
5.55726432800293,886132
6.235102891921997,885091
6.438228607177734,884776
6.516353607177734,884587
6.531979084014893,884338
6.531979084014893,882849
6.547604084014893,881748
6.641354560852051,879893
6.656979084014893,879150
6.680806398391724,870331
6.693817853927612,870292
6.696072816848755,869052
8.076800107955933,868770
8.076800107955933,843207
8.670552492141724,843021
8.779927492141724,842463
8.811177730560303,842356
9.594901084899902,842216
9.594901084899902,841607
9.735527038574219,839643
9.849706888198853,839631
10.01069974899292,838817
10.104447841644287,837979
10.198198556900024,837182
11.70377254486084,836667
14.73745346069336,836620
15.189542293548584,836619
20.165695667266846,836586
20.229572772979736,836097
20.234572887420654,835301
22.3248188495636,835260
