0.011008739471435547,951772
0.015989303588867188,950440
0.05598902702331543,941113
0.06799030303955078,940768
0.0979926586151123,937723
0.11399245262145996,937198
0.15601634979248047,935818
0.17401766777038574,918825
0.1750180721282959,918429
0.2220010757446289,912855
0.23800277709960938,912298
0.34300804138183594,910562
0.36701107025146484,901434
0.37101006507873535,898010
0.48401474952697754,894446
0.4850142002105713,894285
0.4950144290924072,893415
0.5290181636810303,892098
0.5410184860229492,891251
0.5460367202758789,889935
0.7700326442718506,880368
0.9690427780151367,879857
0.9790658950805664,873788
0.9940471649169922,872593
1.032047986984253,872087
1.061049461364746,872047
1.1060526371002197,870765
1.196075439453125,868961
1.3170630931854248,867694
1.3980679512023926,866950
1.4290697574615479,865494
1.5600967407226562,864591
1.5620989799499512,862661
1.5620989799499512,862054
2.0341265201568604,858428
2.0351266860961914,857326
2.0551280975341797,857286
2.1441309452056885,857048
2.158115863800049,855584
2.3421261310577393,855391
2.3731441497802734,855351
2.379145383834839,854504
2.5811634063720703,844630
2.589139223098755,840759
2.59414005279541,839921
2.595139265060425,838984
3.2841973304748535,838065
5.311296701431274,838052
5.387324094772339,837205
6.105346202850342,836785
6.275352478027344,836178
6.589390516281128,833503
7.171405553817749,833067
35.110607862472534,832655
47.30970311164856,832655
