4.276276111602783,987755
4.302276849746704,986654
4.3772828578948975,983031
4.388281345367432,982682
4.398282051086426,974072
4.402283191680908,973631
4.413283348083496,973532
4.552291631698608,972346
4.558291673660278,970028
4.623298168182373,965105
4.628296136856079,962596
4.645298480987549,950872
4.649296998977661,950438
4.657289505004883,950302
4.665297746658325,947857
4.998319864273071,946447
5.0373218059539795,945243
5.0443198680877686,942655
5.084322214126587,938153
5.09432315826416,934064
5.097322702407837,929694
5.1483283042907715,928484
5.151325702667236,902291
5.391332149505615,902244
5.400341033935547,900927
5.427342414855957,896765
5.596353054046631,895939
5.610352993011475,892008
5.623353719711304,891108
5.653355360031128,891068
5.662356615066528,889457
5.677359104156494,884361
5.984377861022949,881067
6.0073769092559814,879601
6.037380218505859,878287
6.106383562088013,878124
6.1583850383758545,877340
6.167386054992676,877058
6.173386335372925,875547
6.226388931274414,874664
6.688415765762329,873296
6.709417343139648,872553
6.717417478561401,871946
6.74842095375061,866573
8.491522073745728,865853
8.603500604629517,865169
8.626502275466919,864205
8.657503128051758,862889
8.699507713317871,861734
8.804540157318115,858399
8.85554313659668,857694
9.173563480377197,853393
9.174563646316528,844318
9.21056580543518,843511
9.2175612449646,841900
9.338571071624756,841860
10.954664945602417,839861
10.962666749954224,838404
11.034672498703003,837717
11.037670612335205,836817
11.065674304962158,836657
11.180678844451904,836537
11.205682516098022,834480
11.297686100006104,833642
11.36469054222107,832031
11.393691301345825,830875
11.436693906784058,830463
12.259744882583618,830018
13.17779803276062,829939
14.594879150390625,829914
14.744889497756958,829437
15.856955289840698,828981
16.03496289253235,828134
16.73497772216797,827876
16.785006523132324,827836
20.712236642837524,827797
23.9554283618927,826325
26.46257209777832,825946
33.99301266670227,825864
35.82711935043335,825825
