3.9322574138641357,938088
3.9642586708068848,937246
3.972259521484375,930928
3.976259469985962,926177
3.98125958442688,922811
4.450287580490112,915809
4.461290121078491,914464
4.659301042556763,913798
4.665302038192749,913404
4.672302484512329,912124
4.684300899505615,911183
4.73430323600769,910790
4.748304605484009,908992
4.765305757522583,901082
4.802309513092041,899198
4.813310384750366,893341
4.950316667556763,889871
5.109317779541016,887923
5.147328615188599,887314
5.1543288230896,886751
5.1893310546875,886523
5.414343357086182,884126
5.590354681015015,884110
5.5993568897247314,881139
5.878372430801392,879230
5.914374828338623,878520
5.917374134063721,873498
5.978379011154175,872613
5.981376647949219,870566
5.993377447128296,870143
6.041382312774658,865414
6.132386207580566,864660
6.146388292312622,864319
6.193390607833862,863842
6.233391523361206,860320
6.28738808631897,857474
6.301389217376709,849380
6.327397108078003,848542
6.376399517059326,847414
6.39140248298645,847374
6.421402454376221,846032
6.4774065017700195,844716
6.498407363891602,843740
6.628414630889893,842839
6.671419143676758,839541
6.680420637130737,838703
7.2574241161346436,834016
7.680448770523071,833076
7.805456161499023,831818
7.899461030960083,830495
7.983466625213623,829079
9.835574626922607,829014
10.333604097366333,828739
10.669623851776123,828731
13.77883267402649,828726
14.03184700012207,826504
14.473873376846313,826112
18.70209312438965,825306
21.223240613937378,825048
21.47925567626953,825009
28.089670181274414,824969
