0.005240201950073242,5151238
0.009446144104003906,5104345
0.018557310104370117,5097162
0.023919105529785156,5048446
0.029232263565063477,5046609
0.03860306739807129,4954043
0.04456615447998047,4903160
0.05814409255981445,4871924
0.07003521919250488,4844187
0.07537198066711426,4827473
0.08088922500610352,4814614
0.09209418296813965,4802949
0.11730027198791504,4802766
0.1372992992401123,4772901
0.14529204368591309,4772531
0.14887619018554688,4704265
0.15880799293518066,4696459
0.16261816024780273,4568728
0.1659402847290039,4561453
0.17099905014038086,4492001
0.17500901222229004,4469704
0.18434619903564453,4435801
0.18897104263305664,4432426
0.1916961669921875,4390075
0.21491193771362305,4340706
0.21961116790771484,4320386
0.23120832443237305,4241696
0.24545621871948242,4185227
0.2716102600097656,4180982
0.28985118865966797,4172068
0.29281020164489746,4165621
0.30214905738830566,4113545
0.30689024925231934,4088096
0.30983805656433105,4027991
0.3271920680999756,4025758
0.34711122512817383,3954616
0.3543579578399658,3928598
0.3567202091217041,3884426
0.3622782230377197,3877138
0.3697011470794678,3852508
0.3721630573272705,3844992
0.3789541721343994,3741553
0.38362908363342285,3727212
0.38614916801452637,3639986
0.3887672424316406,3622841
0.3915722370147705,3467761
0.4037501811981201,3465103
0.406069278717041,3454882
0.47032713890075684,3454880
0.47257113456726074,3434073
0.47499799728393555,3401371
0.47724223136901855,3389982
0.4843912124633789,3369074
0.49607419967651367,3354513
0.4982912540435791,3345322
0.5052070617675781,3339408
0.5074343681335449,3288658
0.6321473121643066,3277568
0.6592051982879639,3267788
0.6615581512451172,3245541
0.6697251796722412,3238562
0.6746711730957031,3191157
0.7066652774810791,3190976
0.7098240852355957,3177326
0.9303750991821289,3176700
0.93255615234375,3142634
1.1018290519714355,3137945
1.1102190017700195,3134821
1.1159491539001465,3129625
1.8673772811889648,3127037
1.8726880550384521,3121191
2.1595242023468018,3119614
2.4506261348724365,3117812
2.453745126724243,3107066
2.9971601963043213,3098588
3.0005550384521484,3091997
3.005359172821045,3085917
3.012256145477295,3084960
3.051938056945801,3081769
3.0587451457977295,3077391
3.2602012157440186,3071302
3.2662062644958496,3053616
3.329864263534546,3038800
3.3368351459503174,2991991
3.3586223125457764,2985844
3.4897210597991943,2979821
3.5481600761413574,2957043
3.5542662143707275,2928560
3.567092180252075,2917293
3.573939323425293,2842341
3.6008522510528564,2836216
3.617053270339966,2782935
3.62833309173584,2748871
3.63533616065979,2729898
3.663201093673706,2650125
3.713149309158325,2648432
3.8913581371307373,2606384
3.988788366317749,2604981
4.083454132080078,2579927
4.180095195770264,2560768
4.553045988082886,2555095
4.55776309967041,2539586
4.5628862380981445,2506964
4.605070114135742,2503113
4.608054161071777,2502772
4.610335350036621,2494173
4.781793117523193,2492137
4.827806234359741,2485365
4.830036163330078,2463271
4.992480039596558,2462169
4.994802236557007,2454351
5.442165374755859,2454004
5.538833141326904,2451342
5.644744157791138,2450452
5.650039196014404,2421898
5.730177164077759,2415488
5.732368230819702,2399365
5.734950304031372,2394775
5.7383952140808105,2388359
5.840114116668701,2376971
5.853320121765137,2376556
5.894551038742065,2372856
5.897417306900024,2355411
5.90759801864624,2308760
5.915112257003784,2288134
5.917312145233154,2284819
5.920239210128784,2249042
5.9311370849609375,2248007
6.05987811088562,2231127
6.07132625579834,2210142
6.078728199005127,2197617
6.1566503047943115,2169071
6.28235125541687,2135997
6.463834047317505,2133789
6.751358270645142,2124893
6.9442973136901855,2089124
7.259230136871338,2088149
7.2639381885528564,2085836
7.26624608039856,2073486
7.276564359664917,2065495
7.435551166534424,2052305
7.827456951141357,2040719
7.83276629447937,2036685
7.842893123626709,1977768
7.853102207183838,1971643
8.019289016723633,1966839
8.022370100021362,1940445
8.28910207748413,1928626
8.310784101486206,1922525
8.314964294433594,1899345
8.384929180145264,1889794
8.419842004776001,1861354
8.429255247116089,1835615
8.436975240707397,1799685
8.440032958984375,1776931
8.442658185958862,1767241
8.446558237075806,1700415
8.463028192520142,1696150
8.46525526046753,1689012
8.467474222183228,1629671
8.537400007247925,1624674
8.539582252502441,1597979
8.694482326507568,1595650
8.6966872215271,1584625
8.762981176376343,1583005
9.267032146453857,1582832
9.271682024002075,1559555
10.344528198242188,1550437
10.34968614578247,1493757
10.762600183486938,1491851
10.773030281066895,1487169
10.775227069854736,1463214
10.834638118743896,1462427
10.837794065475464,1443724
10.914448261260986,1433966
10.97692322731018,1402915
11.689969301223755,1340855
11.79646611213684,1332142
11.889653205871582,1331242
12.29550313949585,1324745
12.485289335250854,1313469
12.761414289474487,1292894
12.789669275283813,1291814
12.858450174331665,1275954
13.339299201965332,1266684
13.36971116065979,1261438
13.508217096328735,1256375
13.602250337600708,1254057
13.68045425415039,1229838
13.855547189712524,1225676
13.881055355072021,1222795
13.971898078918457,1220060
14.86667013168335,1216043
14.907193183898926,1210964
14.94308614730835,1198632
14.948472023010254,1194153
14.951450109481812,1184164
14.956936120986938,1176469
14.965813398361206,1165485
15.024004220962524,1164390
15.036333084106445,1149367
15.381088018417358,1142600
15.399331092834473,1137872
15.750493288040161,1103023
15.834659099578857,1101335
19.76924419403076,1099919
20.03058123588562,1094204
21.581549167633057,1093020
22.419294357299805,1092890
22.427131175994873,1085817
23.36641812324524,1080996
23.69150996208191,1071174
24.47453999519348,1068264
24.79322910308838,1066627
24.94724416732788,1066114
25.931772232055664,1055669
26.340778350830078,1047588
27.712318181991577,1026757
27.8596510887146,1025760
27.954482316970825,1025355
27.9619083404541,1024477
27.964327096939087,1015805
28.156899213790894,1015789
28.162047386169434,1010585
28.298579216003418,1008420
28.426659107208252,1001808
28.930469274520874,996634
29.000179290771484,987448
29.62139630317688,987231
29.836839199066162,986435
30.091240167617798,984897
30.117492198944092,981494
30.31793212890625,977703
30.540796279907227,976313
30.55682611465454,967099
34.595327377319336,957469
39.667155265808105,953003
41.10560727119446,951976
46.90461611747742,951937
64.61053323745728,948624
226.88798308372498,948346
226.89374828338623,943593
227.44941902160645,942396
227.80704617500305,939690
240.14953422546387,938852
243.50543212890625,937946
243.77152609825134,928602
245.0588252544403,925495
253.2859971523285,923451
253.29277515411377,921304
269.5234270095825,919149
270.9423260688782,919057
371.4034240245819,918486
373.2096540927887,916883
376.53731203079224,912696
386.8209261894226,912648
386.94464206695557,910960
388.24535608291626,910371
393.1715199947357,904736
