3.543625831604004,1029312
3.55893611907959,1029185
3.5745887756347656,1027201
3.5913960933685303,1024243
3.607048749923706,1017781
3.622673749923706,1008317
3.638298749923706,999078
3.638298749923706,998141
3.638298749923706,989811
3.7164242267608643,979308
4.318570852279663,978673
4.381098508834839,976460
4.396722793579102,975680
4.512205600738525,971384
4.5278308391571045,966627
4.585266351699829,963372
4.596681356430054,953503
4.7661566734313965,951673
4.782130479812622,951228
4.8631556034088135,950342
4.9941630363464355,948699
5.055170297622681,944216
5.087179660797119,943608
5.091177463531494,943359
5.535234689712524,940041
5.564223051071167,939960
5.848253011703491,938059
5.861253976821899,936720
5.88423490524292,936680
5.985260963439941,935811
6.366282939910889,935776
6.378283739089966,932504
6.4682698249816895,930090
6.469271421432495,929753
6.475271701812744,929154
6.4862706661224365,927099
6.497273206710815,926803
6.511274576187134,925982
6.648280143737793,894132
6.678282260894775,894012
6.818311452865601,893525
6.826308488845825,890463
7.2563159465789795,888695
7.528350114822388,887922
7.542332172393799,886391
7.629337549209595,885307
7.699341773986816,882081
7.711343288421631,881191
8.021380424499512,876841
8.090383768081665,872529
8.157397508621216,871982
8.19068431854248,871381
8.240687131881714,870147
8.242876052856445,866010
8.258527517318726,864568
8.336652994155884,864561
8.828035831451416,864376
8.854037761688232,864143
8.874038696289062,863681
8.924041509628296,862413
10.284092664718628,862363
10.578114748001099,862008
10.776116132736206,860315
12.126671552658081,848515
12.128673076629639,848038
12.154674530029297,846710
12.537547826766968,844092
12.555565118789673,842167
12.967332124710083,841803
13.309376001358032,840394
13.336139678955078,839824
15.418977499008179,838306
17.221970081329346,838157
17.23759436607361,838117
19.140949010849,837634
19.156574010849,837417
19.292202949523926,837378
20.69367480278015,837377
36.37713956832886,837338
