0.011999845504760742,985547
0.011999845504760742,980159
0.028001070022583008,975572
0.03600144386291504,971748
0.04700160026550293,959835
0.052002668380737305,958653
0.06502246856689453,955398
0.06902337074279785,948706
0.0700230598449707,945478
0.10600638389587402,940615
0.11100649833679199,940138
0.11600708961486816,921890
0.11900854110717773,921063
0.14400839805603027,920835
0.163010835647583,916508
0.2220144271850586,904310
0.2670149803161621,897129
0.2910165786743164,896337
0.31703686714172363,895345
0.3310203552246094,893860
0.5150303840637207,890077
0.5660319328308105,889600
0.5870325565338135,887157
0.5910561084747314,885958
0.5950515270233154,884355
0.6410360336303711,879443
0.6480536460876465,878700
0.6580395698547363,876064
0.6700570583343506,873740
0.6880605220794678,872865
0.7350609302520752,870230
0.7510616779327393,869392
0.7790446281433105,868862
0.8130464553833008,867938
0.8940525054931641,865923
0.9380555152893066,865259
0.9510564804077148,865246
0.9510564804077148,865008
1.250091552734375,856868
1.3610806465148926,855605
1.4030828475952148,855367
1.4461073875427246,854976
1.459104061126709,853782
1.4841063022613525,852935
1.5061063766479492,852895
1.5581116676330566,851958
1.716102123260498,851554
2.671156406402588,850189
3.108180284500122,849442
3.1111807823181152,847622
5.348313808441162,846926
46.57972288131714,846586
46.606725215911865,845762
47.047770261764526,845762
