0.022004127502441406,1042754
0.04798436164855957,1027845
0.050984859466552734,1027316
0.07398462295532227,1022727
0.07498431205749512,1022725
0.07698440551757812,1022107
0.0880131721496582,1018302
0.09101748466491699,1007966
0.0930180549621582,1007212
0.09898734092712402,999903
0.10900664329528809,998575
0.12700819969177246,996972
0.15400981903076172,994018
0.16901111602783203,990167
0.17501044273376465,987831
0.2110135555267334,985624
0.2150123119354248,982453
0.21901416778564453,981642
0.24001646041870117,981246
0.2590155601501465,977200
0.26599740982055664,976638
0.26901698112487793,976035
0.2760188579559326,971546
0.3220028877258301,968689
0.3350036144256592,966887
0.3450031280517578,966342
0.4210085868835449,953936
0.44901061058044434,951031
0.5050301551818848,950961
0.5100343227386475,949876
0.5440587997436523,943115
0.5470421314239502,936004
0.5690157413482666,934810
0.6380386352539062,933463
0.6560389995574951,927533
0.6610391139984131,926267
0.6840221881866455,926227
0.691044807434082,925112
0.7060418128967285,924912
0.739044189453125,921678
0.8070509433746338,921170
1.0230412483215332,920356
1.0750443935394287,917776
1.10404634475708,917454
1.1450495719909668,917237
1.1680526733398438,890385
1.1740527153015137,887749
1.1740527153015137,877320
1.1770539283752441,876212
1.2740755081176758,875516
1.2840759754180908,874678
1.2940568923950195,873590
1.2990572452545166,871535
1.4540674686431885,871281
1.5810744762420654,862490
1.5940747261047363,861641
1.6470770835876465,852487
1.798086404800415,852448
1.926095724105835,848714
2.0911061763763428,848540
2.126107931137085,847293
2.1701085567474365,847093
3.0371782779693604,846323
3.115163564682007,846256
3.1711862087249756,845062
3.420200824737549,844901
3.691216230392456,842465
3.8142266273498535,841403
4.1742448806762695,840946
4.23024845123291,840729
4.317235708236694,836794
4.328255653381348,836755
4.337255001068115,835427
5.424298524856567,834939
5.721334934234619,834374
5.801339149475098,833595
5.810340881347656,833378
9.949565649032593,833299
17.007976055145264,832632
17.034977197647095,832592
18.251078605651855,826745
19.87514328956604,825879
40.37334489822388,822606
40.860390186309814,820995
46.851749658584595,820995
