0.003286123275756836,5151238
0.006719112396240234,5104345
0.013822317123413086,5097162
0.0164182186126709,5048446
0.01958608627319336,5046609
0.026174306869506836,4954043
0.03197431564331055,4903160
0.039684295654296875,4871924
0.04780006408691406,4844187
0.051023244857788086,4827473
0.05483531951904297,4814614
0.06182241439819336,4802949
0.07442212104797363,4802766
0.08924436569213867,4772901
0.09602522850036621,4772531
0.09891629219055176,4704265
0.10256624221801758,4696459
0.10526323318481445,4568728
0.11005640029907227,4561453
0.1150972843170166,4492001
0.11980414390563965,4469704
0.1262052059173584,4435801
0.1291823387145996,4432426
0.13342618942260742,4390075
0.14993929862976074,4340706
0.15396404266357422,4320386
0.16772723197937012,4241696
0.18015432357788086,4185227
0.20298123359680176,4180982
0.22100019454956055,4172068
0.22373604774475098,4165621
0.22950315475463867,4113545
0.23212909698486328,4088096
0.2346031665802002,4027991
0.25238728523254395,4025758
0.2719533443450928,3954616
0.28345608711242676,3928598
0.28602027893066406,3884426
0.2910752296447754,3877138
0.3016970157623291,3852508
0.30423617362976074,3844992
0.3145182132720947,3741553
0.320249080657959,3727212
0.3227043151855469,3639986
0.3254222869873047,3622841
0.3290092945098877,3467761
0.3461172580718994,3465103
0.3494391441345215,3454882
0.4325382709503174,3454880
0.4383113384246826,3434073
0.4458191394805908,3401371
0.4513742923736572,3389982
0.4619603157043457,3369074
0.47431135177612305,3354513
0.47722434997558594,3345322
0.48502612113952637,3339408
0.4872112274169922,3288658
0.6178140640258789,3277568
0.646430253982544,3267788
0.648719310760498,3245541
0.6558442115783691,3238562
0.6611981391906738,3191157
0.7070491313934326,3190976
0.7099993228912354,3177326
0.9759130477905273,3176700
0.9790012836456299,3142634
1.1398952007293701,3137945
1.147369146347046,3134821
1.1532821655273438,3129625
1.8294661045074463,3127037
1.8345122337341309,3121191
2.046520233154297,3119614
2.3782081604003906,3117812
2.380341053009033,3107066
2.84491229057312,3098588
2.847337007522583,3091997
2.849640369415283,3085917
2.8519351482391357,3084960
2.8765933513641357,3081769
2.8822171688079834,3077391
3.0400421619415283,3071302
3.0451321601867676,3053616
3.105372190475464,3038800
3.110812187194824,2991991
3.130664348602295,2985844
3.2257142066955566,2979821
3.265444278717041,2957043
3.2708652019500732,2928560
3.2778332233428955,2917293
3.2800021171569824,2842341
3.2918972969055176,2836216
3.2985212802886963,2782935
3.303436040878296,2748871
3.306847095489502,2729898
3.321087121963501,2650125
3.34378719329834,2648432
3.455716133117676,2606384
3.5340490341186523,2604981
3.6155283451080322,2579927
3.7006993293762207,2560768
4.032520294189453,2555095
4.036853075027466,2539586
4.0412681102752686,2506964
4.082423210144043,2503113
4.084741115570068,2502772
4.087175369262695,2494173
4.2293970584869385,2492137
4.284358263015747,2485365
4.286697149276733,2463271
4.432689189910889,2462169
4.434826135635376,2454351
4.796858310699463,2454004
4.881308317184448,2451342
4.974302291870117,2450452
4.978924036026001,2421898
5.046642303466797,2415488
5.048946380615234,2399365
5.051079273223877,2394775
5.053356170654297,2388359
5.140360355377197,2376971
5.151439189910889,2376556
5.184723377227783,2372856
5.187010049819946,2355411
5.196091175079346,2308760
5.203123331069946,2288134
5.205327272415161,2284819
5.207474231719971,2249042
5.216349363327026,2248007
5.309101104736328,2231127
5.318248271942139,2210142
5.322792291641235,2197617
5.381270170211792,2169071
5.4758522510528564,2135997
5.6301093101501465,2133789
5.880516290664673,2124893
6.052453279495239,2089124
6.326938152313232,2088149
6.331512212753296,2085836
6.333653211593628,2073486
6.343126058578491,2065495
6.461013078689575,2052305
6.658509254455566,2040719
6.663470268249512,2036685
6.672727108001709,1977768
6.679384231567383,1971643
6.818451404571533,1966839
6.820685148239136,1940445
7.012080192565918,1928626
7.032100200653076,1922525
7.035902976989746,1899345
7.09548807144165,1889794
7.130119323730469,1861354
7.137377023696899,1835615
7.144153118133545,1799685
7.146751165390015,1776931
7.149054288864136,1767241
7.151220083236694,1700415
7.165414333343506,1696150
7.167551040649414,1689012
7.169663190841675,1629671
7.239673137664795,1624674
7.242037057876587,1597979
7.402614116668701,1595650
7.404817342758179,1584625
7.476693153381348,1583005
7.84309720993042,1582832
7.847604990005493,1559555
8.638781309127808,1550437
8.643283367156982,1493757
8.959604978561401,1491851
8.969072341918945,1487169
8.971339225769043,1463214
9.01876711845398,1462427
9.020914316177368,1443724
9.08707308769226,1433966
9.139275074005127,1402915
9.776096105575562,1340855
9.88284707069397,1332142
9.98931097984314,1331242
10.355693101882935,1324745
10.586467266082764,1313469
10.780968189239502,1292894
10.796871185302734,1291814
10.854358196258545,1275954
11.271772146224976,1266684
11.282090187072754,1261438
11.34493112564087,1256375
11.417490243911743,1254057
11.47277021408081,1229838
11.54226303100586,1225676
11.556762218475342,1222795
11.614043235778809,1220060
12.079443216323853,1216043
12.102147102355957,1210964
12.122770309448242,1198632
12.125096321105957,1194153
12.127332210540771,1184164
12.129651308059692,1176469
12.136438131332397,1165485
12.171478033065796,1164390
12.178419351577759,1149367
12.373293161392212,1142600
12.381081104278564,1137872
12.555935144424438,1103023
12.605744123458862,1101335
14.840737104415894,1099919
15.01357126235962,1094204
16.379862070083618,1093020
17.448521375656128,1092890
17.46512007713318,1085817
18.599075078964233,1080996
18.984922170639038,1071174
20.00666117668152,1068264
20.375017166137695,1066627
20.532726049423218,1066114
21.72075319290161,1055669
22.171845197677612,1047588
23.554768323898315,1026757
23.680361032485962,1025760
23.80633807182312,1025355
23.819071054458618,1024477
23.822367191314697,1015805
24.131291151046753,1015789
24.13657236099243,1010585
24.296643257141113,1008420
24.43839120864868,1001808
25.167879343032837,996634
25.258836030960083,987448
26.674625158309937,987231
27.14180040359497,986435
27.67118525505066,984897
27.708946228027344,981494
28.223742961883545,977703
28.700677156448364,976313
28.739296197891235,967099
33.894739389419556,957469
38.58204436302185,953003
40.02077913284302,951976
46.95850133895874,951937
62.32661199569702,948624
188.1877202987671,944960
198.339280128479,944917
207.60914826393127,939963
209.84974431991577,939924
211.1826491355896,937218
310.97665524482727,935180
310.9822721481323,928611
312.94226717948914,926720
314.14386105537415,925791
314.5161871910095,908216
320.0190362930298,908176
322.5151402950287,906848
327.5717062950134,906452
