0.012999534606933594,925810
0.013999462127685547,922419
0.017002344131469727,904171
0.019000768661499023,900356
0.04900050163269043,893267
0.07900190353393555,889511
0.20500993728637695,886543
0.21303653717041016,885433
0.22203683853149414,883109
0.749060869216919,882499
0.7640643119812012,882418
0.837069034576416,878031
0.8430788516998291,872722
0.9180629253387451,872288
1.0180766582489014,871941
1.1000638008117676,871537
1.4500823020935059,871280
1.4500823020935059,870737
1.462083101272583,868876
1.4970884323120117,867939
2.248152017593384,865629
2.2911550998687744,865434
2.9471726417541504,865345
2.9561727046966553,865264
2.998194694519043,862998
3.001194715499878,860736
4.852300643920898,859151
48.028806924819946,859151
