3.7722206115722656,1060840
3.795220375061035,1055259
3.803220272064209,1054684
3.8362226486206055,1042728
3.8482232093811035,1038498
3.8562235832214355,1033686
3.8562235832214355,1031681
3.9302282333374023,1030844
3.9532291889190674,1011482
3.9612298011779785,999015
3.963230848312378,998664
3.998234987258911,997647
4.114238739013672,992672
4.125239849090576,984001
4.128239393234253,978031
4.1342408657073975,976560
4.135239601135254,974629
4.171241998672485,974105
4.179245948791504,970137
4.2112462520599365,968869
4.285250663757324,958258
4.315251111984253,956972
4.334251642227173,953369
4.335252046585083,953287
4.357253551483154,950096
4.3762571811676025,949207
4.399255275726318,948907
4.411255836486816,947676
4.498262405395508,941792
5.35731315612793,940616
5.360313892364502,939321
5.378310918807983,939104
5.381312847137451,933578
5.385313510894775,930741
5.4193150997161865,930359
5.4383180141448975,928262
5.492321252822876,923522
5.539322137832642,922197
5.540322303771973,919021
5.5573225021362305,916663
5.6383280754089355,916326
5.746335744857788,915273
5.859312534332275,914911
5.871341943740845,899279
5.955348014831543,885165
6.037352800369263,880761
6.2083635330200195,880703
6.217363595962524,879741
6.233364820480347,878043
6.752392053604126,876929
6.777393817901611,875846
6.7933948040008545,875276
6.866399526596069,872567
6.872399091720581,871603
6.904401779174805,870903
6.967407464981079,870011
7.7694525718688965,868549
7.878459215164185,863411
7.929461240768433,862858
8.34848666191101,859316
8.652503490447998,857955
8.804514169692993,857916
8.835514783859253,857571
8.884517192840576,856733
8.980523347854614,855999
9.25853943824768,855749
9.29854154586792,853594
10.931639671325684,848307
11.321661949157715,846867
11.330660581588745,845256
11.39466643333435,844647
11.568675756454468,843724
11.608678817749023,843538
11.766685962677002,842985
11.88869571685791,841053
12.148711681365967,838308
12.508731603622437,830627
12.550731182098389,829688
12.563732147216797,827961
12.797746658325195,827604
12.798746585845947,826997
12.911755561828613,826097
12.991759777069092,825293
13.09476351737976,823477
13.132766246795654,821777
13.252773523330688,820583
13.2607741355896,819974
13.899810791015625,819718
14.076821088790894,819678
