0.02700042724609375,978359
0.07100439071655273,973291
0.07900357246398926,961631
0.08800363540649414,953050
0.09900379180908203,946607
0.13300561904907227,929860
0.1390056610107422,909806
0.14500689506530762,909686
0.18700861930847168,908881
0.21001076698303223,899548
0.23701238632202148,895530
0.28601741790771484,890213
0.4950277805328369,889323
0.5290288925170898,889029
0.5820541381835938,888089
0.6620573997497559,887462
0.710059642791748,887423
0.7880637645721436,887142
0.8920724391937256,886835
0.9380753040313721,886635
0.9450559616088867,886595
1.1540849208831787,886563
1.303093671798706,886483
1.3330769538879395,885408
1.3430955410003662,884740
1.6791348457336426,884198
6.507379531860352,884097
6.827416658401489,883881
6.953426361083984,883681
7.4304518699646,883636
7.492438554763794,882798
7.506437301635742,882759
7.510437965393066,882725
10.503641605377197,882285
11.329662084579468,880130
48.39485049247742,880130
