0.021019458770751953,1001761
0.0280001163482666,1001152
0.03602027893066406,1000733
0.05002188682556152,1000496
0.05702376365661621,999603
0.07402253150939941,994924
0.08902359008789062,993318
0.0920255184173584,992532
0.15102767944335938,991080
0.17603826522827148,970997
0.17904019355773926,959452
0.18602943420410156,958610
0.19002938270568848,957294
0.1980137825012207,943077
0.2270359992980957,942467
0.23603343963623047,922285
0.32804131507873535,917057
0.33004021644592285,914814
0.3390190601348877,914268
0.3460409641265869,910630
0.35404062271118164,910295
0.35404062271118164,908201
0.35603904724121094,902675
0.40404200553894043,896038
0.4050419330596924,894107
0.4220421314239502,892328
0.4750478267669678,891882
0.7030577659606934,891814
0.7100608348846436,891276
0.7500514984130859,890647
0.7530629634857178,886049
0.8040633201599121,883279
0.8380656242370605,882432
0.8870689868927002,881495
0.946073055267334,879829
0.9540729522705078,876408
0.980079174041748,875155
1.0020747184753418,873353
1.004077672958374,872165
1.0090770721435547,872045
1.035059928894043,871642
1.0420794486999512,871520
1.0480797290802002,870673
1.1150636672973633,869185
1.5631093978881836,863286
1.5761103630065918,862310
1.5811119079589844,862270
2.265133857727051,861533
2.265133857727051,859047
2.337137460708618,859034
2.400158643722534,858953
2.4061825275421143,858115
2.4091405868530273,856881
2.5171749591827393,855235
2.5361692905426025,855120
2.6691761016845703,853304
3.5582282543182373,853237
3.5672268867492676,853077
4.372257232666016,852885
4.384256839752197,851946
4.4772796630859375,851550
4.746295213699341,851510
8.384491443634033,850720
8.580522298812866,850111
8.582520008087158,849894
9.579561471939087,849779
12.444746017456055,849740
46.09003400802612,849740
