3.431225538253784,1055663
3.4442286491394043,1055378
3.4452285766601562,1043993
3.4482266902923584,1036353
3.4662275314331055,1029596
3.4852283000946045,1023691
3.5502355098724365,1021894
3.5532331466674805,1017789
3.561234951019287,1017387
3.5632336139678955,1017039
3.5802347660064697,1012702
3.58723521232605,1002781
3.619239091873169,992714
3.628237247467041,991547
3.64024019241333,991058
3.650240421295166,987712
3.652238607406616,984800
3.732243776321411,974581
3.7732484340667725,971841
3.7762463092803955,968437
3.7962491512298584,967420
4.276277780532837,966669
4.281275987625122,966478
4.296276807785034,964069
4.3122780323028564,963822
4.329280614852905,961049
4.3402791023254395,958450
4.36228084564209,957670
4.432284832000732,957317
4.451286315917969,954304
4.473287343978882,945839
4.489289045333862,944462
4.490288019180298,940388
4.799307823181152,933790
4.8303093910217285,931070
4.846309661865234,928260
5.4283447265625,926615
5.448345899581909,926602
5.477345705032349,922728
5.581353664398193,918803
5.602353572845459,917616
5.620354413986206,916227
5.6593568325042725,915211
5.668356657028198,912887
5.671358108520508,911868
6.005378484725952,902693
6.0193772315979,901304
6.021377325057983,899026
6.036379337310791,896586
6.039379835128784,896544
6.092383623123169,896013
6.098381996154785,893108
6.125383615493774,889879
6.190389633178711,888046
6.214390754699707,881232
6.30839467048645,878678
6.38140082359314,874500
6.389399290084839,873089
6.584410667419434,867228
6.615412473678589,866842
6.628414630889893,866380
6.633413314819336,865278
6.657416582107544,864544
12.755773544311523,864496
12.940782308578491,863852
21.629290342330933,862775
21.884305000305176,862736
22.315332651138306,862260
24.47345733642578,862220
29.7407648563385,860719
29.772766828536987,859391
29.93177580833435,857556
30.30779790878296,857516
33.71599769592285,857036
33.794002056121826,855380
33.99100708961487,855299
35.52310490608215,855259
36.017133712768555,855054
36.77317786216736,854174
36.78217601776123,853960
39.047309160232544,853878
