0.0073621273040771484,5151238
0.012930154800415039,5104345
0.026720046997070312,5097162
0.035259246826171875,5048446
0.042661190032958984,5046609
0.05723309516906738,4954043
0.06451821327209473,4903160
0.07639217376708984,4871924
0.08884620666503906,4844187
0.09493517875671387,4827473
0.10106110572814941,4814614
0.11295723915100098,4802949
0.13857316970825195,4802766
0.16467022895812988,4772901
0.17995905876159668,4772531
0.18915605545043945,4704265
0.1948690414428711,4696459
0.20518112182617188,4568728
0.21240496635437012,4561453
0.2190871238708496,4492001
0.22572898864746094,4469704
0.23799920082092285,4435801
0.24499917030334473,4432426
0.25136518478393555,4390075
0.28305721282958984,4340706
0.2891960144042969,4320386
0.31477808952331543,4241696
0.34215617179870605,4185227
0.393402099609375,4180982
0.4326152801513672,4172068
0.436204195022583,4165621
0.4478609561920166,4113545
0.4540719985961914,4088096
0.45745110511779785,4027991
0.4910593032836914,4025758
0.5273871421813965,3954616
0.5421700477600098,3928598
0.5485870838165283,3884426
0.557915210723877,3877138
0.5778732299804688,3852508
0.5832631587982178,3844992
0.6024181842803955,3741553
0.6099581718444824,3727212
0.6132462024688721,3639986
0.6167910099029541,3622841
0.6198551654815674,3467761
0.6369950771331787,3465103
0.6430792808532715,3454882
0.8005781173706055,3454880
0.8069260120391846,3434073
0.810650110244751,3401371
0.816439151763916,3389982
0.8371171951293945,3369074
0.859529972076416,3354513
0.8650281429290771,3345322
0.8805370330810547,3339408
0.8867990970611572,3288658
1.1548430919647217,3277568
1.2144341468811035,3267788
1.2179083824157715,3245541
1.233720064163208,3238562
1.2423343658447266,3191157
1.3122990131378174,3190976
1.3304712772369385,3177326
1.70330810546875,3176700
1.7099761962890625,3142634
1.929164171218872,3137945
1.939441204071045,3134821
1.945129156112671,3129625
3.2001841068267822,3127037
3.2117743492126465,3121191
3.5566892623901367,3119614
4.168155193328857,3117812
4.172297954559326,3107066
4.822731018066406,3098588
4.825514316558838,3091997
4.828624248504639,3085917
4.831631183624268,3084960
4.871161222457886,3081769
4.877042293548584,3077391
5.067574977874756,3071302
5.073873281478882,3053616
5.143088102340698,3038800
5.149391174316406,2991991
5.175713062286377,2985844
5.318953275680542,2979821
5.383173227310181,2957043
5.3892741203308105,2928560
5.398542165756226,2917293
5.401305198669434,2842341
5.415547132492065,2836216
5.423935174942017,2782935
5.4300031661987305,2748871
5.432898044586182,2729898
5.451694011688232,2650125
5.483423948287964,2648432
5.629980087280273,2606384
5.731264114379883,2604981
5.832735300064087,2579927
5.934011220932007,2560768
6.353118181228638,2555095
6.35875129699707,2539586
6.36446213722229,2506964
6.406398296356201,2503113
6.409057140350342,2502772
6.411595106124878,2494173
6.5921361446380615,2492137
6.64735221862793,2485365
6.650444030761719,2463271
6.837456226348877,2462169
6.839936017990112,2454351
7.3069281578063965,2454004
7.4579010009765625,2451342
7.604708194732666,2450452
7.610711097717285,2421898
7.717777252197266,2415488
7.721211194992065,2399365
7.724154233932495,2394775
7.727280139923096,2388359
7.864469051361084,2376971
7.885502338409424,2376556
7.940606355667114,2372856
7.946970224380493,2355411
7.965742111206055,2308760
7.975589275360107,2288134
7.9789440631866455,2284819
7.9838032722473145,2249042
8.00343132019043,2248007
8.166465044021606,2231127
8.18959927558899,2210142
8.200631141662598,2197617
8.34829306602478,2169071
8.571197271347046,2135997
8.877691268920898,2133789
9.253562211990356,2124893
9.52733826637268,2089124
9.960208177566528,2088149
9.966387271881104,2085836
9.969289302825928,2073486
9.981679201126099,2065495
10.169763088226318,2052305
10.536307334899902,2040719
10.55183219909668,2036685
10.571861982345581,1977768
10.58516812324524,1971643
10.811476945877075,1966839
10.814586162567139,1940445
11.160386085510254,1928626
11.186448097229004,1922525
11.192116975784302,1899345
11.31706714630127,1889794
11.374659061431885,1861354
11.3878493309021,1835615
11.406413078308105,1799685
11.41021203994751,1776931
11.4171462059021,1767241
11.4205482006073,1700415
11.446524143218994,1696150
11.452815055847168,1689012
11.45702600479126,1629671
11.581159114837646,1624674
11.587360143661499,1597979
11.906269311904907,1595650
11.910243034362793,1584625
12.053112030029297,1583005
12.666842222213745,1582832
12.672498226165771,1559555
13.833091020584106,1550437
13.839105129241943,1493757
14.217524290084839,1491851
14.230324983596802,1487169
14.232877016067505,1463214
14.287700176239014,1462427
14.292991161346436,1443724
14.364090204238892,1433966
14.422988176345825,1402915
15.115841150283813,1340855
15.23574709892273,1332142
15.349056959152222,1331242
15.745392084121704,1324745
15.93437910079956,1313469
16.11328411102295,1292894
16.130171298980713,1291814
16.183889150619507,1275954
16.512293100357056,1266684
16.52295708656311,1261438
16.597090005874634,1256375
16.660933256149292,1254057
16.71785807609558,1229838
16.77746319770813,1225676
16.792282104492188,1222795
16.852992057800293,1220060
17.58923316001892,1216043
17.647539138793945,1210964
17.721864223480225,1198632
17.726853132247925,1194153
17.734050035476685,1184164
17.737192153930664,1176469
17.750283002853394,1165485
17.79985523223877,1164390
17.808704137802124,1149367
18.070040225982666,1142600
18.08073115348816,1137872
18.287917137145996,1103023
18.354262113571167,1101335
21.643573999404907,1099919
21.940016269683838,1094204
25.300624132156372,1093020
27.072319269180298,1092890
27.08836603164673,1085817
29.081884145736694,1080996
29.84888505935669,1071174
31.785181283950806,1068264
32.493964195251465,1066627
32.837356090545654,1066114
34.81537628173828,1055669
35.67882013320923,1047588
38.105069160461426,1026757
38.32915210723877,1025760
38.56230020523071,1025355
38.58029627799988,1024477
38.586827993392944,1015805
39.008753299713135,1015789
39.015215158462524,1010585
39.20884704589844,1008420
39.4110381603241,1001808
40.555607080459595,996634
40.75048017501831,987448
42.18601703643799,987231
42.684033155441284,986435
43.20671200752258,984897
43.25837206840515,981494
43.71028399467468,977703
44.21948003768921,976313
44.256134271621704,967099
52.13805317878723,957469
59.23605513572693,953003
60.734522104263306,951976
67.64338707923889,951937
84.30635523796082,948624
233.053542137146,946523
242.91602611541748,944672
245.52984499931335,943473
245.81700825691223,942222
247.70826697349548,941322
247.7831392288208,941105
271.2930669784546,941066
391.0871331691742,939162
391.5753262042999,938338
399.18151903152466,937942
404.45475816726685,934741
531.6365549564362,932879
531.7413241863251,930342
531.9291670322418,930157
531.9406220912933,929569
531.9517812728882,928692
549.3791742324829,926956
550.0514781475067,926739
551.1229071617126,921473
551.6313891410828,920446
551.6343710422516,918497
551.8845212459564,902128
552.8458931446075,895709
558.743250131607,887847
558.7731482982635,885815
