0.004970073699951172,9794401
0.010132074356079102,9753923
0.021285057067871094,9711377
0.04892897605895996,9661126
0.06271886825561523,9512006
0.08741092681884766,9471729
0.5485408306121826,9470327
0.5512950420379639,9185876
0.5831859111785889,9179092
0.7995619773864746,9140327
0.8079140186309814,8961794
0.8108861446380615,8918588
0.8152110576629639,8667921
0.822300910949707,8667427
0.8250391483306885,8566950
0.8477649688720703,8515290
0.8499009609222412,8359496
0.862598180770874,8269844
0.8684000968933105,8027940
0.8863890171051025,8013899
0.889503002166748,7942476
0.9017767906188965,7881592
0.9067897796630859,7833338
0.9288828372955322,7832289
0.9368360042572021,7622851
0.9477508068084717,7622436
0.9504289627075195,7597717
1.3459019660949707,7590130
1.3650081157684326,7578955
1.3707451820373535,7441079
1.380573034286499,7394814
1.3830139636993408,7269877
1.385371208190918,7269010
1.4057941436767578,7255747
1.4081599712371826,7093156
1.4346518516540527,7086701
1.4370338916778564,6959605
1.4776251316070557,6934724
1.480485200881958,6825311
1.4972281455993652,6770839
1.4994380474090576,6728705
1.543302059173584,6630196
1.5459058284759521,6619843
1.5649590492248535,6603044
1.5754740238189697,6599568
1.5902719497680664,6575858
1.6038610935211182,6566132
1.6075530052185059,6522056
1.6286840438842773,6477563
1.6399521827697754,6392849
1.6547410488128662,6385519
1.65989089012146,6270748
1.6720387935638428,6264288
1.7488791942596436,6146575
1.7641139030456543,6029723
1.7867419719696045,6009703
1.8135769367218018,5980254
1.8241100311279297,5915746
1.8762869834899902,5914351
2.0667200088500977,5834295
2.0752599239349365,5790654
2.0793910026550293,5744179
2.0818769931793213,5686066
2.084317922592163,5622422
2.0927600860595703,5609308
2.095676898956299,5545729
2.099905014038086,5532043
2.5187268257141113,5477889
3.0380990505218506,5458120
3.0433871746063232,5406489
3.0505149364471436,5389602
3.4523298740386963,5376418
3.457350969314575,5370520
3.468656063079834,5349881
3.596569061279297,5342312
3.60410213470459,5295248
3.6309261322021484,5284355
3.674130916595459,5243128
3.6786229610443115,5158605
3.69927716255188,5111666
3.70356822013855,5006169
4.442049026489258,5002522
4.453387975692749,4957287
4.458524942398071,4892848
4.463313817977905,4883803
4.468518972396851,4810269
4.497615098953247,4803440
4.500176191329956,4748608
4.772397041320801,4727430
4.779262065887451,4624469
4.827621221542358,4575102
4.8441081047058105,4570976
4.85772705078125,4570143
5.511889934539795,4561544
5.523407220840454,4460892
6.047445058822632,4445582
6.058274984359741,4424461
6.063527822494507,4378705
6.074235200881958,4269449
6.252094984054565,4239945
7.375062942504883,4225508
9.612534999847412,4206124
9.63343596458435,4202964
9.850355863571167,4194789
9.855003118515015,4174619
9.860494136810303,4127778
9.866984844207764,4113058
9.872076034545898,4072680
9.890065908432007,4072278
10.022819995880127,4059813
10.027806997299194,4001975
10.03966212272644,4000352
10.042776107788086,3860750
10.08696699142456,3859283
11.107508897781372,3849251
11.13290286064148,3833209
11.36284589767456,3821975
11.369243144989014,3778859
11.414492845535278,3772292
11.424333095550537,3678420
11.4618501663208,3673950
11.502618074417114,3666567
11.525774002075195,3665872
11.608920097351074,3660352
11.668238162994385,3657312
11.991199970245361,3657261
12.024693965911865,3655826
12.128128051757812,3655622
12.143149137496948,3650036
12.160293817520142,3645401
12.491233110427856,3644765
12.578159093856812,3642156
12.583322048187256,3637210
12.881314039230347,3636367
12.975668907165527,3634245
12.986002922058105,3606401
13.007153987884521,3605666
13.012372970581055,3604538
13.017422199249268,3603779
13.032982110977173,3603763
13.038437843322754,3599595
13.26251482963562,3597740
13.279545068740845,3591124
13.401973009109497,3590488
13.69338607788086,3587601
13.954859018325806,3577695
13.992362976074219,3576186
13.99575400352478,3526630
14.0259850025177,3524638
14.031280040740967,3523719
14.084125995635986,3522346
14.101554870605469,3502267
15.649002075195312,3498198
16.301116943359375,3495183
16.543716192245483,3485576
16.569917917251587,3482798
16.575205087661743,3452691
16.598634958267212,3448403
16.726320028305054,3441518
16.81985902786255,3441360
16.84315299987793,3439289
16.848577976226807,3437054
16.863670110702515,3435851
16.93562602996826,3431103
16.940369844436646,3429311
16.949168920516968,3429248
16.955483198165894,3426111
17.337440013885498,3423539
17.564279079437256,3422121
17.609001874923706,3422005
17.650671005249023,3421757
17.965392112731934,3421251
18.312371969223022,3419668
18.941404819488525,3402932
18.94704508781433,3401064
18.958269834518433,3400343
18.96381378173828,3399313
19.144307851791382,3399219
19.150096893310547,3394540
19.24187397956848,3384561
19.262458086013794,3384294
19.51754117012024,3328841
19.541332960128784,3315796
19.769776821136475,3314472
20.63865303993225,3312224
20.647260904312134,3286726
20.650146961212158,3282786
20.65443778038025,3245118
20.84727191925049,3243747
20.916075944900513,3243312
20.92272400856018,3132555
20.93035912513733,3117707
20.968239068984985,3106576
20.974134922027588,3092371
21.094256162643433,3086910
21.118151903152466,3080161
21.12193512916565,3054913
22.379901885986328,3040466
22.42478895187378,3013231
22.476401805877686,3005555
22.481818199157715,2980686
23.231600999832153,2974314
23.241437911987305,2972715
23.243932962417603,2951255
23.42520499229431,2931000
23.446141004562378,2927064
23.448665142059326,2907190
23.542224168777466,2905026
23.54473304748535,2895949
23.583226203918457,2894894
24.003175973892212,2894844
24.013226985931396,2877182
24.047962188720703,2875562
24.054966926574707,2861492
24.245532989501953,2860136
24.250695943832397,2857842
24.272123098373413,2857712
24.277236938476562,2827882
24.4323410987854,2826925
24.513760089874268,2823444
24.51620602607727,2797268
24.653356075286865,2794893
24.763023138046265,2736277
25.05276584625244,2722554
25.05784296989441,2687778
25.062800884246826,2650194
25.173147201538086,2625329
25.176688194274902,2564436
25.179661989212036,2545716
25.183778047561646,2492440
25.208805084228516,2485470
25.22818088531494,2476080
25.23071789741516,2409547
25.616096019744873,2367670
25.729567050933838,2365704
26.09262490272522,2364910
26.110594987869263,2308375
26.11307692527771,2221903
26.115890979766846,2120458
26.142132997512817,2094216
26.194730043411255,2088030
26.204960107803345,2085014
26.21390414237976,2064523
26.226925134658813,1970062
26.234095096588135,1961901
26.236448049545288,1946444
26.247931241989136,1933188
26.2596218585968,1920855
26.31487798690796,1919605
26.402374982833862,1917501
26.408097982406616,1916741
26.5262770652771,1902149
26.70028591156006,1881559
26.70781397819519,1845723
26.733392238616943,1788468
26.879171133041382,1782636
26.881616830825806,1767608
27.137360095977783,1760238
27.225516080856323,1756493
27.47467803955078,1733522
27.570544958114624,1731730
27.572919130325317,1714812
27.657860040664673,1706426
27.662726879119873,1705874
27.740247011184692,1617221
27.750355005264282,1612279
27.75520610809326,1611045
27.757785081863403,1609313
27.76022982597351,1603145
27.7733371257782,1590603
27.79755401611328,1582562
27.79991602897644,1575785
27.817211866378784,1575512
27.87979483604431,1566600
27.88734197616577,1565142
27.88981604576111,1558971
27.913527011871338,1552544
27.92885398864746,1552514
27.934060096740723,1545576
27.9491970539093,1544952
28.004549026489258,1544636
31.355944871902466,1543495
31.616711854934692,1495198
33.314337968826294,1478380
33.61135005950928,1477763
34.40106701850891,1477600
34.406522035598755,1471574
34.41709113121033,1464398
34.64509201049805,1464193
35.41287183761597,1463503
35.629152059555054,1463475
37.432289123535156,1462148
38.40713286399841,1459786
39.07899808883667,1459585
39.25513291358948,1458603
40.51786279678345,1454738
40.520678997039795,1454587
41.22650122642517,1451797
42.577290058135986,1448239
43.577248096466064,1446430
43.585411071777344,1446077
43.58840203285217,1444097
43.59354114532471,1440686
43.61247897148132,1368399
43.90006494522095,1357611
43.908766984939575,1327633
44.290757179260254,1327168
44.29589915275574,1320644
44.30372881889343,1320206
44.30638098716736,1297247
44.46199917793274,1295381
45.229326009750366,1294841
45.23287606239319,1293851
45.24690890312195,1292119
45.35595893859863,1290465
45.41719913482666,1289630
52.81122612953186,1289061
53.57344317436218,1289037
53.595925092697144,1288102
53.8227219581604,1288024
53.825292110443115,1286541
61.85070586204529,1284115
