0.1250014305114746,1234991
0.2031266689300537,1234390
0.2187504768371582,1233825
0.2343754768371582,1229074
0.2343754768371582,1228176
0.4882357120513916,1228078
0.517894983291626,1227885
0.6462581157684326,1225158
0.6821048259735107,1225118
0.6977298259735107,1224537
0.869605302810669,1221053
0.869605302810669,1215182
0.885230302810669,1214653
2.700021266937256,1211588
2.871896982192993,1211545
2.965639114379883,1210186
2.9812726974487305,1210095
3.039429187774658,1209619
3.2524335384368896,1207269
3.265434503555298,1206732
3.3234379291534424,1206652
3.3658230304718018,1206326
3.3748176097869873,1206256
3.389817714691162,1204290
3.4068191051483154,1202600
3.4158003330230713,1201570
3.503843069076538,1198418
3.547807455062866,1198345
3.5488264560699463,1197496
3.7218356132507324,1197291
3.7428388595581055,1197149
3.7738382816314697,1197056
3.7808401584625244,1196561
3.8138413429260254,1196156
4.124859094619751,1195779
5.144325494766235,1195774
5.465084791183472,1194551
5.483066082000732,1194330
5.590072154998779,1194229
5.6010730266571045,1193692
5.7020978927612305,1193673
10.472671270370483,1193185
10.502341270446777,1192709
10.542292833328247,1192644
11.289899110794067,1192642
11.891818761825562,1192380
11.954316854476929,1192170
12.016818046569824,1192028
14.75024676322937,1180491
15.237314701080322,1179204
15.410818576812744,1176414
20.1716365814209,1176388
20.265387296676636,1176337
20.456620454788208,1176272
54.04769587516785,1176272
