3.0071663856506348,1610634
3.009166717529297,1607866
3.012166976928711,1600693
3.0221760272979736,1597579
3.024174928665161,1596439
3.0271756649017334,1591132
3.0281760692596436,1587026
3.029175281524658,1581125
3.1821863651275635,1573786
3.1871840953826904,1569953
3.2101855278015137,1568487
3.2751801013946533,1556942
3.277169704437256,1556861
3.3321847915649414,1550401
3.3591692447662354,1546643
3.3681674003601074,1541406
3.3701672554016113,1540176
3.387188673019409,1537592
3.4251902103424072,1531710
3.427199602127075,1529154
3.5001754760742188,1526663
3.506175994873047,1525362
3.508176326751709,1524279
3.509180784225464,1520941
3.5151946544647217,1520779
3.516195058822632,1511200
3.5441982746124268,1508403
3.5541794300079346,1505392
3.5601980686187744,1504988
3.561197519302368,1504771
3.8912274837493896,1502528
3.902228593826294,1502037
3.9062280654907227,1498652
3.9182288646698,1491173
3.921231746673584,1484282
3.9222288131713867,1482561
3.9232289791107178,1482077
3.9332172870635986,1481307
3.9392249584198,1480736
3.942221164703369,1478978
3.9882352352142334,1473494
4.029235601425171,1464300
4.032235860824585,1448923
4.034235715866089,1448701
4.041234970092773,1439063
4.0662384033203125,1437276
4.067237615585327,1437193
4.102239608764648,1434733
4.124239444732666,1434452
4.130239725112915,1433594
4.13123893737793,1428743
4.13123893737793,1426830
4.133239269256592,1426399
4.299223184585571,1421386
4.301239728927612,1417980
4.302240610122681,1417661
4.30322265625,1416288
4.304242372512817,1412671
4.31224250793457,1412520
4.329243183135986,1405951
4.346244812011719,1402291
4.350254058837891,1394548
4.354254961013794,1394468
4.3572447299957275,1391982
4.489262580871582,1388258
4.499263048171997,1387744
4.511261940002441,1386549
4.522264242172241,1386197
4.531263113021851,1385391
4.5382654666900635,1384809
4.557264566421509,1384295
4.563264608383179,1383437
4.586267948150635,1383387
4.587267875671387,1380037
4.5922393798828125,1378138
4.595266819000244,1377755
4.603259086608887,1375058
4.663272142410278,1371492
4.81927227973938,1365968
4.828272104263306,1360872
4.828272104263306,1359915
4.992292165756226,1356718
5.265305519104004,1356249
5.270306587219238,1355651
5.304298639297485,1353643
5.306300163269043,1352837
5.328310012817383,1340766
5.39931583404541,1335717
5.4043169021606445,1334772
5.422316789627075,1334079
5.956338167190552,1330893
5.96533727645874,1329884
5.988349914550781,1329694
6.005351781845093,1329181
6.010351181030273,1326908
6.050354480743408,1326867
6.0993568897247314,1325243
6.125358819961548,1323943
6.289358615875244,1323913
6.300358533859253,1315314
6.302358865737915,1315172
6.314359426498413,1313047
6.319361925125122,1311267
6.37837290763855,1310049
6.398374319076538,1309530
6.439368724822998,1308338
6.469368934631348,1307856
6.4763710498809814,1305302
6.493377447128296,1304560
6.534379482269287,1301800
6.790386915206909,1301099
6.840390205383301,1300790
6.852400779724121,1292995
6.8643999099731445,1290074
8.651493310928345,1289172
9.333545446395874,1288702
9.333545446395874,1288103
9.415550470352173,1287985
9.420548915863037,1287003
10.277600526809692,1284972
10.317600965499878,1284417
10.441608190536499,1284101
10.62761902809143,1283849
14.137816905975342,1283322
14.166818141937256,1282694
14.285825490951538,1281836
15.618900775909424,1281697
16.172935724258423,1281630
18.40907621383667,1280540
18.45707678794861,1278200
19.826157093048096,1277666
19.880160808563232,1277030
20.922223329544067,1275791
20.932223796844482,1275581
21.026227235794067,1275373
21.04123067855835,1275030
