0.7608685493469238,9812537
0.7640712261199951,9813883
0.7660708427429199,9765409
0.768071174621582,9737709
0.768071174621582,9649328
0.7920727729797363,9613434
0.7940726280212402,9608251
5.161708116531372,9605681
9.093113899230957,9594952
9.093113899230957,9589769
43.424131631851196,9586933
43.439756870269775,9581750
52.74747633934021,9562802
52.78047800064087,9528198
52.78147792816162,9523015
53.041746377944946,9520224
182.7894594669342,9517822
291.0340759754181,9517363
381.61565375328064,9516762
381.88266038894653,9513971
408.3159713745117,9512153
