4.173245668411255,1429958
4.180244207382202,1426052
4.185244560241699,1423198
4.185244560241699,1422666
4.18624472618103,1422492
4.215246200561523,1421243
4.240247488021851,1416205
4.241247892379761,1415744
4.306251525878906,1414733
4.321252822875977,1411669
4.388258218765259,1410955
4.396256446838379,1408287
4.401256799697876,1407457
4.927288293838501,1402701
4.940288305282593,1402699
4.961289644241333,1402482
4.963289976119995,1400780
4.968290328979492,1400620
4.979291200637817,1398748
5.0332958698272705,1393861
5.037294387817383,1393053
5.102298974990845,1387740
5.201303958892822,1387320
5.209304332733154,1373239
5.406316041946411,1369668
5.413316488265991,1367239
5.420318841934204,1365444
5.423319101333618,1363553
5.4273200035095215,1362963
5.4533185958862305,1353335
5.457319259643555,1351649
5.464318513870239,1351411
5.4673216342926025,1344373
5.496321439743042,1342599
5.501321315765381,1342226
5.516321897506714,1342168
5.565327167510986,1341128
5.580325603485107,1339296
5.58232569694519,1339189
5.608327388763428,1338448
5.628328800201416,1337427
5.638329267501831,1337160
5.65132999420166,1333995
5.680333375930786,1333672
5.69233250617981,1331909
5.694333076477051,1330833
5.7083353996276855,1330310
5.714334726333618,1329967
5.778339624404907,1329721
5.867316246032715,1329538
5.974321603775024,1327793
6.393346071243286,1324044
6.394346237182617,1323711
6.5743567943573,1323179
6.623358964920044,1322618
6.664361476898193,1321589
6.664361476898193,1320990
6.677362442016602,1309714
7.1043877601623535,1308954
7.656419992446899,1308936
7.712423086166382,1308529
8.861490488052368,1308219
9.022499322891235,1308138
9.101504564285278,1308008
9.73254108428955,1308007
9.756542682647705,1307345
9.804545402526855,1306754
10.230570554733276,1306663
10.4105806350708,1305711
10.474584817886353,1304281
10.500585794448853,1304177
10.521586894989014,1303491
11.642680168151855,1302318
11.968699932098389,1301404
12.11570954322815,1301008
12.14670991897583,1300832
12.155710697174072,1300233
13.135767698287964,1300091
15.198888540267944,1299733
15.794898986816406,1299434
16.020937204360962,1298953
16.101941108703613,1298709
18.55308485031128,1298357
18.630091667175293,1298181
21.771272897720337,1297709
