3.674321174621582,1423330
3.689321517944336,1423255
3.69232177734375,1416688
3.768000841140747,1410712
3.8038480281829834,1403110
3.8194925785064697,1400801
3.8194925785064697,1398991
3.8660356998443604,1398907
3.8770363330841064,1398128
3.8770363330841064,1395822
3.8800365924835205,1394522
3.886019229888916,1391564
3.9100375175476074,1381068
3.917020320892334,1380941
3.9200198650360107,1373989
3.9250195026397705,1372919
3.931020975112915,1368043
4.119011163711548,1367761
4.120384454727173,1366285
4.154807806015015,1359593
4.159029960632324,1356929
4.1874518394470215,1354495
4.281230449676514,1352056
4.3781304359436035,1348597
4.403874158859253,1345799
4.403874158859253,1344888
4.436307907104492,1344479
4.451960325241089,1344060
4.48321008682251,1343986
4.517213582992554,1340227
4.5797412395477295,1339451
4.753557920455933,1337517
4.769183158874512,1336898
4.769183158874512,1334734
4.784808397293091,1334703
4.800433158874512,1334134
4.831684112548828,1331135
4.906782627105713,1309625
4.906782627105713,1309287
5.005650043487549,1306045
5.014670133590698,1303218
5.025670766830444,1302242
5.031670808792114,1299115
5.159528970718384,1298862
5.274374961853027,1295751
5.289999723434448,1295190
5.3985209465026855,1294537
5.467518091201782,1293764
5.491540431976318,1290455
5.510187387466431,1290153
5.510187387466431,1288975
5.510187387466431,1284533
5.863283634185791,1282949
5.867285966873169,1282507
5.959779262542725,1280677
6.938452243804932,1243050
6.974472761154175,1241410
6.977473735809326,1241319
7.014475345611572,1236728
7.087118148803711,1235749
7.087118148803711,1235658
7.102771043777466,1235325
7.134021520614624,1232125
7.160034656524658,1231998
7.165033578872681,1231500
7.1740241050720215,1231392
7.1740241050720215,1231219
7.251030206680298,1231041
7.3440375328063965,1230660
8.370290756225586,1230321
8.386307716369629,1229665
8.41630220413208,1228082
8.490301132202148,1227989
8.661317586898804,1222028
9.987375259399414,1221984
10.384397745132446,1221967
10.466422319412231,1219963
10.473422288894653,1219801
10.477422952651978,1219702
14.546085357666016,1218993
14.621090173721313,1218788
14.629088878631592,1218578
18.080902099609375,1218576
22.35219979286194,1218556
22.384207725524902,1218027
22.440213203430176,1217912
27.48627233505249,1217614
45.85581994056702,1217554
