5.905345439910889,1316985
5.967350721359253,1316908
5.9933507442474365,1314524
6.022351980209351,1314356
6.028354644775391,1312490
6.090357780456543,1310050
6.1123576164245605,1309367
6.174363136291504,1308191
6.30437159538269,1305435
6.35437273979187,1305293
6.3673741817474365,1303946
6.371371746063232,1301370
6.498379707336426,1297874
6.524381399154663,1297344
6.5613837242126465,1296858
6.614386320114136,1296227
6.621388673782349,1285961
6.631387710571289,1285618
7.119418621063232,1283945
7.120417833328247,1283057
7.212424039840698,1280193
7.5814433097839355,1278662
7.602446556091309,1278658
7.619447231292725,1277797
7.690448760986328,1277522
7.806458473205566,1277301
7.8074562549591064,1276443
7.81645655632019,1276368
7.825457572937012,1275571
7.855458974838257,1274876
8.10444712638855,1274663
8.234453678131104,1273830
8.238481760025024,1273210
8.363492488861084,1272725
8.460493803024292,1271965
9.295543670654297,1271824
9.302545547485352,1271106
9.306543827056885,1270940
9.444552183151245,1270904
9.458552598953247,1270742
9.468553304672241,1270726
9.592562675476074,1269740
9.675565719604492,1268732
10.438612461090088,1268680
10.445611000061035,1268602
10.464612007141113,1267536
10.479613304138184,1267461
11.662682056427002,1266798
11.685683965682983,1264932
12.232714414596558,1264898
12.758746147155762,1264499
24.319421529769897,1264364
30.162763595581055,1264286
30.258769273757935,1264079
35.745062589645386,1264028
