0.002708911895751953,9794401
0.007990121841430664,9753923
0.017718076705932617,9711377
0.042166948318481445,9661126
0.04874110221862793,9512006
0.0659031867980957,9471729
0.39571404457092285,9470327
0.40237903594970703,9185876
0.4688389301300049,9179092
0.703420877456665,9140327
0.7185380458831787,8961794
0.724635124206543,8918588
0.7332339286804199,8667921
0.7408130168914795,8667427
0.745460033416748,8566950
0.7837800979614258,8515290
0.7887749671936035,8359496
0.8147580623626709,8269844
0.8234009742736816,8027940
0.8514690399169922,8013899
0.8560261726379395,7942476
0.8789718151092529,7881592
0.8891720771789551,7833338
0.9236719608306885,7832289
0.93467116355896,7622851
0.9437780380249023,7622436
0.9462141990661621,7597717
1.6007637977600098,7590130
1.6286389827728271,7578955
1.637862205505371,7441079
1.6554758548736572,7394814
1.6578428745269775,7269877
1.6631410121917725,7269010
1.7019121646881104,7255747
1.7042438983917236,7093156
1.7508480548858643,7086701
1.755737066268921,6959605
1.8312599658966064,6934724
1.8361639976501465,6825311
1.8627851009368896,6770839
1.867933988571167,6728705
1.9196701049804688,6630196
1.925093173980713,6619843
1.9421420097351074,6603044
1.9484658241271973,6599568
1.9584519863128662,6575858
1.9803600311279297,6566132
1.9849128723144531,6522056
1.9989869594573975,6477563
2.0148301124572754,6392849
2.041769027709961,6385519
2.0517160892486572,6270748
2.0630898475646973,6264288
2.143744945526123,6146575
2.1563429832458496,6029723
2.1737558841705322,6009703
2.20906400680542,5980254
2.2164909839630127,5915746
2.259366989135742,5914351
2.4344918727874756,5834295
2.442934036254883,5790654
2.4472780227661133,5744179
2.452036142349243,5686066
2.4564480781555176,5622422
2.4677460193634033,5609308
2.471557140350342,5545729
2.47855806350708,5532043
2.640955924987793,5477889
2.8473410606384277,5458120
2.8503360748291016,5406489
2.8528449535369873,5389602
3.0338640213012695,5376418
3.0371861457824707,5370520
3.042609214782715,5349881
3.0930209159851074,5342312
3.0982069969177246,5295248
3.113684892654419,5284355
3.1430110931396484,5243128
3.146867036819458,5158605
3.161539077758789,5111666
3.16572904586792,5006169
3.6081531047821045,5002522
3.6216681003570557,4957287
3.6273889541625977,4892848
3.633173942565918,4883803
3.637465000152588,4810269
3.7023401260375977,4803440
3.7122960090637207,4748608
3.9027230739593506,4727430
3.906471014022827,4624469
3.943148136138916,4575102
3.9476511478424072,4570976
3.9569430351257324,4570143
4.425589084625244,4561544
4.42941689491272,4460892
5.371685028076172,4445582
5.399046897888184,4424461
5.405265808105469,4378705
5.427894115447998,4269449
5.761624097824097,4239945
6.792144060134888,4225508
9.269008874893188,4206124
9.305636167526245,4202964
9.608484029769897,4194789
9.613439083099365,4174619
9.618803977966309,4127778
9.62381100654602,4113058
9.628377199172974,4072680
9.64362382888794,4072278
9.771368026733398,4059813
9.77735185623169,4001975
9.785778999328613,4000352
9.79171109199524,3860750
9.836536169052124,3859283
10.937035083770752,3849251
10.963054180145264,3833209
11.273275136947632,3821975
11.27825403213501,3778859
11.318037033081055,3772292
11.324328899383545,3678420
11.360974073410034,3673950
11.40310287475586,3666567
11.425488948822021,3665872
11.504055976867676,3660352
11.567053079605103,3657312
11.933094263076782,3657261
11.989345073699951,3655826
12.156827211380005,3655622
12.181091070175171,3650036
12.201673030853271,3645401
12.694383144378662,3644765
12.797033071517944,3642156
12.803430080413818,3637210
13.158321142196655,3636367
13.272813081741333,3634245
13.283804893493652,3606401
13.310724020004272,3605666
13.317126989364624,3604538
13.322018146514893,3603779
13.342283964157104,3603763
13.346289157867432,3599595
13.639507055282593,3597740
13.6559579372406,3591124
13.801950931549072,3590488
14.150219917297363,3587601
14.496750116348267,3577695
14.542003870010376,3576186
14.54788613319397,3526630
14.587857961654663,3524638
14.593183040618896,3523719
14.652722835540771,3522346
14.668673038482666,3502267
16.292119026184082,3498198
16.95326590538025,3495183
17.177016019821167,3485576
17.203934907913208,3482798
17.210278034210205,3452691
17.236796855926514,3448403
17.391304969787598,3441518
17.487664222717285,3441360
17.509233236312866,3439289
17.519125938415527,3437054
17.538563013076782,3435851
17.640501022338867,3431103
17.647995948791504,3429311
17.652806997299194,3429248
17.65801191329956,3426111
18.09436011314392,3423539
18.39291000366211,3422121
18.455217123031616,3422005
18.510077953338623,3421757
18.953980922698975,3421251
19.387059926986694,3419668
20.229167222976685,3402932
20.240345001220703,3401064
20.257365942001343,3400343
20.262722969055176,3399313
20.529850006103516,3399219
20.54303216934204,3394540
20.674015998840332,3384561
20.710405111312866,3384294
21.092173099517822,3328841
21.132686138153076,3315796
21.48437190055847,3314472
22.224231004714966,3312224
22.236279010772705,3286726
22.242818117141724,3282786
22.249085903167725,3245118
22.4516179561615,3243747
22.54948616027832,3243312
22.56008505821228,3132555
22.56940793991089,3117707
22.61088514328003,3106576
22.616119146347046,3092371
22.775388956069946,3086910
22.809128999710083,3080161
22.81467294692993,3054913
24.108704090118408,3040466
24.183624029159546,3013231
24.249494075775146,3005555
24.26069188117981,2980686
25.410985946655273,2974314
25.42249298095703,2972715
25.42754101753235,2951255
25.67124104499817,2931000
25.702104091644287,2927064
25.70744299888611,2907190
25.849677085876465,2905026
25.855159997940063,2895949
25.90959596633911,2894894
26.669668197631836,2894844
26.686947107315063,2877182
26.73587393760681,2875562
26.746310234069824,2861492
26.99771499633789,2860136
27.009202003479004,2857842
27.03590202331543,2857712
27.041189193725586,2827882
27.263953924179077,2826925
27.450245141983032,2823444
27.455615043640137,2797268
27.769633054733276,2794893
28.006335020065308,2736277
28.322522163391113,2722554
28.328966856002808,2687778
28.333971977233887,2650194
28.499046802520752,2625329
28.505003929138184,2564436
28.52750301361084,2545716
28.53442406654358,2492440
28.59648895263672,2485470
28.62163805961609,2476080
28.63094401359558,2409547
29.40404510498047,2367670
29.613152027130127,2365704
30.195918083190918,2364910
30.21373701095581,2308375
30.21894097328186,2221903
30.22411012649536,2120458
30.281243801116943,2094216
30.36151695251465,2088030
30.383031129837036,2085014
30.40159583091736,2064523
30.432271003723145,1970062
30.449651956558228,1961901
30.453898906707764,1946444
30.469840049743652,1933188
30.485904932022095,1920855
30.58544111251831,1919605
30.74403190612793,1917501
30.755576133728027,1916741
30.90197205543518,1902149
31.322926998138428,1881559
31.336944103240967,1845723
31.3953959941864,1788468
31.63424515724182,1782636
31.63898801803589,1767608
31.843838930130005,1760238
31.92906403541565,1756493
32.143041133880615,1733522
32.261335134506226,1731730
32.265888929367065,1714812
32.41386604309082,1706426
32.42486906051636,1705874
32.56213998794556,1617221
32.58418107032776,1612279
32.59108090400696,1611045
32.59532904624939,1609313
32.598572969436646,1603145
32.62111806869507,1590603
32.657891035079956,1582562
32.66271901130676,1575785
32.68929314613342,1575512
32.79805016517639,1566600
32.81056785583496,1565142
32.814385175704956,1558971
32.85426306724548,1552544
32.88040590286255,1552514
32.89017295837402,1545576
32.92152118682861,1544952
33.005956172943115,1544636
37.499842166900635,1543495
37.88876485824585,1495198
39.84782791137695,1478380
40.22748017311096,1477763
41.36288785934448,1477600
41.368223905563354,1471574
41.38153696060181,1464398
41.732141971588135,1464193
42.84265112876892,1463503
43.21564316749573,1463475
46.13372015953064,1462148
47.710943937301636,1459786
49.05212903022766,1459585
49.3146870136261,1458603
51.1573600769043,1454738
51.163034200668335,1454587
52.36635112762451,1451797
54.582016944885254,1448239
55.8985641002655,1446430
55.90933704376221,1446077
55.913172006607056,1444097
55.91914486885071,1440686
55.94294309616089,1368399
56.307612895965576,1357611
56.32372713088989,1327633
56.82356405258179,1327168
56.830363035202026,1320644
56.8410120010376,1320206
56.846806049346924,1297247
57.059566020965576,1295381
58.041916847229004,1294841
58.04447102546692,1293851
58.06186103820801,1292119
58.2179319858551,1290465
58.31110095977783,1289630
68.74580502510071,1289061
69.80213189125061,1289037
69.83403897285461,1288102
70.21594500541687,1288024
70.22177410125732,1286541
81.5869791507721,1284115
223.96263694763184,1262468
224.2005491256714,1261869
231.21700406074524,1258004
233.36838507652283,1257392
233.90298223495483,1256861
233.9179048538208,1256519
234.5307900905609,1256031
234.8130931854248,1255533
242.30632090568542,1244830
258.8183228969574,1243506
267.0459089279175,1242504
