7.240451097488403,1242604
7.279452800750732,1242561
7.297455310821533,1239573
8.749510765075684,1239077
9.253540515899658,1238432
9.27454137802124,1237254
9.317544221878052,1237185
9.360547065734863,1236087
9.380547761917114,1235698
9.41154956817627,1235300
9.78257131576538,1233490
9.996584177017212,1233231
10.239598274230957,1232340
10.347604751586914,1230741
10.394607305526733,1230232
10.96764063835144,1229618
12.333720445632935,1229543
12.727743864059448,1229124
13.06579041481018,1228784
13.083791971206665,1228761
13.232800722122192,1228553
14.864896774291992,1228124
25.25950598716736,1228050
25.271504640579224,1227919
