0.01563715934753418,1380912
0.01563715934753418,1375576
0.046854496002197266,1374586
0.046854496002197266,1374445
0.06250834465026855,1371506
0.09375977516174316,1369755
0.09375977516174316,1369729
0.10938405990600586,1369707
0.10938405990600586,1367225
0.140625,1367222
0.140625,1362814
0.140625,1362777
0.15625977516174316,1362258
0.15625977516174316,1323943
0.18750953674316406,1323552
0.18750953674316406,1314273
0.23438310623168945,1313832
0.23438310623168945,1313595
0.26563525199890137,1309927
0.28125977516174316,1309800
0.28125977516174316,1309613
0.29688501358032227,1309266
0.35938549041748047,1285488
0.39063525199890137,1278299
0.406231164932251,1278001
0.43751072883605957,1272927
0.43751072883605957,1271458
0.43751072883605957,1270796
0.4687662124633789,1261953
0.5988478660583496,1261675
0.6144990921020508,1261142
0.6144990921020508,1258043
0.6727712154388428,1257759
0.68839430809021,1257416
0.7352700233459473,1257119
0.7543087005615234,1226806
0.7543087005615234,1225152
0.7867257595062256,1224317
0.9721188545227051,1222810
1.0971179008483887,1222766
1.0971179008483887,1222700
1.1283669471740723,1222502
1.143993854522705,1222084
1.159630537033081,1210169
1.159630537033081,1210059
1.159630537033081,1184456
1.1752448081970215,1184268
1.1752448081970215,1184192
2.9236159324645996,1183677
2.970491647720337,1183567
3.193963050842285,1183336
3.2252113819122314,1182287
3.9714183807373047,1181854
4.319981098175049,1181800
4.460606098175049,1181447
5.220524072647095,1181322
5.345525026321411,1181302
5.345525026321411,1180863
5.810627460479736,1179876
5.837383985519409,1178654
5.853007555007935,1178512
5.853007555007935,1177960
5.899882555007935,1177705
5.993633031845093,1176814
6.095784902572632,1176672
6.923288822174072,1176436
11.938791751861572,1176356
23.190091371536255,1176151
51.30634140968323,1176151
