0.015623331069946289,1351429
0.031239748001098633,1347994
0.0468747615814209,1347106
0.09533429145812988,1332564
0.14220929145812988,1327773
0.14220929145812988,1325807
0.14220929145812988,1323826
0.15783452987670898,1323589
0.29542994499206543,1321022
0.29542994499206543,1320900
0.31105494499206543,1310750
0.32667970657348633,1303776
0.32667970657348633,1303748
0.34230589866638184,1301580
0.35792994499206543,1292632
0.3896932601928711,1290062
0.3916933536529541,1289741
0.40085721015930176,1289316
0.41651034355163574,1288472
0.41651034355163574,1287294
0.47900986671447754,1261851
0.49463510513305664,1261670
0.5102601051330566,1261605
0.5415101051330566,1261386
0.6040105819702148,1261287
0.6196353435516357,1259790
0.6196353435516357,1259687
0.6352605819702148,1255933
0.6352605819702148,1254682
0.6508853435516357,1251458
0.6665098667144775,1249655
0.6665098667144775,1249484
0.6833293437957764,1242758
0.701329231262207,1242724
0.8521559238433838,1242066
0.8677797317504883,1236715
0.8834054470062256,1236203
1.2173209190368652,1236022
1.2173209190368652,1234479
1.2329461574554443,1234187
1.2485713958740234,1233580
1.5766971111297607,1200588
1.654822826385498,1197822
1.654822826385498,1197346
1.7641980648040771,1195934
1.7954480648040771,1195236
1.8110737800598145,1195200
1.8110737800598145,1194264
1.8423206806182861,1193428
1.998572826385498,1190354
2.0363314151763916,1187922
2.1076416969299316,1187087
2.1097030639648438,1186844
2.1097030639648438,1186477
2.1097030639648438,1185905
2.12532901763916,1185840
2.3954720497131348,1185613
2.411095380783081,1185217
2.4423460960388184,1185012
2.4735965728759766,1184246
3.835129499435425,1184224
4.811514377593994,1183234
4.811514377593994,1183169
4.811514377593994,1182105
4.827131986618042,1181630
4.920855283737183,1181109
4.998978614807129,1180650
5.014603614807129,1180440
5.37287163734436,1180298
5.388498306274414,1180156
5.4353742599487305,1180065
5.450998544692993,1179583
5.951000452041626,1178480
5.997875928878784,1178318
6.0678627490997314,1177766
6.126809120178223,1177628
8.64030647277832,1177557
8.7028067111969,1177491
8.827806949615479,1177329
9.32773756980896,1176983
9.390238046646118,1176587
9.437113046646118,1176377
19.256027936935425,1176353
24.234040021896362,1176211
51.42062854766846,1176211
