3.6173863410949707,1481596
3.630385398864746,1460032
3.634385824203491,1458625
3.634385824203491,1458549
3.634385824203491,1454123
3.6413846015930176,1453648
3.643388032913208,1445373
3.6443872451782227,1439266
3.6533682346343994,1434547
3.66438889503479,1432115
3.6683874130249023,1429185
3.6763691902160645,1426954
3.707390069961548,1426841
3.713392496109009,1421851
3.7163913249969482,1421071
3.7553741931915283,1419585
3.756373643875122,1419020
3.758373975753784,1416972
3.7854042053222656,1415185
3.88438081741333,1406539
3.8873817920684814,1396304
3.9103825092315674,1395453
3.9133827686309814,1395450
3.993387222290039,1394752
3.994386911392212,1392978
3.996387243270874,1392929
4.005387783050537,1387665
4.00738787651062,1384230
4.018388509750366,1383979
4.0383899211883545,1378718
4.0383899211883545,1377487
4.422590970993042,1374046
4.440572738647461,1373575
4.465593338012695,1370051
4.472593784332275,1368023
4.494595050811768,1365517
4.505596399307251,1365168
4.528595447540283,1364850
4.536595821380615,1348930
4.542579174041748,1347435
4.64658522605896,1304051
4.651613712310791,1289917
4.976624011993408,1289488
4.976624011993408,1288966
5.015606164932251,1288701
5.043607950210571,1287343
5.047608137130737,1287224
5.052608251571655,1286776
5.217618227005005,1280867
5.342625856399536,1280526
5.350626230239868,1279524
5.352625846862793,1278816
5.386630058288574,1277531
5.424630880355835,1275769
5.43963098526001,1275372
5.442630767822266,1274310
5.460632085800171,1272582
5.471633434295654,1271961
5.581653356552124,1268464
5.585659503936768,1267962
5.591659307479858,1266572
5.603659391403198,1266417
5.62466287612915,1264902
5.641662836074829,1264562
5.686664819717407,1262080
5.688665390014648,1261743
6.587717294692993,1261374
6.63270115852356,1260432
6.642722129821777,1259748
6.650702476501465,1258188
6.762726545333862,1258175
6.762726545333862,1258089
9.271517992019653,1258016
9.661556243896484,1257154
9.737562417984009,1256654
10.247592210769653,1255686
10.521608352661133,1254960
10.544609308242798,1253923
10.55461072921753,1253706
10.668617486953735,1253659
11.033440828323364,1253242
11.062467098236084,1253214
11.123460531234741,1252871
11.266471862792969,1252375
11.38045859336853,1251693
11.820125818252563,1250308
11.898250818252563,1250120
12.163806438446045,1249666
12.427822351455688,1249374
14.20018720626831,1249068
14.563106536865234,1248813
17.155837774276733,1248481
17.212926626205444,1247929
17.26786708831787,1247759
17.478790283203125,1247419
18.40522527694702,1247153
18.558233976364136,1246810
56.60731387138367,1245482
56.97476100921631,1243817
57.05765914916992,1243333
57.448092222213745,1243242
57.82358908653259,1243066
58.11431860923767,1243001
58.74797058105469,1242594
60.71422600746155,1242185
61.046149253845215,1242171
61.446282386779785,1242120
