3.601206064224243,1450153
3.601206064224243,1449991
3.6168313026428223,1447091
3.6168313026428223,1446301
3.6324563026428223,1443042
3.6324563026428223,1434931
3.6480813026428223,1401332
3.6637067794799805,1400748
3.6637067794799805,1394052
3.6637067794799805,1384639
3.7105815410614014,1380004
3.7574567794799805,1379267
3.7574567794799805,1377482
3.7730817794799805,1377278
3.7730817794799805,1363275
3.7887067794799805,1361205
3.997788906097412,1355330
3.997788906097412,1351458
3.997788906097412,1342999
4.529041290283203,1342136
4.591541290283203,1340547
4.607166290283203,1339778
4.607166290283203,1339221
4.9196672439575195,1338436
4.935292720794678,1334783
4.935292720794678,1331865
4.935292720794678,1328763
4.966542720794678,1325489
4.982167482376099,1323746
4.997792482376099,1323497
4.997792482376099,1322945
5.013417720794678,1319080
5.747795820236206,1317498
5.747795820236206,1316420
5.76341986656189,1315378
5.779045104980469,1313105
5.794670581817627,1312827
5.794670581817627,1310861
5.950920820236206,1309742
5.950920820236206,1309566
6.029046297073364,1305755
6.044671058654785,1305348
6.060295820236206,1303748
6.060295820236206,1302631
6.060295820236206,1302393
6.716485500335693,1299766
6.716485500335693,1299423
6.7321083545684814,1298799
6.7321083545684814,1298748
6.7321083545684814,1298683
6.872734069824219,1292680
7.170847177505493,1291811
7.202097177505493,1291744
7.202097177505493,1289488
7.250164031982422,1288469
7.281413316726685,1287649
7.453288555145264,1283418
7.515789270401001,1283324
7.515789270401001,1281755
7.562663793563843,1281376
7.562663793563843,1280302
7.578289270401001,1280160
7.718914270401001,1278428
7.73453950881958,1277827
8.000165224075317,1277644
8.000165224075317,1277170
8.047039985656738,1275058
8.062665462493896,1273537
11.593769311904907,1269657
11.767722606658936,1268446
23.64227557182312,1268392
23.861026287078857,1268327
24.623992919921875,1268315
26.32709813117981,1268185
27.088828086853027,1268114
30.95089030265808,1268023
31.294642210006714,1267972
