0.0033669471740722656,9794401
0.0074198246002197266,9753923
0.016447067260742188,9711377
0.036173105239868164,9661126
0.04163002967834473,9512006
0.058107852935791016,9471729
0.21846294403076172,9470327
0.22228193283081055,9185876
0.259706974029541,9179092
0.48932480812072754,9140327
0.5067238807678223,8961794
0.512786865234375,8918588
0.5189158916473389,8667921
0.5328190326690674,8667427
0.5399386882781982,8566950
0.5942018032073975,8515290
0.6094720363616943,8359496
0.6672587394714355,8269844
0.6736598014831543,8027940
0.7025589942932129,8013899
0.7075338363647461,7942476
0.7388050556182861,7881592
0.752943754196167,7833338
0.7850098609924316,7832289
0.7925310134887695,7622851
0.8031947612762451,7622436
0.8062427043914795,7597717
1.166137933731079,7590130
1.1858289241790771,7578955
1.1902410984039307,7441079
1.1997487545013428,7394814
1.201936960220337,7269877
1.2042460441589355,7269010
1.2250308990478516,7255747
1.2273857593536377,7093156
1.2525968551635742,7086701
1.2547976970672607,6959605
1.291322946548462,6934724
1.293510913848877,6825311
1.310528039932251,6770839
1.312870979309082,6728705
1.3475048542022705,6630196
1.349806785583496,6619843
1.3621599674224854,6603044
1.3668627738952637,6599568
1.373978853225708,6575858
1.3871569633483887,6566132
1.3894426822662354,6522056
1.4012129306793213,6477563
1.4128139019012451,6392849
1.4276049137115479,6385519
1.4331998825073242,6270748
1.4399480819702148,6264288
1.4856200218200684,6146575
1.4946448802947998,6029723
1.505964756011963,6009703
1.525547981262207,5980254
1.5304529666900635,5915746
1.5592520236968994,5914351
1.6726257801055908,5834295
1.6771118640899658,5790654
1.6794219017028809,5744179
1.6816518306732178,5686066
1.6838438510894775,5622422
1.6906068325042725,5609308
1.692807912826538,5545729
1.697598934173584,5532043
1.7969439029693604,5477889
1.916015863418579,5458120
1.9183580875396729,5406489
1.9208269119262695,5389602
2.0416808128356934,5376418
2.0443389415740967,5370520
2.0471386909484863,5349881
2.0809218883514404,5342312
2.0832719802856445,5295248
2.0924501419067383,5284355
2.1130471229553223,5243128
2.115478038787842,5158605
2.124783754348755,5111666
2.12719988822937,5006169
2.4328858852386475,5002522
2.4470510482788086,4957287
2.453183889389038,4892848
2.459656000137329,4883803
2.4625930786132812,4810269
2.4830520153045654,4803440
2.486970901489258,4748608
2.6027488708496094,4727430
2.6052539348602295,4624469
2.627574920654297,4575102
2.6300718784332275,4570976
2.6366209983825684,4570143
2.9327287673950195,4561544
2.9394068717956543,4460892
3.464097023010254,4445582
3.486609935760498,4424461
3.4925477504730225,4378705
3.503693103790283,4269449
3.6628060340881348,4239945
4.286844968795776,4225508
5.313859701156616,4206124
5.325216054916382,4202964
5.426531791687012,4194789
5.429040908813477,4174619
5.431527853012085,4127778
5.434082746505737,4113058
5.4365739822387695,4072680
5.444339990615845,4072278
5.527949810028076,4059813
5.530441999435425,4001975
5.535481929779053,4000352
5.5382678508758545,3860750
5.559448719024658,3859283
6.055657863616943,3849251
6.068575859069824,3833209
6.1690309047698975,3821975
6.171554803848267,3778859
6.189489841461182,3772292
6.191982746124268,3678420
6.205173969268799,3673950
6.224388837814331,3666567
6.2349958419799805,3665872
6.269383907318115,3660352
6.328060865402222,3657312
6.5308098793029785,3657261
6.55956506729126,3655826
6.631698846817017,3655622
6.6456520557403564,3650036
6.661715030670166,3645401
6.966134071350098,3644765
7.057650804519653,3642156
7.064758062362671,3637210
7.486160755157471,3636367
7.608247756958008,3634245
7.617283821105957,3606401
7.637186765670776,3605666
7.642282962799072,3604538
7.647742033004761,3603779
7.66365385055542,3603763
7.66867470741272,3599595
7.9236578941345215,3597740
7.936800003051758,3591124
8.029467821121216,3590488
8.240986824035645,3587601
8.449338912963867,3577695
8.479341745376587,3576186
8.48497986793518,3526630
8.518394947052002,3524638
8.521842956542969,3523719
8.568104028701782,3522346
8.582145929336548,3502267
9.623311758041382,3498198
10.072128057479858,3495183
10.211054801940918,3485576
10.227986812591553,3482798
10.230488777160645,3452691
10.252140045166016,3448403
10.352231979370117,3441518
10.43652892112732,3441360
10.452415943145752,3439289
10.45787787437439,3437054
10.472617864608765,3435851
10.534470796585083,3431103
10.538962841033936,3429311
10.5431387424469,3429248
10.54918098449707,3426111
10.913754940032959,3423539
11.108962059020996,3422121
11.145549774169922,3422005
11.1904137134552,3421757
11.551146030426025,3421251
11.842946767807007,3419668
12.428777933120728,3402932
12.440492868423462,3401064
12.454668998718262,3400343
12.459553956985474,3399313
12.623311758041382,3399219
12.630313873291016,3394540
12.707412004470825,3384561
12.733876943588257,3384294
13.00813889503479,3328841
13.052112817764282,3315796
13.404696702957153,3314472
14.120800018310547,3312224
14.130693912506104,3286726
14.134350776672363,3282786
14.13693904876709,3245118
14.322636127471924,3243747
14.425565004348755,3243312
14.435893058776855,3132555
14.446461915969849,3117707
14.496212005615234,3106576
14.503007888793945,3092371
14.728835821151733,3086910
14.76840877532959,3080161
14.774654865264893,3054913
15.858191967010498,3040466
15.918608903884888,3013231
15.974869966506958,3005555
15.980110883712769,2980686
16.977410793304443,2974314
16.987425088882446,2972715
16.995150804519653,2951255
17.26162886619568,2931000
17.282644033432007,2927064
17.286848068237305,2907190
17.418348789215088,2905026
17.423840045928955,2895949
17.473956823349,2894894
18.437222957611084,2894844
18.451786041259766,2877182
18.503262996673584,2875562
18.513983964920044,2861492
18.779311895370483,2860136
18.79670786857605,2857842
18.826989889144897,2857712
18.832239866256714,2827882
19.030804872512817,2826925
19.161021947860718,2823444
19.165474891662598,2797268
19.4191837310791,2794893
19.614651918411255,2736277
19.882917881011963,2722554
19.88652801513672,2687778
19.889081716537476,2650194
19.994566917419434,2625329
20.020975828170776,2564436
20.038613080978394,2545716
20.060088872909546,2492440
20.23969006538391,2485470
20.320090770721436,2476080
20.340489864349365,2409547
23.11905002593994,2367670
23.812800884246826,2365704
26.301528692245483,2364910
26.328837871551514,2308375
26.333202838897705,2221903
26.336623907089233,2120458
26.376140117645264,2094216
26.441645860671997,2088030
26.461028814315796,2085014
26.47258186340332,2064523
26.489168882369995,1970062
26.503533840179443,1961901
26.508468866348267,1946444
26.52248501777649,1933188
26.539057970046997,1920855
26.617461919784546,1919605
26.738816022872925,1917501
26.745900869369507,1916741
26.8743097782135,1902149
27.176751852035522,1881559
27.191898822784424,1845723
27.229630947113037,1788468
27.444212913513184,1782636
27.448933839797974,1767608
27.660311698913574,1760238
27.74783182144165,1756493
28.041412830352783,1733522
28.167733907699585,1731730
28.173024892807007,1714812
28.33205771446228,1706426
28.343127727508545,1705874
28.469144821166992,1617221
28.48803186416626,1612279
28.496927976608276,1611045
28.50213098526001,1609313
28.50694489479065,1603145
28.532810926437378,1590603
28.582058906555176,1582562
28.58647871017456,1575785
28.616487979888916,1575512
28.768662929534912,1566600
28.781606912612915,1565142
28.785435914993286,1558971
28.833200931549072,1552544
28.865307807922363,1552514
28.87572693824768,1545576
28.90292191505432,1544952
28.9929358959198,1544636
33.52395987510681,1543495
33.889893770217896,1495198
39.93039584159851,1478380
41.447226762771606,1477763
42.55545973777771,1477600
42.55876684188843,1471574
42.56942272186279,1464398
42.89718294143677,1464193
44.038256883621216,1463503
44.34354090690613,1463475
48.0922110080719,1462148
51.50571799278259,1459786
52.57014298439026,1459585
52.83409595489502,1458603
54.51686668395996,1454738
54.52142381668091,1454587
55.56543278694153,1451797
60.79147982597351,1448239
62.09545278549194,1446430
62.10452198982239,1446077
62.10707187652588,1444097
62.1154260635376,1440686
62.14947986602783,1368399
62.5113799571991,1357611
62.525593757629395,1327633
62.96085286140442,1327168
62.97166681289673,1320644
62.98877692222595,1320206
62.993902921676636,1297247
63.22511386871338,1295381
64.09556889533997,1294841
64.10058498382568,1293851
64.1185097694397,1292119
64.25606083869934,1290465
64.33187890052795,1289630
81.8073468208313,1289061
84.8124349117279,1289037
84.84221076965332,1288102
85.18587708473206,1288024
85.19027900695801,1286541
102.14646506309509,1284115
