0.016001224517822266,1242482
0.02200174331665039,1241877
0.02200174331665039,1241697
0.0630040168762207,1239213
0.07200455665588379,1234295
0.26801562309265137,1233834
0.28401637077331543,1232977
0.29001712799072266,1232866
0.2980172634124756,1232544
0.5260512828826904,1232364
0.534050703048706,1232111
0.8240761756896973,1230277
1.0620818138122559,1229266
1.094064474105835,1228751
1.105086326599121,1228541
1.1340856552124023,1227976
1.1470873355865479,1225582
1.2410733699798584,1224301
1.2570929527282715,1219127
2.022118330001831,1218243
2.0301191806793213,1216867
2.0411195755004883,1215490
2.0491201877593994,1211251
2.0821216106414795,1209471
2.0881218910217285,1209463
2.3911402225494385,1208384
2.430142402648926,1208327
3.385221242904663,1207915
3.3861989974975586,1207773
3.398228406906128,1204753
3.4302220344543457,1204418
3.448225498199463,1204113
3.483222723007202,1203598
3.7172470092773438,1203538
3.7522430419921875,1203322
3.7922415733337402,1202824
4.488284111022949,1201882
4.505286931991577,1201730
4.549286127090454,1201618
4.575268268585205,1200573
4.6142895221710205,1200522
4.63029408454895,1200519
4.666292905807495,1200318
4.710275650024414,1200162
5.416318416595459,1199203
5.416318416595459,1199061
5.44233775138855,1198320
6.1713783740997314,1198035
6.559405565261841,1197484
6.572402715682983,1197342
7.363454103469849,1196512
7.6424477100372314,1196417
9.704567909240723,1194162
10.429630279541016,1194002
10.444630146026611,1193767
10.449632406234741,1192907
10.540636539459229,1192702
10.846657752990723,1192495
12.625757694244385,1192413
13.552813291549683,1192349
13.615799188613892,1192346
16.096943855285645,1192295
16.600974082946777,1192230
17.67103338241577,1192139
19.429139614105225,1192088
41.36241936683655,1180551
42.51948690414429,1180177
42.70049786567688,1178022
42.777507066726685,1176332
55.245232343673706,1176332
