0.03900265693664551,1340041
0.0680243968963623,1339239
0.11701011657714844,1337643
0.11701011657714844,1337520
0.13100695610046387,1333711
0.1370084285736084,1333531
0.13900995254516602,1333211
0.1610107421875,1332638
0.19301080703735352,1331103
0.19701051712036133,1261968
0.23401260375976562,1257315
0.26604557037353516,1257028
0.28101634979248047,1255149
0.32301926612854004,1255101
0.3300197124481201,1254905
0.370023250579834,1254795
0.37902235984802246,1253248
0.4170238971710205,1252828
0.44002604484558105,1252074
0.44902658462524414,1251370
0.5500326156616211,1250026
0.5510320663452148,1249252
0.5670342445373535,1248851
0.5840358734130859,1247904
0.6460411548614502,1247661
0.6500406265258789,1247381
0.6650583744049072,1245927
0.6960601806640625,1244985
0.7500660419464111,1244089
1.0400819778442383,1243307
1.1870722770690918,1242000
1.1970703601837158,1240160
1.4091012477874756,1239335
1.4310870170593262,1238911
1.4961163997650146,1238604
1.6090929508209229,1237758
1.6341137886047363,1236068
1.635117530822754,1235755
1.635117530822754,1235550
1.6371150016784668,1234372
1.7781040668487549,1234080
1.7861335277557373,1233464
1.8401305675506592,1233406
1.8721282482147217,1232570
1.8981328010559082,1232407
1.8991327285766602,1232406
1.9891350269317627,1232204
2.0031371116638184,1232162
2.0301177501678467,1231872
2.0341196060180664,1231134
2.0361287593841553,1229627
2.0371382236480713,1228671
2.161128282546997,1228436
2.1761295795440674,1228358
2.443162202835083,1227331
2.4551613330841064,1227094
2.5851728916168213,1226485
2.587172746658325,1225795
5.082297325134277,1225472
5.176331996917725,1225302
5.250334978103638,1224564
5.264309406280518,1223276
5.333332300186157,1223145
5.381317853927612,1222608
6.087374210357666,1222377
6.171360969543457,1221560
6.313390731811523,1219698
13.757821559906006,1219662
14.11185336112976,1219463
14.191850662231445,1219460
14.337841272354126,1219458
14.642876625061035,1219253
18.197083711624146,1219239
19.3691508769989,1219188
55.78626465797424,1219188
