0.01000070571899414,1381980
0.015001296997070312,1365360
0.03800201416015625,1357993
0.04300212860107422,1353585
0.049002885818481445,1353005
0.07200384140014648,1340537
0.07500433921813965,1330173
0.08800411224365234,1329505
0.10500621795654297,1328990
0.12400698661804199,1328748
0.12700748443603516,1328743
0.17801380157470703,1322877
0.18703031539916992,1305919
0.1920309066772461,1277500
0.19903159141540527,1277113
0.21003365516662598,1276728
0.2130134105682373,1275955
0.28003454208374023,1265009
0.302018404006958,1263963
0.5910542011260986,1237214
0.5980358123779297,1237211
0.6080567836761475,1236288
0.656057596206665,1235153
0.6570625305175781,1234066
0.6680395603179932,1231894
0.6830615997314453,1231295
0.6840605735778809,1228506
0.6920623779296875,1228014
0.7160444259643555,1226161
0.7220714092254639,1226013
0.7250754833221436,1225562
0.9470558166503906,1194358
0.9740569591522217,1194021
1.0080592632293701,1191546
1.9671146869659424,1191337
1.9721159934997559,1188979
3.617231845855713,1188886
3.6412367820739746,1188051
3.643232583999634,1187904
3.6542348861694336,1187498
3.8052427768707275,1187347
3.8322441577911377,1186631
3.851245164871216,1186194
3.9592506885528564,1185078
3.9602506160736084,1184192
4.191266298294067,1183638
4.206265687942505,1181355
4.382265090942383,1181051
4.405277252197266,1180644
5.7453391551971436,1180190
6.567407846450806,1179871
7.103439807891846,1179719
7.119436264038086,1179167
7.878483772277832,1179100
7.889484405517578,1178034
7.891480445861816,1177983
8.005487442016602,1177794
8.225502729415894,1177755
8.26150631904602,1177579
8.453512907028198,1177372
8.459514141082764,1177257
8.855536222457886,1177041
8.946542739868164,1176809
14.0288405418396,1176759
14.319837808609009,1176718
15.156919479370117,1176653
15.159916162490845,1176418
15.363920450210571,1176211
52.954097032547,1176211
