0.0109710693359375,1424929
0.0109710693359375,1378426
0.012000799179077148,1373075
0.013000965118408203,1346854
0.01400136947631836,1333290
0.016000747680664062,1333060
0.030002117156982422,1329307
0.040973663330078125,1327414
0.05197286605834961,1276335
0.05499529838562012,1275858
0.10697627067565918,1275425
0.16697955131530762,1268287
0.19198346138000488,1267955
0.30600714683532715,1263922
0.34900951385498047,1255470
0.3550128936767578,1255290
0.36901307106018066,1255143
0.43001389503479004,1254665
0.43901491165161133,1252766
0.6100084781646729,1252591
0.6220252513885498,1252336
0.6510250568389893,1243882
0.7260339260101318,1239767
0.7270121574401855,1238540
0.8340184688568115,1236402
1.0300300121307373,1235704
1.0630347728729248,1234225
1.5350618362426758,1233330
1.5660614967346191,1233240
1.5770792961120605,1231980
1.647090196609497,1231331
1.9361011981964111,1230832
1.996088981628418,1230443
2.0671133995056152,1228680
2.109112024307251,1228589
2.154097557067871,1228521
2.164097309112549,1228346
2.1670994758605957,1227872
2.3971118927001953,1226934
3.4621739387512207,1226269
3.5141754150390625,1225905
3.5982015132904053,1225627
3.609182119369507,1224597
3.693185567855835,1222631
3.729189872741699,1222159
3.788191556930542,1222032
3.8281967639923096,1220892
3.857196569442749,1220782
3.858196496963501,1220376
3.8741984367370605,1219896
3.8811991214752197,1219831
7.137407302856445,1219663
7.383421182632446,1219508
7.383421182632446,1219443
7.383421182632446,1219392
7.509411096572876,1219236
7.524432182312012,1219100
7.539433479309082,1218265
7.5534117221832275,1217942
7.626416444778442,1217606
9.146505117416382,1217442
12.32169222831726,1217278
12.516702651977539,1215728
12.690713167190552,1215588
12.755735874176025,1215191
12.927725553512573,1176817
12.998729705810547,1176607
13.167741775512695,1176438
19.009100914001465,1176418
19.01810121536255,1176211
57.011303424835205,1176211
