0.006269931793212891,9794401
0.012440919876098633,9753923
0.023218870162963867,9711377
0.054123878479003906,9661126
0.060257911682128906,9512006
0.08102607727050781,9471729
0.3194310665130615,9470327
0.3251340389251709,9185876
0.3944728374481201,9179092
0.7043769359588623,9140327
0.7210578918457031,8961794
0.7257058620452881,8918588
0.7501859664916992,8667921
0.7602531909942627,8667427
0.7649719715118408,8566950
0.8046541213989258,8515290
0.8100888729095459,8359496
0.830474853515625,8269844
0.8358378410339355,8027940
0.856220006942749,8013899
0.8606729507446289,7942476
0.8815650939941406,7881592
0.8900809288024902,7833338
0.9263448715209961,7832289
0.9387249946594238,7622851
0.9535768032073975,7622436
0.9589550495147705,7597717
1.5036640167236328,7590130
1.5301191806793213,7578955
1.5398728847503662,7441079
1.5549030303955078,7394814
1.5572609901428223,7269877
1.5595910549163818,7269010
1.5954511165618896,7255747
1.6006159782409668,7093156
1.636998176574707,7086701
1.6409919261932373,6959605
1.7104430198669434,6934724
1.7155640125274658,6825311
1.738368034362793,6770839
1.740691900253296,6728705
1.7900619506835938,6630196
1.7952990531921387,6619843
1.8125591278076172,6603044
1.8181848526000977,6599568
1.82806396484375,6575858
1.8425309658050537,6566132
1.846113920211792,6522056
1.8692970275878906,6477563
1.8829619884490967,6392849
1.9111719131469727,6385519
1.9218029975891113,6270748
1.9333810806274414,6264288
2.0097341537475586,6146575
2.0217440128326416,6029723
2.036681890487671,6009703
2.068100929260254,5980254
2.0732290744781494,5915746
2.116363048553467,5914351
2.3081820011138916,5834295
2.3183391094207764,5790654
2.323276996612549,5744179
2.327911138534546,5686066
2.332498073577881,5622422
2.3431520462036133,5609308
2.345463991165161,5545729
2.3510520458221436,5532043
2.519293785095215,5477889
2.734440803527832,5458120
2.7379119396209717,5406489
2.7428038120269775,5389602
2.9188849925994873,5376418
2.9243218898773193,5370520
2.9295549392700195,5349881
2.9938480854034424,5342312
2.9967658519744873,5295248
3.0099539756774902,5284355
3.038182020187378,5243128
3.040510892868042,5158605
3.055712938308716,5111666
3.0580079555511475,5006169
3.593629837036133,5002522
3.614292860031128,4957287
3.619968891143799,4892848
3.6243607997894287,4883803
3.6274499893188477,4810269
3.664807081222534,4803440
3.668828010559082,4748608
3.8168838024139404,4727430
3.8224539756774902,4624469
3.854748010635376,4575102
3.857239007949829,4570976
3.8635261058807373,4570143
4.245718955993652,4561544
4.250994920730591,4460892
4.69267201423645,4445582
4.7042107582092285,4424461
4.709319114685059,4378705
4.719175100326538,4269449
4.864162921905518,4239945
5.643660068511963,4225508
7.569856882095337,4206124
7.592333078384399,4202964
7.78527307510376,4194789
7.790158987045288,4174619
7.7949748039245605,4127778
7.799261093139648,4113058
7.804573059082031,4072680
7.815941095352173,4072278
7.910130023956299,4059813
7.914196968078613,4001975
7.921383857727051,4000352
7.923970937728882,3860750
7.965184926986694,3859283
8.82656979560852,3849251
8.849832773208618,3833209
9.031963109970093,3821975
9.039618015289307,3778859
9.065572023391724,3772292
9.07007098197937,3678420
9.09627890586853,3673950
9.11618709564209,3666567
9.134051084518433,3665872
9.18826699256897,3660352
9.242194890975952,3657312
9.466701984405518,3657261
9.504476070404053,3655826
9.583218812942505,3655622
9.598209857940674,3650036
9.612226009368896,3645401
9.901058912277222,3644765
9.995254039764404,3642156
10.000445127487183,3637210
10.310869932174683,3636367
10.408719062805176,3634245
10.42100191116333,3606401
10.445350170135498,3605666
10.451367139816284,3604538
10.4550461769104,3603779
10.463104009628296,3603763
10.46752405166626,3599595
10.841912984848022,3597740
10.857452869415283,3591124
11.028218984603882,3590488
11.34421181678772,3587601
11.600357055664062,3577695
11.667069911956787,3576186
11.673155069351196,3526630
11.709216833114624,3524638
11.714284896850586,3523719
11.786561965942383,3522346
11.803221940994263,3502267
13.26681399345398,3498198
16.013022899627686,3495183
16.752083778381348,3485576
16.861291885375977,3482798
16.88364005088806,3452691
16.99788522720337,3448403
17.997059106826782,3441518
18.48198699951172,3441360
18.548835039138794,3439289
18.569313049316406,3437054
18.63323211669922,3435851
18.952749013900757,3431103
18.971998929977417,3429311
18.996209144592285,3429248
19.015676021575928,3426111
19.410397052764893,3423539
19.604980945587158,3422121
19.655828952789307,3422005
19.70417809486389,3421757
20.052504062652588,3421251
20.33870506286621,3419668
20.932358980178833,3402932
20.943655014038086,3401064
20.955384969711304,3400343
20.95822501182556,3399313
21.115281105041504,3399219
21.12535810470581,3394540
21.211255073547363,3384561
21.23600697517395,3384294
21.469239950180054,3328841
21.491151094436646,3315796
21.796902179718018,3314472
22.338780164718628,3312224
22.347079038619995,3286726
22.349437952041626,3282786
22.356910943984985,3245118
22.535032987594604,3243747
22.613895177841187,3243312
22.621832132339478,3132555
22.632690906524658,3117707
22.675729036331177,3106576
22.681278944015503,3092371
22.809639930725098,3086910
22.83716917037964,3080161
22.84119486808777,3054913
23.800968170166016,3040466
23.863138914108276,3013231
23.905565977096558,3005555
23.913872003555298,2980686
24.735050916671753,2974314
24.74544405937195,2972715
24.749735116958618,2951255
24.920995950698853,2931000
24.948857069015503,2927064
24.952663898468018,2907190
25.0507869720459,2905026
25.05318593978882,2895949
25.10102105140686,2894894
25.659423828125,2894844
25.67100501060486,2877182
25.708287954330444,2875562
25.714279890060425,2861492
25.91751003265381,2860136
25.924036026000977,2857842
25.939703941345215,2857712
25.944082975387573,2827882
26.08842396736145,2826925
26.232534885406494,2823444
26.23774790763855,2797268
26.45612096786499,2794893
26.64103102684021,2736277
26.844635009765625,2722554
26.84993600845337,2687778
26.854883909225464,2650194
26.939794778823853,2625329
26.944772005081177,2564436
26.94982099533081,2545716
26.95216202735901,2492440
26.98099398612976,2485470
27.00111198425293,2476080
27.006097078323364,2409547
27.594587087631226,2367670
27.79947590827942,2365704
29.11678194999695,2364910
29.22966694831848,2308375
29.250218868255615,2221903
29.27074408531189,2120458
29.584800004959106,2094216
29.83852505683899,2088030
29.90867590904236,2085014
29.960199117660522,2064523
30.050162076950073,1970062
30.111069917678833,1961901
30.12182116508484,1946444
30.178881883621216,1933188
30.23978304862976,1920855
30.568506002426147,1919605
31.04579997062683,1917501
31.074023008346558,1916741
31.798563957214355,1902149
32.95687794685364,1881559
33.017733097076416,1845723
33.17599391937256,1788468
33.94168996810913,1782636
33.963879108428955,1767608
34.46331596374512,1760238
34.54900503158569,1756493
34.80069088935852,1733522
34.92946910858154,1731730
34.93462800979614,1714812
35.064558029174805,1706426
35.06966805458069,1705874
35.19120001792908,1617221
35.2008490562439,1612279
35.207600116729736,1611045
35.21113705635071,1609313
35.213427782058716,1603145
35.23617100715637,1590603
35.27385210990906,1582562
35.27843499183655,1575785
35.30391812324524,1575512
35.410202980041504,1566600
35.42639994621277,1565142
35.43044185638428,1558971
35.47008991241455,1552544
35.502872943878174,1552514
35.513362884521484,1545576
35.53116416931152,1544952
35.626567125320435,1544636
41.2489960193634,1543495
42.888108015060425,1495198
45.293102979660034,1478380
45.639187812805176,1477763
46.70969891548157,1477600
46.71428608894348,1471574
46.72993302345276,1464398
47.04989314079285,1464193
48.1225860118866,1463503
48.46263384819031,1463475
54.27403688430786,1462148
55.72124791145325,1459786
56.76656699180603,1459585
57.019351959228516,1458603
61.33211898803711,1454738
61.363259077072144,1454587
63.7165789604187,1451797
65.6430549621582,1448239
67.03088402748108,1446430
67.03791093826294,1446077
67.04086709022522,1444097
67.04978203773499,1440686
67.07158899307251,1368399
68.5160710811615,1357611
68.56626987457275,1327633
70.23771095275879,1327168
70.24478006362915,1320644
70.2561891078949,1320206
70.26130700111389,1297247
70.45118689537048,1295381
71.29021191596985,1294841
71.29542589187622,1293851
71.30916905403137,1292119
71.44958090782166,1290465
71.52346587181091,1289630
85.3336329460144,1289061
90.62080812454224,1289037
90.73333287239075,1288102
91.7379298210144,1288024
91.74090003967285,1286541
109.51304912567139,1284115
