0.0370023250579834,1375794
0.07300591468811035,1374574
0.08100485801696777,1373582
0.09102439880371094,1356962
0.09502434730529785,1354285
0.2590172290802002,1348417
0.27501773834228516,1342504
0.28801751136779785,1342400
0.3610208034515381,1337714
0.3770413398742676,1337155
0.3770413398742676,1337085
0.3770413398742676,1336241
0.41704750061035156,1336133
0.45804595947265625,1335661
0.4640500545501709,1335646
0.48604559898376465,1330802
0.4980478286743164,1329143
0.5610518455505371,1321499
0.56205153465271,1321017
0.5760517120361328,1320173
0.6200580596923828,1319343
0.6600563526153564,1319037
0.716064453125,1317553
0.9610567092895508,1317011
0.9630560874938965,1316918
0.9900579452514648,1316622
1.1380770206451416,1316549
1.1400694847106934,1316538
1.1610708236694336,1316369
1.174072027206421,1315804
1.1890723705291748,1315334
1.1960728168487549,1315158
1.203073263168335,1314740
1.991136074066162,1312674
2.0491392612457275,1311424
2.0561411380767822,1310145
2.0581417083740234,1310003
2.0681400299072266,1309595
2.372138738632202,1309312
2.4071414470672607,1309285
2.4481451511383057,1306671
2.460143566131592,1306450
2.5351719856262207,1305736
4.047257423400879,1305575
4.417277812957764,1305478
4.42027735710144,1304593
4.544283390045166,1304568
4.815300464630127,1302293
4.874284982681274,1301442
4.922319173812866,1300769
5.021315097808838,1300481
5.1953043937683105,1299698
5.388315677642822,1271836
5.414315938949585,1271539
5.475341558456421,1271056
5.529325485229492,1271028
6.654406309127808,1270027
6.742413520812988,1269489
6.811418056488037,1269279
6.834399700164795,1269078
6.939424276351929,1268922
7.121435880661011,1267385
7.132440090179443,1266550
9.412550210952759,1266379
9.416569948196411,1265397
9.904597997665405,1265362
10.056609630584717,1265076
11.697683811187744,1265030
13.613816022872925,1264772
13.684800624847412,1264744
54.31419539451599,1264744
