3.698359727859497,1430746
3.7103629112243652,1429255
4.026237726211548,1427710
4.033574342727661,1427127
4.111726999282837,1426253
4.127351999282837,1424132
4.127351999282837,1412235
4.127351999282837,1410965
4.158601999282837,1398995
4.198172330856323,1397725
4.200172185897827,1396611
4.217665195465088,1396132
4.233318090438843,1394665
4.280192613601685,1394372
4.295818328857422,1392365
4.327068090438843,1390618
4.358318328857422,1384204
4.358318328857422,1375600
4.373944044113159,1375341
4.373944044113159,1366797
4.389569282531738,1365672
4.467694044113159,1364003
4.467694044113159,1361037
4.498944044113159,1358016
4.514568567276001,1351980
4.5608954429626465,1351166
4.567896366119385,1347667
4.586898565292358,1346312
4.604662895202637,1345145
4.604662895202637,1344426
4.718278408050537,1343246
4.721130847930908,1342500
4.739873170852661,1341828
4.746873617172241,1341525
4.780829906463623,1340603
4.796455144882202,1339482
4.796455144882202,1339182
4.812080383300781,1338726
5.017803430557251,1337707
5.049081563949585,1337383
5.210998296737671,1333729
5.316030979156494,1332175
5.347281217575073,1332036
5.347281217575073,1328556
5.409781217575073,1323858
5.409781217575073,1321426
5.5035316944122314,1320941
5.740370035171509,1318834
5.755995750427246,1318519
5.787245273590088,1318185
5.802870035171509,1314416
5.912245750427246,1313483
5.927870512008667,1313033
5.927870512008667,1310343
5.927870512008667,1310077
5.943495512008667,1309758
5.959120750427246,1306000
6.748866558074951,1300260
6.752868413925171,1296952
7.549607038497925,1295907
7.613245725631714,1295566
7.623249053955078,1294942
7.6762988567352295,1293774
7.803309202194214,1293024
7.815310716629028,1292585
8.180087327957153,1291905
8.203108310699463,1291340
8.578110694885254,1285814
9.110472440719604,1284788
9.60182237625122,1284583
9.628600835800171,1284278
9.659850358963013,1284275
9.745208024978638,1283992
9.843936204910278,1282084
9.905685424804688,1280961
12.359780550003052,1280897
12.492212772369385,1280755
13.460510492324829,1280637
14.145932912826538,1280508
14.580415487289429,1280171
14.702421426773071,1279842
14.9354567527771,1279527
15.168469429016113,1279452
15.196470975875854,1279133
