3.5902082920074463,1444919
3.61021089553833,1442051
3.6172120571136475,1441804
3.619210958480835,1441057
3.6212120056152344,1435679
3.6272103786468506,1429962
3.6362109184265137,1428671
3.646212577819824,1424496
3.6492116451263428,1421705
3.650211811065674,1421649
3.653212308883667,1420780
3.657212972640991,1415375
3.663212776184082,1411533
3.674213171005249,1405352
3.6822140216827393,1386897
3.6942145824432373,1384950
3.708219289779663,1382627
3.7262191772460938,1381730
3.7682197093963623,1377861
3.77622127532959,1375895
3.8242223262786865,1373996
3.874224901199341,1371826
3.892226457595825,1369317
3.897228240966797,1367735
3.9262301921844482,1367404
3.9312283992767334,1367258
3.9482312202453613,1362596
3.9492311477661133,1359193
3.979234218597412,1358925
3.9892327785491943,1349691
3.9892327785491943,1348956
4.006234645843506,1346637
4.077237367630005,1346257
4.081237077713013,1343364
4.095238447189331,1336641
4.117239952087402,1336082
4.163244009017944,1334560
4.166244745254517,1325510
4.196244239807129,1321495
4.221245288848877,1317755
4.226247549057007,1314041
4.248247385025024,1312871
4.254246950149536,1309199
4.610240697860718,1306822
4.674243688583374,1305028
4.69524621963501,1304249
4.70824670791626,1304175
4.738260984420776,1303636
4.753268718719482,1300740
4.759270429611206,1290302
4.78328013420105,1290296
4.790278911590576,1289461
4.794280767440796,1289057
4.89328670501709,1288799
5.408313989639282,1286729
5.422316789627075,1284849
5.612326383590698,1284166
5.6333277225494385,1281425
5.640328407287598,1280854
5.679330825805664,1280724
5.940348386764526,1277930
5.955346584320068,1259855
5.978348255157471,1256953
5.99834942817688,1256864
6.0423524379730225,1255799
6.103355169296265,1255056
6.113358736038208,1251891
6.175361156463623,1250748
6.176361560821533,1247889
6.232363224029541,1247656
6.249366044998169,1245311
6.322368383407593,1239677
6.925403118133545,1238858
6.928406000137329,1237699
6.9664082527160645,1236328
7.302425146102905,1235886
7.3314290046691895,1233721
7.566441297531128,1233057
7.618452310562134,1231220
7.630435943603516,1230822
7.68344783782959,1230250
7.7464518547058105,1230202
7.7904558181762695,1229024
7.866458177566528,1228919
10.128591537475586,1228594
10.133591413497925,1227853
10.158594369888306,1227556
10.319595575332642,1227266
10.335602521896362,1226447
10.603618383407593,1226324
10.603618383407593,1226167
11.419668197631836,1224964
11.46566915512085,1224822
11.563674449920654,1224484
11.946699142456055,1223142
11.95869779586792,1222066
15.325867176055908,1221888
15.487876653671265,1221740
16.1139132976532,1221174
16.137914896011353,1220098
18.106030464172363,1219749
18.3270423412323,1219684
19.505111694335938,1219593
19.78012776374817,1219518
21.354249715805054,1219324
25.568495512008667,1219288
30.13473343849182,1219247
32.09484815597534,1219182
33.80194807052612,1218969
