3.9862606525421143,1437246
3.9872608184814453,1436146
3.9872608184814453,1422881
3.989260673522949,1417442
3.9932613372802734,1416158
3.9962615966796875,1413399
3.9982635974884033,1411930
4.0042619705200195,1410553
4.0122621059417725,1409438
4.0132622718811035,1405452
4.014262676239014,1405240
4.027262926101685,1393507
4.058264970779419,1387572
4.280277729034424,1376182
4.28227972984314,1375845
4.290280103683472,1369733
4.29227876663208,1364411
4.298280954360962,1363469
4.300281047821045,1361601
4.311279296875,1350034
4.317281723022461,1347794
4.31828236579895,1343982
4.319282054901123,1343251
4.331280469894409,1337967
5.255335092544556,1337948
5.357341289520264,1336730
5.387342929840088,1331438
5.4503467082977295,1329758
5.458347320556641,1329654
5.530352830886841,1329468
5.532352924346924,1326345
5.537323713302612,1325042
5.548344373703003,1324157
5.550343990325928,1320549
5.551344156265259,1320432
5.597329378128052,1319507
5.60034704208374,1319470
5.627358436584473,1317606
6.505382537841797,1316547
6.506382703781128,1315919
6.515383243560791,1315156
6.6953935623168945,1313822
6.704394340515137,1309846
6.716394662857056,1309348
6.745396852493286,1308754
7.102416515350342,1305830
7.137437105178833,1291859
7.229443073272705,1287947
7.241443634033203,1286869
7.248444318771362,1285530
7.267452955245972,1285090
7.283454179763794,1284960
7.285454034805298,1284502
7.308457136154175,1283385
7.8484790325164795,1282871
7.859479188919067,1282202
7.9504663944244385,1273169
7.9644858837127686,1272161
8.964524507522583,1272098
9.013527154922485,1271112
9.132534265518188,1270907
9.149535417556763,1270817
9.159536123275757,1270498
9.225539684295654,1270258
9.35954737663269,1269940
9.638565301895142,1269881
9.724589824676514,1269656
9.731587886810303,1268850
9.837596893310547,1268372
9.862597465515137,1268160
9.950611591339111,1267043
9.994611740112305,1266901
11.490702152252197,1266757
11.60969877243042,1266171
11.657708644866943,1265203
11.658708810806274,1265138
12.131709575653076,1265080
12.193713188171387,1264275
13.133790016174316,1264175
13.191801309585571,1263968
13.26479721069336,1263783
13.821837663650513,1263509
13.941842794418335,1262885
17.201030015945435,1262726
17.29303240776062,1262294
24.034425020217896,1255563
25.436491012573242,1245208
25.516510248184204,1245007
25.673521518707275,1244892
