3.8388352394104004,1407895
3.859837293624878,1406320
3.8858375549316406,1403404
3.8908376693725586,1401644
3.891836643218994,1398729
3.8998584747314453,1396705
3.923858404159546,1394530
3.953636646270752,1394006
3.9720494747161865,1391914
4.01207160949707,1390590
4.098695755004883,1389918
4.11435079574585,1389475
4.152653217315674,1339500
4.236361980438232,1338028
4.239361763000488,1336817
4.239361763000488,1334442
4.2463624477386475,1332511
4.247362375259399,1318704
4.2483625411987305,1316246
4.2483625411987305,1315289
4.259362459182739,1311227
4.281438112258911,1308700
4.281438112258911,1306719
4.297056198120117,1305119
4.297056198120117,1304313
4.3264031410217285,1304009
4.356406927108765,1301809
4.3713860511779785,1295594
4.3713860511779785,1294662
4.6394264698028564,1291556
4.749192714691162,1287071
4.749192714691162,1285540
4.772250413894653,1282608
4.901385307312012,1281803
4.921867370605469,1280984
4.921867370605469,1279179
4.953041315078735,1277710
4.968693733215332,1276777
4.98431921005249,1276423
4.98431921005249,1275217
5.078069686889648,1274018
5.124944448471069,1273819
5.185059070587158,1270605
5.20068359375,1269799
5.263184070587158,1268811
5.310057163238525,1267976
5.808912038803101,1266248
5.840162038803101,1264371
5.903533458709717,1263046
5.905722379684448,1262447
5.921368598937988,1261811
5.936993837356567,1261677
5.952619552612305,1259454
5.968243598937988,1258025
5.983869552612305,1256109
5.999492168426514,1254821
5.999492168426514,1254012
5.999492168426514,1253016
6.189574718475342,1248724
6.205199718475342,1242292
6.220824956893921,1239565
6.220824956893921,1238285
6.2520751953125,1237082
6.267699956893921,1236033
6.911046028137207,1233890
7.2720136642456055,1232909
7.287639141082764,1232747
7.381389141082764,1232675
7.384707450866699,1231753
7.437856435775757,1231573
7.437856435775757,1224156
7.491875648498535,1223131
7.497947454452515,1222849
7.824396848678589,1221597
7.877688646316528,1221469
8.008339405059814,1216895
8.10209035873413,1216858
8.10209035873413,1214992
8.800504922866821,1214952
8.800504922866821,1214622
8.89995551109314,1213633
8.919009447097778,1212680
9.075259685516357,1209667
9.150230169296265,1209566
9.171513080596924,1208904
9.327791213989258,1208097
9.54496955871582,1207750
9.591842889785767,1206971
9.793722867965698,1206390
10.048208475112915,1206291
10.912634134292603,1206286
10.9439115524292,1205844
11.037662267684937,1205729
11.068912267684937,1205524
11.33706259727478,1205212
11.35268759727478,1204958
11.47701382637024,1204883
11.570764780044556,1204441
12.011311769485474,1203662
12.073810815811157,1202827
12.105034351348877,1202685
12.215026378631592,1202545
41.72146463394165,1202420
