3.7442169189453125,1398838
3.7502191066741943,1394078
3.7552170753479004,1393298
3.907226085662842,1385904
3.9082279205322266,1384737
3.913226842880249,1374892
3.936229705810547,1369285
3.94022798538208,1362786
3.94722843170166,1358921
3.948230504989624,1357562
4.138239622116089,1350943
4.246246337890625,1349290
4.460261106491089,1348541
4.460261106491089,1348442
4.461260557174683,1346877
4.468259334564209,1346265
4.470259189605713,1346127
4.492262125015259,1345780
4.509260892868042,1344652
4.520264148712158,1343998
4.5362629890441895,1343379
4.542263507843018,1341926
4.65327000617981,1341878
4.670270919799805,1341758
4.691272258758545,1341073
4.722275495529175,1339954
4.72927451133728,1336089
4.745275497436523,1335043
4.750274658203125,1326358
4.77427864074707,1325150
4.775280475616455,1324467
4.775280475616455,1324327
4.784279108047485,1321713
4.823278903961182,1319509
4.87728214263916,1319362
4.891283988952637,1319164
5.373315095901489,1318374
5.408313751220703,1311614
5.419314861297607,1310292
5.453318357467651,1308338
5.455318927764893,1305689
5.747333526611328,1302640
5.822340726852417,1302040
5.849339723587036,1301566
5.856342554092407,1297685
5.858342409133911,1297467
5.861342430114746,1296797
5.861342430114746,1296107
6.304366588592529,1294758
6.337368011474609,1294636
6.356369733810425,1294020
6.387372732162476,1293893
6.830399036407471,1290857
6.835397243499756,1290796
7.164418935775757,1290178
7.190420150756836,1289533
7.244421720504761,1289199
7.31142520904541,1288178
7.3434271812438965,1287746
7.349427700042725,1287593
7.38540244102478,1286397
7.545431137084961,1285667
7.550432920455933,1285022
7.572442293167114,1284386
7.7744529247283936,1283547
7.776452302932739,1283396
7.96746301651001,1282420
7.969462871551514,1282349
8.038470029830933,1282204
8.094473123550415,1281842
8.43549108505249,1280516
8.448492050170898,1280351
8.59550142288208,1280158
8.646503448486328,1274967
8.916521072387695,1274888
8.939520597457886,1274480
8.943523168563843,1274298
8.980525016784668,1272018
8.983523845672607,1271226
9.03852653503418,1262364
9.108530282974243,1261827
9.426548957824707,1259655
9.58055830001831,1259104
9.629561185836792,1258642
9.64556360244751,1258491
9.746567726135254,1256801
9.819571256637573,1256659
9.963579893112183,1256400
13.338778972625732,1256065
13.358779907226562,1255466
13.363779783248901,1254288
13.454786539077759,1254161
13.924784660339355,1254096
14.318807363510132,1254087
14.79783582687378,1253676
15.016847848892212,1253534
15.218860387802124,1253483
31.658849000930786,1253309
35.64208245277405,1253258
