4.084239721298218,1338578
4.09021520614624,1334812
4.095212936401367,1333601
4.110213041305542,1329396
4.330255031585693,1327795
4.332253456115723,1320918
4.341254711151123,1320116
4.415260314941406,1317543
4.420259475708008,1316064
4.442260026931763,1315671
4.445260047912598,1312691
4.452261209487915,1312444
4.479261636734009,1312348
4.577267646789551,1310137
4.584267616271973,1304502
4.68427586555481,1303767
4.700275182723999,1301233
4.841284990310669,1301136
4.853283882141113,1298353
4.859284162521362,1293312
4.884285926818848,1292658
4.889286279678345,1290531
5.0172953605651855,1289872
5.0322935581207275,1289221
5.03429388999939,1288501
5.038294553756714,1285263
5.1302995681762695,1285097
5.146300554275513,1285068
5.175302743911743,1284514
5.177302837371826,1283894
5.193304777145386,1282992
5.402316093444824,1282961
5.455318927764893,1280763
5.8963470458984375,1280215
5.898359060287476,1278988
6.204362630844116,1276760
6.209362506866455,1273332
6.221364259719849,1272483
6.620389461517334,1270774
6.733393430709839,1270237
6.839403867721558,1268643
6.85740327835083,1266883
6.87740421295166,1266770
6.895405054092407,1265935
7.535440921783447,1265682
7.55744194984436,1265576
7.5834434032440186,1265152
7.5844433307647705,1264633
8.305485725402832,1264481
8.36447787284851,1260419
8.384493589401245,1260037
8.609503746032715,1259492
8.672508955001831,1257194
8.67950963973999,1256539
8.71651029586792,1255658
8.718509912490845,1255338
8.739511489868164,1255051
9.059502363204956,1254880
9.25254201889038,1254863
9.259544372558594,1251923
9.298516273498535,1251283
9.302546262741089,1247937
10.216597557067871,1246944
12.40172529220581,1246935
12.539733648300171,1246831
12.570737361907959,1246163
12.589736700057983,1246098
12.617738485336304,1245021
12.783747911453247,1244231
15.802924394607544,1243892
15.805923461914062,1243679
15.834926128387451,1243283
15.838928699493408,1243126
15.844929695129395,1243061
15.849927425384521,1242579
15.898929834365845,1241773
16.746981143951416,1241458
18.585087776184082,1241010
27.334598302841187,1240732
28.480665922164917,1240655
38.027196645736694,1240590
