0.0260009765625,1393766
0.027000904083251953,1392587
0.03200078010559082,1344086
0.033000946044921875,1333529
0.038997650146484375,1333398
0.040985107421875,1332883
0.04200267791748047,1331995
0.0449984073638916,1328009
0.04598355293273926,1326792
0.05100226402282715,1320562
0.07398486137390137,1319945
0.09400486946105957,1319468
0.1260068416595459,1318918
0.29201459884643555,1317550
0.30101633071899414,1315932
0.3560197353363037,1315834
0.37002062797546387,1312804
0.38900327682495117,1311745
0.4220237731933594,1277692
0.4320247173309326,1277000
0.4610264301300049,1273321
0.4840273857116699,1269619
1.2350709438323975,1267049
1.2830743789672852,1266773
1.3050875663757324,1266755
1.3310763835906982,1266135
1.4170629978179932,1265846
1.4340641498565674,1264322
1.4630663394927979,1256113
1.4740655422210693,1254022
1.483067512512207,1253896
1.502068042755127,1253784
1.617074966430664,1252089
1.623075008392334,1252085
1.6490962505340576,1251874
1.6590960025787354,1251651
1.7231004238128662,1251480
1.7271039485931396,1250194
1.760110855102539,1247273
1.7650837898254395,1247195
1.7671029567718506,1245687
1.7941045761108398,1245017
1.8491077423095703,1243780
2.18110728263855,1242946
2.1871073246002197,1242799
2.2491133213043213,1241825
2.2931137084960938,1241571
3.4891862869262695,1240281
3.5541882514953613,1239654
3.564208984375,1239525
3.5652072429656982,1239129
3.627211093902588,1239095
3.628211259841919,1238093
3.634215831756592,1237618
3.8742268085479736,1237191
4.235260009765625,1236270
4.262248516082764,1235600
4.28624963760376,1235085
4.294231414794922,1234932
4.322234630584717,1234194
4.359236001968384,1233737
4.406259298324585,1233719
4.453259468078613,1233676
4.635270118713379,1233581
4.680273532867432,1233494
4.722255706787109,1233464
4.7232561111450195,1232300
5.3623130321502686,1232291
5.381314277648926,1231993
5.721342086791992,1231758
6.469358444213867,1230379
6.524361610412598,1230112
6.53438138961792,1229891
6.5363616943359375,1228182
6.551364421844482,1228002
6.55436372756958,1226678
6.561383008956909,1226477
6.574383735656738,1226403
6.609385251998901,1225979
6.65138840675354,1225725
6.716389417648315,1225329
6.760394334793091,1224322
6.7893967628479,1223365
7.209421157836914,1221646
7.225421667098999,1221308
7.7944557666778564,1220530
9.235540628433228,1220146
9.365527868270874,1219775
9.372547626495361,1219710
11.163652181625366,1219124
11.836691617965698,1217122
11.870693683624268,1217056
11.883694171905518,1216457
12.412706136703491,1216431
12.873751878738403,1216075
12.879733562469482,1216024
12.921754598617554,1215848
13.098748207092285,1177799
13.124750137329102,1176993
13.291780471801758,1176817
14.511848211288452,1176791
15.372896909713745,1176726
16.020936250686646,1176675
57.46434235572815,1176675
