0.036002397537231445,1313083
0.21604275703430176,1308486
0.21804475784301758,1308329
0.22204232215881348,1307995
0.22301435470581055,1307532
0.23903584480285645,1306035
0.2560148239135742,1305342
0.3050272464752197,1269024
0.3180358409881592,1268227
0.3220405578613281,1267992
0.32902050018310547,1267356
0.42502593994140625,1267219
0.46202778816223145,1261420
0.49002981185913086,1259351
0.5070316791534424,1257992
0.5170297622680664,1257729
0.5270307064056396,1256932
0.5410313606262207,1255263
0.5420315265655518,1254480
0.5420315265655518,1248474
0.5520334243774414,1248394
0.758063554763794,1247842
0.7750670909881592,1246886
1.079085350036621,1246252
1.269075870513916,1245993
1.2950770854949951,1245474
1.3540802001953125,1244129
1.3560996055603027,1243667
1.3621034622192383,1243540
1.4691038131713867,1243432
1.669097900390625,1208045
1.6780986785888672,1207446
1.7061200141906738,1206928
1.7751233577728271,1206439
1.7831246852874756,1205841
1.806126356124878,1204846
1.845139741897583,1204357
3.6162118911743164,1203914
4.0582594871521,1203386
4.088258266448975,1202625
4.112269639968872,1202449
4.147245645523071,1202105
4.229248762130737,1202030
4.229248762130737,1201028
4.29625391960144,1200887
4.298255205154419,1200338
4.4322593212127686,1198614
4.463263511657715,1198244
4.583290338516235,1198216
5.461320638656616,1198135
5.475321054458618,1197582
5.500322580337524,1197440
5.592327356338501,1197072
5.979369878768921,1196184
7.738474607467651,1195966
7.758477449417114,1195081
7.788477420806885,1194619
8.154479742050171,1194433
8.326507091522217,1194057
8.430512189865112,1193912
8.504517316818237,1193643
8.759531497955322,1193141
12.951786279678345,1193003
13.766805171966553,1192344
13.784825801849365,1183092
13.817827939987183,1182207
14.209851264953613,1178452
14.31386685371399,1178045
15.100885152816772,1177852
55.15624451637268,1177852
