0.01900172233581543,1437030
0.021003007888793945,1427370
0.023001909255981445,1427348
0.039682626724243164,1426709
0.039682626724243164,1424382
0.039682626724243164,1355077
0.10341572761535645,1353189
0.19204449653625488,1352693
0.19204449653625488,1351964
0.20766162872314453,1350602
0.25452089309692383,1349574
0.30140161514282227,1334829
0.3326454162597656,1333068
0.3795199394226074,1321809
0.3795199394226074,1321634
0.39832353591918945,1308846
0.40032339096069336,1308558
0.4084618091583252,1293380
0.4240872859954834,1292982
0.4397122859954834,1291326
0.4553375244140625,1290992
0.4709625244140625,1290563
0.5022125244140625,1289798
0.5022125244140625,1288666
0.5334687232971191,1288113
0.5334687232971191,1287607
0.5803377628326416,1286949
0.5803377628326416,1285037
0.5959625244140625,1280548
0.5959625244140625,1279186
0.6428554058074951,1278487
0.6428554058074951,1276797
0.6897387504577637,1276687
0.7209811210632324,1274964
0.7366058826446533,1274081
0.7366058826446533,1266396
0.7522389888763428,1265970
0.7678377628326416,1262957
0.7987346649169922,1262722
0.7987346649169922,1251379
0.7987346649169922,1250829
0.83001708984375,1249006
0.84564208984375,1244598
0.8612616062164307,1244281
0.9309313297271729,1238475
0.9489331245422363,1235926
0.9529974460601807,1235451
1.0183463096618652,1234900
1.0224168300628662,1233836
1.0224168300628662,1233569
1.0380477905273438,1232829
1.1422531604766846,1230225
1.191162347793579,1230170
1.2067875862121582,1228193
1.2224302291870117,1227711
1.2380504608154297,1227488
1.2380504608154297,1226919
1.269312858581543,1226261
1.3005661964416504,1224100
1.3943147659301758,1218804
1.3943147659301758,1218275
1.3943147659301758,1218038
1.3943147659301758,1216237
1.4255564212799072,1214596
1.4255564212799072,1213418
1.4255564212799072,1213291
1.5349204540252686,1213008
1.566192388534546,1212563
1.613067865371704,1211964
1.644317865371704,1211960
1.8012926578521729,1211836
1.8012926578521729,1210388
1.8637995719909668,1210053
1.9419221878051758,1209562
1.9575421810150146,1209482
1.9888005256652832,1208962
2.023989200592041,1207100
2.0396411418914795,1206840
2.0708909034729004,1206558
3.471982479095459,1206189
3.471982479095459,1205380
4.023024082183838,1185780
4.038677453994751,1185749
4.055443048477173,1185150
4.071088075637817,1185008
4.1023454666137695,1182892
4.161055564880371,1182827
4.5619072914123535,1182528
4.577531814575195,1182306
6.378682613372803,1182189
6.90125298500061,1182065
6.916879892349243,1181923
7.1404430866241455,1181460
7.222703456878662,1180443
8.314299821853638,1180281
8.451202154159546,1180084
8.72623610496521,1180063
8.728232145309448,1179781
8.815542936325073,1179531
8.877548217773438,1179420
9.670573949813843,1178951
9.801660299301147,1178569
10.238150119781494,1178094
10.253775596618652,1177525
12.08655047416687,1177207
52.87921142578125,1177207
