0.02101874351501465,1340892
0.037001848220825195,1334513
0.0810234546661377,1331151
0.10602545738220215,1326181
0.17103123664855957,1323838
0.18801045417785645,1316945
0.19803261756896973,1310105
0.2120349407196045,1309168
0.22403192520141602,1308639
0.2340373992919922,1305540
0.24003148078918457,1304375
0.2540144920349121,1303487
0.27303552627563477,1294805
0.30301761627197266,1281627
0.3090355396270752,1280822
0.3130366802215576,1280475
0.40102267265319824,1280319
0.4390435218811035,1279685
0.45302677154541016,1276727
0.4940474033355713,1276122
0.5270495414733887,1275325
0.5530507564544678,1275168
0.5780565738677979,1274388
0.6330678462982178,1273888
0.6480562686920166,1272917
0.6540534496307373,1271555
0.6710386276245117,1271061
0.757063627243042,1270765
1.9271132946014404,1270724
1.9271132946014404,1270534
1.940112590789795,1270501
1.9601144790649414,1269773
1.9611146450042725,1259507
1.9771156311035156,1257780
2.052119493484497,1250497
2.0861213207244873,1248956
2.389158248901367,1248750
2.3901584148406982,1248088
4.869313478469849,1240517
4.880308389663696,1240189
4.888315439224243,1239793
4.913309574127197,1239224
5.336333274841309,1238567
5.775356292724609,1238552
5.83034348487854,1237810
5.852359056472778,1237655
5.875364542007446,1237139
5.928348541259766,1236915
6.167363882064819,1236408
6.272365570068359,1236131
6.5714030265808105,1235187
7.441453218460083,1234767
8.03446912765503,1234533
8.254483222961426,1234141
8.266482830047607,1233821
9.01754879951477,1233478
9.633582353591919,1233354
9.666569471359253,1233149
9.782572031021118,1232743
9.785571813583374,1232536
9.812573671340942,1232119
10.383610725402832,1232108
11.382665157318115,1232103
12.020701885223389,1231898
15.025880098342896,1231800
15.069883584976196,1231590
18.714093685150146,1231540
19.52016305923462,1231526
19.555166482925415,1231475
21.96530556678772,1230289
22.05428957939148,1224536
22.324304819107056,1223863
22.872336864471436,1223849
23.00436782836914,1223798
30.638810634613037,1221705
30.66181230545044,1221037
30.840821981430054,1220916
31.74287700653076,1216677
34.451035499572754,1215384
38.905274868011475,1214645
39.27031493186951,1213704
39.54133343696594,1177017
39.58431553840637,1176211
55.02221655845642,1176211
