0.0,1428799
0.015643596649169922,1424294
0.03125,1419737
0.07816529273986816,1416422
0.07816529273986816,1415269
0.09378266334533691,1407108
0.1562802791595459,1404986
0.1719036102294922,1404956
0.1719036102294922,1401816
0.20431184768676758,1401704
0.2798886299133301,1395572
0.31115126609802246,1395550
0.4823112487792969,1388778
0.5291862487792969,1379707
0.5666048526763916,1377981
0.5756046772003174,1377977
0.5766050815582275,1377867
0.5906057357788086,1377321
0.5939505100250244,1376197
0.6251988410949707,1375169
0.6251988410949707,1374998
0.6251988410949707,1369858
0.6720736026763916,1368444
0.7033238410949707,1368283
0.7189488410949707,1344690
0.7658243179321289,1344535
0.8126993179321289,1308903
0.8283243179321289,1308222
0.843949556350708,1306496
0.9689502716064453,1305542
0.9689502716064453,1305065
1.0939502716064453,1304477
1.1408252716064453,1297309
1.1408252716064453,1296189
1.1564512252807617,1295209
1.1564512252807617,1294560
1.1720757484436035,1294496
1.1720757484436035,1288658
1.20332670211792,1274954
1.2203783988952637,1273244
1.2283787727355957,1271966
1.2474515438079834,1271778
1.2630751132965088,1271774
1.4788990020751953,1258618
1.4945237636566162,1258154
1.5257840156555176,1257996
1.5414066314697266,1257524
1.5570363998413086,1256796
1.5570363998413086,1256485
1.5726587772369385,1255670
1.7445347309112549,1241048
1.7601587772369385,1239579
1.7757842540740967,1239373
1.8070068359375,1236947
1.8226604461669922,1235543
1.8539094924926758,1235460
2.088275671005249,1233627
2.1579952239990234,1233519
2.191683530807495,1233200
2.2630786895751953,1232958
2.2630786895751953,1232929
2.2630786895751953,1232683
2.325559616088867,1230040
2.3693931102752686,1229985
2.405869245529175,1229385
2.448357343673706,1229215
2.448357343673706,1213960
2.463982582092285,1213175
2.463982582092285,1213033
3.5438685417175293,1212893
3.5594935417175293,1211715
3.6845011711120605,1211498
3.965747117996216,1210692
4.028239727020264,1210163
4.075114727020264,1210026
4.137622833251953,1209511
5.151019811630249,1208815
6.120720624923706,1208071
6.167722940444946,1207847
6.187723875045776,1207720
6.187723875045776,1207530
6.204728841781616,1207381
6.746768474578857,1207359
6.845743417739868,1207283
9.009870767593384,1207118
9.13690733909607,1206786
11.57203984260559,1206784
11.630041599273682,1206719
12.090051174163818,1206713
12.13605284690857,1206512
16.12128734588623,1206295
16.175290822982788,1206078
16.513309001922607,1205902
55.05758190155029,1205902
