0.016000986099243164,1480330
0.016000986099243164,1480109
0.031001806259155273,1469928
0.03400111198425293,1468763
0.03800082206726074,1463397
0.09800577163696289,1457008
0.15100836753845215,1410216
0.1520087718963623,1410188
0.15400934219360352,1402027
0.15500831604003906,1398963
0.1760120391845703,1398406
0.22800397872924805,1390455
0.37502503395080566,1369273
0.42302393913269043,1352629
0.4240248203277588,1350343
0.4260287284851074,1350312
0.43602490425109863,1350250
0.4390254020690918,1346041
0.469027042388916,1329421
0.4740307331085205,1325013
0.5140101909637451,1324833
0.5150198936462402,1322854
0.5260300636291504,1322828
0.5540120601654053,1322339
0.5550124645233154,1321199
0.5980267524719238,1308981
0.6230394840240479,1308345
0.7340433597564697,1260210
0.7350423336029053,1260206
0.7370424270629883,1259601
0.7550435066223145,1257635
0.7560441493988037,1256709
0.7710452079772949,1256093
0.7720441818237305,1255604
0.7890260219573975,1255293
1.1900689601898193,1251518
1.352078914642334,1250101
1.3570594787597656,1250097
1.370060682296753,1249781
1.3860807418823242,1249671
1.387061595916748,1248565
1.3900806903839111,1248069
1.397080898284912,1247721
1.3980810642242432,1247545
1.4340860843658447,1247142
1.4340860843658447,1246878
1.4450876712799072,1236914
1.4670653343200684,1236065
1.5220694541931152,1233371
1.5360698699951172,1233317
1.6370863914489746,1231016
1.6660993099212646,1230838
1.9161114692687988,1230606
1.9281120300292969,1229747
1.9681167602539062,1229597
1.9941158294677734,1228611
2.053119659423828,1228594
2.071101665496826,1228496
2.2051103115081787,1228206
2.3111345767974854,1227956
2.359137535095215,1227815
2.385139226913452,1226879
2.39613938331604,1226785
2.4001405239105225,1224264
2.7711610794067383,1223045
2.776160955429077,1222675
2.7781426906585693,1222470
3.2771897315979004,1221593
3.4722044467926025,1220611
3.5301895141601562,1220436
4.8052802085876465,1219995
4.826281547546387,1219928
4.8692662715911865,1219461
4.878284215927124,1218862
4.910293817520142,1218846
6.693371295928955,1217920
6.704392910003662,1217869
10.942647695541382,1217813
11.358644485473633,1217796
11.600658655166626,1217721
12.130712747573853,1217539
12.137709856033325,1217363
12.459731340408325,1217343
12.479729890823364,1217138
12.82775354385376,1217064
12.83673357963562,1216857
12.873734474182129,1216742
18.437077045440674,1216728
19.740154027938843,1216677
22.401309967041016,1215384
22.64232349395752,1214645
24.049405813217163,1213704
24.69542407989502,1177224
25.60149645805359,1176421
25.76050615310669,1176418
26.816549062728882,1176326
27.64559769630432,1176211
57.04533576965332,1176211
