4.037671327590942,1418532
4.0532965660095215,1400602
4.0532965660095215,1397771
4.0532965660095215,1395770
4.068921804428101,1387964
4.084546804428101,1386511
4.209547519683838,1386268
4.225172519683838,1385872
4.25642204284668,1355668
4.365797996520996,1348684
4.365797996520996,1346581
4.4317755699157715,1346440
4.447780609130859,1345112
4.449776887893677,1339504
4.84253454208374,1333493
4.967533588409424,1332606
4.998785972595215,1331430
4.998785972595215,1330918
5.045660495758057,1329734
5.045660495758057,1326663
5.061285734176636,1323055
5.061285734176636,1322666
5.076911211013794,1322615
5.123785734176636,1321887
5.217536211013794,1292839
5.248786449432373,1291210
5.264411687850952,1291048
5.311286211013794,1288469
5.311286211013794,1287731
5.3269124031066895,1285168
5.342536926269531,1284790
5.35816216468811,1284635
5.35816216468811,1284355
5.373786449432373,1277493
5.389411449432373,1276624
5.483161926269531,1275523
5.4987874031066895,1275072
5.6706626415252686,1273687
5.70191216468811,1272779
5.70191216468811,1271953
5.70191216468811,1266860
6.9954993724823,1266008
7.042374610900879,1265349
7.323626279830933,1263044
7.339250564575195,1262184
7.386125802993774,1261910
7.386125802993774,1260261
7.386125802993774,1258277
7.401750802993774,1257759
7.401750802993774,1241838
7.4173760414123535,1240989
7.4330010414123535,1239212
7.481076240539551,1237633
7.888541221618652,1237623
7.904165506362915,1236471
8.573780059814453,1235809
8.605030059814453,1235131
8.620655298233032,1234734
8.683155298233032,1234533
8.762507200241089,1233698
8.809410095214844,1233536
8.887535095214844,1231966
9.875295400619507,1230768
9.875295400619507,1230688
9.922170639038086,1230173
10.125296115875244,1229666
10.32842230796814,1229450
10.640923500061035,1229302
10.687798261642456,1229020
11.12529993057251,1229010
11.172174453735352,1228587
12.863312721252441,1228191
12.957063436508179,1227853
17.132665634155273,1227775
18.088340520858765,1227757
18.432090759277344,1227350
21.139768362045288,1227171
24.113743543624878,1227025
45.71740460395813,1226958
45.74865484237671,1226907
46.31115651130676,1226883
49.992920875549316,1226832
