0.0,1242997
0.015625476837158203,1241325
0.015625476837158203,1240227
0.14062857627868652,1236396
0.1562209129333496,1233407
0.1562209129333496,1233396
0.1718757152557373,1233197
0.1718757152557373,1233130
0.1718757152557373,1231152
0.1718757152557373,1231130
0.35936665534973145,1227622
0.3906266689300537,1227034
0.4062511920928955,1223273
0.45377540588378906,1222809
0.4850330352783203,1220234
0.4850330352783203,1220171
0.4850330352783203,1219802
0.6100461483001709,1219565
0.6100461483001709,1219423
0.6256790161132812,1217866
0.6256790161132812,1216043
0.8334555625915527,1215506
0.8474445343017578,1214374
0.8524465560913086,1213738
0.8691997528076172,1213542
0.8847949504852295,1213204
0.9004416465759277,1212952
0.9941999912261963,1197748
1.0098252296447754,1195241
1.0098252296447754,1194549
1.0410752296447754,1194365
1.0567007064819336,1194343
1.0567007064819336,1190076
1.1816718578338623,1188835
1.1816718578338623,1187564
1.2910759449005127,1187388
1.3535761833190918,1187045
1.4160740375518799,1185592
1.5254521369934082,1184021
1.556701898574829,1183803
1.6550958156585693,1183308
1.6560955047607422,1183073
1.8414218425750732,1181947
2.056652784347534,1181841
3.971311569213867,1181753
5.768760442733765,1181670
5.901353359222412,1181644
5.9482581615448,1181517
6.448229551315308,1180997
6.463854551315308,1180884
6.979437589645386,1180794
7.4481892585754395,1180432
7.479438066482544,1179680
7.510687589645386,1179247
8.104395627975464,1179068
8.52626919746399,1178578
8.573145627975464,1178368
8.604396104812622,1178226
9.064712762832642,1177714
9.0738205909729,1177663
9.323631525039673,1176811
9.354908466339111,1176701
10.249648094177246,1176593
12.487414360046387,1176332
53.39192056655884,1176332
