0.010997772216796875,1613186
0.020998716354370117,1605578
0.020998716354370117,1604744
0.02200031280517578,1598281
0.024026870727539062,1598177
0.030028581619262695,1598155
0.031027793884277344,1513225
0.045000314712524414,1451898
0.04900050163269043,1451345
0.08400511741638184,1447297
0.08400511741638184,1446605
0.12300491333007812,1433628
0.1370069980621338,1433376
0.14302444458007812,1432036
0.15102696418762207,1421728
0.17200803756713867,1421534
0.17901110649108887,1417612
0.22803211212158203,1413724
0.33601975440979004,1391181
0.33802032470703125,1383460
0.343019962310791,1382178
0.3500199317932129,1378668
0.4040234088897705,1374066
0.40502285957336426,1373171
0.40702366828918457,1372039
0.42002439498901367,1370973
0.4220242500305176,1362690
0.658038854598999,1361713
0.6860675811767578,1360541
0.6980597972869873,1360270
0.7120583057403564,1357370
0.7480628490447998,1354814
0.790043830871582,1348387
0.7910439968109131,1347834
0.914050817489624,1335474
0.9420528411865234,1334881
0.9750540256500244,1333435
1.220088005065918,1332776
1.224071741104126,1332742
1.236091136932373,1332567
1.3260765075683594,1330810
1.330094575881958,1328933
1.369096040725708,1328396
1.3740777969360352,1328139
1.5351066589355469,1326876
1.5561096668243408,1315458
1.558110237121582,1315368
1.5811092853546143,1313919
1.606111764907837,1312450
1.737126350402832,1311254
1.8031198978424072,1311140
1.9201109409332275,1310027
1.9621131420135498,1308970
1.9711320400238037,1308489
1.9941177368164062,1308062
2.017134666442871,1307985
2.02913761138916,1305155
2.03714656829834,1304993
2.071127414703369,1304424
2.077141046524048,1303999
2.089139461517334,1303602
2.104140281677246,1300899
2.1181414127349854,1300694
2.1311240196228027,1299876
3.0501797199249268,1299845
3.165184497833252,1299424
3.177185297012329,1299214
3.22220516204834,1299009
3.4792325496673584,1298578
3.5302236080169678,1298280
3.556224822998047,1297983
3.6422295570373535,1296829
5.525320529937744,1296651
9.123530864715576,1296596
9.149551153182983,1296406
9.156556367874146,1296201
9.45757246017456,1294252
9.498553276062012,1293855
10.019595623016357,1293823
12.379741191864014,1293743
12.558754205703735,1293740
16.7009916305542,1293709
16.828983545303345,1293533
18.286070585250854,1272057
18.32007122039795,1270955
18.333090782165527,1270845
18.345089435577393,1270730
18.558112621307373,1269649
18.666110515594482,1257495
18.82611870765686,1232761
18.926103830337524,1228275
18.94412398338318,1209862
19.0201096534729,1209822
19.04313087463379,1209426
19.18513250350952,1209311
19.211121082305908,1208916
19.250123739242554,1202160
19.375131607055664,1202080
19.450135231018066,1192766
19.764153242111206,1192512
19.91216278076172,1192038
19.968186855316162,1191896
19.98918867111206,1189821
20.247183322906494,1177017
20.863239288330078,1176533
20.969241619110107,1176436
21.390251398086548,1176326
24.55245351791382,1176211
56.90332651138306,1176211
