4.593696355819702,1330867
4.593696355819702,1329844
4.609321594238281,1328509
4.609321594238281,1328404
4.624946355819702,1327554
4.7186970710754395,1299983
4.7186970710754395,1299726
4.734321594238281,1298184
4.87630820274353,1298161
4.891932725906372,1295490
4.891932725906372,1290273
4.90755820274353,1289675
4.90755820274353,1286124
4.923182964324951,1280312
4.985682964324951,1276633
5.0493245124816895,1274416
5.096207618713379,1274194
5.096207618713379,1272274
5.096207618713379,1270764
5.111832141876221,1270061
5.111832141876221,1265258
5.283707618713379,1263047
5.299332857131958,1257240
5.439958333969116,1255943
5.486833095550537,1254134
5.502458333969116,1252757
5.518083572387695,1251914
5.533708333969116,1251410
5.533708333969116,1248799
5.5805840492248535,1245827
5.611833810806274,1245205
5.643083810806274,1245041
5.6587090492248535,1244921
5.7368340492248535,1242755
5.752459287643433,1242192
5.955584764480591,1240321
5.986835241317749,1240220
6.03488302230835,1240111
6.050535440444946,1239214
7.153322219848633,1239105
7.153322219848633,1237506
7.231447696685791,1237062
8.91895318031311,1235051
8.91895318031311,1234526
8.96582818031311,1234183
8.98145318031311,1233940
9.048527002334595,1232670
9.272579669952393,1230067
9.319454431533813,1228748
9.335079193115234,1228572
9.381954669952393,1228280
9.805066585540771,1227992
9.93006682395935,1227825
9.96131706237793,1226674
14.53060007095337,1226369
15.049627542495728,1226346
15.637105941772461,1226257
15.637105941772461,1226130
15.73085618019104,1226037
15.980857372283936,1225878
16.1382839679718,1225747
16.278909921646118,1225493
16.32578468322754,1225362
16.513285398483276,1225311
16.622660875320435,1225145
16.653910636901855,1224891
16.653910636901855,1224520
16.68830680847168,1224441
26.63183856010437,1224364
56.92012858390808,1224299
