0.0069751739501953125,9794401
0.013126134872436523,9753923
0.02372288703918457,9711377
0.06425809860229492,9661126
0.06897807121276855,9512006
0.09454727172851562,9471729
0.33174610137939453,9470327
0.3363912105560303,9185876
0.40568995475769043,9179092
0.7584991455078125,9140327
0.7735090255737305,8961794
0.7787082195281982,8918588
0.7840700149536133,8667921
0.7957510948181152,8667427
0.8013060092926025,8566950
0.8470501899719238,8515290
0.8520650863647461,8359496
0.8677082061767578,8269844
0.8785240650177002,8027940
0.9118690490722656,8013899
0.9150910377502441,7942476
0.9405391216278076,7881592
0.9509611129760742,7833338
0.9938831329345703,7832289
1.0065410137176514,7622851
1.013998031616211,7622436
1.0164871215820312,7597717
2.060896158218384,7590130
2.1230061054229736,7578955
2.135446071624756,7441079
2.156804084777832,7394814
2.1594440937042236,7269877
2.1619350910186768,7269010
2.2091219425201416,7255747
2.2118282318115234,7093156
2.2684051990509033,7086701
2.2738442420959473,6959605
2.3593242168426514,6934724
2.362248182296753,6825311
2.401785135269165,6770839
2.406722068786621,6728705
2.4785959720611572,6630196
2.484410047531128,6619843
2.5076053142547607,6603044
2.5136830806732178,6599568
2.5272951126098633,6575858
2.5545849800109863,6566132
2.557002305984497,6522056
2.5736942291259766,6477563
2.594076156616211,6392849
2.620199203491211,6385519
2.630974054336548,6270748
2.647584915161133,6264288
2.738460063934326,6146575
2.7578110694885254,6029723
2.7786412239074707,6009703
2.843964099884033,5980254
2.8559141159057617,5915746
2.917725086212158,5914351
3.2052900791168213,5834295
3.213165044784546,5790654
3.215705156326294,5744179
3.2207930088043213,5686066
3.2258081436157227,5622422
3.2412400245666504,5609308
3.246316909790039,5545729
3.2580111026763916,5532043
3.499147891998291,5477889
3.8556771278381348,5458120
3.860349178314209,5406489
3.8641409873962402,5389602
4.136519193649292,5376418
4.143609046936035,5370520
4.148376941680908,5349881
4.228531122207642,5342312
4.23392915725708,5295248
4.259196043014526,5284355
4.312453031539917,5243128
4.316559076309204,5158605
4.338212966918945,5111666
4.346161127090454,5006169
5.056309938430786,5002522
5.075907945632935,4957287
5.081568956375122,4892848
5.086632251739502,4883803
5.091961145401001,4810269
5.130785942077637,4803440
5.13592791557312,4748608
5.323808193206787,4727430
5.328838109970093,4624469
5.365952968597412,4575102
5.370822191238403,4570976
5.381213188171387,4570143
5.9630701541900635,4561544
5.968160152435303,4460892
6.509939193725586,4445582
6.527561187744141,4424461
6.533397912979126,4378705
6.54778790473938,4269449
6.765822172164917,4239945
7.80518913269043,4225508
9.924529075622559,4206124
9.948069095611572,4202964
10.122217178344727,4194789
10.127347230911255,4174619
10.132272005081177,4127778
10.137874126434326,4113058
10.14315414428711,4072680
10.15834903717041,4072278
10.265618085861206,4059813
10.271116018295288,4001975
10.281119108200073,4000352
10.287053108215332,3860750
10.321996927261353,3859283
11.359325170516968,3849251
11.389145135879517,3833209
11.63721513748169,3821975
11.643007278442383,3778859
11.682257175445557,3772292
11.6878080368042,3678420
11.71841025352478,3673950
11.762346982955933,3666567
11.784343004226685,3665872
11.855350017547607,3660352
11.916176080703735,3657312
12.189061164855957,3657261
12.232970237731934,3655826
12.361751079559326,3655622
12.382780075073242,3650036
12.400552034378052,3645401
12.741088151931763,3644765
12.832715034484863,3642156
12.83831000328064,3637210
13.169445991516113,3636367
13.275004148483276,3634245
13.285988092422485,3606401
13.306623220443726,3605666
13.312227010726929,3604538
13.315608024597168,3603779
13.330474853515625,3603763
13.336035013198853,3599595
13.58890414237976,3597740
13.60411787033081,3591124
13.716588973999023,3590488
13.992034912109375,3587601
14.214877128601074,3577695
14.250946998596191,3576186
14.255015134811401,3526630
14.276123046875,3524638
14.282013177871704,3523719
14.325700044631958,3522346
14.341317176818848,3502267
15.536128997802734,3498198
16.037557125091553,3495183
16.20807909965515,3485576
16.22773814201355,3482798
16.232485055923462,3452691
16.255657196044922,3448403
16.36300802230835,3441518
16.462114095687866,3441360
16.479770183563232,3439289
16.485954999923706,3437054
16.501437187194824,3435851
16.580926179885864,3431103
16.593466997146606,3429311
16.601051092147827,3429248
16.611757040023804,3426111
17.14361000061035,3423539
17.360440015792847,3422121
17.406741857528687,3422005
17.43983817100525,3421757
17.710692167282104,3421251
18.06588625907898,3419668
18.881705284118652,3402932
18.88747000694275,3401064
18.899620056152344,3400343
18.902011156082153,3399313
19.05305004119873,3399219
19.05845332145691,3394540
19.12121891975403,3384561
19.144674062728882,3384294
19.354538917541504,3328841
19.370381116867065,3315796
19.579912185668945,3314472
20.074421882629395,3312224
20.083279132843018,3286726
20.088452100753784,3282786
20.093626976013184,3245118
20.21502995491028,3243747
20.259822130203247,3243312
20.26710796356201,3132555
20.275198221206665,3117707
20.307331085205078,3106576
20.309782028198242,3092371
20.38997507095337,3086910
20.409342050552368,3080161
20.411766052246094,3054913
21.204914093017578,3040466
21.240458965301514,3013231
21.26975417137146,3005555
21.274546146392822,2980686
22.160154104232788,2974314
22.165050983428955,2972715
22.16756796836853,2951255
22.314937114715576,2931000
22.330119132995605,2927064
22.332487106323242,2907190
22.417725086212158,2905026
22.42220115661621,2895949
22.457803964614868,2894894
22.892077922821045,2894844
22.899450063705444,2877182
22.92450714111328,2875562
22.934389114379883,2861492
23.085982084274292,2860136
23.095437049865723,2857842
23.115069150924683,2857712
23.118305921554565,2827882
23.23699188232422,2826925
23.333660125732422,2823444
23.336100101470947,2797268
23.588926076889038,2794893
23.787986040115356,2736277
23.9691219329834,2722554
23.971621990203857,2687778
23.9747052192688,2650194
24.041641235351562,2625329
24.046231031417847,2564436
24.04886221885681,2545716
24.05126714706421,2492440
24.068987131118774,2485470
24.07897114753723,2476080
24.081353187561035,2409547
24.36910104751587,2367670
24.4669291973114,2365704
24.753329038619995,2364910
24.76478624343872,2308375
24.767261028289795,2221903
24.769706964492798,2120458
24.794553995132446,2094216
24.82978391647339,2088030
24.83990502357483,2085014
24.847251176834106,2064523
24.859877109527588,1970062
24.867328882217407,1961901
24.86991000175476,1946444
24.87714195251465,1933188
24.884582042694092,1920855
24.94557523727417,1919605
25.0193510055542,1917501
25.024245977401733,1916741
25.095070123672485,1902149
25.245524168014526,1881559
25.25277614593506,1845723
25.276812076568604,1788468
25.39366102218628,1782636
25.39611005783081,1767608
25.558985233306885,1760238
25.625071048736572,1756493
25.847039937973022,1733522
25.99616312980652,1731730
25.99896001815796,1714812
26.106901168823242,1706426
26.113394021987915,1705874
26.218146085739136,1617221
26.23321509361267,1612279
26.242025136947632,1611045
26.24532914161682,1609313
26.24972105026245,1603145
26.26715612411499,1590603
26.303413152694702,1582562
26.30620503425598,1575785
26.327314138412476,1575512
26.4407320022583,1566600
26.450634241104126,1565142
26.453076124191284,1558971
26.47741413116455,1552544
26.49484896659851,1552514
26.501243114471436,1545576
26.517889976501465,1544952
26.599022150039673,1544636
30.1072781085968,1543495
30.38144087791443,1495198
31.762335300445557,1478380
32.022627115249634,1477763
32.777541160583496,1477600
32.78267788887024,1471574
32.795140981674194,1464398
33.02777314186096,1464193
33.79600715637207,1463503
34.00672006607056,1463475
35.64586806297302,1462148
36.70276498794556,1459786
37.41309404373169,1459585
37.58216118812561,1458603
38.7857301235199,1454738
38.78845715522766,1454587
39.61956214904785,1451797
41.14839696884155,1448239
42.17869520187378,1446430
42.18543004989624,1446077
42.19076108932495,1444097
42.198678970336914,1440686
42.21691608428955,1368399
42.570054054260254,1357611
42.584747076034546,1327633
43.27021622657776,1327168
43.27584409713745,1320644
43.28534412384033,1320206
43.2908079624176,1297247
43.46846413612366,1295381
44.13108706474304,1294841
44.133666038513184,1293851
44.14423203468323,1292119
44.24675917625427,1290465
44.29746913909912,1289630
51.23125600814819,1289061
51.88818907737732,1289037
51.910197257995605,1288102
52.13739514350891,1288024
52.140109062194824,1286541
60.50596022605896,1284115
