4.004398822784424,1389806
4.020024299621582,1389236
4.035648822784424,1387579
4.145024061203003,1387404
4.160650014877319,1387343
4.238775014877319,1384108
4.238775014877319,1383670
4.270025730133057,1383169
4.28564977645874,1382103
4.332525014877319,1361212
4.332525014877319,1356003
4.395025253295898,1346087
4.441900730133057,1345478
4.529692649841309,1345280
4.529692649841309,1341826
4.54845929145813,1340360
4.845583200454712,1318246
4.892458438873291,1317647
5.001834154129028,1315717
5.033084154129028,1314081
5.06433367729187,1313468
5.06433367729187,1313316
5.079958915710449,1311339
5.079958915710449,1310454
5.079958915710449,1310374
5.095583915710449,1308361
5.095583915710449,1307745
5.158084154129028,1305714
5.158084154129028,1302324
5.158084154129028,1298016
5.173709154129028,1296664
5.204959154129028,1293803
5.2518346309661865,1293375
5.267459869384766,1292583
5.2830846309661865,1292378
5.298710107803345,1288732
5.298710107803345,1288497
5.376835584640503,1287942
5.392460346221924,1287185
5.392460346221924,1286388
5.408085584640503,1284247
5.423710584640503,1283697
5.423710584640503,1280832
5.517460346221924,1280100
5.517460346221924,1278501
5.533085584640503,1270187
5.564336061477661,1269844
5.579960823059082,1259494
5.595585823059082,1259426
5.626835823059082,1259100
5.626835823059082,1255826
5.64246129989624,1255753
5.658085584640503,1255520
5.704960823059082,1255014
5.93933629989624,1254814
5.93933629989624,1254778
5.954961776733398,1254216
6.0018370151519775,1253883
6.033086538314819,1253714
6.048711776733398,1251856
6.298712730407715,1251684
6.329962730407715,1251202
6.345587968826294,1251200
6.408088207244873,1249276
6.501838445663452,1249215
6.5174641609191895,1248029
6.5174641609191895,1247022
7.048715114593506,1246426
7.048715114593506,1245857
7.064340353012085,1245214
7.079965353012085,1244395
7.126840591430664,1243813
7.314341068267822,1243807
7.345590591430664,1241588
7.361216068267822,1238895
7.376841068267822,1237182
7.3924665451049805,1235713
7.50184178352356,1235525
7.548717737197876,1235083
7.5799665451049805,1234818
7.59559178352356,1233983
7.840930461883545,1233886
7.856555223464966,1232933
7.904615879058838,1232215
7.920241832733154,1231844
7.935866117477417,1231779
7.951491594314575,1231143
7.998366594314575,1226391
8.029617071151733,1223732
8.029617071151733,1223605
8.060866594314575,1187218
8.076491355895996,1185374
8.404617547988892,1185038
8.440380811691284,1184685
8.456015825271606,1184543
8.534130811691284,1183945
8.615102529525757,1182411
8.961117506027222,1182128
8.9767427444458,1181072
9.02361798286438,1180927
9.039243221282959,1180472
9.05486798286438,1180077
9.101743459701538,1180035
9.597065210342407,1179483
9.909593343734741,1178903
9.972093343734741,1178624
9.98771858215332,1178517
11.991671562194824,1177662
12.022920846939087,1176945
13.51431131362915,1176860
13.613882303237915,1176809
14.147640228271484,1176532
14.2726411819458,1176467
20.818553924560547,1176391
24.43796992301941,1176377
27.559208869934082,1176356
28.171030044555664,1176202
28.249155282974243,1176151
