5.228917837142944,1300892
5.244543075561523,1299970
5.63516902923584,1296799
5.63516902923584,1293693
5.666419506072998,1292034
5.697669506072998,1291715
5.697669506072998,1291371
6.05741810798645,1289957
6.05741810798645,1288519
6.073042154312134,1286829
6.073042154312134,1286418
6.088667154312134,1285498
6.229292869567871,1276329
6.26054310798645,1276303
6.26054310798645,1276087
6.276168346405029,1268123
6.30741810798645,1266864
6.323043346405029,1262503
6.385543584823608,1261168
6.401170015335083,1261026
6.401170015335083,1257812
6.416793346405029,1256895
6.510544300079346,1255733
6.510544300079346,1252821
6.682419061660767,1247949
6.729294300079346,1247261
6.760544538497925,1246673
6.760544538497925,1246276
6.838669538497925,1230951
6.869920015335083,1230874
6.916794538497925,1230468
6.948045492172241,1228901
6.963670015335083,1225693
7.057420253753662,1224039
7.1667962074279785,1223731
7.1824212074279785,1223653
8.932026386260986,1221367
9.26136064529419,1220852
9.448862075805664,1219033
9.464487075805664,1218891
9.464487075805664,1217827
9.542612314224243,1217651
9.55823802947998,1216424
21.70643973350525,1216227
22.628318071365356,1215951
23.96694827079773,1215949
24.04507279396057,1215350
24.1556613445282,1215285
24.374411582946777,1215143
24.405661582946777,1214938
28.86553955078125,1214887
