0.005558967590332031,9794401
0.011144876480102539,9753923
0.01886892318725586,9711377
0.03918194770812988,9661126
0.04371190071105957,9512006
0.06364202499389648,9471729
0.2552008628845215,9470327
0.2629668712615967,9185876
0.3029811382293701,9179092
0.5226202011108398,9140327
0.529541015625,8961794
0.5318410396575928,8918588
0.5341081619262695,8667921
0.5391290187835693,8667427
0.5414330959320068,8566950
0.5609951019287109,8515290
0.5636131763458252,8359496
0.5753419399261475,8269844
0.5808770656585693,8027940
0.5977959632873535,8013899
0.6004111766815186,7942476
0.61403489112854,7881592
0.619293212890625,7833338
0.6414940357208252,7832289
0.6500699520111084,7622851
0.657728910446167,7622436
0.6603298187255859,7597717
1.0641047954559326,7590130
1.0862901210784912,7578955
1.0925512313842773,7441079
1.1027519702911377,7394814
1.1058721542358398,7269877
1.1093637943267822,7269010
1.1342871189117432,7255747
1.1366639137268066,7093156
1.1683030128479004,7086701
1.1706819534301758,6959605
1.2161991596221924,6934724
1.2193331718444824,6825311
1.2393431663513184,6770839
1.2417068481445312,6728705
1.2824618816375732,6630196
1.2854938507080078,6619843
1.2987408638000488,6603044
1.3041009902954102,6599568
1.3129479885101318,6575858
1.3273179531097412,6566132
1.3296270370483398,6522056
1.343696117401123,6477563
1.3542320728302002,6392849
1.370924949645996,6385519
1.3773539066314697,6270748
1.385115146636963,6264288
1.4435880184173584,6146575
1.4548988342285156,6029723
1.4697461128234863,6009703
1.4917612075805664,5980254
1.4969310760498047,5915746
1.531054973602295,5914351
1.6635360717773438,5834295
1.6688449382781982,5790654
1.6713361740112305,5744179
1.6745920181274414,5686066
1.6772468090057373,5622422
1.6852378845214844,5609308
1.6875619888305664,5545729
1.6933369636535645,5532043
1.8089289665222168,5477889
1.9384241104125977,5458120
1.941594123840332,5406489
1.9443519115447998,5389602
2.1196179389953613,5376418
2.121961832046509,5370520
2.12473201751709,5349881
2.16164493560791,5342312
2.1642558574676514,5295248
2.17438006401062,5284355
2.2018890380859375,5243128
2.204542875289917,5158605
2.2154929637908936,5111666
2.217895030975342,5006169
2.5586071014404297,5002522
2.566770076751709,4957287
2.56917405128479,4892848
2.5717051029205322,4883803
2.575662136077881,4810269
2.5975191593170166,4803440
2.600322961807251,4748608
2.6976120471954346,4727430
2.699920177459717,4624469
2.7209980487823486,4575102
2.7233781814575195,4570976
2.728808879852295,4570143
2.9877500534057617,4561544
2.990812063217163,4460892
3.259535074234009,4445582
3.267380952835083,4424461
3.269718885421753,4378705
3.274366855621338,4269449
3.367837905883789,4239945
4.057323932647705,4225508
5.100790023803711,4206124
5.112393856048584,4202964
5.230961084365845,4194789
5.235783815383911,4174619
5.239508867263794,4127778
5.24190616607666,4113058
5.245097875595093,4072680
5.257160902023315,4072278
5.342935085296631,4059813
5.345234155654907,4001975
5.353184938430786,4000352
5.356717109680176,3860750
5.380699157714844,3859283
6.074527978897095,3849251
6.088646173477173,3833209
6.199817895889282,3821975
6.203060865402222,3778859
6.222586154937744,3772292
6.224928855895996,3678420
6.240071058273315,3673950
6.2595601081848145,3666567
6.270905017852783,3665872
6.3041980266571045,3660352
6.33073878288269,3657312
6.470618009567261,3657261
6.489169120788574,3655826
6.543587923049927,3655622
6.551459074020386,3650036
6.560453176498413,3645401
6.7713398933410645,3644765
6.84236216545105,3642156
6.8454179763793945,3637210
7.083876132965088,3636367
7.161179065704346,3634245
7.173202991485596,3606401
7.19390606880188,3605666
7.197285175323486,3604538
7.2002480030059814,3603779
7.214266061782837,3603763
7.219636917114258,3599595
7.3741490840911865,3597740
7.381141901016235,3591124
7.453992128372192,3590488
7.670615911483765,3587601
7.8865439891815186,3577695
7.903570890426636,3576186
7.905951023101807,3526630
7.920094966888428,3524638
7.922420024871826,3523719
7.948462009429932,3522346
7.955378770828247,3502267
9.09759783744812,3498198
9.708118915557861,3495183
9.896029233932495,3485576
9.921625137329102,3482798
9.926707983016968,3452691
9.953304052352905,3448403
10.053972959518433,3441518
10.132440090179443,3441360
10.150037050247192,3439289
10.15517520904541,3437054
10.16958999633789,3435851
10.225754976272583,3431103
10.231603860855103,3429311
10.23760986328125,3429248
10.240632057189941,3426111
10.603001117706299,3423539
10.805382013320923,3422121
10.858503103256226,3422005
10.90573000907898,3421757
11.218403100967407,3421251
11.47920298576355,3419668
12.16469693183899,3402932
12.1696298122406,3401064
12.1773841381073,3400343
12.17973804473877,3399313
12.38371205329895,3399219
12.389867067337036,3394540
12.438978910446167,3384561
12.456135988235474,3384294
12.61860704421997,3328841
12.636847019195557,3315796
12.810772895812988,3314472
13.374659061431885,3312224
13.380454063415527,3286726
13.383103847503662,3282786
13.388704061508179,3245118
13.551578044891357,3243747
13.628046035766602,3243312
13.634915113449097,3132555
13.64353084564209,3117707
13.67657995223999,3106576
13.680936813354492,3092371
13.7916841506958,3086910
13.820085048675537,3080161
13.824038028717041,3054913
14.472676038742065,3040466
14.505897998809814,3013231
14.535490989685059,3005555
14.541857957839966,2980686
15.130600214004517,2974314
15.136106014251709,2972715
15.139999866485596,2951255
15.306318044662476,2931000
15.326050996780396,2927064
15.331844091415405,2907190
15.40482497215271,2905026
15.407173156738281,2895949
15.432034015655518,2894894
15.816347122192383,2894844
15.824294090270996,2877182
15.859606981277466,2875562
15.86992597579956,2861492
16.024059057235718,2860136
16.031133890151978,2857842
16.043381929397583,2857712
16.047898054122925,2827882
16.1656711101532,2826925
16.28694486618042,2823444
16.290228843688965,2797268
16.602751970291138,2794893
16.721266984939575,2736277
16.846258878707886,2722554
16.84886908531189,2687778
16.851226091384888,2650194
16.947034120559692,2625329
16.9530348777771,2564436
16.95934510231018,2545716
16.965277194976807,2492440
17.007288932800293,2485470
17.024285078048706,2476080
17.02920913696289,2409547
17.610002040863037,2367670
17.776960849761963,2365704
18.097332000732422,2364910
18.10675811767578,2308375
18.109169006347656,2221903
18.112142086029053,2120458
18.136148929595947,2094216
18.18818712234497,2088030
18.2013418674469,2085014
18.209288835525513,2064523
18.222049951553345,1970062
18.22961187362671,1961901
18.232162952423096,1946444
18.23990797996521,1933188
18.24752187728882,1920855
18.29238486289978,1919605
18.36253786087036,1917501
18.367078065872192,1916741
18.4387948513031,1902149
18.58208203315735,1881559
18.5902681350708,1845723
18.615431785583496,1788468
18.729506969451904,1782636
18.73178005218506,1767608
18.850779056549072,1760238
18.90503692626953,1756493
19.067466974258423,1733522
19.145939826965332,1731730
19.148244857788086,1714812
19.239135026931763,1706426
19.243788957595825,1705874
19.319581985473633,1617221
19.32953906059265,1612279
19.338826894760132,1611045
19.345311880111694,1609313
19.354910850524902,1603145
19.387479066848755,1590603
19.4312801361084,1582562
19.434350967407227,1575785
19.463685035705566,1575512
19.566314935684204,1566600
19.578776121139526,1565142
19.583933115005493,1558971
19.615437984466553,1552544
19.63846707344055,1552514
19.647262811660767,1545576
19.67501211166382,1544952
19.7497980594635,1544636
24.69463300704956,1543495
25.16700315475464,1495198
27.426895141601562,1478380
27.84087300300598,1477763
29.076087951660156,1477600
29.081207036972046,1471574
29.09433603286743,1464398
29.481961965560913,1464193
30.8462131023407,1463503
31.197602033615112,1463475
34.217605113983154,1462148
35.845391035079956,1459786
36.97640585899353,1459585
37.28473210334778,1458603
39.45234203338623,1454738
39.45596885681152,1454587
40.72811794281006,1451797
42.81268811225891,1448239
44.134867906570435,1446430
44.14273715019226,1446077
44.145994901657104,1444097
44.15313196182251,1440686
44.18493986129761,1368399
44.53534007072449,1357611
44.54556107521057,1327633
45.01957392692566,1327168
45.03279519081116,1320644
45.044050216674805,1320206
45.047364950180054,1297247
45.25210499763489,1295381
46.1872980594635,1294841
46.19327092170715,1293851
46.21721792221069,1292119
46.4147469997406,1290465
46.48993802070618,1289630
57.090482234954834,1289061
58.08590793609619,1289037
58.12416982650757,1288102
58.45410203933716,1288024
58.45763611793518,1286541
71.84640192985535,1284115
