0.026001930236816406,1465888
0.037004947662353516,1464030
0.052002906799316406,1447467
0.06002330780029297,1441055
0.08400464057922363,1437536
0.10200643539428711,1424308
0.10800671577453613,1403627
0.1240072250366211,1399226
0.13300871849060059,1399050
0.13800907135009766,1390889
0.5930342674255371,1384174
0.5980362892150879,1381110
0.7120420932769775,1379909
0.7130420207977295,1378262
0.728043794631958,1378135
0.7400436401367188,1377880
0.9400761127471924,1362382
0.9540550708770752,1360917
1.5971126556396484,1338024
1.6051113605499268,1336846
1.6100940704345703,1336340
1.8251264095306396,1336032
1.866126298904419,1335013
1.8731303215026855,1333548
1.8791096210479736,1332430
1.9121310710906982,1331771
1.92014479637146,1326183
1.9251420497894287,1326001
1.939133882522583,1325791
1.9651339054107666,1325395
2.0441441535949707,1325330
2.260160446166992,1325281
2.4351422786712646,1321394
2.457162618637085,1320318
2.4851644039154053,1319922
2.4911649227142334,1318744
2.4911649227142334,1318534
2.5061779022216797,1316652
2.8431949615478516,1286165
2.8531668186187744,1285799
2.8631672859191895,1263501
2.930171489715576,1263436
2.943171739578247,1262676
3.024195909500122,1261916
3.0371782779693604,1261905
3.1971888542175293,1255993
3.207214832305908,1254133
3.2652132511138916,1253405
3.5952389240264893,1252956
3.838224172592163,1224178
3.845247983932495,1223579
3.867249011993408,1222664
3.875243902206421,1222560
3.9082281589508057,1221680
4.526264190673828,1221410
5.582346200942993,1221408
6.374374628067017,1221302
7.696451663970947,1220322
7.718452453613281,1219637
7.760453462600708,1219432
8.176479578018188,1218328
8.28950309753418,1218096
8.34248948097229,1216999
8.410511493682861,1216996
8.47051477432251,1216945
11.321664094924927,1216854
13.307807207107544,1216803
16.19494915008545,1216738
54.675201177597046,1216738
