5.321603059768677,1342522
5.340623617172241,1326785
5.358623027801514,1326541
5.454610347747803,1323740
5.489614009857178,1310643
5.517632246017456,1302028
5.600638151168823,1300945
5.6056389808654785,1300056
5.609620094299316,1299457
5.619640111923218,1297280
5.621639966964722,1296095
5.6386213302612305,1295666
5.682624340057373,1295433
5.702644109725952,1294297
5.722645282745361,1293861
5.724645614624023,1292853
5.731646776199341,1292099
5.750645160675049,1291729
5.751646280288696,1290311
5.771648645401001,1289669
5.829649925231934,1287655
5.867652654647827,1287515
5.874654293060303,1285921
5.969659090042114,1285345
6.015645265579224,1283744
6.064665794372559,1279825
6.121667146682739,1277523
6.138670206069946,1277404
6.17167067527771,1274278
6.373682022094727,1273103
6.383665084838867,1272550
7.126675367355347,1272045
7.130673885345459,1272028
7.136674642562866,1271392
7.169687271118164,1271164
7.180676698684692,1263485
7.1906578540802,1257226
7.225680112838745,1256728
7.248678922653198,1256474
7.283768177032471,1256194
7.486921072006226,1254832
7.502546310424805,1253830
8.066633939743042,1252693
8.44508671760559,1252552
8.525038003921509,1252501
8.855751037597656,1252129
8.871755123138428,1252019
8.89675784111023,1251213
8.975013494491577,1251161
9.0107262134552,1250863
12.035211324691772,1249760
12.066461563110352,1249593
12.186466455459595,1248814
12.188468217849731,1248407
12.48717474937439,1248194
14.016221523284912,1247637
15.189668416976929,1247366
26.327091693878174,1247315
42.8254771232605,1247301
42.95047688484192,1247250
