0.00738978385925293,9794401
0.013028144836425781,9753923
0.027096033096313477,9711377
0.0603330135345459,9661126
0.06617283821105957,9512006
0.08986997604370117,9471729
0.3531839847564697,9470327
0.36000776290893555,9185876
0.4167048931121826,9179092
0.6195299625396729,9140327
0.6359469890594482,8961794
0.6412248611450195,8918588
0.6466770172119141,8667921
0.6557056903839111,8667427
0.6583559513092041,8566950
0.6889519691467285,8515290
0.6944329738616943,8359496
0.7139897346496582,8269844
0.7247281074523926,8027940
0.7527518272399902,8013899
0.7566547393798828,7942476
0.7797689437866211,7881592
0.7906429767608643,7833338
0.8279929161071777,7832289
0.8390498161315918,7622851
0.8541018962860107,7622436
0.856895923614502,7597717
1.4378900527954102,7590130
1.4705028533935547,7578955
1.4817819595336914,7441079
1.4950640201568604,7394814
1.5001578330993652,7269877
1.505774736404419,7269010
1.552501916885376,7255747
1.5559959411621094,7093156
1.609156847000122,7086701
1.6151578426361084,6959605
1.6933188438415527,6934724
1.6985530853271484,6825311
1.730776071548462,6770839
1.7333569526672363,6728705
1.7901277542114258,6630196
1.7940738201141357,6619843
1.813417911529541,6603044
1.8239648342132568,6599568
1.835010051727295,6575858
1.8606929779052734,6566132
1.8636951446533203,6522056
1.8888139724731445,6477563
1.9134628772735596,6392849
1.9379119873046875,6385519
1.9471700191497803,6270748
1.9634218215942383,6264288
2.061246871948242,6146575
2.0798540115356445,6029723
2.1086997985839844,6009703
2.15305495262146,5980254
2.1623809337615967,5915746
2.2251179218292236,5914351
2.5046310424804688,5834295
2.516314744949341,5790654
2.521711826324463,5744179
2.5277628898620605,5686066
2.533583879470825,5622422
2.5466349124908447,5609308
2.552637815475464,5545729
2.565047025680542,5532043
2.771509885787964,5477889
3.022563934326172,5458120
3.027672052383423,5406489
3.035325765609741,5389602
3.299808979034424,5376418
3.3055129051208496,5370520
3.3094849586486816,5349881
3.38804292678833,5342312
3.3914527893066406,5295248
3.4163997173309326,5284355
3.46195387840271,5243128
3.4700779914855957,5158605
3.4886257648468018,5111666
3.493419885635376,5006169
4.048763751983643,5002522
4.058254957199097,4957287
4.061470985412598,4892848
4.068016767501831,4883803
4.073092699050903,4810269
4.108314752578735,4803440
4.113687992095947,4748608
4.279103994369507,4727430
4.2852489948272705,4624469
4.320453882217407,4575102
4.32642674446106,4570976
4.340035915374756,4570143
4.8152289390563965,4561544
4.819505929946899,4460892
5.296348810195923,4445582
5.314646005630493,4424461
5.321277856826782,4378705
5.331851959228516,4269449
5.505070686340332,4239945
6.309988021850586,4225508
8.30102801322937,4206124
8.320909023284912,4202964
8.462867975234985,4194789
8.46766996383667,4174619
8.47086477279663,4127778
8.476905822753906,4113058
8.481760025024414,4072680
8.491313934326172,4072278
8.599447965621948,4059813
8.602109909057617,4001975
8.60839295387268,4000352
8.612629890441895,3860750
8.652102947235107,3859283
9.585139989852905,3849251
9.616922855377197,3833209
9.844685077667236,3821975
9.850501775741577,3778859
9.887013912200928,3772292
9.891647815704346,3678420
9.922799825668335,3673950
9.957578897476196,3666567
9.981980800628662,3665872
10.05010199546814,3660352
10.109999895095825,3657312
10.379692077636719,3657261
10.427246809005737,3655826
10.5296049118042,3655622
10.543363094329834,3650036
10.559003829956055,3645401
10.869177103042603,3644765
10.943195819854736,3642156
10.946049928665161,3637210
11.255470752716064,3636367
11.359546899795532,3634245
11.36585807800293,3606401
11.383255958557129,3605666
11.392199754714966,3604538
11.395835876464844,3603779
11.408782005310059,3603763
11.413044929504395,3599595
11.642762899398804,3597740
11.654716968536377,3591124
11.823748111724854,3590488
12.147771835327148,3587601
12.401148796081543,3577695
12.429258823394775,3576186
12.435344934463501,3526630
12.46257472038269,3524638
12.467266082763672,3523719
12.512710809707642,3522346
12.526367902755737,3502267
13.810491800308228,3498198
14.36414885520935,3495183
14.545444011688232,3485576
14.572908878326416,3482798
14.577907800674438,3452691
14.607213020324707,3448403
14.719327926635742,3441518
14.808619022369385,3441360
14.823002815246582,3439289
14.827880859375,3437054
14.842562913894653,3435851
14.903053045272827,3431103
14.90724778175354,3429311
14.910825967788696,3429248
14.915774822235107,3426111
15.23235297203064,3423539
15.474905729293823,3422121
15.53309679031372,3422005
15.575732946395874,3421757
15.899748086929321,3421251
16.21222972869873,3419668
16.89669179916382,3402932
16.907102823257446,3401064
16.922767877578735,3400343
16.92810583114624,3399313
17.1203830242157,3399219
17.12571096420288,3394540
17.25630211830139,3384561
17.298882007598877,3384294
17.636565923690796,3328841
17.665348052978516,3315796
18.046302795410156,3314472
18.692699909210205,3312224
18.703479051589966,3286726
18.711142778396606,3282786
18.715365886688232,3245118
18.896673917770386,3243747
18.98033094406128,3243312
18.991652011871338,3132555
19.00120973587036,3117707
19.041573762893677,3106576
19.04872179031372,3092371
19.220566987991333,3086910
19.26830005645752,3080161
19.271023750305176,3054913
20.396683931350708,3040466
20.45275378227234,3013231
20.51003098487854,3005555
20.51885199546814,2980686
21.472864866256714,2974314
21.48511576652527,2972715
21.49130082130432,2951255
21.700040817260742,2931000
21.72600793838501,2927064
21.73416495323181,2907190
21.868566036224365,2905026
21.871299982070923,2895949
21.91775679588318,2894894
22.552783012390137,2894844
22.56790280342102,2877182
22.608176946640015,2875562
22.61924982070923,2861492
22.84461998939514,2860136
22.855225086212158,2857842
22.87526798248291,2857712
22.879892826080322,2827882
23.077529668807983,2826925
23.221621990203857,2823444
23.22720980644226,2797268
23.468679904937744,2794893
23.67072105407715,2736277
23.921837091445923,2722554
23.924667835235596,2687778
23.92938804626465,2650194
24.038986921310425,2625329
24.04318380355835,2564436
24.048836708068848,2545716
24.055465936660767,2492440
24.086479902267456,2485470
24.10367488861084,2476080
24.106404781341553,2409547
24.648789882659912,2367670
24.813458919525146,2365704
25.31859302520752,2364910
25.33349084854126,2308375
25.338791847229004,2221903
25.34445095062256,2120458
25.387319087982178,2094216
25.459717750549316,2088030
25.48028588294983,2085014
25.49775791168213,2064523
25.52240777015686,1970062
25.540071964263916,1961901
25.546835899353027,1946444
25.56084394454956,1933188
25.578118801116943,1920855
25.66271686553955,1919605
25.81526494026184,1917501
25.827789068222046,1916741
25.98834776878357,1902149
26.25383973121643,1881559
26.271009922027588,1845723
26.31480383872986,1788468
26.58236002922058,1782636
26.58735203742981,1767608
26.803727865219116,1760238
26.914535760879517,1756493
27.22185492515564,1733522
27.384509801864624,1731730
27.390012741088867,1714812
27.538601875305176,1706426
27.55036497116089,1705874
27.668884992599487,1617221
27.688760995864868,1612279
27.700164079666138,1611045
27.705894947052002,1609313
27.711323738098145,1603145
27.731012105941772,1590603
27.775519847869873,1582562
27.781237840652466,1575785
27.805163860321045,1575512
27.91568899154663,1566600
27.92810082435608,1565142
27.934412002563477,1558971
27.984071969985962,1552544
28.013738870620728,1552514
28.024438858032227,1545576
28.049746990203857,1544952
28.15159296989441,1544636
33.193662881851196,1543495
33.76851773262024,1495198
35.9770827293396,1478380
36.418253898620605,1477763
37.59794306755066,1477600
37.60380172729492,1471574
37.618507862091064,1464398
38.02226495742798,1464193
39.5330228805542,1463503
39.94243502616882,1463475
43.23364305496216,1462148
45.455365896224976,1459786
46.9377179145813,1459585
47.24849200248718,1458603
49.36517691612244,1454738
49.36862778663635,1454587
50.66534185409546,1451797
53.14953088760376,1448239
54.581042766571045,1446430
54.592514991760254,1446077
54.598402976989746,1444097
54.61021375656128,1440686
54.64672780036926,1368399
55.030723094940186,1357611
55.04230093955994,1327633
55.5426549911499,1327168
55.55238485336304,1320644
55.56554174423218,1320206
55.56946587562561,1297247
55.78154182434082,1295381
56.75434589385986,1294841
56.759076833724976,1293851
56.77642488479614,1292119
56.984086990356445,1290465
57.10433578491211,1289630
68.15884590148926,1289061
69.24669003486633,1289037
69.2804069519043,1288102
69.79517197608948,1288024
69.80118298530579,1286541
82.53022193908691,1284115
