4.067239999771118,1410283
4.078240394592285,1405606
4.083241939544678,1403601
4.086241006851196,1403539
4.09224271774292,1401001
4.103241443634033,1395290
4.183246850967407,1371683
4.184246778488159,1371275
4.194247484207153,1370360
4.194247484207153,1368877
4.210247993469238,1367076
4.344257116317749,1367054
4.347256183624268,1360737
4.390258073806763,1355151
4.433260679244995,1351580
4.447261571884155,1349055
4.536266565322876,1348103
4.548267126083374,1347546
4.548267126083374,1344943
4.560270071029663,1342022
4.570269346237183,1341669
4.5762693881988525,1341070
4.57827091217041,1338614
4.582269906997681,1336072
4.600270986557007,1334482
4.610271692276001,1325564
4.638273239135742,1316828
4.652274131774902,1314945
5.057297468185425,1312673
5.28031063079834,1311829
5.282310724258423,1310723
5.477322101593018,1309642
5.486322641372681,1308503
5.489322900772095,1307904
5.490322828292847,1303956
5.67833399772644,1300312
5.799341440200806,1300010
5.8043413162231445,1299099
5.854344129562378,1297888
6.783398151397705,1297326
6.823402404785156,1296862
6.861403226852417,1294371
6.93140721321106,1293565
6.9414074420928955,1291346
7.284427642822266,1291329
7.325430154800415,1290373
7.409435272216797,1290241
8.047472715377808,1288334
8.058472394943237,1288263
8.070473909378052,1288121
8.11047649383545,1287092
8.844547510147095,1287021
9.017554521560669,1269903
9.101559162139893,1269727
9.115560293197632,1269103
9.119560241699219,1268897
9.243568897247314,1267975
9.34557580947876,1267252
9.409577369689941,1266250
9.413577318191528,1265392
9.465580940246582,1265180
9.527584314346313,1264926
10.07158899307251,1264697
10.483640432357788,1264441
10.991670370101929,1264288
10.99867057800293,1264237
11.023671865463257,1263983
11.027672052383423,1263753
11.11567735671997,1263159
11.567703485488892,1263128
11.677701950073242,1263123
12.458730459213257,1261408
12.666759967803955,1261048
13.18979525566101,1261036
13.246775388717651,1261033
13.333799600601196,1260346
13.469808578491211,1259344
13.499810457229614,1258791
22.57532000541687,1258688
23.080349922180176,1258358
25.38251280784607,1258345
25.41248655319214,1258331
26.930594205856323,1258138
27.085603713989258,1257962
