0.01563096046447754,1411780
0.031269073486328125,1403718
0.04689526557922363,1403622
0.06251931190490723,1388130
0.06251931190490723,1357747
0.10939431190490723,1357721
0.10939431190490723,1341101
0.10939431190490723,1340243
0.12501955032348633,1333866
0.12501955032348633,1332783
0.23959589004516602,1282103
0.2577028274536133,1280975
0.2577028274536133,1280498
0.27335548400878906,1276784
0.3448810577392578,1276590
0.4230782985687256,1274890
0.4511549472808838,1273447
0.46680736541748047,1273210
0.5136830806732178,1272738
0.8261842727661133,1266912
1.3219597339630127,1263429
1.329033613204956,1261977
1.329033613204956,1256106
1.5915532112121582,1255635
1.5915532112121582,1255321
1.6540546417236328,1255207
1.6540546417236328,1255037
1.6853220462799072,1254966
1.7009286880493164,1254920
1.7321794033050537,1254261
2.3599696159362793,1253702
2.6285758018493652,1249700
2.6285758018493652,1249185
2.6285758018493652,1249006
2.6441996097564697,1248709
2.6910769939422607,1247840
2.852494716644287,1247714
2.9525082111358643,1247086
3.08650803565979,1246228
3.0885088443756104,1245832
3.1185097694396973,1245087
3.2385337352752686,1244606
3.3545427322387695,1243580
3.372544050216675,1242550
3.39554500579834,1242333
3.4115278720855713,1242229
4.506004095077515,1242222
4.585008382797241,1241875
4.585008382797241,1241646
4.605009317398071,1241157
4.6070098876953125,1240663
8.771735191345215,1240578
9.287381410598755,1240047
9.396470308303833,1240010
9.396470308303833,1239528
9.396470308303833,1239352
9.450884580612183,1239248
9.544662952423096,1239106
11.965815782546997,1238598
12.059573650360107,1238596
12.998375415802002,1238422
13.013999938964844,1238420
13.154625177383423,1238271
13.728324174880981,1238113
16.465996026992798,1238087
53.3587281703949,1238087
