3.82024884223938,1386676
3.8382515907287598,1385734
3.8542518615722656,1384632
3.875253677368164,1382358
3.880254030227661,1371049
3.9292550086975098,1371032
3.9312548637390137,1370426
3.9492568969726562,1369209
3.9602572917938232,1368916
4.173269271850586,1368648
4.186272621154785,1366376
4.203273057937622,1365165
4.2662763595581055,1362156
4.2662763595581055,1358436
4.270274877548218,1356826
4.272274971008301,1356046
4.27327561378479,1355037
4.279275417327881,1352026
4.291277885437012,1347911
4.295276641845703,1347647
4.364280462265015,1346569
4.3662803173065186,1345889
4.376283645629883,1345854
4.390283823013306,1343569
4.483287572860718,1337027
4.490287780761719,1331513
4.491290330886841,1330299
4.505289077758789,1329793
4.508291006088257,1329073
4.530290365219116,1328931
4.634298801422119,1328922
4.635298252105713,1312056
4.646298885345459,1311033
4.6922996044158936,1308159
4.757303476333618,1298192
4.759303569793701,1297555
4.79230523109436,1295987
4.799306154251099,1293616
4.8053083419799805,1293483
4.826307535171509,1293068
4.829307794570923,1292781
4.849308729171753,1292741
5.042320013046265,1292628
5.0603227615356445,1292486
5.061322450637817,1290155
5.071321249008179,1287046
5.0773234367370605,1286428
5.0773234367370605,1285582
5.136327028274536,1285343
5.1423256397247314,1281679
5.1423256397247314,1281155
5.144325494766235,1279264
5.304335355758667,1277809
5.413343667984009,1277244
5.414344072341919,1275230
5.480347633361816,1272029
5.490346670150757,1271919
5.79136323928833,1265053
5.7963645458221436,1262132
5.813368082046509,1262034
5.849369287490845,1261528
6.053379535675049,1258483
6.166386365890503,1257540
6.212390422821045,1257236
6.2193896770477295,1256984
6.267394304275513,1256399
6.29139518737793,1255904
6.301393508911133,1255771
8.02949571609497,1254492
8.036494970321655,1252727
8.091500520706177,1251824
8.092501163482666,1251682
8.138501167297363,1251511
8.821541547775269,1250441
8.858535051345825,1250312
8.878539085388184,1250136
10.379634380340576,1248849
10.3826322555542,1248441
10.431637048721313,1247375
10.527642965316772,1246739
15.11591100692749,1246662
15.574936389923096,1246588
15.59093713760376,1246181
15.975959777832031,1246134
16.58999514579773,1245150
16.716004848480225,1244974
19.401134490966797,1244923
23.37439250946045,1244808
35.464099407196045,1244635
36.16614007949829,1244217
36.418155670166016,1244166
39.88735818862915,1244041
41.73646521568298,1243990
