3.9972476959228516,1429995
3.9992482662200928,1429535
4.001248121261597,1425091
4.011251211166382,1425014
4.012250661849976,1422773
4.0362303256988525,1421123
4.078233003616333,1415124
4.099236726760864,1401948
4.100237846374512,1401837
4.202242851257324,1395259
4.236245155334473,1393833
4.238245487213135,1388856
4.241244792938232,1388343
4.262246131896973,1387793
4.26524543762207,1387631
4.270243883132935,1383759
4.273247718811035,1368504
4.405253887176514,1363316
4.516278028488159,1298630
4.541284561157227,1294911
4.542284965515137,1294495
4.55726170539856,1292757
4.5732810497283936,1292252
4.603264331817627,1281588
4.639285564422607,1281270
4.6422858238220215,1279010
4.6452906131744385,1279000
4.665285110473633,1274138
4.691288471221924,1267749
4.703289031982422,1264441
4.766275882720947,1264287
4.771274089813232,1264053
4.7832746505737305,1263718
4.78627610206604,1263682
4.794275522232056,1260892
4.803276062011719,1255060
4.808276176452637,1254459
4.822277069091797,1253798
5.133297681808472,1250375
5.243301153182983,1248208
5.252301216125488,1247144
5.289303302764893,1244537
5.323305606842041,1244132
5.421311855316162,1241311
5.421311855316162,1239488
5.442333221435547,1238889
5.5333380699157715,1238197
5.575340747833252,1237804
5.585340738296509,1237223
5.586340665817261,1237076
5.596349477767944,1236630
5.8813581466674805,1235094
6.345385789871216,1235064
6.357385635375977,1234777
6.370386600494385,1234440
6.416397333145142,1233658
6.420373439788818,1229439
6.489401578903198,1229220
6.496402025222778,1228552
6.58140754699707,1224850
6.585408926010132,1224366
6.6814124584198,1223256
6.692415237426758,1223195
6.695415258407593,1223037
6.875423908233643,1221719
7.206416368484497,1221711
7.208415985107422,1221675
7.313451051712036,1221405
7.462458372116089,1220985
7.463443994522095,1219783
7.822453260421753,1219486
7.943486213684082,1217896
7.982463359832764,1216837
8.01646375656128,1213774
8.033464431762695,1212955
8.04346513748169,1212864
8.570496559143066,1212606
8.582524538040161,1210640
8.786535739898682,1210240
8.788536310195923,1209671
8.857532262802124,1209275
8.956546068191528,1208947
9.066535711288452,1208320
9.07352876663208,1207802
9.130527973175049,1207626
9.792603254318237,1207300
10.349627256393433,1207291
10.505638599395752,1207059
10.595643281936646,1207056
10.84164810180664,1207054
10.87765097618103,1206661
11.009667873382568,1205605
14.196844339370728,1205529
14.227856397628784,1205328
14.2338547706604,1204932
14.269858837127686,1204867
15.26091480255127,1204709
17.469017028808594,1204685
17.64202642440796,1204543
19.764152765274048,1204430
20.638203620910645,1204429
20.647204399108887,1204314
28.095640182495117,1204172
