0.006478071212768555,9794401
0.012089252471923828,9753923
0.022556304931640625,9711377
0.07228803634643555,9661126
0.10378336906433105,9512006
0.18551230430603027,9471729
0.6082322597503662,9470327
0.6312401294708252,9185876
0.7092411518096924,9179092
1.2088782787322998,9140327
1.2246551513671875,8961794
1.2296292781829834,8918588
1.2348852157592773,8667921
1.2434051036834717,8667427
1.2478742599487305,8566950
1.2914612293243408,8515290
1.2956931591033936,8359496
1.3237082958221436,8269844
1.3339340686798096,8027940
1.3629813194274902,8013899
1.3689610958099365,7942476
1.3905720710754395,7881592
1.4006190299987793,7833338
1.449810266494751,7832289
1.466919183731079,7622851
1.4811320304870605,7622436
1.487431287765503,7597717
2.2756171226501465,7590130
2.327324151992798,7578955
2.338362216949463,7441079
2.36264705657959,7394814
2.3681910037994385,7269877
2.373169183731079,7269010
2.4227750301361084,7255747
2.4280292987823486,7093156
2.482870101928711,7086701
2.4905831813812256,6959605
2.579928159713745,6934724
2.584839344024658,6825311
2.6211841106414795,6770839
2.6275062561035156,6728705
2.7114319801330566,6630196
2.7165842056274414,6619843
2.748772144317627,6603044
2.7608182430267334,6599568
2.7787351608276367,6575858
2.80910325050354,6566132
2.812857151031494,6522056
2.840989351272583,6477563
2.869556188583374,6392849
2.9141921997070312,6385519
2.9238991737365723,6270748
2.9414873123168945,6264288
3.0514612197875977,6146575
3.0711281299591064,6029723
3.0993242263793945,6009703
3.1472620964050293,5980254
3.160633087158203,5915746
3.225119113922119,5914351
3.5017831325531006,5834295
3.51053524017334,5790654
3.515477180480957,5744179
3.5199711322784424,5686066
3.525567054748535,5622422
3.541356086730957,5609308
3.5463991165161133,5545729
3.558220148086548,5532043
3.898181200027466,5477889
4.223050117492676,5458120
4.237443208694458,5406489
4.246958255767822,5389602
4.667542219161987,5376418
4.678837060928345,5370520
4.684435129165649,5349881
4.831460237503052,5342312
4.83879017829895,5295248
4.871959209442139,5284355
4.941065073013306,5243128
4.951106071472168,5158605
4.971074104309082,5111666
4.9760870933532715,5006169
5.657668113708496,5002522
5.675385236740112,4957287
5.682814121246338,4892848
5.689524173736572,4883803
5.698394298553467,4810269
5.742030143737793,4803440
5.7485949993133545,4748608
5.980494260787964,4727430
5.986074209213257,4624469
6.031819105148315,4575102
6.03720498085022,4570976
6.0514750480651855,4570143
6.737511157989502,4561544
6.7426393032073975,4460892
7.512073040008545,4445582
7.539700031280518,4424461
7.545001029968262,4378705
7.559398174285889,4269449
7.90736722946167,4239945
9.064056158065796,4225508
11.482134103775024,4206124
11.50764799118042,4202964
11.711934089660645,4194789
11.717539072036743,4174619
11.721602201461792,4127778
11.728126049041748,4113058
11.733070135116577,4072680
11.751562118530273,4072278
11.935545206069946,4059813
11.941451072692871,4001975
11.952240228652954,4000352
11.957215070724487,3860750
11.998194217681885,3859283
13.13827109336853,3849251
13.16352105140686,3833209
13.38039231300354,3821975
13.388100147247314,3778859
13.432061195373535,3772292
13.437388181686401,3678420
13.467510223388672,3673950
13.512251138687134,3666567
13.535528182983398,3665872
13.610503196716309,3660352
13.681042194366455,3657312
13.959482192993164,3657261
14.00121808052063,3655826
14.147463321685791,3655622
14.166609287261963,3650036
14.182149171829224,3645401
14.562522172927856,3644765
14.670091152191162,3642156
14.675554037094116,3637210
15.02629017829895,3636367
15.141900062561035,3634245
15.154307126998901,3606401
15.179259300231934,3605666
15.184153079986572,3604538
15.191168069839478,3603779
15.208491086959839,3603763
15.21466612815857,3599595
15.517930030822754,3597740
15.5380380153656,3591124
15.666910171508789,3590488
16.019712209701538,3587601
16.3398699760437,3577695
16.392130136489868,3576186
16.401617288589478,3526630
16.449734210968018,3524638
16.456002235412598,3523719
16.52211618423462,3522346
16.537623167037964,3502267
18.06543731689453,3498198
18.72804617881775,3495183
18.94744610786438,3485576
18.97055220603943,3482798
18.976107120513916,3452691
19.00447106361389,3448403
19.137763261795044,3441518
19.237287282943726,3441360
19.254225254058838,3439289
19.26006317138672,3437054
19.27673029899597,3435851
19.349266290664673,3431103
19.355176210403442,3429311
19.36072611808777,3429248
19.3663113117218,3426111
19.78131103515625,3423539
20.062796115875244,3422121
20.125425338745117,3422005
20.183820247650146,3421757
20.58370304107666,3421251
20.965670347213745,3419668
21.751532077789307,3402932
21.76138925552368,3401064
21.77816128730774,3400343
21.78333806991577,3399313
22.014592170715332,3399219
22.02557110786438,3394540
22.13183307647705,3384561
22.16497015953064,3384294
22.507317066192627,3328841
22.53804111480713,3315796
22.867640256881714,3314472
23.770962953567505,3312224
23.782397985458374,3286726
23.78881311416626,3282786
23.79802131652832,3245118
24.104252338409424,3243747
24.244115114212036,3243312
24.262535333633423,3132555
24.27457618713379,3117707
24.343804359436035,3106576
24.351662158966064,3092371
24.57651996612549,3086910
24.615132331848145,3080161
24.62085199356079,3054913
25.966637134552002,3040466
26.042513370513916,3013231
26.111454010009766,3005555
26.121867179870605,2980686
27.371143341064453,2974314
27.380596160888672,2972715
27.383296012878418,2951255
27.62282705307007,2931000
27.64956521987915,2927064
27.65484595298767,2907190
27.768676280975342,2905026
27.77426528930664,2895949
27.817816257476807,2894894
28.392109155654907,2894844
28.409085273742676,2877182
28.442793130874634,2875562
28.449689149856567,2861492
28.644761085510254,2860136
28.65202522277832,2857842
28.67207407951355,2857712
28.67812418937683,2827882
28.858163118362427,2826925
28.999044179916382,2823444
29.00437021255493,2797268
29.270167112350464,2794893
29.45669412612915,2736277
29.685522317886353,2722554
29.68890619277954,2687778
29.693120002746582,2650194
29.79450821876526,2625329
29.800042152404785,2564436
29.80472707748413,2545716
29.80736017227173,2492440
29.841901063919067,2485470
29.859233140945435,2476080
29.863819122314453,2409547
30.331562995910645,2367670
30.502161264419556,2365704
30.97873616218567,2364910
30.994744062423706,2308375
30.99897599220276,2221903
31.003703117370605,2120458
31.04480004310608,2094216
31.11305332183838,2088030
31.13474416732788,2085014
31.151010036468506,2064523
31.16607427597046,1970062
31.175183296203613,1961901
31.178807258605957,1946444
31.192556142807007,1933188
31.207905054092407,1920855
31.279994249343872,1919605
31.40982723236084,1917501
31.415229320526123,1916741
31.544124364852905,1902149
31.772204160690308,1881559
31.78561305999756,1845723
31.83315110206604,1788468
32.030312299728394,1782636
32.03300094604492,1767608
32.24844431877136,1760238
32.34316110610962,1756493
32.61298108100891,1733522
32.755627155303955,1731730
32.7611882686615,1714812
32.914873123168945,1706426
32.92606210708618,1705874
33.070290327072144,1617221
33.08999514579773,1612279
33.10145115852356,1611045
33.106099128723145,1609313
33.10963726043701,1603145
33.13451814651489,1590603
33.175082206726074,1582562
33.17926812171936,1575785
33.2058892250061,1575512
33.32565093040466,1566600
33.33486008644104,1565142
33.337499141693115,1558971
33.37726712226868,1552544
33.399659156799316,1552514
33.40724515914917,1545576
33.42829418182373,1544952
33.53629016876221,1544636
38.28070616722107,1543495
38.73121619224548,1495198
40.99591398239136,1478380
41.40664505958557,1477763
42.61780834197998,1477600
42.623831033706665,1471574
42.64086031913757,1464398
43.03534126281738,1464193
44.46818208694458,1463503
44.818602085113525,1463475
47.62422204017639,1462148
49.47730112075806,1459786
50.62702417373657,1459585
50.918928146362305,1458603
52.78000736236572,1454738
52.782796144485474,1454587
54.00708031654358,1451797
56.075414180755615,1448239
57.50195527076721,1446430
57.511606216430664,1446077
57.51571822166443,1444097
57.52454614639282,1440686
57.555830001831055,1368399
57.919837951660156,1357611
57.935524225234985,1327633
58.46538329124451,1327168
58.47844409942627,1320644
58.49638915061951,1320206
58.50127816200256,1297247
58.704795122146606,1295381
59.732630014419556,1294841
59.738460302352905,1293851
59.75356698036194,1292119
59.903852224349976,1290465
59.984841108322144,1289630
71.20172429084778,1289061
72.18217611312866,1289037
72.21163439750671,1288102
72.54653429985046,1288024
72.55093717575073,1286541
84.50182819366455,1284115
