3.807119846343994,1366531
3.8383686542510986,1361510
3.8383686542510986,1358091
3.8383686542510986,1357285
3.8621020317077637,1355850
4.060149431228638,1352005
4.075774431228638,1351898
4.075774431228638,1351565
4.075774431228638,1351049
4.091399908065796,1350534
4.091399908065796,1340916
4.138274192810059,1339229
4.200774669647217,1331753
4.216399192810059,1331067
4.263274669647217,1327318
4.278899908065796,1326347
4.278899908065796,1325712
4.294525146484375,1323488
4.310150146484375,1323012
4.310150146484375,1321803
4.325775384902954,1320346
4.482025384902954,1298411
4.482025384902954,1297544
4.497650384902954,1296794
4.497650384902954,1296307
4.513275623321533,1296266
4.700776100158691,1294936
4.700776100158691,1294603
4.794526100158691,1293214
4.872652053833008,1292897
4.872652053833008,1292107
5.060152053833008,1290533
5.357028007507324,1289874
5.435153245925903,1284281
5.497653484344482,1283241
5.872655391693115,1282064
5.888279676437378,1281518
5.919529914855957,1280209
5.966405868530273,1279707
5.997654676437378,1279046
6.013280391693115,1277848
6.060155391693115,1276622
6.075780391693115,1275273
6.0914061069488525,1275131
6.0914061069488525,1273346
6.107030391693115,1272722
6.107030391693115,1270821
6.122655391693115,1270791
6.2007811069488525,1269907
6.2007811069488525,1268460
6.466406583786011,1259086
6.482031583786011,1258481
6.544532060623169,1254638
6.747657775878906,1253368
6.938876152038574,1253311
7.048872470855713,1252961
7.080874443054199,1252701
7.09987735748291,1251647
7.1240551471710205,1250668
7.139699459075928,1248825
7.139699459075928,1248635
7.234682321548462,1248084
7.328432559967041,1247888
7.328432559967041,1246538
7.375308513641357,1245755
7.390933036804199,1245338
7.390933036804199,1245189
7.531558036804199,1241216
7.531558036804199,1240387
7.547186613082886,1239651
7.609683990478516,1239646
7.656558513641357,1238964
7.703434467315674,1238287
7.719059228897095,1230408
7.750309228897095,1229628
7.750309228897095,1229494
7.828434228897095,1224625
8.091971635818481,1224244
8.13884687423706,1224043
8.17009711265564,1223264
8.374359369277954,1223116
8.421234846115112,1219990
11.801462888717651,1219573
11.87958812713623,1219338
12.288334608078003,1218731
15.386078834533691,1218729
17.748602390289307,1218601
19.605751752853394,1218551
19.699501991271973,1218409
19.95723867416382,1218360
36.23021149635315,1218337
38.3363401889801,1218106
38.58634114265442,1218095
38.68009114265442,1218044
38.80509161949158,1217868
