0.003482818603515625,9794401
0.00599980354309082,9753923
0.017607927322387695,9711377
0.04321408271789551,9661126
0.04775094985961914,9512006
0.06485199928283691,9471729
0.2987551689147949,9470327
0.30144309997558594,9185876
0.3679821491241455,9179092
0.5957441329956055,9140327
0.6033940315246582,8961794
0.6058659553527832,8918588
0.608292818069458,8667921
0.6134190559387207,8667427
0.6158499717712402,8566950
0.6356191635131836,8515290
0.6380548477172852,8359496
0.6505200862884521,8269844
0.6554062366485596,8027940
0.6708228588104248,8013899
0.6735780239105225,7942476
0.6865050792694092,7881592
0.6919722557067871,7833338
0.7147631645202637,7832289
0.7223610877990723,7622851
0.7302160263061523,7622436
0.7326200008392334,7597717
1.2165639400482178,7590130
1.2361059188842773,7578955
1.2409658432006836,7441079
1.2508091926574707,7394814
1.2540380954742432,7269877
1.2594828605651855,7269010
1.3005900382995605,7255747
1.3033649921417236,7093156
1.3328280448913574,7086701
1.3352410793304443,6959605
1.3761229515075684,6934724
1.378675937652588,6825311
1.3981099128723145,6770839
1.4005229473114014,6728705
1.4384441375732422,6630196
1.4409630298614502,6619843
1.4541730880737305,6603044
1.4590768814086914,6599568
1.4665851593017578,6575858
1.478870153427124,6566132
1.4812901020050049,6522056
1.495182991027832,6477563
1.5056781768798828,6392849
1.5206129550933838,6385519
1.525618076324463,6270748
1.5330109596252441,6264288
1.58309006690979,6146575
1.5933570861816406,6029723
1.605799913406372,6009703
1.6261861324310303,5980254
1.6311922073364258,5915746
1.6607921123504639,5914351
1.7851200103759766,5834295
1.7908880710601807,5790654
1.7936620712280273,5744179
1.7968671321868896,5686066
1.7994840145111084,5622422
1.8068490028381348,5609308
1.8093209266662598,5545729
1.8145501613616943,5532043
1.9205350875854492,5477889
2.04866886138916,5458120
2.0512149333953857,5406489
2.0536460876464844,5389602
2.1831440925598145,5376418
2.1860098838806152,5370520
2.1884350776672363,5349881
2.226641893386841,5342312
2.229401111602783,5295248
2.239535093307495,5284355
2.262791872024536,5243128
2.26554799079895,5158605
2.275318145751953,5111666
2.277765989303589,5006169
2.599698066711426,5002522
2.6073338985443115,4957287
2.60978102684021,4892848
2.6124801635742188,4883803
2.61628794670105,4810269
2.6345090866088867,4803440
2.6369969844818115,4748608
2.723958969116211,4727430
2.726490020751953,4624469
2.7462878227233887,4575102
2.7487480640411377,4570976
2.7537460327148438,4570143
2.9841420650482178,4561544
2.986630916595459,4460892
3.306809902191162,4445582
3.3228249549865723,4424461
3.3281381130218506,4378705
3.3386471271514893,4269449
3.501751184463501,4239945
4.618101119995117,4225508
6.215590953826904,4206124
6.228678941726685,4202964
6.373039245605469,4194789
6.378178119659424,4174619
6.381410121917725,4127778
6.3844969272613525,4113058
6.389794111251831,4072680
6.406146049499512,4072278
6.50069785118103,4059813
6.503338098526001,4001975
6.508238792419434,4000352
6.512808084487915,3860750
6.550185918807983,3859283
7.310585975646973,3849251
7.334456205368042,3833209
7.520128965377808,3821975
7.528005838394165,3778859
7.58971095085144,3772292
7.593321084976196,3678420
7.623486042022705,3673950
7.653870105743408,3666567
7.674835920333862,3665872
7.732167959213257,3660352
7.778072118759155,3657312
7.987143039703369,3657261
8.014827013015747,3655826
8.095192193984985,3655622
8.105478048324585,3650036
8.113754987716675,3645401
8.428395986557007,3644765
8.511362075805664,3642156
8.516979932785034,3637210
8.7797269821167,3636367
8.860064029693604,3634245
8.870329856872559,3606401
8.886683940887451,3605666
8.891609191894531,3604538
8.894891023635864,3603779
8.906999111175537,3603763
8.912345886230469,3599595
9.098054885864258,3597740
9.106091976165771,3591124
9.213633060455322,3590488
9.463535070419312,3587601
9.684375047683716,3577695
9.71195387840271,3576186
9.716964960098267,3526630
9.73778510093689,3524638
9.743020057678223,3523719
9.795079946517944,3522346
9.807562112808228,3502267
11.247471809387207,3498198
11.930671215057373,3495183
12.104460000991821,3485576
12.132328033447266,3482798
12.137285947799683,3452691
12.160583972930908,3448403
12.287612915039062,3441518
12.380070924758911,3441360
12.389640092849731,3439289
12.392441034317017,3437054
12.40706992149353,3435851
12.466609954833984,3431103
12.471828937530518,3429311
12.478116989135742,3429248
12.483488082885742,3426111
12.820375204086304,3423539
13.02896499633789,3422121
13.066248893737793,3422005
13.1077561378479,3421757
13.457837104797363,3421251
13.77340292930603,3419668
14.505727052688599,3402932
14.519231081008911,3401064
14.533539056777954,3400343
14.538481950759888,3399313
14.882627010345459,3399219
14.905863046646118,3394540
15.07961916923523,3384561
15.114830017089844,3384294
15.443151950836182,3328841
15.473671913146973,3315796
15.818105220794678,3314472
16.39973783493042,3312224
16.407941818237305,3286726
16.413401126861572,3282786
16.420781135559082,3245118
16.599598169326782,3243747
16.6925311088562,3243312
16.6977322101593,3132555
16.706340074539185,3117707
16.74501895904541,3106576
16.74835515022278,3092371
16.95752191543579,3086910
17.144176959991455,3080161
17.175295114517212,3054913
22.988592863082886,3040466
23.084548950195312,3013231
23.17554783821106,3005555
23.182101011276245,2980686
24.220169067382812,2974314
24.22925114631653,2972715
24.231996059417725,2951255
24.43644118309021,2931000
24.46566104888916,2927064
24.46819305419922,2907190
24.592979907989502,2905026
24.59696102142334,2895949
24.63651990890503,2894894
25.209005117416382,2894844
25.22378182411194,2877182
25.264786958694458,2875562
25.269710779190063,2861492
25.477813959121704,2860136
25.485074996948242,2857842
25.50515604019165,2857712
25.510972023010254,2827882
25.75346302986145,2826925
25.91227078437805,2823444
25.916790008544922,2797268
26.12463688850403,2794893
26.31147289276123,2736277
26.554309844970703,2722554
26.55968403816223,2687778
26.56495499610901,2650194
26.676527976989746,2625329
26.680289030075073,2564436
26.686185121536255,2545716
26.69117498397827,2492440
26.73207998275757,2485470
26.749933004379272,2476080
26.756174087524414,2409547
27.228228092193604,2367670
27.39452815055847,2365704
27.8178391456604,2364910
27.832751989364624,2308375
27.837568998336792,2221903
27.84202814102173,2120458
27.890197038650513,2094216
27.948463916778564,2088030
27.96510910987854,2085014
27.97834801673889,2064523
27.995823860168457,1970062
28.01170802116394,1961901
28.01700210571289,1946444
28.031136989593506,1933188
28.046762943267822,1920855
28.120203971862793,1919605
28.241102933883667,1917501
28.250365018844604,1916741
28.372985124588013,1902149
28.616995096206665,1881559
28.630052089691162,1845723
28.677632093429565,1788468
28.85669207572937,1782636
28.85913610458374,1767608
29.065882921218872,1760238
29.15847611427307,1756493
29.41619110107422,1733522
29.553093910217285,1731730
29.55699610710144,1714812
29.693588972091675,1706426
29.698611974716187,1705874
29.843607187271118,1617221
29.86509609222412,1612279
29.87596297264099,1611045
29.880237102508545,1609313
29.885273933410645,1603145
29.905580043792725,1590603
29.95528292655945,1582562
29.96004605293274,1575785
29.982162952423096,1575512
30.084413051605225,1566600
30.09805393218994,1565142
30.100736141204834,1558971
30.132158994674683,1552544
30.15264105796814,1552514
30.160605907440186,1545576
30.18200993537903,1544952
30.26178216934204,1544636
39.87790107727051,1543495
40.240537881851196,1495198
42.11569309234619,1478380
42.49448204040527,1477763
43.80419421195984,1477600
43.81713008880615,1471574
43.87039303779602,1464398
45.237229108810425,1464193
48.09613394737244,1463503
48.43239617347717,1463475
50.923828125,1462148
52.418724060058594,1459786
56.62648296356201,1459585
56.98295187950134,1458603
58.692214012145996,1454738
58.694802045822144,1454587
59.80131196975708,1451797
61.7369589805603,1448239
66.742516040802,1446430
66.78117108345032,1446077
66.79881811141968,1444097
66.83510303497314,1440686
66.95406484603882,1368399
67.33062815666199,1357611
67.34274196624756,1327633
67.85294914245605,1327168
67.85934209823608,1320644
67.87541604042053,1320206
67.88064098358154,1297247
68.10376811027527,1295381
68.9933979511261,1294841
68.9965271949768,1293851
69.00977802276611,1292119
69.14116787910461,1290465
69.2086431980133,1289630
84.47605204582214,1289061
85.46124815940857,1289037
85.49686193466187,1288102
85.79862880706787,1288024
85.8014268875122,1286541
105.92002892494202,1284115
