0.0220184326171875,1428168
0.024002552032470703,1425791
0.028003215789794922,1423144
0.06200528144836426,1423134
0.0890045166015625,1423091
0.10202407836914062,1422796
0.1160273551940918,1406176
0.1200251579284668,1405906
0.13302850723266602,1404035
0.14902997016906738,1401022
0.15700817108154297,1386702
0.16202831268310547,1370345
0.18703150749206543,1354025
0.21902942657470703,1353759
0.22803235054016113,1351748
0.25501346588134766,1342017
0.31703829765319824,1337322
0.3280363082885742,1335318
0.41004252433776855,1334820
0.472027063369751,1331064
0.5700557231903076,1328316
0.6060562133789062,1328124
0.6110351085662842,1326392
0.6200582981109619,1321498
0.661057710647583,1320518
0.6750390529632568,1318374
0.7280416488647461,1317776
0.7310588359832764,1316555
0.7500619888305664,1316425
0.8520488739013672,1315611
1.6261191368103027,1314533
1.723099946975708,1314383
1.9581410884857178,1313400
1.9671411514282227,1312790
1.9691414833068848,1311658
2.8581857681274414,1310351
2.8711698055267334,1309826
2.907186985015869,1309813
2.956190824508667,1308993
3.3052117824554443,1278807
3.417217969894409,1278633
3.561227798461914,1278585
3.8302414417266846,1277768
3.834242820739746,1277739
4.167261600494385,1277531
4.265266418457031,1275649
4.291269063949585,1275306
4.316278696060181,1275277
4.36627459526062,1274786
4.389279127120972,1273353
7.068431615829468,1272954
7.2034430503845215,1272818
7.383450031280518,1272614
7.394451379776001,1272099
7.964483976364136,1271889
7.989489316940308,1271482
8.31850290298462,1270796
8.584519147872925,1270669
8.588521242141724,1270493
9.536559104919434,1270241
11.68370008468628,1270212
11.75770616531372,1270036
12.374724626541138,1269655
16.486963272094727,1258486
16.74997901916504,1258439
16.96101403236389,1258374
17.52902364730835,1257978
17.53802490234375,1251949
17.590028047561646,1249983
18.116080045700073,1246687
19.48214864730835,1237672
19.566161632537842,1206397
19.607147455215454,1206221
53.37314057350159,1206221
