3.9090354442596436,1443268
3.921035051345825,1438424
3.9350357055664062,1432391
3.9960391521453857,1431998
4.003022193908691,1429925
4.033043384552002,1428769
4.041053056716919,1423743
4.057042360305786,1418750
4.062043190002441,1418626
4.138034105300903,1418372
4.151057481765747,1403131
4.152050495147705,1402400
4.156047105789185,1401730
4.167049407958984,1400589
4.186034440994263,1399629
4.191051244735718,1399242
4.528072357177734,1385245
4.568074941635132,1384595
4.614073753356934,1378243
4.648077964782715,1374208
4.656304836273193,1372705
4.6713433265686035,1367399
4.6723432540893555,1358565
4.685336112976074,1356539
4.70033860206604,1352921
4.702338695526123,1352828
4.712340354919434,1342485
4.7173378467559814,1341354
4.7203381061553955,1341207
4.7213380336761475,1339417
4.72234034538269,1336490
4.735227823257446,1335761
4.739229202270508,1334280
4.748228311538696,1334132
4.882224798202515,1334050
4.8992180824279785,1328128
4.909219264984131,1327914
4.934220314025879,1324357
4.936220407485962,1323936
4.947221517562866,1323372
4.954221963882446,1322695
4.956221580505371,1322199
4.959226846694946,1287639
4.967223405838013,1286461
4.990223169326782,1286149
5.031224966049194,1285657
5.0392444133758545,1283500
5.099248886108398,1276002
5.146234512329102,1274304
5.156235218048096,1273204
5.161235332489014,1272543
5.379248380661011,1272298
5.401249170303345,1260813
5.504255294799805,1260384
5.997282028198242,1259882
6.03430438041687,1259563
6.0843048095703125,1245161
6.088308811187744,1242681
6.102307558059692,1242514
6.109307765960693,1242449
6.133307695388794,1242423
6.14831018447876,1240531
6.163504123687744,1240261
6.2453577518463135,1237047
6.318276405334473,1236119
6.331259250640869,1230531
6.351258993148804,1226506
6.371259450912476,1226484
6.389260530471802,1224423
6.480410099029541,1221216
6.580620050430298,1220862
6.678354978561401,1220234
6.693979263305664,1219560
6.740854740142822,1219157
6.854278087615967,1219030
6.933541774749756,1217921
8.187331199645996,1206112
8.225351333618164,1204824
8.23735237121582,1203134
8.286516427993774,1201669
8.317766666412354,1200624
9.007893323898315,1200361
9.134487628936768,1197865
9.165737628936768,1197403
9.165737628936768,1197241
9.548500537872314,1196336
9.560500860214233,1196050
9.692442178726196,1195758
11.607054471969604,1195608
13.846298217773438,1195187
13.993990182876587,1194643
14.134614944458008,1193861
14.150240421295166,1193588
14.197115659713745,1193378
14.259615659713745,1193173
14.428339719772339,1193122
20.294429779052734,1192571
20.310083866119385,1192042
33.786991596221924,1191905
34.73978543281555,1191891
35.09500789642334,1191840
