0.011000394821166992,1437282
0.016000986099243164,1436476
0.020000696182250977,1424660
0.03000164031982422,1424480
0.08200573921203613,1414090
0.09300589561462402,1413856
0.10400700569152832,1412216
0.10800743103027344,1350266
0.12700748443603516,1349288
0.14900898933410645,1345096
0.15300917625427246,1345009
0.15400934219360352,1343979
0.1980135440826416,1336938
0.2920191287994385,1335787
0.3050196170806885,1335449
0.30801987648010254,1331426
0.32502174377441406,1331073
0.33202099800109863,1328561
0.3330209255218506,1328008
0.33402109146118164,1307495
0.36202287673950195,1305371
0.3980247974395752,1303711
0.5720522403717041,1302664
0.5730626583099365,1301552
0.6530380249023438,1293624
1.0750820636749268,1288414
1.1090636253356934,1287686
1.3940813541412354,1286698
1.4191086292266846,1286556
1.4211103916168213,1286303
1.425112009048462,1285718
1.4500846862792969,1284987
2.1891276836395264,1284674
2.2241296768188477,1284636
2.254131555557251,1284489
2.3481364250183105,1283654
2.4151406288146973,1283026
2.4271416664123535,1282646
2.917170286178589,1282619
2.926170825958252,1281783
2.9301705360412598,1279357
3.6262319087982178,1279130
4.425258159637451,1278722
4.470282077789307,1277331
4.4942626953125,1277011
4.563267230987549,1276155
4.882286071777344,1275619
4.89529824256897,1275247
4.9172868728637695,1274741
4.936309099197388,1274715
4.948288679122925,1274252
5.110298156738281,1273510
5.169321298599243,1273430
5.176325798034668,1273273
5.190322160720825,1273216
5.203323125839233,1272214
6.731395244598389,1271673
6.736395597457886,1271670
7.5804619789123535,1271442
7.851477861404419,1271303
8.2114999294281,1271181
8.385493755340576,1271039
8.458513736724854,1270557
8.58552098274231,1270347
8.616523742675781,1270282
8.911539316177368,1270016
11.551695108413696,1269826
16.251969814300537,1269746
54.25817394256592,1269746
