0.004280805587768555,9794401
0.008233070373535156,9753923
0.014394998550415039,9711377
0.03446197509765625,9661126
0.03870701789855957,9512006
0.05147290229797363,9471729
0.20699405670166016,9470327
0.20962214469909668,9185876
0.24699902534484863,9179092
0.3953831195831299,9140327
0.40163207054138184,8961794
0.4041271209716797,8918588
0.40711092948913574,8667921
0.41150903701782227,8667427
0.4135928153991699,8566950
0.4302978515625,8515290
0.4323079586029053,8359496
0.44286394119262695,8269844
0.447019100189209,8027940
0.459460973739624,8013899
0.4614570140838623,7942476
0.4717898368835449,7881592
0.4762570858001709,7833338
0.4950120449066162,7832289
0.501223087310791,7622851
0.5077500343322754,7622436
0.5099160671234131,7597717
0.8075861930847168,7590130
0.8271980285644531,7578955
0.8320479393005371,7441079
0.8416941165924072,7394814
0.8437180519104004,7269877
0.8465681076049805,7269010
0.8671708106994629,7255747
0.8698880672454834,7093156
0.8974630832672119,7086701
0.9002470970153809,6959605
0.9453599452972412,6934724
0.9473979473114014,6825311
0.966127872467041,6770839
0.9683139324188232,6728705
1.00885009765625,6630196
1.0110459327697754,6619843
1.0245981216430664,6603044
1.0293059349060059,6599568
1.035599946975708,6575858
1.0482509136199951,6566132
1.050360918045044,6522056
1.0622920989990234,6477563
1.0706069469451904,6392849
1.0847351551055908,6385519
1.0892832279205322,6270748
1.0967812538146973,6264288
1.146996021270752,6146575
1.155729055404663,6029723
1.1668701171875,6009703
1.1845571994781494,5980254
1.1892931461334229,5915746
1.2172839641571045,5914351
1.3410398960113525,5834295
1.3456451892852783,5790654
1.3481521606445312,5744179
1.3510570526123047,5686066
1.3531641960144043,5622422
1.360701084136963,5609308
1.3628740310668945,5545729
1.3677761554718018,5532043
1.464797019958496,5477889
1.5753791332244873,5458120
1.5776698589324951,5406489
1.579704999923706,5389602
1.688765048980713,5376418
1.6918859481811523,5370520
1.6941478252410889,5349881
1.7277319431304932,5342312
1.730626106262207,5295248
1.7421400547027588,5284355
1.7638859748840332,5243128
1.7660119533538818,5158605
1.775866985321045,5111666
1.778656005859375,5006169
2.0682199001312256,5002522
2.0758280754089355,4957287
2.077997922897339,4892848
2.0800180435180664,4883803
2.0828349590301514,4810269
2.099810838699341,4803440
2.1018929481506348,4748608
2.1877410411834717,4727430
2.18978214263916,4624469
2.211782932281494,4575102
2.2141451835632324,4570976
2.219154119491577,4570143
2.4385201930999756,4561544
2.4405410289764404,4460892
2.670269012451172,4445582
2.677683115005493,4424461
2.6798322200775146,4378705
2.6849889755249023,4269449
2.7827470302581787,4239945
3.2624311447143555,4225508
4.337835073471069,4206124
4.346212863922119,4202964
4.424901008605957,4194789
4.42711615562439,4174619
4.429137945175171,4127778
4.431210041046143,4113058
4.433347940444946,4072680
4.4395129680633545,4072278
4.489378213882446,4059813
4.491535902023315,4001975
4.4955971240997314,4000352
4.497786998748779,3860750
4.515568017959595,3859283
4.93163800239563,3849251
4.942155122756958,3833209
5.025996208190918,3821975
5.0280351638793945,3778859
5.04314923286438,3772292
5.045187950134277,3678420
5.055915117263794,3673950
5.0705649852752686,3666567
5.078974962234497,3665872
5.1043860912323,3660352
5.128345966339111,3657312
5.231909990310669,3657261
5.24678897857666,3655826
5.28692889213562,3655622
5.293555974960327,3650036
5.301101922988892,3645401
5.441645860671997,3644765
5.480721950531006,3642156
5.483591079711914,3637210
5.619624137878418,3636367
5.664460182189941,3634245
5.6686060428619385,3606401
5.6769959926605225,3605666
5.679059028625488,3604538
5.681225061416626,3603779
5.687505006790161,3603763
5.6895060539245605,3599595
5.79460597038269,3597740
5.800804853439331,3591124
5.862035036087036,3590488
5.980009078979492,3587601
6.089972019195557,3577695
6.10467791557312,3576186
6.106689214706421,3526630
6.120136022567749,3524638
6.122438907623291,3523719
6.147071123123169,3522346
6.153389930725098,3502267
6.935410022735596,3498198
7.6460490226745605,3495183
7.8262128829956055,3485576
7.847564220428467,3482798
7.851655960083008,3452691
7.876144886016846,3448403
8.048266172409058,3441518
8.196089029312134,3441360
8.216902017593384,3439289
8.22129487991333,3437054
8.234440088272095,3435851
8.291481018066406,3431103
8.294919967651367,3429311
8.30020785331726,3429248
8.305484056472778,3426111
8.590020895004272,3423539
8.804286003112793,3422121
8.85038709640503,3422005
8.885043144226074,3421757
9.15077519416809,3421251
9.396002054214478,3419668
9.932859897613525,3402932
9.938924074172974,3401064
9.949549913406372,3400343
9.95264220237732,3399313
10.100407123565674,3399219
10.110424995422363,3394540
10.199010133743286,3384561
10.221951007843018,3384294
10.434967041015625,3328841
10.456620216369629,3315796
10.733556032180786,3314472
11.411484956741333,3312224
11.421955108642578,3286726
11.427394151687622,3282786
11.431790828704834,3245118
11.95893406867981,3243747
12.148799180984497,3243312
12.160808086395264,3132555
12.172871112823486,3117707
12.258301973342896,3106576
12.262156009674072,3092371
12.50645112991333,3086910
12.558473110198975,3080161
12.564251899719238,3054913
13.910595893859863,3040466
13.996093988418579,3013231
14.069677829742432,3005555
14.079445123672485,2980686
15.403187036514282,2974314
15.415497064590454,2972715
15.4204580783844,2951255
15.718024015426636,2931000
15.758796215057373,2927064
15.772785902023315,2907190
16.0240421295166,2905026
16.029282808303833,2895949
16.111780881881714,2894894
16.994965076446533,2894844
17.0139799118042,2877182
17.065782070159912,2875562
17.08024001121521,2861492
17.398380041122437,2860136
17.413437128067017,2857842
17.441976070404053,2857712
17.447137117385864,2827882
17.66164207458496,2826925
17.84572410583496,2823444
17.85015892982483,2797268
18.274657011032104,2794893
18.556247234344482,2736277
18.998981952667236,2722554
19.005877017974854,2687778
19.012250900268555,2650194
19.212001085281372,2625329
19.218444108963013,2564436
19.22869896888733,2545716
19.234879970550537,2492440
19.28880286216736,2485470
19.334096908569336,2476080
19.340890884399414,2409547
20.046629905700684,2367670
20.277090787887573,2365704
20.945411205291748,2364910
20.97152018547058,2308375
20.978551149368286,2221903
20.983242988586426,2120458
21.047373056411743,2094216
21.135955095291138,2088030
21.16488814353943,2085014
21.185522079467773,2064523
21.220995903015137,1970062
21.248942852020264,1961901
21.25534701347351,1946444
21.272752046585083,1933188
21.29325795173645,1920855
21.399506092071533,1919605
21.598209142684937,1917501
21.60955500602722,1916741
21.793760061264038,1902149
22.166112184524536,1881559
22.18129324913025,1845723
22.244199991226196,1788468
22.528230905532837,1782636
22.53670310974121,1767608
22.836484909057617,1760238
22.96324896812439,1756493
23.350029945373535,1733522
23.541067123413086,1731730
23.546910047531128,1714812
23.73773503303528,1706426
23.748574018478394,1705874
23.939285039901733,1617221
23.960323095321655,1612279
23.974773168563843,1611045
23.98151397705078,1609313
23.98711609840393,1603145
24.014659881591797,1590603
24.07160496711731,1582562
24.078323125839233,1575785
24.12588095664978,1575512
24.275059938430786,1566600
24.28965401649475,1565142
24.295199155807495,1558971
24.34384298324585,1552544
24.377177000045776,1552514
24.38880205154419,1545576
24.42791509628296,1544952
24.58056902885437,1544636
30.953705072402954,1543495
31.469475984573364,1495198
34.03200912475586,1478380
34.52762699127197,1477763
36.28284502029419,1477600
36.28951621055603,1471574
36.308823108673096,1464398
36.75024104118347,1464193
38.331231117248535,1463503
38.74990200996399,1463475
41.586971044540405,1462148
43.15672993659973,1459786
44.23613095283508,1459585
44.51760220527649,1458603
46.41213607788086,1454738
46.414860010147095,1454587
47.57123589515686,1451797
49.59597110748291,1448239
51.18738603591919,1446430
51.1960232257843,1446077
51.20158004760742,1444097
51.207207918167114,1440686
51.23481202125549,1368399
51.593393087387085,1357611
51.6023371219635,1327633
52.089460134506226,1327168
52.09706997871399,1320644
52.10754203796387,1320206
52.112138986587524,1297247
52.31907892227173,1295381
53.25181818008423,1294841
53.25748896598816,1293851
53.2723331451416,1292119
53.42124605178833,1290465
53.49673819541931,1289630
64.14913392066956,1289061
65.17396211624146,1289037
65.21044588088989,1288102
65.55200004577637,1288024
65.5575020313263,1286541
77.54630708694458,1284115
