0.007008075714111328,8910
0.008008956909179688,8800
0.009008407592773438,8755
0.011008024215698242,8404
0.012008190155029297,7822
0.16000819206237793,7724
0.2009906768798828,7670
0.2019965648651123,7580
0.20299053192138672,7506
0.2280128002166748,7450
0.2280128002166748,7308
0.22901272773742676,7267
0.2420179843902588,7186
0.37603068351745605,7161
0.37603068351745605,7076
0.377030611038208,7029
0.40903258323669434,7017
0.4100329875946045,6987
0.482036828994751,6911
0.5080382823944092,6870
0.5410404205322266,6859
