0.001001119613647461,9882
0.0030007362365722656,9610
0.0060007572174072266,9587
0.009003162384033203,9212
0.012984037399291992,8725
0.02300238609313965,8676
0.02300238609313965,8630
0.02300238609313965,8492
0.02300238609313965,8000
0.024002552032470703,7748
0.024002552032470703,7694
0.024002552032470703,7636
0.07698631286621094,7489
0.10100722312927246,7391
0.11598920822143555,7270
0.12100982666015625,7252
0.13200902938842773,7224
0.1500098705291748,7172
0.1500098705291748,7157
0.1500098705291748,6982
0.1520090103149414,6932
0.2020118236541748,6930
0.2020118236541748,6915
0.2850170135498047,6912
0.2850170135498047,6906
0.2910168170928955,6870
0.43002748489379883,6865
0.5460302829742432,6859
1.682079792022705,6859
