0.008019208908081055,9452
0.00901937484741211,9311
0.011018514633178711,9156
0.011018514633178711,8871
0.0180206298828125,8779
0.021021127700805664,8751
0.021021127700805664,8345
0.021021127700805664,8305
0.040813446044921875,8042
0.040813446044921875,7984
0.040813446044921875,7957
0.10332202911376953,7477
0.13457179069519043,7172
0.2745223045349121,7094
0.2745223045349121,6955
0.4422307014465332,6914
0.4891061782836914,6890
0.4891061782836914,6878
0.5385286808013916,6865
0.6884753704071045,6859
