0.013798236846923828,8047
0.013798236846923828,7761
0.02379894256591797,7592
0.1676480770111084,7561
0.2027420997619629,7489
0.25974106788635254,7402
0.25974106788635254,7251
0.2797417640686035,7218
0.318744421005249,7208
0.34474682807922363,7193
0.3457460403442383,7112
0.3457460403442383,7081
0.3457460403442383,7077
0.3457460403442383,6966
0.34674596786499023,6950
0.39575719833374023,6944
0.4525575637817383,6926
0.56005859375,6875
0.6464059352874756,6870
0.6733963489532471,6865
0.716400146484375,6859
