0.05600309371948242,7618
0.06700348854064941,7561
0.06700348854064941,7476
0.06700348854064941,7429
0.08100438117980957,7306
0.13600778579711914,7279
0.14400935173034668,7151
0.14502620697021484,7138
0.16202974319458008,7093
0.17003345489501953,7028
0.23404693603515625,7018
0.23404693603515625,7009
0.23704314231872559,6982
0.23704314231872559,6973
0.24004364013671875,6941
0.3050374984741211,6935
0.3150608539581299,6898
0.3150608539581299,6878
0.3510401248931885,6870
0.5160512924194336,6859
1.6490981578826904,6859
