0.0009996891021728516,8322
0.0009996891021728516,8252
0.0009996891021728516,8072
0.028020143508911133,7522
0.028020143508911133,7508
0.06900334358215332,7496
0.1110067367553711,7434
0.14102649688720703,7304
0.15100812911987305,7303
0.16701078414916992,7254
0.2200314998626709,7203
0.22103095054626465,7154
0.22103095054626465,7108
0.22603631019592285,7004
0.22803544998168945,7002
0.22803544998168945,6965
0.22803544998168945,6959
0.2290356159210205,6930
0.2460329532623291,6909
0.2870163917541504,6865
0.38402271270751953,6859
1.598092794418335,6859
