0.0050013065338134766,7891
0.07100462913513184,7865
0.07201123237609863,7776
0.07300496101379395,7378
0.1330101490020752,7360
0.13800787925720215,7190
0.14000868797302246,7183
0.14300799369812012,7180
0.18401074409484863,7173
0.18401074409484863,7164
0.19501209259033203,7130
0.19501209259033203,7063
0.19601154327392578,7029
0.19703078269958496,7013
0.2350142002105713,7006
0.24401402473449707,7004
0.28101587295532227,6974
0.30801844596862793,6972
0.31001853942871094,6912
0.3110179901123047,6870
0.6790411472320557,6859
1.9571335315704346,6859
