0.0,9049
0.010997295379638672,8429
0.010997295379638672,8378
0.04098033905029297,8282
0.04198169708251953,8142
0.0650017261505127,8076
0.0650017261505127,7951
0.10502290725708008,7825
0.10502290725708008,7790
0.10798525810241699,7582
0.10798525810241699,7474
0.10798525810241699,7439
0.11300468444824219,7388
0.1300060749053955,7169
0.13300585746765137,7113
0.13800859451293945,7077
0.13899445533752441,7063
0.16701173782348633,7054
0.2110157012939453,6977
0.2110157012939453,6930
0.2390146255493164,6859
1.2510716915130615,6859
