0.0060002803802490234,9911
0.009000301361083984,9543
0.009000301361083984,9069
0.009000301361083984,8934
0.012000799179077148,8643
0.012000799179077148,8435
0.041002511978149414,8421
0.047002315521240234,8130
0.08600497245788574,7905
0.1610109806060791,7616
0.16200995445251465,7521
0.16400909423828125,7314
0.1830298900604248,7287
0.28104376792907715,7280
0.3020470142364502,7268
0.3020470142364502,7146
0.3020470142364502,7101
0.37505102157592773,7093
0.41205310821533203,6999
0.4210536479949951,6949
0.5260589122772217,6875
0.538062334060669,6859
