0.0,8640
0.0,8568
0.000997781753540039,8000
0.044005632400512695,7882
0.1000068187713623,7654
0.1000068187713623,7587
0.10900497436523438,7526
0.11798834800720215,7480
0.11798834800720215,7455
0.11798834800720215,7424
0.13101553916931152,7236
0.13998746871948242,7223
0.1429882049560547,7206
0.14398694038391113,7077
0.14398694038391113,7059
0.14398694038391113,7016
0.14398694038391113,7005
0.1449871063232422,6973
0.15498781204223633,6923
0.2009906768798828,6914
0.2009906768798828,6911
0.22201013565063477,6859
1.2210748195648193,6859
