0.0009999275207519531,8868
0.01500558853149414,8802
0.017001867294311523,8776
0.017001867294311523,8714
0.04200387001037598,8709
0.04400348663330078,8682
0.04400348663330078,8636
0.04400348663330078,8619
0.04400348663330078,8482
0.0610041618347168,8411
0.06300830841064453,8373
0.0740056037902832,8142
0.0740056037902832,8134
0.0740056037902832,8072
0.0740056037902832,7917
0.08500552177429199,7584
0.08700823783874512,7496
0.08700823783874512,7462
0.08700823783874512,7418
0.08700823783874512,7273
0.08799076080322266,7123
0.1760120391845703,7048
0.17701244354248047,7030
0.17701244354248047,7014
0.18001222610473633,7001
0.25301504135131836,6955
0.26201605796813965,6923
0.2630155086517334,6911
0.2630155086517334,6895
0.2759971618652344,6865
0.39202380180358887,6859
1.531090259552002,6859
