3.0021400451660156,168719
3.0177650451660156,168632
3.0333898067474365,168094
3.049015998840332,167622
3.211743116378784,165646
3.2273688316345215,164944
3.2273688316345215,163675
3.2273688316345215,163621
3.2429938316345215,163327
3.26104998588562,162726
3.264049768447876,162364
3.267057418823242,161958
3.4934375286102295,161691
3.4934375286102295,161643
3.5090627670288086,160462
3.5246877670288086,160388
3.5403120517730713,160187
3.5403120517730713,159924
3.5403120517730713,159296
3.5403120517730713,157722
3.5809171199798584,157105
3.59492826461792,157041
3.599928617477417,157019
3.603928565979004,156122
3.6301543712615967,156035
3.645806312561035,155763
3.661431312561035,155017
3.692681312561035,154942
3.7239315509796143,154551
3.7395570278167725,154503
3.7750279903411865,154412
3.7760279178619385,153733
3.7932543754577637,152903
3.8245320320129395,152831
3.8401570320129395,151895
3.8401570320129395,151671
3.8401570320129395,151290
3.8870325088500977,150804
3.9339072704315186,150684
3.9339072704315186,150590
3.9495325088500977,150091
3.9495325088500977,149961
3.9964072704315186,149743
3.9964072704315186,149137
4.027657508850098,148608
4.043282747268677,148322
4.097916841506958,148211
4.108919382095337,148205
4.173607587814331,147927
4.189233064651489,147721
4.189233064651489,147691
4.204857587814331,147671
4.22048282623291,147307
4.283727169036865,147200
4.293727159500122,146379
4.295037269592285,146240
4.310689687728882,146158
4.357565402984619,146048
4.357565402984619,145486
4.739192724227905,145479
4.754817724227905,144846
4.813455104827881,143948
5.460749626159668,143795
5.523249626159668,142984
5.523249626159668,142571
6.351637125015259,142556
6.962313175201416,142299
7.123613357543945,142282
7.170488595962524,141857
7.518018484115601,141757
7.997896671295166,139487
8.013521671295166,139458
8.391188621520996,139365
8.484937906265259,138873
8.50056266784668,138798
8.572527647018433,138485
8.598728895187378,138378
8.630005598068237,137760
8.92402696609497,137567
8.92402696609497,137336
9.281623125076294,137225
9.282623291015625,137031
9.943107604980469,136735
9.989983320236206,136436
10.419257879257202,136400
10.559235334396362,135976
10.901352882385254,135604
10.932603120803833,135115
10.948227405548096,134863
11.356219291687012,134845
11.387469291687012,134564
12.678456544876099,134555
12.694082021713257,134547
13.035971879959106,134298
43.67190194129944,134294
43.82543182373047,134265
44.20600199699402,134013
44.64609694480896,133816
44.97050714492798,133787
