3.6791906356811523,165595
3.6951918601989746,164716
3.736194133758545,164360
3.740194320678711,163427
4.009209871292114,163183
4.015210390090942,163122
4.023210763931274,162804
4.228224277496338,162797
4.229222774505615,162280
4.2482240200042725,162220
4.2822265625,161538
4.293226718902588,161248
4.31822943687439,160697
4.46223783493042,160553
4.4922380447387695,160146
4.509239196777344,159784
4.517238616943359,159727
4.5252416133880615,159032
4.538240909576416,158820
4.544240474700928,158435
4.569242477416992,157678
4.5932440757751465,156621
4.638246297836304,155457
4.656247138977051,155304
4.667247772216797,155040
4.67624831199646,154488
4.7242512702941895,153913
4.7342517375946045,153549
4.748252630233765,152871
4.923263788223267,152654
4.930264234542847,152120
4.9422643184661865,151902
4.947266340255737,151678
4.960265636444092,151594
5.019270420074463,150936
5.080272436141968,150397
5.093273401260376,149771
5.106273412704468,149757
5.116274356842041,149257
5.12427544593811,149121
5.191278457641602,148951
5.390289306640625,148925
5.440293550491333,148636
5.978325128555298,148468
5.984325170516968,147985
5.995326042175293,146943
6.021329402923584,146231
6.022327423095703,146012
6.024327516555786,146001
6.06933069229126,145374
6.076330661773682,145047
6.12333345413208,144157
6.162335634231567,144081
6.207338333129883,143977
6.21333909034729,143946
6.594385862350464,143728
6.629390001296997,143500
6.738394498825073,142885
7.746455669403076,142758
7.819460153579712,142537
7.821457862854004,140936
7.932466745376587,140445
7.977469444274902,140093
7.9964680671691895,139750
9.256542205810547,139648
9.612565040588379,139583
9.619563341140747,139357
10.535616874694824,138635
18.900105953216553,138583
21.49424958229065,138554
21.89128088951111,138497
22.477318286895752,138285
29.70273733139038,137836
30.60979127883911,137708
30.797801971435547,137651
41.375420331954956,137596
