3.3282992839813232,174275
3.331549644470215,173041
3.331549644470215,173000
3.3429758548736572,172514
3.354968309402466,171881
3.356969118118286,170388
3.367969036102295,168477
3.370967388153076,167805
3.3969788551330566,167533
3.3992083072662354,166263
3.3992083072662354,165877
3.414860486984253,165486
3.414860486984253,164160
3.4461114406585693,163196
3.4461114406585693,163191
3.4461114406585693,162965
3.461735486984253,162948
3.500124454498291,161637
3.516115665435791,161384
3.562119483947754,160449
3.581118106842041,159207
3.582119941711426,159070
3.587118625640869,158555
3.593120813369751,158457
3.6311230659484863,157771
3.6431219577789307,157369
3.6451218128204346,156258
4.055173873901367,155814
4.140168905258179,154404
4.146169185638428,153329
4.157169818878174,152621
4.17117166519165,152559
4.178171396255493,152305
4.1921727657318115,152112
4.203363656997681,151555
4.7467169761657715,151488
4.755717039108276,151155
4.92371678352356,150625
4.930717468261719,150373
4.962719202041626,149926
4.964719533920288,149501
4.972721815109253,149205
5.0177226066589355,148114
5.053724527359009,147080
5.091708421707153,147038
5.40540337562561,146882
5.83543062210083,146589
5.887441396713257,146431
5.918415069580078,146240
5.950415849685669,145803
5.95241641998291,145517
6.569471597671509,144319
6.579472064971924,143817
6.673477649688721,143617
6.675477743148804,142870
6.689480543136597,142648
6.745482444763184,142450
6.881661653518677,142086
6.899794340133667,141860
6.958772659301758,141459
6.9878010749816895,141060
6.991436004638672,141016
7.045473337173462,140957
7.055600643157959,140742
7.118128061294556,140623
9.645230293273926,140613
9.655250549316406,140503
9.659250020980835,140390
9.703262329101562,140332
9.738264799118042,140140
9.743265151977539,140037
9.82226014137268,140034
9.894270181655884,139972
9.928261756896973,139774
11.958760023117065,139722
11.983780145645142,139682
11.989781618118286,139536
15.772615194320679,139506
16.04629349708557,139403
16.04629349708557,139177
16.369654655456543,139096
16.99168109893799,139038
17.45168924331665,138951
17.55571699142456,138725
32.693703413009644,138670
