4.051236391067505,161294
4.068239688873291,160713
4.069239854812622,160275
4.086240530014038,159377
4.111239671707153,158961
4.1302430629730225,158883
4.139241695404053,158301
4.177246570587158,157483
4.258252143859863,157367
4.265249729156494,157071
4.26725172996521,156928
4.27625298500061,156738
4.294251203536987,156439
4.3072521686553955,156146
4.3242552280426025,155243
4.3292553424835205,154458
4.339253902435303,154415
4.342253923416138,154294
4.3442542552948,154181
4.3542563915252686,153628
4.361254930496216,153035
4.362256050109863,152980
4.363255023956299,152719
4.48726224899292,152621
4.588268995285034,152311
4.60326886177063,151017
4.60326886177063,150173
4.6582725048065186,149797
4.688274145126343,149355
4.702275514602661,149103
5.334301710128784,148893
5.450318098068237,147371
5.467319965362549,147176
5.628329277038574,147064
5.703333377838135,146932
5.7493369579315186,146630
5.816340446472168,146088
5.836341381072998,145974
5.844341993331909,145470
5.921346426010132,145151
6.0233519077301025,144999
6.048353433609009,144951
6.185361862182617,144914
6.20136284828186,143733
6.29636812210083,142789
6.479378700256348,142524
6.5243823528289795,142476
6.5533833503723145,142336
8.35248875617981,142203
8.37449026107788,142047
8.463495016098022,141823
8.524500846862793,141202
8.588502407073975,141139
8.921494960784912,141131
8.925522804260254,141073
8.983525514602661,140778
9.005528688430786,140603
9.02352786064148,140253
9.069530487060547,140174
9.490556955337524,139840
9.49355697631836,139625
10.48261308670044,139518
10.512615203857422,139422
10.647623062133789,139334
10.726627349853516,139238
10.74262809753418,139183
12.340696334838867,139175
14.074797868728638,138990
18.917080879211426,138946
18.980084896087646,138627
18.997085571289062,138522
19.013086795806885,138438
19.032087802886963,138359
19.273101568222046,138304
19.34610629081726,138078
20.10114812850952,137819
28.945684909820557,137759
32.20185589790344,137654
32.22685694694519,137575
34.149969816207886,137410
