3.491161823272705,177565
3.491161823272705,175724
3.506812334060669,174944
3.506812334060669,174863
3.506812334060669,174346
3.538037061691284,173394
3.5536630153656006,172613
3.5536630153656006,170187
3.5693044662475586,168016
3.5693044662475586,166041
3.598151922225952,164378
3.6366841793060303,164331
3.6376841068267822,164227
3.7168307304382324,163582
3.7168307304382324,163129
3.7168307304382324,162358
3.7168307304382324,161931
3.7324559688568115,161843
3.7480809688568115,161305
3.7480809688568115,161155
3.7793309688568115,160867
3.7793309688568115,159308
3.8262064456939697,158490
3.8887064456939697,158481
3.9043312072753906,158166
3.9043312072753906,157559
3.919956922531128,156981
3.9355812072753906,156942
4.185582637786865,155796
4.185582637786865,155669
4.201206922531128,155494
4.201206922531128,155317
4.216832160949707,155215
4.248082160949707,153241
4.263707399368286,153197
4.405458450317383,153106
4.421083688735962,152916
4.436708688735962,152625
4.452333450317383,152308
4.499208927154541,151604
4.514833688735962,151580
4.514833688735962,151476
4.63983416557312,151090
4.655459403991699,151019
4.70233416557312,150303
4.717959403991699,149855
5.0148351192474365,149313
5.388215065002441,148868
5.388215065002441,148777
5.4038405418396,146193
5.4038405418396,145132
5.622591257095337,144801
5.935092210769653,143788
5.9663426876068115,143228
5.981968641281128,143065
5.981968641281128,142819
6.060093402862549,141637
6.075717926025391,141422
6.106967449188232,141395
6.106967449188232,141239
6.153842926025391,141004
6.185092926025391,140711
6.263218402862549,140463
6.27884316444397,139341
6.388219118118286,139180
6.669470310211182,139100
6.7632200717926025,139081
6.810095310211182,138883
6.888220548629761,138857
7.013221263885498,138791
7.169471740722656,138541
7.185096979141235,137829
7.185096979141235,137420
7.3725972175598145,136612
7.4819724559783936,136511
7.606973171234131,136293
7.606973171234131,135683
14.530497312545776,135670
15.053459882736206,135613
15.154711723327637,135534
15.857839584350586,135350
16.467215538024902,135309
16.467215538024902,135039
18.060970783233643,134928
18.69190788269043,134710
21.262808322906494,134660
53.765507221221924,134623
