3.5323503017425537,163519
3.5323503017425537,163516
3.5323503017425537,161014
3.547975778579712,160649
3.704226493835449,159812
3.704226493835449,158632
3.719850778579712,158455
3.735476493835449,158450
3.751101493835449,158123
3.751101493835449,157915
3.751101493835449,155997
3.751101493835449,155099
3.766726493835449,154950
3.829226493835449,154794
3.84485125541687,154591
3.891726493835449,154472
3.9542272090911865,153685
3.9542272090911865,153535
3.9542272090911865,152396
3.9698517322540283,152367
3.9854772090911865,150885
4.001101732254028,150054
4.032351732254028,150027
4.64172887802124,149662
4.64172887802124,149507
4.751104354858398,149344
4.7979536056518555,148602
4.813576936721802,148463
4.829202890396118,147634
4.860451936721802,147201
4.938577651977539,147146
5.001078128814697,146399
5.032328367233276,146134
5.049092531204224,145707
5.127218246459961,145414
5.189718961715698,144340
5.3743813037872314,144108
5.4056315422058105,142620
5.45250678062439,142399
5.530632257461548,142008
5.624382257461548,141643
5.718132495880127,140568
5.749382734298706,139601
5.749382734298706,139160
5.983758449554443,138919
6.124384164810181,138500
6.171259164810181,137818
6.186884164810181,137667
8.750509977340698,137588
9.184078454971313,137133
9.23922324180603,137103
9.708001136779785,136684
9.942375659942627,136341
10.004877805709839,136303
10.286505222320557,136221
10.424505710601807,136189
10.612008094787598,135639
10.643255472183228,135411
10.674482822418213,135202
10.69010591506958,135156
10.705732107162476,134798
10.896520853042603,134494
13.360429048538208,134264
41.447752952575684,134209
45.143559217453,134099
47.485740423202515,134030
