0.0059278011322021484,724874
0.05266380310058594,720409
0.08114266395568848,713635
0.11885476112365723,712991
0.12642574310302734,708639
0.1648557186126709,698017
0.1820528507232666,697698
0.19365978240966797,696463
0.20080995559692383,679101
0.2441716194152832,676332
0.250518798828125,656896
0.6247758865356445,654854
0.6297578811645508,645931
0.689490795135498,640762
0.6928219795227051,633332
0.7066078186035156,616497
0.9972858428955078,613995
1.0692338943481445,613184
1.2959387302398682,612118
1.3239688873291016,612092
1.3309688568115234,608092
1.3332417011260986,604798
1.3386268615722656,602839
1.3460028171539307,582714
2.1189208030700684,579394
2.1975419521331787,579312
2.204389810562134,571991
2.330579996109009,570908
2.440333843231201,562402
2.476407766342163,562021
2.479675769805908,548368
2.49747896194458,545398
2.811466932296753,542960
2.8965718746185303,541572
2.904233932495117,541245
3.1459147930145264,540213
3.3281607627868652,538613
3.473952054977417,534366
3.47967791557312,530082
3.50687575340271,528631
3.5137217044830322,526196
3.51941180229187,519240
3.6566720008850098,517974
3.668707847595215,517960
3.6843957901000977,516608
3.6977338790893555,516160
3.709009885787964,508428
3.7119109630584717,507611
3.7238638401031494,494557
3.7323529720306396,492574
3.7366416454315186,490777
3.739287853240967,482320
3.7552568912506104,479164
3.761835813522339,476674
3.83503794670105,476631
3.976454973220825,475816
4.099734783172607,475540
4.1045308113098145,472700
4.226011753082275,471029
4.372516870498657,470411
4.410817861557007,464749
4.53147292137146,464357
4.536151647567749,460883
4.612599849700928,457968
4.6657397747039795,456300
4.887678861618042,455532
4.9061079025268555,449174
4.91381573677063,446405
4.934424877166748,442926
4.94373083114624,438021
4.991992712020874,432465
4.996536731719971,430137
4.99915075302124,427851
5.022226810455322,426335
5.287113904953003,425909
5.292184829711914,422406
5.294896841049194,419794
5.302771806716919,407891
5.844528913497925,407020
6.189909934997559,406816
6.204671859741211,403488
6.209867715835571,400838
6.2370970249176025,400067
6.262807846069336,399530
6.281183958053589,399350
6.2954418659210205,397070
6.304412841796875,396020
6.357235908508301,395361
6.359829902648926,386376
6.374563694000244,386351
6.3801867961883545,384432
6.385506868362427,383539
6.388361930847168,383409
6.393953800201416,381194
6.502161979675293,380088
6.509994983673096,379581
6.543550968170166,378615
6.575955867767334,375143
6.5827720165252686,371033
6.594101905822754,370465
6.599411964416504,366539
6.641005754470825,365634
6.7475059032440186,365595
6.782752752304077,365124
6.9101808071136475,364744
6.927919864654541,364635
6.941127777099609,362482
6.955115795135498,361894
6.96118688583374,361885
6.997238636016846,360290
7.034999847412109,354149
7.052303791046143,354028
7.058807849884033,353323
7.084375858306885,353018
7.224735975265503,352461
7.235924005508423,352446
7.479683876037598,352399
7.834755897521973,352069
7.876161813735962,352035
8.259191751480103,351414
8.265512943267822,351374
8.275332927703857,350750
8.294952869415283,348782
8.694938898086548,348039
8.70043683052063,347864
8.705434799194336,347307
9.978347063064575,345648
10.249613761901855,345610
10.254869937896729,344420
10.260119676589966,343902
10.266289949417114,342928
10.732574939727783,342823
11.620725870132446,341912
12.06908392906189,341243
12.090941905975342,341148
12.10254168510437,340680
12.108705759048462,339673
12.115867853164673,339347
12.1383957862854,338854
12.252922773361206,337857
12.258726835250854,336983
12.311913013458252,335910
12.317628860473633,334287
12.887773990631104,334182
12.90632677078247,333419
12.94833779335022,330263
13.054969787597656,328962
13.06057596206665,328312
13.075917720794678,325699
13.089394807815552,325499
13.09491777420044,323731
13.1074378490448,323532
13.337776899337769,322602
13.439267873764038,321295
13.487206935882568,320358
13.510733842849731,320351
13.581269025802612,319192
13.603043794631958,318424
13.608492851257324,315980
13.660143852233887,313602
13.66349172592163,310536
13.666257858276367,310144
13.669471979141235,309429
13.672694683074951,308236
13.858155727386475,307986
13.861068725585938,302537
13.984088897705078,302270
13.995812892913818,301116
15.231579780578613,300379
15.237079858779907,299330
15.244233846664429,299197
15.307459831237793,298934
15.311982870101929,298748
15.325008869171143,297796
15.336565017700195,297758
15.347934007644653,295182
15.594568967819214,295004
15.61218786239624,294017
15.914231777191162,293451
15.919570922851562,292179
15.92823576927185,292148
15.952168941497803,291551
15.989803791046143,291352
15.99578070640564,291331
16.22670269012451,289956
16.308804750442505,289640
16.31151580810547,288764
16.51927089691162,288219
16.523306846618652,287221
16.52711296081543,286727
16.673784732818604,286505
16.82481098175049,285724
16.83353877067566,284966
16.85779094696045,284916
16.862873792648315,284577
18.66153597831726,284417
19.303616046905518,283979
20.384776830673218,282382
20.397891759872437,281344
20.40560269355774,280410
20.582307815551758,279455
21.1752028465271,279249
21.880772829055786,279088
22.146427869796753,277659
22.72863006591797,277500
22.778530836105347,277320
22.952784776687622,277022
22.98814582824707,276481
22.9997878074646,268247
23.016881942749023,267105
23.021724939346313,267001
23.070067882537842,266131
23.077459812164307,258948
23.125688791275024,258393
23.12913179397583,257311
23.17425775527954,257202
23.181175708770752,255474
23.273955821990967,255119
23.277587890625,254526
23.452326774597168,251534
23.55064606666565,251196
23.553293704986572,240824
23.574845790863037,237910
23.604299068450928,231256
23.659697771072388,229047
23.665205001831055,225051
24.064477920532227,222844
24.071404695510864,221683
24.121660947799683,220038
24.15015983581543,217794
24.15561604499817,216880
24.161929845809937,216665
24.17479395866394,215032
24.30862784385681,214417
24.31893301010132,212565
24.321838855743408,208894
24.431933879852295,207585
24.43579387664795,206241
24.44255781173706,204110
24.57638669013977,204051
24.59525990486145,202906
24.695716857910156,202556
24.86718487739563,202460
24.87427282333374,201245
25.346834897994995,201012
25.467814922332764,198277
25.899377822875977,196801
26.31636691093445,196341
26.36383891105652,195133
26.695335865020752,194054
26.813437938690186,193727
26.826790809631348,193021
26.849793672561646,192283
26.862865924835205,191882
26.876918077468872,188161
27.282294750213623,187940
27.296459674835205,184254
34.692110776901245,184125
34.70134878158569,183460
35.1282958984375,180908
36.69145393371582,180307
37.098371744155884,180116
37.164989948272705,179730
37.896994829177856,179649
38.3389208316803,179434
38.60719275474548,177187
38.69827365875244,176265
38.786635637283325,175993
39.15097689628601,175762
40.9104540348053,175496
41.409552812576294,175398
42.126253843307495,174826
42.12995982170105,174481
42.18154287338257,174100
42.19766879081726,173419
42.55611801147461,173244
43.60492181777954,173155
46.63937163352966,172838
47.10032796859741,172375
50.811720848083496,171511
50.85127663612366,170632
51.131953954696655,170630
51.693620920181274,169916
52.086875915527344,169456
53.97798776626587,168781
54.81037902832031,166898
56.23863506317139,166791
56.2538948059082,166586
57.40566396713257,166581
57.411669969558716,166217
58.40410089492798,165548
58.4824116230011,163920
58.577515840530396,163901
58.6764178276062,163417
58.88521385192871,163070
59.962321758270264,162726
60.06307888031006,161443
60.068981885910034,160204
60.096391916275024,158597
60.167754888534546,158411
71.98067092895508,157487
73.59831976890564,157360
74.01977181434631,157357
74.02502870559692,156499
75.30204486846924,156245
75.81363368034363,156080
77.03843879699707,155154
81.28034687042236,155020
81.57735681533813,154984
81.59963488578796,154422
85.47907996177673,154290
85.76036787033081,153799
86.23873686790466,152757
87.1805157661438,151898
92.91421699523926,151595
93.00086569786072,150378
105.17241072654724,149722
115.76066994667053,149531
