4.807300090789795,169286
4.816303253173828,168970
4.847282886505127,168463
4.848301649093628,166934
4.871286153793335,166513
4.8733038902282715,165364
4.874284505844116,164112
4.914309024810791,163360
4.91830587387085,163070
5.281342267990112,162930
5.343330144882202,162922
5.3443334102630615,162330
5.42833685874939,161517
5.42833685874939,161514
5.434337377548218,161501
5.43533730506897,161048
5.45531964302063,160235
5.4683380126953125,160087
5.477337837219238,159057
5.479344129562378,159002
5.551342487335205,158914
5.574343919754028,158772
6.457377910614014,157290
6.457377910614014,157242
6.459378242492676,156975
6.529381990432739,156487
6.531382322311401,156047
6.534382104873657,155780
6.635388135910034,155223
6.641388654708862,154255
6.6423914432525635,153237
6.6443891525268555,153050
7.241442680358887,152601
7.6724677085876465,152427
7.678468704223633,152187
7.687468767166138,151653
8.147496223449707,151536
8.152497291564941,151452
8.155496597290039,150939
8.157495975494385,150654
8.205499649047852,150515
8.241482734680176,150393
8.24448275566101,149648
8.385490894317627,149233
8.442493438720703,148644
8.450494766235352,148482
8.613522291183472,148282
8.6155264377594,147691
8.638524532318115,147064
8.652506113052368,146049
8.667506456375122,145323
9.167555332183838,145320
9.222546577453613,144747
9.240541458129883,144563
9.241541385650635,144226
9.252541780471802,143021
9.261561155319214,142508
9.278562068939209,141789
9.3385488986969,141502
9.735569953918457,140922
9.75157117843628,140812
10.705645561218262,140265
11.464691162109375,140048
11.464691162109375,140025
11.579696416854858,139466
11.888714790344238,139163
12.154730319976807,138986
12.19773268699646,138236
12.260738849639893,137913
12.286720275878906,137729
12.325742483139038,137674
12.477731943130493,137623
12.499759674072266,137158
12.512753009796143,137151
12.546756744384766,136897
12.62275767326355,136847
12.624757051467896,136356
12.654742240905762,136199
12.661759376525879,135902
14.211834192276001,135631
14.805887222290039,135590
14.870890855789185,135427
14.961894273757935,135243
14.968894720077515,134684
14.975895166397095,134458
14.997880220413208,134408
15.042892694473267,133917
15.126904010772705,133778
16.19996738433838,133742
16.19996738433838,133673
50.74898862838745,133673
