3.8802261352539062,163033
3.8842263221740723,162803
4.0192341804504395,162127
4.0252344608306885,161772
4.060238599777222,161329
4.067237854003906,160866
4.069237470626831,160592
4.086238145828247,159828
4.089238405227661,159688
4.09523868560791,159542
4.102239370346069,159183
4.169254541397095,157851
4.187243461608887,157240
4.206245183944702,157197
4.216245889663696,156261
4.266249895095825,155989
4.277251482009888,155085
4.333252668380737,155059
4.337252855300903,154608
4.337252855300903,154532
4.99129056930542,154461
4.995291233062744,154094
5.007291793823242,153563
5.010291576385498,153405
5.058295011520386,153186
5.069295883178711,152750
5.070295333862305,152532
5.088273048400879,152163
5.21231746673584,151962
5.39131498336792,151417
5.414316654205322,150829
5.485320568084717,149849
5.69233250617981,149575
5.694332838058472,149256
5.703332901000977,148397
5.917346477508545,148263
5.917346477508545,148202
5.9313459396362305,146275
5.984349250793457,145719
6.21936297416687,144815
6.23236346244812,144668
6.2723658084869385,144222
6.729393243789673,144049
6.744393825531006,144003
6.8003973960876465,143865
6.852400302886963,143092
6.855400085449219,142883
6.895401954650879,142866
6.987409353256226,142845
7.393404006958008,142742
7.4834370613098145,142197
7.484447956085205,142127
7.594445705413818,141667
7.604445934295654,141144
7.831457614898682,140974
10.310577154159546,140565
10.317604780197144,140548
10.578619718551636,140391
10.687623739242554,140193
10.850633382797241,139824
11.435667991638184,139415
15.012879610061646,139267
15.226889848709106,139212
16.333956241607666,139043
16.59296941757202,138808
17.873044729232788,138806
18.115058660507202,138750
18.14206051826477,138637
18.219064712524414,138580
18.23206615447998,138287
18.324071168899536,138171
18.325071573257446,138116
21.665266752243042,138090
21.948283672332764,137771
