5.870366096496582,163645
5.8773438930511475,162861
5.885345220565796,162524
6.471379041671753,162137
6.565402507781982,161565
6.5674028396606445,161304
7.1854212284088135,160120
7.1874213218688965,159567
7.188421010971069,159403
7.191420793533325,157861
7.195420742034912,157002
7.282426118850708,156457
7.308427572250366,156216
7.316427946090698,156083
7.392432451248169,155174
7.429434537887573,154922
7.430434465408325,154408
7.430434465408325,153997
8.087494611740112,153277
8.120496034622192,153221
8.12549614906311,151369
8.339511632919312,150739
8.366508960723877,150262
8.366508960723877,149953
8.647507667541504,149952
8.759514331817627,149493
9.24954342842102,148289
9.253543615341187,148071
9.26954460144043,147992
9.2755446434021,147392
9.286545038223267,146214
9.304546117782593,146157
9.306546211242676,145956
9.70458698272705,145604
9.7135910987854,144859
9.728592872619629,144263
9.751569986343384,144234
9.842575550079346,143934
9.844575643539429,143917
9.844575643539429,143838
9.864576816558838,143620
10.185595750808716,142672
10.187594890594482,142447
10.191596269607544,141585
10.199596405029297,140976
10.229598045349121,140704
10.230597972869873,140433
10.25059962272644,139660
12.228716850280762,139181
12.23171615600586,138918
12.258745670318604,138616
12.260745763778687,138513
12.296719551086426,138353
12.306742906570435,138341
12.314740180969238,138059
12.319740056991577,137940
12.647739887237549,137640
14.554851293563843,137587
14.601854085922241,137270
14.624855756759644,137093
14.71686053276062,136941
15.197888851165771,136886
15.249891996383667,136809
15.290893793106079,136625
15.540908098220825,136537
15.731921195983887,136413
15.795926332473755,136312
15.910933017730713,136257
16.050958395004272,135921
17.07001829147339,135487
23.61038064956665,135470
23.62338137626648,135286
25.506511449813843,135240
52.973100423812866,135240
