4.714295387268066,163032
4.7212958335876465,162916
5.81134033203125,162313
5.81334114074707,161972
5.825361251831055,161640
5.849362373352051,161563
5.924373626708984,160562
5.932369947433472,159379
5.9333741664886475,159310
5.9843738079071045,159138
5.9883787631988525,158800
6.000370979309082,158736
6.0133726596832275,157499
7.129437446594238,157299
7.1414408683776855,157230
7.187442302703857,156861
7.200421571731567,156330
7.268444538116455,155621
7.273448944091797,155332
7.278443813323975,154779
7.285449981689453,154530
7.286447286605835,153643
7.324447870254517,153213
7.3574538230896,153196
7.362431287765503,153154
8.048474311828613,152994
8.067474365234375,152390
8.069491147994995,152283
8.073495149612427,152233
8.134477376937866,150360
8.147508382797241,150142
8.174497842788696,149987
8.174497842788696,149677
8.181498527526855,148919
8.207501649856567,148364
8.450497388839722,147674
8.451500654220581,147655
9.004547119140625,147031
9.031552076339722,146920
9.20955777168274,146626
9.239543437957764,146318
9.248564720153809,146314
9.24956464767456,146266
9.351566791534424,146254
9.36557126045227,146098
9.36557126045227,146070
9.558577299118042,145685
9.559579372406006,145653
9.870596885681152,145151
9.89059829711914,144797
10.507615089416504,144323
10.537618637084961,144197
10.550618886947632,144102
10.715646505355835,143749
10.881657361984253,143349
10.935658931732178,143075
10.956674098968506,142377
10.9886634349823,142218
10.998645782470703,142156
10.999663352966309,141599
11.124674320220947,141038
11.283661365509033,140017
11.290684461593628,139743
11.316680431365967,139518
11.323693037033081,139363
11.372684955596924,139007
11.378684997558594,138931
11.390689611434937,138044
11.457691431045532,137754
11.476700782775879,137704
11.51767349243164,137503
11.527693033218384,137277
11.531687259674072,137102
11.639702081680298,136923
11.641704320907593,136200
11.645702362060547,135711
20.205183267593384,135302
21.040252685546875,135191
30.312774896621704,135172
50.902996301651,135172
