3.6269214153289795,165019
3.644940137863159,164645
3.648921489715576,163257
3.8808786869049072,162249
3.896503210067749,161498
3.912128210067749,160932
3.912128210067749,160239
3.927753448486328,159880
3.927753448486328,159637
3.927753448486328,159089
3.927753448486328,158867
3.94337797164917,158501
3.94337797164917,158342
3.97462797164917,157561
4.023159503936768,157448
4.037171840667725,156879
4.054420709609985,156341
4.054420709609985,155955
4.07007360458374,155169
4.07007360458374,154624
4.08569860458374,154601
4.08569860458374,154592
4.08569860458374,154506
4.78899359703064,154416
4.947365045547485,153523
4.9483654499053955,152799
4.962368488311768,152723
4.970366716384888,152635
5.168060064315796,152383
5.168060064315796,151273
5.2930614948272705,150949
5.308686017990112,150663
5.324310541152954,150579
5.324310541152954,149730
5.324310541152954,149650
5.324310541152954,149264
5.418061256408691,148821
5.464936256408691,148478
5.464936256408691,147469
5.515167236328125,147206
5.623645067214966,146930
5.639268636703491,146809
5.654893636703491,146785
5.764268636703491,146638
6.621328353881836,146339
6.689351797103882,145841
6.698353052139282,145666
8.018284797668457,145581
8.143312454223633,145445
8.143312454223633,145195
8.174562454223633,144936
8.253417253494263,144444
8.291418552398682,143946
8.300417423248291,143762
8.432424068450928,143754
8.47943115234375,143605
8.603437662124634,143475
8.677425384521484,143257
8.67844271659851,143250
8.701443195343018,142214
8.83043098449707,142155
8.851432085037231,141999
8.998441457748413,141437
9.006441593170166,140806
9.02344274520874,140252
9.062445402145386,139714
9.117448329925537,139694
9.221474170684814,139385
9.894629001617432,139205
9.981608867645264,139150
9.990689992904663,138700
10.084458351135254,138635
10.115708589553833,138618
10.287730693817139,138551
10.31898045539856,138354
10.412731170654297,138252
10.42835521697998,137044
14.605563402175903,137021
15.695375680923462,136972
15.976654767990112,136720
16.415351152420044,136566
19.514678716659546,136536
25.30110454559326,136457
26.28297209739685,136445
26.32984733581543,136390
26.345471143722534,136387
26.376720905303955,136178
28.292956590652466,136110
29.63922953605652,136032
30.021138906478882,135848
34.21316909790039,135767
