4.336959362030029,165605
4.350959777832031,165576
4.453332901000977,165531
4.456352710723877,165032
4.460354566574097,163550
4.466355562210083,163348
4.482354402542114,163089
4.4833550453186035,162704
4.489354372024536,160890
4.495354652404785,159366
4.501603364944458,158626
4.522520303726196,157837
4.529520511627197,157788
4.555548429489136,156803
4.560550212860107,156701
4.562526702880859,154047
4.5655224323272705,153900
4.576543092727661,153188
4.595542669296265,152315
4.5965423583984375,151645
4.612545490264893,151564
4.613545656204224,150019
4.6585283279418945,149952
4.919502019882202,149735
5.0047080516815186,149475
5.008706331253052,149041
5.016709089279175,148514
5.026690483093262,146998
5.108695030212402,146122
5.5846168994903564,146022
5.65562105178833,145209
5.71662163734436,144753
5.720623254776001,144506
5.883528232574463,144500
5.907520532608032,143916
6.794422149658203,142863
6.915555953979492,142858
6.921576738357544,142431
7.0974626541137695,142052
7.101480007171631,141600
7.1304943561553955,141247
7.185486555099487,141189
7.25549054145813,140905
7.38049840927124,140600
7.403499364852905,140135
7.419500350952148,139934
7.419500350952148,139831
7.524782419204712,139229
7.526753664016724,138559
7.557772874832153,137847
7.59477686882019,137568
7.63839864730835,137200
10.675694704055786,137051
10.744690418243408,136833
10.764690160751343,136550
10.780715703964233,136306
10.85469651222229,136289
10.994706392288208,136150
11.02370834350586,135966
11.80875277519226,135670
12.591597080230713,135385
16.353153944015503,135063
16.353153944015503,135054
19.836167335510254,134856
23.33766531944275,134814
23.431443214416504,134745
