5.618348598480225,158200
5.739355087280273,158076
5.9543681144714355,156537
5.9553680419921875,155810
5.959372043609619,154638
7.296450614929199,153721
7.297449588775635,153495
7.313448905944824,153043
7.425454139709473,152333
8.130494832992554,151889
8.145496129989624,151248
8.146499395370483,151061
8.160497426986694,150607
8.467515230178833,150275
8.481496572494507,150048
8.483516216278076,149288
8.49149775505066,148887
8.498524904251099,148554
8.500524759292603,147765
8.51651930809021,147494
8.558503150939941,147298
8.563520669937134,146504
8.627505779266357,145980
8.639505386352539,145824
8.703509092330933,145408
8.728511810302734,145048
8.736531734466553,144958
8.741512537002563,144297
9.402550220489502,143915
9.87559723854065,143015
9.885597467422485,142384
9.93860125541687,142379
9.97360634803772,142263
10.000584602355957,142132
10.173619031906128,141571
10.222617626190186,141327
10.261624336242676,141017
10.263626098632812,140771
10.297603845596313,140119
10.31862473487854,139512
10.332607984542847,139154
15.798923969268799,139000
16.20597219467163,138900
16.250972747802734,138707
16.261971712112427,138605
16.359957933425903,138347
18.061078548431396,138280
18.083078145980835,138017
31.01483392715454,137327
32.061877489089966,136990
50.808990716934204,136990
