0.01300191879272461,180896
0.018003463745117188,180097
2.8531501293182373,179651
2.8681485652923584,179376
2.8741683959960938,176417
2.878174304962158,176404
2.8791680335998535,175433
2.896177053451538,174709
2.898177146911621,174604
2.8991527557373047,174057
2.8991527557373047,173459
2.9441728591918945,172912
2.9451725482940674,172262
4.1442413330078125,172255
4.146240472793579,171107
4.14724063873291,170675
4.175243139266968,170573
4.699275732040405,170482
4.699275732040405,170462
4.706275224685669,170213
5.648311376571655,169618
5.661343574523926,167960
5.6703314781188965,167157
5.675334215164185,165999
5.914327144622803,165798
5.91634464263916,165564
5.919344425201416,163979
5.920346260070801,163943
5.92335057258606,163456
5.935334920883179,163338
6.086336851119995,162432
6.102337837219238,161059
6.160340785980225,160759
6.162341117858887,159398
6.183350086212158,158827
6.190364599227905,158378
6.195345878601074,157887
6.207365036010742,157813
6.209360361099243,156135
6.560364484786987,156116
6.560364484786987,155969
6.858400821685791,155448
6.972405910491943,155260
6.974410057067871,154439
7.04239559173584,153952
7.065412998199463,153669
7.068394184112549,153256
7.096398115158081,152961
7.96346640586853,152748
7.964465379714966,152323
7.968468189239502,152042
7.972465991973877,151141
7.980466604232788,150915
7.988468885421753,150687
7.998467683792114,150353
8.00745701789856,150209
8.009451866149902,150094
8.01546859741211,149839
8.026450634002686,149635
8.030469179153442,149402
8.404492378234863,148895
8.437493324279785,148182
8.439497470855713,147979
8.439497470855713,147774
8.483496189117432,147696
8.484496355056763,147035
8.486495971679688,146252
8.50249695777893,145466
8.662487268447876,144739
8.679488897323608,144681
8.679488897323608,144570
8.695492029190063,144385
9.641565799713135,144372
9.644564151763916,144153
9.686547756195068,143740
9.687547445297241,143706
9.692568063735962,142455
9.704567432403564,142078
9.71356987953186,141869
9.74056887626648,141767
9.770555019378662,141614
9.772555351257324,141528
9.789554119110107,141411
9.856590270996094,140035
9.942562818527222,139529
9.973582983016968,139155
11.675663709640503,139114
11.75767183303833,139036
12.136690378189087,138485
12.170691967010498,138431
12.840731143951416,138202
12.859732627868652,137889
12.902734994888306,137705
13.827818870544434,137473
13.842809915542603,137255
13.877793073654175,136908
17.893046379089355,136896
18.04303789138794,136827
18.24406671524048,136826
18.36207604408264,136427
22.184298992156982,136348
52.589075803756714,136348
