3.0202043056488037,180169
3.041205406188965,179750
3.05220627784729,178591
3.0572054386138916,177688
3.0602080821990967,177425
3.0612058639526367,177100
3.066206693649292,176773
3.068206548690796,175824
3.3632237911224365,175574
3.385225296020508,175283
3.405226469039917,173355
3.441228151321411,170930
3.442228317260742,170013
3.4452290534973145,168073
3.4662301540374756,166803
3.4832308292388916,166499
3.507232904434204,166328
3.520235538482666,165759
3.5242350101470947,164508
3.820250988006592,163457
3.8222508430480957,161544
3.875253677368164,161173
3.884254217147827,161116
3.9172561168670654,160683
3.9202563762664795,160157
3.9302570819854736,160075
3.9362573623657227,159430
3.9522593021392822,159120
4.21427321434021,159116
4.217273712158203,157693
4.4512879848480225,157554
4.454288482666016,157428
4.521291494369507,156631
4.523292303085327,156170
4.525292634963989,155668
4.532291412353516,155308
4.610296726226807,154547
4.621297359466553,154223
4.629297733306885,154197
4.629297733306885,153556
4.64929986000061,153527
4.7023024559021,152690
4.7103025913238525,151676
4.750304698944092,150592
4.765305757522583,150235
4.796307563781738,149519
4.796307563781738,149477
4.810308456420898,149437
4.938316345214844,149396
4.972317934036255,149153
5.018320560455322,148492
5.060323238372803,148291
5.097325563430786,147892
5.18233060836792,147826
5.183330535888672,147700
5.205331325531006,147136
5.220332622528076,146765
5.226333141326904,146371
5.3523406982421875,146329
5.365341424942017,146162
5.397343158721924,145784
5.454346179962158,145586
6.244392395019531,145574
6.245391607284546,145399
6.2833945751190186,144907
6.328397750854492,144585
6.361398935317993,144221
6.4984071254730225,144072
6.694418430328369,143989
6.694418430328369,143323
6.700419187545776,143257
6.718420743942261,143254
6.8184263706207275,142565
6.899430751800537,142526
6.945432901382446,142199
6.979435205459595,141777
6.9854350090026855,141568
6.999437093734741,140861
7.515439033508301,140603
7.548441171646118,140525
7.563441753387451,140422
8.790516138076782,140350
9.1935396194458,140326
9.911607027053833,140105
9.979610204696655,140033
10.080616474151611,139836
10.123619318008423,139401
10.54663610458374,139353
10.552636861801147,138309
12.986761093139648,138297
13.393784999847412,138294
13.472789764404297,137886
13.56079649925232,137782
13.572795629501343,137727
14.198832273483276,137519
14.213833093643188,137464
14.29683804512024,137235
33.198970556259155,137075
34.41803979873657,137020
40.606401681900024,136954
41.212437868118286,136703
45.06866192817688,136657
