0.009030818939208984,162672
0.010030746459960938,162123
5.900345325469971,162009
5.90634560585022,161564
5.920347452163696,160468
5.92334771156311,160338
5.933347702026367,160200
5.989351272583008,159469
5.995352745056152,159380
6.843418836593628,159257
7.0084309577941895,158986
7.009428977966309,157809
7.0174314975738525,157633
7.0244128704071045,157395
7.0254106521606445,156952
7.4654552936553955,156288
7.469456434249878,156088
7.5014379024505615,155267
7.504457950592041,155107
7.50846004486084,154453
7.509461879730225,154360
7.5484607219696045,154245
7.556460857391357,153737
7.559463262557983,153730
7.639466047286987,153645
7.644468069076538,153456
7.645467758178711,152271
7.988484859466553,151950
8.005486726760864,151853
8.015487432479858,151412
8.033493518829346,149904
8.057490587234497,149228
8.665506362915039,149205
8.933541297912598,149096
8.955526113510132,148652
8.973544597625732,148355
9.10754108428955,148352
9.111552476882935,148273
9.111552476882935,147551
9.12055230140686,147428
9.132553100585938,147176
9.1345534324646,146958
9.138556241989136,146725
10.27862024307251,146177
10.280621767044067,145676
10.29162073135376,145669
10.29262113571167,145084
10.409629106521606,144670
10.418628215789795,144390
10.451629877090454,144202
10.458632707595825,144179
10.619640111923218,144004
10.634641408920288,143910
10.675625562667847,143443
10.676625728607178,143216
10.683626651763916,142654
10.687626838684082,142622
10.787630558013916,142585
10.792653322219849,142468
10.794650316238403,142461
10.848663091659546,142263
10.87965703010559,142158
10.882635593414307,142089
10.895655870437622,141871
10.896656274795532,141821
10.957663536071777,141663
10.984642505645752,141547
11.573695421218872,141487
11.612677812576294,141449
11.618680238723755,141424
11.643701076507568,141024
12.437726974487305,140806
12.45473051071167,140760
12.459748029708862,140375
12.466760158538818,139849
12.510750770568848,139829
12.557734489440918,139821
12.660759687423706,139252
12.661759376525879,138698
12.672760248184204,137689
12.727764129638672,137561
12.758763790130615,137441
12.809748888015747,137426
12.816767454147339,137409
12.827751159667969,137255
12.849772453308105,136925
13.224775791168213,136658
13.818827390670776,136567
13.938835859298706,136398
14.036839485168457,136319
14.753882646560669,136316
15.828944206237793,135836
15.97095537185669,135732
16.02393889427185,135551
16.158962965011597,135185
18.07807993888855,135042
18.21008586883545,134988
27.456627130508423,134930
29.597753763198853,134757
53.450143814086914,134757
