0.007495880126953125,724874
0.03830385208129883,720409
0.0632169246673584,713635
0.11248898506164551,712991
0.12215590476989746,708639
0.17200088500976562,698017
0.18651080131530762,697698
0.19982576370239258,696463
0.20801568031311035,679101
0.26041388511657715,676332
0.2659289836883545,656896
0.5960428714752197,654854
0.5985689163208008,645931
0.651343822479248,640762
0.6553688049316406,633332
0.6704099178314209,616497
1.0279150009155273,613995
1.1177637577056885,613184
1.4759368896484375,612118
1.5099599361419678,612092
1.5213518142700195,608092
1.525810956954956,604798
1.5336477756500244,602839
1.5437078475952148,582714
2.594395875930786,579394
2.707360029220581,579312
2.718639850616455,571991
2.8667960166931152,570908
2.947943925857544,562402
2.969719886779785,562021
2.974397897720337,548368
2.9859046936035156,545398
3.254246711730957,542960
3.3299429416656494,541572
3.3374807834625244,541245
3.503232955932617,540213
3.5705840587615967,538613
3.632779836654663,534366
3.6352460384368896,530082
3.642910957336426,528631
3.645481824874878,526196
3.6485588550567627,519240
3.7251977920532227,517974
3.734771966934204,517960
3.7424659729003906,516608
3.7502708435058594,516160
3.7588300704956055,508428
3.761286735534668,507611
3.769519805908203,494557
3.7744879722595215,492574
3.7768898010253906,490777
3.7793526649475098,482320
3.792264938354492,479164
3.797118902206421,476674
3.8314208984375,476631
3.8751449584960938,475816
3.899955987930298,475540
3.9023759365081787,472700
3.947856903076172,471029
3.9995310306549072,470411
4.001967668533325,464749
4.077486753463745,464357
4.080000877380371,460883
4.130009651184082,457968
4.174084663391113,456300
4.326166868209839,455532
4.3511128425598145,449174
4.366531848907471,446405
4.3960278034210205,442926
4.406052827835083,438021
4.439543008804321,432465
4.443955898284912,430137
4.448302745819092,427851
4.468948841094971,426335
4.7694079875946045,425909
4.776312828063965,422406
4.780104875564575,419794
4.790857791900635,407891
5.467983722686768,407020
5.74580192565918,406816
5.7571330070495605,403488
5.759917974472046,400838
5.774203777313232,400067
5.788457870483398,399530
5.807188987731934,399350
5.816845655441284,397070
5.823180913925171,396020
5.854158878326416,395361
5.857058048248291,386376
5.865220785140991,386351
5.867940664291382,384432
5.874068975448608,383539
5.876780033111572,383409
5.879678964614868,381194
5.960423946380615,380088
5.965996026992798,379581
5.985666036605835,378615
6.006937742233276,375143
6.01284384727478,371033
6.022096872329712,370465
6.026564836502075,366539
6.0528178215026855,365634
6.1246867179870605,365595
6.150022745132446,365124
6.2126100063323975,364744
6.219785928726196,364635
6.224150896072388,362482
6.230825901031494,361894
6.234155893325806,361885
6.248041868209839,360290
6.262340784072876,354149
6.267756938934326,354028
6.270452976226807,353323
6.282128810882568,353018
6.343829870223999,352461
6.349326848983765,352446
6.481696844100952,352399
6.719781875610352,352069
6.747756004333496,352035
6.968639850616455,351414
6.974519968032837,351374
6.977216958999634,350750
6.985069990158081,348782
7.183511972427368,348039
7.186173915863037,347864
7.188753843307495,347307
8.08660888671875,345648
8.269301891326904,345610
8.27480697631836,344420
8.27820897102356,343902
8.281291007995605,342928
8.588281869888306,342823
9.119640827178955,341912
9.420665740966797,341243
9.436356782913208,341148
9.445677042007446,340680
9.449389934539795,339673
9.45315670967102,339347
9.469152927398682,338854
9.557116746902466,337857
9.561166763305664,336983
9.592952728271484,335910
9.597632884979248,334287
10.072504043579102,334182
10.085129976272583,333419
10.111278772354126,330263
10.182814836502075,328962
10.185986042022705,328312
10.196274757385254,325699
10.2048020362854,325499
10.208980798721313,323731
10.217224836349487,323532
10.372812986373901,322602
10.43736982345581,321295
10.464087009429932,320358
10.478466987609863,320351
10.52523684501648,319192
10.541836977005005,318424
10.546440839767456,315980
10.590550899505615,313602
10.594604015350342,310536
10.598968029022217,310144
10.605353832244873,309429
10.609564781188965,308236
10.775977849960327,307986
10.780435800552368,302537
10.884387731552124,302270
10.895912885665894,301116
12.006335973739624,300379
12.00901985168457,299330
12.01230788230896,299197
12.04935598373413,298934
12.05452585220337,298748
12.062968015670776,297796
12.068967819213867,297758
12.078081846237183,295182
12.267353773117065,295004
12.278028011322021,294017
12.450291872024536,293451
12.456041812896729,292179
12.461620807647705,292148
12.475347995758057,291551
12.505445718765259,291352
12.508256912231445,291331
12.644446849822998,289956
12.694484949111938,289640
12.697176694869995,288764
12.85071587562561,288219
12.854315996170044,287221
12.858674764633179,286727
12.949160814285278,286505
13.039790868759155,285724
13.043422937393188,284966
13.062285661697388,284916
13.065346002578735,284577
14.725698947906494,284417
15.30695390701294,283979
16.080066919326782,282382
16.08606266975403,281344
16.088905811309814,280410
16.161065816879272,279455
16.414215803146362,279249
16.793298959732056,279088
16.904032945632935,277659
17.16151189804077,277500
17.181845903396606,277320
17.27784490585327,277022
17.297802925109863,276481
17.30500602722168,268247
17.312896966934204,267105
17.315560817718506,267001
17.339496850967407,266131
17.342159748077393,258948
17.368985652923584,258393
17.37168002128601,257311
17.402209997177124,257202
17.4078528881073,255474
17.48411798477173,255119
17.4876389503479,254526
17.647799015045166,251534
17.791919708251953,251196
17.7946138381958,240824
17.809869050979614,237910
17.828208923339844,231256
17.872727870941162,229047
17.875917673110962,225051
18.157485961914062,222844
18.16385293006897,221683
18.195989847183228,220038
18.21460485458374,217794
18.2178738117218,216880
18.221507787704468,216665
18.229209661483765,215032
18.31045389175415,214417
18.315948963165283,212565
18.318722009658813,208894
18.38511371612549,207585
18.38830590248108,206241
18.39101481437683,204110
18.459388732910156,204051
18.467926025390625,202906
18.521322011947632,202556
18.626712799072266,202460
18.630504846572876,201245
18.881298780441284,201012
18.95341992378235,198277
19.2163667678833,196801
19.457071781158447,196341
19.490455865859985,195133
19.60794186592102,194054
19.650024890899658,193727
19.658872842788696,193021
19.668511867523193,192283
19.675616979599,191882
19.682113885879517,188161
19.882456064224243,187940
19.888368844985962,184254
25.237525939941406,184125
25.24942684173584,183460
25.658469915390015,180908
26.9345920085907,180307
27.43480396270752,180116
27.482682704925537,179730
28.226964950561523,179649
28.574647903442383,179434
28.72602081298828,177187
28.784835815429688,176265
28.8335018157959,175993
29.003090858459473,175762
30.480344772338867,175496
31.184911727905273,175398
32.078898906707764,174826
32.081687927246094,174481
32.114508867263794,174100
32.12006402015686,173419
32.378514766693115,173244
32.90886187553406,173155
35.89616680145264,172838
36.13801693916321,172375
38.247488021850586,171511
38.26478171348572,170632
38.39642381668091,170630
38.633859634399414,169916
38.89680290222168,169456
40.44037890434265,168781
41.16860270500183,166898
42.27600383758545,166791
42.29111385345459,166586
42.96315789222717,166581
42.96834087371826,166217
43.87572193145752,165548
43.9149808883667,163920
43.96746897697449,163901
44.0244038105011,163417
44.28010702133179,163070
45.20489478111267,162726
45.27956676483154,161443
45.284311056137085,160204
45.29948282241821,158597
45.34449481964111,158411
53.83443284034729,157487
54.599642753601074,157360
54.85732674598694,157357
54.86017370223999,156499
55.58200287818909,156245
55.84908080101013,156080
56.88204002380371,155154
59.87718391418457,155020
60.10352373123169,154984
60.119651794433594,154422
62.80263686180115,154290
63.0514817237854,153799
63.4941508769989,152757
64.02452778816223,151898
67.40992093086243,151595
67.46189785003662,150378
77.08780694007874,149722
83.47115802764893,149531
