0.008417844772338867,724874
0.0405120849609375,720409
0.11765789985656738,713635
0.14899587631225586,712991
0.15899991989135742,708639
0.22522187232971191,698017
0.2425248622894287,697698
0.2560257911682129,696463
0.26165103912353516,679101
0.30658578872680664,676332
0.31179285049438477,656896
0.5554518699645996,654854
0.5581278800964355,645931
0.5991790294647217,640762
0.6019988059997559,633332
0.613394021987915,616497
1.1215639114379883,613995
1.2996280193328857,613184
1.563222885131836,612118
1.5898408889770508,612092
1.5987160205841064,608092
1.6017179489135742,604798
1.607795000076294,602839
1.6169548034667969,582714
2.467491865158081,579394
2.599838972091675,579312
2.608611822128296,571991
2.7428297996520996,570908
2.817225933074951,562402
2.8597729206085205,562021
2.8654139041900635,548368
2.8774731159210205,545398
3.135380983352661,542960
3.189509868621826,541572
3.196143865585327,541245
3.434936761856079,540213
3.6691060066223145,538613
3.8064749240875244,534366
3.8357388973236084,530082
3.855422019958496,528631
3.8617727756500244,526196
3.8688018321990967,519240
4.024282932281494,517974
4.039135932922363,517960
4.054429054260254,516608
4.074722766876221,516160
4.090747833251953,508428
4.096724987030029,507611
4.11313796043396,494557
4.121521949768066,492574
4.126209020614624,490777
4.134082794189453,482320
4.169234991073608,479164
4.180407762527466,476674
4.2523698806762695,476631
4.330500841140747,475816
4.384673118591309,475540
4.39178991317749,472700
4.5215020179748535,471029
4.673138856887817,470411
4.678958892822266,464749
4.862156867980957,464357
4.864956855773926,460883
4.9471681118011475,457968
5.007155895233154,456300
5.250564813613892,455532
5.273972988128662,449174
5.288609743118286,446405
5.326425790786743,442926
5.332740783691406,438021
5.386520862579346,432465
5.39276909828186,430137
5.398771047592163,427851
5.427777051925659,426335
5.788476943969727,425909
5.797514915466309,422406
5.8003621101379395,419794
5.82198691368103,407891
6.865754842758179,407020
7.358928918838501,406816
7.37024188041687,403488
7.373955965042114,400838
7.395276069641113,400067
7.413096904754639,399530
7.432369947433472,399350
7.445235013961792,397070
7.451171875,396020
7.500878810882568,395361
7.5041279792785645,386376
7.521062850952148,386351
7.527373790740967,384432
7.537014961242676,383539
7.541449069976807,383409
7.544251918792725,381194
7.668834924697876,380088
7.677889823913574,379581
7.715767860412598,378615
7.749587059020996,375143
7.757091760635376,371033
7.768639087677002,370465
7.775166988372803,366539
7.806638956069946,365634
7.934049844741821,365595
7.9760589599609375,365124
8.075742959976196,364744
8.08263611793518,364635
8.085794925689697,362482
8.095388889312744,361894
8.101753950119019,361885
8.120713949203491,360290
8.147014856338501,354149
8.159920930862427,354028
8.164633989334106,353323
8.183106899261475,353018
8.296044826507568,352461
8.30220079421997,352446
8.515072107315063,352399
8.922693967819214,352069
8.969143152236938,352035
9.350603103637695,351414
9.359096765518188,351374
9.364222049713135,350750
9.381192922592163,348782
9.704771757125854,348039
9.707971811294556,347864
9.711297750473022,347307
11.141174077987671,345648
11.43870997428894,345610
11.44926905632019,344420
11.455321788787842,343902
11.460880994796753,342928
11.786329984664917,342823
12.519001960754395,341912
12.959295988082886,341243
12.978468894958496,341148
12.98484206199646,340680
12.991420030593872,339673
12.996452808380127,339347
13.020558834075928,338854
13.12929105758667,337857
13.133474826812744,336983
13.176449060440063,335910
13.181388139724731,334287
13.766926765441895,334182
13.780760765075684,333419
13.82307481765747,330263
13.912883996963501,328962
13.919528007507324,328312
13.939611911773682,325699
13.951442003250122,325499
13.954334020614624,323731
13.967068910598755,323532
14.220468997955322,322602
14.351027965545654,321295
14.397684097290039,320358
14.422851800918579,320351
14.552579879760742,319192
14.580060958862305,318424
14.62029504776001,315980
14.796590805053711,313602
14.805077075958252,310536
14.820768117904663,310144
14.828382015228271,309429
14.838616847991943,308236
15.22381591796875,307986
15.239851951599121,302537
15.483433961868286,302270
15.510180950164795,301116
16.98685073852539,300379
16.98980402946472,299330
16.99415612220764,299197
17.030593872070312,298934
17.035250902175903,298748
17.04686689376831,297796
17.05625891685486,297758
17.065595865249634,295182
17.270850896835327,295004
17.285672903060913,294017
17.596494913101196,293451
17.60449194908142,292179
17.61525797843933,292148
17.63902497291565,291551
17.676461935043335,291352
17.6790509223938,291331
17.881025791168213,289956
17.954900979995728,289640
17.957611083984375,288764
18.154520750045776,288219
18.160560846328735,287221
18.16599202156067,286727
18.33482813835144,286505
18.471692085266113,285724
18.475730895996094,284966
18.499572038650513,284916
18.50663185119629,284577
20.74263286590576,284417
21.51133394241333,283979
22.310329914093018,282382
22.320496797561646,281344
22.325554847717285,280410
22.46282696723938,279455
22.94814705848694,279249
23.875574111938477,279088
24.10189175605774,277659
24.51128888130188,277500
24.54420304298401,277320
24.677223920822144,277022
24.711796045303345,276481
24.722514867782593,268247
24.739024877548218,267105
24.742965936660767,267001
24.77440905570984,266131
24.778456926345825,258948
24.825567960739136,258393
24.829720735549927,257311
24.88016176223755,257202
24.893858909606934,255474
25.027724742889404,255119
25.030465126037598,254526
25.25316596031189,251534
25.413391828536987,251196
25.41942572593689,240824
25.432564973831177,237910
25.460291862487793,231256
25.52596092224121,229047
25.529654026031494,225051
26.08034896850586,222844
26.093777894973755,221683
26.139636993408203,220038
26.176776885986328,217794
26.181631088256836,216880
26.184887886047363,216665
26.200270891189575,215032
26.363001823425293,214417
26.372634887695312,212565
26.378039836883545,208894
26.511987924575806,207585
26.516366958618164,206241
26.522273778915405,204110
26.656612873077393,204051
26.673669815063477,202906
26.796694040298462,202556
26.99018096923828,202460
26.998572826385498,201245
27.547555923461914,201012
27.654849767684937,198277
28.066411018371582,196801
28.696751832962036,196341
28.758551836013794,195133
28.959330797195435,194054
29.024577856063843,193727
29.035069942474365,193021
29.052382946014404,192283
29.06112289428711,191882
29.073827743530273,188161
29.41535496711731,187940
29.423177003860474,184254
37.133240938186646,184125
37.14310693740845,183460
37.60083889961243,180908
39.25169897079468,180307
39.69229698181152,180116
39.75930094718933,179730
40.49843192100525,179649
40.94369387626648,179434
41.126657009124756,177187
41.188470125198364,176265
41.25122690200806,175993
41.48914098739624,175762
42.76517581939697,175496
43.26538300514221,175398
44.118324995040894,174826
44.1226110458374,174481
44.18871879577637,174100
44.201313734054565,173419
44.527299880981445,173244
45.38497281074524,173155
48.14188599586487,172838
48.54303193092346,172375
51.61107683181763,171511
51.637547969818115,170632
51.865867137908936,170630
52.32198691368103,169916
52.689451932907104,169456
54.59487175941467,168781
55.382887840270996,166898
56.73781204223633,166791
56.75194597244263,166586
57.67835593223572,166581
57.681236028671265,166217
58.33018088340759,165548
58.393877029418945,163920
58.48386788368225,163901
58.563395738601685,163417
58.701725006103516,163070
59.82159900665283,162726
59.94005584716797,161443
59.948688983917236,160204
59.97553992271423,158597
60.028825759887695,158411
69.5182957649231,157487
71.12377285957336,157360
71.55946588516235,157357
71.56230592727661,156499
72.54889607429504,156245
73.07500696182251,156080
75.4529800415039,155154
80.12806105613708,155020
80.40756416320801,154984
80.4256420135498,154422
83.79474592208862,154290
84.0709879398346,153799
84.64132404327393,152757
85.44393491744995,151898
90.85968685150146,151595
90.9480767250061,150378
106.31371593475342,149722
116.15963983535767,149531
530.9516360759735,148801
531.3211798667908,148738
531.841227054596,148711
