0.02894425392150879,724874
0.0847780704498291,720409
0.12007498741149902,713635
0.16372299194335938,712991
0.17407894134521484,708639
0.2299048900604248,698017
0.2531001567840576,697698
0.2657921314239502,696463
0.2719550132751465,679101
0.31789398193359375,676332
0.32393598556518555,656896
0.7189750671386719,654854
0.7280230522155762,645931
0.8849871158599854,640762
0.8956470489501953,633332
0.944547176361084,616497
1.7259881496429443,613995
1.8608529567718506,613184
2.3270678520202637,612118
2.3920059204101562,612092
2.426309108734131,608092
2.4353668689727783,604798
2.4567081928253174,602839
2.4771909713745117,582714
4.526412010192871,579394
4.6682000160217285,579312
4.681173086166382,571991
4.914689064025879,570908
5.046911001205444,562402
5.08443808555603,562021
5.095157146453857,548368
5.115859031677246,545398
5.486988067626953,542960
5.623483896255493,541572
5.655961036682129,541245
6.0340070724487305,540213
6.15483021736145,538613
6.297928094863892,534366
6.301069021224976,530082
6.324521064758301,528631
6.336557149887085,526196
6.344897985458374,519240
6.531052112579346,517974
6.547857999801636,517960
6.568688154220581,516608
6.589583158493042,516160
6.617366075515747,508428
6.620465993881226,507611
6.642286062240601,494557
6.6590049266815186,492574
6.665798902511597,490777
6.67287802696228,482320
6.722170114517212,479164
6.734008073806763,476674
6.816667079925537,476631
6.918726921081543,475816
6.957862138748169,475540
6.9646241664886475,472700
7.054189205169678,471029
7.229305028915405,470411
7.236341953277588,464749
7.468648910522461,464357
7.475204229354858,460883
7.567835092544556,457968
7.644741058349609,456300
7.902771949768066,455532
7.935822248458862,449174
7.949803113937378,446405
7.978075981140137,442926
7.987261056900024,438021
8.036580085754395,432465
8.040894031524658,430137
8.043736219406128,427851
8.066394090652466,426335
8.490349054336548,425909
8.503381967544556,422406
8.507539987564087,419794
8.523015975952148,407891
9.632551908493042,407020
10.275621175765991,406816
10.309983015060425,403488
10.314075231552124,400838
10.364044189453125,400067
10.415706157684326,399530
10.477457046508789,399350
10.506501913070679,397070
10.521850109100342,396020
10.625510931015015,395361
10.632932186126709,386376
10.661328077316284,386351
10.666713237762451,384432
10.684895992279053,383539
10.700622081756592,383409
10.71268892288208,381194
10.891870975494385,380088
10.901079177856445,379581
10.946047067642212,378615
10.987457036972046,375143
11.002669095993042,371033
11.019499063491821,370465
11.024752140045166,366539
11.087574005126953,365634
11.262547016143799,365595
11.330759048461914,365124
11.467175960540771,364744
11.481333017349243,364635
11.487903118133545,362482
11.500211000442505,361894
11.508399248123169,361885
11.528645992279053,360290
11.55242109298706,354149
11.565859079360962,354028
11.572591066360474,353323
11.59726595878601,353018
11.71562123298645,352461
11.731764078140259,352446
11.97388219833374,352399
12.768133163452148,352069
12.861209154129028,352035
13.338242053985596,351414
13.352220058441162,351374
13.359588146209717,350750
13.376934289932251,348782
13.706473112106323,348039
13.711127042770386,347864
13.714604139328003,347307
15.189648151397705,345648
15.632674217224121,345610
15.647484064102173,344420
15.655111074447632,343902
15.661774158477783,342928
16.158671140670776,342823
17.560499906539917,341912
18.050379037857056,341243
18.077847003936768,341148
18.09181809425354,340680
18.09832501411438,339673
18.10463309288025,339347
18.12900400161743,338854
18.25606608390808,337857
18.263526916503906,336983
18.31683611869812,335910
18.3255512714386,334287
19.08152413368225,334182
19.10370707511902,333419
19.13621211051941,330263
19.267191171646118,328962
19.274275064468384,328312
19.29518413543701,325699
19.308372020721436,325499
19.31149697303772,323731
19.317967176437378,323532
19.56246519088745,322602
19.693578004837036,321295
19.737669229507446,320358
19.76456904411316,320351
19.875903129577637,319192
19.908238172531128,318424
19.91125988960266,315980
19.971446990966797,313602
19.977471113204956,310536
19.990169048309326,310144
19.99787712097168,309429
20.003972053527832,308236
20.214850187301636,307986
20.22126793861389,302537
20.342743158340454,302270
20.35868501663208,301116
21.63367199897766,300379
21.638111114501953,299330
21.6410071849823,299197
21.68305516242981,298934
21.686238050460815,298748
21.69598913192749,297796
21.705679178237915,297758
21.7119460105896,295182
21.89399027824402,295004
21.907721996307373,294017
22.166090965270996,293451
22.174604177474976,292179
22.183764934539795,292148
22.210928916931152,291551
22.268357276916504,291352
22.276357173919678,291331
22.48947501182556,289956
22.56874704360962,289640
22.573441982269287,288764
22.8003089427948,288219
22.804240226745605,287221
22.809875965118408,286727
22.96966314315796,286505
23.109554052352905,285724
23.114307165145874,284966
23.139790058135986,284916
23.145920038223267,284577
25.21073889732361,284417
26.065682888031006,283979
26.98847222328186,282382
27.004516124725342,281344
27.01128602027893,280410
27.16261911392212,279455
27.68879222869873,279249
28.35018301010132,279088
28.52275800704956,277659
28.915077209472656,277500
28.94098401069641,277320
29.06949210166931,277022
29.09865403175354,276481
29.10639524459839,268247
29.119776964187622,267105
29.125381231307983,267001
29.15478515625,266131
29.158082008361816,258948
29.22004199028015,258393
29.2275071144104,257311
29.279865026474,257202
29.289904832839966,255474
29.40393900871277,255119
29.409430027008057,254526
29.61137318611145,251534
29.736103057861328,251196
29.740795850753784,240824
29.756818056106567,237910
29.77895498275757,231256
29.834227085113525,229047
29.840061902999878,225051
30.22737216949463,222844
30.236525058746338,221683
30.276968955993652,220038
30.30653691291809,217794
30.312738180160522,216880
30.319087266921997,216665
30.329570055007935,215032
30.474959135055542,214417
30.48804998397827,212565
30.494628190994263,208894
30.674623012542725,207585
30.67829418182373,206241
30.684146881103516,204110
30.796849966049194,204051
30.8142569065094,202906
30.914877891540527,202556
31.07943606376648,202460
31.088229179382324,201245
31.49614906311035,201012
31.596142053604126,198277
31.962598085403442,196801
32.282265186309814,196341
32.31843113899231,195133
32.4714081287384,194054
32.522204875946045,193727
32.53286814689636,193021
32.54683017730713,192283
32.55433702468872,191882
32.56279921531677,188161
32.852729082107544,187940
32.85962390899658,184254
40.26341414451599,184125
40.27928400039673,183460
40.86141324043274,180908
42.58227300643921,180307
43.01045203208923,180116
43.077983140945435,179730
44.038429975509644,179649
44.43912196159363,179434
44.60585117340088,177187
44.66760206222534,176265
44.71587300300598,175993
44.9644980430603,175762
46.58478903770447,175496
47.078235149383545,175398
47.87964487075806,174826
47.88616609573364,174481
47.963765144348145,174100
47.97998309135437,173419
48.42586398124695,173244
49.216789960861206,173155
52.3592209815979,172838
52.77478098869324,172375
56.47776699066162,171511
56.532222032547,170632
56.859899282455444,170630
57.429593086242676,169916
57.79887795448303,169456
60.34174203872681,168781
61.27198100090027,166898
62.39625287055969,166791
62.402608156204224,166586
63.29328012466431,166581
63.301616191864014,166217
64.03464603424072,165548
64.08146095275879,163920
64.14529013633728,163901
64.21411204338074,163417
64.34603714942932,163070
65.21041798591614,162726
65.28101301193237,161443
65.28391408920288,160204
65.29713320732117,158597
65.34009909629822,158411
75.66129112243652,157487
77.10875296592712,157360
77.60799908638,157357
77.61104798316956,156499
78.85413718223572,156245
79.26677107810974,156080
80.50933623313904,155154
84.37785816192627,155020
84.70478701591492,154984
84.72278499603271,154422
88.06920289993286,154290
88.32035827636719,153799
88.81143307685852,152757
89.48446011543274,151898
94.46080803871155,151595
94.55025625228882,150378
106.07457518577576,149722
115.93361520767212,149531
