0.00901937484741211,166586
5.991370677947998,166522
6.000370264053345,166325
6.001369953155518,166146
6.0063700675964355,166113
6.026352882385254,165004
6.027374982833862,163960
6.031372308731079,162896
6.052372455596924,162826
6.060356378555298,162032
6.124376535415649,161972
6.217382192611694,160446
6.244382858276367,157906
6.247382879257202,157867
6.270368337631226,156453
6.271368503570557,155951
6.27336859703064,155588
6.421374082565308,155187
6.422374248504639,154797
7.681469440460205,154148
7.703469514846802,153891
7.717450380325317,153527
7.717450380325317,153200
7.728474378585815,152142
7.73147439956665,151891
7.739469766616821,151734
7.747473478317261,151359
7.756453037261963,150875
7.757472276687622,150817
7.800477504730225,150174
7.810479164123535,149359
7.823474407196045,149176
7.828476905822754,149004
7.850460767745972,148199
7.887479066848755,147147
9.186555624008179,147032
9.219555377960205,146944
9.480571508407593,146876
9.490572452545166,146759
9.513573169708252,146320
9.53057599067688,145693
9.581562042236328,145210
9.627565383911133,144985
9.693568229675293,144268
11.624698162078857,143626
11.712704181671143,143320
11.837711095809937,143287
11.83871078491211,143193
11.844692945480347,143185
11.907715082168579,143042
11.92271113395691,143004
11.93172025680542,142181
11.943715572357178,141871
12.28373670578003,141480
12.329739332199097,141258
12.34874439239502,141032
13.016759872436523,140938
13.049762487411499,140533
13.098765134811401,140352
13.103765487670898,140268
13.107766151428223,140075
13.48878812789917,140012
13.611795663833618,139802
13.692800521850586,139747
14.723878145217896,139378
14.725878238677979,139194
14.816865682601929,138976
14.963897466659546,138892
14.978894472122192,138258
15.048031330108643,138248
15.096968412399292,138231
15.195271015167236,138063
15.273396730422974,137767
15.971352338790894,137745
18.085518836975098,137633
18.085518836975098,137348
37.842111587524414,136432
38.1761360168457,136406
38.25615215301514,136138
50.58485436439514,136138
