3.5362324714660645,161915
3.570235013961792,159997
3.591235876083374,159881
3.801239490509033,158308
3.8132197856903076,157440
3.852222442626953,157016
3.85722279548645,156411
3.867225170135498,156325
3.8752243518829346,155636
3.8952267169952393,155351
3.9102365970611572,154478
3.9182283878326416,154290
3.9282286167144775,153279
3.9302287101745605,153191
3.96423077583313,153036
3.967230796813965,152488
3.9782328605651855,152140
4.426257848739624,151823
4.4572594165802,151780
4.462259769439697,151657
4.55326509475708,151599
4.575266361236572,151526
4.59426736831665,150852
4.5992677211761475,149986
4.649272441864014,149786
4.656270980834961,149446
4.679272174835205,149397
4.687272787094116,149115
4.7152745723724365,148435
4.762277126312256,148384
4.829280853271484,148090
4.832280874252319,147986
4.9002845287323,147144
4.916285753250122,146490
4.916285753250122,145008
4.9622883796691895,144915
5.338310480117798,144160
5.352311611175537,144042
5.364312648773193,143998
5.365312814712524,143939
5.625327825546265,143371
5.629328489303589,143156
5.660329818725586,143094
5.675330638885498,142861
5.701332330703735,141337
5.7353339195251465,140958
6.071353912353516,140621
6.114356517791748,140496
6.254364728927612,140300
6.264364957809448,139964
6.2793660163879395,139614
7.1904191970825195,139275
7.200419664382935,139219
7.3554301261901855,139190
7.380430459976196,139016
7.4924376010894775,138986
9.023553609848022,138578
9.429577827453613,138405
9.452579498291016,138355
9.519582748413086,138195
9.547589778900146,137932
9.584584712982178,137707
9.6655912399292,137575
9.73659348487854,137469
9.801597118377686,137206
9.967609167098999,137016
11.078672170639038,136357
11.088672637939453,136060
12.783771514892578,135973
14.374866962432861,135913
14.40986680984497,135887
14.743887901306152,135786
15.011902093887329,135681
15.041903734207153,135602
15.254916906356812,135034
16.068963766098022,135028
20.272210359573364,134858
20.501225471496582,134855
