5.249285936355591,165853
5.252285480499268,165852
5.350291013717651,164946
5.3562912940979,164459
5.360291481018066,163971
5.3612916469573975,163864
5.45129656791687,163544
5.553302526473999,163346
5.554302453994751,162310
5.555302619934082,162226
5.565303564071655,162038
5.60032320022583,161568
5.603325128555298,161025
5.62733006477356,160793
5.640326499938965,160611
5.653325080871582,160203
5.719332218170166,159728
5.725332736968994,159036
5.728332281112671,158449
5.732313632965088,158271
6.061352252960205,158253
6.069334983825684,158227
6.208341836929321,157934
6.2093729972839355,157851
6.212372541427612,157753
6.214374780654907,157174
6.255362272262573,156868
6.2663679122924805,156762
6.2763659954071045,155524
6.27836799621582,154643
6.29036545753479,154561
6.292363405227661,153226
6.297365665435791,153094
6.333372354507446,152952
6.335366725921631,152681
6.3393659591674805,152485
6.341368198394775,152437
6.349372625350952,151920
6.3533501625061035,151859
6.414374589920044,151782
6.416374683380127,151203
6.4213547706604,150884
6.4223716259002686,150356
6.478385925292969,149752
7.531439781188965,148417
8.730503559112549,147962
8.8365159034729,147705
8.838518142700195,147004
9.01952338218689,146875
9.022526741027832,146758
9.028525352478027,146628
9.155533075332642,145107
9.172533750534058,144843
9.436549186706543,144477
9.445549488067627,144378
9.458550453186035,143670
9.576539516448975,143613
9.583539724349976,143571
9.587539196014404,143292
9.599559545516968,142902
9.605540037155151,142874
9.61056923866272,142561
9.621541023254395,142476
10.173593521118164,142036
10.434611558914185,141809
10.46962285041809,141337
10.527613401412964,141216
11.654679298400879,140634
11.745684146881104,140470
11.81166934967041,139917
11.813669681549072,139574
11.835693359375,138688
11.861690282821655,137818
12.729745388031006,137674
12.731723546981812,137624
12.823747634887695,137269
12.909732580184937,136908
13.003738403320312,136741
13.005738973617554,136638
13.047759532928467,136395
13.095767259597778,136118
13.206770420074463,135934
13.228771686553955,135716
13.623794317245483,135701
14.9618558883667,135632
14.992856979370117,135577
15.045860528945923,135431
16.74397921562195,135391
20.313185214996338,135338
20.43919277191162,135288
50.70296502113342,135288
