3.640829086303711,163238
3.672078847885132,162868
3.672078847885132,162451
3.703329563140869,162025
3.813934326171875,162003
3.8295600414276123,161941
3.9758799076080322,161884
3.9758799076080322,159779
4.007130146026611,158408
4.007130146026611,158062
4.007130146026611,157660
4.022753715515137,155313
4.0383806228637695,155112
4.0383806228637695,154886
4.063356399536133,154730
4.06585955619812,153522
4.06585955619812,153158
4.217284440994263,152123
4.357909679412842,151948
4.373534917831421,151722
4.389159917831421,151163
4.40478515625,149913
4.40478515625,148731
4.436035871505737,148610
4.436035871505737,148193
4.56103515625,147154
4.576660394668579,146086
4.592284917831421,144329
4.592284917831421,144055
4.6547863483428955,143846
4.670410633087158,143758
4.670410633087158,142923
4.701660871505737,141997
4.701660871505737,141994
4.701660871505737,141977
4.749711275100708,141953
4.765347480773926,141647
4.796598434448242,141628
5.359107971191406,140860
5.697191953659058,140643
5.712816953659058,140495
5.728442668914795,140306
5.775316476821899,140267
5.837817430496216,140100
5.853442907333374,139799
5.869067430496216,139573
7.19719672203064,139376
7.212821960449219,139072
7.275322198867798,139057
7.384698152542114,139012
7.431572675704956,138715
7.447197198867798,138224
9.170232057571411,138041
9.185857057571411,137715
9.185857057571411,137477
9.24835729598999,137374
9.24835729598999,136964
9.24835729598999,136681
10.573021650314331,136625
10.808669567108154,136530
10.996170043945312,136357
14.608495235443115,135999
14.639745235443115,135926
14.7815101146698,135879
14.906510353088379,135320
