0.009028911590576172,162666
4.853285789489746,162600
4.855283737182617,162434
4.858303785324097,162397
4.943308591842651,161800
5.61034631729126,160897
5.8733720779418945,160035
5.915374755859375,159144
5.920374393463135,159029
5.921374797821045,158451
5.923372983932495,157216
5.939375877380371,157151
5.940376043319702,157150
5.940376043319702,156940
7.096422433853149,156911
7.101415395736694,155575
7.1104443073272705,155418
7.111415147781372,153779
7.113415956497192,153535
7.116434574127197,153325
7.248429536819458,151905
7.2724525928497314,151660
7.314439296722412,151123
7.702449798583984,150814
7.707449913024902,150783
7.9574644565582275,150745
8.264501810073853,150613
8.269502878189087,149973
8.54252004623413,149806
8.565529823303223,149430
8.577518463134766,149359
8.578518867492676,149231
8.588520050048828,148975
8.604504823684692,148736
8.645528078079224,148680
8.672524690628052,148620
8.68650770187378,148596
8.696527242660522,148429
8.731529235839844,148308
8.732529401779175,148107
8.736512422561646,147986
8.748530149459839,147806
8.760531187057495,147422
10.56361722946167,146991
10.582618236541748,146732
10.584618091583252,146360
10.589618682861328,144155
11.032644271850586,144092
11.034644603729248,144068
11.060646057128906,143884
11.43266749382019,143289
11.443687677383423,143006
11.453688144683838,142760
11.487690687179565,142630
11.520692110061646,142292
11.653680086135864,141977
11.665682792663574,141874
11.884697198867798,141732
11.912714719772339,140993
12.153712272644043,140712
12.311753511428833,140260
12.391737461090088,139407
12.44274640083313,139191
12.453747510910034,138670
12.771746158599854,138314
12.77574872970581,137973
12.862775087356567,137745
12.955766439437866,137510
13.388782262802124,137423
13.52479338645935,137101
13.600794553756714,136753
13.664817571640015,136656
13.705801248550415,136613
13.706801652908325,136605
14.040839672088623,136456
14.156826972961426,136353
14.530849695205688,136132
14.533849716186523,136063
14.584871292114258,136046
14.762874841690063,135897
14.845889329910278,135716
14.939892053604126,135454
15.119887828826904,135188
15.131886959075928,135004
15.165906190872192,134901
15.48092794418335,134846
26.754565238952637,134692
26.827599048614502,134525
26.94659423828125,134162
27.089582681655884,134145
52.74408674240112,134145
