3.1354379653930664,167591
3.166687488555908,167560
3.166687488555908,167017
3.166687488555908,166286
3.197937250137329,165149
3.197937250137329,164671
3.244812488555908,164296
3.5885636806488037,164105
3.5885636806488037,162693
3.6198134422302246,162529
3.6198134422302246,161454
3.6198134422302246,161296
3.6198134422302246,160686
3.635439395904541,160584
3.6666886806488037,160421
3.682314157485962,159948
3.729189157485962,159844
3.729189157485962,159068
3.729189157485962,158643
3.744814157485962,158641
3.744814157485962,158371
3.760439872741699,158367
3.760439872741699,157582
3.91668963432312,157525
3.91668963432312,157108
3.9791901111602783,156666
3.994814872741699,156354
4.182315826416016,155751
4.182315826416016,154491
4.276065826416016,154211
4.338566064834595,153996
4.354190826416016,153583
4.401066064834595,153070
4.401066064834595,151328
4.432316541671753,151007
4.463566303253174,150789
4.463566303253174,150276
4.557316780090332,150239
4.57294225692749,150067
4.588567018508911,149326
4.604192018508911,148772
4.63544225692749,148724
4.651066541671753,148672
4.697941780090332,148258
4.713567495346069,147946
4.932317733764648,146895
4.963568925857544,146873
5.057317733764648,146708
5.057317733764648,146493
5.057317733764648,146149
5.072943449020386,145293
5.119818449020386,145178
5.151068925857544,144820
5.260443925857544,144479
5.8145246505737305,144159
6.189527273178101,143627
6.236401557922363,143532
6.330151796340942,143269
6.956423759460449,143161
7.0032994747161865,143000
7.0032994747161865,142707
7.081423759460449,142440
7.222049236297607,142180
7.237674713134766,141814
7.2845494747161865,141589
7.3571600914001465,140191
7.400907278060913,139577
7.416532278060913,139560
7.791533708572388,138562
8.515099287033081,138490
8.561973571777344,138306
8.936975240707397,138054
8.96822452545166,137915
8.96822452545166,137527
8.983847379684448,137477
9.015100002288818,137158
9.140101194381714,136198
9.49947714805603,136046
9.530726909637451,135743
9.57760238647461,135530
10.893787860870361,134487
10.971912860870361,134468
11.00316333770752,134329
11.873051881790161,134299
12.21448802947998,134259
12.510640382766724,134042
13.338768243789673,133965
18.62004590034485,133830
18.729421138763428,133780
20.08880090713501,133725
