4.106899261474609,161064
4.110201597213745,160417
4.110201597213745,159269
4.125853538513184,159244
4.141479969024658,158520
4.141479969024658,158108
4.153485536575317,157993
4.177480697631836,157697
4.220500707626343,157119
4.244399547576904,156435
4.275754690170288,155829
4.294404029846191,155807
4.311708450317383,155626
4.327331066131592,155359
4.365492343902588,154406
4.398503303527832,153881
4.427341461181641,152587
4.505456447601318,152514
4.536570072174072,152275
4.552194595336914,152188
4.670363903045654,152039
4.674363136291504,151745
4.683364391326904,151463
4.705364942550659,151205
4.716365814208984,150544
4.731531858444214,150465
4.747185707092285,149516
5.09619402885437,147802
5.1181960105896,146858
5.123195648193359,146769
5.142196893692017,146685
5.143198490142822,145928
5.5422203540802,144908
5.569222688674927,144721
5.592223644256592,144259
7.140458106994629,144238
7.163970708847046,144087
7.518959045410156,143346
7.610461950302124,143094
7.6417396068573,142843
7.720836162567139,142820
7.808192014694214,142640
8.078094959259033,142575
8.383304595947266,142479
8.396579504013062,142211
9.338874578475952,141761
9.444618940353394,141720
10.480679035186768,141411
10.742714643478394,140391
10.760696649551392,139878
10.816718101501465,139568
12.132346630096436,139516
12.474358081817627,139360
12.486358880996704,139162
12.687477350234985,139145
12.812479972839355,139016
12.937479257583618,138991
13.109354257583618,138471
13.156228303909302,138183
14.564760684967041,138157
14.596010684967041,137967
14.70538592338562,137754
15.872746229171753,137661
16.63234806060791,137607
16.676965713500977,137496
20.136795043945312,137456
21.83133316040039,137239
22.304419994354248,137195
24.862365007400513,137165
24.909241199493408,137041
25.468185663223267,136986
25.749436616897583,136802
27.85172700881958,136756
