0.006779909133911133,724874
0.03817296028137207,720409
0.07194113731384277,713635
0.09747314453125,712991
0.1059870719909668,708639
0.1760399341583252,698017
0.20250797271728516,697698
0.21928811073303223,696463
0.22513413429260254,679101
0.27248525619506836,676332
0.27996325492858887,656896
0.6165440082550049,654854
0.6225159168243408,645931
0.704024076461792,640762
0.7092421054840088,633332
0.7277309894561768,616497
1.2245700359344482,613995
1.3210930824279785,613184
1.720592975616455,612118
1.7531859874725342,612092
1.763824224472046,608092
1.7697880268096924,604798
1.7769441604614258,602839
1.7936410903930664,582714
3.067625045776367,579394
3.233643054962158,579312
3.247612953186035,571991
3.475066900253296,570908
3.608944892883301,562402
3.6455769538879395,562021
3.652693033218384,548368
3.6709630489349365,545398
4.035634994506836,542960
4.1469690799713135,541572
4.156834125518799,541245
4.433744192123413,540213
4.552479028701782,538613
4.691785097122192,534366
4.698129892349243,530082
4.712943077087402,528631
4.715718984603882,526196
4.718593120574951,519240
4.869419097900391,517974
4.884191989898682,517960
4.901595115661621,516608
4.916944265365601,516160
4.931085109710693,508428
4.936924934387207,507611
4.948742866516113,494557
4.957469940185547,492574
4.963271856307983,490777
4.969029903411865,482320
4.993031978607178,479164
4.998686075210571,476674
5.055964946746826,476631
5.13690185546875,475816
5.191810131072998,475540
5.197876930236816,472700
5.27949595451355,471029
5.372305870056152,470411
5.376362085342407,464749
5.4944891929626465,464357
5.497392892837524,460883
5.584990978240967,457968
5.6699910163879395,456300
6.030816078186035,455532
6.0685272216796875,449174
6.08575701713562,446405
6.1268470287323,442926
6.139631032943726,438021
6.192123889923096,432465
6.196568012237549,430137
6.199413061141968,427851
6.219719886779785,426335
6.659950017929077,425909
6.672773122787476,422406
6.680914878845215,419794
6.7007811069488525,407891
7.706044912338257,407020
8.188663005828857,406816
8.205957889556885,403488
8.212002992630005,400838
8.236989974975586,400067
8.263586044311523,399530
8.30077314376831,399350
8.317822933197021,397070
8.33017611503601,396020
8.389146089553833,395361
8.394757986068726,386376
8.41425609588623,386351
8.419650077819824,384432
8.433876991271973,383539
8.438313961029053,383409
8.44166088104248,381194
8.612112998962402,380088
8.623712062835693,379581
8.657792091369629,378615
8.692763090133667,375143
8.701847076416016,371033
8.715033054351807,370465
8.721013069152832,366539
8.761029243469238,365634
8.878437995910645,365595
8.924606084823608,365124
9.034924030303955,364744
9.042619943618774,364635
9.046758890151978,362482
9.053215980529785,361894
9.057811975479126,361885
9.072613954544067,360290
9.10283899307251,354149
9.115202188491821,354028
9.120821952819824,353323
9.138497114181519,353018
9.233703851699829,352461
9.24315595626831,352446
9.466966152191162,352399
9.87052607536316,352069
9.919247150421143,352035
10.33889889717102,351414
10.344512939453125,351374
10.351747035980225,350750
10.36979603767395,348782
10.78212308883667,348039
10.786580085754395,347864
10.792723894119263,347307
12.001633167266846,345648
12.328711032867432,345610
12.3407621383667,344420
12.344583988189697,343902
12.347421884536743,342928
12.696921110153198,342823
13.384666204452515,341912
13.72660517692566,341243
13.748963117599487,341148
13.758917093276978,340680
13.764852046966553,339673
13.769093036651611,339347
13.789705038070679,338854
13.865489959716797,337857
13.871284008026123,336983
13.908282995223999,335910
13.914110898971558,334287
14.37291693687439,334182
14.383187055587769,333419
14.411354064941406,330263
14.481531858444214,328962
14.487726211547852,328312
14.50220012664795,325699
14.511725187301636,325499
14.517882108688354,323731
14.531183242797852,323532
14.787868022918701,322602
14.902448892593384,321295
14.952615976333618,320358
14.97832703590393,320351
15.056161165237427,319192
15.073755264282227,318424
15.076718091964722,315980
15.1287841796875,313602
15.133398056030273,310536
15.137585878372192,310144
15.140587091445923,309429
15.146541118621826,308236
15.356548070907593,307986
15.36224102973938,302537
15.478084087371826,302270
15.487493991851807,301116
16.614883184432983,300379
16.617835998535156,299330
16.626362800598145,299197
16.662467002868652,298934
16.665374994277954,298748
16.676796913146973,297796
16.68676209449768,297758
16.69369912147522,295182
16.86093497276306,295004
16.872887134552002,294017
17.139955043792725,293451
17.150378942489624,292179
17.157392263412476,292148
17.18921399116516,291551
17.241698026657104,291352
17.2445650100708,291331
17.44835090637207,289956
17.559738159179688,289640
17.566334009170532,288764
17.843668937683105,288219
17.847727060317993,287221
17.853219032287598,286727
18.03999423980713,286505
18.199520111083984,285724
18.20574116706848,284966
18.228193998336792,284916
18.234066009521484,284577
20.111219882965088,284417
20.939167976379395,283979
21.767632246017456,282382
21.780946016311646,281344
21.787585973739624,280410
21.949055910110474,279455
22.46908402442932,279249
23.319032192230225,279088
23.53965401649475,277659
24.006460905075073,277500
24.042339086532593,277320
24.18793511390686,277022
24.21811294555664,276481
24.230683088302612,268247
24.242888927459717,267105
24.24836826324463,267001
24.284945011138916,266131
24.290871143341064,258948
24.3233699798584,258393
24.32749104499817,257311
24.36508798599243,257202
24.371384143829346,255474
24.48857021331787,255119
24.494056940078735,254526
24.737594842910767,251534
24.868422985076904,251196
24.87204599380493,240824
24.892024040222168,237910
24.913369178771973,231256
24.972325801849365,229047
24.97702407836914,225051
25.314455032348633,222844
25.32089900970459,221683
25.360710859298706,220038
25.38294506072998,217794
25.385586977005005,216880
25.388322114944458,216665
25.39436388015747,215032
25.520206212997437,214417
25.52953290939331,212565
25.532271146774292,208894
25.62482213973999,207585
25.630347967147827,206241
25.633098125457764,204110
25.743921041488647,204051
25.75641703605652,202906
25.833529233932495,202556
25.982210159301758,202460
25.988769054412842,201245
26.398945093154907,201012
26.51500391960144,198277
26.90286111831665,196801
27.31073784828186,196341
27.36332893371582,195133
27.53632402420044,194054
27.58962106704712,193727
27.596095085144043,193021
27.61171293258667,192283
27.625744819641113,191882
27.636834144592285,188161
27.93921995162964,187940
27.94903302192688,184254
33.0525062084198,184125
33.06526589393616,183460
33.54205894470215,180908
35.073955059051514,180307
35.407557249069214,180116
35.45792317390442,179730
36.06470203399658,179649
36.43562912940979,179434
36.59303402900696,177187
36.66658306121826,176265
36.720298051834106,175993
36.9427809715271,175762
38.1672739982605,175496
38.67996907234192,175398
39.4449200630188,174826
39.451449155807495,174481
39.50154399871826,174100
39.51023507118225,173419
39.8326210975647,173244
40.54655909538269,173155
43.28565001487732,172838
43.579182147979736,172375
46.93948221206665,171511
46.972493171691895,170632
47.24271512031555,170630
47.67786121368408,169916
47.938971281051636,169456
49.74953293800354,168781
50.573697090148926,166898
51.84557104110718,166791
51.857720136642456,166586
52.602396965026855,166581
52.60681200027466,166217
53.4433798789978,165548
53.51269197463989,163920
53.58014488220215,163901
53.63844609260559,163417
53.761565923690796,163070
54.582848072052,162726
54.67254304885864,161443
54.67529106140137,160204
54.68614912033081,158597
54.73571801185608,158411
65.12837982177734,157487
66.49967694282532,157360
66.96853303909302,157357
66.97318601608276,156499
68.12938809394836,156245
68.57062292098999,156080
69.78209614753723,155154
73.91918706893921,155020
74.23034286499023,154984
74.24640417098999,154422
77.12944412231445,154290
77.38428497314453,153799
77.95842003822327,152757
78.66884088516235,151898
84.24237108230591,151595
84.32128095626831,150378
96.28974890708923,149722
108.80583095550537,149531
273.7889850139618,149108
275.257896900177,148534
275.2868709564209,148368
275.4988851547241,147719
275.8559591770172,146382
307.1550509929657,145923
308.74144315719604,145777
309.2274959087372,145717
332.95831203460693,145600
332.96501207351685,145166
335.5454840660095,145111
368.108047246933,144831
