0.007151126861572266,724874
0.04237222671508789,720409
0.06936430931091309,713635
0.08885622024536133,712991
0.09713506698608398,708639
0.14532828330993652,698017
0.1654210090637207,697698
0.18152618408203125,696463
0.18796896934509277,679101
0.23778510093688965,676332
0.2446291446685791,656896
0.5461900234222412,654854
0.5523161888122559,645931
0.61995530128479,640762
0.6235771179199219,633332
0.6440372467041016,616497
1.1723182201385498,613995
1.2782511711120605,613184
1.739626407623291,612118
1.8025662899017334,612092
1.827348232269287,608092
1.8348102569580078,604798
1.8496460914611816,602839
1.871216058731079,582714
3.3797671794891357,579394
3.5460562705993652,579312
3.5598881244659424,571991
3.771888256072998,570908
3.8751180171966553,562402
3.912626266479492,562021
3.916443109512329,548368
3.935068130493164,545398
4.241651296615601,542960
4.33121919631958,541572
4.339461088180542,541245
4.5882322788238525,540213
4.707860231399536,538613
4.811829090118408,534366
4.81643533706665,530082
4.827711343765259,528631
4.834155082702637,526196
4.837277173995972,519240
4.982755184173584,517974
4.995504140853882,517960
5.0096540451049805,516608
5.026968002319336,516160
5.037660121917725,508428
5.042416095733643,507611
5.059519290924072,494557
5.070740222930908,492574
5.07673716545105,490777
5.082156181335449,482320
5.106213092803955,479164
5.114065170288086,476674
5.166114091873169,476631
5.254500150680542,475816
5.299577236175537,475540
5.302870988845825,472700
5.388087034225464,471029
5.472637176513672,470411
5.480256080627441,464749
5.626484155654907,464357
5.637914180755615,460883
5.735291242599487,457968
5.843933343887329,456300
6.23556923866272,455532
6.271147012710571,449174
6.292295217514038,446405
6.326970100402832,442926
6.341172933578491,438021
6.398874044418335,432465
6.407191038131714,430137
6.414775133132935,427851
6.459528207778931,426335
6.83962607383728,425909
6.849600076675415,422406
6.855100154876709,419794
6.872297286987305,407891
7.773128271102905,407020
8.286592960357666,406816
8.313123226165771,403488
8.319490194320679,400838
8.355070352554321,400067
8.389398097991943,399530
8.430235147476196,399350
8.44918704032898,397070
8.460351943969727,396020
8.53652811050415,395361
8.542924165725708,386376
8.561881065368652,386351
8.569046020507812,384432
8.582616090774536,383539
8.587045192718506,383409
8.595629215240479,381194
8.765871047973633,380088
8.776808261871338,379581
8.824911117553711,378615
8.870857238769531,375143
8.884856224060059,371033
8.905724287033081,370465
8.912280082702637,366539
8.97079610824585,365634
9.087700366973877,365595
9.140543222427368,365124
9.2557532787323,364744
9.265686988830566,364635
9.272114276885986,362482
9.2816162109375,361894
9.286317110061646,361885
9.312799215316772,360290
9.337658166885376,354149
9.347514152526855,354028
9.351632118225098,353323
9.369739055633545,353018
9.49022102355957,352461
9.497475147247314,352446
9.774283170700073,352399
10.390993118286133,352069
10.502197980880737,352035
11.203779220581055,351414
11.218951225280762,351374
11.222780227661133,350750
11.240247011184692,348782
11.708532333374023,348039
11.714461326599121,347864
11.720998287200928,347307
13.097689151763916,345648
13.40824007987976,345610
13.418525218963623,344420
13.425658226013184,343902
13.431877136230469,342928
13.795331239700317,342823
14.714993238449097,341912
15.139837265014648,341243
15.165286302566528,341148
15.179754257202148,340680
15.186856269836426,339673
15.19106912612915,339347
15.207910299301147,338854
15.321544170379639,337857
15.32948923110962,336983
15.383421182632446,335910
15.389520168304443,334287
15.979634284973145,334182
15.997485160827637,333419
16.034483194351196,330263
16.115783214569092,328962
16.118632316589355,328312
16.13310217857361,325699
16.144965171813965,325499
16.15117621421814,323731
16.163514137268066,323532
16.393413066864014,322602
16.509535312652588,321295
16.551656246185303,320358
16.573402166366577,320351
16.66068124771118,319192
16.68553328514099,318424
16.69171714782715,315980
16.744688272476196,313602
16.749619245529175,310536
16.755986213684082,310144
16.760927200317383,309429
16.76555109024048,308236
16.98331618309021,307986
16.986213207244873,302537
17.107808113098145,302270
17.127337217330933,301116
18.352516174316406,300379
18.357925176620483,299330
18.36421298980713,299197
18.42218017578125,298934
18.428831338882446,298748
18.443658113479614,297796
18.45817232131958,297758
18.472310066223145,295182
18.746249198913574,295004
18.770865201950073,294017
19.348618030548096,293451
19.362088203430176,292179
19.370989084243774,292148
19.40047526359558,291551
19.46238613128662,291352
19.465508222579956,291331
19.738392114639282,289956
19.820703983306885,289640
19.82747530937195,288764
20.076537132263184,288219
20.08250594139099,287221
20.087866067886353,286727
20.24713921546936,286505
20.398621320724487,285724
20.40413999557495,284966
20.427760124206543,284916
20.43073320388794,284577
22.858259201049805,284417
23.81675624847412,283979
24.976776123046875,282382
24.98723316192627,281344
24.992854118347168,280410
25.137258291244507,279455
25.71853733062744,279249
27.130183219909668,279088
27.376672983169556,277659
28.11848211288452,277500
28.1512770652771,277320
28.381009101867676,277022
28.44154715538025,276481
28.472761154174805,268247
28.50741720199585,267105
28.51966428756714,267001
28.60151505470276,266131
28.606483221054077,258948
28.660001039505005,258393
28.669825077056885,257311
28.72268533706665,257202
28.730003356933594,255474
28.867188930511475,255119
28.873369216918945,254526
29.092915296554565,251534
29.245805025100708,251196
29.24898099899292,240824
29.269549131393433,237910
29.296082258224487,231256
29.39651918411255,229047
29.40331530570984,225051
30.100210189819336,222844
30.112327098846436,221683
30.16239309310913,220038
30.1930890083313,217794
30.195983171463013,216880
30.201271057128906,216665
30.210317134857178,215032
30.393474102020264,214417
30.416908025741577,212565
30.43062925338745,208894
30.710254192352295,207585
30.71907925605774,206241
30.723369359970093,204110
30.87146520614624,204051
30.887834072113037,202906
31.00224208831787,202556
31.16001605987549,202460
31.1697940826416,201245
31.5485622882843,201012
31.66620635986328,198277
32.08490800857544,196801
32.48441529273987,196341
32.54861307144165,195133
32.75186610221863,194054
32.82285213470459,193727
32.83150815963745,193021
32.844396114349365,192283
32.85131907463074,191882
32.86050033569336,188161
33.18594813346863,187940
33.19836616516113,184254
39.26149129867554,184125
39.27317714691162,183460
39.81915903091431,180908
41.586424112319946,180307
42.02613925933838,180116
42.08460998535156,179730
42.83983111381531,179649
43.319051027297974,179434
43.516563177108765,177187
43.616974115371704,176265
43.706499099731445,175993
44.06634020805359,175762
45.46801209449768,175496
45.96177411079407,175398
46.7090380191803,174826
46.715182065963745,174481
46.75823426246643,174100
46.768941164016724,173419
47.10613703727722,173244
47.79606509208679,173155
50.46159219741821,172838
50.77505421638489,172375
54.53259801864624,171511
54.56790518760681,170632
54.896085023880005,170630
55.37144708633423,169916
55.763970136642456,169456
57.74742603302002,168781
58.705764055252075,166898
60.04176306724548,166791
60.05293917655945,166586
60.75933122634888,166581
60.765573263168335,166217
61.40400218963623,165548
61.45818901062012,163920
61.516873359680176,163901
61.591185092926025,163417
61.71082019805908,163070
62.46752405166626,162726
62.534130334854126,161443
62.538297176361084,160204
62.552834033966064,158597
62.599454164505005,158411
74.53774619102478,157487
75.9519453048706,157360
76.34372401237488,157357
76.35010504722595,156499
77.49765133857727,156245
77.94311809539795,156080
79.25563216209412,155154
83.65862822532654,155020
84.0359001159668,154984
84.05976510047913,154422
87.7276782989502,154290
88.01728200912476,153799
88.45731711387634,152757
89.2139880657196,151898
96.33476829528809,151595
96.42265319824219,150378
109.9378433227539,149722
120.03646898269653,149531
