3.941206455230713,160923
3.947206735610962,160568
3.949206829071045,160164
3.972208023071289,158949
3.981208562850952,158909
3.981208562850952,158636
4.0172107219696045,158453
4.0252110958099365,157822
4.073214054107666,157756
4.079214334487915,157530
4.082214117050171,155891
4.119216680526733,155662
4.278225421905518,155265
4.284225702285767,154305
4.39623236656189,154027
4.401232481002808,153922
4.409233093261719,153622
4.437235355377197,153485
4.444236993789673,153375
4.4632368087768555,153074
4.4652369022369385,152873
4.477237701416016,152630
4.920263290405273,152096
4.9312639236450195,150812
4.948266506195068,150578
4.978266716003418,150399
4.991267442703247,150079
5.0092689990997314,150029
5.013268947601318,149650
5.0322699546813965,149147
5.058271408081055,147934
5.058271408081055,147359
5.063271522521973,146959
5.13127589225769,146610
5.146278142929077,145449
5.169278144836426,145240
5.201279878616333,144405
5.210280418395996,144349
5.581301927566528,144224
5.582302093505859,144113
5.603304386138916,144014
5.6073033809661865,143830
5.6133036613464355,143272
5.628304719924927,143139
5.632305145263672,142555
5.670307397842407,142459
5.7093095779418945,142247
5.745311737060547,142159
5.750311851501465,141861
6.342345952987671,141850
6.381349563598633,141493
6.419350862503052,141306
6.458353519439697,141113
6.6463634967803955,140366
6.676366090774536,140212
6.682366371154785,139826
6.751370429992676,139540
7.013386011123657,139428
7.1853954792022705,139388
7.606420516967773,139251
7.672424077987671,138848
7.711426734924316,138727
7.715426921844482,138702
7.8214335441589355,138658
8.804490566253662,138285
8.846494436264038,138101
11.287661075592041,137976
11.309662342071533,137642
11.351667165756226,137345
11.729686260223389,137302
12.121711730957031,136810
12.174713134765625,136629
15.633887767791748,136544
15.767895460128784,136424
17.372989654541016,135957
44.56358194351196,135858
44.68558883666992,135834
44.70959115028381,135765
44.769593715667725,135499
45.22962045669556,135449
56.84932494163513,135375
57.0653395652771,135027
57.87338638305664,134843
