4.379285097122192,162912
4.414286375045776,162179
4.421261310577393,162047
4.4242870807647705,161325
4.444287538528442,160427
4.448287725448608,160306
4.460289001464844,159098
4.477290153503418,158810
4.480289697647095,158626
4.496290922164917,158220
4.611297607421875,157414
4.629298686981201,157005
4.635299444198608,156026
4.6533002853393555,155024
4.680301666259766,154359
4.713303327560425,153452
4.731305837631226,153042
4.748305797576904,152553
4.773306369781494,152501
4.7803075313568115,152141
4.782307863235474,151649
4.784308671951294,151388
4.7883100509643555,150971
4.8793134689331055,150967
4.93631649017334,149464
4.97931981086731,149271
5.010321378707886,148748
5.058322906494141,148603
5.065324068069458,147620
5.091325521469116,146760
5.095327854156494,146516
5.139328479766846,146497
5.141328811645508,146440
5.158329963684082,145773
5.526325464248657,145706
5.577327013015747,145581
5.634349346160889,145355
5.673359632492065,144825
5.681360244750977,144000
5.699361562728882,143893
5.72536301612854,143770
5.734363555908203,143587
5.775365352630615,143358
5.813367605209351,143241
7.774482727050781,142802
7.79248309135437,142608
8.011496782302856,142120
8.032470464706421,141963
8.042498350143433,141935
8.046498537063599,141770
8.053499460220337,141591
8.21049976348877,141468
8.231508731842041,141194
8.259511470794678,140851
8.295513153076172,140747
8.303513765335083,140298
8.927550315856934,140257
9.044556617736816,139545
9.196566343307495,139475
9.210566997528076,139171
9.53558611869812,139129
17.15203094482422,139035
17.170033931732178,138714
17.29103922843933,138666
19.274131059646606,138468
21.368252277374268,138433
22.6783287525177,138322
28.900718212127686,138303
