4.475261449813843,169367
4.477280616760254,168895
4.482286214828491,168146
4.483286619186401,167178
4.4852824211120605,166537
4.552265167236328,166338
4.562285423278809,166293
5.056317567825317,165059
5.08031964302063,163843
5.08132004737854,163314
5.083317756652832,163076
5.083317756652832,163015
5.083317756652832,162630
5.088318824768066,161625
5.737354516983032,161586
5.737354516983032,161480
5.741354942321777,161369
5.746356010437012,160772
5.750354766845703,160428
5.750354766845703,160276
5.7613489627838135,160125
5.763356447219849,160118
5.772358179092407,159590
5.780357122421265,159133
6.458397388458252,157699
6.473398208618164,157403
6.565403699874878,157163
6.566383361816406,156531
6.580387353897095,155722
6.588385820388794,154155
6.636407136917114,153640
6.6724090576171875,153590
6.681391477584839,153465
6.6904120445251465,153168
6.70841121673584,152752
6.711410999298096,151899
6.732393026351929,151875
6.757416009902954,151428
6.7744152545928955,151415
6.799407482147217,151227
7.446463346481323,150818
7.546461820602417,150163
7.550441741943359,149719
7.553461313247681,149120
7.558460712432861,148570
7.991486072540283,148505
8.201480150222778,148388
8.240481615066528,147419
8.2694833278656,147183
8.284484148025513,147147
8.297483921051025,146374
8.299484491348267,146061
9.03754711151123,146027
9.04253077507019,145808
9.047548294067383,144730
9.286563873291016,144389
9.591591835021973,144365
9.592562437057495,143261
9.605581760406494,142702
9.625581979751587,142481
9.627565383911133,141967
9.638582706451416,141789
9.656585931777954,141210
9.694569110870361,141069
9.699586153030396,140798
9.713587522506714,140395
9.7215895652771,140379
9.816592931747437,139722
9.824593305587769,139613
9.922579765319824,138823
10.015585660934448,138446
10.039586782455444,138276
10.417609214782715,138256
10.432621240615845,137395
10.46063494682312,137121
10.466612339019775,136673
10.713645458221436,136548
10.720645904541016,136428
10.7256498336792,136323
10.756648063659668,136013
13.083784580230713,135843
13.252776622772217,135824
13.314777612686157,135774
13.320778131484985,135669
13.388801336288452,135656
13.40380311012268,135285
13.435804605484009,135175
13.64480710029602,135021
15.508906841278076,134943
16.098961353302002,134867
16.132962226867676,134756
16.167967081069946,134439
16.244949340820312,134370
17.177021026611328,134362
21.51826024055481,134195
22.146313905715942,134064
22.350308895111084,134014
24.004435062408447,134011
52.90009331703186,134011
