3.4872336387634277,163482
3.5052340030670166,163190
3.9702606201171875,162231
4.0842413902282715,162190
4.087242364883423,162005
4.089242696762085,161005
4.090242147445679,160820
4.105239391326904,159614
4.105239391326904,159092
4.118240594863892,157338
4.12824273109436,157076
4.146244525909424,156830
4.148244619369507,155635
4.156242609024048,155220
4.1802449226379395,155012
4.191265344619751,154587
4.213266372680664,152161
4.2162463665008545,150759
4.230276823043823,150645
4.2392778396606445,150094
5.182305812835693,149455
5.192325115203857,149319
5.371343612670898,148900
6.016380310058594,148829
6.030381917953491,148301
6.186391115188599,147706
6.219393253326416,147656
6.227393865585327,147385
6.247395992279053,147275
6.252393960952759,146954
6.2773964405059814,146321
6.362400054931641,145708
6.375402450561523,145650
6.381401300430298,145620
6.390405178070068,145594
6.42140531539917,145378
6.465407371520996,144310
6.5144102573394775,144037
6.545411825180054,143682
6.566413879394531,143652
6.605415344238281,142097
6.635417938232422,141739
6.666419267654419,141301
6.682420015335083,140315
6.936424493789673,140224
7.013438940048218,140189
8.160507202148438,140143
8.419521570205688,139984
8.449522256851196,139977
8.487525939941406,139840
8.569530963897705,139572
9.816603660583496,139283
10.597647666931152,139131
11.426697254180908,139114
11.531703472137451,138902
11.68271279335022,138676
11.700713872909546,138458
11.704714059829712,138190
12.021732568740845,138101
12.088736057281494,138046
16.92901039123535,137833
17.246037483215332,137816
17.73606562614441,137708
17.770068883895874,137701
17.78006911277771,137698
19.246155500411987,137694
19.285157442092896,137691
