0.01501011848449707,724874
0.04505181312561035,720409
0.07114696502685547,713635
0.09009599685668945,712991
0.09689593315124512,708639
0.13683295249938965,698017
0.1553199291229248,697698
0.16435790061950684,696463
0.1699991226196289,679101
0.20997977256774902,676332
0.2158069610595703,656896
0.5180160999298096,654854
0.5211470127105713,645931
0.5744099617004395,640762
0.5797810554504395,633332
0.590083122253418,616497
1.2292568683624268,613995
1.3128209114074707,613184
1.5986371040344238,612118
1.6257338523864746,612092
1.63385009765625,608092
1.6366138458251953,604798
1.6420018672943115,602839
1.650393009185791,582714
2.7039239406585693,579394
2.8238651752471924,579312
2.835566997528076,571991
3.0450518131256104,570908
3.158320188522339,562402
3.182684898376465,562021
3.1887259483337402,548368
3.1986770629882812,545398
3.4770660400390625,542960
3.589962959289551,541572
3.6053459644317627,541245
3.979660987854004,540213
4.162298202514648,538613
4.366399049758911,534366
4.376836061477661,530082
4.416582822799683,528631
4.423640966415405,526196
4.431391954421997,519240
4.729020833969116,517974
4.757530212402344,517960
4.796485900878906,516608
4.846186876296997,516160
4.870559930801392,508428
4.877378940582275,507611
4.90252685546875,494557
4.918953895568848,492574
4.9273011684417725,490777
4.933832883834839,482320
4.970654010772705,479164
4.983509063720703,476674
5.072956800460815,476631
5.228110074996948,475816
5.301038980484009,475540
5.310692071914673,472700
5.457150936126709,471029
5.702192068099976,470411
5.713846921920776,464749
5.944744825363159,464357
5.951121807098389,460883
6.127803087234497,457968
6.236536026000977,456300
6.574615955352783,455532
6.610749959945679,449174
6.623882055282593,446405
6.661944150924683,442926
6.674315929412842,438021
6.723604917526245,432465
6.729413986206055,430137
6.735217809677124,427851
6.767247200012207,426335
7.270060062408447,425909
7.28459906578064,422406
7.29036808013916,419794
7.308030843734741,407891
8.794491052627563,407020
9.318894147872925,406816
9.330069065093994,403488
9.333168029785156,400838
9.355600833892822,400067
9.375773906707764,399530
9.403354167938232,399350
9.414247989654541,397070
9.423007011413574,396020
9.47531008720398,395361
9.481402158737183,386376
9.50258207321167,386351
9.509914875030518,384432
9.523343086242676,383539
9.529603004455566,383409
9.536503076553345,381194
9.702759981155396,380088
9.712119102478027,379581
9.763374090194702,378615
9.811197996139526,375143
9.823424100875854,371033
9.843514204025269,370465
9.853883028030396,366539
9.901833057403564,365634
10.042967081069946,365595
10.091715097427368,365124
10.204731941223145,364744
10.223289012908936,364635
10.229650974273682,362482
10.257702827453613,361894
10.264307975769043,361885
10.313500881195068,360290
10.371290922164917,354149
10.385451078414917,354028
10.393767833709717,353323
10.431172132492065,353018
10.58101201057434,352461
10.59070897102356,352446
10.861908912658691,352399
11.428325891494751,352069
11.491323947906494,352035
12.045471906661987,351414
12.059208869934082,351374
12.064983129501343,350750
12.083476066589355,348782
12.421195983886719,348039
12.42421817779541,347864
12.427284955978394,347307
13.854736804962158,345648
14.246968984603882,345610
14.262707948684692,344420
14.270133018493652,343902
14.273340940475464,342928
14.741034984588623,342823
15.948179006576538,341912
16.387479066848755,341243
16.407273054122925,341148
16.420504093170166,340680
16.4270498752594,339673
16.4321768283844,339347
16.452539205551147,338854
16.560755014419556,337857
16.56718111038208,336983
16.609188079833984,335910
16.613603115081787,334287
17.543301105499268,334182
17.56526803970337,333419
17.623071908950806,330263
17.73365807533264,328962
17.74154281616211,328312
17.7608540058136,325699
17.77351999282837,325499
17.779433965682983,323731
17.798179149627686,323532
18.073789834976196,322602
18.181489944458008,321295
18.227444887161255,320358
18.250851154327393,320351
18.341599941253662,319192
18.364924907684326,318424
18.370414972305298,315980
18.437448978424072,313602
18.441936016082764,310536
18.447048902511597,310144
18.450078010559082,309429
18.45290994644165,308236
18.655397176742554,307986
18.660820960998535,302537
18.786972999572754,302270
18.803412914276123,301116
20.509685039520264,300379
20.522326946258545,299330
20.528841972351074,299197
20.586822986602783,298934
20.593162059783936,298748
20.606035947799683,297796
20.61878204345703,297758
20.631386756896973,295182
20.97519302368164,295004
21.028759956359863,294017
21.70877480506897,293451
21.718135118484497,292179
21.73131012916565,292148
21.76779007911682,291551
21.84114718437195,291352
21.849766969680786,291331
22.21224093437195,289956
22.31785297393799,289640
22.32119083404541,288764
22.62097406387329,288219
22.627429008483887,287221
22.63469099998474,286727
22.849015951156616,286505
23.07602095603943,285724
23.08579397201538,284966
23.115108013153076,284916
23.11833381652832,284577
25.378607034683228,284417
26.165093898773193,283979
27.02224111557007,282382
27.030536890029907,281344
27.036653995513916,280410
27.16106605529785,279455
27.574182987213135,279249
28.3114070892334,279088
28.49975085258484,277659
28.897270917892456,277500
28.925253868103027,277320
29.060927867889404,277022
29.087532997131348,276481
29.099863052368164,268247
29.117116928100586,267105
29.12126111984253,267001
29.166596174240112,266131
29.172849893569946,258948
29.219020128250122,258393
29.225198984146118,257311
29.29082179069519,257202
29.298650979995728,255474
29.417882204055786,255119
29.42509889602661,254526
29.63014817237854,251534
29.745243787765503,251196
29.752272129058838,240824
29.77071213722229,237910
29.8002610206604,231256
29.85159182548523,229047
29.85859203338623,225051
30.336464166641235,222844
30.34999918937683,221683
30.415612936019897,220038
30.44302201271057,217794
30.445985078811646,216880
30.449023962020874,216665
30.455130100250244,215032
30.61084294319153,214417
30.623241901397705,212565
30.629685878753662,208894
30.75945806503296,207585
30.764364004135132,206241
30.770522832870483,204110
30.883559942245483,204051
30.89682412147522,202906
30.967956066131592,202556
31.11076307296753,202460
31.117783069610596,201245
31.54172706604004,201012
31.67817711830139,198277
32.14128589630127,196801
32.51707100868225,196341
32.56715798377991,195133
32.74620199203491,194054
32.804409980773926,193727
32.815016984939575,193021
32.82926797866821,192283
32.837975025177,191882
32.843793869018555,188161
33.126352071762085,187940
33.13949489593506,184254
38.99318289756775,184125
39.00382685661316,183460
39.499632835388184,180908
40.97883605957031,180307
41.37571883201599,180116
41.434056997299194,179730
42.12972593307495,179649
42.64894890785217,179434
43.03533482551575,177187
43.22542691230774,176265
43.4113872051239,175993
44.36252212524414,175762
45.95220613479614,175496
46.47591805458069,175398
47.4161331653595,174826
47.419365882873535,174481
47.47164702415466,174100
47.48484206199646,173419
47.84329009056091,173244
48.80527687072754,173155
51.78836703300476,172838
52.16064786911011,172375
56.12614297866821,171511
56.155526876449585,170632
56.40170502662659,170630
56.87851905822754,169916
57.2645161151886,169456
59.18933701515198,168781
60.274550914764404,166898
61.8845591545105,166791
61.897008180618286,166586
62.85819482803345,166581
62.866835832595825,166217
63.88347601890564,165548
63.965431928634644,163920
64.03256392478943,163901
64.1258020401001,163417
64.3143208026886,163070
65.32071089744568,162726
65.4093689918518,161443
65.41222095489502,160204
65.43289017677307,158597
65.48598909378052,158411
75.29436802864075,157487
76.52895784378052,157360
76.91271805763245,157357
76.9184000492096,156499
78.13352394104004,156245
78.49814200401306,156080
79.8748369216919,155154
84.14560008049011,155020
84.43397402763367,154984
84.46045589447021,154422
87.50622797012329,154290
87.76532888412476,153799
88.31855416297913,152757
89.14617896080017,151898
93.9574830532074,151595
94.03225708007812,150378
105.77189087867737,149722
115.84061789512634,149531
