0.03100132942199707,179578
3.3832130432128906,179198
3.3832130432128906,177860
3.4032199382781982,176368
4.017251968383789,175761
4.204263925552368,175252
4.204263925552368,175187
4.210244178771973,174465
4.448275089263916,174371
4.749276161193848,174119
4.7502760887146,174118
4.814282417297363,173778
4.816283226013184,171619
4.82929801940918,171300
4.831282615661621,171244
4.832282304763794,170797
4.833283424377441,170664
4.839283466339111,170562
4.843281269073486,170097
4.858301877975464,168751
4.869286775588989,168635
4.881284236907959,167549
4.934306383132935,167355
4.94031023979187,167265
4.9433159828186035,166973
4.989313125610352,166002
4.989313125610352,165153
4.991314172744751,164873
4.9943108558654785,164304
5.485339403152466,164239
5.487337350845337,162869
5.518338680267334,162335
5.526340484619141,162124
5.529340744018555,161785
5.529340744018555,161098
5.535341501235962,161030
5.538341522216797,160546
5.539341926574707,160226
5.614347219467163,160081
5.616349458694458,159910
6.217363357543945,159801
6.219363451004028,159670
6.2293641567230225,159177
6.2353644371032715,158821
6.239362716674805,158178
6.254365921020508,158127
6.2553629875183105,158072
6.259366273880005,157232
7.029408931732178,156840
7.029408931732178,155699
7.068440675735474,154612
7.751451253890991,154391
7.754451274871826,153775
7.754451274871826,153655
7.75745153427124,153229
7.758451700210571,152776
7.895459890365601,152754
7.899460077285767,152131
7.9014599323272705,152077
7.903460264205933,152044
7.983483552932739,151987
7.998483657836914,151885
8.08047103881836,151608
8.083471059799194,151010
8.105471849441528,150957
8.13447380065918,150788
8.149474620819092,150576
8.166475772857666,150011
8.21247935295105,149599
8.21747875213623,149367
8.219478368759155,149149
8.239479780197144,149103
8.246480226516724,148205
8.252479791641235,148009
8.256479978561401,147597
8.645504474639893,147427
8.646522760391235,147177
8.647505283355713,146858
8.661529302597046,146711
8.787511825561523,146231
9.149532556533813,145812
9.155551433563232,144778
9.73258662223816,144649
9.738585710525513,144423
9.741567850112915,143228
9.79357385635376,142908
9.806572675704956,141945
9.831572532653809,141622
9.903580904006958,141584
10.143610715866089,141341
10.163594007492065,140297
10.180611371994019,139181
10.186610221862793,138743
10.250616550445557,138612
13.458805084228516,138468
14.180829524993896,137800
14.199831008911133,137490
14.32083535194397,137473
14.350837230682373,136967
14.53384780883789,136734
14.542848348617554,136235
14.629853248596191,136072
15.372928380966187,135875
16.399959564208984,135271
16.428961038589478,135087
17.544044971466064,135032
18.26906728744507,134891
21.534276485443115,134841
52.36009120941162,134841
