3.721379041671753,161256
3.752629280090332,160889
3.752629280090332,160840
3.752629280090332,159698
3.7682547569274902,158989
3.783878803253174,158798
3.783878803253174,158380
3.783878803253174,157995
3.799504280090332,157964
3.940129518508911,157241
3.940129518508911,157115
3.940129518508911,156351
3.9557547569274902,156017
3.9557547569274902,155958
3.9713802337646484,155874
4.00262975692749,155444
4.00262975692749,155170
4.018254995346069,154959
4.049505233764648,153461
4.143254995346069,153341
4.174505233764648,153264
4.221380233764648,153052
4.221380233764648,152631
4.2370054721832275,152223
4.268255710601807,151997
4.283880710601807,151968
4.330748081207275,150702
4.346380949020386,150599
4.362005949020386,149091
4.424506187438965,148999
4.455756187438965,148643
4.533881425857544,148399
4.549506425857544,148157
4.565131664276123,147621
4.571741819381714,147403
4.618617534637451,147142
4.649892330169678,147121
4.796864032745361,145961
4.797959566116333,145728
4.797959566116333,144976
5.174218416213989,144913
5.252343654632568,144889
5.2835938930511475,144880
5.705469846725464,144546
6.0335962772369385,144429
6.0816473960876465,144115
6.159772872924805,143895
6.159772872924805,143882
6.191023349761963,143611
6.222272872924805,143585
6.237897872924805,143395
6.237897872924805,143305
6.269148111343384,143259
6.284773111343384,142004
6.441024541854858,141688
6.456648588180542,141492
6.472273588180542,140691
6.487898826599121,140512
6.691024303436279,140383
6.798760414123535,140053
6.814385652542114,139917
7.205011606216431,139908
7.330012321472168,139723
7.564388275146484,139618
7.595638275146484,139507
7.658138036727905,139083
7.892513990402222,139067
7.9394471645355225,138781
8.143661260604858,138115
8.159286260604858,138098
9.159290075302124,137991
9.190539598464966,137987
9.237414836883545,137428
9.378040313720703,137217
9.378040313720703,137210
9.409290075302124,137193
9.440539836883545,137169
9.93021273612976,137007
14.744171380996704,136809
14.938145637512207,136801
15.36126160621643,136746
19.36119270324707,135437
19.69148850440979,135427
19.831499814987183,135325
20.9424889087677,135210
