3.437527894973755,164781
3.453152894973755,164518
3.453152894973755,163747
3.453152894973755,163621
3.468777894973755,163130
3.468777894973755,162650
3.484403133392334,161955
3.531278610229492,161786
3.531278610229492,161110
3.531278610229492,160166
3.531278610229492,160155
3.531278610229492,160052
3.5469043254852295,159208
3.5469043254852295,159103
3.593778133392334,159079
3.609403371810913,158727
3.8281540870666504,158655
3.8437790870666504,157850
3.8437790870666504,156818
3.9844040870666504,156806
3.9844040870666504,156564
4.000029802322388,156437
4.000029802322388,156338
4.000029802322388,155210
4.390655279159546,154124
4.406281232833862,153473
4.4219067096710205,152963
4.4531495571136475,151450
4.4531495571136475,151288
4.468774318695068,151100
4.875032186508179,150898
4.890657186508179,150654
4.906282186508179,150208
4.937532424926758,149502
4.937532424926758,149049
4.968782186508179,148911
4.984407186508179,148319
5.100409030914307,148268
5.105407476425171,148053
5.216960430145264,147665
5.248210430145264,147369
5.390028953552246,147121
5.405681371688843,146349
5.436931371688843,146330
5.860010862350464,146207
5.875636339187622,145716
5.875636339187622,145600
5.92251181602478,145572
5.938135385513306,144643
5.953760862350464,144534
6.266270875930786,144328
6.281895637512207,142650
6.281895637512207,142632
6.313146352767944,142259
6.328770637512207,142021
6.344395160675049,141294
6.422521352767944,140294
6.563146352767944,140191
6.7361438274383545,139979
6.767400503158569,139905
6.798650026321411,139821
6.814274787902832,139312
7.70251989364624,139075
7.714519023895264,138979
7.740524053573608,138727
7.812507629394531,138271
7.875530004501343,137912
7.902531147003174,137711
8.506886720657349,137274
20.394437313079834,137228
20.645873308181763,137011
20.677123308181763,136956
21.41150140762329,136749
25.84932589530945,136665
26.114943742752075,136552
26.36495280265808,136535
30.13888645172119,136465
58.2615704536438,136419
59.06509304046631,136367
59.55123567581177,136364
