3.2057809829711914,172242
3.2057809829711914,170380
3.2370307445526123,170273
3.2370307445526123,170267
3.2370307445526123,169365
3.2370307445526123,169098
3.252654552459717,167562
3.268259048461914,167094
3.268259048461914,166579
3.268259048461914,166254
3.2839057445526123,165682
3.2839057445526123,165124
3.2995312213897705,163820
3.2995312213897705,163151
3.3464062213897705,162971
3.3464062213897705,162547
3.3464062213897705,161921
3.440157413482666,161374
3.4557816982269287,161174
3.471406936645508,160371
3.471406936645508,159045
3.471406936645508,158350
3.783907890319824,158241
3.866617202758789,156812
3.866617202758789,156147
3.95448637008667,155944
3.970139265060425,154578
4.001389503479004,154539
4.001389503479004,153991
4.017014503479004,153465
4.017014503479004,153222
4.032639741897583,152888
4.048264503479004,152593
4.299494028091431,152518
4.33074426651001,152243
4.33074426651001,151781
4.37761926651001,151705
4.393244504928589,151283
4.455744981765747,151212
4.924496412277222,150661
4.986996412277222,150446
5.002621650695801,149645
5.018246650695801,149267
5.033872127532959,148632
5.049496650695801,148524
5.049496650695801,148495
5.080747365951538,148407
5.111997127532959,146746
5.158872127532959,146729
5.191312789916992,146553
5.206957817077637,146525
5.238207817077637,145675
5.285083055496216,145565
5.300708055496216,145414
5.316333055496216,145288
6.191717863082886,144819
6.238592624664307,144696
6.2542173862457275,144317
6.457343339920044,144172
6.707344055175781,143760
7.191721200942993,143732
7.222970962524414,143512
7.8145668506622314,143214
7.861442804336548,143146
7.877068042755127,142327
8.111442565917969,142137
8.220818281173706,141378
8.220818281173706,140999
8.220818281173706,140680
8.64269471168518,139971
8.736445426940918,139243
9.80673861503601,139202
14.140045642852783,139046
14.34438681602478,139014
15.251813173294067,138850
15.329938888549805,138633
39.956321716308594,138160
40.285724401474,137608
40.80005145072937,137572
41.61194825172424,137371
41.70569849014282,137302
41.75257396697998,137252
41.75257396697998,136189
41.98694920539856,135937
42.1431999206543,135908
42.56507658958435,135641
42.92445254325867,135591
43.37757897377014,135574
