3.9960432052612305,160726
4.0116682052612305,160187
4.09789776802063,159361
4.2139575481414795,158173
4.2139575481414795,157967
4.245206117630005,157544
4.2920823097229,157015
4.3077075481414795,157003
4.323332786560059,156474
4.3389573097229,156452
4.3545825481414795,155716
4.3545825481414795,155460
4.40409779548645,155141
4.419750213623047,155059
4.419750213623047,154740
4.466626405715942,154399
4.5447492599487305,153786
4.560376405715942,153423
4.638501167297363,153157
4.638501167297363,152813
4.732251405715942,152285
4.732251405715942,151848
4.7634992599487305,151389
4.7791266441345215,150562
4.863801717758179,150424
5.1018149852752686,149981
5.126816511154175,149917
5.136817216873169,149350
5.16481876373291,149344
5.168818950653076,149143
5.214821815490723,148984
5.2258219718933105,148634
5.370831251144409,148157
5.469836950302124,147939
5.493838548660278,147591
5.500838994979858,147492
5.51885986328125,147429
5.553861141204834,147281
5.569861888885498,146478
5.570862531661987,146419
5.592863321304321,146227
5.642866134643555,145828
5.689867734909058,145802
5.726853847503662,145590
5.728853940963745,145178
5.743872404098511,144904
5.758876085281372,144699
5.85187840461731,144558
5.958884954452515,144275
6.027566909790039,144178
6.469424247741699,144146
6.482424020767212,144083
6.483423471450806,143836
6.515427112579346,143792
6.515427112579346,143630
7.568486928939819,143567
7.635498523712158,143508
7.684494256973267,143002
7.8074915409088135,142742
7.8185014724731445,142423
7.840782403945923,142399
7.887684345245361,142357
8.041741132736206,142030
8.057366371154785,141926
8.057366371154785,141798
8.198259353637695,141210
8.292009353637695,140978
8.338883638381958,140479
8.385759115219116,140424
8.531343221664429,140408
8.542326211929321,140384
8.581359386444092,140299
8.861343383789062,140191
8.870344400405884,139990
9.100357055664062,139471
9.130359411239624,139110
9.267367839813232,138685
9.397377014160156,138660
17.38536548614502,138516
25.119307279586792,138427
25.534610271453857,138398
27.573521614074707,138150
27.729772329330444,137914
29.018632650375366,137862
29.975788831710815,137843
30.06956696510315,137814
31.846929788589478,137669
33.5851628780365,137640
33.61641240119934,137621
