0.005073070526123047,724874
0.02718496322631836,720409
0.05182695388793945,713635
0.07144498825073242,712991
0.07577919960021973,708639
0.1154019832611084,698017
0.1322331428527832,697698
0.14548420906066895,696463
0.15172219276428223,679101
0.19262290000915527,676332
0.1976001262664795,656896
0.5570571422576904,654854
0.577592134475708,645931
0.691917896270752,640762
0.697526216506958,633332
0.7158501148223877,616497
1.0031650066375732,613995
1.066917896270752,613184
1.311086893081665,612118
1.337677240371704,612092
1.3469479084014893,608092
1.3495240211486816,604798
1.3546252250671387,602839
1.362549066543579,582714
2.19667911529541,579394
2.278531074523926,579312
2.288188934326172,571991
2.4117839336395264,570908
2.4684629440307617,562402
2.489223003387451,562021
2.495250940322876,548368
2.510003089904785,545398
2.708789110183716,542960
2.7610530853271484,541572
2.765688180923462,541245
2.905081033706665,540213
2.9828481674194336,538613
3.100853204727173,534366
3.1030430793762207,530082
3.109999895095825,528631
3.1123640537261963,526196
3.1150591373443604,519240
3.2054030895233154,517974
3.213979959487915,517960
3.2230191230773926,516608
3.2311110496520996,516160
3.240082025527954,508428
3.2431480884552,507611
3.250959873199463,494557
3.256472110748291,492574
3.2593679428100586,490777
3.2619740962982178,482320
3.275092124938965,479164
3.280719041824341,476674
3.312779188156128,476631
3.3626792430877686,475816
3.388045072555542,475540
3.3912370204925537,472700
3.4434030055999756,471029
3.501610040664673,470411
3.503847122192383,464749
3.590315103530884,464357
3.5941600799560547,460883
3.7388811111450195,457968
3.805333137512207,456300
4.033336877822876,455532
4.055201053619385,449174
4.067329168319702,446405
4.089679956436157,442926
4.095813989639282,438021
4.134847164154053,432465
4.138000011444092,430137
4.143838167190552,427851
4.169946908950806,426335
4.60108208656311,425909
4.612236261367798,422406
4.6185691356658936,419794
4.634886980056763,407891
5.425784111022949,407020
5.8300628662109375,406816
5.84396505355835,403488
5.846456289291382,400838
5.868888854980469,400067
5.884707927703857,399530
5.906280994415283,399350
5.916253089904785,397070
5.923434019088745,396020
5.970256090164185,395361
5.97425103187561,386376
5.9842610359191895,386351
5.988365173339844,384432
5.99417519569397,383539
5.998204946517944,383409
6.003629207611084,381194
6.108567237854004,380088
6.11679220199585,379581
6.1400909423828125,378615
6.1631810665130615,375143
6.174113035202026,371033
6.184759140014648,370465
6.189216136932373,366539
6.223073244094849,365634
6.325545072555542,365595
6.370975017547607,365124
6.458637237548828,364744
6.466029167175293,364635
6.470368146896362,362482
6.477524995803833,361894
6.481119155883789,361885
6.494285821914673,360290
6.515421152114868,354149
6.526395082473755,354028
6.52987003326416,353323
6.544361114501953,353018
6.613590240478516,352461
6.622773170471191,352446
6.789379119873047,352399
7.083070993423462,352069
7.119105100631714,352035
7.414718151092529,351414
7.423439979553223,351374
7.427363872528076,350750
7.438323020935059,348782
7.712333917617798,348039
7.714858055114746,347864
7.717329978942871,347307
8.44809889793396,345648
8.617378234863281,345610
8.622326135635376,344420
8.625486850738525,343902
8.630365133285522,342928
8.937900066375732,342823
9.509176254272461,341912
9.802563905715942,341243
9.813817977905273,341148
9.81929898262024,340680
9.82199501991272,339673
9.824663162231445,339347
9.83765196800232,338854
9.895069122314453,337857
9.8978750705719,336983
9.919893026351929,335910
9.92256212234497,334287
10.26094913482666,334182
10.270076990127563,333419
10.290127992630005,330263
10.342952013015747,328962
10.346870183944702,328312
10.355463027954102,325699
10.361875057220459,325499
10.364700078964233,323731
10.370240211486816,323532
10.508352041244507,322602
10.581825017929077,321295
10.615226030349731,320358
10.62983512878418,320351
10.679054975509644,319192
10.693108081817627,318424
10.696542978286743,315980
10.728208065032959,313602
10.73225212097168,310536
10.734998226165771,310144
10.737713098526001,309429
10.740565061569214,308236
10.856104135513306,307986
10.858910083770752,302537
10.92985200881958,302270
10.938430070877075,301116
11.665886163711548,300379
11.668734073638916,299330
11.671403169631958,299197
11.696706056594849,298934
11.699779272079468,298748
11.705212116241455,297796
11.710572242736816,297758
11.716447114944458,295182
11.853891134262085,295004
11.863256931304932,294017
12.127256155014038,293451
12.13512110710144,292179
12.143789052963257,292148
12.164214134216309,291551
12.206218004226685,291352
12.21030306816101,291331
12.375802040100098,289956
12.421041011810303,289640
12.423718929290771,288764
12.553755044937134,288219
12.55646014213562,287221
12.559117078781128,286727
12.664572954177856,286505
12.781461000442505,285724
12.786532878875732,284966
12.80791711807251,284916
12.812258243560791,284577
14.390405893325806,284417
14.907058000564575,283979
15.593759059906006,282382
15.601760149002075,281344
15.605034112930298,280410
15.70545506477356,279455
16.08155918121338,279249
16.610594987869263,279088
16.722443103790283,277659
16.961846113204956,277500
16.98378825187683,277320
17.068242073059082,277022
17.08738899230957,276481
17.097413063049316,268247
17.111727952957153,267105
17.11809802055359,267001
17.15112614631653,266131
17.154041051864624,258948
17.18406105041504,258393
17.1873459815979,257311
17.216184854507446,257202
17.221697092056274,255474
17.299889087677002,255119
17.30271601676941,254526
17.476821184158325,251534
17.612359046936035,251196
17.61795210838318,240824
17.633914947509766,237910
17.656374216079712,231256
17.713417053222656,229047
17.719388008117676,225051
18.081573963165283,222844
18.089407205581665,221683
18.12586998939514,220038
18.152083158493042,217794
18.156042098999023,216880
18.16109013557434,216665
18.169466018676758,215032
18.28612995147705,214417
18.295252084732056,212565
18.298040866851807,208894
18.401638984680176,207585
18.404687881469727,206241
18.407665967941284,204110
18.492533206939697,204051
18.504757165908813,202906
18.570932149887085,202556
18.659735202789307,202460
18.663413047790527,201245
18.939357042312622,201012
19.038331985473633,198277
19.32336711883545,196801
19.66593909263611,196341
19.721460103988647,195133
19.915666103363037,194054
19.99174213409424,193727
20.000411987304688,193021
20.017732858657837,192283
20.032095193862915,191882
20.042731046676636,188161
20.313311100006104,187940
20.31941509246826,184254
23.934641122817993,184125
23.9415340423584,183460
24.271847009658813,180908
25.77800416946411,180307
26.066684007644653,180116
26.112696170806885,179730
26.58887791633606,179649
26.897122859954834,179434
27.019217014312744,177187
27.091821908950806,176265
27.14663004875183,175993
27.33686113357544,175762
28.96261215209961,175496
29.633389234542847,175398
30.16309404373169,174826
30.168004035949707,174481
30.22540307044983,174100
30.239777088165283,173419
30.46938395500183,173244
31.288950204849243,173155
33.70726799964905,172838
33.97474908828735,172375
37.93508315086365,171511
38.02262806892395,170632
38.41391706466675,170630
38.801305055618286,169916
39.24772906303406,169456
40.8715980052948,168781
41.503417015075684,166898
42.238577127456665,166791
42.244165897369385,166586
42.680376291275024,166581
42.68300819396973,166217
43.16076922416687,165548
43.20781111717224,163920
43.2767391204834,163901
43.329578161239624,163417
43.43157410621643,163070
44.07294201850891,162726
44.13831090927124,161443
44.14462494850159,160204
44.1598002910614,158597
44.19863986968994,158411
53.90302610397339,157487
55.12564516067505,157360
55.48589301109314,157357
55.49120807647705,156499
56.433202028274536,156245
56.722513914108276,156080
57.70111393928528,155154
60.0727162361145,155020
60.34525394439697,154984
60.368863105773926,154422
62.91764998435974,154290
63.09349012374878,153799
63.453973054885864,152757
64.13447093963623,151898
68.1630449295044,151595
68.23552799224854,150378
77.63028907775879,149722
84.67588305473328,149531
