3.772109270095825,157668
3.787734270095825,157104
3.9439852237701416,157053
4.084610223770142,156253
4.1783607006073,155732
4.1939857006073,154978
4.245349407196045,154888
4.2611682415008545,154535
4.295568943023682,154437
4.330397605895996,154202
4.787865877151489,153930
4.834740877151489,153385
4.850365877151489,152764
4.8972413539886475,152250
4.8972413539886475,151988
4.9597413539886475,151396
5.0222413539886475,150897
5.053491592407227,150372
5.069116592407227,149421
5.1159913539886475,149337
5.131617069244385,148546
5.147242069244385,148272
5.162866592407227,148089
5.178491830825806,147611
5.178491830825806,147124
5.194117069244385,147001
5.209743022918701,146643
5.225367546081543,145180
5.381617307662964,145167
5.428492784500122,144977
5.679744482040405,144918
5.695369005203247,144603
5.695369005203247,143945
5.789119243621826,143651
5.789119243621826,143265
6.0234949588775635,142953
6.0547449588775635,142792
6.348979949951172,142460
6.53648042678833,142396
6.53648042678833,142213
6.614606618881226,142201
7.130232810974121,141811
7.161482572555542,141701
8.005235195159912,141505
8.75523853302002,141460
9.275583028793335,141401
9.41865062713623,141254
9.529245138168335,141191
11.677019357681274,140532
11.817644834518433,140249
12.130146026611328,139924
12.177021265029907,139478
12.208271026611328,139405
14.262656688690186,139281
14.897042989730835,139191
15.31891942024231,139071
15.428294897079468,138915
16.16384720802307,138806
19.611775875091553,138674
22.521910905838013,138239
48.37314200401306,138184
