0.0066509246826171875,724874
0.03507494926452637,720409
0.05421805381774902,713635
0.06822705268859863,712991
0.07501101493835449,708639
0.11540794372558594,698017
0.13340497016906738,697698
0.14621806144714355,696463
0.15198898315429688,679101
0.22789978981018066,676332
0.23792314529418945,656896
0.5276710987091064,654854
0.5320839881896973,645931
0.5955100059509277,640762
0.5999290943145752,633332
0.6201229095458984,616497
1.38102388381958,613995
1.4787671566009521,613184
1.789808750152588,612118
1.8133790493011475,612092
1.8225219249725342,608092
1.8250350952148438,604798
1.8301160335540771,602839
1.8383769989013672,582714
2.682490825653076,579394
2.7674198150634766,579312
2.7756478786468506,571991
2.8912787437438965,570908
2.958075761795044,562402
2.992172956466675,562021
2.999088764190674,548368
3.016184091567993,545398
3.306421995162964,542960
3.3821659088134766,541572
3.3924720287323,541245
3.608613967895508,540213
3.709760904312134,538613
3.8518359661102295,534366
3.858212947845459,530082
3.8744499683380127,528631
3.880025863647461,526196
3.885478973388672,519240
4.04622483253479,517974
4.063071012496948,517960
4.08171010017395,516608
4.098118782043457,516160
4.114292860031128,508428
4.120210886001587,507611
4.136627912521362,494557
4.147815942764282,492574
4.153441905975342,490777
4.158692121505737,482320
4.1892969608306885,479164
4.1963231563568115,476674
4.244948863983154,476631
4.302503824234009,475816
4.349593162536621,475540
4.354682922363281,472700
4.422306060791016,471029
4.504764795303345,470411
4.508904933929443,464749
4.620081901550293,464357
4.624687910079956,460883
4.70651912689209,457968
4.769546031951904,456300
5.010393857955933,455532
5.042540073394775,449174
5.060655117034912,446405
5.095530033111572,442926
5.107907056808472,438021
5.173995018005371,432465
5.182854890823364,430137
5.191812038421631,427851
5.220237970352173,426335
5.602400064468384,425909
5.615933895111084,422406
5.621797800064087,419794
5.638950824737549,407891
6.569483041763306,407020
6.958959102630615,406816
6.972862958908081,403488
6.975373983383179,400838
6.997982978820801,400067
7.017348766326904,399530
7.0492730140686035,399350
7.064074993133545,397070
7.071501970291138,396020
7.123773813247681,395361
7.129471063613892,386376
7.143643856048584,386351
7.147202968597412,384432
7.156656980514526,383539
7.16234016418457,383409
7.168773889541626,381194
7.337554931640625,380088
7.347702980041504,379581
7.386845827102661,378615
7.425010919570923,375143
7.438159942626953,371033
7.4550018310546875,370465
7.459921836853027,366539
7.512054920196533,365634
7.678332805633545,365595
7.742297172546387,365124
7.873483896255493,364744
7.885239124298096,364635
7.891096115112305,362482
7.902345895767212,361894
7.907690048217773,361885
7.929862976074219,360290
7.9513537883758545,354149
7.9603259563446045,354028
7.966184854507446,353323
7.986212730407715,353018
8.092805862426758,352461
8.1042640209198,352446
8.36043906211853,352399
8.839352130889893,352069
8.897627830505371,352035
9.347119808197021,351414
9.355902910232544,351374
9.358309745788574,350750
9.366888999938965,348782
9.693626880645752,348039
9.699935913085938,347864
9.70688796043396,347307
10.899236917495728,345648
11.152212858200073,345610
11.159897804260254,344420
11.165272951126099,343902
11.170623064041138,342928
11.537039756774902,342823
12.352638006210327,341912
12.735261917114258,341243
12.751857995986938,341148
12.762624979019165,340680
12.76761794090271,339673
12.77171516418457,339347
12.78593897819519,338854
12.871745109558105,337857
12.87745475769043,336983
12.921056032180786,335910
12.926447868347168,334287
13.397027015686035,334182
13.404477834701538,333419
13.433799982070923,330263
13.497484922409058,328962
13.502892971038818,328312
13.519039869308472,325699
13.529335975646973,325499
13.533156871795654,323731
13.543876886367798,323532
13.753095865249634,322602
13.859076023101807,321295
13.90929889678955,320358
13.932370901107788,320351
13.992924928665161,319192
14.016021013259888,318424
14.020920038223267,315980
14.077745914459229,313602
14.083508014678955,310536
14.087625980377197,310144
14.090171813964844,309429
14.092617988586426,308236
14.245662927627563,307986
14.251193761825562,302537
14.354301929473877,302270
14.36748480796814,301116
15.453568935394287,300379
15.458861112594604,299330
15.46527099609375,299197
15.501531839370728,298934
15.504152059555054,298748
15.514920949935913,297796
15.525913715362549,297758
15.531682014465332,295182
15.740469932556152,295004
15.7567617893219,294017
16.012017965316772,293451
16.02014684677124,292179
16.026291847229004,292148
16.045682907104492,291551
16.087467908859253,291352
16.09077000617981,291331
16.25534200668335,289956
16.32554006576538,289640
16.327996969223022,288764
16.54868507385254,288219
16.555580854415894,287221
16.5593421459198,286727
16.76167607307434,286505
16.99550199508667,285724
17.003662824630737,284966
17.04912304878235,284916
17.0557918548584,284577
19.514463901519775,284417
20.338380098342896,283979
21.09521508216858,282382
21.1018328666687,281344
21.107253074645996,280410
21.23407483100891,279455
21.75490403175354,279249
22.522393941879272,279088
22.74076008796692,277659
23.203166007995605,277500
23.238534927368164,277320
23.485016107559204,277022
23.533872842788696,276481
23.547911882400513,268247
23.575844764709473,267105
23.582571983337402,267001
23.656688928604126,266131
23.66509699821472,258948
23.744620084762573,258393
23.74976897239685,257311
23.825037956237793,257202
23.836293935775757,255474
23.99778985977173,255119
24.00451898574829,254526
24.28621482849121,251534
24.49380898475647,251196
24.504040002822876,240824
24.536526918411255,237910
24.573933124542236,231256
24.685721158981323,229047
24.697852849960327,225051
25.45804786682129,222844
25.472129106521606,221683
25.54851984977722,220038
25.59268593788147,217794
25.60309600830078,216880
25.611893892288208,216665
25.62544894218445,215032
25.813782930374146,214417
25.844210863113403,212565
25.856313943862915,208894
26.016209840774536,207585
26.022045850753784,206241
26.032986879348755,204110
26.334141969680786,204051
26.35719394683838,202906
26.46876096725464,202556
26.600499868392944,202460
26.603214025497437,201245
26.982805967330933,201012
27.089184045791626,198277
27.508025884628296,196801
28.096816778182983,196341
28.161792039871216,195133
28.379669904708862,194054
28.449700117111206,193727
28.461466789245605,193021
28.477444887161255,192283
28.492522954940796,191882
28.501909017562866,188161
28.80784296989441,187940
28.814178943634033,184254
34.84697604179382,184125
34.85339903831482,183460
35.299667835235596,180908
37.3451828956604,180307
37.77566599845886,180116
37.83872699737549,179730
38.54592680931091,179649
38.99042296409607,179434
39.17235994338989,177187
39.237114906311035,176265
39.309937953948975,175993
39.581807136535645,175762
41.20469784736633,175496
41.68205904960632,175398
42.3526930809021,174826
42.35745191574097,174481
42.43608498573303,174100
42.450745820999146,173419
42.91878700256348,173244
43.90351390838623,173155
46.65995192527771,172838
47.120293855667114,172375
50.68169689178467,171511
50.70857810974121,170632
50.92289590835571,170630
51.30252289772034,169916
51.595298051834106,169456
53.986023902893066,168781
55.21158409118652,166898
56.766599893569946,166791
56.774425745010376,166586
57.88109111785889,166581
57.88928413391113,166217
58.78092908859253,165548
58.82961988449097,163920
58.897093772888184,163901
58.96310997009277,163417
59.0806930065155,163070
60.07505989074707,162726
60.18773889541626,161443
60.19588780403137,160204
60.21747899055481,158597
60.27921986579895,158411
71.50630187988281,157487
72.99834299087524,157360
73.39579701423645,157357
73.39864706993103,156499
74.40051412582397,156245
74.76215195655823,156080
76.10939073562622,155154
80.42071390151978,155020
80.70930576324463,154984
80.72291302680969,154422
84.49820899963379,154290
84.86914992332458,153799
85.53579187393188,152757
86.4648208618164,151898
91.45750284194946,151595
91.53367185592651,150378
103.54002094268799,149722
113.91808676719666,149531
