5.267285585403442,165183
5.321288824081421,165011
5.456296682357788,163897
5.457296371459961,163840
5.460296630859375,163778
5.460296630859375,163391
5.467297792434692,163248
5.470297813415527,162601
5.474297523498535,161957
5.475297689437866,161500
5.949356555938721,161278
5.955345869064331,160599
5.955345869064331,160585
5.9633471965789795,160089
5.966350078582764,159209
5.973345994949341,158674
5.976352691650391,158227
6.488376617431641,158127
6.492377996444702,157720
6.493377447128296,156999
6.512379169464111,156109
6.609384059906006,156013
6.611383676528931,155316
6.614385604858398,153146
6.619388818740845,152773
6.619388818740845,152325
6.67438817024231,151551
6.684389352798462,151315
6.699398040771484,151017
6.741389513015747,150680
6.757374048233032,149947
7.063410758972168,149899
7.073392152786255,149896
7.102424621582031,149709
7.102424621582031,148424
7.12341570854187,148277
7.283422946929932,148179
7.298423767089844,148011
7.3564276695251465,146584
7.35742712020874,146400
7.36040997505188,146354
7.363427639007568,145693
7.376409292221069,145059
7.384430646896362,144439
7.391410827636719,143728
7.397429466247559,142903
7.397429466247559,142186
7.476433038711548,141660
7.4794347286224365,140391
9.103511333465576,140247
9.297540664672852,140022
9.299541234970093,139705
9.320523977279663,139334
9.609541416168213,139162
9.612541675567627,139112
9.660561800003052,138750
9.663562059402466,138166
10.022566795349121,138148
10.080586194992065,137844
10.082586526870728,137613
11.54065203666687,136886
12.515728950500488,136766
12.539729833602905,136691
12.56073522567749,136276
12.562735795974731,136101
13.984818696975708,135937
13.99881911277771,135907
14.029817581176758,135723
14.178825855255127,135625
14.186843872070312,135553
14.437842845916748,135452
14.728838920593262,135419
14.75085973739624,135213
14.789861679077148,134798
14.804866552352905,134778
16.201945066452026,134592
16.22594976425171,134435
16.240947484970093,134260
16.67296814918518,134245
17.543023347854614,134208
17.92704463005066,134080
17.9350483417511,133969
18.151058435440063,133672
18.196062803268433,133561
19.979146003723145,133532
20.17917799949646,133393
51.46600604057312,133393
