3.1792359352111816,179626
3.1872172355651855,178676
3.1962361335754395,176966
3.203246831893921,176080
3.2282183170318604,176000
3.229238271713257,175117
3.229238271713257,174780
3.243239402770996,174517
3.257239580154419,174149
3.268221378326416,173446
3.2832229137420654,172830
3.308246374130249,172292
3.3152432441711426,172093
3.3222458362579346,171674
3.372246503829956,171529
3.448251247406006,170826
3.5112545490264893,168785
3.618251085281372,167438
3.6242613792419434,167114
3.672262668609619,166199
3.6832661628723145,165930
3.704266309738159,165585
3.71726655960083,164258
3.719271659851074,163616
3.7202670574188232,163300
3.841275691986084,162870
3.846276044845581,162761
3.8522562980651855,162653
3.8542747497558594,161104
3.856255531311035,159605
3.8832767009735107,157578
3.890275478363037,156481
3.905258893966675,156320
3.920279026031494,155664
3.955289125442505,155442
3.9632911682128906,154683
3.9712629318237305,154502
3.972263813018799,153906
3.9962828159332275,153313
4.0702879428863525,153056
4.07228684425354,152721
4.098289489746094,152069
4.1022889614105225,151064
4.14130163192749,150219
4.143619060516357,149978
4.190520763397217,149813
4.206146240234375,148927
4.221771717071533,148884
4.221771717071533,148524
4.305532217025757,148041
4.306532859802246,147053
4.335533618927002,145518
4.382546424865723,145232
4.386575937271118,145006
4.396536827087402,144752
4.3985371589660645,144647
4.407538175582886,144599
4.431539535522461,144429
4.500542879104614,144095
4.52654504776001,143869
4.529545068740845,143068
4.530563831329346,143046
4.5535478591918945,142657
4.902548313140869,142473
4.928553104400635,141476
5.04657506942749,141389
5.2535858154296875,141379
5.257587432861328,140983
5.27658748626709,140588
5.297590017318726,140559
5.81960129737854,140284
5.840601921081543,140255
5.874606132507324,139998
5.886625289916992,139574
5.92262864112854,139321
5.926627159118652,138694
6.032632827758789,138621
6.131619215011597,138557
6.147633075714111,138290
6.172621250152588,137764
6.1856420040130615,136966
6.197643041610718,136840
6.2346532344818115,136266
6.269646883010864,136188
6.744506120681763,136166
6.7702720165252686,135937
6.85938835144043,135837
9.568715572357178,135570
9.879308700561523,135027
9.891289234161377,134843
9.902289628982544,134653
10.045315980911255,134598
11.427398443222046,134456
11.49740219116211,134422
12.979411602020264,134115
15.925375938415527,133951
16.433233737945557,133943
16.447260856628418,133828
16.509485960006714,133672
17.148715496063232,133467
19.17424488067627,133456
