4.011659145355225,169932
4.021642684936523,169517
4.023641109466553,168165
4.026658535003662,167760
4.0276594161987305,167261
4.0886640548706055,164496
4.0896642208099365,163152
4.099665403366089,163099
4.106665849685669,161692
4.107666015625,161649
4.11264705657959,161021
4.119666576385498,159400
4.129647970199585,159396
4.131648302078247,158949
4.140647888183594,158373
4.140647888183594,157410
4.505490779876709,156851
4.508489608764648,156297
4.512489557266235,155897
4.520648956298828,155515
4.520648956298828,155182
4.520648956298828,154707
4.536273241043091,154559
4.536273241043091,154186
4.551898002624512,152468
4.583148241043091,151810
4.599904775619507,151687
4.640239000320435,151144
4.642239093780518,150395
4.674240827560425,150224
4.686371803283691,149857
4.701993942260742,149754
4.701993942260742,149402
4.878564357757568,148789
5.425616979598999,148621
5.425616979598999,148426
5.432614803314209,148314
5.457616567611694,147596
5.713632106781006,147011
5.91762375831604,146599
5.932632207870483,146339
5.937625169754028,145462
5.938625335693359,145245
6.121654748916626,144977
6.1566386222839355,144497
6.162656545639038,144114
6.1876420974731445,144108
6.335654973983765,142586
6.345652103424072,142419
6.53866171836853,141592
6.633686542510986,141353
6.660691261291504,141284
6.715688943862915,141151
6.738673686981201,140701
6.826696395874023,140564
6.840696573257446,140436
6.859697103500366,140361
6.863701105117798,140311
6.869700193405151,140192
7.0156965255737305,139631
7.031321048736572,139576
7.266368865966797,139418
8.08383822441101,139348
8.680872917175293,139090
8.730875253677368,138868
8.736875534057617,138684
8.743876934051514,138456
8.761857986450195,138330
30.460829496383667,138318
38.47872805595398,138287
57.44587731361389,138018
57.533899784088135,136810
