0.009004592895507812,180072
2.981174945831299,179977
4.747279167175293,177749
4.778280735015869,177234
4.7812628746032715,176891
4.808282136917114,176762
4.811282157897949,176337
4.811282157897949,176291
4.812282562255859,175269
4.822283029556274,174755
4.822283029556274,174161
4.8252854347229,173989
4.827286005020142,173090
4.8302857875823975,172599
4.832266807556152,171405
4.83326530456543,171014
4.8342649936676025,169305
4.836284875869751,168810
4.837284088134766,168571
4.853285312652588,168055
4.853285312652588,167418
4.860285520553589,165780
4.861285448074341,165221
4.863292217254639,164797
4.863292217254639,164587
4.869286298751831,163772
4.917269945144653,163540
4.963291883468628,162027
4.978296518325806,160586
4.983294486999512,159375
4.994296073913574,158539
4.9962944984436035,158364
5.00629448890686,158156
5.055278301239014,156718
7.03139328956604,156506
7.042394638061523,155033
7.045394659042358,154958
7.049412965774536,154631
7.050413131713867,154570
7.054415464401245,154493
7.066415071487427,154351
7.077415704727173,154206
7.078396558761597,154192
7.754455327987671,153720
7.762455701828003,153361
7.766437292098999,152848
7.771456956863403,152209
7.777461528778076,151891
7.809458255767822,151819
7.938469648361206,151709
7.970467567443848,149866
7.973469018936157,149349
7.987449407577515,148036
8.71352243423462,147750
8.737513303756714,147359
8.773514032363892,147311
8.777515172958374,147093
8.822517395019531,146280
8.844521045684814,145809
8.866501092910767,145780
8.88152551651001,145755
8.918523788452148,145511
8.92552399635315,145474
9.018531560897827,145060
10.186599016189575,144775
10.231580972671509,144320
11.005627632141113,144108
11.019628047943115,142669
11.054630994796753,142663
11.06964921951294,142419
11.071629524230957,142298
11.152635097503662,141209
11.297643423080444,140620
11.452670097351074,140521
11.486654281616211,140303
11.495660066604614,140002
11.661691427230835,139481
11.756674528121948,139390
11.786691665649414,139317
11.842676877975464,139312
11.883678913116455,139256
11.902681112289429,139179
11.92968201637268,139126
11.945683002471924,139109
12.088691473007202,138941
12.105691909790039,138388
12.268700122833252,138222
12.343724250793457,137992
13.228776693344116,137946
13.26977825164795,137696
13.278778076171875,137662
13.528790950775146,137307
15.588913440704346,137168
15.617895603179932,136679
16.71696186065674,136584
17.04897975921631,136447
17.91705346107483,136229
18.13406229019165,136212
51.50701355934143,136212
