4.39423680305481,168015
4.396265506744385,167844
4.399255990982056,166493
4.402266263961792,166347
4.408257007598877,166192
4.411256790161133,166167
4.4192564487457275,165949
4.420257091522217,165919
4.422242641448975,165217
4.42323899269104,165086
4.440239667892456,164824
4.4432384967803955,164640
5.451319932937622,164275
5.59230899810791,163735
5.593312740325928,163132
5.611308574676514,162461
5.666329622268677,160234
5.678311586380005,160102
5.682311296463013,160015
5.686311960220337,159768
5.722314119338989,159402
5.732314109802246,159396
7.6454572677612305,159233
7.682447910308838,158681
7.710448265075684,158612
7.714450359344482,157475
7.723431825637817,157395
7.804435729980469,157393
7.895441055297852,157374
8.309484958648682,157152
8.316484212875366,156748
8.934523105621338,155699
8.94252061843872,155606
8.994508028030396,155011
8.997524499893188,154449
9.001524448394775,154318
9.012524127960205,154120
9.088529825210571,153625
9.089529752731323,152968
9.098530292510986,152684
9.102530717849731,152477
9.123531818389893,152197
9.166534423828125,151977
9.179535388946533,151752
9.18251657485962,151724
9.21854543685913,151478
9.219545125961304,151234
9.225520849227905,150728
9.24253797531128,150260
9.245529174804688,150205
9.437550067901611,150052
9.456551551818848,149408
9.468554258346558,148663
9.468554258346558,148503
9.468554258346558,147988
9.473555564880371,147800
9.473555564880371,147773
9.55555772781372,146459
9.556557416915894,146182
9.557536840438843,145722
9.561538696289062,145559
9.594559669494629,145336
9.595542430877686,145329
9.664546966552734,144852
9.690547704696655,144749
9.834574222564697,144389
9.839554786682129,144290
9.84957504272461,143991
9.870574474334717,143763
10.300581455230713,143739
11.593659162521362,143714
11.721667051315308,143276
11.74366807937622,143140
11.74466872215271,143037
11.76366925239563,142958
11.7786705493927,142641
11.85367465019226,142453
12.093724012374878,142399
12.192712306976318,141745
12.195711851119995,141688
12.29971981048584,141161
12.304718494415283,140920
12.366724014282227,140836
12.372718811035156,139719
12.430725336074829,139641
12.72672414779663,139004
12.773728609085083,138903
13.163748979568481,138762
13.341785192489624,138558
13.354782104492188,138332
13.354782104492188,138103
13.370781421661377,137710
13.395772695541382,137617
13.420785903930664,137433
13.527790307998657,137357
13.637776613235474,137156
15.56790804862976,136988
15.603891849517822,136929
15.81192398071289,136745
15.818923473358154,136199
15.932929277420044,136130
16.098921537399292,136086
16.161928176879883,135902
16.261930465698242,135834
16.3609561920166,135671
19.163119077682495,135589
20.446195602416992,135520
21.330235242843628,135465
40.72838068008423,135194
53.16908812522888,135194
