0.007185935974121094,724874
0.0352320671081543,720409
0.06238222122192383,713635
0.0803670883178711,712991
0.08760190010070801,708639
0.14666295051574707,698017
0.17215323448181152,697698
0.18453717231750488,696463
0.19071102142333984,679101
0.24185919761657715,676332
0.24807095527648926,656896
0.5599250793457031,654854
0.564993143081665,645931
0.6362380981445312,640762
0.6396832466125488,633332
0.6611599922180176,616497
1.0505139827728271,613995
1.1409249305725098,613184
1.5625569820404053,612118
1.6013729572296143,612092
1.6173770427703857,608092
1.622197151184082,604798
1.6329360008239746,602839
1.6491179466247559,582714
2.977658271789551,579394
3.0973079204559326,579312
3.113171100616455,571991
3.287626028060913,570908
3.363223075866699,562402
3.3826260566711426,562021
3.3873910903930664,548368
3.394604206085205,545398
3.7814552783966064,542960
3.9105191230773926,541572
3.9302432537078857,541245
4.239711046218872,540213
4.3792901039123535,538613
4.524227142333984,534366
4.5266900062561035,530082
4.54193902015686,528631
4.547157049179077,526196
4.5530619621276855,519240
4.679322957992554,517974
4.696374177932739,517960
4.712680101394653,516608
4.728837251663208,516160
4.747415065765381,508428
4.754256963729858,507611
4.772660970687866,494557
4.781224012374878,492574
4.783663272857666,490777
4.788794994354248,482320
4.821630001068115,479164
4.8335559368133545,476674
4.900660037994385,476631
5.007283926010132,475816
5.059831142425537,475540
5.06570291519165,472700
5.165648937225342,471029
5.285938024520874,470411
5.292392015457153,464749
5.462138891220093,464357
5.4673779010772705,460883
5.570847988128662,457968
5.634516000747681,456300
5.903983116149902,455532
5.952463150024414,449174
5.971407890319824,446405
6.005323171615601,442926
6.017178297042847,438021
6.0803141593933105,432465
6.085417985916138,430137
6.0913779735565186,427851
6.128503084182739,426335
6.51007604598999,425909
6.519963026046753,422406
6.522398948669434,419794
6.5347700119018555,407891
7.227703094482422,407020
7.641427993774414,406816
7.657579183578491,403488
7.662383079528809,400838
7.691137075424194,400067
7.719951152801514,399530
7.75573205947876,399350
7.769806146621704,397070
7.778172016143799,396020
7.8298399448394775,395361
7.833258152008057,386376
7.841855049133301,386351
7.844308137893677,384432
7.8550920486450195,383539
7.860306978225708,383409
7.865025043487549,381194
8.010854005813599,380088
8.024602890014648,379581
8.070670127868652,378615
8.116972208023071,375143
8.128122091293335,371033
8.142903089523315,370465
8.147333145141602,366539
8.193453073501587,365634
8.33316707611084,365595
8.371759176254272,365124
8.489703893661499,364744
8.50075912475586,364635
8.5054030418396,362482
8.51136589050293,361894
8.515519142150879,361885
8.537050247192383,360290
8.559204816818237,354149
8.57023811340332,354028
8.572743892669678,353323
8.5953049659729,353018
8.703415155410767,352461
8.712804079055786,352446
8.933057069778442,352399
9.230823993682861,352069
9.271812200546265,352035
9.5465669631958,351414
9.556655883789062,351374
9.559911012649536,350750
9.574324131011963,348782
9.833117961883545,348039
9.839077949523926,347864
9.844197034835815,347307
10.822317123413086,345648
11.053333044052124,345610
11.062341928482056,344420
11.067364931106567,343902
11.072996139526367,342928
11.399823188781738,342823
12.055614948272705,341912
12.36565613746643,341243
12.383954048156738,341148
12.38878321647644,340680
12.391967058181763,339673
12.3973970413208,339347
12.419506072998047,338854
12.519967079162598,337857
12.524247169494629,336983
12.555526971817017,335910
12.559534072875977,334287
13.146223068237305,334182
13.173199892044067,333419
13.24697494506836,330263
13.38928484916687,328962
13.398264169692993,328312
13.418721199035645,325699
13.437817096710205,325499
13.449515104293823,323731
13.46825098991394,323532
13.792564153671265,322602
13.952754020690918,321295
14.051680088043213,320358
14.084910154342651,320351
14.1880042552948,319192
14.21563196182251,318424
14.219791173934937,315980
14.269551992416382,313602
14.275162935256958,310536
14.281360864639282,310144
14.28584098815918,309429
14.288263082504272,308236
14.444193124771118,307986
14.448914051055908,302537
14.551635980606079,302270
14.568461179733276,301116
16.16942310333252,300379
16.17482614517212,299330
16.179785013198853,299197
16.22917413711548,298934
16.2386691570282,298748
16.252641201019287,297796
16.262644052505493,297758
16.274166107177734,295182
16.483046054840088,295004
16.494302988052368,294017
16.767536878585815,293451
16.777785062789917,292179
16.790738105773926,292148
16.821887016296387,291551
16.867354154586792,291352
16.8716139793396,291331
17.1025710105896,289956
17.182575225830078,289640
17.18543004989624,288764
17.392681121826172,288219
17.398515939712524,287221
17.401206016540527,286727
17.54399800300598,286505
17.698127269744873,285724
17.701551914215088,284966
17.73532795906067,284916
17.740970134735107,284577
20.2098331451416,284417
21.460576057434082,283979
22.78318214416504,282382
22.79434609413147,281344
22.800174236297607,280410
22.960506916046143,279455
23.402456045150757,279249
24.26489019393921,279088
24.533627033233643,277659
24.92133617401123,277500
24.953411102294922,277320
25.08390712738037,277022
25.11095404624939,276481
25.1217999458313,268247
25.133438110351562,267105
25.13931703567505,267001
25.175888061523438,266131
25.178568124771118,258948
25.216218948364258,258393
25.221920013427734,257311
25.26712393760681,257202
25.273826122283936,255474
25.410675048828125,255119
25.41625714302063,254526
25.68947410583496,251534
26.10149097442627,251196
26.108794927597046,240824
26.129834175109863,237910
26.158327102661133,231256
26.225823163986206,229047
26.235620975494385,225051
26.726898908615112,222844
26.73969793319702,221683
26.794125080108643,220038
26.832298040390015,217794
26.835006952285767,216880
26.83854913711548,216665
26.852516174316406,215032
27.02297616004944,214417
27.03163504600525,212565
27.03791904449463,208894
27.157753229141235,207585
27.161264896392822,206241
27.164801120758057,204110
27.280179977416992,204051
27.291561126708984,202906
27.414215087890625,202556
27.64132785797119,202460
27.660789012908936,201245
27.983568906784058,201012
28.074294090270996,198277
28.459496021270752,196801
28.909183979034424,196341
28.961772203445435,195133
29.17960000038147,194054
29.24438214302063,193727
29.252840995788574,193021
29.26888108253479,192283
29.280935049057007,191882
29.291055917739868,188161
29.60559320449829,187940
29.613199949264526,184254
35.67525315284729,184125
35.687175989151,183460
36.3776159286499,180908
37.96523904800415,180307
38.353471994400024,180116
38.42184495925903,179730
39.329694986343384,179649
39.859477043151855,179434
40.10147523880005,177187
40.1970751285553,176265
40.30727005004883,175993
40.65541410446167,175762
41.93578600883484,175496
42.468632221221924,175398
43.17372703552246,174826
43.18051624298096,174481
43.27650809288025,174100
43.287960052490234,173419
43.75497817993164,173244
44.724966049194336,173155
47.37568211555481,172838
47.71342897415161,172375
51.827333211898804,171511
51.86304998397827,170632
52.18656516075134,170630
52.68042492866516,169916
53.04263615608215,169456
55.428587198257446,168781
56.515929222106934,166898
57.73588418960571,166791
57.74970006942749,166586
58.75416088104248,166581
58.7580349445343,166217
59.411065101623535,165548
59.46047496795654,163920
59.52161526679993,163901
59.606006145477295,163417
59.72718906402588,163070
60.57934808731079,162726
60.64915895462036,161443
60.652058839797974,160204
60.66055512428284,158597
60.699342250823975,158411
71.85977721214294,157487
73.06136512756348,157360
73.62834405899048,157357
73.63520407676697,156499
74.8891351222992,156245
75.27880096435547,156080
76.8253960609436,155154
81.21641802787781,155020
81.60600924491882,154984
81.63056802749634,154422
85.3889811038971,154290
85.6582510471344,153799
86.10661602020264,152757
86.8105800151825,151898
91.38627195358276,151595
91.4528501033783,150378
103.72253799438477,149722
114.67428302764893,149531
424.8988630771637,149361
430.25710225105286,149170
430.38788890838623,149095
441.9938111305237,148137
442.4399528503418,148032
461.06003618240356,147684
461.25002098083496,147500
