0.7600452899932861,692495
0.7600452899932861,691453
0.7620458602905273,690733
0.7630465030670166,690146
0.7630465030670166,687269
0.7820477485656738,687093
0.8320503234863281,685531
0.883070707321167,684968
0.8850734233856201,682102
0.8860535621643066,681932
0.8980712890625,681929
0.8980712890625,679063
0.9700629711151123,676643
0.9720711708068848,676473
0.9830782413482666,676294
0.9840843677520752,673428
9.491554498672485,672099
9.497556924819946,671929
9.527556657791138,669060
9.75558853149414,666640
9.759588479995728,666470
9.788590431213379,663425
23.201375246047974,662767
23.205376386642456,659731
38.366262674331665,657449
39.9563422203064,657279
49.69890761375427,656941
49.70190691947937,654648
87.02710795402527,653993
88.16217422485352,653555
88.16617441177368,653385
88.18217515945435,651103
88.18817615509033,651092
88.35218548774719,650651
88.36016726493835,648358
271.4498932361603,647709
317.3375771045685,646138
411.38408517837524,644379
