6.067336082458496,160641
6.068336486816406,160035
6.702392339706421,159676
6.710393905639648,158847
6.741375207901001,158687
6.753397703170776,158464
6.753397703170776,157826
6.7543981075286865,157786
6.788398027420044,157285
6.815380573272705,156333
6.869406461715698,155092
7.060395002365112,154260
7.063414096832275,154050
7.100419521331787,154018
7.139416694641113,153618
7.163400411605835,153413
7.175403833389282,153238
7.238424301147461,153072
7.27640700340271,151833
7.277407646179199,151249
7.277407646179199,150135
7.3054304122924805,149659
8.629505395889282,148821
8.655507326126099,147665
8.667488813400269,147218
8.760513067245483,146904
8.766495943069458,146527
8.83051586151123,146487
8.888524770736694,146390
9.067512035369873,146361
9.155516386032104,146318
9.233521461486816,145243
9.245522260665894,144650
9.251521825790405,144386
9.256522178649902,144150
9.264523267745972,143985
10.867619276046753,143979
10.886620283126831,143780
11.011626243591309,143588
11.013626098632812,143325
11.02262568473816,142836
11.042628049850464,142768
11.097630500793457,142205
11.112631797790527,142073
11.207660436630249,141955
11.246652603149414,141840
11.268660306930542,140908
11.292661428451538,140856
11.312660694122314,139929
11.317643404006958,139703
11.405667543411255,139508
11.410650968551636,139198
11.505678176879883,138318
11.54768419265747,137850
11.558680534362793,137837
12.85276460647583,137611
13.04676604270935,137312
13.139750719070435,137040
13.22877836227417,137027
13.351783275604248,136839
13.633798837661743,136838
13.642799139022827,135894
13.659799337387085,135062
13.742805004119873,135045
16.20295214653015,134989
18.609246492385864,134866
18.66454815864563,134816
18.767634630203247,134433
19.58769416809082,134416
20.46909761428833,134334
20.62012028694153,134301
20.714183807373047,134284
50.41673493385315,134284
