3.854252576828003,164844
3.860252857208252,164583
4.028262376785278,163137
4.033254623413086,162999
4.050236463546753,162565
4.106258869171143,162370
4.111239910125732,162201
4.143261432647705,161210
4.162243604660034,160870
4.166270971298218,160522
4.173243999481201,160377
4.361274480819702,159129
4.366284370422363,158425
4.370274305343628,156473
4.378275156021118,155830
4.431286334991455,155658
4.5362842082977295,155470
4.5442845821380615,155153
4.559281349182129,154862
4.580294847488403,154543
4.6002960205078125,154356
4.651300668716431,154065
4.652300834655762,153952
4.831302642822266,153145
4.847310304641724,152825
4.888312816619873,152786
4.890313386917114,152312
4.894313812255859,152228
4.9403157234191895,151278
5.081324100494385,149472
5.26931095123291,149319
5.31132960319519,149302
5.317329168319702,148516
5.524349927902222,148028
5.533350467681885,147646
5.540351152420044,147618
5.546350955963135,147399
5.569353103637695,147245
5.573353052139282,147225
5.590353965759277,146416
5.847370624542236,146123
6.261368036270142,145249
6.266368389129639,145218
6.295369863510132,145148
6.303370952606201,144580
6.325373411178589,143874
6.330372095108032,143450
6.33637261390686,143366
6.3763747215271,142853
6.407376766204834,142219
6.938432693481445,141127
8.071492671966553,141088
8.094491958618164,140810
8.422509670257568,140520
8.461514234542847,140336
9.004528760910034,140313
9.026529788970947,140287
10.378626108169556,140084
10.558618307113647,140075
10.559634923934937,139626
10.884655714035034,139527
10.998642683029175,139292
11.049674034118652,139082
11.62169861793518,138952
11.729684591293335,138824
12.040707111358643,138689
12.099726676940918,138041
12.104726314544678,137815
12.22171425819397,137631
12.777774095535278,137534
12.92978549003601,137071
14.25485110282898,136921
14.350857973098755,136359
25.80151057243347,135514
27.651620388031006,135411
28.1496479511261,135227
33.6159930229187,135124
36.3091242313385,135046
36.42813181877136,134918
39.696348428726196,134751
40.0843710899353,134748
