0.010020017623901367,164585
6.366393089294434,164016
6.369393587112427,163968
6.3803932666778564,163470
6.510384559631348,162770
6.526382684707642,161788
6.5284013748168945,161077
6.53338360786438,160566
6.539402484893799,159681
6.660393238067627,159651
6.676393270492554,159154
6.678393125534058,158740
6.687411546707153,158028
6.782397985458374,157171
6.788417339324951,156457
6.791417598724365,156231
6.793417453765869,155547
6.798400640487671,155210
6.806398391723633,153489
6.8114001750946045,153479
6.812399864196777,153109
7.056420803070068,153096
7.069414854049683,152949
7.082435131072998,152624
7.4024364948272705,152516
7.405435800552368,152335
7.409435987472534,151686
7.468441009521484,150630
7.473457098007202,150285
7.800458192825317,150149
7.806457281112671,149256
8.245502471923828,148649
8.268515586853027,148352
8.272487878799438,148174
8.296505689620972,148085
8.299505710601807,147623
8.303505659103394,147604
8.315506935119629,147475
8.328507423400879,147232
8.3355073928833,147084
8.349511861801147,146956
8.355488777160645,146841
8.3565092086792,146114
8.35750937461853,145963
9.173539161682129,145786
9.179539680480957,145039
9.218541622161865,144967
9.218541622161865,144313
10.19161605834961,143959
10.193617820739746,143236
10.301623582839966,143074
10.392635822296143,142988
10.410632610321045,142703
10.43861174583435,142351
10.591639280319214,142200
10.596640348434448,142113
10.636625051498413,141901
11.210677146911621,141782
12.04670524597168,141509
12.06670618057251,141263
12.068706274032593,140978
12.086707353591919,140416
12.112709283828735,140372
12.12971019744873,140322
12.916775465011597,139882
12.951778650283813,139549
13.189791440963745,139191
13.428805589675903,139187
13.48680830001831,139129
13.49081039428711,138946
13.770825624465942,138781
13.82382845878601,138565
13.829829454421997,138319
13.844829559326172,138128
15.28889513015747,137944
15.420921564102173,137932
15.469926357269287,137876
15.78694462776184,137553
15.91495132446289,137524
16.081960439682007,137331
16.898990154266357,137322
16.938010454177856,137272
21.51127791404724,136894
25.12749147415161,136889
25.882537364959717,136839
28.440683126449585,136538
54.603198766708374,136538
