0.014996528625488281,166955
4.8802618980407715,166754
4.916264772415161,166331
4.919264316558838,166329
4.920264482498169,165855
4.936264991760254,165651
4.949266195297241,165415
5.117294788360596,164967
5.584303379058838,163858
5.595304489135742,162825
5.598323822021484,162515
5.60132360458374,161425
5.680310010910034,161315
5.690332412719727,161252
5.810334920883179,161142
5.814316987991333,160723
5.815337181091309,160694
5.829320192337036,159427
5.836318731307983,158983
5.836318731307983,158904
5.8443427085876465,158715
5.84933876991272,157759
6.183337926864624,157478
6.8743979930877686,157106
7.757448434829712,156444
7.8494532108306885,156014
7.8614537715911865,155275
7.866458177566528,154866
7.874437093734741,154839
7.875439167022705,154566
7.980462551116943,154438
7.9874632358551025,153882
8.195474624633789,153687
8.300462007522583,153672
8.66148328781128,153153
8.80549144744873,153096
8.816492557525635,152741
8.832512140274048,152467
8.841501474380493,152362
8.851513862609863,151197
8.852513551712036,150631
9.507533073425293,150235
9.546554327011108,150190
9.564536571502686,150059
9.56955599784851,149632
9.599539279937744,148256
10.153570175170898,147937
10.161589622497559,147780
10.178592681884766,147434
10.363602876663208,147378
10.449587345123291,146331
10.461614847183228,146311
10.466623544692993,146201
10.47160530090332,145911
10.487590312957764,145842
10.503591060638428,145830
10.73362421989441,145685
10.739606857299805,144719
10.745625734329224,144536
10.757625102996826,144455
10.819610118865967,144448
10.822629928588867,143882
11.309657335281372,143625
11.312657356262207,143600
11.320638418197632,142969
11.54067063331604,142410
11.550672769546509,142091
11.556672811508179,141619
11.56267237663269,141536
11.577655792236328,141113
11.78368330001831,141073
12.737748861312866,140754
12.76072382926941,140289
13.199748516082764,140271
13.213749408721924,140161
13.24975299835205,139669
13.888788938522339,139589
13.92781376838684,139586
14.319815635681152,139467
14.322815418243408,139425
14.327815532684326,139241
15.12787938117981,139197
15.952932596206665,139142
15.974946022033691,138951
16.18594241142273,138777
16.211944103240967,138241
18.184040069580078,138213
18.193041563034058,137677
19.22712016105652,137674
21.580257177352905,137604
22.170274257659912,137501
51.12396693229675,137501
