3.654514789581299,160643
3.654514789581299,160487
3.685765266418457,160406
3.685765266418457,160092
3.732640027999878,159858
3.732640027999878,159766
3.732640027999878,159539
3.748265027999878,159181
3.748265027999878,159172
3.748265027999878,158749
3.763890266418457,157121
3.763890266418457,154872
3.779514789581299,153289
3.7951395511627197,152633
3.826390266418457,152451
3.826390266418457,151860
3.826390266418457,151065
3.842015266418457,150251
3.8888907432556152,149951
3.8888907432556152,149615
3.920140504837036,149404
3.9357657432556152,148849
3.9357657432556152,148508
3.9513907432556152,147944
3.9513907432556152,147669
3.9513907432556152,147270
3.967015266418457,147117
3.967015266418457,146052
3.967015266418457,145829
3.9826409816741943,145109
3.9982662200927734,144961
3.9982662200927734,144788
4.013890981674194,144321
4.013890981674194,144066
4.138918399810791,143703
4.951421737670898,142361
5.217046737670898,142278
5.2326719760894775,141493
5.2326719760894775,141166
5.421372175216675,140204
5.436997413635254,140106
5.515122652053833,139664
6.5834527015686035,139409
6.6940388679504395,139069
9.086266279220581,139008
9.086266279220581,138617
9.14876675605774,138567
9.16439151763916,138173
9.22689151763916,138125
9.25814151763916,137907
9.28939151763916,137804
9.414392232894897,137585
9.523767471313477,137214
9.648767948150635,137197
11.06061315536499,137181
12.48207426071167,137102
12.57582402229309,136999
12.57582402229309,136979
12.685199737548828,136767
12.794574737548828,136746
19.318947553634644,136719
21.471538543701172,136491
22.638940572738647,136443
