5.388296127319336,169316
5.388296127319336,168527
5.390315532684326,167771
5.3983190059661865,166573
5.399319410324097,166310
5.4032979011535645,165417
5.4032979011535645,165114
5.406296968460083,164328
5.408329963684082,163547
5.412334680557251,162649
5.423300504684448,161981
5.43231725692749,161733
5.45531964302063,161501
5.482321262359619,159971
5.606312036514282,158929
5.608311653137207,158337
5.632329225540161,157882
5.917345762252808,157136
5.922346591949463,156751
5.924346208572388,156648
6.784406661987305,156434
6.913403511047363,155997
7.17241907119751,155781
7.258423805236816,154921
7.2594170570373535,154720
7.706450700759888,154648
7.730432510375977,154437
7.742433309555054,153524
7.744452714920044,152416
7.746434211730957,152295
7.762437105178833,152153
7.766454696655273,151421
7.769454717636108,151349
7.783438205718994,149411
8.265484094619751,149333
8.426494836807251,149194
8.437493562698364,147312
8.482494354248047,147026
8.48949909210205,146976
8.495479345321655,146677
8.496479272842407,146531
8.85951828956604,146313
8.869518041610718,146125
8.87149953842163,145597
9.003507852554321,145502
9.011528253555298,144181
9.016531467437744,143782
9.0175142288208,143225
9.061529874801636,142507
9.08153247833252,142270
9.096535921096802,141906
10.656604051589966,141853
10.918621301651001,141469
10.941622018814087,140461
10.956623554229736,140406
10.98062515258789,140377
10.984624862670898,140205
11.074639320373535,139922
11.114649534225464,139793
11.170655012130737,139392
11.244638681411743,139236
11.26264238357544,139088
11.48765230178833,138933
11.499653339385986,138909
11.537654876708984,138605
11.893678188323975,138321
12.250697374343872,138152
12.251697301864624,137391
12.289716482162476,137226
12.592740058898926,136511
12.624722003936768,136285
12.64073920249939,136257
12.713743448257446,136147
12.715726375579834,136001
13.847790479660034,135760
13.898814678192139,135721
13.902812957763672,135333
19.403117656707764,135309
19.4761221408844,135290
19.4901225566864,135211
19.628130435943604,135137
19.635131359100342,135026
19.652132034301758,134788
19.69313406944275,134769
19.970149755477905,134690
20.17016053199768,134635
20.60620093345642,134462
21.305230140686035,134438
23.609381198883057,134435
53.28111720085144,134435
